Log file open, 11/23/20 19:34:17
LogWindows: Failed to load 'aqProf.dll' (GetLastError=126)
LogWindows: File 'aqProf.dll' does not exist
LogWindows: Failed to load 'VtuneApi.dll' (GetLastError=126)
LogWindows: File 'VtuneApi.dll' does not exist
LogWindows: Failed to load 'VtuneApi32e.dll' (GetLastError=126)
LogWindows: File 'VtuneApi32e.dll' does not exist
LogConsoleResponse: Display: Failed to find resolution value strings in scalability ini. Falling back to default.
LogInit: Display: Running engine for game: MyProject
LogPakFile: Registered encryption key '00000000000000000000000000000000': 0 pak files mounted, 0 remain pending
LogPlatformFile: Not using cached read wrapper
LogTaskGraph: Started task graph with 5 named threads and 47 total threads with 3 sets of task threads.
LogStats: Stats thread started at 0.619438
LogD3D11RHI: Loaded GFSDK_Aftermath_Lib.x64.dll
LogICUInternationalization: ICU TimeZone Detection - Raw Offset: +0:00, Platform Override: ''
LogPluginManager: Mounting plugin Paper2D
LogPluginManager: Mounting plugin AISupport
LogPluginManager: Mounting plugin LightPropagationVolume
LogPluginManager: Mounting plugin ActorLayerUtilities
LogPluginManager: Mounting plugin AnimationSharing
LogPluginManager: Mounting plugin CLionSourceCodeAccess
LogPluginManager: Mounting plugin CodeLiteSourceCodeAccess
LogPluginManager: Mounting plugin GitSourceControl
LogPluginManager: Mounting plugin KDevelopSourceCodeAccess
LogPluginManager: Mounting plugin NullSourceCodeAccess
LogPluginManager: Mounting plugin PerforceSourceControl
LogPluginManager: Mounting plugin SubversionSourceControl
LogPluginManager: Mounting plugin UObjectPlugin
LogPluginManager: Mounting plugin VisualStudioCodeSourceCodeAccess
LogPluginManager: Mounting plugin VisualStudioSourceCodeAccess
LogPluginManager: Mounting plugin XCodeSourceCodeAccess
LogPluginManager: Mounting plugin AssetManagerEditor
LogPluginManager: Mounting plugin CryptoKeys
LogPluginManager: Mounting plugin DataValidation
LogPluginManager: Mounting plugin FacialAnimation
LogPluginManager: Mounting plugin GameplayTagsEditor
LogPluginManager: Mounting plugin MacGraphicsSwitching
LogPluginManager: Mounting plugin MaterialAnalyzer
LogPluginManager: Mounting plugin MobileLauncherProfileWizard
LogPluginManager: Mounting plugin PluginBrowser
LogPluginManager: Mounting plugin SpeedTreeImporter
LogPluginManager: Mounting plugin DatasmithContent
LogPluginManager: Mounting plugin VariantManagerContent
LogPluginManager: Mounting plugin AlembicImporter
LogPluginManager: Mounting plugin AppleImageUtils
LogPluginManager: Mounting plugin AppleVision
LogPluginManager: Mounting plugin BackChannel
LogPluginManager: Mounting plugin CharacterAI
LogPluginManager: Mounting plugin GeometryCache
LogPluginManager: Mounting plugin HTML5Networking
LogPluginManager: Mounting plugin ProxyLODPlugin
LogPluginManager: Mounting plugin SkeletalReduction
LogPluginManager: Mounting plugin MagicLeap
LogPluginManager: Mounting plugin MagicLeapMedia
LogPluginManager: Mounting plugin AndroidMedia
LogPluginManager: Mounting plugin AvfMedia
LogPluginManager: Mounting plugin ImgMedia
LogPluginManager: Mounting plugin LinearTimecode
LogPluginManager: Mounting plugin MediaCompositing
LogPluginManager: Mounting plugin MediaPlayerEditor
LogPluginManager: Mounting plugin WebMMedia
LogPluginManager: Mounting plugin WmfMedia
LogPluginManager: Mounting plugin TcpMessaging
LogPluginManager: Mounting plugin UdpMessaging
LogPluginManager: Mounting plugin ActorSequence
LogPluginManager: Mounting plugin LevelSequenceEditor
LogPluginManager: Mounting plugin MatineeToLevelSequence
LogPluginManager: Mounting plugin NetcodeUnitTest
LogPluginManager: Mounting plugin NUTUnrealEngine4
LogPluginManager: Mounting plugin OnlineSubsystemGooglePlay
LogPluginManager: Mounting plugin OnlineSubsystemIOS
LogPluginManager: Mounting plugin OnlineSubsystem
LogPluginManager: Mounting plugin OnlineSubsystemNull
LogPluginManager: Mounting plugin OnlineSubsystemUtils
LogPluginManager: Mounting plugin LauncherChunkInstaller
LogPluginManager: Mounting plugin AndroidDeviceProfileSelector
LogPluginManager: Mounting plugin AndroidMoviePlayer
LogPluginManager: Mounting plugin AndroidPermission
LogPluginManager: Mounting plugin AppleMoviePlayer
LogPluginManager: Mounting plugin ArchVisCharacter
LogPluginManager: Mounting plugin AudioCapture
LogPluginManager: Mounting plugin CableComponent
LogPluginManager: Mounting plugin CustomMeshComponent
LogPluginManager: Mounting plugin EditableMesh
LogPluginManager: Mounting plugin ExampleDeviceProfileSelector
LogPluginManager: Mounting plugin Firebase
LogPluginManager: Mounting plugin GoogleCloudMessaging
LogPluginManager: Mounting plugin IOSDeviceProfileSelector
LogPluginManager: Mounting plugin LinuxDeviceProfileSelector
LogPluginManager: Mounting plugin LocationServicesBPLibrary
LogPluginManager: Mounting plugin MobilePatchingUtils
LogPluginManager: Mounting plugin OculusVR
LogPluginManager: Mounting plugin PhysXVehicles
LogPluginManager: Mounting plugin ProceduralMeshComponent
LogPluginManager: Mounting plugin RuntimePhysXCooking
LogPluginManager: Mounting plugin SignificanceManager
LogPluginManager: Mounting plugin SteamVR
LogPluginManager: Mounting plugin WebMMoviePlayer
LogPluginManager: Mounting plugin WindowsMoviePlayer
LogInit: Using libcurl 7.55.1-DEV
LogInit:  - built for x86_64-pc-win32
LogInit:  - supports SSL with OpenSSL/1.1.1
LogInit:  - supports HTTP deflate (compression) using libz 1.2.8
LogInit:  - other features:
LogInit:      CURL_VERSION_SSL
LogInit:      CURL_VERSION_LIBZ
LogInit:      CURL_VERSION_IPV6
LogInit:      CURL_VERSION_ASYNCHDNS
LogInit:      CURL_VERSION_LARGEFILE
LogInit:      CURL_VERSION_IDN
LogInit:  CurlRequestOptions (configurable via config and command line):
LogInit:  - bVerifyPeer = true  - Libcurl will verify peer certificate
LogInit:  - bUseHttpProxy = false  - Libcurl will NOT use HTTP proxy
LogInit:  - bDontReuseConnections = false  - Libcurl will reuse connections
LogInit:  - MaxHostConnections = 16  - Libcurl will limit the number of connections to a host
LogInit:  - LocalHostAddr = Default
LogInit:  - BufferSize = 65536
LogInit: WinSock: version 1.1 (2.2), MaxSocks=32767, MaxUdp=65467
LogHMD: Failed initializing OVRPlugin 1.32.0
LogInit: Build: ++UE4+Release-4.22-CL-7053642
LogInit: Engine Version: 4.22.3-7053642+++UE4+Release-4.22
LogInit: Compatible Engine Version: 4.22.0-5660361+++UE4+Release-4.22
LogInit: Net CL: 5660361
LogInit: OS: Windows 10 (Release 1903) (), CPU: Intel(R) Core(TM) i9-9900K CPU @ 3.60GHz, GPU: NVIDIA GeForce RTX 2080
LogInit: Compiled (64-bit): Jun 18 2019 03:09:11
LogInit: Compiled with Visual C++: 19.16.27025.01
LogInit: Build Configuration: Development
LogInit: Branch Name: ++UE4+Release-4.22
LogInit: Command Line:  -skipcompile
LogInit: Base Directory: C:/UE_4.22/UE_4.22/Engine/Binaries/Win64/
LogInit: Installed Engine Build: 1
LogDevObjectVersion: Number of dev versions registered: 23
LogDevObjectVersion:   Dev-Blueprints (B0D832E4-1F89-4F0D-ACCF-7EB736FD4AA2): 10
LogDevObjectVersion:   Dev-Build (E1C64328-A22C-4D53-A36C-8E866417BD8C): 0
LogDevObjectVersion:   Dev-Core (375EC13C-06E4-48FB-B500-84F0262A717E): 3
LogDevObjectVersion:   Dev-Editor (E4B068ED-F494-42E9-A231-DA0B2E46BB41): 30
LogDevObjectVersion:   Dev-Framework (CFFC743F-43B0-4480-9391-14DF171D2073): 35
LogDevObjectVersion:   Dev-Mobile (B02B49B5-BB20-44E9-A304-32B752E40360): 2
LogDevObjectVersion:   Dev-Networking (A4E4105C-59A1-49B5-A7C5-40C4547EDFEE): 0
LogDevObjectVersion:   Dev-Online (39C831C9-5AE6-47DC-9A44-9C173E1C8E7C): 0
LogDevObjectVersion:   Dev-Physics (78F01B33-EBEA-4F98-B9B4-84EACCB95AA2): 0
LogDevObjectVersion:   Dev-Platform (6631380F-2D4D-43E0-8009-CF276956A95A): 0
LogDevObjectVersion:   Dev-Rendering (12F88B9F-8875-4AFC-A67C-D90C383ABD29): 28
LogDevObjectVersion:   Dev-Sequencer (7B5AE74C-D270-4C10-A958-57980B212A5A): 11
LogDevObjectVersion:   Dev-VR (D7296918-1DD6-4BDD-9DE2-64A83CC13884): 2
LogDevObjectVersion:   Dev-LoadTimes (C2A15278-BFE7-4AFE-6C17-90FF531DF755): 1
LogDevObjectVersion:   Private-Geometry (6EACA3D4-40EC-4CC1-B786-8BED09428FC5): 3
LogDevObjectVersion:   Dev-AnimPhys (29E575DD-E0A3-4627-9D10-D276232CDCEA): 17
LogDevObjectVersion:   Dev-Anim (AF43A65D-7FD3-4947-9873-3E8ED9C1BB05): 2
LogDevObjectVersion:   Dev-ReflectionCapture (6B266CEC-1EC7-4B8F-A30B-E4D90942FC07): 1
LogDevObjectVersion:   Dev-Automation (0DF73D61-A23F-47EA-B727-89E90C41499A): 1
LogDevObjectVersion:   FortniteMain (601D1886-AC64-4F84-AA16-D3DE0DEAC7D6): 25
LogDevObjectVersion:   Dev-Enterprise (9DFFBCD6-494F-0158-E221-12823C92A888): 6
LogDevObjectVersion:   Dev-Niagara (F2AED0AC-9AFE-416F-8664-AA7FFA26D6FC): 1
LogDevObjectVersion:   Dev-Destruction (174F1F0B-B4C6-45A5-B13F-2EE8D0FB917D): 2
LogInit: Presizing for max 16777216 objects, including 0 objects not considered by GC, pre-allocating 0 bytes for permanent pool.
LogInit: Object subsystem initialized
LogConfig: Setting CVar [[con.DebugEarlyDefault:1]]
LogConfig: Setting CVar [[r.setres:1280x720]]
[2020.11.23-19.34.18:494][  0]LogConfig: Setting CVar [[r.VSync:0]]
[2020.11.23-19.34.18:494][  0]LogConfig: Setting CVar [[r.RHICmdBypass:0]]
[2020.11.23-19.34.18:494][  0]LogConfig: Applying CVar settings from Section [/Script/Engine.RendererSettings] File [C:/Users/1804824/Desktop/UnrealYouTubeRepo/UnrealAnimationPracticeVids/MyProject/Saved/Config/Windows/Engine.ini]
[2020.11.23-19.34.18:494][  0]LogConfig: Setting CVar [[r.GPUCrashDebugging:0]]
[2020.11.23-19.34.18:494][  0]LogConfig: Applying CVar settings from Section [/Script/Engine.RendererOverrideSettings] File [C:/Users/1804824/Desktop/UnrealYouTubeRepo/UnrealAnimationPracticeVids/MyProject/Saved/Config/Windows/Engine.ini]
[2020.11.23-19.34.18:494][  0]LogConfig: Applying CVar settings from Section [/Script/Engine.StreamingSettings] File [C:/Users/1804824/Desktop/UnrealYouTubeRepo/UnrealAnimationPracticeVids/MyProject/Saved/Config/Windows/Engine.ini]
[2020.11.23-19.34.18:494][  0]LogConfig: Setting CVar [[s.MinBulkDataSizeForAsyncLoading:131072]]
[2020.11.23-19.34.18:494][  0]LogConfig: Setting CVar [[s.AsyncLoadingThreadEnabled:0]]
[2020.11.23-19.34.18:494][  0]LogConfig: Setting CVar [[s.EventDrivenLoaderEnabled:1]]
[2020.11.23-19.34.18:494][  0]LogConfig: Setting CVar [[s.WarnIfTimeLimitExceeded:0]]
[2020.11.23-19.34.18:494][  0]LogConfig: Setting CVar [[s.TimeLimitExceededMultiplier:1.5]]
[2020.11.23-19.34.18:496][  0]LogConfig: Setting CVar [[s.TimeLimitExceededMinTime:0.005]]
[2020.11.23-19.34.18:496][  0]LogConfig: Setting CVar [[s.UseBackgroundLevelStreaming:1]]
[2020.11.23-19.34.18:496][  0]LogConfig: Setting CVar [[s.PriorityAsyncLoadingExtraTime:15.0]]
[2020.11.23-19.34.18:496][  0]LogConfig: Setting CVar [[s.LevelStreamingActorsUpdateTimeLimit:5.0]]
[2020.11.23-19.34.18:496][  0]LogConfig: Setting CVar [[s.PriorityLevelStreamingActorsUpdateExtraTime:5.0]]
[2020.11.23-19.34.18:496][  0]LogConfig: Setting CVar [[s.LevelStreamingComponentsRegistrationGranularity:10]]
[2020.11.23-19.34.18:496][  0]LogConfig: Setting CVar [[s.UnregisterComponentsTimeLimit:1.0]]
[2020.11.23-19.34.18:496][  0]LogConfig: Setting CVar [[s.LevelStreamingComponentsUnregistrationGranularity:5]]
[2020.11.23-19.34.18:496][  0]LogConfig: Applying CVar settings from Section [/Script/Engine.GarbageCollectionSettings] File [C:/Users/1804824/Desktop/UnrealYouTubeRepo/UnrealAnimationPracticeVids/MyProject/Saved/Config/Windows/Engine.ini]
[2020.11.23-19.34.18:496][  0]LogConfig: Setting CVar [[gc.MaxObjectsNotConsideredByGC:1]]
[2020.11.23-19.34.18:496][  0]LogConfig: Setting CVar [[gc.SizeOfPermanentObjectPool:0]]
[2020.11.23-19.34.18:496][  0]LogConfig: Setting CVar [[gc.FlushStreamingOnGC:0]]
[2020.11.23-19.34.18:496][  0]LogConfig: Setting CVar [[gc.NumRetriesBeforeForcingGC:10]]
[2020.11.23-19.34.18:496][  0]LogConfig: Setting CVar [[gc.AllowParallelGC:1]]
[2020.11.23-19.34.18:496][  0]LogConfig: Setting CVar [[gc.TimeBetweenPurgingPendingKillObjects:61.1]]
[2020.11.23-19.34.18:496][  0]LogConfig: Setting CVar [[gc.MaxObjectsInEditor:16777216]]
[2020.11.23-19.34.18:496][  0]LogConfig: Setting CVar [[gc.IncrementalBeginDestroyEnabled:1]]
[2020.11.23-19.34.18:496][  0]LogConfig: Setting CVar [[gc.CreateGCClusters:1]]
[2020.11.23-19.34.18:496][  0]LogConfig: Setting CVar [[gc.MinGCClusterSize:5]]
[2020.11.23-19.34.18:496][  0]LogConfig: Setting CVar [[gc.ActorClusteringEnabled:0]]
[2020.11.23-19.34.18:496][  0]LogConfig: Setting CVar [[gc.BlueprintClusteringEnabled:0]]
[2020.11.23-19.34.18:496][  0]LogConfig: Setting CVar [[gc.UseDisregardForGCOnDedicatedServers:0]]
[2020.11.23-19.34.18:496][  0]LogConfig: Applying CVar settings from Section [/Script/Engine.NetworkSettings] File [C:/Users/1804824/Desktop/UnrealYouTubeRepo/UnrealAnimationPracticeVids/MyProject/Saved/Config/Windows/Engine.ini]
[2020.11.23-19.34.18:496][  0]LogConfig: Applying CVar settings from Section [/Script/UnrealEd.CookerSettings] File [C:/Users/1804824/Desktop/UnrealYouTubeRepo/UnrealAnimationPracticeVids/MyProject/Saved/Config/Windows/Engine.ini]
[2020.11.23-19.34.18:502][  0]LogConfig: Applying CVar settings from Section [ViewDistanceQuality@3] File [C:/Users/1804824/Desktop/UnrealYouTubeRepo/UnrealAnimationPracticeVids/MyProject/Saved/Config/Windows/Scalability.ini]
[2020.11.23-19.34.18:502][  0]LogConfig: Setting CVar [[r.SkeletalMeshLODBias:0]]
[2020.11.23-19.34.18:502][  0]LogConfig: Setting CVar [[r.ViewDistanceScale:1.0]]
[2020.11.23-19.34.18:502][  0]LogConfig: Applying CVar settings from Section [AntiAliasingQuality@3] File [C:/Users/1804824/Desktop/UnrealYouTubeRepo/UnrealAnimationPracticeVids/MyProject/Saved/Config/Windows/Scalability.ini]
[2020.11.23-19.34.18:502][  0]LogConfig: Setting CVar [[r.PostProcessAAQuality:4]]
[2020.11.23-19.34.18:502][  0]LogConfig: Applying CVar settings from Section [ShadowQuality@3] File [C:/Users/1804824/Desktop/UnrealYouTubeRepo/UnrealAnimationPracticeVids/MyProject/Saved/Config/Windows/Scalability.ini]
[2020.11.23-19.34.18:502][  0]LogConfig: Setting CVar [[r.LightFunctionQuality:1]]
[2020.11.23-19.34.18:502][  0]LogConfig: Setting CVar [[r.ShadowQuality:5]]
[2020.11.23-19.34.18:502][  0]LogConfig: Setting CVar [[r.Shadow.CSM.MaxCascades:10]]
[2020.11.23-19.34.18:502][  0]LogConfig: Setting CVar [[r.Shadow.MaxResolution:2048]]
[2020.11.23-19.34.18:502][  0]LogConfig: Setting CVar [[r.Shadow.MaxCSMResolution:2048]]
[2020.11.23-19.34.18:502][  0]LogConfig: Setting CVar [[r.Shadow.RadiusThreshold:0.01]]
[2020.11.23-19.34.18:503][  0]LogConfig: Setting CVar [[r.Shadow.DistanceScale:1.0]]
[2020.11.23-19.34.18:503][  0]LogConfig: Setting CVar [[r.Shadow.CSM.TransitionScale:1.0]]
[2020.11.23-19.34.18:503][  0]LogConfig: Setting CVar [[r.Shadow.PreShadowResolutionFactor:1.0]]
[2020.11.23-19.34.18:503][  0]LogConfig: Setting CVar [[r.DistanceFieldShadowing:1]]
[2020.11.23-19.34.18:503][  0]LogConfig: Setting CVar [[r.DistanceFieldAO:1]]
[2020.11.23-19.34.18:503][  0]LogConfig: Setting CVar [[r.AOQuality:2]]
[2020.11.23-19.34.18:503][  0]LogConfig: Setting CVar [[r.VolumetricFog:1]]
[2020.11.23-19.34.18:503][  0]LogConfig: Setting CVar [[r.VolumetricFog.GridPixelSize:8]]
[2020.11.23-19.34.18:503][  0]LogConfig: Setting CVar [[r.VolumetricFog.GridSizeZ:128]]
[2020.11.23-19.34.18:503][  0]LogConfig: Setting CVar [[r.VolumetricFog.HistoryMissSupersampleCount:4]]
[2020.11.23-19.34.18:503][  0]LogConfig: Setting CVar [[r.LightMaxDrawDistanceScale:1]]
[2020.11.23-19.34.18:503][  0]LogConfig: Setting CVar [[r.CapsuleShadows:1]]
[2020.11.23-19.34.18:503][  0]LogConfig: Applying CVar settings from Section [PostProcessQuality@3] File [C:/Users/1804824/Desktop/UnrealYouTubeRepo/UnrealAnimationPracticeVids/MyProject/Saved/Config/Windows/Scalability.ini]
[2020.11.23-19.34.18:503][  0]LogConfig: Setting CVar [[r.MotionBlurQuality:4]]
[2020.11.23-19.34.18:503][  0]LogConfig: Setting CVar [[r.AmbientOcclusionMipLevelFactor:0.4]]
[2020.11.23-19.34.18:503][  0]LogConfig: Setting CVar [[r.AmbientOcclusionMaxQuality:100]]
[2020.11.23-19.34.18:503][  0]LogConfig: Setting CVar [[r.AmbientOcclusionLevels:-1]]
[2020.11.23-19.34.18:503][  0]LogConfig: Setting CVar [[r.AmbientOcclusionRadiusScale:1.0]]
[2020.11.23-19.34.18:503][  0]LogConfig: Setting CVar [[r.DepthOfFieldQuality:2]]
[2020.11.23-19.34.18:503][  0]LogConfig: Setting CVar [[r.RenderTargetPoolMin:400]]
[2020.11.23-19.34.18:504][  0]LogConfig: Setting CVar [[r.LensFlareQuality:2]]
[2020.11.23-19.34.18:504][  0]LogConfig: Setting CVar [[r.SceneColorFringeQuality:1]]
[2020.11.23-19.34.18:504][  0]LogConfig: Setting CVar [[r.EyeAdaptationQuality:2]]
[2020.11.23-19.34.18:504][  0]LogConfig: Setting CVar [[r.BloomQuality:5]]
[2020.11.23-19.34.18:504][  0]LogConfig: Setting CVar [[r.FastBlurThreshold:100]]
[2020.11.23-19.34.18:504][  0]LogConfig: Setting CVar [[r.Upscale.Quality:3]]
[2020.11.23-19.34.18:504][  0]LogConfig: Setting CVar [[r.Tonemapper.GrainQuantization:1]]
[2020.11.23-19.34.18:504][  0]LogConfig: Setting CVar [[r.LightShaftQuality:1]]
[2020.11.23-19.34.18:504][  0]LogConfig: Setting CVar [[r.Filter.SizeScale:1]]
[2020.11.23-19.34.18:504][  0]LogConfig: Setting CVar [[r.Tonemapper.Quality:5]]
[2020.11.23-19.34.18:504][  0]LogConfig: Setting CVar [[r.DOF.Gather.AccumulatorQuality:1        ; higher gathering accumulator quality]]
[2020.11.23-19.34.18:504][  0]LogConfig: Setting CVar [[r.DOF.Gather.PostfilterMethod:1          ; Median3x3 postfilering method]]
[2020.11.23-19.34.18:504][  0]LogConfig: Setting CVar [[r.DOF.Gather.EnableBokehSettings:0       ; no bokeh simulation when gathering]]
[2020.11.23-19.34.18:504][  0]LogConfig: Setting CVar [[r.DOF.Gather.RingCount:4                 ; medium number of samples when gathering]]
[2020.11.23-19.34.18:504][  0]LogConfig: Setting CVar [[r.DOF.Scatter.ForegroundCompositing:1    ; additive foreground scattering]]
[2020.11.23-19.34.18:504][  0]LogConfig: Setting CVar [[r.DOF.Scatter.BackgroundCompositing:2    ; additive background scattering]]
[2020.11.23-19.34.18:504][  0]LogConfig: Setting CVar [[r.DOF.Scatter.EnableBokehSettings:1      ; bokeh simulation when scattering]]
[2020.11.23-19.34.18:504][  0]LogConfig: Setting CVar [[r.DOF.Scatter.MaxSpriteRatio:0.1         ; only a maximum of 10% of scattered bokeh]]
[2020.11.23-19.34.18:504][  0]LogConfig: Setting CVar [[r.DOF.Recombine.Quality:1                ; cheap slight out of focus]]
[2020.11.23-19.34.18:504][  0]LogConfig: Setting CVar [[r.DOF.Recombine.EnableBokehSettings:0    ; no bokeh simulation on slight out of focus]]
[2020.11.23-19.34.18:504][  0]LogConfig: Setting CVar [[r.DOF.TemporalAAQuality:1                ; more stable temporal accumulation]]
[2020.11.23-19.34.18:505][  0]LogConfig: Setting CVar [[r.DOF.Kernel.MaxForegroundRadius:0.025]]
[2020.11.23-19.34.18:505][  0]LogConfig: Setting CVar [[r.DOF.Kernel.MaxBackgroundRadius:0.025]]
[2020.11.23-19.34.18:505][  0]LogConfig: Applying CVar settings from Section [TextureQuality@3] File [C:/Users/1804824/Desktop/UnrealYouTubeRepo/UnrealAnimationPracticeVids/MyProject/Saved/Config/Windows/Scalability.ini]
[2020.11.23-19.34.18:505][  0]LogConfig: Setting CVar [[r.Streaming.MipBias:0]]
[2020.11.23-19.34.18:505][  0]LogConfig: Setting CVar [[r.Streaming.AmortizeCPUToGPUCopy:0]]
[2020.11.23-19.34.18:505][  0]LogConfig: Setting CVar [[r.Streaming.MaxNumTexturesToStreamPerFrame:0]]
[2020.11.23-19.34.18:505][  0]LogConfig: Setting CVar [[r.Streaming.Boost:1]]
[2020.11.23-19.34.18:505][  0]LogConfig: Setting CVar [[r.MaxAnisotropy:8]]
[2020.11.23-19.34.18:505][  0]LogConfig: Setting CVar [[r.Streaming.LimitPoolSizeToVRAM:0]]
[2020.11.23-19.34.18:505][  0]LogConfig: Setting CVar [[r.Streaming.PoolSize:1000]]
[2020.11.23-19.34.18:505][  0]LogConfig: Setting CVar [[r.Streaming.MaxEffectiveScreenSize:0]]
[2020.11.23-19.34.18:505][  0]LogConfig: Applying CVar settings from Section [EffectsQuality@3] File [C:/Users/1804824/Desktop/UnrealYouTubeRepo/UnrealAnimationPracticeVids/MyProject/Saved/Config/Windows/Scalability.ini]
[2020.11.23-19.34.18:505][  0]LogConfig: Setting CVar [[r.TranslucencyLightingVolumeDim:64]]
[2020.11.23-19.34.18:505][  0]LogConfig: Setting CVar [[r.RefractionQuality:2]]
[2020.11.23-19.34.18:505][  0]LogConfig: Setting CVar [[r.SSR.Quality:3]]
[2020.11.23-19.34.18:505][  0]LogConfig: Setting CVar [[r.SceneColorFormat:4]]
[2020.11.23-19.34.18:505][  0]LogConfig: Setting CVar [[r.DetailMode:2]]
[2020.11.23-19.34.18:505][  0]LogConfig: Setting CVar [[r.TranslucencyVolumeBlur:1]]
[2020.11.23-19.34.18:505][  0]LogConfig: Setting CVar [[r.MaterialQualityLevel:1 ; High quality]]
[2020.11.23-19.34.18:505][  0]LogConfig: Setting CVar [[r.SSS.Scale:1]]
[2020.11.23-19.34.18:505][  0]LogConfig: Setting CVar [[r.SSS.SampleSet:2]]
[2020.11.23-19.34.18:505][  0]LogConfig: Setting CVar [[r.SSS.Quality:1]]
[2020.11.23-19.34.18:505][  0]LogConfig: Setting CVar [[r.SSS.HalfRes:1]]
[2020.11.23-19.34.18:505][  0]LogConfig: Setting CVar [[r.EmitterSpawnRateScale:1.0]]
[2020.11.23-19.34.18:506][  0]LogConfig: Setting CVar [[r.ParticleLightQuality:2]]
[2020.11.23-19.34.18:506][  0]LogConfig: Applying CVar settings from Section [FoliageQuality@3] File [C:/Users/1804824/Desktop/UnrealYouTubeRepo/UnrealAnimationPracticeVids/MyProject/Saved/Config/Windows/Scalability.ini]
[2020.11.23-19.34.18:506][  0]LogConfig: Setting CVar [[foliage.DensityScale:1.0]]
[2020.11.23-19.34.18:506][  0]LogConfig: Setting CVar [[grass.DensityScale:1.0]]
[2020.11.23-19.34.18:506][  0]LogInit: Selected Device Profile: [Windows]
[2020.11.23-19.34.18:506][  0]LogInit: Applying CVar settings loaded from the selected device profile: [Windows]
[2020.11.23-19.34.18:514][  0]LogHAL: Display: Platform has ~ 32 GB [34169503744 / 34359738368 / 32], which maps to Largest [LargestMinGB=32, LargerMinGB=12, DefaultMinGB=8, SmallerMinGB=6, SmallestMinGB=0)
[2020.11.23-19.34.18:514][  0]LogConfig: Setting CVar [[r.Vulkan.UseRealUBs:0		; Required until we fix HLR fall-out]]
[2020.11.23-19.34.18:514][  0]LogInit: Going up to parent DeviceProfile []
[2020.11.23-19.34.18:514][  0]LogConfig: Applying CVar settings from Section [ViewDistanceQuality@3] File [C:/Users/1804824/Desktop/UnrealYouTubeRepo/UnrealAnimationPracticeVids/MyProject/Saved/Config/Windows/Scalability.ini]
[2020.11.23-19.34.18:515][  0]LogConfig: Setting CVar [[r.SkeletalMeshLODBias:0]]
[2020.11.23-19.34.18:515][  0]LogConfig: Setting CVar [[r.ViewDistanceScale:1.0]]
[2020.11.23-19.34.18:515][  0]LogConfig: Applying CVar settings from Section [AntiAliasingQuality@3] File [C:/Users/1804824/Desktop/UnrealYouTubeRepo/UnrealAnimationPracticeVids/MyProject/Saved/Config/Windows/Scalability.ini]
[2020.11.23-19.34.18:515][  0]LogConfig: Setting CVar [[r.PostProcessAAQuality:4]]
[2020.11.23-19.34.18:515][  0]LogConfig: Applying CVar settings from Section [ShadowQuality@3] File [C:/Users/1804824/Desktop/UnrealYouTubeRepo/UnrealAnimationPracticeVids/MyProject/Saved/Config/Windows/Scalability.ini]
[2020.11.23-19.34.18:515][  0]LogConfig: Setting CVar [[r.LightFunctionQuality:1]]
[2020.11.23-19.34.18:515][  0]LogConfig: Setting CVar [[r.ShadowQuality:5]]
[2020.11.23-19.34.18:515][  0]LogConfig: Setting CVar [[r.Shadow.CSM.MaxCascades:10]]
[2020.11.23-19.34.18:515][  0]LogConfig: Setting CVar [[r.Shadow.MaxResolution:2048]]
[2020.11.23-19.34.18:515][  0]LogConfig: Setting CVar [[r.Shadow.MaxCSMResolution:2048]]
[2020.11.23-19.34.18:515][  0]LogConfig: Setting CVar [[r.Shadow.RadiusThreshold:0.01]]
[2020.11.23-19.34.18:515][  0]LogConfig: Setting CVar [[r.Shadow.DistanceScale:1.0]]
[2020.11.23-19.34.18:515][  0]LogConfig: Setting CVar [[r.Shadow.CSM.TransitionScale:1.0]]
[2020.11.23-19.34.18:515][  0]LogConfig: Setting CVar [[r.Shadow.PreShadowResolutionFactor:1.0]]
[2020.11.23-19.34.18:515][  0]LogConfig: Setting CVar [[r.DistanceFieldShadowing:1]]
[2020.11.23-19.34.18:516][  0]LogConfig: Setting CVar [[r.DistanceFieldAO:1]]
[2020.11.23-19.34.18:516][  0]LogConfig: Setting CVar [[r.AOQuality:2]]
[2020.11.23-19.34.18:516][  0]LogConfig: Setting CVar [[r.VolumetricFog:1]]
[2020.11.23-19.34.18:516][  0]LogConfig: Setting CVar [[r.VolumetricFog.GridPixelSize:8]]
[2020.11.23-19.34.18:516][  0]LogConfig: Setting CVar [[r.VolumetricFog.GridSizeZ:128]]
[2020.11.23-19.34.18:516][  0]LogConfig: Setting CVar [[r.VolumetricFog.HistoryMissSupersampleCount:4]]
[2020.11.23-19.34.18:516][  0]LogConfig: Setting CVar [[r.LightMaxDrawDistanceScale:1]]
[2020.11.23-19.34.18:516][  0]LogConfig: Setting CVar [[r.CapsuleShadows:1]]
[2020.11.23-19.34.18:516][  0]LogConfig: Applying CVar settings from Section [PostProcessQuality@3] File [C:/Users/1804824/Desktop/UnrealYouTubeRepo/UnrealAnimationPracticeVids/MyProject/Saved/Config/Windows/Scalability.ini]
[2020.11.23-19.34.18:516][  0]LogConfig: Setting CVar [[r.MotionBlurQuality:4]]
[2020.11.23-19.34.18:516][  0]LogConfig: Setting CVar [[r.AmbientOcclusionMipLevelFactor:0.4]]
[2020.11.23-19.34.18:516][  0]LogConfig: Setting CVar [[r.AmbientOcclusionMaxQuality:100]]
[2020.11.23-19.34.18:516][  0]LogConfig: Setting CVar [[r.AmbientOcclusionLevels:-1]]
[2020.11.23-19.34.18:516][  0]LogConfig: Setting CVar [[r.AmbientOcclusionRadiusScale:1.0]]
[2020.11.23-19.34.18:516][  0]LogConfig: Setting CVar [[r.DepthOfFieldQuality:2]]
[2020.11.23-19.34.18:516][  0]LogConfig: Setting CVar [[r.RenderTargetPoolMin:400]]
[2020.11.23-19.34.18:516][  0]LogConfig: Setting CVar [[r.LensFlareQuality:2]]
[2020.11.23-19.34.18:516][  0]LogConfig: Setting CVar [[r.SceneColorFringeQuality:1]]
[2020.11.23-19.34.18:516][  0]LogConfig: Setting CVar [[r.EyeAdaptationQuality:2]]
[2020.11.23-19.34.18:516][  0]LogConfig: Setting CVar [[r.BloomQuality:5]]
[2020.11.23-19.34.18:516][  0]LogConfig: Setting CVar [[r.FastBlurThreshold:100]]
[2020.11.23-19.34.18:516][  0]LogConfig: Setting CVar [[r.Upscale.Quality:3]]
[2020.11.23-19.34.18:517][  0]LogConfig: Setting CVar [[r.Tonemapper.GrainQuantization:1]]
[2020.11.23-19.34.18:517][  0]LogConfig: Setting CVar [[r.LightShaftQuality:1]]
[2020.11.23-19.34.18:517][  0]LogConfig: Setting CVar [[r.Filter.SizeScale:1]]
[2020.11.23-19.34.18:517][  0]LogConfig: Setting CVar [[r.Tonemapper.Quality:5]]
[2020.11.23-19.34.18:517][  0]LogConfig: Setting CVar [[r.DOF.Gather.AccumulatorQuality:1        ; higher gathering accumulator quality]]
[2020.11.23-19.34.18:517][  0]LogConfig: Setting CVar [[r.DOF.Gather.PostfilterMethod:1          ; Median3x3 postfilering method]]
[2020.11.23-19.34.18:517][  0]LogConfig: Setting CVar [[r.DOF.Gather.EnableBokehSettings:0       ; no bokeh simulation when gathering]]
[2020.11.23-19.34.18:517][  0]LogConfig: Setting CVar [[r.DOF.Gather.RingCount:4                 ; medium number of samples when gathering]]
[2020.11.23-19.34.18:517][  0]LogConfig: Setting CVar [[r.DOF.Scatter.ForegroundCompositing:1    ; additive foreground scattering]]
[2020.11.23-19.34.18:517][  0]LogConfig: Setting CVar [[r.DOF.Scatter.BackgroundCompositing:2    ; additive background scattering]]
[2020.11.23-19.34.18:517][  0]LogConfig: Setting CVar [[r.DOF.Scatter.EnableBokehSettings:1      ; bokeh simulation when scattering]]
[2020.11.23-19.34.18:517][  0]LogConfig: Setting CVar [[r.DOF.Scatter.MaxSpriteRatio:0.1         ; only a maximum of 10% of scattered bokeh]]
[2020.11.23-19.34.18:517][  0]LogConfig: Setting CVar [[r.DOF.Recombine.Quality:1                ; cheap slight out of focus]]
[2020.11.23-19.34.18:517][  0]LogConfig: Setting CVar [[r.DOF.Recombine.EnableBokehSettings:0    ; no bokeh simulation on slight out of focus]]
[2020.11.23-19.34.18:517][  0]LogConfig: Setting CVar [[r.DOF.TemporalAAQuality:1                ; more stable temporal accumulation]]
[2020.11.23-19.34.18:517][  0]LogConfig: Setting CVar [[r.DOF.Kernel.MaxForegroundRadius:0.025]]
[2020.11.23-19.34.18:517][  0]LogConfig: Setting CVar [[r.DOF.Kernel.MaxBackgroundRadius:0.025]]
[2020.11.23-19.34.18:517][  0]LogConfig: Applying CVar settings from Section [TextureQuality@3] File [C:/Users/1804824/Desktop/UnrealYouTubeRepo/UnrealAnimationPracticeVids/MyProject/Saved/Config/Windows/Scalability.ini]
[2020.11.23-19.34.18:517][  0]LogConfig: Setting CVar [[r.Streaming.MipBias:0]]
[2020.11.23-19.34.18:517][  0]LogConfig: Setting CVar [[r.Streaming.AmortizeCPUToGPUCopy:0]]
[2020.11.23-19.34.18:517][  0]LogConfig: Setting CVar [[r.Streaming.MaxNumTexturesToStreamPerFrame:0]]
[2020.11.23-19.34.18:518][  0]LogConfig: Setting CVar [[r.Streaming.Boost:1]]
[2020.11.23-19.34.18:518][  0]LogConfig: Setting CVar [[r.MaxAnisotropy:8]]
[2020.11.23-19.34.18:518][  0]LogConfig: Setting CVar [[r.Streaming.LimitPoolSizeToVRAM:0]]
[2020.11.23-19.34.18:518][  0]LogConfig: Setting CVar [[r.Streaming.PoolSize:1000]]
[2020.11.23-19.34.18:518][  0]LogConfig: Setting CVar [[r.Streaming.MaxEffectiveScreenSize:0]]
[2020.11.23-19.34.18:518][  0]LogConfig: Applying CVar settings from Section [EffectsQuality@3] File [C:/Users/1804824/Desktop/UnrealYouTubeRepo/UnrealAnimationPracticeVids/MyProject/Saved/Config/Windows/Scalability.ini]
[2020.11.23-19.34.18:518][  0]LogConfig: Setting CVar [[r.TranslucencyLightingVolumeDim:64]]
[2020.11.23-19.34.18:518][  0]LogConfig: Setting CVar [[r.RefractionQuality:2]]
[2020.11.23-19.34.18:518][  0]LogConfig: Setting CVar [[r.SSR.Quality:3]]
[2020.11.23-19.34.18:518][  0]LogConfig: Setting CVar [[r.SceneColorFormat:4]]
[2020.11.23-19.34.18:518][  0]LogConfig: Setting CVar [[r.DetailMode:2]]
[2020.11.23-19.34.18:518][  0]LogConfig: Setting CVar [[r.TranslucencyVolumeBlur:1]]
[2020.11.23-19.34.18:518][  0]LogConfig: Setting CVar [[r.MaterialQualityLevel:1 ; High quality]]
[2020.11.23-19.34.18:518][  0]LogConfig: Setting CVar [[r.SSS.Scale:1]]
[2020.11.23-19.34.18:518][  0]LogConfig: Setting CVar [[r.SSS.SampleSet:2]]
[2020.11.23-19.34.18:518][  0]LogConfig: Setting CVar [[r.SSS.Quality:1]]
[2020.11.23-19.34.18:518][  0]LogConfig: Setting CVar [[r.SSS.HalfRes:1]]
[2020.11.23-19.34.18:518][  0]LogConfig: Setting CVar [[r.EmitterSpawnRateScale:1.0]]
[2020.11.23-19.34.18:518][  0]LogConfig: Setting CVar [[r.ParticleLightQuality:2]]
[2020.11.23-19.34.18:518][  0]LogConfig: Applying CVar settings from Section [FoliageQuality@3] File [C:/Users/1804824/Desktop/UnrealYouTubeRepo/UnrealAnimationPracticeVids/MyProject/Saved/Config/Windows/Scalability.ini]
[2020.11.23-19.34.18:518][  0]LogConfig: Setting CVar [[foliage.DensityScale:1.0]]
[2020.11.23-19.34.18:518][  0]LogConfig: Setting CVar [[grass.DensityScale:1.0]]
[2020.11.23-19.34.18:518][  0]LogConfig: Applying CVar settings from Section [Startup] File [../../../Engine/Config/ConsoleVariables.ini]
[2020.11.23-19.34.18:519][  0]LogConfig: Setting CVar [[net.UseAdaptiveNetUpdateFrequency:0]]
[2020.11.23-19.34.18:519][  0]LogConfig: Setting CVar [[p.chaos.AllowCreatePhysxBodies:1]]
[2020.11.23-19.34.18:519][  0]LogConfig: Applying CVar settings from Section [ConsoleVariables] File [C:/Users/1804824/Desktop/UnrealYouTubeRepo/UnrealAnimationPracticeVids/MyProject/Saved/Config/Windows/Engine.ini]
[2020.11.23-19.34.18:519][  0]LogInit: Computer: UL04PCJL11D-18
[2020.11.23-19.34.18:519][  0]LogInit: User: 1804824
[2020.11.23-19.34.18:519][  0]LogInit: CPU Page size=4096, Cores=8
[2020.11.23-19.34.18:519][  0]LogInit: High frequency timer resolution =10.000000 MHz
[2020.11.23-19.34.18:519][  0]LogMemory: Memory total: Physical=31.8GB (32GB approx)
[2020.11.23-19.34.18:519][  0]LogMemory: Platform Memory Stats for Windows
[2020.11.23-19.34.18:519][  0]LogMemory: Process Physical Memory: 103.16 MB used, 103.17 MB peak
[2020.11.23-19.34.18:519][  0]LogMemory: Process Virtual Memory: 97.38 MB used, 97.38 MB peak
[2020.11.23-19.34.18:520][  0]LogMemory: Physical Memory: 13187.58 MB used,  19399.00 MB free, 32586.58 MB total
[2020.11.23-19.34.18:520][  0]LogMemory: Virtual Memory: 4682.67 MB used,  134213048.00 MB free, 134217728.00 MB total
[2020.11.23-19.34.18:699][  0]LogInit: Using OS detected language (en-US).
[2020.11.23-19.34.18:699][  0]LogInit: Using OS detected locale (en-GB).
[2020.11.23-19.34.18:699][  0]LogTextLocalizationManager: No specific localization for 'en-US' exists, so the 'en' localization will be used.
[2020.11.23-19.34.18:815][  0]LogInit: Setting process to per monitor DPI aware
[2020.11.23-19.34.18:852][  0]LogSlate: New Slate User Created.  User Index 0, Is Virtual User: 0
[2020.11.23-19.34.18:852][  0]LogSlate: Slate User Registered.  User Index 0, Is Virtual User: 0
[2020.11.23-19.34.19:098][  0]LogHMD: Failed to initialize OpenVR with code 110
[2020.11.23-19.34.19:098][  0]LogD3D11RHI: D3D11 adapters:
[2020.11.23-19.34.19:178][  0]LogD3D11RHI:    0. 'NVIDIA GeForce RTX 2080' (Feature Level 11_0)
[2020.11.23-19.34.19:178][  0]LogD3D11RHI:       8010/0/16293 MB DedicatedVideo/DedicatedSystem/SharedSystem, Outputs:2, VendorId:0x10de
[2020.11.23-19.34.19:214][  0]LogD3D11RHI:    1. 'Intel(R) UHD Graphics 630' (Feature Level 11_0)
[2020.11.23-19.34.19:214][  0]LogD3D11RHI:       128/0/16293 MB DedicatedVideo/DedicatedSystem/SharedSystem, Outputs:0, VendorId:0x8086
[2020.11.23-19.34.19:218][  0]LogD3D11RHI:    2. 'Microsoft Basic Render Driver' (Feature Level 11_0)
[2020.11.23-19.34.19:219][  0]LogD3D11RHI:       0/0/16293 MB DedicatedVideo/DedicatedSystem/SharedSystem, Outputs:0, VendorId:0x1414
[2020.11.23-19.34.19:219][  0]LogD3D11RHI: Chosen D3D11 Adapter: 0
[2020.11.23-19.34.19:230][  0]LogD3D11RHI: Creating new Direct3DDevice
[2020.11.23-19.34.19:230][  0]LogD3D11RHI:     GPU DeviceId: 0x1e87 (for the marketing name, search the web for "GPU Device Id")
[2020.11.23-19.34.19:230][  0]LogWindows: EnumDisplayDevices:
[2020.11.23-19.34.19:231][  0]LogWindows:    0. 'NVIDIA GeForce RTX 2080' (P:1 D:1)
[2020.11.23-19.34.19:231][  0]LogWindows:    1. 'NVIDIA GeForce RTX 2080' (P:0 D:1)
[2020.11.23-19.34.19:231][  0]LogWindows:    2. 'NVIDIA GeForce RTX 2080' (P:0 D:0)
[2020.11.23-19.34.19:231][  0]LogWindows:    3. 'NVIDIA GeForce RTX 2080' (P:0 D:0)
[2020.11.23-19.34.19:232][  0]LogWindows:    4. 'Intel(R) UHD Graphics 630' (P:0 D:0)
[2020.11.23-19.34.19:232][  0]LogWindows:    5. 'Intel(R) UHD Graphics 630' (P:0 D:0)
[2020.11.23-19.34.19:232][  0]LogWindows:    6. 'Intel(R) UHD Graphics 630' (P:0 D:0)
[2020.11.23-19.34.19:232][  0]LogWindows: DebugString: PrimaryIsNotTheChoosenAdapter PrimaryIsNotTheChoosenAdapter PrimaryIsNotTheChoosenAdapter FoundDriverCount:4 
[2020.11.23-19.34.19:232][  0]LogD3D11RHI:     Adapter Name: NVIDIA GeForce RTX 2080
[2020.11.23-19.34.19:232][  0]LogD3D11RHI:   Driver Version: 436.15 (internal:26.21.14.3615, unified:436.15)
[2020.11.23-19.34.19:232][  0]LogD3D11RHI:      Driver Date: 8-24-2019
[2020.11.23-19.34.19:233][  0]LogRHI: Texture pool is 5607 MB (70% of 8010 MB)
[2020.11.23-19.34.19:279][  0]LogD3D11RHI: Async texture creation enabled
[2020.11.23-19.34.19:282][  0]LogRendererCore: FGlobalReadBuffer::InitRHI
[2020.11.23-19.34.19:282][  0]LogRendererCore: FGlobalReadBuffer::InitRHI
[2020.11.23-19.34.19:282][  0]LogRendererCore: FGlobalReadBuffer::InitRHI
[2020.11.23-19.34.19:290][  0]LogD3D11RHI: GPU Timing Frequency: 1000.000000 (Debug: 2 1)
[2020.11.23-19.34.19:597][  0]LogTemp: Display: Module 'AllDesktopTargetPlatform' loaded TargetPlatform 'AllDesktop'
[2020.11.23-19.34.19:609][  0]LogTemp: Display: Module 'MacClientTargetPlatform' loaded TargetPlatform 'MacClient'
[2020.11.23-19.34.19:623][  0]LogTemp: Display: Module 'MacNoEditorTargetPlatform' loaded TargetPlatform 'MacNoEditor'
[2020.11.23-19.34.19:635][  0]LogTemp: Display: Module 'MacServerTargetPlatform' loaded TargetPlatform 'MacServer'
[2020.11.23-19.34.19:648][  0]LogTemp: Display: Module 'MacTargetPlatform' loaded TargetPlatform 'Mac'
[2020.11.23-19.34.19:661][  0]LogTemp: Display: Module 'WindowsClientTargetPlatform' loaded TargetPlatform 'WindowsClient'
[2020.11.23-19.34.19:673][  0]LogTemp: Display: Module 'WindowsNoEditorTargetPlatform' loaded TargetPlatform 'WindowsNoEditor'
[2020.11.23-19.34.19:686][  0]LogTemp: Display: Module 'WindowsServerTargetPlatform' loaded TargetPlatform 'WindowsServer'
[2020.11.23-19.34.19:693][  0]LogTemp: Display: Module 'WindowsTargetPlatform' loaded TargetPlatform 'Windows'
[2020.11.23-19.34.19:754][  0]LogTemp: Display: Module 'AndroidTargetPlatform' loaded TargetPlatform 'Android'
[2020.11.23-19.34.19:754][  0]LogTemp: Display: Module 'AndroidTargetPlatform' loaded TargetPlatform 'Android_ASTC'
[2020.11.23-19.34.19:754][  0]LogTemp: Display: Module 'AndroidTargetPlatform' loaded TargetPlatform 'Android_ATC'
[2020.11.23-19.34.19:754][  0]LogTemp: Display: Module 'AndroidTargetPlatform' loaded TargetPlatform 'Android_DXT'
[2020.11.23-19.34.19:754][  0]LogTemp: Display: Module 'AndroidTargetPlatform' loaded TargetPlatform 'Android_ETC1'
[2020.11.23-19.34.19:755][  0]LogTemp: Display: Module 'AndroidTargetPlatform' loaded TargetPlatform 'Android_ETC1a'
[2020.11.23-19.34.19:755][  0]LogTemp: Display: Module 'AndroidTargetPlatform' loaded TargetPlatform 'Android_ETC2'
[2020.11.23-19.34.19:755][  0]LogTemp: Display: Module 'AndroidTargetPlatform' loaded TargetPlatform 'Android_PVRTC'
[2020.11.23-19.34.19:755][  0]LogTemp: Display: Module 'AndroidTargetPlatform' loaded TargetPlatform 'AndroidClient'
[2020.11.23-19.34.19:755][  0]LogTemp: Display: Module 'AndroidTargetPlatform' loaded TargetPlatform 'Android_ASTCClient'
[2020.11.23-19.34.19:755][  0]LogTemp: Display: Module 'AndroidTargetPlatform' loaded TargetPlatform 'Android_ATCClient'
[2020.11.23-19.34.19:755][  0]LogTemp: Display: Module 'AndroidTargetPlatform' loaded TargetPlatform 'Android_DXTClient'
[2020.11.23-19.34.19:756][  0]LogTemp: Display: Module 'AndroidTargetPlatform' loaded TargetPlatform 'Android_ETC1Client'
[2020.11.23-19.34.19:756][  0]LogTemp: Display: Module 'AndroidTargetPlatform' loaded TargetPlatform 'Android_ETC1aClient'
[2020.11.23-19.34.19:756][  0]LogTemp: Display: Module 'AndroidTargetPlatform' loaded TargetPlatform 'Android_ETC2Client'
[2020.11.23-19.34.19:756][  0]LogTemp: Display: Module 'AndroidTargetPlatform' loaded TargetPlatform 'Android_PVRTCClient'
[2020.11.23-19.34.19:756][  0]LogTemp: Display: Module 'AndroidTargetPlatform' loaded TargetPlatform 'Android_Multi'
[2020.11.23-19.34.19:756][  0]LogTemp: Display: Module 'AndroidTargetPlatform' loaded TargetPlatform 'Android_MultiClient'
[2020.11.23-19.34.19:758][  0]LogTemp: Display: Module 'HTML5TargetPlatform' loaded TargetPlatform 'HTML5'
[2020.11.23-19.34.19:810][  0]LogTemp: Display: Module 'IOSTargetPlatform' loaded TargetPlatform 'IOSClient'
[2020.11.23-19.34.19:810][  0]LogTemp: Display: Module 'IOSTargetPlatform' loaded TargetPlatform 'IOS'
[2020.11.23-19.34.19:830][  0]LogTemp: Display: Module 'TVOSTargetPlatform' loaded TargetPlatform 'TVOSClient'
[2020.11.23-19.34.19:830][  0]LogTemp: Display: Module 'TVOSTargetPlatform' loaded TargetPlatform 'TVOS'
[2020.11.23-19.34.19:841][  0]LogTemp: Display: Module 'LinuxClientTargetPlatform' loaded TargetPlatform 'LinuxClient'
[2020.11.23-19.34.19:853][  0]LogTemp: Display: Module 'LinuxNoEditorTargetPlatform' loaded TargetPlatform 'LinuxNoEditor'
[2020.11.23-19.34.19:865][  0]LogTemp: Display: Module 'LinuxServerTargetPlatform' loaded TargetPlatform 'LinuxServer'
[2020.11.23-19.34.19:878][  0]LogTemp: Display: Module 'LinuxTargetPlatform' loaded TargetPlatform 'Linux'
[2020.11.23-19.34.19:916][  0]LogTemp: Display: Module 'LuminTargetPlatform' loaded TargetPlatform 'Lumin'
[2020.11.23-19.34.19:916][  0]LogTemp: Display: Module 'LuminTargetPlatform' loaded TargetPlatform 'LuminClient'
[2020.11.23-19.34.19:916][  0]LogTargetPlatformManager: Display: Building Assets For Windows
[2020.11.23-19.34.19:930][  0]LogAudioDebug: Display: Lib vorbis DLL was dynamically loaded.
[2020.11.23-19.34.19:999][  0]LogShaderCompilers: Guid format shader working directory is -45 characters bigger than the processId version (../../../../../Users/1804824/Desktop/UnrealYouTubeRepo/UnrealAnimationPracticeVids/MyProject/Intermediate/Shaders/WorkingDirectory/23492/).
[2020.11.23-19.34.19:999][  0]LogShaderCompilers: Cleaned the shader compiler working directory 'C:/Users/1804824/AppData/Local/Temp/UnrealShaderWorkingDir/2DAFA07B4B1D1E46DC5408A03DFE8E7B/'.
[2020.11.23-19.34.20:000][  0]LogXGEController: Cleaning working directory: C:/Users/1804824/AppData/Local/Temp/UnrealXGEWorkingDir/
[2020.11.23-19.34.20:000][  0]LogXGEController: Cannot use XGE Controller as Incredibuild is not installed on this machine.
[2020.11.23-19.34.20:000][  0]LogShaderCompilers: Cannot use XGE Shader Compiler as Incredibuild is not installed on this machine.
[2020.11.23-19.34.20:000][  0]LogShaderCompilers: Display: Using Local Shader Compiler.
[2020.11.23-19.34.20:464][  0]LogDerivedDataCache: Display: Max Cache Size: 512 MB
[2020.11.23-19.34.20:501][  0]LogDerivedDataCache: Loaded boot cache 0.04s 76MB C:/Users/1804824/AppData/Local/UnrealEngine/4.22/DerivedDataCache/Boot.ddc.
[2020.11.23-19.34.20:501][  0]LogDerivedDataCache: Display: Loaded Boot cache: C:/Users/1804824/AppData/Local/UnrealEngine/4.22/DerivedDataCache/Boot.ddc
[2020.11.23-19.34.20:501][  0]LogDerivedDataCache: FDerivedDataBackendGraph:  Pak pak cache file ../../../../../Users/1804824/Desktop/UnrealYouTubeRepo/UnrealAnimationPracticeVids/MyProject/DerivedDataCache/DDC.ddp not found, will not use a pak cache.
[2020.11.23-19.34.20:502][  0]LogDerivedDataCache: Unable to find inner node Pak for hierarchical cache Hierarchy.
[2020.11.23-19.34.20:502][  0]LogDerivedDataCache: FDerivedDataBackendGraph:  CompressedPak pak cache file ../../../../../Users/1804824/Desktop/UnrealYouTubeRepo/UnrealAnimationPracticeVids/MyProject/DerivedDataCache/Compressed.ddp not found, will not use a pak cache.
[2020.11.23-19.34.20:502][  0]LogDerivedDataCache: Unable to find inner node CompressedPak for hierarchical cache Hierarchy.
[2020.11.23-19.34.20:512][  0]LogDerivedDataCache: Display: Pak cache opened for reading ../../../Engine/DerivedDataCache/Compressed.ddp.
[2020.11.23-19.34.20:512][  0]LogDerivedDataCache: FDerivedDataBackendGraph:  EnterprisePak pak cache file ../../../Enterprise/DerivedDataCache/Compressed.ddp not found, will not use a pak cache.
[2020.11.23-19.34.20:512][  0]LogDerivedDataCache: Unable to find inner node EnterprisePak for hierarchical cache Hierarchy.
[2020.11.23-19.34.20:525][  0]LogDerivedDataCache: Using Local data cache path C:/Users/1804824/AppData/Local/UnrealEngine/Common/DerivedDataCache: Writable
[2020.11.23-19.34.20:525][  0]LogDerivedDataCache: Shared data cache path not found in *engine.ini, will not use an Shared cache.
[2020.11.23-19.34.20:525][  0]LogDerivedDataCache: Unable to find inner node Shared for hierarchical cache Hierarchy.
[2020.11.23-19.34.20:541][  0]LogMaterial: Verifying Global Shaders for PCD3D_SM5
[2020.11.23-19.34.20:542][  0]LogSlate: Using FreeType 2.6.0
[2020.11.23-19.34.20:543][  0]LogSlate: SlateFontServices - WITH_FREETYPE: 1, WITH_HARFBUZZ: 1
[2020.11.23-19.34.20:639][  0]LogAssetRegistry: FAssetRegistry took 0.0335 seconds to start up
[2020.11.23-19.34.20:888][  0]LogInit: Selected Device Profile: [Windows]
[2020.11.23-19.34.21:009][  0]LogMeshReduction: Using QuadricMeshReduction for automatic static mesh reduction
[2020.11.23-19.34.21:009][  0]LogMeshReduction: Using SimplygonMeshReduction for automatic skeletal mesh reduction
[2020.11.23-19.34.21:009][  0]LogMeshReduction: Using ProxyLODMeshReduction for automatic mesh merging
[2020.11.23-19.34.21:009][  0]LogMeshReduction: No distributed automatic mesh merging module available
[2020.11.23-19.34.21:010][  0]LogMeshMerging: No distributed automatic mesh merging module available
[2020.11.23-19.34.21:017][  0]LogNetVersion: MyProject 1.0.0, NetCL: 5660361, EngineNetVer: 10, GameNetVer: 0 (Checksum: 2788865488)
[2020.11.23-19.34.21:304][  0]LogPackageLocalizationCache: Processed 10 localized package path(s) for 1 prioritized culture(s) in 0.024534 seconds
[2020.11.23-19.34.21:308][  0]LogUObjectArray: 42205 objects as part of root set at end of initial load.
[2020.11.23-19.34.21:308][  0]LogUObjectAllocator: 7325032 out of 0 bytes used by permanent object pool.
[2020.11.23-19.34.21:308][  0]LogUObjectArray: CloseDisregardForGC: 0/0 objects in disregard for GC pool
[2020.11.23-19.34.22:274][  0]LogTcpMessaging: Initializing TcpMessaging bridge
[2020.11.23-19.34.22:290][  0]LogUdpMessaging: Initializing bridge on interface 0.0.0.0:0 to multicast group 230.0.0.1:6666.
[2020.11.23-19.34.22:544][  0]SourceControl: Source control is disabled
[2020.11.23-19.34.22:544][  0]SourceControl: Source control is disabled
[2020.11.23-19.34.22:547][  0]SourceControl: Source control is disabled
[2020.11.23-19.34.22:549][  0]SourceControl: Source control is disabled
[2020.11.23-19.34.22:667][  0]LogAndroidPermission: UAndroidPermissionCallbackProxy::GetInstance
[2020.11.23-19.34.22:887][  0]LogOcInput: OculusInput pre-init called
[2020.11.23-19.34.23:708][  0]LogEngine: Initializing Engine...
[2020.11.23-19.34.23:709][  0]LogHMD: Failed to initialize OpenVR with code 110
[2020.11.23-19.34.23:710][  0]LogStats: UGameplayTagsManager::InitializeManager -  0.000 s
[2020.11.23-19.34.23:864][  0]LogInit: Initializing FReadOnlyCVARCache
[2020.11.23-19.34.23:876][  0]LogAIModule: Creating AISystem for world Untitled
[2020.11.23-19.34.23:930][  0]LogInit: XAudio2 using 'Headphones (HD 4.40BT Stereo)' : 2 channels at 44.1 kHz using 16 bits per sample (channel mask 0x3)
[2020.11.23-19.34.23:950][  0]LogInit: FAudioDevice initialized.
[2020.11.23-19.34.23:950][  0]LogNetVersion: Set ProjectVersion to 1.0.0.0. Version Checksum will be recalculated on next use.
[2020.11.23-19.34.23:992][  0]LogDerivedDataCache: Saved boot cache 0.04s 76MB C:/Users/1804824/AppData/Local/UnrealEngine/4.22/DerivedDataCache/Boot.ddc.
[2020.11.23-19.34.23:992][  0]LogInit: Texture streaming: Enabled
[2020.11.23-19.34.24:014][  0]LogEngineSessionManager: EngineSessionManager initialized
[2020.11.23-19.34.24:014][  0]LogEngineSessionManager: EngineSessionManager sent abnormal shutdown report. Type=Debugger, SessionId={52708A7C-43F5-2F78-9A57-438042DE3E56}
[2020.11.23-19.34.24:014][  0]LogEngineSessionManager: EngineSessionManager sent abnormal shutdown report. Type=Debugger, SessionId={D7784513-4422-5352-F8C0-6880584EE77C}
[2020.11.23-19.34.24:029][  0]LogInit: Transaction tracking system initialized
[2020.11.23-19.34.24:056][  0]BlueprintLog: New page: Editor Load
[2020.11.23-19.34.24:149][  0]LocalizationService: Localization service is disabled
[2020.11.23-19.34.24:410][  0]LogFileCache: Scanning file cache for directory 'C:/Users/1804824/Desktop/UnrealYouTubeRepo/UnrealAnimationPracticeVids/MyProject/Content/' took 0.02s
[2020.11.23-19.34.24:410][  0]LogCook: Display: Max memory allowance for cook 16384mb min free memory 0mb
[2020.11.23-19.34.24:410][  0]LogCook: Display: Mobile HDR setting 1
[2020.11.23-19.34.24:616][  0]SourceControl: Source control is disabled
[2020.11.23-19.34.24:616][  0]LightingResults: New page: Lighting Build
[2020.11.23-19.34.24:619][  0]MapCheck: New page: Map Check
[2020.11.23-19.34.24:619][  0]LightingResults: New page: Lighting Build
[2020.11.23-19.34.24:648][  0]LogUObjectHash: Compacting FUObjectHashTables data took   1.52ms
[2020.11.23-19.34.24:717][  0]LogAIModule: Creating AISystem for world ThirdPersonExampleMap
[2020.11.23-19.34.24:727][  0]LogEditorServer: Finished looking for orphan Actors (0.000 secs)
[2020.11.23-19.34.24:754][  0]LogUObjectHash: Compacting FUObjectHashTables data took   1.33ms
[2020.11.23-19.34.24:754][  0]Cmd: MAP CHECKDEP NOCLEARLOG
[2020.11.23-19.34.24:754][  0]MapCheck: Map check complete: 0 Error(s), 0 Warning(s), took 0.134ms to complete.
[2020.11.23-19.34.24:754][  0]LogFileHelpers: Loading map 'ThirdPersonExampleMap' took 0.138
[2020.11.23-19.34.24:865][  0]LogSlate: Updating window title bar state: overlay mode, drag disabled, window buttons hidden, title bar hidden
[2020.11.23-19.34.24:870][  0]LogSlate: Updating window title bar state: overlay mode, drag disabled, window buttons hidden, title bar hidden
[2020.11.23-19.34.24:876][  0]LogSlate: Updating window title bar state: overlay mode, drag disabled, window buttons hidden, title bar hidden
[2020.11.23-19.34.24:881][  0]LogSlate: Updating window title bar state: overlay mode, drag disabled, window buttons hidden, title bar hidden
[2020.11.23-19.34.24:888][  0]LogCollectionManager: Loaded 0 collections in 0.001197 seconds
[2020.11.23-19.34.24:930][  0]LogFileCache: Scanning file cache for directory 'C:/Users/1804824/Desktop/UnrealYouTubeRepo/UnrealAnimationPracticeVids/MyProject/Saved/Collections/' took 0.01s
[2020.11.23-19.34.24:930][  0]LogFileCache: Scanning file cache for directory 'C:/Users/1804824/Desktop/UnrealYouTubeRepo/UnrealAnimationPracticeVids/MyProject/Content/Developers/1804824/Collections/' took 0.01s
[2020.11.23-19.34.24:930][  0]LogFileCache: Scanning file cache for directory 'C:/Users/1804824/Desktop/UnrealYouTubeRepo/UnrealAnimationPracticeVids/MyProject/Content/Collections/' took 0.01s
[2020.11.23-19.34.24:930][  0]LogCollectionManager: Rebuilt the GUID cache for 0 collections in 0.000000 seconds
[2020.11.23-19.34.24:937][  0]LogContentBrowser: Native class hierarchy populated in 0.0065 seconds. Added 2737 classes and 661 folders.
[2020.11.23-19.34.24:942][  0]LogContentBrowser: Native class hierarchy updated for 'WidgetCarousel' in 0.0003 seconds. Added 0 classes and 0 folders.
[2020.11.23-19.34.24:944][  0]LogPakFile: Registered encryption key '00000000000000000000000000000000': 0 pak files mounted, 0 remain pending
[2020.11.23-19.34.24:945][  0]LogPakFile: Registered encryption key '00000000000000000000000000000000': 0 pak files mounted, 0 remain pending
[2020.11.23-19.34.24:946][  0]LogPakFile: Registered encryption key '00000000000000000000000000000000': 0 pak files mounted, 0 remain pending
[2020.11.23-19.34.24:946][  0]LogPakFile: Registered encryption key '00000000000000000000000000000000': 0 pak files mounted, 0 remain pending
[2020.11.23-19.34.24:947][  0]LogPakFile: Registered encryption key '00000000000000000000000000000000': 0 pak files mounted, 0 remain pending
[2020.11.23-19.34.24:948][  0]LogPakFile: Registered encryption key '00000000000000000000000000000000': 0 pak files mounted, 0 remain pending
[2020.11.23-19.34.24:948][  0]LogPakFile: Registered encryption key '00000000000000000000000000000000': 0 pak files mounted, 0 remain pending
[2020.11.23-19.34.24:949][  0]LogPakFile: Registered encryption key '00000000000000000000000000000000': 0 pak files mounted, 0 remain pending
[2020.11.23-19.34.24:950][  0]LogPakFile: Registered encryption key '00000000000000000000000000000000': 0 pak files mounted, 0 remain pending
[2020.11.23-19.34.24:950][  0]LogPakFile: Registered encryption key '00000000000000000000000000000000': 0 pak files mounted, 0 remain pending
[2020.11.23-19.34.24:951][  0]LogPakFile: Registered encryption key '00000000000000000000000000000000': 0 pak files mounted, 0 remain pending
[2020.11.23-19.34.24:952][  0]LogPakFile: Registered encryption key '00000000000000000000000000000000': 0 pak files mounted, 0 remain pending
[2020.11.23-19.34.24:953][  0]LogPakFile: Registered encryption key '00000000000000000000000000000000': 0 pak files mounted, 0 remain pending
[2020.11.23-19.34.24:954][  0]LogPakFile: Registered encryption key '00000000000000000000000000000000': 0 pak files mounted, 0 remain pending
[2020.11.23-19.34.24:954][  0]LogPakFile: Registered encryption key '00000000000000000000000000000000': 0 pak files mounted, 0 remain pending
[2020.11.23-19.34.24:955][  0]LogPakFile: Registered encryption key '00000000000000000000000000000000': 0 pak files mounted, 0 remain pending
[2020.11.23-19.34.24:956][  0]LogPakFile: Registered encryption key '00000000000000000000000000000000': 0 pak files mounted, 0 remain pending
[2020.11.23-19.34.24:956][  0]LogPakFile: Registered encryption key '00000000000000000000000000000000': 0 pak files mounted, 0 remain pending
[2020.11.23-19.34.24:957][  0]LogPakFile: Registered encryption key '00000000000000000000000000000000': 0 pak files mounted, 0 remain pending
[2020.11.23-19.34.24:958][  0]LogPakFile: Registered encryption key '00000000000000000000000000000000': 0 pak files mounted, 0 remain pending
[2020.11.23-19.34.24:958][  0]LogPakFile: Registered encryption key '00000000000000000000000000000000': 0 pak files mounted, 0 remain pending
[2020.11.23-19.34.24:959][  0]LogPakFile: Registered encryption key '00000000000000000000000000000000': 0 pak files mounted, 0 remain pending
[2020.11.23-19.34.24:960][  0]LogPakFile: Registered encryption key '00000000000000000000000000000000': 0 pak files mounted, 0 remain pending
[2020.11.23-19.34.24:961][  0]LogPakFile: Registered encryption key '00000000000000000000000000000000': 0 pak files mounted, 0 remain pending
[2020.11.23-19.34.24:961][  0]LogPakFile: Registered encryption key '00000000000000000000000000000000': 0 pak files mounted, 0 remain pending
[2020.11.23-19.34.24:962][  0]LogPakFile: Registered encryption key '00000000000000000000000000000000': 0 pak files mounted, 0 remain pending
[2020.11.23-19.34.24:996][  0]LogContentBrowser: Native class hierarchy updated for 'AddContentDialog' in 0.0003 seconds. Added 0 classes and 0 folders.
[2020.11.23-19.34.25:002][  0]LogContentBrowser: Native class hierarchy updated for 'SceneOutliner' in 0.0003 seconds. Added 1 classes and 2 folders.
[2020.11.23-19.34.25:013][  0]LogSlate: Took 0.000243 seconds to synchronously load lazily loaded font '../../../Engine/Content/Slate/Fonts/Roboto-Regular.ttf' (155K)
[2020.11.23-19.34.25:015][  0]LogSlate: Took 0.000244 seconds to synchronously load lazily loaded font '../../../Engine/Content/Slate/Fonts/Roboto-Bold.ttf' (160K)
[2020.11.23-19.34.25:018][  0]LogSlate: Took 0.000226 seconds to synchronously load lazily loaded font '../../../Engine/Content/Editor/Slate/Fonts/FontAwesome.ttf' (139K)
[2020.11.23-19.34.25:065][  0]LogRenderer: Reallocating scene render targets to support 1616x808 Format 10 NumSamples 1 (Frame:1).
[2020.11.23-19.34.25:149][  0]LogContentBrowser: Native class hierarchy updated for 'HierarchicalLODOutliner' in 0.0003 seconds. Added 0 classes and 0 folders.
[2020.11.23-19.34.25:149][  0]LogLoad: (Engine Initialization) Total time: 9.43 seconds
[2020.11.23-19.34.25:149][  0]LogLoad: (Engine Initialization) Total Blueprint compile time: 0.00 seconds
[2020.11.23-19.34.25:175][  0]LogAssetRegistry: Asset discovery search completed in 4.5599 seconds
[2020.11.23-19.34.25:177][  0]LogCollectionManager: Rebuilt the object cache for 0 collections in 0.000000 seconds (found 0 objects)
[2020.11.23-19.34.25:177][  0]LogCollectionManager: Fixed up redirectors for 0 collections in 0.000173 seconds (updated 0 objects)
[2020.11.23-19.34.25:178][  0]LogContentStreaming: Texture pool size now 1000 MB
[2020.11.23-19.34.30:825][561]LogSlate: FSceneViewport::OnFocusLost() reason 0
[2020.11.23-19.34.43:987][131]LogSlate: Took 0.000290 seconds to synchronously load lazily loaded font '../../../Engine/Content/Slate/Fonts/Roboto-Light.ttf' (167K)
[2020.11.23-19.34.43:993][131]LogAssetEditorManager: Opening Asset editor for AnimMontage /Game/Anim/Animations/MeleeFistAttackMontage.MeleeFistAttackMontage
[2020.11.23-19.34.44:096][131]LogContentBrowser: Native class hierarchy updated for 'SkeletonEditor' in 0.0003 seconds. Added 1 classes and 2 folders.
[2020.11.23-19.34.44:250][131]LogActorComponent: RegisterComponentWithWorld: (/Engine/Transient.World_1:PersistentLevel.AnimationEditorPreviewActor_0.DebugSkelMeshComponent_0) Already registered. Aborting.
[2020.11.23-19.34.44:253][131]LogContentBrowser: Native class hierarchy updated for 'PinnedCommandList' in 0.0003 seconds. Added 1 classes and 0 folders.
[2020.11.23-19.34.44:270][131]LogSkeletalMesh: USkeletalMeshComponent::InitArticulated : Bodies already created (/Engine/Transient.World_1:PersistentLevel.AnimationEditorPreviewActor_0.DebugSkelMeshComponent_0) - call TermArticulated first.
[2020.11.23-19.34.44:498][131]LogContentBrowser: Verbose: The majority of assets in the view are of type: AnimSequence
[2020.11.23-19.35.14:095][633]LogSlate: Prevented a slow task dialog from being summoned while a context menu was open
[2020.11.23-19.35.52:730][ 26]LogAssetEditorManager: Opening Asset editor for Class /Script/MyProject.MyAttackAnimNotify
[2020.11.23-19.37.28:150][144]LogSavePackage: Moving '../../../../../Users/1804824/Desktop/UnrealYouTubeRepo/UnrealAnimationPracticeVids/MyProject/Saved/MeleeFistAttackMontage228D5FEE4D2DF9B25F12EE8AE7AB94E1.tmp' to '../../../../../Users/1804824/Desktop/UnrealYouTubeRepo/UnrealAnimationPracticeVids/MyProject/Content/Anim/Animations/MeleeFistAttackMontage.uasset'
[2020.11.23-19.37.32:575][561]LogTemp: Repeating last play command: New Editor Window (PIE)
[2020.11.23-19.37.32:586][561]LogBlueprintUserMessages: Early PlayInEditor Detection: Level '/Game/ThirdPersonCPP/Maps/ThirdPersonExampleMap.ThirdPersonExampleMap:PersistentLevel' has LevelScriptBlueprint '/Game/ThirdPersonCPP/Maps/ThirdPersonExampleMap.ThirdPersonExampleMap:PersistentLevel.ThirdPersonExampleMap' with GeneratedClass '/Game/ThirdPersonCPP/Maps/ThirdPersonExampleMap.ThirdPersonExampleMap_C' with ClassGeneratedBy '/Game/ThirdPersonCPP/Maps/ThirdPersonExampleMap.ThirdPersonExampleMap:PersistentLevel.ThirdPersonExampleMap'
[2020.11.23-19.37.32:586][561]LogPlayLevel: PlayLevel: No blueprints needed recompiling
[2020.11.23-19.37.32:587][561]PIE: New page: PIE session: ThirdPersonExampleMap (23 Nov 2020 19:37:32)
[2020.11.23-19.37.32:600][561]LogPlayLevel: Creating play world package: /Game/ThirdPersonCPP/Maps/UEDPIE_0_ThirdPersonExampleMap
[2020.11.23-19.37.32:611][561]LogPlayLevel: PIE: StaticDuplicateObject took: (0.010865s)
[2020.11.23-19.37.32:612][561]LogAIModule: Creating AISystem for world ThirdPersonExampleMap
[2020.11.23-19.37.32:612][561]LogPlayLevel: PIE: World Init took: (0.000635s)
[2020.11.23-19.37.32:612][561]LogPlayLevel: PIE: Created PIE world by copying editor world from /Game/ThirdPersonCPP/Maps/ThirdPersonExampleMap.ThirdPersonExampleMap to /Game/ThirdPersonCPP/Maps/UEDPIE_0_ThirdPersonExampleMap.ThirdPersonExampleMap (0.012033s)
[2020.11.23-19.37.32:638][561]LogUObjectHash: Compacting FUObjectHashTables data took   0.87ms
[2020.11.23-19.37.32:683][561]LogInit: XAudio2 using 'Headphones (HD 4.40BT Stereo)' : 2 channels at 44.1 kHz using 16 bits per sample (channel mask 0x3)
[2020.11.23-19.37.32:695][561]LogInit: FAudioDevice initialized.
[2020.11.23-19.37.32:701][561]LogSlate: Updating window title bar state: overlay mode, drag disabled, window buttons hidden, title bar hidden
[2020.11.23-19.37.32:743][561]LogLoad: Game class is 'MyProjectGameMode'
[2020.11.23-19.37.32:745][561]LogWorld: Bringing World /Game/ThirdPersonCPP/Maps/UEDPIE_0_ThirdPersonExampleMap.ThirdPersonExampleMap up for play (max tick rate 0) at 2020.11.23-19.37.32
[2020.11.23-19.37.32:745][561]LogWorld: Bringing up level for play took: 0.001393
[2020.11.23-19.37.32:762][561]LogContentBrowser: Native class hierarchy updated for 'MovieSceneCapture' in 0.0004 seconds. Added 20 classes and 0 folders.
[2020.11.23-19.37.32:765][561]PIE: Play in editor start time for /Game/ThirdPersonCPP/Maps/UEDPIE_0_ThirdPersonExampleMap -0.218
[2020.11.23-19.37.32:766][561]LogBlueprintUserMessages: Late PlayInEditor Detection: Level '/Game/ThirdPersonCPP/Maps/ThirdPersonExampleMap.ThirdPersonExampleMap:PersistentLevel' has LevelScriptBlueprint '/Game/ThirdPersonCPP/Maps/ThirdPersonExampleMap.ThirdPersonExampleMap:PersistentLevel.ThirdPersonExampleMap' with GeneratedClass '/Game/ThirdPersonCPP/Maps/ThirdPersonExampleMap.ThirdPersonExampleMap_C' with ClassGeneratedBy '/Game/ThirdPersonCPP/Maps/ThirdPersonExampleMap.ThirdPersonExampleMap:PersistentLevel.ThirdPersonExampleMap'
[2020.11.23-19.38.08:769][424]LogBlueprintUserMessages: Early EndPlayMap Detection: Level '/Game/ThirdPersonCPP/Maps/ThirdPersonExampleMap.ThirdPersonExampleMap:PersistentLevel' has LevelScriptBlueprint '/Game/ThirdPersonCPP/Maps/ThirdPersonExampleMap.ThirdPersonExampleMap:PersistentLevel.ThirdPersonExampleMap' with GeneratedClass '/Game/ThirdPersonCPP/Maps/ThirdPersonExampleMap.ThirdPersonExampleMap_C' with ClassGeneratedBy '/Game/ThirdPersonCPP/Maps/ThirdPersonExampleMap.ThirdPersonExampleMap:PersistentLevel.ThirdPersonExampleMap'
[2020.11.23-19.38.08:769][424]LogSlate: Updating window title bar state: overlay mode, drag disabled, window buttons hidden, title bar hidden
[2020.11.23-19.38.08:780][424]LogSlate: Window 'MyProject Game Preview Standalone (64-bit/PCD3D_SM5)' being destroyed
[2020.11.23-19.38.08:811][424]LogPlayLevel: Display: Shutting down PIE online subsystems
[2020.11.23-19.38.08:812][424]LogBlueprintUserMessages: Late EndPlayMap Detection: Level '/Game/ThirdPersonCPP/Maps/ThirdPersonExampleMap.ThirdPersonExampleMap:PersistentLevel' has LevelScriptBlueprint '/Game/ThirdPersonCPP/Maps/ThirdPersonExampleMap.ThirdPersonExampleMap:PersistentLevel.ThirdPersonExampleMap' with GeneratedClass '/Game/ThirdPersonCPP/Maps/ThirdPersonExampleMap.ThirdPersonExampleMap_C' with ClassGeneratedBy '/Game/ThirdPersonCPP/Maps/ThirdPersonExampleMap.ThirdPersonExampleMap:PersistentLevel.ThirdPersonExampleMap'
[2020.11.23-19.38.08:842][424]LogUObjectHash: Compacting FUObjectHashTables data took   1.07ms
[2020.11.23-19.38.08:873][427]LogPlayLevel: Display: Destroying online subsystem :Context_7
[2020.11.23-19.38.10:950][667]LogSavePackage: Moving '../../../../../Users/1804824/Desktop/UnrealYouTubeRepo/UnrealAnimationPracticeVids/MyProject/Saved/MeleeFistAttackMontage1B6BC6EB4729562CBFA2E78F1AA98E05.tmp' to '../../../../../Users/1804824/Desktop/UnrealYouTubeRepo/UnrealAnimationPracticeVids/MyProject/Content/Anim/Animations/MeleeFistAttackMontage.uasset'
[2020.11.23-19.38.21:386][886]LogUObjectHash: Compacting FUObjectHashTables data took   0.50ms
[2020.11.23-19.38.21:492][886]LogSavePackage: Moving '../../../../../Users/1804824/Desktop/UnrealYouTubeRepo/UnrealAnimationPracticeVids/MyProject/Saved/ThirdPersonExampleMap2382C67A472ABF7AC1F321B396781C0E.tmp' to '../../../../../Users/1804824/Desktop/UnrealYouTubeRepo/UnrealAnimationPracticeVids/MyProject/Content/ThirdPersonCPP/Maps/ThirdPersonExampleMap.umap'
[2020.11.23-19.38.21:608][886]LogSavePackage: Moving '../../../../../Users/1804824/Desktop/UnrealYouTubeRepo/UnrealAnimationPracticeVids/MyProject/Saved/ThirdPersonExampleMap_BuiltDataA8D7F2BA4B59B76B289CB48B72BE9690.tmp' to '../../../../../Users/1804824/Desktop/UnrealYouTubeRepo/UnrealAnimationPracticeVids/MyProject/Content/ThirdPersonCPP/Maps/ThirdPersonExampleMap_BuiltData.uasset'
