Log file open, 11/23/20 10:44:37
LogWindows: Failed to load 'aqProf.dll' (GetLastError=126)
LogWindows: File 'aqProf.dll' does not exist
LogWindows: Failed to load 'VtuneApi.dll' (GetLastError=126)
LogWindows: File 'VtuneApi.dll' does not exist
LogWindows: Failed to load 'VtuneApi32e.dll' (GetLastError=126)
LogWindows: File 'VtuneApi32e.dll' does not exist
LogConsoleResponse: Display: Failed to find resolution value strings in scalability ini. Falling back to default.
LogInit: Display: Running engine for game: MyProject
LogPakFile: Registered encryption key '00000000000000000000000000000000': 0 pak files mounted, 0 remain pending
LogPlatformFile: Not using cached read wrapper
LogTaskGraph: Started task graph with 5 named threads and 47 total threads with 3 sets of task threads.
LogStats: Stats thread started at 0.613432
LogD3D11RHI: Loaded GFSDK_Aftermath_Lib.x64.dll
LogICUInternationalization: ICU TimeZone Detection - Raw Offset: +0:00, Platform Override: ''
LogPluginManager: Mounting plugin Paper2D
LogPluginManager: Mounting plugin AISupport
LogPluginManager: Mounting plugin LightPropagationVolume
LogPluginManager: Mounting plugin ActorLayerUtilities
LogPluginManager: Mounting plugin AnimationSharing
LogPluginManager: Mounting plugin CLionSourceCodeAccess
LogPluginManager: Mounting plugin CodeLiteSourceCodeAccess
LogPluginManager: Mounting plugin GitSourceControl
LogPluginManager: Mounting plugin KDevelopSourceCodeAccess
LogPluginManager: Mounting plugin NullSourceCodeAccess
LogPluginManager: Mounting plugin PerforceSourceControl
LogPluginManager: Mounting plugin SubversionSourceControl
LogPluginManager: Mounting plugin UObjectPlugin
LogPluginManager: Mounting plugin VisualStudioCodeSourceCodeAccess
LogPluginManager: Mounting plugin VisualStudioSourceCodeAccess
LogPluginManager: Mounting plugin XCodeSourceCodeAccess
LogPluginManager: Mounting plugin AssetManagerEditor
LogPluginManager: Mounting plugin CryptoKeys
LogPluginManager: Mounting plugin DataValidation
LogPluginManager: Mounting plugin FacialAnimation
LogPluginManager: Mounting plugin GameplayTagsEditor
LogPluginManager: Mounting plugin MacGraphicsSwitching
LogPluginManager: Mounting plugin MaterialAnalyzer
LogPluginManager: Mounting plugin MobileLauncherProfileWizard
LogPluginManager: Mounting plugin PluginBrowser
LogPluginManager: Mounting plugin SpeedTreeImporter
LogPluginManager: Mounting plugin DatasmithContent
LogPluginManager: Mounting plugin VariantManagerContent
LogPluginManager: Mounting plugin AlembicImporter
LogPluginManager: Mounting plugin AppleImageUtils
LogPluginManager: Mounting plugin AppleVision
LogPluginManager: Mounting plugin BackChannel
LogPluginManager: Mounting plugin CharacterAI
LogPluginManager: Mounting plugin GeometryCache
LogPluginManager: Mounting plugin HTML5Networking
LogPluginManager: Mounting plugin ProxyLODPlugin
LogPluginManager: Mounting plugin SkeletalReduction
LogPluginManager: Mounting plugin MagicLeap
LogPluginManager: Mounting plugin MagicLeapMedia
LogPluginManager: Mounting plugin AndroidMedia
LogPluginManager: Mounting plugin AvfMedia
LogPluginManager: Mounting plugin ImgMedia
LogPluginManager: Mounting plugin LinearTimecode
LogPluginManager: Mounting plugin MediaCompositing
LogPluginManager: Mounting plugin MediaPlayerEditor
LogPluginManager: Mounting plugin WebMMedia
LogPluginManager: Mounting plugin WmfMedia
LogPluginManager: Mounting plugin TcpMessaging
LogPluginManager: Mounting plugin UdpMessaging
LogPluginManager: Mounting plugin ActorSequence
LogPluginManager: Mounting plugin LevelSequenceEditor
LogPluginManager: Mounting plugin MatineeToLevelSequence
LogPluginManager: Mounting plugin NetcodeUnitTest
LogPluginManager: Mounting plugin NUTUnrealEngine4
LogPluginManager: Mounting plugin OnlineSubsystemGooglePlay
LogPluginManager: Mounting plugin OnlineSubsystemIOS
LogPluginManager: Mounting plugin OnlineSubsystem
LogPluginManager: Mounting plugin OnlineSubsystemNull
LogPluginManager: Mounting plugin OnlineSubsystemUtils
LogPluginManager: Mounting plugin LauncherChunkInstaller
LogPluginManager: Mounting plugin AndroidDeviceProfileSelector
LogPluginManager: Mounting plugin AndroidMoviePlayer
LogPluginManager: Mounting plugin AndroidPermission
LogPluginManager: Mounting plugin AppleMoviePlayer
LogPluginManager: Mounting plugin ArchVisCharacter
LogPluginManager: Mounting plugin AudioCapture
LogPluginManager: Mounting plugin CableComponent
LogPluginManager: Mounting plugin CustomMeshComponent
LogPluginManager: Mounting plugin EditableMesh
LogPluginManager: Mounting plugin ExampleDeviceProfileSelector
LogPluginManager: Mounting plugin Firebase
LogPluginManager: Mounting plugin GoogleCloudMessaging
LogPluginManager: Mounting plugin IOSDeviceProfileSelector
LogPluginManager: Mounting plugin LinuxDeviceProfileSelector
LogPluginManager: Mounting plugin LocationServicesBPLibrary
LogPluginManager: Mounting plugin MobilePatchingUtils
LogPluginManager: Mounting plugin OculusVR
LogPluginManager: Mounting plugin PhysXVehicles
LogPluginManager: Mounting plugin ProceduralMeshComponent
LogPluginManager: Mounting plugin RuntimePhysXCooking
LogPluginManager: Mounting plugin SignificanceManager
LogPluginManager: Mounting plugin SteamVR
LogPluginManager: Mounting plugin WebMMoviePlayer
LogPluginManager: Mounting plugin WindowsMoviePlayer
LogInit: Using libcurl 7.55.1-DEV
LogInit:  - built for x86_64-pc-win32
LogInit:  - supports SSL with OpenSSL/1.1.1
LogInit:  - supports HTTP deflate (compression) using libz 1.2.8
LogInit:  - other features:
LogInit:      CURL_VERSION_SSL
LogInit:      CURL_VERSION_LIBZ
LogInit:      CURL_VERSION_IPV6
LogInit:      CURL_VERSION_ASYNCHDNS
LogInit:      CURL_VERSION_LARGEFILE
LogInit:      CURL_VERSION_IDN
LogInit:  CurlRequestOptions (configurable via config and command line):
LogInit:  - bVerifyPeer = true  - Libcurl will verify peer certificate
LogInit:  - bUseHttpProxy = false  - Libcurl will NOT use HTTP proxy
LogInit:  - bDontReuseConnections = false  - Libcurl will reuse connections
LogInit:  - MaxHostConnections = 16  - Libcurl will limit the number of connections to a host
LogInit:  - LocalHostAddr = Default
LogInit:  - BufferSize = 65536
LogInit: WinSock: version 1.1 (2.2), MaxSocks=32767, MaxUdp=65467
LogHMD: Failed initializing OVRPlugin 1.32.0
LogInit: Build: ++UE4+Release-4.22-CL-7053642
LogInit: Engine Version: 4.22.3-7053642+++UE4+Release-4.22
LogInit: Compatible Engine Version: 4.22.0-5660361+++UE4+Release-4.22
LogInit: Net CL: 5660361
LogInit: OS: Windows 10 (Release 1903) (), CPU: Intel(R) Core(TM) i9-9900K CPU @ 3.60GHz, GPU: NVIDIA GeForce RTX 2080
LogInit: Compiled (64-bit): Jun 18 2019 03:09:11
LogInit: Compiled with Visual C++: 19.16.27025.01
LogInit: Build Configuration: Development
LogInit: Branch Name: ++UE4+Release-4.22
LogInit: Command Line:  -skipcompile
LogInit: Base Directory: C:/UE_4.22/UE_4.22/Engine/Binaries/Win64/
LogInit: Installed Engine Build: 1
LogDevObjectVersion: Number of dev versions registered: 23
LogDevObjectVersion:   Dev-Blueprints (B0D832E4-1F89-4F0D-ACCF-7EB736FD4AA2): 10
LogDevObjectVersion:   Dev-Build (E1C64328-A22C-4D53-A36C-8E866417BD8C): 0
LogDevObjectVersion:   Dev-Core (375EC13C-06E4-48FB-B500-84F0262A717E): 3
LogDevObjectVersion:   Dev-Editor (E4B068ED-F494-42E9-A231-DA0B2E46BB41): 30
LogDevObjectVersion:   Dev-Framework (CFFC743F-43B0-4480-9391-14DF171D2073): 35
LogDevObjectVersion:   Dev-Mobile (B02B49B5-BB20-44E9-A304-32B752E40360): 2
LogDevObjectVersion:   Dev-Networking (A4E4105C-59A1-49B5-A7C5-40C4547EDFEE): 0
LogDevObjectVersion:   Dev-Online (39C831C9-5AE6-47DC-9A44-9C173E1C8E7C): 0
LogDevObjectVersion:   Dev-Physics (78F01B33-EBEA-4F98-B9B4-84EACCB95AA2): 0
LogDevObjectVersion:   Dev-Platform (6631380F-2D4D-43E0-8009-CF276956A95A): 0
LogDevObjectVersion:   Dev-Rendering (12F88B9F-8875-4AFC-A67C-D90C383ABD29): 28
LogDevObjectVersion:   Dev-Sequencer (7B5AE74C-D270-4C10-A958-57980B212A5A): 11
LogDevObjectVersion:   Dev-VR (D7296918-1DD6-4BDD-9DE2-64A83CC13884): 2
LogDevObjectVersion:   Dev-LoadTimes (C2A15278-BFE7-4AFE-6C17-90FF531DF755): 1
LogDevObjectVersion:   Private-Geometry (6EACA3D4-40EC-4CC1-B786-8BED09428FC5): 3
LogDevObjectVersion:   Dev-AnimPhys (29E575DD-E0A3-4627-9D10-D276232CDCEA): 17
LogDevObjectVersion:   Dev-Anim (AF43A65D-7FD3-4947-9873-3E8ED9C1BB05): 2
LogDevObjectVersion:   Dev-ReflectionCapture (6B266CEC-1EC7-4B8F-A30B-E4D90942FC07): 1
LogDevObjectVersion:   Dev-Automation (0DF73D61-A23F-47EA-B727-89E90C41499A): 1
LogDevObjectVersion:   FortniteMain (601D1886-AC64-4F84-AA16-D3DE0DEAC7D6): 25
LogDevObjectVersion:   Dev-Enterprise (9DFFBCD6-494F-0158-E221-12823C92A888): 6
LogDevObjectVersion:   Dev-Niagara (F2AED0AC-9AFE-416F-8664-AA7FFA26D6FC): 1
LogDevObjectVersion:   Dev-Destruction (174F1F0B-B4C6-45A5-B13F-2EE8D0FB917D): 2
LogInit: Presizing for max 16777216 objects, including 0 objects not considered by GC, pre-allocating 0 bytes for permanent pool.
LogInit: Object subsystem initialized
LogConfig: Setting CVar [[con.DebugEarlyDefault:1]]
LogConfig: Setting CVar [[r.setres:1280x720]]
[2020.11.23-10.44.38:661][  0]LogConfig: Setting CVar [[r.VSync:0]]
[2020.11.23-10.44.38:661][  0]LogConfig: Setting CVar [[r.RHICmdBypass:0]]
[2020.11.23-10.44.38:661][  0]LogConfig: Applying CVar settings from Section [/Script/Engine.RendererSettings] File [C:/Users/1804824/Desktop/UnrealYouTubeRepo/UnrealAnimationPracticeVids/MyProject/Saved/Config/Windows/Engine.ini]
[2020.11.23-10.44.38:661][  0]LogConfig: Setting CVar [[r.GPUCrashDebugging:0]]
[2020.11.23-10.44.38:662][  0]LogConfig: Applying CVar settings from Section [/Script/Engine.RendererOverrideSettings] File [C:/Users/1804824/Desktop/UnrealYouTubeRepo/UnrealAnimationPracticeVids/MyProject/Saved/Config/Windows/Engine.ini]
[2020.11.23-10.44.38:662][  0]LogConfig: Applying CVar settings from Section [/Script/Engine.StreamingSettings] File [C:/Users/1804824/Desktop/UnrealYouTubeRepo/UnrealAnimationPracticeVids/MyProject/Saved/Config/Windows/Engine.ini]
[2020.11.23-10.44.38:662][  0]LogConfig: Setting CVar [[s.MinBulkDataSizeForAsyncLoading:131072]]
[2020.11.23-10.44.38:662][  0]LogConfig: Setting CVar [[s.AsyncLoadingThreadEnabled:0]]
[2020.11.23-10.44.38:662][  0]LogConfig: Setting CVar [[s.EventDrivenLoaderEnabled:1]]
[2020.11.23-10.44.38:662][  0]LogConfig: Setting CVar [[s.WarnIfTimeLimitExceeded:0]]
[2020.11.23-10.44.38:662][  0]LogConfig: Setting CVar [[s.TimeLimitExceededMultiplier:1.5]]
[2020.11.23-10.44.38:662][  0]LogConfig: Setting CVar [[s.TimeLimitExceededMinTime:0.005]]
[2020.11.23-10.44.38:662][  0]LogConfig: Setting CVar [[s.UseBackgroundLevelStreaming:1]]
[2020.11.23-10.44.38:662][  0]LogConfig: Setting CVar [[s.PriorityAsyncLoadingExtraTime:15.0]]
[2020.11.23-10.44.38:662][  0]LogConfig: Setting CVar [[s.LevelStreamingActorsUpdateTimeLimit:5.0]]
[2020.11.23-10.44.38:662][  0]LogConfig: Setting CVar [[s.PriorityLevelStreamingActorsUpdateExtraTime:5.0]]
[2020.11.23-10.44.38:662][  0]LogConfig: Setting CVar [[s.LevelStreamingComponentsRegistrationGranularity:10]]
[2020.11.23-10.44.38:662][  0]LogConfig: Setting CVar [[s.UnregisterComponentsTimeLimit:1.0]]
[2020.11.23-10.44.38:662][  0]LogConfig: Setting CVar [[s.LevelStreamingComponentsUnregistrationGranularity:5]]
[2020.11.23-10.44.38:663][  0]LogConfig: Applying CVar settings from Section [/Script/Engine.GarbageCollectionSettings] File [C:/Users/1804824/Desktop/UnrealYouTubeRepo/UnrealAnimationPracticeVids/MyProject/Saved/Config/Windows/Engine.ini]
[2020.11.23-10.44.38:663][  0]LogConfig: Setting CVar [[gc.MaxObjectsNotConsideredByGC:1]]
[2020.11.23-10.44.38:663][  0]LogConfig: Setting CVar [[gc.SizeOfPermanentObjectPool:0]]
[2020.11.23-10.44.38:663][  0]LogConfig: Setting CVar [[gc.FlushStreamingOnGC:0]]
[2020.11.23-10.44.38:663][  0]LogConfig: Setting CVar [[gc.NumRetriesBeforeForcingGC:10]]
[2020.11.23-10.44.38:663][  0]LogConfig: Setting CVar [[gc.AllowParallelGC:1]]
[2020.11.23-10.44.38:663][  0]LogConfig: Setting CVar [[gc.TimeBetweenPurgingPendingKillObjects:61.1]]
[2020.11.23-10.44.38:663][  0]LogConfig: Setting CVar [[gc.MaxObjectsInEditor:16777216]]
[2020.11.23-10.44.38:663][  0]LogConfig: Setting CVar [[gc.IncrementalBeginDestroyEnabled:1]]
[2020.11.23-10.44.38:663][  0]LogConfig: Setting CVar [[gc.CreateGCClusters:1]]
[2020.11.23-10.44.38:663][  0]LogConfig: Setting CVar [[gc.MinGCClusterSize:5]]
[2020.11.23-10.44.38:663][  0]LogConfig: Setting CVar [[gc.ActorClusteringEnabled:0]]
[2020.11.23-10.44.38:663][  0]LogConfig: Setting CVar [[gc.BlueprintClusteringEnabled:0]]
[2020.11.23-10.44.38:663][  0]LogConfig: Setting CVar [[gc.UseDisregardForGCOnDedicatedServers:0]]
[2020.11.23-10.44.38:663][  0]LogConfig: Applying CVar settings from Section [/Script/Engine.NetworkSettings] File [C:/Users/1804824/Desktop/UnrealYouTubeRepo/UnrealAnimationPracticeVids/MyProject/Saved/Config/Windows/Engine.ini]
[2020.11.23-10.44.38:664][  0]LogConfig: Applying CVar settings from Section [/Script/UnrealEd.CookerSettings] File [C:/Users/1804824/Desktop/UnrealYouTubeRepo/UnrealAnimationPracticeVids/MyProject/Saved/Config/Windows/Engine.ini]
[2020.11.23-10.44.38:670][  0]LogConfig: Applying CVar settings from Section [ViewDistanceQuality@3] File [C:/Users/1804824/Desktop/UnrealYouTubeRepo/UnrealAnimationPracticeVids/MyProject/Saved/Config/Windows/Scalability.ini]
[2020.11.23-10.44.38:670][  0]LogConfig: Setting CVar [[r.SkeletalMeshLODBias:0]]
[2020.11.23-10.44.38:670][  0]LogConfig: Setting CVar [[r.ViewDistanceScale:1.0]]
[2020.11.23-10.44.38:670][  0]LogConfig: Applying CVar settings from Section [AntiAliasingQuality@3] File [C:/Users/1804824/Desktop/UnrealYouTubeRepo/UnrealAnimationPracticeVids/MyProject/Saved/Config/Windows/Scalability.ini]
[2020.11.23-10.44.38:670][  0]LogConfig: Setting CVar [[r.PostProcessAAQuality:4]]
[2020.11.23-10.44.38:670][  0]LogConfig: Applying CVar settings from Section [ShadowQuality@3] File [C:/Users/1804824/Desktop/UnrealYouTubeRepo/UnrealAnimationPracticeVids/MyProject/Saved/Config/Windows/Scalability.ini]
[2020.11.23-10.44.38:670][  0]LogConfig: Setting CVar [[r.LightFunctionQuality:1]]
[2020.11.23-10.44.38:670][  0]LogConfig: Setting CVar [[r.ShadowQuality:5]]
[2020.11.23-10.44.38:670][  0]LogConfig: Setting CVar [[r.Shadow.CSM.MaxCascades:10]]
[2020.11.23-10.44.38:670][  0]LogConfig: Setting CVar [[r.Shadow.MaxResolution:2048]]
[2020.11.23-10.44.38:671][  0]LogConfig: Setting CVar [[r.Shadow.MaxCSMResolution:2048]]
[2020.11.23-10.44.38:671][  0]LogConfig: Setting CVar [[r.Shadow.RadiusThreshold:0.01]]
[2020.11.23-10.44.38:671][  0]LogConfig: Setting CVar [[r.Shadow.DistanceScale:1.0]]
[2020.11.23-10.44.38:671][  0]LogConfig: Setting CVar [[r.Shadow.CSM.TransitionScale:1.0]]
[2020.11.23-10.44.38:671][  0]LogConfig: Setting CVar [[r.Shadow.PreShadowResolutionFactor:1.0]]
[2020.11.23-10.44.38:671][  0]LogConfig: Setting CVar [[r.DistanceFieldShadowing:1]]
[2020.11.23-10.44.38:671][  0]LogConfig: Setting CVar [[r.DistanceFieldAO:1]]
[2020.11.23-10.44.38:671][  0]LogConfig: Setting CVar [[r.AOQuality:2]]
[2020.11.23-10.44.38:671][  0]LogConfig: Setting CVar [[r.VolumetricFog:1]]
[2020.11.23-10.44.38:671][  0]LogConfig: Setting CVar [[r.VolumetricFog.GridPixelSize:8]]
[2020.11.23-10.44.38:671][  0]LogConfig: Setting CVar [[r.VolumetricFog.GridSizeZ:128]]
[2020.11.23-10.44.38:671][  0]LogConfig: Setting CVar [[r.VolumetricFog.HistoryMissSupersampleCount:4]]
[2020.11.23-10.44.38:671][  0]LogConfig: Setting CVar [[r.LightMaxDrawDistanceScale:1]]
[2020.11.23-10.44.38:671][  0]LogConfig: Setting CVar [[r.CapsuleShadows:1]]
[2020.11.23-10.44.38:671][  0]LogConfig: Applying CVar settings from Section [PostProcessQuality@3] File [C:/Users/1804824/Desktop/UnrealYouTubeRepo/UnrealAnimationPracticeVids/MyProject/Saved/Config/Windows/Scalability.ini]
[2020.11.23-10.44.38:671][  0]LogConfig: Setting CVar [[r.MotionBlurQuality:4]]
[2020.11.23-10.44.38:671][  0]LogConfig: Setting CVar [[r.AmbientOcclusionMipLevelFactor:0.4]]
[2020.11.23-10.44.38:671][  0]LogConfig: Setting CVar [[r.AmbientOcclusionMaxQuality:100]]
[2020.11.23-10.44.38:671][  0]LogConfig: Setting CVar [[r.AmbientOcclusionLevels:-1]]
[2020.11.23-10.44.38:671][  0]LogConfig: Setting CVar [[r.AmbientOcclusionRadiusScale:1.0]]
[2020.11.23-10.44.38:672][  0]LogConfig: Setting CVar [[r.DepthOfFieldQuality:2]]
[2020.11.23-10.44.38:672][  0]LogConfig: Setting CVar [[r.RenderTargetPoolMin:400]]
[2020.11.23-10.44.38:672][  0]LogConfig: Setting CVar [[r.LensFlareQuality:2]]
[2020.11.23-10.44.38:672][  0]LogConfig: Setting CVar [[r.SceneColorFringeQuality:1]]
[2020.11.23-10.44.38:672][  0]LogConfig: Setting CVar [[r.EyeAdaptationQuality:2]]
[2020.11.23-10.44.38:672][  0]LogConfig: Setting CVar [[r.BloomQuality:5]]
[2020.11.23-10.44.38:672][  0]LogConfig: Setting CVar [[r.FastBlurThreshold:100]]
[2020.11.23-10.44.38:672][  0]LogConfig: Setting CVar [[r.Upscale.Quality:3]]
[2020.11.23-10.44.38:672][  0]LogConfig: Setting CVar [[r.Tonemapper.GrainQuantization:1]]
[2020.11.23-10.44.38:672][  0]LogConfig: Setting CVar [[r.LightShaftQuality:1]]
[2020.11.23-10.44.38:672][  0]LogConfig: Setting CVar [[r.Filter.SizeScale:1]]
[2020.11.23-10.44.38:672][  0]LogConfig: Setting CVar [[r.Tonemapper.Quality:5]]
[2020.11.23-10.44.38:672][  0]LogConfig: Setting CVar [[r.DOF.Gather.AccumulatorQuality:1        ; higher gathering accumulator quality]]
[2020.11.23-10.44.38:672][  0]LogConfig: Setting CVar [[r.DOF.Gather.PostfilterMethod:1          ; Median3x3 postfilering method]]
[2020.11.23-10.44.38:672][  0]LogConfig: Setting CVar [[r.DOF.Gather.EnableBokehSettings:0       ; no bokeh simulation when gathering]]
[2020.11.23-10.44.38:672][  0]LogConfig: Setting CVar [[r.DOF.Gather.RingCount:4                 ; medium number of samples when gathering]]
[2020.11.23-10.44.38:672][  0]LogConfig: Setting CVar [[r.DOF.Scatter.ForegroundCompositing:1    ; additive foreground scattering]]
[2020.11.23-10.44.38:672][  0]LogConfig: Setting CVar [[r.DOF.Scatter.BackgroundCompositing:2    ; additive background scattering]]
[2020.11.23-10.44.38:672][  0]LogConfig: Setting CVar [[r.DOF.Scatter.EnableBokehSettings:1      ; bokeh simulation when scattering]]
[2020.11.23-10.44.38:672][  0]LogConfig: Setting CVar [[r.DOF.Scatter.MaxSpriteRatio:0.1         ; only a maximum of 10% of scattered bokeh]]
[2020.11.23-10.44.38:672][  0]LogConfig: Setting CVar [[r.DOF.Recombine.Quality:1                ; cheap slight out of focus]]
[2020.11.23-10.44.38:672][  0]LogConfig: Setting CVar [[r.DOF.Recombine.EnableBokehSettings:0    ; no bokeh simulation on slight out of focus]]
[2020.11.23-10.44.38:672][  0]LogConfig: Setting CVar [[r.DOF.TemporalAAQuality:1                ; more stable temporal accumulation]]
[2020.11.23-10.44.38:672][  0]LogConfig: Setting CVar [[r.DOF.Kernel.MaxForegroundRadius:0.025]]
[2020.11.23-10.44.38:672][  0]LogConfig: Setting CVar [[r.DOF.Kernel.MaxBackgroundRadius:0.025]]
[2020.11.23-10.44.38:672][  0]LogConfig: Applying CVar settings from Section [TextureQuality@3] File [C:/Users/1804824/Desktop/UnrealYouTubeRepo/UnrealAnimationPracticeVids/MyProject/Saved/Config/Windows/Scalability.ini]
[2020.11.23-10.44.38:673][  0]LogConfig: Setting CVar [[r.Streaming.MipBias:0]]
[2020.11.23-10.44.38:673][  0]LogConfig: Setting CVar [[r.Streaming.AmortizeCPUToGPUCopy:0]]
[2020.11.23-10.44.38:673][  0]LogConfig: Setting CVar [[r.Streaming.MaxNumTexturesToStreamPerFrame:0]]
[2020.11.23-10.44.38:673][  0]LogConfig: Setting CVar [[r.Streaming.Boost:1]]
[2020.11.23-10.44.38:673][  0]LogConfig: Setting CVar [[r.MaxAnisotropy:8]]
[2020.11.23-10.44.38:673][  0]LogConfig: Setting CVar [[r.Streaming.LimitPoolSizeToVRAM:0]]
[2020.11.23-10.44.38:673][  0]LogConfig: Setting CVar [[r.Streaming.PoolSize:1000]]
[2020.11.23-10.44.38:673][  0]LogConfig: Setting CVar [[r.Streaming.MaxEffectiveScreenSize:0]]
[2020.11.23-10.44.38:673][  0]LogConfig: Applying CVar settings from Section [EffectsQuality@3] File [C:/Users/1804824/Desktop/UnrealYouTubeRepo/UnrealAnimationPracticeVids/MyProject/Saved/Config/Windows/Scalability.ini]
[2020.11.23-10.44.38:673][  0]LogConfig: Setting CVar [[r.TranslucencyLightingVolumeDim:64]]
[2020.11.23-10.44.38:673][  0]LogConfig: Setting CVar [[r.RefractionQuality:2]]
[2020.11.23-10.44.38:673][  0]LogConfig: Setting CVar [[r.SSR.Quality:3]]
[2020.11.23-10.44.38:673][  0]LogConfig: Setting CVar [[r.SceneColorFormat:4]]
[2020.11.23-10.44.38:673][  0]LogConfig: Setting CVar [[r.DetailMode:2]]
[2020.11.23-10.44.38:673][  0]LogConfig: Setting CVar [[r.TranslucencyVolumeBlur:1]]
[2020.11.23-10.44.38:673][  0]LogConfig: Setting CVar [[r.MaterialQualityLevel:1 ; High quality]]
[2020.11.23-10.44.38:673][  0]LogConfig: Setting CVar [[r.SSS.Scale:1]]
[2020.11.23-10.44.38:673][  0]LogConfig: Setting CVar [[r.SSS.SampleSet:2]]
[2020.11.23-10.44.38:673][  0]LogConfig: Setting CVar [[r.SSS.Quality:1]]
[2020.11.23-10.44.38:673][  0]LogConfig: Setting CVar [[r.SSS.HalfRes:1]]
[2020.11.23-10.44.38:673][  0]LogConfig: Setting CVar [[r.EmitterSpawnRateScale:1.0]]
[2020.11.23-10.44.38:673][  0]LogConfig: Setting CVar [[r.ParticleLightQuality:2]]
[2020.11.23-10.44.38:673][  0]LogConfig: Applying CVar settings from Section [FoliageQuality@3] File [C:/Users/1804824/Desktop/UnrealYouTubeRepo/UnrealAnimationPracticeVids/MyProject/Saved/Config/Windows/Scalability.ini]
[2020.11.23-10.44.38:673][  0]LogConfig: Setting CVar [[foliage.DensityScale:1.0]]
[2020.11.23-10.44.38:673][  0]LogConfig: Setting CVar [[grass.DensityScale:1.0]]
[2020.11.23-10.44.38:673][  0]LogInit: Selected Device Profile: [Windows]
[2020.11.23-10.44.38:674][  0]LogInit: Applying CVar settings loaded from the selected device profile: [Windows]
[2020.11.23-10.44.38:681][  0]LogHAL: Display: Platform has ~ 32 GB [34169503744 / 34359738368 / 32], which maps to Largest [LargestMinGB=32, LargerMinGB=12, DefaultMinGB=8, SmallerMinGB=6, SmallestMinGB=0)
[2020.11.23-10.44.38:682][  0]LogConfig: Setting CVar [[r.Vulkan.UseRealUBs:0		; Required until we fix HLR fall-out]]
[2020.11.23-10.44.38:682][  0]LogInit: Going up to parent DeviceProfile []
[2020.11.23-10.44.38:682][  0]LogConfig: Applying CVar settings from Section [ViewDistanceQuality@3] File [C:/Users/1804824/Desktop/UnrealYouTubeRepo/UnrealAnimationPracticeVids/MyProject/Saved/Config/Windows/Scalability.ini]
[2020.11.23-10.44.38:682][  0]LogConfig: Setting CVar [[r.SkeletalMeshLODBias:0]]
[2020.11.23-10.44.38:682][  0]LogConfig: Setting CVar [[r.ViewDistanceScale:1.0]]
[2020.11.23-10.44.38:682][  0]LogConfig: Applying CVar settings from Section [AntiAliasingQuality@3] File [C:/Users/1804824/Desktop/UnrealYouTubeRepo/UnrealAnimationPracticeVids/MyProject/Saved/Config/Windows/Scalability.ini]
[2020.11.23-10.44.38:682][  0]LogConfig: Setting CVar [[r.PostProcessAAQuality:4]]
[2020.11.23-10.44.38:682][  0]LogConfig: Applying CVar settings from Section [ShadowQuality@3] File [C:/Users/1804824/Desktop/UnrealYouTubeRepo/UnrealAnimationPracticeVids/MyProject/Saved/Config/Windows/Scalability.ini]
[2020.11.23-10.44.38:683][  0]LogConfig: Setting CVar [[r.LightFunctionQuality:1]]
[2020.11.23-10.44.38:683][  0]LogConfig: Setting CVar [[r.ShadowQuality:5]]
[2020.11.23-10.44.38:683][  0]LogConfig: Setting CVar [[r.Shadow.CSM.MaxCascades:10]]
[2020.11.23-10.44.38:683][  0]LogConfig: Setting CVar [[r.Shadow.MaxResolution:2048]]
[2020.11.23-10.44.38:683][  0]LogConfig: Setting CVar [[r.Shadow.MaxCSMResolution:2048]]
[2020.11.23-10.44.38:683][  0]LogConfig: Setting CVar [[r.Shadow.RadiusThreshold:0.01]]
[2020.11.23-10.44.38:683][  0]LogConfig: Setting CVar [[r.Shadow.DistanceScale:1.0]]
[2020.11.23-10.44.38:683][  0]LogConfig: Setting CVar [[r.Shadow.CSM.TransitionScale:1.0]]
[2020.11.23-10.44.38:683][  0]LogConfig: Setting CVar [[r.Shadow.PreShadowResolutionFactor:1.0]]
[2020.11.23-10.44.38:683][  0]LogConfig: Setting CVar [[r.DistanceFieldShadowing:1]]
[2020.11.23-10.44.38:683][  0]LogConfig: Setting CVar [[r.DistanceFieldAO:1]]
[2020.11.23-10.44.38:683][  0]LogConfig: Setting CVar [[r.AOQuality:2]]
[2020.11.23-10.44.38:683][  0]LogConfig: Setting CVar [[r.VolumetricFog:1]]
[2020.11.23-10.44.38:683][  0]LogConfig: Setting CVar [[r.VolumetricFog.GridPixelSize:8]]
[2020.11.23-10.44.38:683][  0]LogConfig: Setting CVar [[r.VolumetricFog.GridSizeZ:128]]
[2020.11.23-10.44.38:683][  0]LogConfig: Setting CVar [[r.VolumetricFog.HistoryMissSupersampleCount:4]]
[2020.11.23-10.44.38:683][  0]LogConfig: Setting CVar [[r.LightMaxDrawDistanceScale:1]]
[2020.11.23-10.44.38:683][  0]LogConfig: Setting CVar [[r.CapsuleShadows:1]]
[2020.11.23-10.44.38:684][  0]LogConfig: Applying CVar settings from Section [PostProcessQuality@3] File [C:/Users/1804824/Desktop/UnrealYouTubeRepo/UnrealAnimationPracticeVids/MyProject/Saved/Config/Windows/Scalability.ini]
[2020.11.23-10.44.38:684][  0]LogConfig: Setting CVar [[r.MotionBlurQuality:4]]
[2020.11.23-10.44.38:684][  0]LogConfig: Setting CVar [[r.AmbientOcclusionMipLevelFactor:0.4]]
[2020.11.23-10.44.38:684][  0]LogConfig: Setting CVar [[r.AmbientOcclusionMaxQuality:100]]
[2020.11.23-10.44.38:684][  0]LogConfig: Setting CVar [[r.AmbientOcclusionLevels:-1]]
[2020.11.23-10.44.38:684][  0]LogConfig: Setting CVar [[r.AmbientOcclusionRadiusScale:1.0]]
[2020.11.23-10.44.38:684][  0]LogConfig: Setting CVar [[r.DepthOfFieldQuality:2]]
[2020.11.23-10.44.38:684][  0]LogConfig: Setting CVar [[r.RenderTargetPoolMin:400]]
[2020.11.23-10.44.38:684][  0]LogConfig: Setting CVar [[r.LensFlareQuality:2]]
[2020.11.23-10.44.38:684][  0]LogConfig: Setting CVar [[r.SceneColorFringeQuality:1]]
[2020.11.23-10.44.38:684][  0]LogConfig: Setting CVar [[r.EyeAdaptationQuality:2]]
[2020.11.23-10.44.38:684][  0]LogConfig: Setting CVar [[r.BloomQuality:5]]
[2020.11.23-10.44.38:684][  0]LogConfig: Setting CVar [[r.FastBlurThreshold:100]]
[2020.11.23-10.44.38:684][  0]LogConfig: Setting CVar [[r.Upscale.Quality:3]]
[2020.11.23-10.44.38:684][  0]LogConfig: Setting CVar [[r.Tonemapper.GrainQuantization:1]]
[2020.11.23-10.44.38:684][  0]LogConfig: Setting CVar [[r.LightShaftQuality:1]]
[2020.11.23-10.44.38:684][  0]LogConfig: Setting CVar [[r.Filter.SizeScale:1]]
[2020.11.23-10.44.38:684][  0]LogConfig: Setting CVar [[r.Tonemapper.Quality:5]]
[2020.11.23-10.44.38:684][  0]LogConfig: Setting CVar [[r.DOF.Gather.AccumulatorQuality:1        ; higher gathering accumulator quality]]
[2020.11.23-10.44.38:684][  0]LogConfig: Setting CVar [[r.DOF.Gather.PostfilterMethod:1          ; Median3x3 postfilering method]]
[2020.11.23-10.44.38:684][  0]LogConfig: Setting CVar [[r.DOF.Gather.EnableBokehSettings:0       ; no bokeh simulation when gathering]]
[2020.11.23-10.44.38:684][  0]LogConfig: Setting CVar [[r.DOF.Gather.RingCount:4                 ; medium number of samples when gathering]]
[2020.11.23-10.44.38:684][  0]LogConfig: Setting CVar [[r.DOF.Scatter.ForegroundCompositing:1    ; additive foreground scattering]]
[2020.11.23-10.44.38:685][  0]LogConfig: Setting CVar [[r.DOF.Scatter.BackgroundCompositing:2    ; additive background scattering]]
[2020.11.23-10.44.38:685][  0]LogConfig: Setting CVar [[r.DOF.Scatter.EnableBokehSettings:1      ; bokeh simulation when scattering]]
[2020.11.23-10.44.38:685][  0]LogConfig: Setting CVar [[r.DOF.Scatter.MaxSpriteRatio:0.1         ; only a maximum of 10% of scattered bokeh]]
[2020.11.23-10.44.38:685][  0]LogConfig: Setting CVar [[r.DOF.Recombine.Quality:1                ; cheap slight out of focus]]
[2020.11.23-10.44.38:685][  0]LogConfig: Setting CVar [[r.DOF.Recombine.EnableBokehSettings:0    ; no bokeh simulation on slight out of focus]]
[2020.11.23-10.44.38:685][  0]LogConfig: Setting CVar [[r.DOF.TemporalAAQuality:1                ; more stable temporal accumulation]]
[2020.11.23-10.44.38:685][  0]LogConfig: Setting CVar [[r.DOF.Kernel.MaxForegroundRadius:0.025]]
[2020.11.23-10.44.38:685][  0]LogConfig: Setting CVar [[r.DOF.Kernel.MaxBackgroundRadius:0.025]]
[2020.11.23-10.44.38:685][  0]LogConfig: Applying CVar settings from Section [TextureQuality@3] File [C:/Users/1804824/Desktop/UnrealYouTubeRepo/UnrealAnimationPracticeVids/MyProject/Saved/Config/Windows/Scalability.ini]
[2020.11.23-10.44.38:685][  0]LogConfig: Setting CVar [[r.Streaming.MipBias:0]]
[2020.11.23-10.44.38:685][  0]LogConfig: Setting CVar [[r.Streaming.AmortizeCPUToGPUCopy:0]]
[2020.11.23-10.44.38:685][  0]LogConfig: Setting CVar [[r.Streaming.MaxNumTexturesToStreamPerFrame:0]]
[2020.11.23-10.44.38:685][  0]LogConfig: Setting CVar [[r.Streaming.Boost:1]]
[2020.11.23-10.44.38:685][  0]LogConfig: Setting CVar [[r.MaxAnisotropy:8]]
[2020.11.23-10.44.38:685][  0]LogConfig: Setting CVar [[r.Streaming.LimitPoolSizeToVRAM:0]]
[2020.11.23-10.44.38:685][  0]LogConfig: Setting CVar [[r.Streaming.PoolSize:1000]]
[2020.11.23-10.44.38:685][  0]LogConfig: Setting CVar [[r.Streaming.MaxEffectiveScreenSize:0]]
[2020.11.23-10.44.38:685][  0]LogConfig: Applying CVar settings from Section [EffectsQuality@3] File [C:/Users/1804824/Desktop/UnrealYouTubeRepo/UnrealAnimationPracticeVids/MyProject/Saved/Config/Windows/Scalability.ini]
[2020.11.23-10.44.38:685][  0]LogConfig: Setting CVar [[r.TranslucencyLightingVolumeDim:64]]
[2020.11.23-10.44.38:685][  0]LogConfig: Setting CVar [[r.RefractionQuality:2]]
[2020.11.23-10.44.38:685][  0]LogConfig: Setting CVar [[r.SSR.Quality:3]]
[2020.11.23-10.44.38:685][  0]LogConfig: Setting CVar [[r.SceneColorFormat:4]]
[2020.11.23-10.44.38:685][  0]LogConfig: Setting CVar [[r.DetailMode:2]]
[2020.11.23-10.44.38:685][  0]LogConfig: Setting CVar [[r.TranslucencyVolumeBlur:1]]
[2020.11.23-10.44.38:686][  0]LogConfig: Setting CVar [[r.MaterialQualityLevel:1 ; High quality]]
[2020.11.23-10.44.38:686][  0]LogConfig: Setting CVar [[r.SSS.Scale:1]]
[2020.11.23-10.44.38:686][  0]LogConfig: Setting CVar [[r.SSS.SampleSet:2]]
[2020.11.23-10.44.38:686][  0]LogConfig: Setting CVar [[r.SSS.Quality:1]]
[2020.11.23-10.44.38:686][  0]LogConfig: Setting CVar [[r.SSS.HalfRes:1]]
[2020.11.23-10.44.38:686][  0]LogConfig: Setting CVar [[r.EmitterSpawnRateScale:1.0]]
[2020.11.23-10.44.38:686][  0]LogConfig: Setting CVar [[r.ParticleLightQuality:2]]
[2020.11.23-10.44.38:686][  0]LogConfig: Applying CVar settings from Section [FoliageQuality@3] File [C:/Users/1804824/Desktop/UnrealYouTubeRepo/UnrealAnimationPracticeVids/MyProject/Saved/Config/Windows/Scalability.ini]
[2020.11.23-10.44.38:686][  0]LogConfig: Setting CVar [[foliage.DensityScale:1.0]]
[2020.11.23-10.44.38:686][  0]LogConfig: Setting CVar [[grass.DensityScale:1.0]]
[2020.11.23-10.44.38:686][  0]LogConfig: Applying CVar settings from Section [Startup] File [../../../Engine/Config/ConsoleVariables.ini]
[2020.11.23-10.44.38:686][  0]LogConfig: Setting CVar [[net.UseAdaptiveNetUpdateFrequency:0]]
[2020.11.23-10.44.38:686][  0]LogConfig: Setting CVar [[p.chaos.AllowCreatePhysxBodies:1]]
[2020.11.23-10.44.38:686][  0]LogConfig: Applying CVar settings from Section [ConsoleVariables] File [C:/Users/1804824/Desktop/UnrealYouTubeRepo/UnrealAnimationPracticeVids/MyProject/Saved/Config/Windows/Engine.ini]
[2020.11.23-10.44.38:686][  0]LogInit: Computer: UL04PCJL11D-18
[2020.11.23-10.44.38:686][  0]LogInit: User: 1804824
[2020.11.23-10.44.38:687][  0]LogInit: CPU Page size=4096, Cores=8
[2020.11.23-10.44.38:687][  0]LogInit: High frequency timer resolution =10.000000 MHz
[2020.11.23-10.44.38:687][  0]LogMemory: Memory total: Physical=31.8GB (32GB approx)
[2020.11.23-10.44.38:687][  0]LogMemory: Platform Memory Stats for Windows
[2020.11.23-10.44.38:687][  0]LogMemory: Process Physical Memory: 102.96 MB used, 102.97 MB peak
[2020.11.23-10.44.38:687][  0]LogMemory: Process Virtual Memory: 99.11 MB used, 99.11 MB peak
[2020.11.23-10.44.38:687][  0]LogMemory: Physical Memory: 11321.07 MB used,  21265.50 MB free, 32586.58 MB total
[2020.11.23-10.44.38:687][  0]LogMemory: Virtual Memory: 4684.23 MB used,  134213040.00 MB free, 134217728.00 MB total
[2020.11.23-10.44.38:857][  0]LogInit: Using OS detected language (en-US).
[2020.11.23-10.44.38:857][  0]LogInit: Using OS detected locale (en-GB).
[2020.11.23-10.44.38:858][  0]LogTextLocalizationManager: No specific localization for 'en-US' exists, so the 'en' localization will be used.
[2020.11.23-10.44.38:967][  0]LogInit: Setting process to per monitor DPI aware
[2020.11.23-10.44.39:005][  0]LogSlate: New Slate User Created.  User Index 0, Is Virtual User: 0
[2020.11.23-10.44.39:005][  0]LogSlate: Slate User Registered.  User Index 0, Is Virtual User: 0
[2020.11.23-10.44.39:251][  0]LogHMD: Failed to initialize OpenVR with code 110
[2020.11.23-10.44.39:251][  0]LogD3D11RHI: D3D11 adapters:
[2020.11.23-10.44.39:336][  0]LogD3D11RHI:    0. 'NVIDIA GeForce RTX 2080' (Feature Level 11_0)
[2020.11.23-10.44.39:336][  0]LogD3D11RHI:       8010/0/16293 MB DedicatedVideo/DedicatedSystem/SharedSystem, Outputs:2, VendorId:0x10de
[2020.11.23-10.44.39:374][  0]LogD3D11RHI:    1. 'Intel(R) UHD Graphics 630' (Feature Level 11_0)
[2020.11.23-10.44.39:374][  0]LogD3D11RHI:       128/0/16293 MB DedicatedVideo/DedicatedSystem/SharedSystem, Outputs:0, VendorId:0x8086
[2020.11.23-10.44.39:378][  0]LogD3D11RHI:    2. 'Microsoft Basic Render Driver' (Feature Level 11_0)
[2020.11.23-10.44.39:378][  0]LogD3D11RHI:       0/0/16293 MB DedicatedVideo/DedicatedSystem/SharedSystem, Outputs:0, VendorId:0x1414
[2020.11.23-10.44.39:378][  0]LogD3D11RHI: Chosen D3D11 Adapter: 0
[2020.11.23-10.44.39:389][  0]LogD3D11RHI: Creating new Direct3DDevice
[2020.11.23-10.44.39:389][  0]LogD3D11RHI:     GPU DeviceId: 0x1e87 (for the marketing name, search the web for "GPU Device Id")
[2020.11.23-10.44.39:389][  0]LogWindows: EnumDisplayDevices:
[2020.11.23-10.44.39:389][  0]LogWindows:    0. 'NVIDIA GeForce RTX 2080' (P:1 D:1)
[2020.11.23-10.44.39:390][  0]LogWindows:    1. 'NVIDIA GeForce RTX 2080' (P:0 D:1)
[2020.11.23-10.44.39:390][  0]LogWindows:    2. 'NVIDIA GeForce RTX 2080' (P:0 D:0)
[2020.11.23-10.44.39:390][  0]LogWindows:    3. 'NVIDIA GeForce RTX 2080' (P:0 D:0)
[2020.11.23-10.44.39:391][  0]LogWindows:    4. 'Intel(R) UHD Graphics 630' (P:0 D:0)
[2020.11.23-10.44.39:391][  0]LogWindows:    5. 'Intel(R) UHD Graphics 630' (P:0 D:0)
[2020.11.23-10.44.39:391][  0]LogWindows:    6. 'Intel(R) UHD Graphics 630' (P:0 D:0)
[2020.11.23-10.44.39:391][  0]LogWindows: DebugString: PrimaryIsNotTheChoosenAdapter PrimaryIsNotTheChoosenAdapter PrimaryIsNotTheChoosenAdapter FoundDriverCount:4 
[2020.11.23-10.44.39:391][  0]LogD3D11RHI:     Adapter Name: NVIDIA GeForce RTX 2080
[2020.11.23-10.44.39:391][  0]LogD3D11RHI:   Driver Version: 436.15 (internal:26.21.14.3615, unified:436.15)
[2020.11.23-10.44.39:391][  0]LogD3D11RHI:      Driver Date: 8-24-2019
[2020.11.23-10.44.39:391][  0]LogRHI: Texture pool is 5607 MB (70% of 8010 MB)
[2020.11.23-10.44.39:434][  0]LogD3D11RHI: Async texture creation enabled
[2020.11.23-10.44.39:437][  0]LogRendererCore: FGlobalReadBuffer::InitRHI
[2020.11.23-10.44.39:437][  0]LogRendererCore: FGlobalReadBuffer::InitRHI
[2020.11.23-10.44.39:437][  0]LogRendererCore: FGlobalReadBuffer::InitRHI
[2020.11.23-10.44.39:444][  0]LogD3D11RHI: GPU Timing Frequency: 1000.000000 (Debug: 2 1)
[2020.11.23-10.44.39:739][  0]LogTemp: Display: Module 'AllDesktopTargetPlatform' loaded TargetPlatform 'AllDesktop'
[2020.11.23-10.44.39:752][  0]LogTemp: Display: Module 'MacClientTargetPlatform' loaded TargetPlatform 'MacClient'
[2020.11.23-10.44.39:765][  0]LogTemp: Display: Module 'MacNoEditorTargetPlatform' loaded TargetPlatform 'MacNoEditor'
[2020.11.23-10.44.39:777][  0]LogTemp: Display: Module 'MacServerTargetPlatform' loaded TargetPlatform 'MacServer'
[2020.11.23-10.44.39:791][  0]LogTemp: Display: Module 'MacTargetPlatform' loaded TargetPlatform 'Mac'
[2020.11.23-10.44.39:803][  0]LogTemp: Display: Module 'WindowsClientTargetPlatform' loaded TargetPlatform 'WindowsClient'
[2020.11.23-10.44.39:816][  0]LogTemp: Display: Module 'WindowsNoEditorTargetPlatform' loaded TargetPlatform 'WindowsNoEditor'
[2020.11.23-10.44.39:829][  0]LogTemp: Display: Module 'WindowsServerTargetPlatform' loaded TargetPlatform 'WindowsServer'
[2020.11.23-10.44.39:835][  0]LogTemp: Display: Module 'WindowsTargetPlatform' loaded TargetPlatform 'Windows'
[2020.11.23-10.44.39:897][  0]LogTemp: Display: Module 'AndroidTargetPlatform' loaded TargetPlatform 'Android'
[2020.11.23-10.44.39:897][  0]LogTemp: Display: Module 'AndroidTargetPlatform' loaded TargetPlatform 'Android_ASTC'
[2020.11.23-10.44.39:897][  0]LogTemp: Display: Module 'AndroidTargetPlatform' loaded TargetPlatform 'Android_ATC'
[2020.11.23-10.44.39:897][  0]LogTemp: Display: Module 'AndroidTargetPlatform' loaded TargetPlatform 'Android_DXT'
[2020.11.23-10.44.39:897][  0]LogTemp: Display: Module 'AndroidTargetPlatform' loaded TargetPlatform 'Android_ETC1'
[2020.11.23-10.44.39:897][  0]LogTemp: Display: Module 'AndroidTargetPlatform' loaded TargetPlatform 'Android_ETC1a'
[2020.11.23-10.44.39:897][  0]LogTemp: Display: Module 'AndroidTargetPlatform' loaded TargetPlatform 'Android_ETC2'
[2020.11.23-10.44.39:898][  0]LogTemp: Display: Module 'AndroidTargetPlatform' loaded TargetPlatform 'Android_PVRTC'
[2020.11.23-10.44.39:898][  0]LogTemp: Display: Module 'AndroidTargetPlatform' loaded TargetPlatform 'AndroidClient'
[2020.11.23-10.44.39:898][  0]LogTemp: Display: Module 'AndroidTargetPlatform' loaded TargetPlatform 'Android_ASTCClient'
[2020.11.23-10.44.39:898][  0]LogTemp: Display: Module 'AndroidTargetPlatform' loaded TargetPlatform 'Android_ATCClient'
[2020.11.23-10.44.39:898][  0]LogTemp: Display: Module 'AndroidTargetPlatform' loaded TargetPlatform 'Android_DXTClient'
[2020.11.23-10.44.39:898][  0]LogTemp: Display: Module 'AndroidTargetPlatform' loaded TargetPlatform 'Android_ETC1Client'
[2020.11.23-10.44.39:898][  0]LogTemp: Display: Module 'AndroidTargetPlatform' loaded TargetPlatform 'Android_ETC1aClient'
[2020.11.23-10.44.39:898][  0]LogTemp: Display: Module 'AndroidTargetPlatform' loaded TargetPlatform 'Android_ETC2Client'
[2020.11.23-10.44.39:898][  0]LogTemp: Display: Module 'AndroidTargetPlatform' loaded TargetPlatform 'Android_PVRTCClient'
[2020.11.23-10.44.39:898][  0]LogTemp: Display: Module 'AndroidTargetPlatform' loaded TargetPlatform 'Android_Multi'
[2020.11.23-10.44.39:898][  0]LogTemp: Display: Module 'AndroidTargetPlatform' loaded TargetPlatform 'Android_MultiClient'
[2020.11.23-10.44.39:901][  0]LogTemp: Display: Module 'HTML5TargetPlatform' loaded TargetPlatform 'HTML5'
[2020.11.23-10.44.39:952][  0]LogTemp: Display: Module 'IOSTargetPlatform' loaded TargetPlatform 'IOSClient'
[2020.11.23-10.44.39:952][  0]LogTemp: Display: Module 'IOSTargetPlatform' loaded TargetPlatform 'IOS'
[2020.11.23-10.44.39:973][  0]LogTemp: Display: Module 'TVOSTargetPlatform' loaded TargetPlatform 'TVOSClient'
[2020.11.23-10.44.39:974][  0]LogTemp: Display: Module 'TVOSTargetPlatform' loaded TargetPlatform 'TVOS'
[2020.11.23-10.44.39:985][  0]LogTemp: Display: Module 'LinuxClientTargetPlatform' loaded TargetPlatform 'LinuxClient'
[2020.11.23-10.44.39:996][  0]LogTemp: Display: Module 'LinuxNoEditorTargetPlatform' loaded TargetPlatform 'LinuxNoEditor'
[2020.11.23-10.44.40:008][  0]LogTemp: Display: Module 'LinuxServerTargetPlatform' loaded TargetPlatform 'LinuxServer'
[2020.11.23-10.44.40:020][  0]LogTemp: Display: Module 'LinuxTargetPlatform' loaded TargetPlatform 'Linux'
[2020.11.23-10.44.40:063][  0]LogTemp: Display: Module 'LuminTargetPlatform' loaded TargetPlatform 'Lumin'
[2020.11.23-10.44.40:064][  0]LogTemp: Display: Module 'LuminTargetPlatform' loaded TargetPlatform 'LuminClient'
[2020.11.23-10.44.40:064][  0]LogTargetPlatformManager: Display: Building Assets For Windows
[2020.11.23-10.44.40:077][  0]LogAudioDebug: Display: Lib vorbis DLL was dynamically loaded.
[2020.11.23-10.44.40:148][  0]LogShaderCompilers: Guid format shader working directory is -45 characters bigger than the processId version (../../../../../Users/1804824/Desktop/UnrealYouTubeRepo/UnrealAnimationPracticeVids/MyProject/Intermediate/Shaders/WorkingDirectory/22468/).
[2020.11.23-10.44.40:149][  0]LogShaderCompilers: Cleaned the shader compiler working directory 'C:/Users/1804824/AppData/Local/Temp/UnrealShaderWorkingDir/0BC19F014118CD66339206B499DBA801/'.
[2020.11.23-10.44.40:150][  0]LogXGEController: Cleaning working directory: C:/Users/1804824/AppData/Local/Temp/UnrealXGEWorkingDir/
[2020.11.23-10.44.40:151][  0]LogXGEController: Cannot use XGE Controller as Incredibuild is not installed on this machine.
[2020.11.23-10.44.40:151][  0]LogShaderCompilers: Cannot use XGE Shader Compiler as Incredibuild is not installed on this machine.
[2020.11.23-10.44.40:151][  0]LogShaderCompilers: Display: Using Local Shader Compiler.
[2020.11.23-10.44.40:613][  0]LogDerivedDataCache: Display: Max Cache Size: 512 MB
[2020.11.23-10.44.40:649][  0]LogDerivedDataCache: Loaded boot cache 0.04s 76MB C:/Users/1804824/AppData/Local/UnrealEngine/4.22/DerivedDataCache/Boot.ddc.
[2020.11.23-10.44.40:650][  0]LogDerivedDataCache: Display: Loaded Boot cache: C:/Users/1804824/AppData/Local/UnrealEngine/4.22/DerivedDataCache/Boot.ddc
[2020.11.23-10.44.40:650][  0]LogDerivedDataCache: FDerivedDataBackendGraph:  Pak pak cache file ../../../../../Users/1804824/Desktop/UnrealYouTubeRepo/UnrealAnimationPracticeVids/MyProject/DerivedDataCache/DDC.ddp not found, will not use a pak cache.
[2020.11.23-10.44.40:650][  0]LogDerivedDataCache: Unable to find inner node Pak for hierarchical cache Hierarchy.
[2020.11.23-10.44.40:650][  0]LogDerivedDataCache: FDerivedDataBackendGraph:  CompressedPak pak cache file ../../../../../Users/1804824/Desktop/UnrealYouTubeRepo/UnrealAnimationPracticeVids/MyProject/DerivedDataCache/Compressed.ddp not found, will not use a pak cache.
[2020.11.23-10.44.40:650][  0]LogDerivedDataCache: Unable to find inner node CompressedPak for hierarchical cache Hierarchy.
[2020.11.23-10.44.40:660][  0]LogDerivedDataCache: Display: Pak cache opened for reading ../../../Engine/DerivedDataCache/Compressed.ddp.
[2020.11.23-10.44.40:660][  0]LogDerivedDataCache: FDerivedDataBackendGraph:  EnterprisePak pak cache file ../../../Enterprise/DerivedDataCache/Compressed.ddp not found, will not use a pak cache.
[2020.11.23-10.44.40:660][  0]LogDerivedDataCache: Unable to find inner node EnterprisePak for hierarchical cache Hierarchy.
[2020.11.23-10.44.40:673][  0]LogDerivedDataCache: Using Local data cache path C:/Users/1804824/AppData/Local/UnrealEngine/Common/DerivedDataCache: Writable
[2020.11.23-10.44.40:673][  0]LogDerivedDataCache: Shared data cache path not found in *engine.ini, will not use an Shared cache.
[2020.11.23-10.44.40:673][  0]LogDerivedDataCache: Unable to find inner node Shared for hierarchical cache Hierarchy.
[2020.11.23-10.44.40:689][  0]LogMaterial: Verifying Global Shaders for PCD3D_SM5
[2020.11.23-10.44.40:690][  0]LogSlate: Using FreeType 2.6.0
[2020.11.23-10.44.40:691][  0]LogSlate: SlateFontServices - WITH_FREETYPE: 1, WITH_HARFBUZZ: 1
[2020.11.23-10.44.40:788][  0]LogAssetRegistry: FAssetRegistry took 0.0339 seconds to start up
[2020.11.23-10.44.41:029][  0]LogInit: Selected Device Profile: [Windows]
[2020.11.23-10.44.41:146][  0]LogMeshReduction: Using QuadricMeshReduction for automatic static mesh reduction
[2020.11.23-10.44.41:146][  0]LogMeshReduction: Using SimplygonMeshReduction for automatic skeletal mesh reduction
[2020.11.23-10.44.41:146][  0]LogMeshReduction: Using ProxyLODMeshReduction for automatic mesh merging
[2020.11.23-10.44.41:146][  0]LogMeshReduction: No distributed automatic mesh merging module available
[2020.11.23-10.44.41:147][  0]LogMeshMerging: No distributed automatic mesh merging module available
[2020.11.23-10.44.41:154][  0]LogNetVersion: MyProject 1.0.0, NetCL: 5660361, EngineNetVer: 10, GameNetVer: 0 (Checksum: 2788865488)
[2020.11.23-10.44.41:442][  0]LogPackageLocalizationCache: Processed 10 localized package path(s) for 1 prioritized culture(s) in 0.029094 seconds
[2020.11.23-10.44.41:449][  0]LogUObjectArray: 42205 objects as part of root set at end of initial load.
[2020.11.23-10.44.41:449][  0]LogUObjectAllocator: 7325032 out of 0 bytes used by permanent object pool.
[2020.11.23-10.44.41:449][  0]LogUObjectArray: CloseDisregardForGC: 0/0 objects in disregard for GC pool
[2020.11.23-10.44.42:408][  0]LogTcpMessaging: Initializing TcpMessaging bridge
[2020.11.23-10.44.42:425][  0]LogUdpMessaging: Initializing bridge on interface 0.0.0.0:0 to multicast group 230.0.0.1:6666.
[2020.11.23-10.44.42:674][  0]SourceControl: Source control is disabled
[2020.11.23-10.44.42:674][  0]SourceControl: Source control is disabled
[2020.11.23-10.44.42:677][  0]SourceControl: Source control is disabled
[2020.11.23-10.44.42:679][  0]SourceControl: Source control is disabled
[2020.11.23-10.44.42:799][  0]LogAndroidPermission: UAndroidPermissionCallbackProxy::GetInstance
[2020.11.23-10.44.43:021][  0]LogOcInput: OculusInput pre-init called
[2020.11.23-10.44.43:836][  0]LogEngine: Initializing Engine...
[2020.11.23-10.44.43:837][  0]LogHMD: Failed to initialize OpenVR with code 110
[2020.11.23-10.44.43:838][  0]LogStats: UGameplayTagsManager::InitializeManager -  0.000 s
[2020.11.23-10.44.43:991][  0]LogInit: Initializing FReadOnlyCVARCache
[2020.11.23-10.44.44:003][  0]LogAIModule: Creating AISystem for world Untitled
[2020.11.23-10.44.44:057][  0]LogInit: XAudio2 using 'Headphones (HD 4.40BT Stereo)' : 2 channels at 44.1 kHz using 16 bits per sample (channel mask 0x3)
[2020.11.23-10.44.44:077][  0]LogInit: FAudioDevice initialized.
[2020.11.23-10.44.44:077][  0]LogNetVersion: Set ProjectVersion to 1.0.0.0. Version Checksum will be recalculated on next use.
[2020.11.23-10.44.44:117][  0]LogDerivedDataCache: Saved boot cache 0.04s 76MB C:/Users/1804824/AppData/Local/UnrealEngine/4.22/DerivedDataCache/Boot.ddc.
[2020.11.23-10.44.44:120][  0]LogInit: Texture streaming: Enabled
[2020.11.23-10.44.44:143][  0]LogEngineSessionManager: EngineSessionManager initialized
[2020.11.23-10.44.44:143][  0]LogEngineSessionManager: EngineSessionManager sent abnormal shutdown report. Type=Debugger, SessionId={D5C8DB20-4CF2-B52B-1FBD-4AB20DDADD4C}
[2020.11.23-10.44.44:159][  0]LogInit: Transaction tracking system initialized
[2020.11.23-10.44.44:185][  0]BlueprintLog: New page: Editor Load
[2020.11.23-10.44.44:280][  0]LocalizationService: Localization service is disabled
[2020.11.23-10.44.44:550][  0]LogFileCache: Scanning file cache for directory 'C:/Users/1804824/Desktop/UnrealYouTubeRepo/UnrealAnimationPracticeVids/MyProject/Content/' took 0.02s
[2020.11.23-10.44.44:551][  0]LogCook: Display: Max memory allowance for cook 16384mb min free memory 0mb
[2020.11.23-10.44.44:551][  0]LogCook: Display: Mobile HDR setting 1
[2020.11.23-10.44.44:752][  0]SourceControl: Source control is disabled
[2020.11.23-10.44.44:753][  0]LightingResults: New page: Lighting Build
[2020.11.23-10.44.44:755][  0]MapCheck: New page: Map Check
[2020.11.23-10.44.44:755][  0]LightingResults: New page: Lighting Build
[2020.11.23-10.44.44:779][  0]LogUObjectHash: Compacting FUObjectHashTables data took   1.38ms
[2020.11.23-10.44.44:846][  0]LogAIModule: Creating AISystem for world ThirdPersonExampleMap
[2020.11.23-10.44.44:854][  0]LogEditorServer: Finished looking for orphan Actors (0.000 secs)
[2020.11.23-10.44.44:880][  0]LogUObjectHash: Compacting FUObjectHashTables data took   1.46ms
[2020.11.23-10.44.44:881][  0]Cmd: MAP CHECKDEP NOCLEARLOG
[2020.11.23-10.44.44:881][  0]MapCheck: Map check complete: 0 Error(s), 0 Warning(s), took 0.121ms to complete.
[2020.11.23-10.44.44:881][  0]LogFileHelpers: Loading map 'ThirdPersonExampleMap' took 0.129
[2020.11.23-10.44.44:985][  0]LogSlate: Updating window title bar state: overlay mode, drag disabled, window buttons hidden, title bar hidden
[2020.11.23-10.44.44:990][  0]LogSlate: Updating window title bar state: overlay mode, drag disabled, window buttons hidden, title bar hidden
[2020.11.23-10.44.44:995][  0]LogSlate: Updating window title bar state: overlay mode, drag disabled, window buttons hidden, title bar hidden
[2020.11.23-10.44.45:000][  0]LogSlate: Updating window title bar state: overlay mode, drag disabled, window buttons hidden, title bar hidden
[2020.11.23-10.44.45:007][  0]LogCollectionManager: Loaded 0 collections in 0.001164 seconds
[2020.11.23-10.44.45:049][  0]LogFileCache: Scanning file cache for directory 'C:/Users/1804824/Desktop/UnrealYouTubeRepo/UnrealAnimationPracticeVids/MyProject/Saved/Collections/' took 0.01s
[2020.11.23-10.44.45:049][  0]LogFileCache: Scanning file cache for directory 'C:/Users/1804824/Desktop/UnrealYouTubeRepo/UnrealAnimationPracticeVids/MyProject/Content/Developers/1804824/Collections/' took 0.01s
[2020.11.23-10.44.45:050][  0]LogFileCache: Scanning file cache for directory 'C:/Users/1804824/Desktop/UnrealYouTubeRepo/UnrealAnimationPracticeVids/MyProject/Content/Collections/' took 0.01s
[2020.11.23-10.44.45:050][  0]LogCollectionManager: Rebuilt the GUID cache for 0 collections in 0.000000 seconds
[2020.11.23-10.44.45:056][  0]LogContentBrowser: Native class hierarchy populated in 0.0064 seconds. Added 2735 classes and 661 folders.
[2020.11.23-10.44.45:061][  0]LogContentBrowser: Native class hierarchy updated for 'WidgetCarousel' in 0.0003 seconds. Added 0 classes and 0 folders.
[2020.11.23-10.44.45:063][  0]LogPakFile: Registered encryption key '00000000000000000000000000000000': 0 pak files mounted, 0 remain pending
[2020.11.23-10.44.45:064][  0]LogPakFile: Registered encryption key '00000000000000000000000000000000': 0 pak files mounted, 0 remain pending
[2020.11.23-10.44.45:064][  0]LogPakFile: Registered encryption key '00000000000000000000000000000000': 0 pak files mounted, 0 remain pending
[2020.11.23-10.44.45:065][  0]LogPakFile: Registered encryption key '00000000000000000000000000000000': 0 pak files mounted, 0 remain pending
[2020.11.23-10.44.45:066][  0]LogPakFile: Registered encryption key '00000000000000000000000000000000': 0 pak files mounted, 0 remain pending
[2020.11.23-10.44.45:067][  0]LogPakFile: Registered encryption key '00000000000000000000000000000000': 0 pak files mounted, 0 remain pending
[2020.11.23-10.44.45:067][  0]LogPakFile: Registered encryption key '00000000000000000000000000000000': 0 pak files mounted, 0 remain pending
[2020.11.23-10.44.45:068][  0]LogPakFile: Registered encryption key '00000000000000000000000000000000': 0 pak files mounted, 0 remain pending
[2020.11.23-10.44.45:069][  0]LogPakFile: Registered encryption key '00000000000000000000000000000000': 0 pak files mounted, 0 remain pending
[2020.11.23-10.44.45:069][  0]LogPakFile: Registered encryption key '00000000000000000000000000000000': 0 pak files mounted, 0 remain pending
[2020.11.23-10.44.45:070][  0]LogPakFile: Registered encryption key '00000000000000000000000000000000': 0 pak files mounted, 0 remain pending
[2020.11.23-10.44.45:071][  0]LogPakFile: Registered encryption key '00000000000000000000000000000000': 0 pak files mounted, 0 remain pending
[2020.11.23-10.44.45:071][  0]LogPakFile: Registered encryption key '00000000000000000000000000000000': 0 pak files mounted, 0 remain pending
[2020.11.23-10.44.45:072][  0]LogPakFile: Registered encryption key '00000000000000000000000000000000': 0 pak files mounted, 0 remain pending
[2020.11.23-10.44.45:073][  0]LogPakFile: Registered encryption key '00000000000000000000000000000000': 0 pak files mounted, 0 remain pending
[2020.11.23-10.44.45:073][  0]LogPakFile: Registered encryption key '00000000000000000000000000000000': 0 pak files mounted, 0 remain pending
[2020.11.23-10.44.45:074][  0]LogPakFile: Registered encryption key '00000000000000000000000000000000': 0 pak files mounted, 0 remain pending
[2020.11.23-10.44.45:075][  0]LogPakFile: Registered encryption key '00000000000000000000000000000000': 0 pak files mounted, 0 remain pending
[2020.11.23-10.44.45:075][  0]LogPakFile: Registered encryption key '00000000000000000000000000000000': 0 pak files mounted, 0 remain pending
[2020.11.23-10.44.45:076][  0]LogPakFile: Registered encryption key '00000000000000000000000000000000': 0 pak files mounted, 0 remain pending
[2020.11.23-10.44.45:077][  0]LogPakFile: Registered encryption key '00000000000000000000000000000000': 0 pak files mounted, 0 remain pending
[2020.11.23-10.44.45:077][  0]LogPakFile: Registered encryption key '00000000000000000000000000000000': 0 pak files mounted, 0 remain pending
[2020.11.23-10.44.45:078][  0]LogPakFile: Registered encryption key '00000000000000000000000000000000': 0 pak files mounted, 0 remain pending
[2020.11.23-10.44.45:079][  0]LogPakFile: Registered encryption key '00000000000000000000000000000000': 0 pak files mounted, 0 remain pending
[2020.11.23-10.44.45:080][  0]LogPakFile: Registered encryption key '00000000000000000000000000000000': 0 pak files mounted, 0 remain pending
[2020.11.23-10.44.45:080][  0]LogPakFile: Registered encryption key '00000000000000000000000000000000': 0 pak files mounted, 0 remain pending
[2020.11.23-10.44.45:114][  0]LogContentBrowser: Native class hierarchy updated for 'AddContentDialog' in 0.0003 seconds. Added 0 classes and 0 folders.
[2020.11.23-10.44.45:120][  0]LogContentBrowser: Native class hierarchy updated for 'SceneOutliner' in 0.0003 seconds. Added 1 classes and 2 folders.
[2020.11.23-10.44.45:132][  0]LogSlate: Took 0.000227 seconds to synchronously load lazily loaded font '../../../Engine/Content/Slate/Fonts/Roboto-Regular.ttf' (155K)
[2020.11.23-10.44.45:133][  0]LogSlate: Took 0.000225 seconds to synchronously load lazily loaded font '../../../Engine/Content/Slate/Fonts/Roboto-Bold.ttf' (160K)
[2020.11.23-10.44.45:137][  0]LogSlate: Took 0.000217 seconds to synchronously load lazily loaded font '../../../Engine/Content/Editor/Slate/Fonts/FontAwesome.ttf' (139K)
[2020.11.23-10.44.45:184][  0]LogRenderer: Reallocating scene render targets to support 1616x808 Format 10 NumSamples 1 (Frame:1).
[2020.11.23-10.44.45:303][  0]LogContentBrowser: Native class hierarchy updated for 'HierarchicalLODOutliner' in 0.0003 seconds. Added 0 classes and 0 folders.
[2020.11.23-10.44.45:303][  0]LogLoad: (Engine Initialization) Total time: 9.39 seconds
[2020.11.23-10.44.45:303][  0]LogLoad: (Engine Initialization) Total Blueprint compile time: 0.00 seconds
[2020.11.23-10.44.45:341][  0]LogAssetRegistry: Asset discovery search completed in 4.5778 seconds
[2020.11.23-10.44.45:343][  0]LogCollectionManager: Rebuilt the object cache for 0 collections in 0.000000 seconds (found 0 objects)
[2020.11.23-10.44.45:343][  0]LogCollectionManager: Fixed up redirectors for 0 collections in 0.000161 seconds (updated 0 objects)
[2020.11.23-10.44.45:344][  0]LogContentStreaming: Texture pool size now 1000 MB
[2020.11.23-10.44.48:644][382]LogUObjectHash: Compacting FUObjectHashTables data took   0.48ms
[2020.11.23-10.44.50:616][619]LogSlate: FSceneViewport::OnFocusLost() reason 0
[2020.11.23-10.44.50:697][626]Candidate modules for hot reload:
[2020.11.23-10.44.50:698][626]  MyProject
[2020.11.23-10.44.50:698][626]Launching UnrealBuildTool... [C:/UE_4.22/UE_4.22/Engine/Binaries/DotNET/UnrealBuildTool.exe  -ModuleWithSuffix=MyProject,9358 Win64 Development -TargetType=Editor -Project="C:/Users/1804824/Desktop/UnrealYouTubeRepo/UnrealAnimationPracticeVids/MyProject/MyProject.uproject" "C:/Users/1804824/Desktop/UnrealYouTubeRepo/UnrealAnimationPracticeVids/MyProject/MyProject.uproject"  -IgnoreJunk]
[2020.11.23-10.44.50:700][626]Warning: Starting HotReload took  0.0s.
[2020.11.23-10.44.59:798][718]LogTemp: Repeating last play command: New Editor Window (PIE)
[2020.11.23-10.44.59:809][718]LogBlueprintUserMessages: Early PlayInEditor Detection: Level '/Game/ThirdPersonCPP/Maps/ThirdPersonExampleMap.ThirdPersonExampleMap:PersistentLevel' has LevelScriptBlueprint '/Game/ThirdPersonCPP/Maps/ThirdPersonExampleMap.ThirdPersonExampleMap:PersistentLevel.ThirdPersonExampleMap' with GeneratedClass '/Game/ThirdPersonCPP/Maps/ThirdPersonExampleMap.ThirdPersonExampleMap_C' with ClassGeneratedBy '/Game/ThirdPersonCPP/Maps/ThirdPersonExampleMap.ThirdPersonExampleMap:PersistentLevel.ThirdPersonExampleMap'
[2020.11.23-10.44.59:809][718]LogPlayLevel: PlayLevel: No blueprints needed recompiling
[2020.11.23-10.44.59:810][718]PIE: New page: PIE session: ThirdPersonExampleMap (23 Nov 2020 10:44:59)
[2020.11.23-10.44.59:823][718]LogPlayLevel: Creating play world package: /Game/ThirdPersonCPP/Maps/UEDPIE_0_ThirdPersonExampleMap
[2020.11.23-10.44.59:833][718]LogPlayLevel: PIE: StaticDuplicateObject took: (0.010579s)
[2020.11.23-10.44.59:834][718]LogAIModule: Creating AISystem for world ThirdPersonExampleMap
[2020.11.23-10.44.59:834][718]LogPlayLevel: PIE: World Init took: (0.000715s)
[2020.11.23-10.44.59:834][718]LogPlayLevel: PIE: Created PIE world by copying editor world from /Game/ThirdPersonCPP/Maps/ThirdPersonExampleMap.ThirdPersonExampleMap to /Game/ThirdPersonCPP/Maps/UEDPIE_0_ThirdPersonExampleMap.ThirdPersonExampleMap (0.011848s)
[2020.11.23-10.44.59:858][718]LogUObjectHash: Compacting FUObjectHashTables data took   0.80ms
[2020.11.23-10.44.59:911][718]LogInit: XAudio2 using 'Headphones (HD 4.40BT Stereo)' : 2 channels at 44.1 kHz using 16 bits per sample (channel mask 0x3)
[2020.11.23-10.44.59:921][718]LogInit: FAudioDevice initialized.
[2020.11.23-10.44.59:929][718]LogSlate: Updating window title bar state: overlay mode, drag disabled, window buttons hidden, title bar hidden
[2020.11.23-10.44.59:976][718]LogLoad: Game class is 'MyProjectGameMode'
[2020.11.23-10.44.59:978][718]LogWorld: Bringing World /Game/ThirdPersonCPP/Maps/UEDPIE_0_ThirdPersonExampleMap.ThirdPersonExampleMap up for play (max tick rate 0) at 2020.11.23-10.44.59
[2020.11.23-10.44.59:979][718]LogWorld: Bringing up level for play took: 0.001533
[2020.11.23-10.45.00:022][718]LogContentBrowser: Native class hierarchy updated for 'MovieSceneCapture' in 0.0006 seconds. Added 20 classes and 0 folders.
[2020.11.23-10.45.00:024][718]PIE: Play in editor start time for /Game/ThirdPersonCPP/Maps/UEDPIE_0_ThirdPersonExampleMap 0.125
[2020.11.23-10.45.00:025][718]LogBlueprintUserMessages: Late PlayInEditor Detection: Level '/Game/ThirdPersonCPP/Maps/ThirdPersonExampleMap.ThirdPersonExampleMap:PersistentLevel' has LevelScriptBlueprint '/Game/ThirdPersonCPP/Maps/ThirdPersonExampleMap.ThirdPersonExampleMap:PersistentLevel.ThirdPersonExampleMap' with GeneratedClass '/Game/ThirdPersonCPP/Maps/ThirdPersonExampleMap.ThirdPersonExampleMap_C' with ClassGeneratedBy '/Game/ThirdPersonCPP/Maps/ThirdPersonExampleMap.ThirdPersonExampleMap:PersistentLevel.ThirdPersonExampleMap'
[2020.11.23-10.45.00:068][719]CompilerResultsLog: New page: Compilation - 23 Nov 2020 10:45:00
[2020.11.23-10.45.00:068][719]CompilerResultsLog: Using 'git status' to determine working set for adaptive non-unity build (C:\Users\1804824\Desktop\UnrealYouTubeRepo\UnrealAnimationPracticeVids).
[2020.11.23-10.45.00:068][719]CompilerResultsLog: Creating makefile for MyProjectEditor (ini files are newer than makefile)
[2020.11.23-10.45.00:068][719]CompilerResultsLog: Parsing headers for MyProjectEditor
[2020.11.23-10.45.00:068][719]CompilerResultsLog:   Running UnrealHeaderTool "C:\Users\1804824\Desktop\UnrealYouTubeRepo\UnrealAnimationPracticeVids\MyProject\MyProject.uproject" "C:\Users\1804824\Desktop\UnrealYouTubeRepo\UnrealAnimationPracticeVids\MyProject\Intermediate\Build\Win64\MyProjectEditor\Development\MyProjectEditor.uhtmanifest" -LogCmds="loginit warning, logexit warning, logdatabase error" -Unattended -WarningsAsErrors -installed
[2020.11.23-10.45.00:069][719]CompilerResultsLog: Reflection code generated for MyProjectEditor in 5.0635228 seconds
[2020.11.23-10.45.00:069][719]CompilerResultsLog: Failed to delete file 'C:\Users\1804824\Desktop\UnrealYouTubeRepo\UnrealAnimationPracticeVids\MyProject\Binaries\Win64\UE4Editor-MyProject.pdb'
[2020.11.23-10.45.00:069][719]CompilerResultsLog:     Exception: Access to the path 'C:\Users\1804824\Desktop\UnrealYouTubeRepo\UnrealAnimationPracticeVids\MyProject\Binaries\Win64\UE4Editor-MyProject.pdb' is denied.
[2020.11.23-10.45.00:069][719]CompilerResultsLog: Attempting to retry...
[2020.11.23-10.45.00:069][719]CompilerResultsLog: Failed to delete file 'C:\Users\1804824\Desktop\UnrealYouTubeRepo\UnrealAnimationPracticeVids\MyProject\Binaries\Win64\UE4Editor-MyProject.pdb'
[2020.11.23-10.45.00:069][719]CompilerResultsLog:     Exception: Access to the path 'C:\Users\1804824\Desktop\UnrealYouTubeRepo\UnrealAnimationPracticeVids\MyProject\Binaries\Win64\UE4Editor-MyProject.pdb' is denied.
[2020.11.23-10.45.00:069][719]CompilerResultsLog: Attempting to retry...
[2020.11.23-10.45.00:069][719]CompilerResultsLog: Failed to delete file 'C:\Users\1804824\Desktop\UnrealYouTubeRepo\UnrealAnimationPracticeVids\MyProject\Binaries\Win64\UE4Editor-MyProject.pdb'
[2020.11.23-10.45.00:069][719]CompilerResultsLog:     Exception: Access to the path 'C:\Users\1804824\Desktop\UnrealYouTubeRepo\UnrealAnimationPracticeVids\MyProject\Binaries\Win64\UE4Editor-MyProject.pdb' is denied.
[2020.11.23-10.45.00:069][719]CompilerResultsLog: ERROR: Exhausted all retries!
[2020.11.23-10.45.00:070][719]CompilerResultsLog: Using Visual Studio 2019 14.23.28105 toolchain (C:\Program Files (x86)\Microsoft Visual Studio\2019\Community\VC\Tools\MSVC\14.23.28105) and Windows 10.0.18362.0 SDK (C:\Program Files (x86)\Windows Kits\10).
[2020.11.23-10.45.00:070][719]CompilerResultsLog: Building 3 actions with 16 processes...
[2020.11.23-10.45.00:070][719]CompilerResultsLog:   [1/3] UE4Editor-MyProject-9358.lib
[2020.11.23-10.45.00:070][719]CompilerResultsLog:      Creating library C:\Users\1804824\Desktop\UnrealYouTubeRepo\UnrealAnimationPracticeVids\MyProject\Intermediate\Build\Win64\UE4Editor\Development\MyProject\UE4Editor-MyProject-9358.lib and object C:\Users\1804824\Desktop\UnrealYouTubeRepo\UnrealAnimationPracticeVids\MyProject\Intermediate\Build\Win64\UE4Editor\Development\MyProject\UE4Editor-MyProject-9358.exp
[2020.11.23-10.45.00:070][719]CompilerResultsLog:   [2/3] UE4Editor-MyProject-9358.dll
[2020.11.23-10.45.00:070][719]CompilerResultsLog:      Creating library C:\Users\1804824\Desktop\UnrealYouTubeRepo\UnrealAnimationPracticeVids\MyProject\Intermediate\Build\Win64\UE4Editor\Development\MyProject\UE4Editor-MyProject-9358.suppressed.lib and object C:\Users\1804824\Desktop\UnrealYouTubeRepo\UnrealAnimationPracticeVids\MyProject\Intermediate\Build\Win64\UE4Editor\Development\MyProject\UE4Editor-MyProject-9358.suppressed.exp
[2020.11.23-10.45.00:070][719]CompilerResultsLog:   [3/3] MyProjectEditor.target
[2020.11.23-10.45.00:070][719]CompilerResultsLog: Total time in Parallel executor: 0.68 seconds
[2020.11.23-10.45.00:070][719]CompilerResultsLog: Total execution time: 9.28 seconds
[2020.11.23-10.45.00:070][719]LogMainFrame: MainFrame: Module compiling took 9.374 seconds
[2020.11.23-10.45.00:092][719]LogUObjectHash: Compacting FUObjectHashTables data took   0.47ms
[2020.11.23-10.45.00:163][719]LogClass: EAttackType HotReload.
[2020.11.23-10.45.00:163][719]LogClass: ELogOutput HotReload.
[2020.11.23-10.45.00:163][719]LogClass: ELogLevel HotReload.
[2020.11.23-10.45.00:163][719]LogClass: MeleeCollisionProfile HotReload.
[2020.11.23-10.45.00:163][719]LogClass: PlayerAttackMontage HotReload.
[2020.11.23-10.45.00:167][719]LogContentBrowser: Native class hierarchy updated for 'MyProject' in 0.0003 seconds. Added 3 classes and 2 folders.
[2020.11.23-10.45.00:170][719]Display: HotReload successful (4 functions remapped  2 scriptstructs remapped)
[2020.11.23-10.45.00:380][719]LogUObjectHash: Compacting FUObjectHashTables data took   1.08ms
[2020.11.23-10.45.00:389][719]LogContentBrowser: Native class hierarchy populated in 0.0057 seconds. Added 2736 classes and 663 folders.
[2020.11.23-10.45.00:389][719]Display: HotReload took  9.7s.
[2020.11.23-10.45.00:821][770]LogDataTable: Warning: UDataTable::FindRow : 'Player Attack Montage Context' requested row 'Punch1' not in DataTable '/Game/Anim/DataTables/Data_table_JSON.Data_table_JSON'.
[2020.11.23-10.45.01:997][911]LogDataTable: Warning: UDataTable::FindRow : 'Player Attack Montage Context' requested row 'Punch1' not in DataTable '/Game/Anim/DataTables/Data_table_JSON.Data_table_JSON'.
[2020.11.23-10.45.02:480][969]LogDataTable: Warning: UDataTable::FindRow : 'Player Attack Montage Context' requested row 'Punch1' not in DataTable '/Game/Anim/DataTables/Data_table_JSON.Data_table_JSON'.
[2020.11.23-10.45.03:296][ 67]LogDataTable: Warning: UDataTable::FindRow : 'Player Attack Montage Context' requested row 'Punch1' not in DataTable '/Game/Anim/DataTables/Data_table_JSON.Data_table_JSON'.
[2020.11.23-10.45.04:129][167]LogBlueprintUserMessages: Early EndPlayMap Detection: Level '/Game/ThirdPersonCPP/Maps/ThirdPersonExampleMap.ThirdPersonExampleMap:PersistentLevel' has LevelScriptBlueprint '/Game/ThirdPersonCPP/Maps/ThirdPersonExampleMap.ThirdPersonExampleMap:PersistentLevel.ThirdPersonExampleMap' with GeneratedClass '/Game/ThirdPersonCPP/Maps/ThirdPersonExampleMap.ThirdPersonExampleMap_C' with ClassGeneratedBy '/Game/ThirdPersonCPP/Maps/ThirdPersonExampleMap.ThirdPersonExampleMap:PersistentLevel.ThirdPersonExampleMap'
[2020.11.23-10.45.04:129][167]LogSlate: Updating window title bar state: overlay mode, drag disabled, window buttons hidden, title bar hidden
[2020.11.23-10.45.04:140][167]LogSlate: Window 'MyProject Game Preview Standalone (64-bit/PCD3D_SM5)' being destroyed
[2020.11.23-10.45.04:175][167]LogPlayLevel: Display: Shutting down PIE online subsystems
[2020.11.23-10.45.04:176][167]LogBlueprintUserMessages: Late EndPlayMap Detection: Level '/Game/ThirdPersonCPP/Maps/ThirdPersonExampleMap.ThirdPersonExampleMap:PersistentLevel' has LevelScriptBlueprint '/Game/ThirdPersonCPP/Maps/ThirdPersonExampleMap.ThirdPersonExampleMap:PersistentLevel.ThirdPersonExampleMap' with GeneratedClass '/Game/ThirdPersonCPP/Maps/ThirdPersonExampleMap.ThirdPersonExampleMap_C' with ClassGeneratedBy '/Game/ThirdPersonCPP/Maps/ThirdPersonExampleMap.ThirdPersonExampleMap:PersistentLevel.ThirdPersonExampleMap'
[2020.11.23-10.45.04:203][167]LogUObjectHash: Compacting FUObjectHashTables data took   1.07ms
[2020.11.23-10.45.04:237][169]LogPlayLevel: Display: Destroying online subsystem :Context_1
[2020.11.23-10.45.19:444][278]LogEditorViewport: Clicking on Actor (LMB): ThirdPersonCharacter_C (ThirdPersonCharacter)
[2020.11.23-10.45.19:901][313]LogSlate: Took 0.000343 seconds to synchronously load lazily loaded font '../../../Engine/Content/Slate/Fonts/Roboto-Italic.ttf' (157K)
[2020.11.23-10.45.23:099][691]LogSlate: FSceneViewport::OnFocusLost() reason 5
[2020.11.23-10.45.23:101][691]LogSlate: Took 0.000316 seconds to synchronously load lazily loaded font '../../../Engine/Content/Slate/Fonts/Roboto-Light.ttf' (167K)
[2020.11.23-10.45.23:106][691]LogAssetEditorManager: Opening Asset editor for Blueprint /Game/ThirdPersonCPP/Blueprints/ThirdPersonCharacter.ThirdPersonCharacter
[2020.11.23-10.45.23:306][691]LogContentBrowser: Native class hierarchy updated for 'BlueprintGraph' in 0.0006 seconds. Added 121 classes and 0 folders.
[2020.11.23-10.45.23:892][691]LogSlate: Took 0.000283 seconds to synchronously load lazily loaded font '../../../Engine/Content/Slate/Fonts/Roboto-BoldCondensed.ttf' (158K)
[2020.11.23-10.45.29:189][175]BlueprintLog: New page: Compile ThirdPersonCharacter
[2020.11.23-10.45.29:492][175]LogUObjectHash: Compacting FUObjectHashTables data took   2.27ms
[2020.11.23-10.45.29:548][175]LogSavePackage: Moving '../../../../../Users/1804824/Desktop/UnrealYouTubeRepo/UnrealAnimationPracticeVids/MyProject/Saved/ThirdPersonCharacter8D42F29242AC0D680AE733873BC94844.tmp' to '../../../../../Users/1804824/Desktop/UnrealYouTubeRepo/UnrealAnimationPracticeVids/MyProject/Content/ThirdPersonCPP/Blueprints/ThirdPersonCharacter.uasset'
[2020.11.23-10.45.31:572][332]LogTemp: Repeating last play command: New Editor Window (PIE)
[2020.11.23-10.45.31:585][332]LogBlueprintUserMessages: Early PlayInEditor Detection: Level '/Game/ThirdPersonCPP/Maps/ThirdPersonExampleMap.ThirdPersonExampleMap:PersistentLevel' has LevelScriptBlueprint '/Game/ThirdPersonCPP/Maps/ThirdPersonExampleMap.ThirdPersonExampleMap:PersistentLevel.ThirdPersonExampleMap' with GeneratedClass '/Game/ThirdPersonCPP/Maps/ThirdPersonExampleMap.ThirdPersonExampleMap_C' with ClassGeneratedBy '/Game/ThirdPersonCPP/Maps/ThirdPersonExampleMap.ThirdPersonExampleMap:PersistentLevel.ThirdPersonExampleMap'
[2020.11.23-10.45.31:586][332]LogPlayLevel: PlayLevel: No blueprints needed recompiling
[2020.11.23-10.45.31:586][332]PIE: New page: PIE session: ThirdPersonExampleMap (23 Nov 2020 10:45:31)
[2020.11.23-10.45.31:586][332]LogPlayLevel: Creating play world package: /Game/ThirdPersonCPP/Maps/UEDPIE_0_ThirdPersonExampleMap
[2020.11.23-10.45.31:595][332]LogPlayLevel: PIE: StaticDuplicateObject took: (0.008166s)
[2020.11.23-10.45.31:595][332]LogAIModule: Creating AISystem for world ThirdPersonExampleMap
[2020.11.23-10.45.31:596][332]LogPlayLevel: PIE: World Init took: (0.000621s)
[2020.11.23-10.45.31:596][332]LogPlayLevel: PIE: Created PIE world by copying editor world from /Game/ThirdPersonCPP/Maps/ThirdPersonExampleMap.ThirdPersonExampleMap to /Game/ThirdPersonCPP/Maps/UEDPIE_0_ThirdPersonExampleMap.ThirdPersonExampleMap (0.009209s)
[2020.11.23-10.45.31:621][332]LogUObjectHash: Compacting FUObjectHashTables data took   1.34ms
[2020.11.23-10.45.31:666][332]LogInit: XAudio2 using 'Headphones (HD 4.40BT Stereo)' : 2 channels at 44.1 kHz using 16 bits per sample (channel mask 0x3)
[2020.11.23-10.45.31:676][332]LogInit: FAudioDevice initialized.
[2020.11.23-10.45.31:683][332]LogSlate: Updating window title bar state: overlay mode, drag disabled, window buttons hidden, title bar hidden
[2020.11.23-10.45.31:714][332]LogLoad: Game class is 'MyProjectGameMode'
[2020.11.23-10.45.31:715][332]LogWorld: Bringing World /Game/ThirdPersonCPP/Maps/UEDPIE_0_ThirdPersonExampleMap.ThirdPersonExampleMap up for play (max tick rate 0) at 2020.11.23-10.45.31
[2020.11.23-10.45.31:716][332]LogWorld: Bringing up level for play took: 0.001389
[2020.11.23-10.45.31:731][332]PIE: Play in editor start time for /Game/ThirdPersonCPP/Maps/UEDPIE_0_ThirdPersonExampleMap -0.17
[2020.11.23-10.45.31:731][332]LogBlueprintUserMessages: Late PlayInEditor Detection: Level '/Game/ThirdPersonCPP/Maps/ThirdPersonExampleMap.ThirdPersonExampleMap:PersistentLevel' has LevelScriptBlueprint '/Game/ThirdPersonCPP/Maps/ThirdPersonExampleMap.ThirdPersonExampleMap:PersistentLevel.ThirdPersonExampleMap' with GeneratedClass '/Game/ThirdPersonCPP/Maps/ThirdPersonExampleMap.ThirdPersonExampleMap_C' with ClassGeneratedBy '/Game/ThirdPersonCPP/Maps/ThirdPersonExampleMap.ThirdPersonExampleMap:PersistentLevel.ThirdPersonExampleMap'
[2020.11.23-10.45.32:139][368]LogDataTable: Warning: UDataTable::FindRow : 'Player Attack Montage Context' requested row 'Punch1' not in DataTable '/Game/Anim/DataTables/PlayAttackMontageDataTable.PlayAttackMontageDataTable'.
[2020.11.23-10.45.32:778][444]LogDataTable: Warning: UDataTable::FindRow : 'Player Attack Montage Context' requested row 'Punch1' not in DataTable '/Game/Anim/DataTables/PlayAttackMontageDataTable.PlayAttackMontageDataTable'.
[2020.11.23-10.45.33:301][505]LogDataTable: Warning: UDataTable::FindRow : 'Player Attack Montage Context' requested row 'Punch1' not in DataTable '/Game/Anim/DataTables/PlayAttackMontageDataTable.PlayAttackMontageDataTable'.
[2020.11.23-10.45.34:128][604]LogDataTable: Warning: UDataTable::FindRow : 'Player Attack Montage Context' requested row 'Punch1' not in DataTable '/Game/Anim/DataTables/PlayAttackMontageDataTable.PlayAttackMontageDataTable'.
[2020.11.23-10.45.34:775][681]LogDataTable: Warning: UDataTable::FindRow : 'Player Attack Montage Context' requested row 'Punch1' not in DataTable '/Game/Anim/DataTables/PlayAttackMontageDataTable.PlayAttackMontageDataTable'.
[2020.11.23-10.45.35:393][755]LogDataTable: Warning: UDataTable::FindRow : 'Player Attack Montage Context' requested row 'Punch1' not in DataTable '/Game/Anim/DataTables/PlayAttackMontageDataTable.PlayAttackMontageDataTable'.
[2020.11.23-10.45.35:915][817]LogDataTable: Warning: UDataTable::FindRow : 'Player Attack Montage Context' requested row 'Punch1' not in DataTable '/Game/Anim/DataTables/PlayAttackMontageDataTable.PlayAttackMontageDataTable'.
[2020.11.23-10.45.36:410][876]LogDataTable: Warning: UDataTable::FindRow : 'Player Attack Montage Context' requested row 'Punch1' not in DataTable '/Game/Anim/DataTables/PlayAttackMontageDataTable.PlayAttackMontageDataTable'.
[2020.11.23-10.45.36:837][927]LogDataTable: Warning: UDataTable::FindRow : 'Player Attack Montage Context' requested row 'Punch1' not in DataTable '/Game/Anim/DataTables/PlayAttackMontageDataTable.PlayAttackMontageDataTable'.
[2020.11.23-10.45.37:274][979]LogBlueprintUserMessages: Early EndPlayMap Detection: Level '/Game/ThirdPersonCPP/Maps/ThirdPersonExampleMap.ThirdPersonExampleMap:PersistentLevel' has LevelScriptBlueprint '/Game/ThirdPersonCPP/Maps/ThirdPersonExampleMap.ThirdPersonExampleMap:PersistentLevel.ThirdPersonExampleMap' with GeneratedClass '/Game/ThirdPersonCPP/Maps/ThirdPersonExampleMap.ThirdPersonExampleMap_C' with ClassGeneratedBy '/Game/ThirdPersonCPP/Maps/ThirdPersonExampleMap.ThirdPersonExampleMap:PersistentLevel.ThirdPersonExampleMap'
[2020.11.23-10.45.37:275][979]LogSlate: Updating window title bar state: overlay mode, drag disabled, window buttons hidden, title bar hidden
[2020.11.23-10.45.37:285][979]LogSlate: Window 'MyProject Game Preview Standalone (64-bit/PCD3D_SM5)' being destroyed
[2020.11.23-10.45.37:325][979]LogPlayLevel: Display: Shutting down PIE online subsystems
[2020.11.23-10.45.37:326][979]LogBlueprintUserMessages: Late EndPlayMap Detection: Level '/Game/ThirdPersonCPP/Maps/ThirdPersonExampleMap.ThirdPersonExampleMap:PersistentLevel' has LevelScriptBlueprint '/Game/ThirdPersonCPP/Maps/ThirdPersonExampleMap.ThirdPersonExampleMap:PersistentLevel.ThirdPersonExampleMap' with GeneratedClass '/Game/ThirdPersonCPP/Maps/ThirdPersonExampleMap.ThirdPersonExampleMap_C' with ClassGeneratedBy '/Game/ThirdPersonCPP/Maps/ThirdPersonExampleMap.ThirdPersonExampleMap:PersistentLevel.ThirdPersonExampleMap'
[2020.11.23-10.45.37:356][979]LogUObjectHash: Compacting FUObjectHashTables data took   1.21ms
[2020.11.23-10.45.37:401][980]LogPlayLevel: Display: Destroying online subsystem :Context_7
[2020.11.23-10.45.54:326][263]LogTemp: Repeating last play command: New Editor Window (PIE)
[2020.11.23-10.45.54:336][263]LogBlueprintUserMessages: Early PlayInEditor Detection: Level '/Game/ThirdPersonCPP/Maps/ThirdPersonExampleMap.ThirdPersonExampleMap:PersistentLevel' has LevelScriptBlueprint '/Game/ThirdPersonCPP/Maps/ThirdPersonExampleMap.ThirdPersonExampleMap:PersistentLevel.ThirdPersonExampleMap' with GeneratedClass '/Game/ThirdPersonCPP/Maps/ThirdPersonExampleMap.ThirdPersonExampleMap_C' with ClassGeneratedBy '/Game/ThirdPersonCPP/Maps/ThirdPersonExampleMap.ThirdPersonExampleMap:PersistentLevel.ThirdPersonExampleMap'
[2020.11.23-10.45.54:336][263]LogPlayLevel: PlayLevel: No blueprints needed recompiling
[2020.11.23-10.45.54:337][263]PIE: New page: PIE session: ThirdPersonExampleMap (23 Nov 2020 10:45:54)
[2020.11.23-10.45.54:337][263]LogPlayLevel: Creating play world package: /Game/ThirdPersonCPP/Maps/UEDPIE_0_ThirdPersonExampleMap
[2020.11.23-10.45.54:345][263]LogPlayLevel: PIE: StaticDuplicateObject took: (0.008074s)
[2020.11.23-10.45.54:346][263]LogAIModule: Creating AISystem for world ThirdPersonExampleMap
[2020.11.23-10.45.54:346][263]LogPlayLevel: PIE: World Init took: (0.000523s)
[2020.11.23-10.45.54:346][263]LogPlayLevel: PIE: Created PIE world by copying editor world from /Game/ThirdPersonCPP/Maps/ThirdPersonExampleMap.ThirdPersonExampleMap to /Game/ThirdPersonCPP/Maps/UEDPIE_0_ThirdPersonExampleMap.ThirdPersonExampleMap (0.009045s)
[2020.11.23-10.45.54:372][263]LogUObjectHash: Compacting FUObjectHashTables data took   1.28ms
[2020.11.23-10.45.54:416][263]LogInit: XAudio2 using 'Headphones (HD 4.40BT Stereo)' : 2 channels at 44.1 kHz using 16 bits per sample (channel mask 0x3)
[2020.11.23-10.45.54:426][263]LogInit: FAudioDevice initialized.
[2020.11.23-10.45.54:433][263]LogSlate: Updating window title bar state: overlay mode, drag disabled, window buttons hidden, title bar hidden
[2020.11.23-10.45.54:463][263]LogLoad: Game class is 'MyProjectGameMode'
[2020.11.23-10.45.54:465][263]LogWorld: Bringing World /Game/ThirdPersonCPP/Maps/UEDPIE_0_ThirdPersonExampleMap.ThirdPersonExampleMap up for play (max tick rate 0) at 2020.11.23-10.45.54
[2020.11.23-10.45.54:465][263]LogWorld: Bringing up level for play took: 0.001701
[2020.11.23-10.45.54:481][263]PIE: Play in editor start time for /Game/ThirdPersonCPP/Maps/UEDPIE_0_ThirdPersonExampleMap 0.581
[2020.11.23-10.45.54:481][263]LogBlueprintUserMessages: Late PlayInEditor Detection: Level '/Game/ThirdPersonCPP/Maps/ThirdPersonExampleMap.ThirdPersonExampleMap:PersistentLevel' has LevelScriptBlueprint '/Game/ThirdPersonCPP/Maps/ThirdPersonExampleMap.ThirdPersonExampleMap:PersistentLevel.ThirdPersonExampleMap' with GeneratedClass '/Game/ThirdPersonCPP/Maps/ThirdPersonExampleMap.ThirdPersonExampleMap_C' with ClassGeneratedBy '/Game/ThirdPersonCPP/Maps/ThirdPersonExampleMap.ThirdPersonExampleMap:PersistentLevel.ThirdPersonExampleMap'
[2020.11.23-10.46.03:894][397]LogDataTable: Warning: UDataTable::FindRow : 'Player Attack Montage Context' requested row 'Punch1' not in DataTable '/Game/Anim/DataTables/PlayAttackMontageDataTable.PlayAttackMontageDataTable'.
[2020.11.23-10.46.11:227][398]LogDataTable: Warning: UDataTable::FindRow : 'Player Attack Montage Context' requested row 'Punch1' not in DataTable '/Game/Anim/DataTables/PlayAttackMontageDataTable.PlayAttackMontageDataTable'.
[2020.11.23-10.46.21:493][398]LogDataTable: Warning: UDataTable::FindRow : 'Player Attack Montage Context' requested row 'Punch1' not in DataTable '/Game/Anim/DataTables/PlayAttackMontageDataTable.PlayAttackMontageDataTable'.
[2020.11.23-10.46.21:514][399]LogDataTable: Warning: UDataTable::FindRow : 'Player Attack Montage Context' requested row 'Punch1' not in DataTable '/Game/Anim/DataTables/PlayAttackMontageDataTable.PlayAttackMontageDataTable'.
[2020.11.23-10.46.21:514][399]LogDataTable: Warning: UDataTable::FindRow : 'Player Attack Montage Context' requested row 'Punch1' not in DataTable '/Game/Anim/DataTables/PlayAttackMontageDataTable.PlayAttackMontageDataTable'.
[2020.11.23-10.46.22:509][402]LogDataTable: Warning: UDataTable::FindRow : 'Player Attack Montage Context' requested row 'Punch1' not in DataTable '/Game/Anim/DataTables/PlayAttackMontageDataTable.PlayAttackMontageDataTable'.
[2020.11.23-10.46.23:560][524]LogDataTable: Warning: UDataTable::FindRow : 'Player Attack Montage Context' requested row 'Punch1' not in DataTable '/Game/Anim/DataTables/PlayAttackMontageDataTable.PlayAttackMontageDataTable'.
[2020.11.23-10.46.24:499][636]LogBlueprintUserMessages: Early EndPlayMap Detection: Level '/Game/ThirdPersonCPP/Maps/ThirdPersonExampleMap.ThirdPersonExampleMap:PersistentLevel' has LevelScriptBlueprint '/Game/ThirdPersonCPP/Maps/ThirdPersonExampleMap.ThirdPersonExampleMap:PersistentLevel.ThirdPersonExampleMap' with GeneratedClass '/Game/ThirdPersonCPP/Maps/ThirdPersonExampleMap.ThirdPersonExampleMap_C' with ClassGeneratedBy '/Game/ThirdPersonCPP/Maps/ThirdPersonExampleMap.ThirdPersonExampleMap:PersistentLevel.ThirdPersonExampleMap'
[2020.11.23-10.46.24:499][636]LogSlate: Updating window title bar state: overlay mode, drag disabled, window buttons hidden, title bar hidden
[2020.11.23-10.46.24:509][636]LogSlate: Window 'MyProject Game Preview Standalone (64-bit/PCD3D_SM5)' being destroyed
[2020.11.23-10.46.24:561][636]LogPlayLevel: Display: Shutting down PIE online subsystems
[2020.11.23-10.46.24:561][636]LogBlueprintUserMessages: Late EndPlayMap Detection: Level '/Game/ThirdPersonCPP/Maps/ThirdPersonExampleMap.ThirdPersonExampleMap:PersistentLevel' has LevelScriptBlueprint '/Game/ThirdPersonCPP/Maps/ThirdPersonExampleMap.ThirdPersonExampleMap:PersistentLevel.ThirdPersonExampleMap' with GeneratedClass '/Game/ThirdPersonCPP/Maps/ThirdPersonExampleMap.ThirdPersonExampleMap_C' with ClassGeneratedBy '/Game/ThirdPersonCPP/Maps/ThirdPersonExampleMap.ThirdPersonExampleMap:PersistentLevel.ThirdPersonExampleMap'
[2020.11.23-10.46.24:596][636]LogUObjectHash: Compacting FUObjectHashTables data took   1.42ms
[2020.11.23-10.46.24:839][637]LogPlayLevel: Display: Destroying online subsystem :Context_8
