Log file open, 11/17/20 17:25:43
LogWindows: Failed to load 'aqProf.dll' (GetLastError=126)
LogWindows: File 'aqProf.dll' does not exist
LogWindows: Failed to load 'VtuneApi.dll' (GetLastError=126)
LogWindows: File 'VtuneApi.dll' does not exist
LogWindows: Failed to load 'VtuneApi32e.dll' (GetLastError=126)
LogWindows: File 'VtuneApi32e.dll' does not exist
LogConsoleResponse: Display: Failed to find resolution value strings in scalability ini. Falling back to default.
LogInit: Display: Running engine for game: MyProject
LogPakFile: Registered encryption key '00000000000000000000000000000000': 0 pak files mounted, 0 remain pending
LogPlatformFile: Not using cached read wrapper
LogTaskGraph: Started task graph with 5 named threads and 47 total threads with 3 sets of task threads.
LogStats: Stats thread started at 0.620986
LogD3D11RHI: Loaded GFSDK_Aftermath_Lib.x64.dll
LogICUInternationalization: ICU TimeZone Detection - Raw Offset: +0:00, Platform Override: ''
LogPluginManager: Mounting plugin Paper2D
LogPluginManager: Mounting plugin AISupport
LogPluginManager: Mounting plugin LightPropagationVolume
LogPluginManager: Mounting plugin ActorLayerUtilities
LogPluginManager: Mounting plugin AnimationSharing
LogPluginManager: Mounting plugin CLionSourceCodeAccess
LogPluginManager: Mounting plugin CodeLiteSourceCodeAccess
LogPluginManager: Mounting plugin GitSourceControl
LogPluginManager: Mounting plugin KDevelopSourceCodeAccess
LogPluginManager: Mounting plugin NullSourceCodeAccess
LogPluginManager: Mounting plugin PerforceSourceControl
LogPluginManager: Mounting plugin SubversionSourceControl
LogPluginManager: Mounting plugin UObjectPlugin
LogPluginManager: Mounting plugin VisualStudioCodeSourceCodeAccess
LogPluginManager: Mounting plugin VisualStudioSourceCodeAccess
LogPluginManager: Mounting plugin XCodeSourceCodeAccess
LogPluginManager: Mounting plugin AssetManagerEditor
LogPluginManager: Mounting plugin CryptoKeys
LogPluginManager: Mounting plugin DataValidation
LogPluginManager: Mounting plugin FacialAnimation
LogPluginManager: Mounting plugin GameplayTagsEditor
LogPluginManager: Mounting plugin MacGraphicsSwitching
LogPluginManager: Mounting plugin MaterialAnalyzer
LogPluginManager: Mounting plugin MobileLauncherProfileWizard
LogPluginManager: Mounting plugin PluginBrowser
LogPluginManager: Mounting plugin SpeedTreeImporter
LogPluginManager: Mounting plugin DatasmithContent
LogPluginManager: Mounting plugin VariantManagerContent
LogPluginManager: Mounting plugin AlembicImporter
LogPluginManager: Mounting plugin AppleImageUtils
LogPluginManager: Mounting plugin AppleVision
LogPluginManager: Mounting plugin BackChannel
LogPluginManager: Mounting plugin CharacterAI
LogPluginManager: Mounting plugin GeometryCache
LogPluginManager: Mounting plugin HTML5Networking
LogPluginManager: Mounting plugin ProxyLODPlugin
LogPluginManager: Mounting plugin SkeletalReduction
LogPluginManager: Mounting plugin MagicLeap
LogPluginManager: Mounting plugin MagicLeapMedia
LogPluginManager: Mounting plugin AndroidMedia
LogPluginManager: Mounting plugin AvfMedia
LogPluginManager: Mounting plugin ImgMedia
LogPluginManager: Mounting plugin LinearTimecode
LogPluginManager: Mounting plugin MediaCompositing
LogPluginManager: Mounting plugin MediaPlayerEditor
LogPluginManager: Mounting plugin WebMMedia
LogPluginManager: Mounting plugin WmfMedia
LogPluginManager: Mounting plugin TcpMessaging
LogPluginManager: Mounting plugin UdpMessaging
LogPluginManager: Mounting plugin ActorSequence
LogPluginManager: Mounting plugin LevelSequenceEditor
LogPluginManager: Mounting plugin MatineeToLevelSequence
LogPluginManager: Mounting plugin NetcodeUnitTest
LogPluginManager: Mounting plugin NUTUnrealEngine4
LogPluginManager: Mounting plugin OnlineSubsystemGooglePlay
LogPluginManager: Mounting plugin OnlineSubsystemIOS
LogPluginManager: Mounting plugin OnlineSubsystem
LogPluginManager: Mounting plugin OnlineSubsystemNull
LogPluginManager: Mounting plugin OnlineSubsystemUtils
LogPluginManager: Mounting plugin LauncherChunkInstaller
LogPluginManager: Mounting plugin AndroidDeviceProfileSelector
LogPluginManager: Mounting plugin AndroidMoviePlayer
LogPluginManager: Mounting plugin AndroidPermission
LogPluginManager: Mounting plugin AppleMoviePlayer
LogPluginManager: Mounting plugin ArchVisCharacter
LogPluginManager: Mounting plugin AudioCapture
LogPluginManager: Mounting plugin CableComponent
LogPluginManager: Mounting plugin CustomMeshComponent
LogPluginManager: Mounting plugin EditableMesh
LogPluginManager: Mounting plugin ExampleDeviceProfileSelector
LogPluginManager: Mounting plugin Firebase
LogPluginManager: Mounting plugin GoogleCloudMessaging
LogPluginManager: Mounting plugin IOSDeviceProfileSelector
LogPluginManager: Mounting plugin LinuxDeviceProfileSelector
LogPluginManager: Mounting plugin LocationServicesBPLibrary
LogPluginManager: Mounting plugin MobilePatchingUtils
LogPluginManager: Mounting plugin OculusVR
LogPluginManager: Mounting plugin PhysXVehicles
LogPluginManager: Mounting plugin ProceduralMeshComponent
LogPluginManager: Mounting plugin RuntimePhysXCooking
LogPluginManager: Mounting plugin SignificanceManager
LogPluginManager: Mounting plugin SteamVR
LogPluginManager: Mounting plugin WebMMoviePlayer
LogPluginManager: Mounting plugin WindowsMoviePlayer
LogInit: Using libcurl 7.55.1-DEV
LogInit:  - built for x86_64-pc-win32
LogInit:  - supports SSL with OpenSSL/1.1.1
LogInit:  - supports HTTP deflate (compression) using libz 1.2.8
LogInit:  - other features:
LogInit:      CURL_VERSION_SSL
LogInit:      CURL_VERSION_LIBZ
LogInit:      CURL_VERSION_IPV6
LogInit:      CURL_VERSION_ASYNCHDNS
LogInit:      CURL_VERSION_LARGEFILE
LogInit:      CURL_VERSION_IDN
LogInit:  CurlRequestOptions (configurable via config and command line):
LogInit:  - bVerifyPeer = true  - Libcurl will verify peer certificate
LogInit:  - bUseHttpProxy = false  - Libcurl will NOT use HTTP proxy
LogInit:  - bDontReuseConnections = false  - Libcurl will reuse connections
LogInit:  - MaxHostConnections = 16  - Libcurl will limit the number of connections to a host
LogInit:  - LocalHostAddr = Default
LogInit:  - BufferSize = 65536
LogInit: WinSock: version 1.1 (2.2), MaxSocks=32767, MaxUdp=65467
LogHMD: Failed initializing OVRPlugin 1.32.0
LogInit: Build: ++UE4+Release-4.22-CL-7053642
LogInit: Engine Version: 4.22.3-7053642+++UE4+Release-4.22
LogInit: Compatible Engine Version: 4.22.0-5660361+++UE4+Release-4.22
LogInit: Net CL: 5660361
LogInit: OS: Windows 10 (Release 1909) (), CPU: Intel(R) Core(TM) i9-9900K CPU @ 3.60GHz, GPU: NVIDIA GeForce RTX 2080
LogInit: Compiled (64-bit): Jun 18 2019 03:09:11
LogInit: Compiled with Visual C++: 19.16.27025.01
LogInit: Build Configuration: Development
LogInit: Branch Name: ++UE4+Release-4.22
LogInit: Command Line:  -skipcompile
LogInit: Base Directory: C:/UE_4.22/UE_4.22/Engine/Binaries/Win64/
LogInit: Installed Engine Build: 1
LogDevObjectVersion: Number of dev versions registered: 23
LogDevObjectVersion:   Dev-Blueprints (B0D832E4-1F89-4F0D-ACCF-7EB736FD4AA2): 10
LogDevObjectVersion:   Dev-Build (E1C64328-A22C-4D53-A36C-8E866417BD8C): 0
LogDevObjectVersion:   Dev-Core (375EC13C-06E4-48FB-B500-84F0262A717E): 3
LogDevObjectVersion:   Dev-Editor (E4B068ED-F494-42E9-A231-DA0B2E46BB41): 30
LogDevObjectVersion:   Dev-Framework (CFFC743F-43B0-4480-9391-14DF171D2073): 35
LogDevObjectVersion:   Dev-Mobile (B02B49B5-BB20-44E9-A304-32B752E40360): 2
LogDevObjectVersion:   Dev-Networking (A4E4105C-59A1-49B5-A7C5-40C4547EDFEE): 0
LogDevObjectVersion:   Dev-Online (39C831C9-5AE6-47DC-9A44-9C173E1C8E7C): 0
LogDevObjectVersion:   Dev-Physics (78F01B33-EBEA-4F98-B9B4-84EACCB95AA2): 0
LogDevObjectVersion:   Dev-Platform (6631380F-2D4D-43E0-8009-CF276956A95A): 0
LogDevObjectVersion:   Dev-Rendering (12F88B9F-8875-4AFC-A67C-D90C383ABD29): 28
LogDevObjectVersion:   Dev-Sequencer (7B5AE74C-D270-4C10-A958-57980B212A5A): 11
LogDevObjectVersion:   Dev-VR (D7296918-1DD6-4BDD-9DE2-64A83CC13884): 2
LogDevObjectVersion:   Dev-LoadTimes (C2A15278-BFE7-4AFE-6C17-90FF531DF755): 1
LogDevObjectVersion:   Private-Geometry (6EACA3D4-40EC-4CC1-B786-8BED09428FC5): 3
LogDevObjectVersion:   Dev-AnimPhys (29E575DD-E0A3-4627-9D10-D276232CDCEA): 17
LogDevObjectVersion:   Dev-Anim (AF43A65D-7FD3-4947-9873-3E8ED9C1BB05): 2
LogDevObjectVersion:   Dev-ReflectionCapture (6B266CEC-1EC7-4B8F-A30B-E4D90942FC07): 1
LogDevObjectVersion:   Dev-Automation (0DF73D61-A23F-47EA-B727-89E90C41499A): 1
LogDevObjectVersion:   FortniteMain (601D1886-AC64-4F84-AA16-D3DE0DEAC7D6): 25
LogDevObjectVersion:   Dev-Enterprise (9DFFBCD6-494F-0158-E221-12823C92A888): 6
LogDevObjectVersion:   Dev-Niagara (F2AED0AC-9AFE-416F-8664-AA7FFA26D6FC): 1
LogDevObjectVersion:   Dev-Destruction (174F1F0B-B4C6-45A5-B13F-2EE8D0FB917D): 2
LogInit: Presizing for max 16777216 objects, including 0 objects not considered by GC, pre-allocating 0 bytes for permanent pool.
LogInit: Object subsystem initialized
LogConfig: Setting CVar [[con.DebugEarlyDefault:1]]
LogConfig: Setting CVar [[r.setres:1280x720]]
[2020.11.17-17.25.44:470][  0]LogConfig: Setting CVar [[r.VSync:0]]
[2020.11.17-17.25.44:470][  0]LogConfig: Setting CVar [[r.RHICmdBypass:0]]
[2020.11.17-17.25.44:470][  0]LogConfig: Applying CVar settings from Section [/Script/Engine.RendererSettings] File [C:/Users/1804824/Desktop/cakes/MyProject/Saved/Config/Windows/Engine.ini]
[2020.11.17-17.25.44:470][  0]LogConfig: Setting CVar [[r.GPUCrashDebugging:0]]
[2020.11.17-17.25.44:470][  0]LogConfig: Applying CVar settings from Section [/Script/Engine.RendererOverrideSettings] File [C:/Users/1804824/Desktop/cakes/MyProject/Saved/Config/Windows/Engine.ini]
[2020.11.17-17.25.44:470][  0]LogConfig: Applying CVar settings from Section [/Script/Engine.StreamingSettings] File [C:/Users/1804824/Desktop/cakes/MyProject/Saved/Config/Windows/Engine.ini]
[2020.11.17-17.25.44:470][  0]LogConfig: Setting CVar [[s.MinBulkDataSizeForAsyncLoading:131072]]
[2020.11.17-17.25.44:470][  0]LogConfig: Setting CVar [[s.AsyncLoadingThreadEnabled:0]]
[2020.11.17-17.25.44:470][  0]LogConfig: Setting CVar [[s.EventDrivenLoaderEnabled:1]]
[2020.11.17-17.25.44:471][  0]LogConfig: Setting CVar [[s.WarnIfTimeLimitExceeded:0]]
[2020.11.17-17.25.44:471][  0]LogConfig: Setting CVar [[s.TimeLimitExceededMultiplier:1.5]]
[2020.11.17-17.25.44:471][  0]LogConfig: Setting CVar [[s.TimeLimitExceededMinTime:0.005]]
[2020.11.17-17.25.44:471][  0]LogConfig: Setting CVar [[s.UseBackgroundLevelStreaming:1]]
[2020.11.17-17.25.44:471][  0]LogConfig: Setting CVar [[s.PriorityAsyncLoadingExtraTime:15.0]]
[2020.11.17-17.25.44:471][  0]LogConfig: Setting CVar [[s.LevelStreamingActorsUpdateTimeLimit:5.0]]
[2020.11.17-17.25.44:471][  0]LogConfig: Setting CVar [[s.PriorityLevelStreamingActorsUpdateExtraTime:5.0]]
[2020.11.17-17.25.44:471][  0]LogConfig: Setting CVar [[s.LevelStreamingComponentsRegistrationGranularity:10]]
[2020.11.17-17.25.44:471][  0]LogConfig: Setting CVar [[s.UnregisterComponentsTimeLimit:1.0]]
[2020.11.17-17.25.44:471][  0]LogConfig: Setting CVar [[s.LevelStreamingComponentsUnregistrationGranularity:5]]
[2020.11.17-17.25.44:471][  0]LogConfig: Applying CVar settings from Section [/Script/Engine.GarbageCollectionSettings] File [C:/Users/1804824/Desktop/cakes/MyProject/Saved/Config/Windows/Engine.ini]
[2020.11.17-17.25.44:471][  0]LogConfig: Setting CVar [[gc.MaxObjectsNotConsideredByGC:1]]
[2020.11.17-17.25.44:471][  0]LogConfig: Setting CVar [[gc.SizeOfPermanentObjectPool:0]]
[2020.11.17-17.25.44:471][  0]LogConfig: Setting CVar [[gc.FlushStreamingOnGC:0]]
[2020.11.17-17.25.44:471][  0]LogConfig: Setting CVar [[gc.NumRetriesBeforeForcingGC:10]]
[2020.11.17-17.25.44:471][  0]LogConfig: Setting CVar [[gc.AllowParallelGC:1]]
[2020.11.17-17.25.44:471][  0]LogConfig: Setting CVar [[gc.TimeBetweenPurgingPendingKillObjects:61.1]]
[2020.11.17-17.25.44:471][  0]LogConfig: Setting CVar [[gc.MaxObjectsInEditor:16777216]]
[2020.11.17-17.25.44:471][  0]LogConfig: Setting CVar [[gc.IncrementalBeginDestroyEnabled:1]]
[2020.11.17-17.25.44:472][  0]LogConfig: Setting CVar [[gc.CreateGCClusters:1]]
[2020.11.17-17.25.44:472][  0]LogConfig: Setting CVar [[gc.MinGCClusterSize:5]]
[2020.11.17-17.25.44:472][  0]LogConfig: Setting CVar [[gc.ActorClusteringEnabled:0]]
[2020.11.17-17.25.44:472][  0]LogConfig: Setting CVar [[gc.BlueprintClusteringEnabled:0]]
[2020.11.17-17.25.44:472][  0]LogConfig: Setting CVar [[gc.UseDisregardForGCOnDedicatedServers:0]]
[2020.11.17-17.25.44:472][  0]LogConfig: Applying CVar settings from Section [/Script/Engine.NetworkSettings] File [C:/Users/1804824/Desktop/cakes/MyProject/Saved/Config/Windows/Engine.ini]
[2020.11.17-17.25.44:472][  0]LogConfig: Applying CVar settings from Section [/Script/UnrealEd.CookerSettings] File [C:/Users/1804824/Desktop/cakes/MyProject/Saved/Config/Windows/Engine.ini]
[2020.11.17-17.25.44:478][  0]LogConfig: Applying CVar settings from Section [ViewDistanceQuality@3] File [C:/Users/1804824/Desktop/cakes/MyProject/Saved/Config/Windows/Scalability.ini]
[2020.11.17-17.25.44:478][  0]LogConfig: Setting CVar [[r.SkeletalMeshLODBias:0]]
[2020.11.17-17.25.44:478][  0]LogConfig: Setting CVar [[r.ViewDistanceScale:1.0]]
[2020.11.17-17.25.44:478][  0]LogConfig: Applying CVar settings from Section [AntiAliasingQuality@3] File [C:/Users/1804824/Desktop/cakes/MyProject/Saved/Config/Windows/Scalability.ini]
[2020.11.17-17.25.44:478][  0]LogConfig: Setting CVar [[r.PostProcessAAQuality:4]]
[2020.11.17-17.25.44:478][  0]LogConfig: Applying CVar settings from Section [ShadowQuality@3] File [C:/Users/1804824/Desktop/cakes/MyProject/Saved/Config/Windows/Scalability.ini]
[2020.11.17-17.25.44:478][  0]LogConfig: Setting CVar [[r.LightFunctionQuality:1]]
[2020.11.17-17.25.44:478][  0]LogConfig: Setting CVar [[r.ShadowQuality:5]]
[2020.11.17-17.25.44:478][  0]LogConfig: Setting CVar [[r.Shadow.CSM.MaxCascades:10]]
[2020.11.17-17.25.44:478][  0]LogConfig: Setting CVar [[r.Shadow.MaxResolution:2048]]
[2020.11.17-17.25.44:479][  0]LogConfig: Setting CVar [[r.Shadow.MaxCSMResolution:2048]]
[2020.11.17-17.25.44:479][  0]LogConfig: Setting CVar [[r.Shadow.RadiusThreshold:0.01]]
[2020.11.17-17.25.44:479][  0]LogConfig: Setting CVar [[r.Shadow.DistanceScale:1.0]]
[2020.11.17-17.25.44:479][  0]LogConfig: Setting CVar [[r.Shadow.CSM.TransitionScale:1.0]]
[2020.11.17-17.25.44:479][  0]LogConfig: Setting CVar [[r.Shadow.PreShadowResolutionFactor:1.0]]
[2020.11.17-17.25.44:479][  0]LogConfig: Setting CVar [[r.DistanceFieldShadowing:1]]
[2020.11.17-17.25.44:479][  0]LogConfig: Setting CVar [[r.DistanceFieldAO:1]]
[2020.11.17-17.25.44:479][  0]LogConfig: Setting CVar [[r.AOQuality:2]]
[2020.11.17-17.25.44:479][  0]LogConfig: Setting CVar [[r.VolumetricFog:1]]
[2020.11.17-17.25.44:479][  0]LogConfig: Setting CVar [[r.VolumetricFog.GridPixelSize:8]]
[2020.11.17-17.25.44:479][  0]LogConfig: Setting CVar [[r.VolumetricFog.GridSizeZ:128]]
[2020.11.17-17.25.44:479][  0]LogConfig: Setting CVar [[r.VolumetricFog.HistoryMissSupersampleCount:4]]
[2020.11.17-17.25.44:479][  0]LogConfig: Setting CVar [[r.LightMaxDrawDistanceScale:1]]
[2020.11.17-17.25.44:479][  0]LogConfig: Setting CVar [[r.CapsuleShadows:1]]
[2020.11.17-17.25.44:479][  0]LogConfig: Applying CVar settings from Section [PostProcessQuality@3] File [C:/Users/1804824/Desktop/cakes/MyProject/Saved/Config/Windows/Scalability.ini]
[2020.11.17-17.25.44:479][  0]LogConfig: Setting CVar [[r.MotionBlurQuality:4]]
[2020.11.17-17.25.44:479][  0]LogConfig: Setting CVar [[r.AmbientOcclusionMipLevelFactor:0.4]]
[2020.11.17-17.25.44:479][  0]LogConfig: Setting CVar [[r.AmbientOcclusionMaxQuality:100]]
[2020.11.17-17.25.44:479][  0]LogConfig: Setting CVar [[r.AmbientOcclusionLevels:-1]]
[2020.11.17-17.25.44:479][  0]LogConfig: Setting CVar [[r.AmbientOcclusionRadiusScale:1.0]]
[2020.11.17-17.25.44:479][  0]LogConfig: Setting CVar [[r.DepthOfFieldQuality:2]]
[2020.11.17-17.25.44:479][  0]LogConfig: Setting CVar [[r.RenderTargetPoolMin:400]]
[2020.11.17-17.25.44:480][  0]LogConfig: Setting CVar [[r.LensFlareQuality:2]]
[2020.11.17-17.25.44:480][  0]LogConfig: Setting CVar [[r.SceneColorFringeQuality:1]]
[2020.11.17-17.25.44:480][  0]LogConfig: Setting CVar [[r.EyeAdaptationQuality:2]]
[2020.11.17-17.25.44:480][  0]LogConfig: Setting CVar [[r.BloomQuality:5]]
[2020.11.17-17.25.44:480][  0]LogConfig: Setting CVar [[r.FastBlurThreshold:100]]
[2020.11.17-17.25.44:480][  0]LogConfig: Setting CVar [[r.Upscale.Quality:3]]
[2020.11.17-17.25.44:480][  0]LogConfig: Setting CVar [[r.Tonemapper.GrainQuantization:1]]
[2020.11.17-17.25.44:480][  0]LogConfig: Setting CVar [[r.LightShaftQuality:1]]
[2020.11.17-17.25.44:480][  0]LogConfig: Setting CVar [[r.Filter.SizeScale:1]]
[2020.11.17-17.25.44:480][  0]LogConfig: Setting CVar [[r.Tonemapper.Quality:5]]
[2020.11.17-17.25.44:480][  0]LogConfig: Setting CVar [[r.DOF.Gather.AccumulatorQuality:1        ; higher gathering accumulator quality]]
[2020.11.17-17.25.44:480][  0]LogConfig: Setting CVar [[r.DOF.Gather.PostfilterMethod:1          ; Median3x3 postfilering method]]
[2020.11.17-17.25.44:480][  0]LogConfig: Setting CVar [[r.DOF.Gather.EnableBokehSettings:0       ; no bokeh simulation when gathering]]
[2020.11.17-17.25.44:480][  0]LogConfig: Setting CVar [[r.DOF.Gather.RingCount:4                 ; medium number of samples when gathering]]
[2020.11.17-17.25.44:480][  0]LogConfig: Setting CVar [[r.DOF.Scatter.ForegroundCompositing:1    ; additive foreground scattering]]
[2020.11.17-17.25.44:480][  0]LogConfig: Setting CVar [[r.DOF.Scatter.BackgroundCompositing:2    ; additive background scattering]]
[2020.11.17-17.25.44:480][  0]LogConfig: Setting CVar [[r.DOF.Scatter.EnableBokehSettings:1      ; bokeh simulation when scattering]]
[2020.11.17-17.25.44:480][  0]LogConfig: Setting CVar [[r.DOF.Scatter.MaxSpriteRatio:0.1         ; only a maximum of 10% of scattered bokeh]]
[2020.11.17-17.25.44:480][  0]LogConfig: Setting CVar [[r.DOF.Recombine.Quality:1                ; cheap slight out of focus]]
[2020.11.17-17.25.44:480][  0]LogConfig: Setting CVar [[r.DOF.Recombine.EnableBokehSettings:0    ; no bokeh simulation on slight out of focus]]
[2020.11.17-17.25.44:480][  0]LogConfig: Setting CVar [[r.DOF.TemporalAAQuality:1                ; more stable temporal accumulation]]
[2020.11.17-17.25.44:480][  0]LogConfig: Setting CVar [[r.DOF.Kernel.MaxForegroundRadius:0.025]]
[2020.11.17-17.25.44:480][  0]LogConfig: Setting CVar [[r.DOF.Kernel.MaxBackgroundRadius:0.025]]
[2020.11.17-17.25.44:480][  0]LogConfig: Applying CVar settings from Section [TextureQuality@3] File [C:/Users/1804824/Desktop/cakes/MyProject/Saved/Config/Windows/Scalability.ini]
[2020.11.17-17.25.44:481][  0]LogConfig: Setting CVar [[r.Streaming.MipBias:0]]
[2020.11.17-17.25.44:481][  0]LogConfig: Setting CVar [[r.Streaming.AmortizeCPUToGPUCopy:0]]
[2020.11.17-17.25.44:481][  0]LogConfig: Setting CVar [[r.Streaming.MaxNumTexturesToStreamPerFrame:0]]
[2020.11.17-17.25.44:481][  0]LogConfig: Setting CVar [[r.Streaming.Boost:1]]
[2020.11.17-17.25.44:481][  0]LogConfig: Setting CVar [[r.MaxAnisotropy:8]]
[2020.11.17-17.25.44:481][  0]LogConfig: Setting CVar [[r.Streaming.LimitPoolSizeToVRAM:0]]
[2020.11.17-17.25.44:481][  0]LogConfig: Setting CVar [[r.Streaming.PoolSize:1000]]
[2020.11.17-17.25.44:481][  0]LogConfig: Setting CVar [[r.Streaming.MaxEffectiveScreenSize:0]]
[2020.11.17-17.25.44:481][  0]LogConfig: Applying CVar settings from Section [EffectsQuality@3] File [C:/Users/1804824/Desktop/cakes/MyProject/Saved/Config/Windows/Scalability.ini]
[2020.11.17-17.25.44:481][  0]LogConfig: Setting CVar [[r.TranslucencyLightingVolumeDim:64]]
[2020.11.17-17.25.44:481][  0]LogConfig: Setting CVar [[r.RefractionQuality:2]]
[2020.11.17-17.25.44:481][  0]LogConfig: Setting CVar [[r.SSR.Quality:3]]
[2020.11.17-17.25.44:481][  0]LogConfig: Setting CVar [[r.SceneColorFormat:4]]
[2020.11.17-17.25.44:481][  0]LogConfig: Setting CVar [[r.DetailMode:2]]
[2020.11.17-17.25.44:481][  0]LogConfig: Setting CVar [[r.TranslucencyVolumeBlur:1]]
[2020.11.17-17.25.44:481][  0]LogConfig: Setting CVar [[r.MaterialQualityLevel:1 ; High quality]]
[2020.11.17-17.25.44:481][  0]LogConfig: Setting CVar [[r.SSS.Scale:1]]
[2020.11.17-17.25.44:481][  0]LogConfig: Setting CVar [[r.SSS.SampleSet:2]]
[2020.11.17-17.25.44:481][  0]LogConfig: Setting CVar [[r.SSS.Quality:1]]
[2020.11.17-17.25.44:481][  0]LogConfig: Setting CVar [[r.SSS.HalfRes:1]]
[2020.11.17-17.25.44:481][  0]LogConfig: Setting CVar [[r.EmitterSpawnRateScale:1.0]]
[2020.11.17-17.25.44:481][  0]LogConfig: Setting CVar [[r.ParticleLightQuality:2]]
[2020.11.17-17.25.44:481][  0]LogConfig: Applying CVar settings from Section [FoliageQuality@3] File [C:/Users/1804824/Desktop/cakes/MyProject/Saved/Config/Windows/Scalability.ini]
[2020.11.17-17.25.44:482][  0]LogConfig: Setting CVar [[foliage.DensityScale:1.0]]
[2020.11.17-17.25.44:482][  0]LogConfig: Setting CVar [[grass.DensityScale:1.0]]
[2020.11.17-17.25.44:482][  0]LogInit: Selected Device Profile: [Windows]
[2020.11.17-17.25.44:482][  0]LogInit: Applying CVar settings loaded from the selected device profile: [Windows]
[2020.11.17-17.25.44:490][  0]LogHAL: Display: Platform has ~ 32 GB [34169503744 / 34359738368 / 32], which maps to Largest [LargestMinGB=32, LargerMinGB=12, DefaultMinGB=8, SmallerMinGB=6, SmallestMinGB=0)
[2020.11.17-17.25.44:490][  0]LogConfig: Setting CVar [[r.Vulkan.UseRealUBs:0		; Required until we fix HLR fall-out]]
[2020.11.17-17.25.44:490][  0]LogInit: Going up to parent DeviceProfile []
[2020.11.17-17.25.44:490][  0]LogConfig: Applying CVar settings from Section [ViewDistanceQuality@3] File [C:/Users/1804824/Desktop/cakes/MyProject/Saved/Config/Windows/Scalability.ini]
[2020.11.17-17.25.44:490][  0]LogConfig: Setting CVar [[r.SkeletalMeshLODBias:0]]
[2020.11.17-17.25.44:490][  0]LogConfig: Setting CVar [[r.ViewDistanceScale:1.0]]
[2020.11.17-17.25.44:490][  0]LogConfig: Applying CVar settings from Section [AntiAliasingQuality@3] File [C:/Users/1804824/Desktop/cakes/MyProject/Saved/Config/Windows/Scalability.ini]
[2020.11.17-17.25.44:490][  0]LogConfig: Setting CVar [[r.PostProcessAAQuality:4]]
[2020.11.17-17.25.44:490][  0]LogConfig: Applying CVar settings from Section [ShadowQuality@3] File [C:/Users/1804824/Desktop/cakes/MyProject/Saved/Config/Windows/Scalability.ini]
[2020.11.17-17.25.44:490][  0]LogConfig: Setting CVar [[r.LightFunctionQuality:1]]
[2020.11.17-17.25.44:491][  0]LogConfig: Setting CVar [[r.ShadowQuality:5]]
[2020.11.17-17.25.44:491][  0]LogConfig: Setting CVar [[r.Shadow.CSM.MaxCascades:10]]
[2020.11.17-17.25.44:491][  0]LogConfig: Setting CVar [[r.Shadow.MaxResolution:2048]]
[2020.11.17-17.25.44:491][  0]LogConfig: Setting CVar [[r.Shadow.MaxCSMResolution:2048]]
[2020.11.17-17.25.44:491][  0]LogConfig: Setting CVar [[r.Shadow.RadiusThreshold:0.01]]
[2020.11.17-17.25.44:491][  0]LogConfig: Setting CVar [[r.Shadow.DistanceScale:1.0]]
[2020.11.17-17.25.44:491][  0]LogConfig: Setting CVar [[r.Shadow.CSM.TransitionScale:1.0]]
[2020.11.17-17.25.44:491][  0]LogConfig: Setting CVar [[r.Shadow.PreShadowResolutionFactor:1.0]]
[2020.11.17-17.25.44:491][  0]LogConfig: Setting CVar [[r.DistanceFieldShadowing:1]]
[2020.11.17-17.25.44:491][  0]LogConfig: Setting CVar [[r.DistanceFieldAO:1]]
[2020.11.17-17.25.44:491][  0]LogConfig: Setting CVar [[r.AOQuality:2]]
[2020.11.17-17.25.44:491][  0]LogConfig: Setting CVar [[r.VolumetricFog:1]]
[2020.11.17-17.25.44:491][  0]LogConfig: Setting CVar [[r.VolumetricFog.GridPixelSize:8]]
[2020.11.17-17.25.44:491][  0]LogConfig: Setting CVar [[r.VolumetricFog.GridSizeZ:128]]
[2020.11.17-17.25.44:491][  0]LogConfig: Setting CVar [[r.VolumetricFog.HistoryMissSupersampleCount:4]]
[2020.11.17-17.25.44:491][  0]LogConfig: Setting CVar [[r.LightMaxDrawDistanceScale:1]]
[2020.11.17-17.25.44:491][  0]LogConfig: Setting CVar [[r.CapsuleShadows:1]]
[2020.11.17-17.25.44:491][  0]LogConfig: Applying CVar settings from Section [PostProcessQuality@3] File [C:/Users/1804824/Desktop/cakes/MyProject/Saved/Config/Windows/Scalability.ini]
[2020.11.17-17.25.44:492][  0]LogConfig: Setting CVar [[r.MotionBlurQuality:4]]
[2020.11.17-17.25.44:492][  0]LogConfig: Setting CVar [[r.AmbientOcclusionMipLevelFactor:0.4]]
[2020.11.17-17.25.44:492][  0]LogConfig: Setting CVar [[r.AmbientOcclusionMaxQuality:100]]
[2020.11.17-17.25.44:492][  0]LogConfig: Setting CVar [[r.AmbientOcclusionLevels:-1]]
[2020.11.17-17.25.44:492][  0]LogConfig: Setting CVar [[r.AmbientOcclusionRadiusScale:1.0]]
[2020.11.17-17.25.44:492][  0]LogConfig: Setting CVar [[r.DepthOfFieldQuality:2]]
[2020.11.17-17.25.44:492][  0]LogConfig: Setting CVar [[r.RenderTargetPoolMin:400]]
[2020.11.17-17.25.44:492][  0]LogConfig: Setting CVar [[r.LensFlareQuality:2]]
[2020.11.17-17.25.44:492][  0]LogConfig: Setting CVar [[r.SceneColorFringeQuality:1]]
[2020.11.17-17.25.44:492][  0]LogConfig: Setting CVar [[r.EyeAdaptationQuality:2]]
[2020.11.17-17.25.44:492][  0]LogConfig: Setting CVar [[r.BloomQuality:5]]
[2020.11.17-17.25.44:492][  0]LogConfig: Setting CVar [[r.FastBlurThreshold:100]]
[2020.11.17-17.25.44:492][  0]LogConfig: Setting CVar [[r.Upscale.Quality:3]]
[2020.11.17-17.25.44:492][  0]LogConfig: Setting CVar [[r.Tonemapper.GrainQuantization:1]]
[2020.11.17-17.25.44:492][  0]LogConfig: Setting CVar [[r.LightShaftQuality:1]]
[2020.11.17-17.25.44:492][  0]LogConfig: Setting CVar [[r.Filter.SizeScale:1]]
[2020.11.17-17.25.44:492][  0]LogConfig: Setting CVar [[r.Tonemapper.Quality:5]]
[2020.11.17-17.25.44:492][  0]LogConfig: Setting CVar [[r.DOF.Gather.AccumulatorQuality:1        ; higher gathering accumulator quality]]
[2020.11.17-17.25.44:492][  0]LogConfig: Setting CVar [[r.DOF.Gather.PostfilterMethod:1          ; Median3x3 postfilering method]]
[2020.11.17-17.25.44:492][  0]LogConfig: Setting CVar [[r.DOF.Gather.EnableBokehSettings:0       ; no bokeh simulation when gathering]]
[2020.11.17-17.25.44:492][  0]LogConfig: Setting CVar [[r.DOF.Gather.RingCount:4                 ; medium number of samples when gathering]]
[2020.11.17-17.25.44:492][  0]LogConfig: Setting CVar [[r.DOF.Scatter.ForegroundCompositing:1    ; additive foreground scattering]]
[2020.11.17-17.25.44:492][  0]LogConfig: Setting CVar [[r.DOF.Scatter.BackgroundCompositing:2    ; additive background scattering]]
[2020.11.17-17.25.44:493][  0]LogConfig: Setting CVar [[r.DOF.Scatter.EnableBokehSettings:1      ; bokeh simulation when scattering]]
[2020.11.17-17.25.44:493][  0]LogConfig: Setting CVar [[r.DOF.Scatter.MaxSpriteRatio:0.1         ; only a maximum of 10% of scattered bokeh]]
[2020.11.17-17.25.44:493][  0]LogConfig: Setting CVar [[r.DOF.Recombine.Quality:1                ; cheap slight out of focus]]
[2020.11.17-17.25.44:493][  0]LogConfig: Setting CVar [[r.DOF.Recombine.EnableBokehSettings:0    ; no bokeh simulation on slight out of focus]]
[2020.11.17-17.25.44:493][  0]LogConfig: Setting CVar [[r.DOF.TemporalAAQuality:1                ; more stable temporal accumulation]]
[2020.11.17-17.25.44:493][  0]LogConfig: Setting CVar [[r.DOF.Kernel.MaxForegroundRadius:0.025]]
[2020.11.17-17.25.44:493][  0]LogConfig: Setting CVar [[r.DOF.Kernel.MaxBackgroundRadius:0.025]]
[2020.11.17-17.25.44:493][  0]LogConfig: Applying CVar settings from Section [TextureQuality@3] File [C:/Users/1804824/Desktop/cakes/MyProject/Saved/Config/Windows/Scalability.ini]
[2020.11.17-17.25.44:493][  0]LogConfig: Setting CVar [[r.Streaming.MipBias:0]]
[2020.11.17-17.25.44:493][  0]LogConfig: Setting CVar [[r.Streaming.AmortizeCPUToGPUCopy:0]]
[2020.11.17-17.25.44:493][  0]LogConfig: Setting CVar [[r.Streaming.MaxNumTexturesToStreamPerFrame:0]]
[2020.11.17-17.25.44:493][  0]LogConfig: Setting CVar [[r.Streaming.Boost:1]]
[2020.11.17-17.25.44:493][  0]LogConfig: Setting CVar [[r.MaxAnisotropy:8]]
[2020.11.17-17.25.44:493][  0]LogConfig: Setting CVar [[r.Streaming.LimitPoolSizeToVRAM:0]]
[2020.11.17-17.25.44:493][  0]LogConfig: Setting CVar [[r.Streaming.PoolSize:1000]]
[2020.11.17-17.25.44:493][  0]LogConfig: Setting CVar [[r.Streaming.MaxEffectiveScreenSize:0]]
[2020.11.17-17.25.44:493][  0]LogConfig: Applying CVar settings from Section [EffectsQuality@3] File [C:/Users/1804824/Desktop/cakes/MyProject/Saved/Config/Windows/Scalability.ini]
[2020.11.17-17.25.44:493][  0]LogConfig: Setting CVar [[r.TranslucencyLightingVolumeDim:64]]
[2020.11.17-17.25.44:493][  0]LogConfig: Setting CVar [[r.RefractionQuality:2]]
[2020.11.17-17.25.44:493][  0]LogConfig: Setting CVar [[r.SSR.Quality:3]]
[2020.11.17-17.25.44:493][  0]LogConfig: Setting CVar [[r.SceneColorFormat:4]]
[2020.11.17-17.25.44:493][  0]LogConfig: Setting CVar [[r.DetailMode:2]]
[2020.11.17-17.25.44:493][  0]LogConfig: Setting CVar [[r.TranslucencyVolumeBlur:1]]
[2020.11.17-17.25.44:493][  0]LogConfig: Setting CVar [[r.MaterialQualityLevel:1 ; High quality]]
[2020.11.17-17.25.44:494][  0]LogConfig: Setting CVar [[r.SSS.Scale:1]]
[2020.11.17-17.25.44:494][  0]LogConfig: Setting CVar [[r.SSS.SampleSet:2]]
[2020.11.17-17.25.44:494][  0]LogConfig: Setting CVar [[r.SSS.Quality:1]]
[2020.11.17-17.25.44:494][  0]LogConfig: Setting CVar [[r.SSS.HalfRes:1]]
[2020.11.17-17.25.44:494][  0]LogConfig: Setting CVar [[r.EmitterSpawnRateScale:1.0]]
[2020.11.17-17.25.44:494][  0]LogConfig: Setting CVar [[r.ParticleLightQuality:2]]
[2020.11.17-17.25.44:494][  0]LogConfig: Applying CVar settings from Section [FoliageQuality@3] File [C:/Users/1804824/Desktop/cakes/MyProject/Saved/Config/Windows/Scalability.ini]
[2020.11.17-17.25.44:494][  0]LogConfig: Setting CVar [[foliage.DensityScale:1.0]]
[2020.11.17-17.25.44:494][  0]LogConfig: Setting CVar [[grass.DensityScale:1.0]]
[2020.11.17-17.25.44:494][  0]LogConfig: Applying CVar settings from Section [Startup] File [../../../Engine/Config/ConsoleVariables.ini]
[2020.11.17-17.25.44:494][  0]LogConfig: Setting CVar [[net.UseAdaptiveNetUpdateFrequency:0]]
[2020.11.17-17.25.44:494][  0]LogConfig: Setting CVar [[p.chaos.AllowCreatePhysxBodies:1]]
[2020.11.17-17.25.44:494][  0]LogConfig: Applying CVar settings from Section [ConsoleVariables] File [C:/Users/1804824/Desktop/cakes/MyProject/Saved/Config/Windows/Engine.ini]
[2020.11.17-17.25.44:494][  0]LogInit: Computer: UL04PCJL11D-10
[2020.11.17-17.25.44:494][  0]LogInit: User: 1804824
[2020.11.17-17.25.44:495][  0]LogInit: CPU Page size=4096, Cores=8
[2020.11.17-17.25.44:495][  0]LogInit: High frequency timer resolution =10.000000 MHz
[2020.11.17-17.25.44:495][  0]LogMemory: Memory total: Physical=31.8GB (32GB approx)
[2020.11.17-17.25.44:495][  0]LogMemory: Platform Memory Stats for Windows
[2020.11.17-17.25.44:495][  0]LogMemory: Process Physical Memory: 103.25 MB used, 103.26 MB peak
[2020.11.17-17.25.44:495][  0]LogMemory: Process Virtual Memory: 95.43 MB used, 95.43 MB peak
[2020.11.17-17.25.44:495][  0]LogMemory: Physical Memory: 12452.36 MB used,  20134.22 MB free, 32586.58 MB total
[2020.11.17-17.25.44:495][  0]LogMemory: Virtual Memory: 4680.70 MB used,  134213048.00 MB free, 134217728.00 MB total
[2020.11.17-17.25.44:673][  0]LogInit: Using OS detected language (en-US).
[2020.11.17-17.25.44:673][  0]LogInit: Using OS detected locale (en-GB).
[2020.11.17-17.25.44:674][  0]LogTextLocalizationManager: No specific localization for 'en-US' exists, so the 'en' localization will be used.
[2020.11.17-17.25.44:791][  0]LogInit: Setting process to per monitor DPI aware
[2020.11.17-17.25.44:828][  0]LogSlate: New Slate User Created.  User Index 0, Is Virtual User: 0
[2020.11.17-17.25.44:829][  0]LogSlate: Slate User Registered.  User Index 0, Is Virtual User: 0
[2020.11.17-17.25.45:076][  0]LogHMD: Failed to initialize OpenVR with code 110
[2020.11.17-17.25.45:076][  0]LogD3D11RHI: D3D11 adapters:
[2020.11.17-17.25.45:162][  0]LogD3D11RHI:    0. 'NVIDIA GeForce RTX 2080' (Feature Level 11_0)
[2020.11.17-17.25.45:162][  0]LogD3D11RHI:       8010/0/16293 MB DedicatedVideo/DedicatedSystem/SharedSystem, Outputs:2, VendorId:0x10de
[2020.11.17-17.25.45:192][  0]LogD3D11RHI:    1. 'Intel(R) UHD Graphics 630' (Feature Level 11_0)
[2020.11.17-17.25.45:192][  0]LogD3D11RHI:       128/0/16293 MB DedicatedVideo/DedicatedSystem/SharedSystem, Outputs:0, VendorId:0x8086
[2020.11.17-17.25.45:196][  0]LogD3D11RHI:    2. 'Microsoft Basic Render Driver' (Feature Level 11_0)
[2020.11.17-17.25.45:196][  0]LogD3D11RHI:       0/0/16293 MB DedicatedVideo/DedicatedSystem/SharedSystem, Outputs:0, VendorId:0x1414
[2020.11.17-17.25.45:196][  0]LogD3D11RHI: Chosen D3D11 Adapter: 0
[2020.11.17-17.25.45:208][  0]LogD3D11RHI: Creating new Direct3DDevice
[2020.11.17-17.25.45:209][  0]LogD3D11RHI:     GPU DeviceId: 0x1e87 (for the marketing name, search the web for "GPU Device Id")
[2020.11.17-17.25.45:209][  0]LogWindows: EnumDisplayDevices:
[2020.11.17-17.25.45:209][  0]LogWindows:    0. 'NVIDIA GeForce RTX 2080' (P:1 D:1)
[2020.11.17-17.25.45:209][  0]LogWindows:    1. 'NVIDIA GeForce RTX 2080' (P:0 D:1)
[2020.11.17-17.25.45:209][  0]LogWindows:    2. 'NVIDIA GeForce RTX 2080' (P:0 D:0)
[2020.11.17-17.25.45:210][  0]LogWindows:    3. 'NVIDIA GeForce RTX 2080' (P:0 D:0)
[2020.11.17-17.25.45:210][  0]LogWindows:    4. 'Intel(R) UHD Graphics 630' (P:0 D:0)
[2020.11.17-17.25.45:210][  0]LogWindows:    5. 'Intel(R) UHD Graphics 630' (P:0 D:0)
[2020.11.17-17.25.45:210][  0]LogWindows:    6. 'Intel(R) UHD Graphics 630' (P:0 D:0)
[2020.11.17-17.25.45:211][  0]LogWindows: DebugString: PrimaryIsNotTheChoosenAdapter PrimaryIsNotTheChoosenAdapter PrimaryIsNotTheChoosenAdapter FoundDriverCount:4 
[2020.11.17-17.25.45:211][  0]LogD3D11RHI:     Adapter Name: NVIDIA GeForce RTX 2080
[2020.11.17-17.25.45:211][  0]LogD3D11RHI:   Driver Version: 436.15 (internal:26.21.14.3615, unified:436.15)
[2020.11.17-17.25.45:211][  0]LogD3D11RHI:      Driver Date: 8-24-2019
[2020.11.17-17.25.45:211][  0]LogRHI: Texture pool is 5607 MB (70% of 8010 MB)
[2020.11.17-17.25.45:254][  0]LogD3D11RHI: Async texture creation enabled
[2020.11.17-17.25.45:256][  0]LogRendererCore: FGlobalReadBuffer::InitRHI
[2020.11.17-17.25.45:256][  0]LogRendererCore: FGlobalReadBuffer::InitRHI
[2020.11.17-17.25.45:256][  0]LogRendererCore: FGlobalReadBuffer::InitRHI
[2020.11.17-17.25.45:269][  0]LogD3D11RHI: GPU Timing Frequency: 1000.000000 (Debug: 2 2)
[2020.11.17-17.25.45:579][  0]LogTemp: Display: Module 'AllDesktopTargetPlatform' loaded TargetPlatform 'AllDesktop'
[2020.11.17-17.25.45:591][  0]LogTemp: Display: Module 'MacClientTargetPlatform' loaded TargetPlatform 'MacClient'
[2020.11.17-17.25.45:603][  0]LogTemp: Display: Module 'MacNoEditorTargetPlatform' loaded TargetPlatform 'MacNoEditor'
[2020.11.17-17.25.45:618][  0]LogTemp: Display: Module 'MacServerTargetPlatform' loaded TargetPlatform 'MacServer'
[2020.11.17-17.25.45:630][  0]LogTemp: Display: Module 'MacTargetPlatform' loaded TargetPlatform 'Mac'
[2020.11.17-17.25.45:643][  0]LogTemp: Display: Module 'WindowsClientTargetPlatform' loaded TargetPlatform 'WindowsClient'
[2020.11.17-17.25.45:655][  0]LogTemp: Display: Module 'WindowsNoEditorTargetPlatform' loaded TargetPlatform 'WindowsNoEditor'
[2020.11.17-17.25.45:668][  0]LogTemp: Display: Module 'WindowsServerTargetPlatform' loaded TargetPlatform 'WindowsServer'
[2020.11.17-17.25.45:674][  0]LogTemp: Display: Module 'WindowsTargetPlatform' loaded TargetPlatform 'Windows'
[2020.11.17-17.25.45:736][  0]LogTemp: Display: Module 'AndroidTargetPlatform' loaded TargetPlatform 'Android'
[2020.11.17-17.25.45:736][  0]LogTemp: Display: Module 'AndroidTargetPlatform' loaded TargetPlatform 'Android_ASTC'
[2020.11.17-17.25.45:736][  0]LogTemp: Display: Module 'AndroidTargetPlatform' loaded TargetPlatform 'Android_ATC'
[2020.11.17-17.25.45:736][  0]LogTemp: Display: Module 'AndroidTargetPlatform' loaded TargetPlatform 'Android_DXT'
[2020.11.17-17.25.45:736][  0]LogTemp: Display: Module 'AndroidTargetPlatform' loaded TargetPlatform 'Android_ETC1'
[2020.11.17-17.25.45:736][  0]LogTemp: Display: Module 'AndroidTargetPlatform' loaded TargetPlatform 'Android_ETC1a'
[2020.11.17-17.25.45:736][  0]LogTemp: Display: Module 'AndroidTargetPlatform' loaded TargetPlatform 'Android_ETC2'
[2020.11.17-17.25.45:736][  0]LogTemp: Display: Module 'AndroidTargetPlatform' loaded TargetPlatform 'Android_PVRTC'
[2020.11.17-17.25.45:736][  0]LogTemp: Display: Module 'AndroidTargetPlatform' loaded TargetPlatform 'AndroidClient'
[2020.11.17-17.25.45:737][  0]LogTemp: Display: Module 'AndroidTargetPlatform' loaded TargetPlatform 'Android_ASTCClient'
[2020.11.17-17.25.45:737][  0]LogTemp: Display: Module 'AndroidTargetPlatform' loaded TargetPlatform 'Android_ATCClient'
[2020.11.17-17.25.45:737][  0]LogTemp: Display: Module 'AndroidTargetPlatform' loaded TargetPlatform 'Android_DXTClient'
[2020.11.17-17.25.45:737][  0]LogTemp: Display: Module 'AndroidTargetPlatform' loaded TargetPlatform 'Android_ETC1Client'
[2020.11.17-17.25.45:737][  0]LogTemp: Display: Module 'AndroidTargetPlatform' loaded TargetPlatform 'Android_ETC1aClient'
[2020.11.17-17.25.45:737][  0]LogTemp: Display: Module 'AndroidTargetPlatform' loaded TargetPlatform 'Android_ETC2Client'
[2020.11.17-17.25.45:737][  0]LogTemp: Display: Module 'AndroidTargetPlatform' loaded TargetPlatform 'Android_PVRTCClient'
[2020.11.17-17.25.45:737][  0]LogTemp: Display: Module 'AndroidTargetPlatform' loaded TargetPlatform 'Android_Multi'
[2020.11.17-17.25.45:737][  0]LogTemp: Display: Module 'AndroidTargetPlatform' loaded TargetPlatform 'Android_MultiClient'
[2020.11.17-17.25.45:740][  0]LogTemp: Display: Module 'HTML5TargetPlatform' loaded TargetPlatform 'HTML5'
[2020.11.17-17.25.45:792][  0]LogTemp: Display: Module 'IOSTargetPlatform' loaded TargetPlatform 'IOSClient'
[2020.11.17-17.25.45:792][  0]LogTemp: Display: Module 'IOSTargetPlatform' loaded TargetPlatform 'IOS'
[2020.11.17-17.25.45:812][  0]LogTemp: Display: Module 'TVOSTargetPlatform' loaded TargetPlatform 'TVOSClient'
[2020.11.17-17.25.45:812][  0]LogTemp: Display: Module 'TVOSTargetPlatform' loaded TargetPlatform 'TVOS'
[2020.11.17-17.25.45:823][  0]LogTemp: Display: Module 'LinuxClientTargetPlatform' loaded TargetPlatform 'LinuxClient'
[2020.11.17-17.25.45:835][  0]LogTemp: Display: Module 'LinuxNoEditorTargetPlatform' loaded TargetPlatform 'LinuxNoEditor'
[2020.11.17-17.25.45:846][  0]LogTemp: Display: Module 'LinuxServerTargetPlatform' loaded TargetPlatform 'LinuxServer'
[2020.11.17-17.25.45:858][  0]LogTemp: Display: Module 'LinuxTargetPlatform' loaded TargetPlatform 'Linux'
[2020.11.17-17.25.45:895][  0]LogTemp: Display: Module 'LuminTargetPlatform' loaded TargetPlatform 'Lumin'
[2020.11.17-17.25.45:895][  0]LogTemp: Display: Module 'LuminTargetPlatform' loaded TargetPlatform 'LuminClient'
[2020.11.17-17.25.45:895][  0]LogTargetPlatformManager: Display: Building Assets For Windows
[2020.11.17-17.25.45:934][  0]LogAudioDebug: Display: Lib vorbis DLL was dynamically loaded.
[2020.11.17-17.25.46:003][  0]LogShaderCompilers: Guid format shader working directory is -5 characters bigger than the processId version (../../../../../Users/1804824/Desktop/cakes/MyProject/Intermediate/Shaders/WorkingDirectory/26736/).
[2020.11.17-17.25.46:003][  0]LogShaderCompilers: Cleaned the shader compiler working directory 'C:/Users/1804824/AppData/Local/Temp/UnrealShaderWorkingDir/EBD0147540C94BCE2B30238E4E6D2415/'.
[2020.11.17-17.25.46:005][  0]LogXGEController: Cleaning working directory: C:/Users/1804824/AppData/Local/Temp/UnrealXGEWorkingDir/
[2020.11.17-17.25.46:005][  0]LogXGEController: Cannot use XGE Controller as Incredibuild is not installed on this machine.
[2020.11.17-17.25.46:006][  0]LogShaderCompilers: Cannot use XGE Shader Compiler as Incredibuild is not installed on this machine.
[2020.11.17-17.25.46:006][  0]LogShaderCompilers: Display: Using Local Shader Compiler.
[2020.11.17-17.25.46:467][  0]LogDerivedDataCache: Display: Max Cache Size: 512 MB
[2020.11.17-17.25.46:504][  0]LogDerivedDataCache: Loaded boot cache 0.04s 75MB C:/Users/1804824/AppData/Local/UnrealEngine/4.22/DerivedDataCache/Boot.ddc.
[2020.11.17-17.25.46:504][  0]LogDerivedDataCache: Display: Loaded Boot cache: C:/Users/1804824/AppData/Local/UnrealEngine/4.22/DerivedDataCache/Boot.ddc
[2020.11.17-17.25.46:504][  0]LogDerivedDataCache: FDerivedDataBackendGraph:  Pak pak cache file ../../../../../Users/1804824/Desktop/cakes/MyProject/DerivedDataCache/DDC.ddp not found, will not use a pak cache.
[2020.11.17-17.25.46:504][  0]LogDerivedDataCache: Unable to find inner node Pak for hierarchical cache Hierarchy.
[2020.11.17-17.25.46:504][  0]LogDerivedDataCache: FDerivedDataBackendGraph:  CompressedPak pak cache file ../../../../../Users/1804824/Desktop/cakes/MyProject/DerivedDataCache/Compressed.ddp not found, will not use a pak cache.
[2020.11.17-17.25.46:504][  0]LogDerivedDataCache: Unable to find inner node CompressedPak for hierarchical cache Hierarchy.
[2020.11.17-17.25.46:514][  0]LogDerivedDataCache: Display: Pak cache opened for reading ../../../Engine/DerivedDataCache/Compressed.ddp.
[2020.11.17-17.25.46:515][  0]LogDerivedDataCache: FDerivedDataBackendGraph:  EnterprisePak pak cache file ../../../Enterprise/DerivedDataCache/Compressed.ddp not found, will not use a pak cache.
[2020.11.17-17.25.46:515][  0]LogDerivedDataCache: Unable to find inner node EnterprisePak for hierarchical cache Hierarchy.
[2020.11.17-17.25.46:528][  0]LogDerivedDataCache: Using Local data cache path C:/Users/1804824/AppData/Local/UnrealEngine/Common/DerivedDataCache: Writable
[2020.11.17-17.25.46:528][  0]LogDerivedDataCache: Shared data cache path not found in *engine.ini, will not use an Shared cache.
[2020.11.17-17.25.46:528][  0]LogDerivedDataCache: Unable to find inner node Shared for hierarchical cache Hierarchy.
[2020.11.17-17.25.46:544][  0]LogMaterial: Verifying Global Shaders for PCD3D_SM5
[2020.11.17-17.25.46:545][  0]LogSlate: Using FreeType 2.6.0
[2020.11.17-17.25.46:546][  0]LogSlate: SlateFontServices - WITH_FREETYPE: 1, WITH_HARFBUZZ: 1
[2020.11.17-17.25.46:642][  0]LogAssetRegistry: FAssetRegistry took 0.0336 seconds to start up
[2020.11.17-17.25.46:888][  0]LogInit: Selected Device Profile: [Windows]
[2020.11.17-17.25.46:948][  0]LogMeshReduction: Using QuadricMeshReduction for automatic static mesh reduction
[2020.11.17-17.25.46:948][  0]LogMeshReduction: Using SimplygonMeshReduction for automatic skeletal mesh reduction
[2020.11.17-17.25.46:948][  0]LogMeshReduction: Using ProxyLODMeshReduction for automatic mesh merging
[2020.11.17-17.25.46:948][  0]LogMeshReduction: No distributed automatic mesh merging module available
[2020.11.17-17.25.46:948][  0]LogMeshMerging: No distributed automatic mesh merging module available
[2020.11.17-17.25.47:015][  0]LogNetVersion: MyProject 1.0.0, NetCL: 5660361, EngineNetVer: 10, GameNetVer: 0 (Checksum: 2788865488)
[2020.11.17-17.25.47:312][  0]LogPackageLocalizationCache: Processed 10 localized package path(s) for 1 prioritized culture(s) in 0.025820 seconds
[2020.11.17-17.25.47:317][  0]LogUObjectArray: 42205 objects as part of root set at end of initial load.
[2020.11.17-17.25.47:317][  0]LogUObjectAllocator: 7325032 out of 0 bytes used by permanent object pool.
[2020.11.17-17.25.47:317][  0]LogUObjectArray: CloseDisregardForGC: 0/0 objects in disregard for GC pool
[2020.11.17-17.25.48:287][  0]LogTcpMessaging: Initializing TcpMessaging bridge
[2020.11.17-17.25.48:303][  0]LogUdpMessaging: Initializing bridge on interface 0.0.0.0:0 to multicast group 230.0.0.1:6666.
[2020.11.17-17.25.48:532][  0]SourceControl: Source control is disabled
[2020.11.17-17.25.48:532][  0]SourceControl: Source control is disabled
[2020.11.17-17.25.48:535][  0]SourceControl: Source control is disabled
[2020.11.17-17.25.48:537][  0]SourceControl: Source control is disabled
[2020.11.17-17.25.48:676][  0]LogAndroidPermission: UAndroidPermissionCallbackProxy::GetInstance
[2020.11.17-17.25.48:892][  0]LogOcInput: OculusInput pre-init called
[2020.11.17-17.25.49:722][  0]LogEngine: Initializing Engine...
[2020.11.17-17.25.49:723][  0]LogHMD: Failed to initialize OpenVR with code 110
[2020.11.17-17.25.49:724][  0]LogStats: UGameplayTagsManager::InitializeManager -  0.000 s
[2020.11.17-17.25.49:879][  0]LogInit: Initializing FReadOnlyCVARCache
[2020.11.17-17.25.49:891][  0]LogAIModule: Creating AISystem for world Untitled
[2020.11.17-17.25.49:945][  0]LogInit: XAudio2 using 'Headphones (HD 4.40BT Stereo)' : 2 channels at 44.1 kHz using 16 bits per sample (channel mask 0x3)
[2020.11.17-17.25.50:774][  0]LogInit: FAudioDevice initialized.
[2020.11.17-17.25.50:774][  0]LogNetVersion: Set ProjectVersion to 1.0.0.0. Version Checksum will be recalculated on next use.
[2020.11.17-17.25.50:826][  0]LogDerivedDataCache: Saved boot cache 0.05s 75MB C:/Users/1804824/AppData/Local/UnrealEngine/4.22/DerivedDataCache/Boot.ddc.
[2020.11.17-17.25.50:829][  0]LogInit: Texture streaming: Enabled
[2020.11.17-17.25.50:850][  0]LogEngineSessionManager: EngineSessionManager initialized
[2020.11.17-17.25.50:865][  0]LogInit: Transaction tracking system initialized
[2020.11.17-17.25.50:891][  0]BlueprintLog: New page: Editor Load
[2020.11.17-17.25.50:986][  0]LocalizationService: Localization service is disabled
[2020.11.17-17.25.51:252][  0]LogFileCache: Scanning file cache for directory 'C:/Users/1804824/Desktop/cakes/MyProject/Content/' took 0.02s
[2020.11.17-17.25.51:252][  0]LogCook: Display: Max memory allowance for cook 16384mb min free memory 0mb
[2020.11.17-17.25.51:252][  0]LogCook: Display: Mobile HDR setting 1
[2020.11.17-17.25.51:453][  0]SourceControl: Source control is disabled
[2020.11.17-17.25.51:453][  0]Cmd: MAP LOAD FILE="../../../../../Users/1804824/Desktop/cakes/MyProject/Content/ThirdPersonCPP/Maps/ThirdPersonExampleMap.umap" TEMPLATE=0 SHOWPROGRESS=1 FEATURELEVEL=3
[2020.11.17-17.25.51:453][  0]LightingResults: New page: Lighting Build
[2020.11.17-17.25.51:455][  0]MapCheck: New page: Map Check
[2020.11.17-17.25.51:455][  0]LightingResults: New page: Lighting Build
[2020.11.17-17.25.51:479][  0]LogUObjectHash: Compacting FUObjectHashTables data took   1.54ms
[2020.11.17-17.25.51:549][  0]LogAIModule: Creating AISystem for world ThirdPersonExampleMap
[2020.11.17-17.25.51:556][  0]LogEditorServer: Finished looking for orphan Actors (0.000 secs)
[2020.11.17-17.25.51:581][  0]LogUObjectHash: Compacting FUObjectHashTables data took   1.37ms
[2020.11.17-17.25.51:582][  0]Cmd: MAP CHECKDEP NOCLEARLOG
[2020.11.17-17.25.51:582][  0]MapCheck: Map check complete: 0 Error(s), 0 Warning(s), took 0.126ms to complete.
[2020.11.17-17.25.51:582][  0]LogFileHelpers: Loading map 'ThirdPersonExampleMap' took 0.129
[2020.11.17-17.25.51:678][  0]LogSlate: Updating window title bar state: overlay mode, drag disabled, window buttons hidden, title bar hidden
[2020.11.17-17.25.51:684][  0]LogSlate: Updating window title bar state: overlay mode, drag disabled, window buttons hidden, title bar hidden
[2020.11.17-17.25.51:689][  0]LogSlate: Updating window title bar state: overlay mode, drag disabled, window buttons hidden, title bar hidden
[2020.11.17-17.25.51:694][  0]LogSlate: Updating window title bar state: overlay mode, drag disabled, window buttons hidden, title bar hidden
[2020.11.17-17.25.51:701][  0]LogCollectionManager: Loaded 0 collections in 0.001184 seconds
[2020.11.17-17.25.51:742][  0]LogFileCache: Scanning file cache for directory 'C:/Users/1804824/Desktop/cakes/MyProject/Saved/Collections/' took 0.01s
[2020.11.17-17.25.51:742][  0]LogFileCache: Scanning file cache for directory 'C:/Users/1804824/Desktop/cakes/MyProject/Content/Developers/1804824/Collections/' took 0.01s
[2020.11.17-17.25.51:742][  0]LogFileCache: Scanning file cache for directory 'C:/Users/1804824/Desktop/cakes/MyProject/Content/Collections/' took 0.01s
[2020.11.17-17.25.51:742][  0]LogCollectionManager: Rebuilt the GUID cache for 0 collections in 0.000000 seconds
[2020.11.17-17.25.51:749][  0]LogContentBrowser: Native class hierarchy populated in 0.0066 seconds. Added 2734 classes and 661 folders.
[2020.11.17-17.25.51:754][  0]LogContentBrowser: Native class hierarchy updated for 'WidgetCarousel' in 0.0003 seconds. Added 0 classes and 0 folders.
[2020.11.17-17.25.51:756][  0]LogPakFile: Registered encryption key '00000000000000000000000000000000': 0 pak files mounted, 0 remain pending
[2020.11.17-17.25.51:757][  0]LogPakFile: Registered encryption key '00000000000000000000000000000000': 0 pak files mounted, 0 remain pending
[2020.11.17-17.25.51:758][  0]LogPakFile: Registered encryption key '00000000000000000000000000000000': 0 pak files mounted, 0 remain pending
[2020.11.17-17.25.51:758][  0]LogPakFile: Registered encryption key '00000000000000000000000000000000': 0 pak files mounted, 0 remain pending
[2020.11.17-17.25.51:759][  0]LogPakFile: Registered encryption key '00000000000000000000000000000000': 0 pak files mounted, 0 remain pending
[2020.11.17-17.25.51:760][  0]LogPakFile: Registered encryption key '00000000000000000000000000000000': 0 pak files mounted, 0 remain pending
[2020.11.17-17.25.51:760][  0]LogPakFile: Registered encryption key '00000000000000000000000000000000': 0 pak files mounted, 0 remain pending
[2020.11.17-17.25.51:761][  0]LogPakFile: Registered encryption key '00000000000000000000000000000000': 0 pak files mounted, 0 remain pending
[2020.11.17-17.25.51:762][  0]LogPakFile: Registered encryption key '00000000000000000000000000000000': 0 pak files mounted, 0 remain pending
[2020.11.17-17.25.51:762][  0]LogPakFile: Registered encryption key '00000000000000000000000000000000': 0 pak files mounted, 0 remain pending
[2020.11.17-17.25.51:763][  0]LogPakFile: Registered encryption key '00000000000000000000000000000000': 0 pak files mounted, 0 remain pending
[2020.11.17-17.25.51:764][  0]LogPakFile: Registered encryption key '00000000000000000000000000000000': 0 pak files mounted, 0 remain pending
[2020.11.17-17.25.51:765][  0]LogPakFile: Registered encryption key '00000000000000000000000000000000': 0 pak files mounted, 0 remain pending
[2020.11.17-17.25.51:765][  0]LogPakFile: Registered encryption key '00000000000000000000000000000000': 0 pak files mounted, 0 remain pending
[2020.11.17-17.25.51:766][  0]LogPakFile: Registered encryption key '00000000000000000000000000000000': 0 pak files mounted, 0 remain pending
[2020.11.17-17.25.51:767][  0]LogPakFile: Registered encryption key '00000000000000000000000000000000': 0 pak files mounted, 0 remain pending
[2020.11.17-17.25.51:767][  0]LogPakFile: Registered encryption key '00000000000000000000000000000000': 0 pak files mounted, 0 remain pending
[2020.11.17-17.25.51:768][  0]LogPakFile: Registered encryption key '00000000000000000000000000000000': 0 pak files mounted, 0 remain pending
[2020.11.17-17.25.51:769][  0]LogPakFile: Registered encryption key '00000000000000000000000000000000': 0 pak files mounted, 0 remain pending
[2020.11.17-17.25.51:769][  0]LogPakFile: Registered encryption key '00000000000000000000000000000000': 0 pak files mounted, 0 remain pending
[2020.11.17-17.25.51:770][  0]LogPakFile: Registered encryption key '00000000000000000000000000000000': 0 pak files mounted, 0 remain pending
[2020.11.17-17.25.51:771][  0]LogPakFile: Registered encryption key '00000000000000000000000000000000': 0 pak files mounted, 0 remain pending
[2020.11.17-17.25.51:772][  0]LogPakFile: Registered encryption key '00000000000000000000000000000000': 0 pak files mounted, 0 remain pending
[2020.11.17-17.25.51:772][  0]LogPakFile: Registered encryption key '00000000000000000000000000000000': 0 pak files mounted, 0 remain pending
[2020.11.17-17.25.51:773][  0]LogPakFile: Registered encryption key '00000000000000000000000000000000': 0 pak files mounted, 0 remain pending
[2020.11.17-17.25.51:774][  0]LogPakFile: Registered encryption key '00000000000000000000000000000000': 0 pak files mounted, 0 remain pending
[2020.11.17-17.25.51:805][  0]LogContentBrowser: Native class hierarchy updated for 'AddContentDialog' in 0.0003 seconds. Added 0 classes and 0 folders.
[2020.11.17-17.25.51:811][  0]LogContentBrowser: Native class hierarchy updated for 'SceneOutliner' in 0.0003 seconds. Added 1 classes and 2 folders.
[2020.11.17-17.25.51:824][  0]LogSlate: Took 0.000272 seconds to synchronously load lazily loaded font '../../../Engine/Content/Slate/Fonts/Roboto-Regular.ttf' (155K)
[2020.11.17-17.25.51:825][  0]LogSlate: Took 0.000227 seconds to synchronously load lazily loaded font '../../../Engine/Content/Slate/Fonts/Roboto-Bold.ttf' (160K)
[2020.11.17-17.25.51:829][  0]LogSlate: Took 0.000251 seconds to synchronously load lazily loaded font '../../../Engine/Content/Editor/Slate/Fonts/FontAwesome.ttf' (139K)
[2020.11.17-17.25.51:879][  0]LogRenderer: Reallocating scene render targets to support 1616x808 Format 10 NumSamples 1 (Frame:1).
[2020.11.17-17.25.52:171][  0]LogContentBrowser: Native class hierarchy updated for 'HierarchicalLODOutliner' in 0.0003 seconds. Added 0 classes and 0 folders.
[2020.11.17-17.25.52:171][  0]LogLoad: (Engine Initialization) Total time: 10.49 seconds
[2020.11.17-17.25.52:172][  0]LogLoad: (Engine Initialization) Total Blueprint compile time: 0.00 seconds
[2020.11.17-17.25.52:200][  0]LogAssetRegistry: Asset discovery search completed in 5.5826 seconds
[2020.11.17-17.25.52:202][  0]LogCollectionManager: Rebuilt the object cache for 0 collections in 0.000000 seconds (found 0 objects)
[2020.11.17-17.25.52:202][  0]LogCollectionManager: Fixed up redirectors for 0 collections in 0.000181 seconds (updated 0 objects)
[2020.11.17-17.25.52:203][  0]LogContentStreaming: Texture pool size now 1000 MB
[2020.11.17-17.25.53:250][122]LogSlate: FSceneViewport::OnFocusLost() reason 0
[2020.11.17-17.25.53:299][128]LogTemp: Repeating last play command: New Editor Window (PIE)
[2020.11.17-17.25.53:307][128]LogBlueprintUserMessages: Early PlayInEditor Detection: Level '/Game/ThirdPersonCPP/Maps/ThirdPersonExampleMap.ThirdPersonExampleMap:PersistentLevel' has LevelScriptBlueprint '/Game/ThirdPersonCPP/Maps/ThirdPersonExampleMap.ThirdPersonExampleMap:PersistentLevel.ThirdPersonExampleMap' with GeneratedClass '/Game/ThirdPersonCPP/Maps/ThirdPersonExampleMap.ThirdPersonExampleMap_C' with ClassGeneratedBy '/Game/ThirdPersonCPP/Maps/ThirdPersonExampleMap.ThirdPersonExampleMap:PersistentLevel.ThirdPersonExampleMap'
[2020.11.17-17.25.53:307][128]LogPlayLevel: PlayLevel: No blueprints needed recompiling
[2020.11.17-17.25.53:307][128]PIE: New page: PIE session: ThirdPersonExampleMap (17 Nov 2020 17:25:53)
[2020.11.17-17.25.53:320][128]LogPlayLevel: Creating play world package: /Game/ThirdPersonCPP/Maps/UEDPIE_0_ThirdPersonExampleMap
[2020.11.17-17.25.53:331][128]LogPlayLevel: PIE: StaticDuplicateObject took: (0.010454s)
[2020.11.17-17.25.53:331][128]LogAIModule: Creating AISystem for world ThirdPersonExampleMap
[2020.11.17-17.25.53:332][128]LogPlayLevel: PIE: World Init took: (0.000583s)
[2020.11.17-17.25.53:332][128]LogPlayLevel: PIE: Created PIE world by copying editor world from /Game/ThirdPersonCPP/Maps/ThirdPersonExampleMap.ThirdPersonExampleMap to /Game/ThirdPersonCPP/Maps/UEDPIE_0_ThirdPersonExampleMap.ThirdPersonExampleMap (0.011678s)
[2020.11.17-17.25.53:355][128]LogUObjectHash: Compacting FUObjectHashTables data took   0.75ms
[2020.11.17-17.25.53:398][128]LogInit: XAudio2 using 'Headphones (HD 4.40BT Stereo)' : 2 channels at 44.1 kHz using 16 bits per sample (channel mask 0x3)
[2020.11.17-17.25.53:407][128]LogInit: FAudioDevice initialized.
[2020.11.17-17.25.53:414][128]LogSlate: Updating window title bar state: overlay mode, drag disabled, window buttons hidden, title bar hidden
[2020.11.17-17.25.53:459][128]LogLoad: Game class is 'MyProjectGameMode'
[2020.11.17-17.25.53:462][128]LogWorld: Bringing World /Game/ThirdPersonCPP/Maps/UEDPIE_0_ThirdPersonExampleMap.ThirdPersonExampleMap up for play (max tick rate 0) at 2020.11.17-17.25.53
[2020.11.17-17.25.53:462][128]LogWorld: Bringing up level for play took: 0.001401
[2020.11.17-17.25.53:480][128]LogContentBrowser: Native class hierarchy updated for 'MovieSceneCapture' in 0.0004 seconds. Added 20 classes and 0 folders.
[2020.11.17-17.25.53:482][128]PIE: Play in editor start time for /Game/ThirdPersonCPP/Maps/UEDPIE_0_ThirdPersonExampleMap 0.503
[2020.11.17-17.25.53:483][128]LogBlueprintUserMessages: Late PlayInEditor Detection: Level '/Game/ThirdPersonCPP/Maps/ThirdPersonExampleMap.ThirdPersonExampleMap:PersistentLevel' has LevelScriptBlueprint '/Game/ThirdPersonCPP/Maps/ThirdPersonExampleMap.ThirdPersonExampleMap:PersistentLevel.ThirdPersonExampleMap' with GeneratedClass '/Game/ThirdPersonCPP/Maps/ThirdPersonExampleMap.ThirdPersonExampleMap_C' with ClassGeneratedBy '/Game/ThirdPersonCPP/Maps/ThirdPersonExampleMap.ThirdPersonExampleMap:PersistentLevel.ThirdPersonExampleMap'
[2020.11.17-17.26.14:910][695]LogBlueprintUserMessages: Early EndPlayMap Detection: Level '/Game/ThirdPersonCPP/Maps/ThirdPersonExampleMap.ThirdPersonExampleMap:PersistentLevel' has LevelScriptBlueprint '/Game/ThirdPersonCPP/Maps/ThirdPersonExampleMap.ThirdPersonExampleMap:PersistentLevel.ThirdPersonExampleMap' with GeneratedClass '/Game/ThirdPersonCPP/Maps/ThirdPersonExampleMap.ThirdPersonExampleMap_C' with ClassGeneratedBy '/Game/ThirdPersonCPP/Maps/ThirdPersonExampleMap.ThirdPersonExampleMap:PersistentLevel.ThirdPersonExampleMap'
[2020.11.17-17.26.14:911][695]LogSlate: Updating window title bar state: overlay mode, drag disabled, window buttons hidden, title bar hidden
[2020.11.17-17.26.14:918][695]LogSlate: Window 'MyProject Game Preview Standalone (64-bit/PCD3D_SM5)' being destroyed
[2020.11.17-17.26.14:953][695]LogPlayLevel: Display: Shutting down PIE online subsystems
[2020.11.17-17.26.14:954][695]LogBlueprintUserMessages: Late EndPlayMap Detection: Level '/Game/ThirdPersonCPP/Maps/ThirdPersonExampleMap.ThirdPersonExampleMap:PersistentLevel' has LevelScriptBlueprint '/Game/ThirdPersonCPP/Maps/ThirdPersonExampleMap.ThirdPersonExampleMap:PersistentLevel.ThirdPersonExampleMap' with GeneratedClass '/Game/ThirdPersonCPP/Maps/ThirdPersonExampleMap.ThirdPersonExampleMap_C' with ClassGeneratedBy '/Game/ThirdPersonCPP/Maps/ThirdPersonExampleMap.ThirdPersonExampleMap:PersistentLevel.ThirdPersonExampleMap'
[2020.11.17-17.26.14:984][695]LogUObjectHash: Compacting FUObjectHashTables data took   1.07ms
[2020.11.17-17.26.15:020][697]LogPlayLevel: Display: Destroying online subsystem :Context_1
[2020.11.17-17.26.15:649][770]LogUObjectHash: Compacting FUObjectHashTables data took   0.48ms
[2020.11.17-17.27.33:687][249]LogSlate: Took 0.000290 seconds to synchronously load lazily loaded font '../../../Engine/Content/Slate/Fonts/Roboto-Light.ttf' (167K)
[2020.11.17-17.27.33:693][249]LogAssetEditorManager: Opening Asset editor for AnimMontage /Game/Anim/Animations/MeleeFistAttackMontage.MeleeFistAttackMontage
[2020.11.17-17.27.33:702][249]LogContentBrowser: Native class hierarchy updated for 'SkeletonEditor' in 0.0003 seconds. Added 1 classes and 2 folders.
[2020.11.17-17.27.33:841][249]LogActorComponent: RegisterComponentWithWorld: (/Engine/Transient.World_1:PersistentLevel.AnimationEditorPreviewActor_0.DebugSkelMeshComponent_0) Already registered. Aborting.
[2020.11.17-17.27.33:843][249]LogContentBrowser: Native class hierarchy updated for 'PinnedCommandList' in 0.0003 seconds. Added 1 classes and 0 folders.
[2020.11.17-17.27.33:859][249]LogSkeletalMesh: USkeletalMeshComponent::InitArticulated : Bodies already created (/Engine/Transient.World_1:PersistentLevel.AnimationEditorPreviewActor_0.DebugSkelMeshComponent_0) - call TermArticulated first.
[2020.11.17-17.27.48:371][899]LogContentBrowser: Verbose: The majority of assets in the view are of type: AnimSequence
[2020.11.17-17.27.54:039][522]LogAnimationCompression: Building Anim DDC data for AnimSequence /Game/Anim/Animations/Slow_Right_Hook.Slow_Right_Hook
[2020.11.17-17.27.54:039][522]LogAnimationCompression: Recompressing (AnimSequence /Game/Anim/Animations/Slow_Right_Hook.Slow_Right_Hook) using current/default (AnimCompress_BitwiseCompressOnly_4) bFirstRecompressUsingCurrentOrDefault(1) bTryAlternateCompressor(0) IsCompressedDataValid(0)
[2020.11.17-17.28.01:300][249]LogSlate: Window 'Slow_Right_Hook' being destroyed
[2020.11.17-17.28.02:396][362]LogAssetEditorManager: Opening Asset editor for AnimMontage /Game/Anim/Animations/MeleeFistAttackMontage.MeleeFistAttackMontage
[2020.11.17-17.28.02:400][362]LogActorComponent: RegisterComponentWithWorld: (/Engine/Transient.World_7:PersistentLevel.AnimationEditorPreviewActor_0.DebugSkelMeshComponent_0) Already registered. Aborting.
[2020.11.17-17.28.02:420][362]LogSkeletalMesh: USkeletalMeshComponent::InitArticulated : Bodies already created (/Engine/Transient.World_7:PersistentLevel.AnimationEditorPreviewActor_0.DebugSkelMeshComponent_0) - call TermArticulated first.
[2020.11.17-17.28.02:641][362]LogContentBrowser: Verbose: The majority of assets in the view are of type: AnimSequence
[2020.11.17-17.29.12:072][294]Cmd: TRANSACTION UNDO
[2020.11.17-17.29.12:072][294]LogEditorTransaction: Undo Add New Section
[2020.11.17-17.29.12:133][294]LogActorComponent: RegisterComponentWithWorld: (/Engine/Transient.World_7:PersistentLevel.AnimationEditorPreviewActor_0.DebugSkelMeshComponent_0) Already registered. Aborting.
[2020.11.17-17.29.12:277][306]Cmd: TRANSACTION UNDO
[2020.11.17-17.29.12:277][306]LogEditorTransaction: Undo Edit Section Start Time
[2020.11.17-17.29.12:334][306]LogActorComponent: RegisterComponentWithWorld: (/Engine/Transient.World_7:PersistentLevel.AnimationEditorPreviewActor_0.DebugSkelMeshComponent_0) Already registered. Aborting.
[2020.11.17-17.29.12:637][332]Cmd: TRANSACTION UNDO
[2020.11.17-17.29.12:637][332]LogEditorTransaction: Undo Edit Section Start Time
[2020.11.17-17.29.12:695][332]LogActorComponent: RegisterComponentWithWorld: (/Engine/Transient.World_7:PersistentLevel.AnimationEditorPreviewActor_0.DebugSkelMeshComponent_0) Already registered. Aborting.
[2020.11.17-17.29.12:996][365]Cmd: TRANSACTION UNDO
[2020.11.17-17.29.12:996][365]LogEditorTransaction: Undo Add New Section
[2020.11.17-17.29.13:053][365]LogActorComponent: RegisterComponentWithWorld: (/Engine/Transient.World_7:PersistentLevel.AnimationEditorPreviewActor_0.DebugSkelMeshComponent_0) Already registered. Aborting.
[2020.11.17-17.29.30:481][361]LogSlate: FSceneViewport::OnFocusLost() reason 0
[2020.11.17-17.29.30:560][368]Cmd: OBJ SAVEPACKAGE PACKAGE="/Game/Anim/Animations/MeleeFistAttackMontage" FILE="../../../../../Users/1804824/Desktop/cakes/MyProject/Content/Anim/Animations/MeleeFistAttackMontage.uasset" SILENT=true
[2020.11.17-17.29.30:572][368]LogSavePackage: Moving '../../../../../Users/1804824/Desktop/cakes/MyProject/Saved/MeleeFistAttackMontage5015A796482663DB6CB23CB4C08E7265.tmp' to '../../../../../Users/1804824/Desktop/cakes/MyProject/Content/Anim/Animations/MeleeFistAttackMontage.uasset'
[2020.11.17-17.29.32:074][514]LogSlate: Window 'MeleeFistAttackMontage' being destroyed
[2020.11.17-17.29.33:252][634]LogTemp: Repeating last play command: New Editor Window (PIE)
[2020.11.17-17.29.33:260][634]LogBlueprintUserMessages: Early PlayInEditor Detection: Level '/Game/ThirdPersonCPP/Maps/ThirdPersonExampleMap.ThirdPersonExampleMap:PersistentLevel' has LevelScriptBlueprint '/Game/ThirdPersonCPP/Maps/ThirdPersonExampleMap.ThirdPersonExampleMap:PersistentLevel.ThirdPersonExampleMap' with GeneratedClass '/Game/ThirdPersonCPP/Maps/ThirdPersonExampleMap.ThirdPersonExampleMap_C' with ClassGeneratedBy '/Game/ThirdPersonCPP/Maps/ThirdPersonExampleMap.ThirdPersonExampleMap:PersistentLevel.ThirdPersonExampleMap'
[2020.11.17-17.29.33:260][634]LogPlayLevel: PlayLevel: No blueprints needed recompiling
[2020.11.17-17.29.33:260][634]PIE: New page: PIE session: ThirdPersonExampleMap (17 Nov 2020 17:29:33)
[2020.11.17-17.29.33:260][634]LogPlayLevel: Creating play world package: /Game/ThirdPersonCPP/Maps/UEDPIE_0_ThirdPersonExampleMap
[2020.11.17-17.29.33:268][634]LogPlayLevel: PIE: StaticDuplicateObject took: (0.007776s)
[2020.11.17-17.29.33:269][634]LogAIModule: Creating AISystem for world ThirdPersonExampleMap
[2020.11.17-17.29.33:269][634]LogPlayLevel: PIE: World Init took: (0.000635s)
[2020.11.17-17.29.33:269][634]LogPlayLevel: PIE: Created PIE world by copying editor world from /Game/ThirdPersonCPP/Maps/ThirdPersonExampleMap.ThirdPersonExampleMap to /Game/ThirdPersonCPP/Maps/UEDPIE_0_ThirdPersonExampleMap.ThirdPersonExampleMap (0.008881s)
[2020.11.17-17.29.33:295][634]LogUObjectHash: Compacting FUObjectHashTables data took   1.20ms
[2020.11.17-17.29.33:337][634]LogInit: XAudio2 using 'Headphones (HD 4.40BT Stereo)' : 2 channels at 44.1 kHz using 16 bits per sample (channel mask 0x3)
[2020.11.17-17.29.33:347][634]LogInit: FAudioDevice initialized.
[2020.11.17-17.29.33:354][634]LogSlate: Updating window title bar state: overlay mode, drag disabled, window buttons hidden, title bar hidden
[2020.11.17-17.29.33:386][634]LogLoad: Game class is 'MyProjectGameMode'
[2020.11.17-17.29.33:387][634]LogWorld: Bringing World /Game/ThirdPersonCPP/Maps/UEDPIE_0_ThirdPersonExampleMap.ThirdPersonExampleMap up for play (max tick rate 0) at 2020.11.17-17.29.33
[2020.11.17-17.29.33:388][634]LogWorld: Bringing up level for play took: 0.001248
[2020.11.17-17.29.33:402][634]PIE: Play in editor start time for /Game/ThirdPersonCPP/Maps/UEDPIE_0_ThirdPersonExampleMap 0.422
[2020.11.17-17.29.33:403][634]LogBlueprintUserMessages: Late PlayInEditor Detection: Level '/Game/ThirdPersonCPP/Maps/ThirdPersonExampleMap.ThirdPersonExampleMap:PersistentLevel' has LevelScriptBlueprint '/Game/ThirdPersonCPP/Maps/ThirdPersonExampleMap.ThirdPersonExampleMap:PersistentLevel.ThirdPersonExampleMap' with GeneratedClass '/Game/ThirdPersonCPP/Maps/ThirdPersonExampleMap.ThirdPersonExampleMap_C' with ClassGeneratedBy '/Game/ThirdPersonCPP/Maps/ThirdPersonExampleMap.ThirdPersonExampleMap:PersistentLevel.ThirdPersonExampleMap'
[2020.11.17-17.29.48:725][470]LogBlueprintUserMessages: Early EndPlayMap Detection: Level '/Game/ThirdPersonCPP/Maps/ThirdPersonExampleMap.ThirdPersonExampleMap:PersistentLevel' has LevelScriptBlueprint '/Game/ThirdPersonCPP/Maps/ThirdPersonExampleMap.ThirdPersonExampleMap:PersistentLevel.ThirdPersonExampleMap' with GeneratedClass '/Game/ThirdPersonCPP/Maps/ThirdPersonExampleMap.ThirdPersonExampleMap_C' with ClassGeneratedBy '/Game/ThirdPersonCPP/Maps/ThirdPersonExampleMap.ThirdPersonExampleMap:PersistentLevel.ThirdPersonExampleMap'
[2020.11.17-17.29.48:726][470]LogSlate: Updating window title bar state: overlay mode, drag disabled, window buttons hidden, title bar hidden
[2020.11.17-17.29.48:733][470]LogSlate: Window 'MyProject Game Preview Standalone (64-bit/PCD3D_SM5)' being destroyed
[2020.11.17-17.29.48:769][470]LogPlayLevel: Display: Shutting down PIE online subsystems
[2020.11.17-17.29.48:769][470]LogBlueprintUserMessages: Late EndPlayMap Detection: Level '/Game/ThirdPersonCPP/Maps/ThirdPersonExampleMap.ThirdPersonExampleMap:PersistentLevel' has LevelScriptBlueprint '/Game/ThirdPersonCPP/Maps/ThirdPersonExampleMap.ThirdPersonExampleMap:PersistentLevel.ThirdPersonExampleMap' with GeneratedClass '/Game/ThirdPersonCPP/Maps/ThirdPersonExampleMap.ThirdPersonExampleMap_C' with ClassGeneratedBy '/Game/ThirdPersonCPP/Maps/ThirdPersonExampleMap.ThirdPersonExampleMap:PersistentLevel.ThirdPersonExampleMap'
[2020.11.17-17.29.48:798][470]LogUObjectHash: Compacting FUObjectHashTables data took   1.09ms
[2020.11.17-17.29.48:833][472]LogPlayLevel: Display: Destroying online subsystem :Context_13
[2020.11.17-17.29.49:803][586]LogUObjectHash: Compacting FUObjectHashTables data took   0.48ms
