Log file open, 11/18/20 18:55:29
LogWindows: Failed to load 'aqProf.dll' (GetLastError=126)
LogWindows: File 'aqProf.dll' does not exist
LogWindows: Failed to load 'VtuneApi.dll' (GetLastError=126)
LogWindows: File 'VtuneApi.dll' does not exist
LogWindows: Failed to load 'VtuneApi32e.dll' (GetLastError=126)
LogWindows: File 'VtuneApi32e.dll' does not exist
LogConsoleResponse: Display: Failed to find resolution value strings in scalability ini. Falling back to default.
LogInit: Display: Running engine for game: MyProject
LogPakFile: Registered encryption key '00000000000000000000000000000000': 0 pak files mounted, 0 remain pending
LogPlatformFile: Not using cached read wrapper
LogTaskGraph: Started task graph with 5 named threads and 47 total threads with 3 sets of task threads.
LogStats: Stats thread started at 0.624760
LogD3D11RHI: Loaded GFSDK_Aftermath_Lib.x64.dll
LogICUInternationalization: ICU TimeZone Detection - Raw Offset: +0:00, Platform Override: ''
LogPluginManager: Mounting plugin Paper2D
LogPluginManager: Mounting plugin AISupport
LogPluginManager: Mounting plugin LightPropagationVolume
LogPluginManager: Mounting plugin ActorLayerUtilities
LogPluginManager: Mounting plugin AnimationSharing
LogPluginManager: Mounting plugin CLionSourceCodeAccess
LogPluginManager: Mounting plugin CodeLiteSourceCodeAccess
LogPluginManager: Mounting plugin GitSourceControl
LogPluginManager: Mounting plugin KDevelopSourceCodeAccess
LogPluginManager: Mounting plugin NullSourceCodeAccess
LogPluginManager: Mounting plugin PerforceSourceControl
LogPluginManager: Mounting plugin SubversionSourceControl
LogPluginManager: Mounting plugin UObjectPlugin
LogPluginManager: Mounting plugin VisualStudioCodeSourceCodeAccess
LogPluginManager: Mounting plugin VisualStudioSourceCodeAccess
LogPluginManager: Mounting plugin XCodeSourceCodeAccess
LogPluginManager: Mounting plugin AssetManagerEditor
LogPluginManager: Mounting plugin CryptoKeys
LogPluginManager: Mounting plugin DataValidation
LogPluginManager: Mounting plugin FacialAnimation
LogPluginManager: Mounting plugin GameplayTagsEditor
LogPluginManager: Mounting plugin MacGraphicsSwitching
LogPluginManager: Mounting plugin MaterialAnalyzer
LogPluginManager: Mounting plugin MobileLauncherProfileWizard
LogPluginManager: Mounting plugin PluginBrowser
LogPluginManager: Mounting plugin SpeedTreeImporter
LogPluginManager: Mounting plugin DatasmithContent
LogPluginManager: Mounting plugin VariantManagerContent
LogPluginManager: Mounting plugin AlembicImporter
LogPluginManager: Mounting plugin AppleImageUtils
LogPluginManager: Mounting plugin AppleVision
LogPluginManager: Mounting plugin BackChannel
LogPluginManager: Mounting plugin CharacterAI
LogPluginManager: Mounting plugin GeometryCache
LogPluginManager: Mounting plugin HTML5Networking
LogPluginManager: Mounting plugin ProxyLODPlugin
LogPluginManager: Mounting plugin SkeletalReduction
LogPluginManager: Mounting plugin MagicLeap
LogPluginManager: Mounting plugin MagicLeapMedia
LogPluginManager: Mounting plugin AndroidMedia
LogPluginManager: Mounting plugin AvfMedia
LogPluginManager: Mounting plugin ImgMedia
LogPluginManager: Mounting plugin LinearTimecode
LogPluginManager: Mounting plugin MediaCompositing
LogPluginManager: Mounting plugin MediaPlayerEditor
LogPluginManager: Mounting plugin WebMMedia
LogPluginManager: Mounting plugin WmfMedia
LogPluginManager: Mounting plugin TcpMessaging
LogPluginManager: Mounting plugin UdpMessaging
LogPluginManager: Mounting plugin ActorSequence
LogPluginManager: Mounting plugin LevelSequenceEditor
LogPluginManager: Mounting plugin MatineeToLevelSequence
LogPluginManager: Mounting plugin NetcodeUnitTest
LogPluginManager: Mounting plugin NUTUnrealEngine4
LogPluginManager: Mounting plugin OnlineSubsystemGooglePlay
LogPluginManager: Mounting plugin OnlineSubsystemIOS
LogPluginManager: Mounting plugin OnlineSubsystem
LogPluginManager: Mounting plugin OnlineSubsystemNull
LogPluginManager: Mounting plugin OnlineSubsystemUtils
LogPluginManager: Mounting plugin LauncherChunkInstaller
LogPluginManager: Mounting plugin AndroidDeviceProfileSelector
LogPluginManager: Mounting plugin AndroidMoviePlayer
LogPluginManager: Mounting plugin AndroidPermission
LogPluginManager: Mounting plugin AppleMoviePlayer
LogPluginManager: Mounting plugin ArchVisCharacter
LogPluginManager: Mounting plugin AudioCapture
LogPluginManager: Mounting plugin CableComponent
LogPluginManager: Mounting plugin CustomMeshComponent
LogPluginManager: Mounting plugin EditableMesh
LogPluginManager: Mounting plugin ExampleDeviceProfileSelector
LogPluginManager: Mounting plugin Firebase
LogPluginManager: Mounting plugin GoogleCloudMessaging
LogPluginManager: Mounting plugin IOSDeviceProfileSelector
LogPluginManager: Mounting plugin LinuxDeviceProfileSelector
LogPluginManager: Mounting plugin LocationServicesBPLibrary
LogPluginManager: Mounting plugin MobilePatchingUtils
LogPluginManager: Mounting plugin OculusVR
LogPluginManager: Mounting plugin PhysXVehicles
LogPluginManager: Mounting plugin ProceduralMeshComponent
LogPluginManager: Mounting plugin RuntimePhysXCooking
LogPluginManager: Mounting plugin SignificanceManager
LogPluginManager: Mounting plugin SteamVR
LogPluginManager: Mounting plugin WebMMoviePlayer
LogPluginManager: Mounting plugin WindowsMoviePlayer
LogInit: Using libcurl 7.55.1-DEV
LogInit:  - built for x86_64-pc-win32
LogInit:  - supports SSL with OpenSSL/1.1.1
LogInit:  - supports HTTP deflate (compression) using libz 1.2.8
LogInit:  - other features:
LogInit:      CURL_VERSION_SSL
LogInit:      CURL_VERSION_LIBZ
LogInit:      CURL_VERSION_IPV6
LogInit:      CURL_VERSION_ASYNCHDNS
LogInit:      CURL_VERSION_LARGEFILE
LogInit:      CURL_VERSION_IDN
LogInit:  CurlRequestOptions (configurable via config and command line):
LogInit:  - bVerifyPeer = true  - Libcurl will verify peer certificate
LogInit:  - bUseHttpProxy = false  - Libcurl will NOT use HTTP proxy
LogInit:  - bDontReuseConnections = false  - Libcurl will reuse connections
LogInit:  - MaxHostConnections = 16  - Libcurl will limit the number of connections to a host
LogInit:  - LocalHostAddr = Default
LogInit:  - BufferSize = 65536
LogInit: WinSock: version 1.1 (2.2), MaxSocks=32767, MaxUdp=65467
LogHMD: Failed initializing OVRPlugin 1.32.0
LogInit: Build: ++UE4+Release-4.22-CL-7053642
LogInit: Engine Version: 4.22.3-7053642+++UE4+Release-4.22
LogInit: Compatible Engine Version: 4.22.0-5660361+++UE4+Release-4.22
LogInit: Net CL: 5660361
LogInit: OS: Windows 10 (Release 1903) (), CPU: Intel(R) Core(TM) i9-9900K CPU @ 3.60GHz, GPU: NVIDIA GeForce RTX 2080
LogInit: Compiled (64-bit): Jun 18 2019 03:09:11
LogInit: Compiled with Visual C++: 19.16.27025.01
LogInit: Build Configuration: Development
LogInit: Branch Name: ++UE4+Release-4.22
LogInit: Command Line:  -skipcompile
LogInit: Base Directory: C:/UE_4.22/UE_4.22/Engine/Binaries/Win64/
LogInit: Installed Engine Build: 1
LogDevObjectVersion: Number of dev versions registered: 23
LogDevObjectVersion:   Dev-Blueprints (B0D832E4-1F89-4F0D-ACCF-7EB736FD4AA2): 10
LogDevObjectVersion:   Dev-Build (E1C64328-A22C-4D53-A36C-8E866417BD8C): 0
LogDevObjectVersion:   Dev-Core (375EC13C-06E4-48FB-B500-84F0262A717E): 3
LogDevObjectVersion:   Dev-Editor (E4B068ED-F494-42E9-A231-DA0B2E46BB41): 30
LogDevObjectVersion:   Dev-Framework (CFFC743F-43B0-4480-9391-14DF171D2073): 35
LogDevObjectVersion:   Dev-Mobile (B02B49B5-BB20-44E9-A304-32B752E40360): 2
LogDevObjectVersion:   Dev-Networking (A4E4105C-59A1-49B5-A7C5-40C4547EDFEE): 0
LogDevObjectVersion:   Dev-Online (39C831C9-5AE6-47DC-9A44-9C173E1C8E7C): 0
LogDevObjectVersion:   Dev-Physics (78F01B33-EBEA-4F98-B9B4-84EACCB95AA2): 0
LogDevObjectVersion:   Dev-Platform (6631380F-2D4D-43E0-8009-CF276956A95A): 0
LogDevObjectVersion:   Dev-Rendering (12F88B9F-8875-4AFC-A67C-D90C383ABD29): 28
LogDevObjectVersion:   Dev-Sequencer (7B5AE74C-D270-4C10-A958-57980B212A5A): 11
LogDevObjectVersion:   Dev-VR (D7296918-1DD6-4BDD-9DE2-64A83CC13884): 2
LogDevObjectVersion:   Dev-LoadTimes (C2A15278-BFE7-4AFE-6C17-90FF531DF755): 1
LogDevObjectVersion:   Private-Geometry (6EACA3D4-40EC-4CC1-B786-8BED09428FC5): 3
LogDevObjectVersion:   Dev-AnimPhys (29E575DD-E0A3-4627-9D10-D276232CDCEA): 17
LogDevObjectVersion:   Dev-Anim (AF43A65D-7FD3-4947-9873-3E8ED9C1BB05): 2
LogDevObjectVersion:   Dev-ReflectionCapture (6B266CEC-1EC7-4B8F-A30B-E4D90942FC07): 1
LogDevObjectVersion:   Dev-Automation (0DF73D61-A23F-47EA-B727-89E90C41499A): 1
LogDevObjectVersion:   FortniteMain (601D1886-AC64-4F84-AA16-D3DE0DEAC7D6): 25
LogDevObjectVersion:   Dev-Enterprise (9DFFBCD6-494F-0158-E221-12823C92A888): 6
LogDevObjectVersion:   Dev-Niagara (F2AED0AC-9AFE-416F-8664-AA7FFA26D6FC): 1
LogDevObjectVersion:   Dev-Destruction (174F1F0B-B4C6-45A5-B13F-2EE8D0FB917D): 2
LogInit: Presizing for max 16777216 objects, including 0 objects not considered by GC, pre-allocating 0 bytes for permanent pool.
LogInit: Object subsystem initialized
LogConfig: Setting CVar [[con.DebugEarlyDefault:1]]
LogConfig: Setting CVar [[r.setres:1280x720]]
[2020.11.18-18.55.30:162][  0]LogConfig: Setting CVar [[r.VSync:0]]
[2020.11.18-18.55.30:162][  0]LogConfig: Setting CVar [[r.RHICmdBypass:0]]
[2020.11.18-18.55.30:162][  0]LogConfig: Applying CVar settings from Section [/Script/Engine.RendererSettings] File [C:/Users/1804824/Desktop/UnrealYouTubeRepo/UnrealAnimationPracticeVids/MyProject/Saved/Config/Windows/Engine.ini]
[2020.11.18-18.55.30:162][  0]LogConfig: Setting CVar [[r.GPUCrashDebugging:0]]
[2020.11.18-18.55.30:162][  0]LogConfig: Applying CVar settings from Section [/Script/Engine.RendererOverrideSettings] File [C:/Users/1804824/Desktop/UnrealYouTubeRepo/UnrealAnimationPracticeVids/MyProject/Saved/Config/Windows/Engine.ini]
[2020.11.18-18.55.30:163][  0]LogConfig: Applying CVar settings from Section [/Script/Engine.StreamingSettings] File [C:/Users/1804824/Desktop/UnrealYouTubeRepo/UnrealAnimationPracticeVids/MyProject/Saved/Config/Windows/Engine.ini]
[2020.11.18-18.55.30:163][  0]LogConfig: Setting CVar [[s.MinBulkDataSizeForAsyncLoading:131072]]
[2020.11.18-18.55.30:163][  0]LogConfig: Setting CVar [[s.AsyncLoadingThreadEnabled:0]]
[2020.11.18-18.55.30:163][  0]LogConfig: Setting CVar [[s.EventDrivenLoaderEnabled:1]]
[2020.11.18-18.55.30:163][  0]LogConfig: Setting CVar [[s.WarnIfTimeLimitExceeded:0]]
[2020.11.18-18.55.30:163][  0]LogConfig: Setting CVar [[s.TimeLimitExceededMultiplier:1.5]]
[2020.11.18-18.55.30:163][  0]LogConfig: Setting CVar [[s.TimeLimitExceededMinTime:0.005]]
[2020.11.18-18.55.30:163][  0]LogConfig: Setting CVar [[s.UseBackgroundLevelStreaming:1]]
[2020.11.18-18.55.30:163][  0]LogConfig: Setting CVar [[s.PriorityAsyncLoadingExtraTime:15.0]]
[2020.11.18-18.55.30:163][  0]LogConfig: Setting CVar [[s.LevelStreamingActorsUpdateTimeLimit:5.0]]
[2020.11.18-18.55.30:164][  0]LogConfig: Setting CVar [[s.PriorityLevelStreamingActorsUpdateExtraTime:5.0]]
[2020.11.18-18.55.30:164][  0]LogConfig: Setting CVar [[s.LevelStreamingComponentsRegistrationGranularity:10]]
[2020.11.18-18.55.30:164][  0]LogConfig: Setting CVar [[s.UnregisterComponentsTimeLimit:1.0]]
[2020.11.18-18.55.30:164][  0]LogConfig: Setting CVar [[s.LevelStreamingComponentsUnregistrationGranularity:5]]
[2020.11.18-18.55.30:164][  0]LogConfig: Applying CVar settings from Section [/Script/Engine.GarbageCollectionSettings] File [C:/Users/1804824/Desktop/UnrealYouTubeRepo/UnrealAnimationPracticeVids/MyProject/Saved/Config/Windows/Engine.ini]
[2020.11.18-18.55.30:164][  0]LogConfig: Setting CVar [[gc.MaxObjectsNotConsideredByGC:1]]
[2020.11.18-18.55.30:164][  0]LogConfig: Setting CVar [[gc.SizeOfPermanentObjectPool:0]]
[2020.11.18-18.55.30:164][  0]LogConfig: Setting CVar [[gc.FlushStreamingOnGC:0]]
[2020.11.18-18.55.30:164][  0]LogConfig: Setting CVar [[gc.NumRetriesBeforeForcingGC:10]]
[2020.11.18-18.55.30:164][  0]LogConfig: Setting CVar [[gc.AllowParallelGC:1]]
[2020.11.18-18.55.30:164][  0]LogConfig: Setting CVar [[gc.TimeBetweenPurgingPendingKillObjects:61.1]]
[2020.11.18-18.55.30:164][  0]LogConfig: Setting CVar [[gc.MaxObjectsInEditor:16777216]]
[2020.11.18-18.55.30:164][  0]LogConfig: Setting CVar [[gc.IncrementalBeginDestroyEnabled:1]]
[2020.11.18-18.55.30:164][  0]LogConfig: Setting CVar [[gc.CreateGCClusters:1]]
[2020.11.18-18.55.30:164][  0]LogConfig: Setting CVar [[gc.MinGCClusterSize:5]]
[2020.11.18-18.55.30:164][  0]LogConfig: Setting CVar [[gc.ActorClusteringEnabled:0]]
[2020.11.18-18.55.30:164][  0]LogConfig: Setting CVar [[gc.BlueprintClusteringEnabled:0]]
[2020.11.18-18.55.30:164][  0]LogConfig: Setting CVar [[gc.UseDisregardForGCOnDedicatedServers:0]]
[2020.11.18-18.55.30:164][  0]LogConfig: Applying CVar settings from Section [/Script/Engine.NetworkSettings] File [C:/Users/1804824/Desktop/UnrealYouTubeRepo/UnrealAnimationPracticeVids/MyProject/Saved/Config/Windows/Engine.ini]
[2020.11.18-18.55.30:164][  0]LogConfig: Applying CVar settings from Section [/Script/UnrealEd.CookerSettings] File [C:/Users/1804824/Desktop/UnrealYouTubeRepo/UnrealAnimationPracticeVids/MyProject/Saved/Config/Windows/Engine.ini]
[2020.11.18-18.55.30:171][  0]LogConfig: Applying CVar settings from Section [ViewDistanceQuality@3] File [C:/Users/1804824/Desktop/UnrealYouTubeRepo/UnrealAnimationPracticeVids/MyProject/Saved/Config/Windows/Scalability.ini]
[2020.11.18-18.55.30:172][  0]LogConfig: Setting CVar [[r.SkeletalMeshLODBias:0]]
[2020.11.18-18.55.30:172][  0]LogConfig: Setting CVar [[r.ViewDistanceScale:1.0]]
[2020.11.18-18.55.30:172][  0]LogConfig: Applying CVar settings from Section [AntiAliasingQuality@3] File [C:/Users/1804824/Desktop/UnrealYouTubeRepo/UnrealAnimationPracticeVids/MyProject/Saved/Config/Windows/Scalability.ini]
[2020.11.18-18.55.30:172][  0]LogConfig: Setting CVar [[r.PostProcessAAQuality:4]]
[2020.11.18-18.55.30:172][  0]LogConfig: Applying CVar settings from Section [ShadowQuality@3] File [C:/Users/1804824/Desktop/UnrealYouTubeRepo/UnrealAnimationPracticeVids/MyProject/Saved/Config/Windows/Scalability.ini]
[2020.11.18-18.55.30:172][  0]LogConfig: Setting CVar [[r.LightFunctionQuality:1]]
[2020.11.18-18.55.30:172][  0]LogConfig: Setting CVar [[r.ShadowQuality:5]]
[2020.11.18-18.55.30:172][  0]LogConfig: Setting CVar [[r.Shadow.CSM.MaxCascades:10]]
[2020.11.18-18.55.30:172][  0]LogConfig: Setting CVar [[r.Shadow.MaxResolution:2048]]
[2020.11.18-18.55.30:172][  0]LogConfig: Setting CVar [[r.Shadow.MaxCSMResolution:2048]]
[2020.11.18-18.55.30:172][  0]LogConfig: Setting CVar [[r.Shadow.RadiusThreshold:0.01]]
[2020.11.18-18.55.30:172][  0]LogConfig: Setting CVar [[r.Shadow.DistanceScale:1.0]]
[2020.11.18-18.55.30:172][  0]LogConfig: Setting CVar [[r.Shadow.CSM.TransitionScale:1.0]]
[2020.11.18-18.55.30:172][  0]LogConfig: Setting CVar [[r.Shadow.PreShadowResolutionFactor:1.0]]
[2020.11.18-18.55.30:172][  0]LogConfig: Setting CVar [[r.DistanceFieldShadowing:1]]
[2020.11.18-18.55.30:172][  0]LogConfig: Setting CVar [[r.DistanceFieldAO:1]]
[2020.11.18-18.55.30:172][  0]LogConfig: Setting CVar [[r.AOQuality:2]]
[2020.11.18-18.55.30:172][  0]LogConfig: Setting CVar [[r.VolumetricFog:1]]
[2020.11.18-18.55.30:172][  0]LogConfig: Setting CVar [[r.VolumetricFog.GridPixelSize:8]]
[2020.11.18-18.55.30:172][  0]LogConfig: Setting CVar [[r.VolumetricFog.GridSizeZ:128]]
[2020.11.18-18.55.30:172][  0]LogConfig: Setting CVar [[r.VolumetricFog.HistoryMissSupersampleCount:4]]
[2020.11.18-18.55.30:172][  0]LogConfig: Setting CVar [[r.LightMaxDrawDistanceScale:1]]
[2020.11.18-18.55.30:172][  0]LogConfig: Setting CVar [[r.CapsuleShadows:1]]
[2020.11.18-18.55.30:173][  0]LogConfig: Applying CVar settings from Section [PostProcessQuality@3] File [C:/Users/1804824/Desktop/UnrealYouTubeRepo/UnrealAnimationPracticeVids/MyProject/Saved/Config/Windows/Scalability.ini]
[2020.11.18-18.55.30:173][  0]LogConfig: Setting CVar [[r.MotionBlurQuality:4]]
[2020.11.18-18.55.30:173][  0]LogConfig: Setting CVar [[r.AmbientOcclusionMipLevelFactor:0.4]]
[2020.11.18-18.55.30:173][  0]LogConfig: Setting CVar [[r.AmbientOcclusionMaxQuality:100]]
[2020.11.18-18.55.30:173][  0]LogConfig: Setting CVar [[r.AmbientOcclusionLevels:-1]]
[2020.11.18-18.55.30:173][  0]LogConfig: Setting CVar [[r.AmbientOcclusionRadiusScale:1.0]]
[2020.11.18-18.55.30:173][  0]LogConfig: Setting CVar [[r.DepthOfFieldQuality:2]]
[2020.11.18-18.55.30:173][  0]LogConfig: Setting CVar [[r.RenderTargetPoolMin:400]]
[2020.11.18-18.55.30:173][  0]LogConfig: Setting CVar [[r.LensFlareQuality:2]]
[2020.11.18-18.55.30:173][  0]LogConfig: Setting CVar [[r.SceneColorFringeQuality:1]]
[2020.11.18-18.55.30:173][  0]LogConfig: Setting CVar [[r.EyeAdaptationQuality:2]]
[2020.11.18-18.55.30:173][  0]LogConfig: Setting CVar [[r.BloomQuality:5]]
[2020.11.18-18.55.30:173][  0]LogConfig: Setting CVar [[r.FastBlurThreshold:100]]
[2020.11.18-18.55.30:173][  0]LogConfig: Setting CVar [[r.Upscale.Quality:3]]
[2020.11.18-18.55.30:173][  0]LogConfig: Setting CVar [[r.Tonemapper.GrainQuantization:1]]
[2020.11.18-18.55.30:173][  0]LogConfig: Setting CVar [[r.LightShaftQuality:1]]
[2020.11.18-18.55.30:173][  0]LogConfig: Setting CVar [[r.Filter.SizeScale:1]]
[2020.11.18-18.55.30:173][  0]LogConfig: Setting CVar [[r.Tonemapper.Quality:5]]
[2020.11.18-18.55.30:173][  0]LogConfig: Setting CVar [[r.DOF.Gather.AccumulatorQuality:1        ; higher gathering accumulator quality]]
[2020.11.18-18.55.30:173][  0]LogConfig: Setting CVar [[r.DOF.Gather.PostfilterMethod:1          ; Median3x3 postfilering method]]
[2020.11.18-18.55.30:173][  0]LogConfig: Setting CVar [[r.DOF.Gather.EnableBokehSettings:0       ; no bokeh simulation when gathering]]
[2020.11.18-18.55.30:173][  0]LogConfig: Setting CVar [[r.DOF.Gather.RingCount:4                 ; medium number of samples when gathering]]
[2020.11.18-18.55.30:173][  0]LogConfig: Setting CVar [[r.DOF.Scatter.ForegroundCompositing:1    ; additive foreground scattering]]
[2020.11.18-18.55.30:174][  0]LogConfig: Setting CVar [[r.DOF.Scatter.BackgroundCompositing:2    ; additive background scattering]]
[2020.11.18-18.55.30:174][  0]LogConfig: Setting CVar [[r.DOF.Scatter.EnableBokehSettings:1      ; bokeh simulation when scattering]]
[2020.11.18-18.55.30:174][  0]LogConfig: Setting CVar [[r.DOF.Scatter.MaxSpriteRatio:0.1         ; only a maximum of 10% of scattered bokeh]]
[2020.11.18-18.55.30:174][  0]LogConfig: Setting CVar [[r.DOF.Recombine.Quality:1                ; cheap slight out of focus]]
[2020.11.18-18.55.30:174][  0]LogConfig: Setting CVar [[r.DOF.Recombine.EnableBokehSettings:0    ; no bokeh simulation on slight out of focus]]
[2020.11.18-18.55.30:174][  0]LogConfig: Setting CVar [[r.DOF.TemporalAAQuality:1                ; more stable temporal accumulation]]
[2020.11.18-18.55.30:174][  0]LogConfig: Setting CVar [[r.DOF.Kernel.MaxForegroundRadius:0.025]]
[2020.11.18-18.55.30:174][  0]LogConfig: Setting CVar [[r.DOF.Kernel.MaxBackgroundRadius:0.025]]
[2020.11.18-18.55.30:174][  0]LogConfig: Applying CVar settings from Section [TextureQuality@3] File [C:/Users/1804824/Desktop/UnrealYouTubeRepo/UnrealAnimationPracticeVids/MyProject/Saved/Config/Windows/Scalability.ini]
[2020.11.18-18.55.30:174][  0]LogConfig: Setting CVar [[r.Streaming.MipBias:0]]
[2020.11.18-18.55.30:174][  0]LogConfig: Setting CVar [[r.Streaming.AmortizeCPUToGPUCopy:0]]
[2020.11.18-18.55.30:174][  0]LogConfig: Setting CVar [[r.Streaming.MaxNumTexturesToStreamPerFrame:0]]
[2020.11.18-18.55.30:174][  0]LogConfig: Setting CVar [[r.Streaming.Boost:1]]
[2020.11.18-18.55.30:174][  0]LogConfig: Setting CVar [[r.MaxAnisotropy:8]]
[2020.11.18-18.55.30:174][  0]LogConfig: Setting CVar [[r.Streaming.LimitPoolSizeToVRAM:0]]
[2020.11.18-18.55.30:174][  0]LogConfig: Setting CVar [[r.Streaming.PoolSize:1000]]
[2020.11.18-18.55.30:174][  0]LogConfig: Setting CVar [[r.Streaming.MaxEffectiveScreenSize:0]]
[2020.11.18-18.55.30:174][  0]LogConfig: Applying CVar settings from Section [EffectsQuality@3] File [C:/Users/1804824/Desktop/UnrealYouTubeRepo/UnrealAnimationPracticeVids/MyProject/Saved/Config/Windows/Scalability.ini]
[2020.11.18-18.55.30:174][  0]LogConfig: Setting CVar [[r.TranslucencyLightingVolumeDim:64]]
[2020.11.18-18.55.30:174][  0]LogConfig: Setting CVar [[r.RefractionQuality:2]]
[2020.11.18-18.55.30:174][  0]LogConfig: Setting CVar [[r.SSR.Quality:3]]
[2020.11.18-18.55.30:174][  0]LogConfig: Setting CVar [[r.SceneColorFormat:4]]
[2020.11.18-18.55.30:174][  0]LogConfig: Setting CVar [[r.DetailMode:2]]
[2020.11.18-18.55.30:174][  0]LogConfig: Setting CVar [[r.TranslucencyVolumeBlur:1]]
[2020.11.18-18.55.30:174][  0]LogConfig: Setting CVar [[r.MaterialQualityLevel:1 ; High quality]]
[2020.11.18-18.55.30:175][  0]LogConfig: Setting CVar [[r.SSS.Scale:1]]
[2020.11.18-18.55.30:175][  0]LogConfig: Setting CVar [[r.SSS.SampleSet:2]]
[2020.11.18-18.55.30:175][  0]LogConfig: Setting CVar [[r.SSS.Quality:1]]
[2020.11.18-18.55.30:175][  0]LogConfig: Setting CVar [[r.SSS.HalfRes:1]]
[2020.11.18-18.55.30:175][  0]LogConfig: Setting CVar [[r.EmitterSpawnRateScale:1.0]]
[2020.11.18-18.55.30:175][  0]LogConfig: Setting CVar [[r.ParticleLightQuality:2]]
[2020.11.18-18.55.30:175][  0]LogConfig: Applying CVar settings from Section [FoliageQuality@3] File [C:/Users/1804824/Desktop/UnrealYouTubeRepo/UnrealAnimationPracticeVids/MyProject/Saved/Config/Windows/Scalability.ini]
[2020.11.18-18.55.30:175][  0]LogConfig: Setting CVar [[foliage.DensityScale:1.0]]
[2020.11.18-18.55.30:175][  0]LogConfig: Setting CVar [[grass.DensityScale:1.0]]
[2020.11.18-18.55.30:175][  0]LogInit: Selected Device Profile: [Windows]
[2020.11.18-18.55.30:175][  0]LogInit: Applying CVar settings loaded from the selected device profile: [Windows]
[2020.11.18-18.55.30:183][  0]LogHAL: Display: Platform has ~ 32 GB [34169503744 / 34359738368 / 32], which maps to Largest [LargestMinGB=32, LargerMinGB=12, DefaultMinGB=8, SmallerMinGB=6, SmallestMinGB=0)
[2020.11.18-18.55.30:183][  0]LogConfig: Setting CVar [[r.Vulkan.UseRealUBs:0		; Required until we fix HLR fall-out]]
[2020.11.18-18.55.30:183][  0]LogInit: Going up to parent DeviceProfile []
[2020.11.18-18.55.30:183][  0]LogConfig: Applying CVar settings from Section [ViewDistanceQuality@3] File [C:/Users/1804824/Desktop/UnrealYouTubeRepo/UnrealAnimationPracticeVids/MyProject/Saved/Config/Windows/Scalability.ini]
[2020.11.18-18.55.30:183][  0]LogConfig: Setting CVar [[r.SkeletalMeshLODBias:0]]
[2020.11.18-18.55.30:184][  0]LogConfig: Setting CVar [[r.ViewDistanceScale:1.0]]
[2020.11.18-18.55.30:184][  0]LogConfig: Applying CVar settings from Section [AntiAliasingQuality@3] File [C:/Users/1804824/Desktop/UnrealYouTubeRepo/UnrealAnimationPracticeVids/MyProject/Saved/Config/Windows/Scalability.ini]
[2020.11.18-18.55.30:184][  0]LogConfig: Setting CVar [[r.PostProcessAAQuality:4]]
[2020.11.18-18.55.30:184][  0]LogConfig: Applying CVar settings from Section [ShadowQuality@3] File [C:/Users/1804824/Desktop/UnrealYouTubeRepo/UnrealAnimationPracticeVids/MyProject/Saved/Config/Windows/Scalability.ini]
[2020.11.18-18.55.30:184][  0]LogConfig: Setting CVar [[r.LightFunctionQuality:1]]
[2020.11.18-18.55.30:184][  0]LogConfig: Setting CVar [[r.ShadowQuality:5]]
[2020.11.18-18.55.30:184][  0]LogConfig: Setting CVar [[r.Shadow.CSM.MaxCascades:10]]
[2020.11.18-18.55.30:184][  0]LogConfig: Setting CVar [[r.Shadow.MaxResolution:2048]]
[2020.11.18-18.55.30:184][  0]LogConfig: Setting CVar [[r.Shadow.MaxCSMResolution:2048]]
[2020.11.18-18.55.30:184][  0]LogConfig: Setting CVar [[r.Shadow.RadiusThreshold:0.01]]
[2020.11.18-18.55.30:184][  0]LogConfig: Setting CVar [[r.Shadow.DistanceScale:1.0]]
[2020.11.18-18.55.30:184][  0]LogConfig: Setting CVar [[r.Shadow.CSM.TransitionScale:1.0]]
[2020.11.18-18.55.30:184][  0]LogConfig: Setting CVar [[r.Shadow.PreShadowResolutionFactor:1.0]]
[2020.11.18-18.55.30:185][  0]LogConfig: Setting CVar [[r.DistanceFieldShadowing:1]]
[2020.11.18-18.55.30:185][  0]LogConfig: Setting CVar [[r.DistanceFieldAO:1]]
[2020.11.18-18.55.30:185][  0]LogConfig: Setting CVar [[r.AOQuality:2]]
[2020.11.18-18.55.30:185][  0]LogConfig: Setting CVar [[r.VolumetricFog:1]]
[2020.11.18-18.55.30:185][  0]LogConfig: Setting CVar [[r.VolumetricFog.GridPixelSize:8]]
[2020.11.18-18.55.30:185][  0]LogConfig: Setting CVar [[r.VolumetricFog.GridSizeZ:128]]
[2020.11.18-18.55.30:185][  0]LogConfig: Setting CVar [[r.VolumetricFog.HistoryMissSupersampleCount:4]]
[2020.11.18-18.55.30:185][  0]LogConfig: Setting CVar [[r.LightMaxDrawDistanceScale:1]]
[2020.11.18-18.55.30:185][  0]LogConfig: Setting CVar [[r.CapsuleShadows:1]]
[2020.11.18-18.55.30:185][  0]LogConfig: Applying CVar settings from Section [PostProcessQuality@3] File [C:/Users/1804824/Desktop/UnrealYouTubeRepo/UnrealAnimationPracticeVids/MyProject/Saved/Config/Windows/Scalability.ini]
[2020.11.18-18.55.30:185][  0]LogConfig: Setting CVar [[r.MotionBlurQuality:4]]
[2020.11.18-18.55.30:185][  0]LogConfig: Setting CVar [[r.AmbientOcclusionMipLevelFactor:0.4]]
[2020.11.18-18.55.30:185][  0]LogConfig: Setting CVar [[r.AmbientOcclusionMaxQuality:100]]
[2020.11.18-18.55.30:185][  0]LogConfig: Setting CVar [[r.AmbientOcclusionLevels:-1]]
[2020.11.18-18.55.30:185][  0]LogConfig: Setting CVar [[r.AmbientOcclusionRadiusScale:1.0]]
[2020.11.18-18.55.30:185][  0]LogConfig: Setting CVar [[r.DepthOfFieldQuality:2]]
[2020.11.18-18.55.30:185][  0]LogConfig: Setting CVar [[r.RenderTargetPoolMin:400]]
[2020.11.18-18.55.30:185][  0]LogConfig: Setting CVar [[r.LensFlareQuality:2]]
[2020.11.18-18.55.30:185][  0]LogConfig: Setting CVar [[r.SceneColorFringeQuality:1]]
[2020.11.18-18.55.30:185][  0]LogConfig: Setting CVar [[r.EyeAdaptationQuality:2]]
[2020.11.18-18.55.30:185][  0]LogConfig: Setting CVar [[r.BloomQuality:5]]
[2020.11.18-18.55.30:185][  0]LogConfig: Setting CVar [[r.FastBlurThreshold:100]]
[2020.11.18-18.55.30:185][  0]LogConfig: Setting CVar [[r.Upscale.Quality:3]]
[2020.11.18-18.55.30:185][  0]LogConfig: Setting CVar [[r.Tonemapper.GrainQuantization:1]]
[2020.11.18-18.55.30:186][  0]LogConfig: Setting CVar [[r.LightShaftQuality:1]]
[2020.11.18-18.55.30:186][  0]LogConfig: Setting CVar [[r.Filter.SizeScale:1]]
[2020.11.18-18.55.30:186][  0]LogConfig: Setting CVar [[r.Tonemapper.Quality:5]]
[2020.11.18-18.55.30:186][  0]LogConfig: Setting CVar [[r.DOF.Gather.AccumulatorQuality:1        ; higher gathering accumulator quality]]
[2020.11.18-18.55.30:186][  0]LogConfig: Setting CVar [[r.DOF.Gather.PostfilterMethod:1          ; Median3x3 postfilering method]]
[2020.11.18-18.55.30:186][  0]LogConfig: Setting CVar [[r.DOF.Gather.EnableBokehSettings:0       ; no bokeh simulation when gathering]]
[2020.11.18-18.55.30:186][  0]LogConfig: Setting CVar [[r.DOF.Gather.RingCount:4                 ; medium number of samples when gathering]]
[2020.11.18-18.55.30:186][  0]LogConfig: Setting CVar [[r.DOF.Scatter.ForegroundCompositing:1    ; additive foreground scattering]]
[2020.11.18-18.55.30:186][  0]LogConfig: Setting CVar [[r.DOF.Scatter.BackgroundCompositing:2    ; additive background scattering]]
[2020.11.18-18.55.30:186][  0]LogConfig: Setting CVar [[r.DOF.Scatter.EnableBokehSettings:1      ; bokeh simulation when scattering]]
[2020.11.18-18.55.30:186][  0]LogConfig: Setting CVar [[r.DOF.Scatter.MaxSpriteRatio:0.1         ; only a maximum of 10% of scattered bokeh]]
[2020.11.18-18.55.30:186][  0]LogConfig: Setting CVar [[r.DOF.Recombine.Quality:1                ; cheap slight out of focus]]
[2020.11.18-18.55.30:186][  0]LogConfig: Setting CVar [[r.DOF.Recombine.EnableBokehSettings:0    ; no bokeh simulation on slight out of focus]]
[2020.11.18-18.55.30:186][  0]LogConfig: Setting CVar [[r.DOF.TemporalAAQuality:1                ; more stable temporal accumulation]]
[2020.11.18-18.55.30:186][  0]LogConfig: Setting CVar [[r.DOF.Kernel.MaxForegroundRadius:0.025]]
[2020.11.18-18.55.30:186][  0]LogConfig: Setting CVar [[r.DOF.Kernel.MaxBackgroundRadius:0.025]]
[2020.11.18-18.55.30:186][  0]LogConfig: Applying CVar settings from Section [TextureQuality@3] File [C:/Users/1804824/Desktop/UnrealYouTubeRepo/UnrealAnimationPracticeVids/MyProject/Saved/Config/Windows/Scalability.ini]
[2020.11.18-18.55.30:186][  0]LogConfig: Setting CVar [[r.Streaming.MipBias:0]]
[2020.11.18-18.55.30:186][  0]LogConfig: Setting CVar [[r.Streaming.AmortizeCPUToGPUCopy:0]]
[2020.11.18-18.55.30:186][  0]LogConfig: Setting CVar [[r.Streaming.MaxNumTexturesToStreamPerFrame:0]]
[2020.11.18-18.55.30:186][  0]LogConfig: Setting CVar [[r.Streaming.Boost:1]]
[2020.11.18-18.55.30:186][  0]LogConfig: Setting CVar [[r.MaxAnisotropy:8]]
[2020.11.18-18.55.30:186][  0]LogConfig: Setting CVar [[r.Streaming.LimitPoolSizeToVRAM:0]]
[2020.11.18-18.55.30:186][  0]LogConfig: Setting CVar [[r.Streaming.PoolSize:1000]]
[2020.11.18-18.55.30:187][  0]LogConfig: Setting CVar [[r.Streaming.MaxEffectiveScreenSize:0]]
[2020.11.18-18.55.30:187][  0]LogConfig: Applying CVar settings from Section [EffectsQuality@3] File [C:/Users/1804824/Desktop/UnrealYouTubeRepo/UnrealAnimationPracticeVids/MyProject/Saved/Config/Windows/Scalability.ini]
[2020.11.18-18.55.30:187][  0]LogConfig: Setting CVar [[r.TranslucencyLightingVolumeDim:64]]
[2020.11.18-18.55.30:187][  0]LogConfig: Setting CVar [[r.RefractionQuality:2]]
[2020.11.18-18.55.30:187][  0]LogConfig: Setting CVar [[r.SSR.Quality:3]]
[2020.11.18-18.55.30:187][  0]LogConfig: Setting CVar [[r.SceneColorFormat:4]]
[2020.11.18-18.55.30:187][  0]LogConfig: Setting CVar [[r.DetailMode:2]]
[2020.11.18-18.55.30:187][  0]LogConfig: Setting CVar [[r.TranslucencyVolumeBlur:1]]
[2020.11.18-18.55.30:187][  0]LogConfig: Setting CVar [[r.MaterialQualityLevel:1 ; High quality]]
[2020.11.18-18.55.30:187][  0]LogConfig: Setting CVar [[r.SSS.Scale:1]]
[2020.11.18-18.55.30:187][  0]LogConfig: Setting CVar [[r.SSS.SampleSet:2]]
[2020.11.18-18.55.30:187][  0]LogConfig: Setting CVar [[r.SSS.Quality:1]]
[2020.11.18-18.55.30:187][  0]LogConfig: Setting CVar [[r.SSS.HalfRes:1]]
[2020.11.18-18.55.30:187][  0]LogConfig: Setting CVar [[r.EmitterSpawnRateScale:1.0]]
[2020.11.18-18.55.30:187][  0]LogConfig: Setting CVar [[r.ParticleLightQuality:2]]
[2020.11.18-18.55.30:187][  0]LogConfig: Applying CVar settings from Section [FoliageQuality@3] File [C:/Users/1804824/Desktop/UnrealYouTubeRepo/UnrealAnimationPracticeVids/MyProject/Saved/Config/Windows/Scalability.ini]
[2020.11.18-18.55.30:187][  0]LogConfig: Setting CVar [[foliage.DensityScale:1.0]]
[2020.11.18-18.55.30:187][  0]LogConfig: Setting CVar [[grass.DensityScale:1.0]]
[2020.11.18-18.55.30:187][  0]LogConfig: Applying CVar settings from Section [Startup] File [../../../Engine/Config/ConsoleVariables.ini]
[2020.11.18-18.55.30:188][  0]LogConfig: Setting CVar [[net.UseAdaptiveNetUpdateFrequency:0]]
[2020.11.18-18.55.30:188][  0]LogConfig: Setting CVar [[p.chaos.AllowCreatePhysxBodies:1]]
[2020.11.18-18.55.30:188][  0]LogConfig: Applying CVar settings from Section [ConsoleVariables] File [C:/Users/1804824/Desktop/UnrealYouTubeRepo/UnrealAnimationPracticeVids/MyProject/Saved/Config/Windows/Engine.ini]
[2020.11.18-18.55.30:188][  0]LogInit: Computer: UL04PCJL11D-18
[2020.11.18-18.55.30:188][  0]LogInit: User: 1804824
[2020.11.18-18.55.30:188][  0]LogInit: CPU Page size=4096, Cores=8
[2020.11.18-18.55.30:188][  0]LogInit: High frequency timer resolution =10.000000 MHz
[2020.11.18-18.55.30:188][  0]LogMemory: Memory total: Physical=31.8GB (32GB approx)
[2020.11.18-18.55.30:188][  0]LogMemory: Platform Memory Stats for Windows
[2020.11.18-18.55.30:188][  0]LogMemory: Process Physical Memory: 103.38 MB used, 103.39 MB peak
[2020.11.18-18.55.30:188][  0]LogMemory: Process Virtual Memory: 95.20 MB used, 95.20 MB peak
[2020.11.18-18.55.30:188][  0]LogMemory: Physical Memory: 13154.86 MB used,  19431.71 MB free, 32586.58 MB total
[2020.11.18-18.55.30:188][  0]LogMemory: Virtual Memory: 4680.61 MB used,  134213048.00 MB free, 134217728.00 MB total
[2020.11.18-18.55.30:359][  0]LogInit: Using OS detected language (en-US).
[2020.11.18-18.55.30:359][  0]LogInit: Using OS detected locale (en-GB).
[2020.11.18-18.55.30:360][  0]LogTextLocalizationManager: No specific localization for 'en-US' exists, so the 'en' localization will be used.
[2020.11.18-18.55.30:482][  0]LogInit: Setting process to per monitor DPI aware
[2020.11.18-18.55.30:520][  0]LogSlate: New Slate User Created.  User Index 0, Is Virtual User: 0
[2020.11.18-18.55.30:520][  0]LogSlate: Slate User Registered.  User Index 0, Is Virtual User: 0
[2020.11.18-18.55.30:758][  0]LogHMD: Failed to initialize OpenVR with code 110
[2020.11.18-18.55.30:759][  0]LogD3D11RHI: D3D11 adapters:
[2020.11.18-18.55.30:840][  0]LogD3D11RHI:    0. 'NVIDIA GeForce RTX 2080' (Feature Level 11_0)
[2020.11.18-18.55.30:840][  0]LogD3D11RHI:       8010/0/16293 MB DedicatedVideo/DedicatedSystem/SharedSystem, Outputs:2, VendorId:0x10de
[2020.11.18-18.55.30:876][  0]LogD3D11RHI:    1. 'Intel(R) UHD Graphics 630' (Feature Level 11_0)
[2020.11.18-18.55.30:876][  0]LogD3D11RHI:       128/0/16293 MB DedicatedVideo/DedicatedSystem/SharedSystem, Outputs:0, VendorId:0x8086
[2020.11.18-18.55.30:880][  0]LogD3D11RHI:    2. 'Microsoft Basic Render Driver' (Feature Level 11_0)
[2020.11.18-18.55.30:880][  0]LogD3D11RHI:       0/0/16293 MB DedicatedVideo/DedicatedSystem/SharedSystem, Outputs:0, VendorId:0x1414
[2020.11.18-18.55.30:881][  0]LogD3D11RHI: Chosen D3D11 Adapter: 0
[2020.11.18-18.55.30:892][  0]LogD3D11RHI: Creating new Direct3DDevice
[2020.11.18-18.55.30:892][  0]LogD3D11RHI:     GPU DeviceId: 0x1e87 (for the marketing name, search the web for "GPU Device Id")
[2020.11.18-18.55.30:892][  0]LogWindows: EnumDisplayDevices:
[2020.11.18-18.55.30:892][  0]LogWindows:    0. 'NVIDIA GeForce RTX 2080' (P:1 D:1)
[2020.11.18-18.55.30:893][  0]LogWindows:    1. 'NVIDIA GeForce RTX 2080' (P:0 D:1)
[2020.11.18-18.55.30:893][  0]LogWindows:    2. 'NVIDIA GeForce RTX 2080' (P:0 D:0)
[2020.11.18-18.55.30:893][  0]LogWindows:    3. 'NVIDIA GeForce RTX 2080' (P:0 D:0)
[2020.11.18-18.55.30:894][  0]LogWindows:    4. 'Intel(R) UHD Graphics 630' (P:0 D:0)
[2020.11.18-18.55.30:894][  0]LogWindows:    5. 'Intel(R) UHD Graphics 630' (P:0 D:0)
[2020.11.18-18.55.30:894][  0]LogWindows:    6. 'Intel(R) UHD Graphics 630' (P:0 D:0)
[2020.11.18-18.55.30:894][  0]LogWindows: DebugString: PrimaryIsNotTheChoosenAdapter PrimaryIsNotTheChoosenAdapter PrimaryIsNotTheChoosenAdapter FoundDriverCount:4 
[2020.11.18-18.55.30:894][  0]LogD3D11RHI:     Adapter Name: NVIDIA GeForce RTX 2080
[2020.11.18-18.55.30:894][  0]LogD3D11RHI:   Driver Version: 436.15 (internal:26.21.14.3615, unified:436.15)
[2020.11.18-18.55.30:894][  0]LogD3D11RHI:      Driver Date: 8-24-2019
[2020.11.18-18.55.30:895][  0]LogRHI: Texture pool is 5607 MB (70% of 8010 MB)
[2020.11.18-18.55.30:937][  0]LogD3D11RHI: Async texture creation enabled
[2020.11.18-18.55.30:939][  0]LogRendererCore: FGlobalReadBuffer::InitRHI
[2020.11.18-18.55.30:939][  0]LogRendererCore: FGlobalReadBuffer::InitRHI
[2020.11.18-18.55.30:940][  0]LogRendererCore: FGlobalReadBuffer::InitRHI
[2020.11.18-18.55.30:953][  0]LogD3D11RHI: GPU Timing Frequency: 1000.000000 (Debug: 2 2)
[2020.11.18-18.55.31:251][  0]LogTemp: Display: Module 'AllDesktopTargetPlatform' loaded TargetPlatform 'AllDesktop'
[2020.11.18-18.55.31:264][  0]LogTemp: Display: Module 'MacClientTargetPlatform' loaded TargetPlatform 'MacClient'
[2020.11.18-18.55.31:276][  0]LogTemp: Display: Module 'MacNoEditorTargetPlatform' loaded TargetPlatform 'MacNoEditor'
[2020.11.18-18.55.31:289][  0]LogTemp: Display: Module 'MacServerTargetPlatform' loaded TargetPlatform 'MacServer'
[2020.11.18-18.55.31:302][  0]LogTemp: Display: Module 'MacTargetPlatform' loaded TargetPlatform 'Mac'
[2020.11.18-18.55.31:315][  0]LogTemp: Display: Module 'WindowsClientTargetPlatform' loaded TargetPlatform 'WindowsClient'
[2020.11.18-18.55.31:328][  0]LogTemp: Display: Module 'WindowsNoEditorTargetPlatform' loaded TargetPlatform 'WindowsNoEditor'
[2020.11.18-18.55.31:341][  0]LogTemp: Display: Module 'WindowsServerTargetPlatform' loaded TargetPlatform 'WindowsServer'
[2020.11.18-18.55.31:348][  0]LogTemp: Display: Module 'WindowsTargetPlatform' loaded TargetPlatform 'Windows'
[2020.11.18-18.55.31:411][  0]LogTemp: Display: Module 'AndroidTargetPlatform' loaded TargetPlatform 'Android'
[2020.11.18-18.55.31:411][  0]LogTemp: Display: Module 'AndroidTargetPlatform' loaded TargetPlatform 'Android_ASTC'
[2020.11.18-18.55.31:411][  0]LogTemp: Display: Module 'AndroidTargetPlatform' loaded TargetPlatform 'Android_ATC'
[2020.11.18-18.55.31:411][  0]LogTemp: Display: Module 'AndroidTargetPlatform' loaded TargetPlatform 'Android_DXT'
[2020.11.18-18.55.31:412][  0]LogTemp: Display: Module 'AndroidTargetPlatform' loaded TargetPlatform 'Android_ETC1'
[2020.11.18-18.55.31:412][  0]LogTemp: Display: Module 'AndroidTargetPlatform' loaded TargetPlatform 'Android_ETC1a'
[2020.11.18-18.55.31:412][  0]LogTemp: Display: Module 'AndroidTargetPlatform' loaded TargetPlatform 'Android_ETC2'
[2020.11.18-18.55.31:412][  0]LogTemp: Display: Module 'AndroidTargetPlatform' loaded TargetPlatform 'Android_PVRTC'
[2020.11.18-18.55.31:412][  0]LogTemp: Display: Module 'AndroidTargetPlatform' loaded TargetPlatform 'AndroidClient'
[2020.11.18-18.55.31:412][  0]LogTemp: Display: Module 'AndroidTargetPlatform' loaded TargetPlatform 'Android_ASTCClient'
[2020.11.18-18.55.31:412][  0]LogTemp: Display: Module 'AndroidTargetPlatform' loaded TargetPlatform 'Android_ATCClient'
[2020.11.18-18.55.31:412][  0]LogTemp: Display: Module 'AndroidTargetPlatform' loaded TargetPlatform 'Android_DXTClient'
[2020.11.18-18.55.31:412][  0]LogTemp: Display: Module 'AndroidTargetPlatform' loaded TargetPlatform 'Android_ETC1Client'
[2020.11.18-18.55.31:413][  0]LogTemp: Display: Module 'AndroidTargetPlatform' loaded TargetPlatform 'Android_ETC1aClient'
[2020.11.18-18.55.31:413][  0]LogTemp: Display: Module 'AndroidTargetPlatform' loaded TargetPlatform 'Android_ETC2Client'
[2020.11.18-18.55.31:413][  0]LogTemp: Display: Module 'AndroidTargetPlatform' loaded TargetPlatform 'Android_PVRTCClient'
[2020.11.18-18.55.31:413][  0]LogTemp: Display: Module 'AndroidTargetPlatform' loaded TargetPlatform 'Android_Multi'
[2020.11.18-18.55.31:413][  0]LogTemp: Display: Module 'AndroidTargetPlatform' loaded TargetPlatform 'Android_MultiClient'
[2020.11.18-18.55.31:415][  0]LogTemp: Display: Module 'HTML5TargetPlatform' loaded TargetPlatform 'HTML5'
[2020.11.18-18.55.31:466][  0]LogTemp: Display: Module 'IOSTargetPlatform' loaded TargetPlatform 'IOSClient'
[2020.11.18-18.55.31:466][  0]LogTemp: Display: Module 'IOSTargetPlatform' loaded TargetPlatform 'IOS'
[2020.11.18-18.55.31:486][  0]LogTemp: Display: Module 'TVOSTargetPlatform' loaded TargetPlatform 'TVOSClient'
[2020.11.18-18.55.31:486][  0]LogTemp: Display: Module 'TVOSTargetPlatform' loaded TargetPlatform 'TVOS'
[2020.11.18-18.55.31:498][  0]LogTemp: Display: Module 'LinuxClientTargetPlatform' loaded TargetPlatform 'LinuxClient'
[2020.11.18-18.55.31:510][  0]LogTemp: Display: Module 'LinuxNoEditorTargetPlatform' loaded TargetPlatform 'LinuxNoEditor'
[2020.11.18-18.55.31:522][  0]LogTemp: Display: Module 'LinuxServerTargetPlatform' loaded TargetPlatform 'LinuxServer'
[2020.11.18-18.55.31:535][  0]LogTemp: Display: Module 'LinuxTargetPlatform' loaded TargetPlatform 'Linux'
[2020.11.18-18.55.31:571][  0]LogTemp: Display: Module 'LuminTargetPlatform' loaded TargetPlatform 'Lumin'
[2020.11.18-18.55.31:571][  0]LogTemp: Display: Module 'LuminTargetPlatform' loaded TargetPlatform 'LuminClient'
[2020.11.18-18.55.31:571][  0]LogTargetPlatformManager: Display: Building Assets For Windows
[2020.11.18-18.55.31:585][  0]LogAudioDebug: Display: Lib vorbis DLL was dynamically loaded.
[2020.11.18-18.55.31:652][  0]LogShaderCompilers: Guid format shader working directory is -45 characters bigger than the processId version (../../../../../Users/1804824/Desktop/UnrealYouTubeRepo/UnrealAnimationPracticeVids/MyProject/Intermediate/Shaders/WorkingDirectory/14576/).
[2020.11.18-18.55.31:653][  0]LogShaderCompilers: Cleaned the shader compiler working directory 'C:/Users/1804824/AppData/Local/Temp/UnrealShaderWorkingDir/5282448E4F1077C6AD88A49F5DD97F80/'.
[2020.11.18-18.55.31:654][  0]LogXGEController: Cleaning working directory: C:/Users/1804824/AppData/Local/Temp/UnrealXGEWorkingDir/
[2020.11.18-18.55.31:655][  0]LogXGEController: Cannot use XGE Controller as Incredibuild is not installed on this machine.
[2020.11.18-18.55.31:655][  0]LogShaderCompilers: Cannot use XGE Shader Compiler as Incredibuild is not installed on this machine.
[2020.11.18-18.55.31:655][  0]LogShaderCompilers: Display: Using Local Shader Compiler.
[2020.11.18-18.55.32:141][  0]LogDerivedDataCache: Display: Max Cache Size: 512 MB
[2020.11.18-18.55.32:178][  0]LogDerivedDataCache: Loaded boot cache 0.04s 76MB C:/Users/1804824/AppData/Local/UnrealEngine/4.22/DerivedDataCache/Boot.ddc.
[2020.11.18-18.55.32:178][  0]LogDerivedDataCache: Display: Loaded Boot cache: C:/Users/1804824/AppData/Local/UnrealEngine/4.22/DerivedDataCache/Boot.ddc
[2020.11.18-18.55.32:179][  0]LogDerivedDataCache: FDerivedDataBackendGraph:  Pak pak cache file ../../../../../Users/1804824/Desktop/UnrealYouTubeRepo/UnrealAnimationPracticeVids/MyProject/DerivedDataCache/DDC.ddp not found, will not use a pak cache.
[2020.11.18-18.55.32:179][  0]LogDerivedDataCache: Unable to find inner node Pak for hierarchical cache Hierarchy.
[2020.11.18-18.55.32:179][  0]LogDerivedDataCache: FDerivedDataBackendGraph:  CompressedPak pak cache file ../../../../../Users/1804824/Desktop/UnrealYouTubeRepo/UnrealAnimationPracticeVids/MyProject/DerivedDataCache/Compressed.ddp not found, will not use a pak cache.
[2020.11.18-18.55.32:179][  0]LogDerivedDataCache: Unable to find inner node CompressedPak for hierarchical cache Hierarchy.
[2020.11.18-18.55.32:189][  0]LogDerivedDataCache: Display: Pak cache opened for reading ../../../Engine/DerivedDataCache/Compressed.ddp.
[2020.11.18-18.55.32:189][  0]LogDerivedDataCache: FDerivedDataBackendGraph:  EnterprisePak pak cache file ../../../Enterprise/DerivedDataCache/Compressed.ddp not found, will not use a pak cache.
[2020.11.18-18.55.32:189][  0]LogDerivedDataCache: Unable to find inner node EnterprisePak for hierarchical cache Hierarchy.
[2020.11.18-18.55.32:202][  0]LogDerivedDataCache: Using Local data cache path C:/Users/1804824/AppData/Local/UnrealEngine/Common/DerivedDataCache: Writable
[2020.11.18-18.55.32:202][  0]LogDerivedDataCache: Shared data cache path not found in *engine.ini, will not use an Shared cache.
[2020.11.18-18.55.32:202][  0]LogDerivedDataCache: Unable to find inner node Shared for hierarchical cache Hierarchy.
[2020.11.18-18.55.32:218][  0]LogMaterial: Verifying Global Shaders for PCD3D_SM5
[2020.11.18-18.55.32:219][  0]LogSlate: Using FreeType 2.6.0
[2020.11.18-18.55.32:220][  0]LogSlate: SlateFontServices - WITH_FREETYPE: 1, WITH_HARFBUZZ: 1
[2020.11.18-18.55.32:316][  0]LogAssetRegistry: FAssetRegistry took 0.0336 seconds to start up
[2020.11.18-18.55.32:561][  0]LogInit: Selected Device Profile: [Windows]
[2020.11.18-18.55.32:676][  0]LogMeshReduction: Using QuadricMeshReduction for automatic static mesh reduction
[2020.11.18-18.55.32:676][  0]LogMeshReduction: Using SimplygonMeshReduction for automatic skeletal mesh reduction
[2020.11.18-18.55.32:676][  0]LogMeshReduction: Using ProxyLODMeshReduction for automatic mesh merging
[2020.11.18-18.55.32:676][  0]LogMeshReduction: No distributed automatic mesh merging module available
[2020.11.18-18.55.32:676][  0]LogMeshMerging: No distributed automatic mesh merging module available
[2020.11.18-18.55.32:684][  0]LogNetVersion: MyProject 1.0.0, NetCL: 5660361, EngineNetVer: 10, GameNetVer: 0 (Checksum: 2788865488)
[2020.11.18-18.55.32:973][  0]LogPackageLocalizationCache: Processed 10 localized package path(s) for 1 prioritized culture(s) in 0.028346 seconds
[2020.11.18-18.55.32:978][  0]LogUObjectArray: 42205 objects as part of root set at end of initial load.
[2020.11.18-18.55.32:978][  0]LogUObjectAllocator: 7325032 out of 0 bytes used by permanent object pool.
[2020.11.18-18.55.32:978][  0]LogUObjectArray: CloseDisregardForGC: 0/0 objects in disregard for GC pool
[2020.11.18-18.55.33:940][  0]LogTcpMessaging: Initializing TcpMessaging bridge
[2020.11.18-18.55.33:955][  0]LogUdpMessaging: Initializing bridge on interface 0.0.0.0:0 to multicast group 230.0.0.1:6666.
[2020.11.18-18.55.34:193][  0]SourceControl: Source control is disabled
[2020.11.18-18.55.34:194][  0]SourceControl: Source control is disabled
[2020.11.18-18.55.34:196][  0]SourceControl: Source control is disabled
[2020.11.18-18.55.34:199][  0]SourceControl: Source control is disabled
[2020.11.18-18.55.34:323][  0]LogAndroidPermission: UAndroidPermissionCallbackProxy::GetInstance
[2020.11.18-18.55.34:520][  0]LogOcInput: OculusInput pre-init called
[2020.11.18-18.55.35:351][  0]LogEngine: Initializing Engine...
[2020.11.18-18.55.35:352][  0]LogHMD: Failed to initialize OpenVR with code 110
[2020.11.18-18.55.35:353][  0]LogStats: UGameplayTagsManager::InitializeManager -  0.000 s
[2020.11.18-18.55.35:507][  0]LogInit: Initializing FReadOnlyCVARCache
[2020.11.18-18.55.35:518][  0]LogAIModule: Creating AISystem for world Untitled
[2020.11.18-18.55.35:563][  0]LogInit: XAudio2 using 'Speakers/Headphones (Realtek(R) Audio)' : 2 channels at 48 kHz using 32 bits per sample (channel mask 0x3)
[2020.11.18-18.55.35:628][  0]LogInit: FAudioDevice initialized.
[2020.11.18-18.55.35:628][  0]LogNetVersion: Set ProjectVersion to 1.0.0.0. Version Checksum will be recalculated on next use.
[2020.11.18-18.55.35:670][  0]LogDerivedDataCache: Saved boot cache 0.04s 76MB C:/Users/1804824/AppData/Local/UnrealEngine/4.22/DerivedDataCache/Boot.ddc.
[2020.11.18-18.55.35:673][  0]LogInit: Texture streaming: Enabled
[2020.11.18-18.55.35:694][  0]LogEngineSessionManager: EngineSessionManager initialized
[2020.11.18-18.55.35:694][  0]LogEngineSessionManager: EngineSessionManager sent abnormal shutdown report. Type=Debugger, SessionId={0CBFEB9A-41CA-65ED-8EEF-9FA1624B8BED}
[2020.11.18-18.55.35:708][  0]LogInit: Transaction tracking system initialized
[2020.11.18-18.55.35:737][  0]BlueprintLog: New page: Editor Load
[2020.11.18-18.55.35:830][  0]LocalizationService: Localization service is disabled
[2020.11.18-18.55.36:090][  0]LogFileCache: Scanning file cache for directory 'C:/Users/1804824/Desktop/UnrealYouTubeRepo/UnrealAnimationPracticeVids/MyProject/Content/' took 0.02s
[2020.11.18-18.55.36:090][  0]LogCook: Display: Max memory allowance for cook 16384mb min free memory 0mb
[2020.11.18-18.55.36:091][  0]LogCook: Display: Mobile HDR setting 1
[2020.11.18-18.55.36:292][  0]SourceControl: Source control is disabled
[2020.11.18-18.55.36:293][  0]LightingResults: New page: Lighting Build
[2020.11.18-18.55.36:295][  0]MapCheck: New page: Map Check
[2020.11.18-18.55.36:296][  0]LightingResults: New page: Lighting Build
[2020.11.18-18.55.36:324][  0]LogUObjectHash: Compacting FUObjectHashTables data took   1.49ms
[2020.11.18-18.55.36:395][  0]LogAIModule: Creating AISystem for world ThirdPersonExampleMap
[2020.11.18-18.55.36:404][  0]LogEditorServer: Finished looking for orphan Actors (0.000 secs)
[2020.11.18-18.55.36:428][  0]LogUObjectHash: Compacting FUObjectHashTables data took   1.54ms
[2020.11.18-18.55.36:428][  0]Cmd: MAP CHECKDEP NOCLEARLOG
[2020.11.18-18.55.36:429][  0]MapCheck: Map check complete: 0 Error(s), 0 Warning(s), took 0.107ms to complete.
[2020.11.18-18.55.36:429][  0]LogFileHelpers: Loading map 'ThirdPersonExampleMap' took 0.136
[2020.11.18-18.55.36:523][  0]LogSlate: Updating window title bar state: overlay mode, drag disabled, window buttons hidden, title bar hidden
[2020.11.18-18.55.36:528][  0]LogSlate: Updating window title bar state: overlay mode, drag disabled, window buttons hidden, title bar hidden
[2020.11.18-18.55.36:534][  0]LogSlate: Updating window title bar state: overlay mode, drag disabled, window buttons hidden, title bar hidden
[2020.11.18-18.55.36:540][  0]LogSlate: Updating window title bar state: overlay mode, drag disabled, window buttons hidden, title bar hidden
[2020.11.18-18.55.36:546][  0]LogCollectionManager: Loaded 0 collections in 0.001198 seconds
[2020.11.18-18.55.36:589][  0]LogFileCache: Scanning file cache for directory 'C:/Users/1804824/Desktop/UnrealYouTubeRepo/UnrealAnimationPracticeVids/MyProject/Saved/Collections/' took 0.01s
[2020.11.18-18.55.36:590][  0]LogFileCache: Scanning file cache for directory 'C:/Users/1804824/Desktop/UnrealYouTubeRepo/UnrealAnimationPracticeVids/MyProject/Content/Developers/1804824/Collections/' took 0.01s
[2020.11.18-18.55.36:590][  0]LogFileCache: Scanning file cache for directory 'C:/Users/1804824/Desktop/UnrealYouTubeRepo/UnrealAnimationPracticeVids/MyProject/Content/Collections/' took 0.01s
[2020.11.18-18.55.36:590][  0]LogCollectionManager: Rebuilt the GUID cache for 0 collections in 0.000000 seconds
[2020.11.18-18.55.36:597][  0]LogContentBrowser: Native class hierarchy populated in 0.0066 seconds. Added 2735 classes and 661 folders.
[2020.11.18-18.55.36:601][  0]LogContentBrowser: Native class hierarchy updated for 'WidgetCarousel' in 0.0003 seconds. Added 0 classes and 0 folders.
[2020.11.18-18.55.36:604][  0]LogPakFile: Registered encryption key '00000000000000000000000000000000': 0 pak files mounted, 0 remain pending
[2020.11.18-18.55.36:604][  0]LogPakFile: Registered encryption key '00000000000000000000000000000000': 0 pak files mounted, 0 remain pending
[2020.11.18-18.55.36:605][  0]LogPakFile: Registered encryption key '00000000000000000000000000000000': 0 pak files mounted, 0 remain pending
[2020.11.18-18.55.36:606][  0]LogPakFile: Registered encryption key '00000000000000000000000000000000': 0 pak files mounted, 0 remain pending
[2020.11.18-18.55.36:607][  0]LogPakFile: Registered encryption key '00000000000000000000000000000000': 0 pak files mounted, 0 remain pending
[2020.11.18-18.55.36:607][  0]LogPakFile: Registered encryption key '00000000000000000000000000000000': 0 pak files mounted, 0 remain pending
[2020.11.18-18.55.36:608][  0]LogPakFile: Registered encryption key '00000000000000000000000000000000': 0 pak files mounted, 0 remain pending
[2020.11.18-18.55.36:608][  0]LogPakFile: Registered encryption key '00000000000000000000000000000000': 0 pak files mounted, 0 remain pending
[2020.11.18-18.55.36:609][  0]LogPakFile: Registered encryption key '00000000000000000000000000000000': 0 pak files mounted, 0 remain pending
[2020.11.18-18.55.36:610][  0]LogPakFile: Registered encryption key '00000000000000000000000000000000': 0 pak files mounted, 0 remain pending
[2020.11.18-18.55.36:610][  0]LogPakFile: Registered encryption key '00000000000000000000000000000000': 0 pak files mounted, 0 remain pending
[2020.11.18-18.55.36:611][  0]LogPakFile: Registered encryption key '00000000000000000000000000000000': 0 pak files mounted, 0 remain pending
[2020.11.18-18.55.36:612][  0]LogPakFile: Registered encryption key '00000000000000000000000000000000': 0 pak files mounted, 0 remain pending
[2020.11.18-18.55.36:612][  0]LogPakFile: Registered encryption key '00000000000000000000000000000000': 0 pak files mounted, 0 remain pending
[2020.11.18-18.55.36:613][  0]LogPakFile: Registered encryption key '00000000000000000000000000000000': 0 pak files mounted, 0 remain pending
[2020.11.18-18.55.36:614][  0]LogPakFile: Registered encryption key '00000000000000000000000000000000': 0 pak files mounted, 0 remain pending
[2020.11.18-18.55.36:614][  0]LogPakFile: Registered encryption key '00000000000000000000000000000000': 0 pak files mounted, 0 remain pending
[2020.11.18-18.55.36:615][  0]LogPakFile: Registered encryption key '00000000000000000000000000000000': 0 pak files mounted, 0 remain pending
[2020.11.18-18.55.36:616][  0]LogPakFile: Registered encryption key '00000000000000000000000000000000': 0 pak files mounted, 0 remain pending
[2020.11.18-18.55.36:616][  0]LogPakFile: Registered encryption key '00000000000000000000000000000000': 0 pak files mounted, 0 remain pending
[2020.11.18-18.55.36:617][  0]LogPakFile: Registered encryption key '00000000000000000000000000000000': 0 pak files mounted, 0 remain pending
[2020.11.18-18.55.36:618][  0]LogPakFile: Registered encryption key '00000000000000000000000000000000': 0 pak files mounted, 0 remain pending
[2020.11.18-18.55.36:618][  0]LogPakFile: Registered encryption key '00000000000000000000000000000000': 0 pak files mounted, 0 remain pending
[2020.11.18-18.55.36:619][  0]LogPakFile: Registered encryption key '00000000000000000000000000000000': 0 pak files mounted, 0 remain pending
[2020.11.18-18.55.36:620][  0]LogPakFile: Registered encryption key '00000000000000000000000000000000': 0 pak files mounted, 0 remain pending
[2020.11.18-18.55.36:620][  0]LogPakFile: Registered encryption key '00000000000000000000000000000000': 0 pak files mounted, 0 remain pending
[2020.11.18-18.55.36:653][  0]LogContentBrowser: Native class hierarchy updated for 'AddContentDialog' in 0.0003 seconds. Added 0 classes and 0 folders.
[2020.11.18-18.55.36:659][  0]LogContentBrowser: Native class hierarchy updated for 'SceneOutliner' in 0.0003 seconds. Added 1 classes and 2 folders.
[2020.11.18-18.55.36:674][  0]LogSlate: Took 0.000240 seconds to synchronously load lazily loaded font '../../../Engine/Content/Slate/Fonts/Roboto-Regular.ttf' (155K)
[2020.11.18-18.55.36:675][  0]LogSlate: Took 0.000226 seconds to synchronously load lazily loaded font '../../../Engine/Content/Slate/Fonts/Roboto-Bold.ttf' (160K)
[2020.11.18-18.55.36:678][  0]LogSlate: Took 0.000211 seconds to synchronously load lazily loaded font '../../../Engine/Content/Editor/Slate/Fonts/FontAwesome.ttf' (139K)
[2020.11.18-18.55.36:730][  0]LogRenderer: Reallocating scene render targets to support 1616x808 Format 10 NumSamples 1 (Frame:1).
[2020.11.18-18.55.37:022][  0]LogContentBrowser: Native class hierarchy updated for 'HierarchicalLODOutliner' in 0.0004 seconds. Added 0 classes and 0 folders.
[2020.11.18-18.55.37:022][  0]LogLoad: (Engine Initialization) Total time: 9.66 seconds
[2020.11.18-18.55.37:023][  0]LogLoad: (Engine Initialization) Total Blueprint compile time: 0.00 seconds
[2020.11.18-18.55.37:051][  0]LogAssetRegistry: Asset discovery search completed in 4.7586 seconds
[2020.11.18-18.55.37:052][  0]LogCollectionManager: Rebuilt the object cache for 0 collections in 0.000000 seconds (found 0 objects)
[2020.11.18-18.55.37:052][  0]LogCollectionManager: Fixed up redirectors for 0 collections in 0.000166 seconds (updated 0 objects)
[2020.11.18-18.55.37:055][  0]LogContentStreaming: Texture pool size now 1000 MB
[2020.11.18-18.56.32:735][661]LogSlate: FSceneViewport::OnFocusLost() reason 0
[2020.11.18-18.56.32:793][668]LogTemp: Repeating last play command: Selected Viewport
[2020.11.18-18.56.32:802][668]LogBlueprintUserMessages: Early PlayInEditor Detection: Level '/Game/ThirdPersonCPP/Maps/ThirdPersonExampleMap.ThirdPersonExampleMap:PersistentLevel' has LevelScriptBlueprint '/Game/ThirdPersonCPP/Maps/ThirdPersonExampleMap.ThirdPersonExampleMap:PersistentLevel.ThirdPersonExampleMap' with GeneratedClass '/Game/ThirdPersonCPP/Maps/ThirdPersonExampleMap.ThirdPersonExampleMap_C' with ClassGeneratedBy '/Game/ThirdPersonCPP/Maps/ThirdPersonExampleMap.ThirdPersonExampleMap:PersistentLevel.ThirdPersonExampleMap'
[2020.11.18-18.56.32:802][668]LogPlayLevel: PlayLevel: No blueprints needed recompiling
[2020.11.18-18.56.32:803][668]PIE: New page: PIE session: ThirdPersonExampleMap (18 Nov 2020 18:56:32)
[2020.11.18-18.56.32:816][668]LogPlayLevel: Creating play world package: /Game/ThirdPersonCPP/Maps/UEDPIE_0_ThirdPersonExampleMap
[2020.11.18-18.56.32:827][668]LogPlayLevel: PIE: StaticDuplicateObject took: (0.010439s)
[2020.11.18-18.56.32:827][668]LogAIModule: Creating AISystem for world ThirdPersonExampleMap
[2020.11.18-18.56.32:828][668]LogPlayLevel: PIE: World Init took: (0.000640s)
[2020.11.18-18.56.32:828][668]LogPlayLevel: PIE: Created PIE world by copying editor world from /Game/ThirdPersonCPP/Maps/ThirdPersonExampleMap.ThirdPersonExampleMap to /Game/ThirdPersonCPP/Maps/UEDPIE_0_ThirdPersonExampleMap.ThirdPersonExampleMap (0.011661s)
[2020.11.18-18.56.32:853][668]LogUObjectHash: Compacting FUObjectHashTables data took   0.87ms
[2020.11.18-18.56.32:890][668]LogInit: XAudio2 using 'Speakers/Headphones (Realtek(R) Audio)' : 2 channels at 48 kHz using 32 bits per sample (channel mask 0x3)
[2020.11.18-18.56.32:916][668]LogInit: FAudioDevice initialized.
[2020.11.18-18.56.32:958][668]LogLoad: Game class is 'MyProjectGameMode'
[2020.11.18-18.56.32:960][668]LogWorld: Bringing World /Game/ThirdPersonCPP/Maps/UEDPIE_0_ThirdPersonExampleMap.ThirdPersonExampleMap up for play (max tick rate 0) at 2020.11.18-18.56.32
[2020.11.18-18.56.32:961][668]LogWorld: Bringing up level for play took: 0.001431
[2020.11.18-18.56.32:977][668]LogContentBrowser: Native class hierarchy updated for 'MovieSceneCapture' in 0.0004 seconds. Added 20 classes and 0 folders.
[2020.11.18-18.56.32:978][668]PIE: Play in editor start time for /Game/ThirdPersonCPP/Maps/UEDPIE_0_ThirdPersonExampleMap -0.664
[2020.11.18-18.56.32:978][668]LogBlueprintUserMessages: Late PlayInEditor Detection: Level '/Game/ThirdPersonCPP/Maps/ThirdPersonExampleMap.ThirdPersonExampleMap:PersistentLevel' has LevelScriptBlueprint '/Game/ThirdPersonCPP/Maps/ThirdPersonExampleMap.ThirdPersonExampleMap:PersistentLevel.ThirdPersonExampleMap' with GeneratedClass '/Game/ThirdPersonCPP/Maps/ThirdPersonExampleMap.ThirdPersonExampleMap_C' with ClassGeneratedBy '/Game/ThirdPersonCPP/Maps/ThirdPersonExampleMap.ThirdPersonExampleMap:PersistentLevel.ThirdPersonExampleMap'
[2020.11.18-18.56.40:263][540]LogBlueprintUserMessages: Early EndPlayMap Detection: Level '/Game/ThirdPersonCPP/Maps/ThirdPersonExampleMap.ThirdPersonExampleMap:PersistentLevel' has LevelScriptBlueprint '/Game/ThirdPersonCPP/Maps/ThirdPersonExampleMap.ThirdPersonExampleMap:PersistentLevel.ThirdPersonExampleMap' with GeneratedClass '/Game/ThirdPersonCPP/Maps/ThirdPersonExampleMap.ThirdPersonExampleMap_C' with ClassGeneratedBy '/Game/ThirdPersonCPP/Maps/ThirdPersonExampleMap.ThirdPersonExampleMap:PersistentLevel.ThirdPersonExampleMap'
[2020.11.18-18.56.40:263][540]LogSlate: Updating window title bar state: overlay mode, drag disabled, window buttons hidden, title bar hidden
[2020.11.18-18.56.40:295][540]LogPlayLevel: Display: Shutting down PIE online subsystems
[2020.11.18-18.56.40:295][540]LogBlueprintUserMessages: Late EndPlayMap Detection: Level '/Game/ThirdPersonCPP/Maps/ThirdPersonExampleMap.ThirdPersonExampleMap:PersistentLevel' has LevelScriptBlueprint '/Game/ThirdPersonCPP/Maps/ThirdPersonExampleMap.ThirdPersonExampleMap:PersistentLevel.ThirdPersonExampleMap' with GeneratedClass '/Game/ThirdPersonCPP/Maps/ThirdPersonExampleMap.ThirdPersonExampleMap_C' with ClassGeneratedBy '/Game/ThirdPersonCPP/Maps/ThirdPersonExampleMap.ThirdPersonExampleMap:PersistentLevel.ThirdPersonExampleMap'
[2020.11.18-18.56.40:330][540]LogSlate: Updating window title bar state: overlay mode, drag disabled, window buttons hidden, title bar hidden
[2020.11.18-18.56.40:332][540]LogUObjectHash: Compacting FUObjectHashTables data took   1.02ms
[2020.11.18-18.56.40:373][542]LogPlayLevel: Display: Destroying online subsystem :Context_2
