Log file open, 11/27/20 17:30:23
LogWindows: Failed to load 'aqProf.dll' (GetLastError=126)
LogWindows: File 'aqProf.dll' does not exist
LogWindows: Failed to load 'VtuneApi.dll' (GetLastError=126)
LogWindows: File 'VtuneApi.dll' does not exist
LogWindows: Failed to load 'VtuneApi32e.dll' (GetLastError=126)
LogWindows: File 'VtuneApi32e.dll' does not exist
LogConsoleResponse: Display: Failed to find resolution value strings in scalability ini. Falling back to default.
LogInit: Display: Running engine for game: MyProject
LogPakFile: Registered encryption key '00000000000000000000000000000000': 0 pak files mounted, 0 remain pending
LogPlatformFile: Not using cached read wrapper
LogTaskGraph: Started task graph with 5 named threads and 47 total threads with 3 sets of task threads.
LogStats: Stats thread started at 0.755524
LogD3D11RHI: Loaded GFSDK_Aftermath_Lib.x64.dll
LogICUInternationalization: ICU TimeZone Detection - Raw Offset: +0:00, Platform Override: ''
LogPluginManager: Mounting plugin Paper2D
LogPluginManager: Mounting plugin AISupport
LogPluginManager: Mounting plugin LightPropagationVolume
LogPluginManager: Mounting plugin ActorLayerUtilities
LogPluginManager: Mounting plugin AnimationSharing
LogPluginManager: Mounting plugin CLionSourceCodeAccess
LogPluginManager: Mounting plugin CodeLiteSourceCodeAccess
LogPluginManager: Mounting plugin GitSourceControl
LogPluginManager: Mounting plugin KDevelopSourceCodeAccess
LogPluginManager: Mounting plugin NullSourceCodeAccess
LogPluginManager: Mounting plugin PerforceSourceControl
LogPluginManager: Mounting plugin SubversionSourceControl
LogPluginManager: Mounting plugin UObjectPlugin
LogPluginManager: Mounting plugin VisualStudioCodeSourceCodeAccess
LogPluginManager: Mounting plugin VisualStudioSourceCodeAccess
LogPluginManager: Mounting plugin XCodeSourceCodeAccess
LogPluginManager: Mounting plugin AssetManagerEditor
LogPluginManager: Mounting plugin CryptoKeys
LogPluginManager: Mounting plugin DataValidation
LogPluginManager: Mounting plugin FacialAnimation
LogPluginManager: Mounting plugin GameplayTagsEditor
LogPluginManager: Mounting plugin MacGraphicsSwitching
LogPluginManager: Mounting plugin MaterialAnalyzer
LogPluginManager: Mounting plugin MobileLauncherProfileWizard
LogPluginManager: Mounting plugin PluginBrowser
LogPluginManager: Mounting plugin SpeedTreeImporter
LogPluginManager: Mounting plugin DatasmithContent
LogPluginManager: Mounting plugin VariantManagerContent
LogPluginManager: Mounting plugin AlembicImporter
LogPluginManager: Mounting plugin AppleImageUtils
LogPluginManager: Mounting plugin AppleVision
LogPluginManager: Mounting plugin BackChannel
LogPluginManager: Mounting plugin CharacterAI
LogPluginManager: Mounting plugin GeometryCache
LogPluginManager: Mounting plugin HTML5Networking
LogPluginManager: Mounting plugin ProxyLODPlugin
LogPluginManager: Mounting plugin SkeletalReduction
LogPluginManager: Mounting plugin MagicLeap
LogPluginManager: Mounting plugin MagicLeapMedia
LogPluginManager: Mounting plugin AndroidMedia
LogPluginManager: Mounting plugin AvfMedia
LogPluginManager: Mounting plugin ImgMedia
LogPluginManager: Mounting plugin LinearTimecode
LogPluginManager: Mounting plugin MediaCompositing
LogPluginManager: Mounting plugin MediaPlayerEditor
LogPluginManager: Mounting plugin WebMMedia
LogPluginManager: Mounting plugin WmfMedia
LogPluginManager: Mounting plugin TcpMessaging
LogPluginManager: Mounting plugin UdpMessaging
LogPluginManager: Mounting plugin ActorSequence
LogPluginManager: Mounting plugin LevelSequenceEditor
LogPluginManager: Mounting plugin MatineeToLevelSequence
LogPluginManager: Mounting plugin NetcodeUnitTest
LogPluginManager: Mounting plugin NUTUnrealEngine4
LogPluginManager: Mounting plugin OnlineSubsystemGooglePlay
LogPluginManager: Mounting plugin OnlineSubsystemIOS
LogPluginManager: Mounting plugin OnlineSubsystem
LogPluginManager: Mounting plugin OnlineSubsystemNull
LogPluginManager: Mounting plugin OnlineSubsystemUtils
LogPluginManager: Mounting plugin LauncherChunkInstaller
LogPluginManager: Mounting plugin AndroidDeviceProfileSelector
LogPluginManager: Mounting plugin AndroidMoviePlayer
LogPluginManager: Mounting plugin AndroidPermission
LogPluginManager: Mounting plugin ApexDestruction
LogPluginManager: Mounting plugin AppleMoviePlayer
LogPluginManager: Mounting plugin ArchVisCharacter
LogPluginManager: Mounting plugin AudioCapture
LogPluginManager: Mounting plugin CableComponent
LogPluginManager: Mounting plugin CustomMeshComponent
LogPluginManager: Mounting plugin EditableMesh
LogPluginManager: Mounting plugin ExampleDeviceProfileSelector
LogPluginManager: Mounting plugin Firebase
LogPluginManager: Mounting plugin GoogleCloudMessaging
LogPluginManager: Mounting plugin IOSDeviceProfileSelector
LogPluginManager: Mounting plugin LinuxDeviceProfileSelector
LogPluginManager: Mounting plugin LocationServicesBPLibrary
LogPluginManager: Mounting plugin MobilePatchingUtils
LogPluginManager: Mounting plugin OculusVR
LogPluginManager: Mounting plugin PhysXVehicles
LogPluginManager: Mounting plugin ProceduralMeshComponent
LogPluginManager: Mounting plugin RuntimePhysXCooking
LogPluginManager: Mounting plugin SignificanceManager
LogPluginManager: Mounting plugin SteamVR
LogPluginManager: Mounting plugin WebMMoviePlayer
LogPluginManager: Mounting plugin WindowsMoviePlayer
LogInit: Using libcurl 7.55.1-DEV
LogInit:  - built for x86_64-pc-win32
LogInit:  - supports SSL with OpenSSL/1.1.1
LogInit:  - supports HTTP deflate (compression) using libz 1.2.8
LogInit:  - other features:
LogInit:      CURL_VERSION_SSL
LogInit:      CURL_VERSION_LIBZ
LogInit:      CURL_VERSION_IPV6
LogInit:      CURL_VERSION_ASYNCHDNS
LogInit:      CURL_VERSION_LARGEFILE
LogInit:      CURL_VERSION_IDN
LogInit:  CurlRequestOptions (configurable via config and command line):
LogInit:  - bVerifyPeer = true  - Libcurl will verify peer certificate
LogInit:  - bUseHttpProxy = false  - Libcurl will NOT use HTTP proxy
LogInit:  - bDontReuseConnections = false  - Libcurl will reuse connections
LogInit:  - MaxHostConnections = 16  - Libcurl will limit the number of connections to a host
LogInit:  - LocalHostAddr = Default
LogInit:  - BufferSize = 65536
LogInit: WinSock: version 1.1 (2.2), MaxSocks=32767, MaxUdp=65467
LogHMD: Failed initializing OVRPlugin 1.32.0
LogInit: Build: ++UE4+Release-4.22-CL-7053642
LogInit: Engine Version: 4.22.3-7053642+++UE4+Release-4.22
LogInit: Compatible Engine Version: 4.22.0-5660361+++UE4+Release-4.22
LogInit: Net CL: 5660361
LogInit: OS: Windows 10 (Release 1903) (), CPU: Intel(R) Core(TM) i9-9900K CPU @ 3.60GHz, GPU: NVIDIA GeForce RTX 2080
LogInit: Compiled (64-bit): Jun 18 2019 03:09:11
LogInit: Compiled with Visual C++: 19.16.27025.01
LogInit: Build Configuration: Development
LogInit: Branch Name: ++UE4+Release-4.22
LogInit: Command Line:  -skipcompile
LogInit: Base Directory: C:/UE_4.22/UE_4.22/Engine/Binaries/Win64/
LogInit: Installed Engine Build: 1
LogDevObjectVersion: Number of dev versions registered: 23
LogDevObjectVersion:   Dev-Blueprints (B0D832E4-1F89-4F0D-ACCF-7EB736FD4AA2): 10
LogDevObjectVersion:   Dev-Build (E1C64328-A22C-4D53-A36C-8E866417BD8C): 0
LogDevObjectVersion:   Dev-Core (375EC13C-06E4-48FB-B500-84F0262A717E): 3
LogDevObjectVersion:   Dev-Editor (E4B068ED-F494-42E9-A231-DA0B2E46BB41): 30
LogDevObjectVersion:   Dev-Framework (CFFC743F-43B0-4480-9391-14DF171D2073): 35
LogDevObjectVersion:   Dev-Mobile (B02B49B5-BB20-44E9-A304-32B752E40360): 2
LogDevObjectVersion:   Dev-Networking (A4E4105C-59A1-49B5-A7C5-40C4547EDFEE): 0
LogDevObjectVersion:   Dev-Online (39C831C9-5AE6-47DC-9A44-9C173E1C8E7C): 0
LogDevObjectVersion:   Dev-Physics (78F01B33-EBEA-4F98-B9B4-84EACCB95AA2): 0
LogDevObjectVersion:   Dev-Platform (6631380F-2D4D-43E0-8009-CF276956A95A): 0
LogDevObjectVersion:   Dev-Rendering (12F88B9F-8875-4AFC-A67C-D90C383ABD29): 28
LogDevObjectVersion:   Dev-Sequencer (7B5AE74C-D270-4C10-A958-57980B212A5A): 11
LogDevObjectVersion:   Dev-VR (D7296918-1DD6-4BDD-9DE2-64A83CC13884): 2
LogDevObjectVersion:   Dev-LoadTimes (C2A15278-BFE7-4AFE-6C17-90FF531DF755): 1
LogDevObjectVersion:   Private-Geometry (6EACA3D4-40EC-4CC1-B786-8BED09428FC5): 3
LogDevObjectVersion:   Dev-AnimPhys (29E575DD-E0A3-4627-9D10-D276232CDCEA): 17
LogDevObjectVersion:   Dev-Anim (AF43A65D-7FD3-4947-9873-3E8ED9C1BB05): 2
LogDevObjectVersion:   Dev-ReflectionCapture (6B266CEC-1EC7-4B8F-A30B-E4D90942FC07): 1
LogDevObjectVersion:   Dev-Automation (0DF73D61-A23F-47EA-B727-89E90C41499A): 1
LogDevObjectVersion:   FortniteMain (601D1886-AC64-4F84-AA16-D3DE0DEAC7D6): 25
LogDevObjectVersion:   Dev-Enterprise (9DFFBCD6-494F-0158-E221-12823C92A888): 6
LogDevObjectVersion:   Dev-Niagara (F2AED0AC-9AFE-416F-8664-AA7FFA26D6FC): 1
LogDevObjectVersion:   Dev-Destruction (174F1F0B-B4C6-45A5-B13F-2EE8D0FB917D): 2
LogInit: Presizing for max 16777216 objects, including 0 objects not considered by GC, pre-allocating 0 bytes for permanent pool.
LogInit: Object subsystem initialized
LogConfig: Setting CVar [[con.DebugEarlyDefault:1]]
LogConfig: Setting CVar [[r.setres:1280x720]]
[2020.11.27-17.30.25:856][  0]LogConfig: Setting CVar [[r.VSync:0]]
[2020.11.27-17.30.25:856][  0]LogConfig: Setting CVar [[r.RHICmdBypass:0]]
[2020.11.27-17.30.25:856][  0]LogConfig: Applying CVar settings from Section [/Script/Engine.RendererSettings] File [C:/Users/1804824/Desktop/UnrealYouTubeRepo/UnrealAnimationPracticeVids/MyProject/Saved/Config/Windows/Engine.ini]
[2020.11.27-17.30.25:856][  0]LogConfig: Setting CVar [[r.GPUCrashDebugging:0]]
[2020.11.27-17.30.25:856][  0]LogConfig: Applying CVar settings from Section [/Script/Engine.RendererOverrideSettings] File [C:/Users/1804824/Desktop/UnrealYouTubeRepo/UnrealAnimationPracticeVids/MyProject/Saved/Config/Windows/Engine.ini]
[2020.11.27-17.30.25:857][  0]LogConfig: Applying CVar settings from Section [/Script/Engine.StreamingSettings] File [C:/Users/1804824/Desktop/UnrealYouTubeRepo/UnrealAnimationPracticeVids/MyProject/Saved/Config/Windows/Engine.ini]
[2020.11.27-17.30.25:857][  0]LogConfig: Setting CVar [[s.MinBulkDataSizeForAsyncLoading:131072]]
[2020.11.27-17.30.25:857][  0]LogConfig: Setting CVar [[s.AsyncLoadingThreadEnabled:0]]
[2020.11.27-17.30.25:857][  0]LogConfig: Setting CVar [[s.EventDrivenLoaderEnabled:1]]
[2020.11.27-17.30.25:857][  0]LogConfig: Setting CVar [[s.WarnIfTimeLimitExceeded:0]]
[2020.11.27-17.30.25:857][  0]LogConfig: Setting CVar [[s.TimeLimitExceededMultiplier:1.5]]
[2020.11.27-17.30.25:857][  0]LogConfig: Setting CVar [[s.TimeLimitExceededMinTime:0.005]]
[2020.11.27-17.30.25:857][  0]LogConfig: Setting CVar [[s.UseBackgroundLevelStreaming:1]]
[2020.11.27-17.30.25:857][  0]LogConfig: Setting CVar [[s.PriorityAsyncLoadingExtraTime:15.0]]
[2020.11.27-17.30.25:857][  0]LogConfig: Setting CVar [[s.LevelStreamingActorsUpdateTimeLimit:5.0]]
[2020.11.27-17.30.25:857][  0]LogConfig: Setting CVar [[s.PriorityLevelStreamingActorsUpdateExtraTime:5.0]]
[2020.11.27-17.30.25:857][  0]LogConfig: Setting CVar [[s.LevelStreamingComponentsRegistrationGranularity:10]]
[2020.11.27-17.30.25:857][  0]LogConfig: Setting CVar [[s.UnregisterComponentsTimeLimit:1.0]]
[2020.11.27-17.30.25:857][  0]LogConfig: Setting CVar [[s.LevelStreamingComponentsUnregistrationGranularity:5]]
[2020.11.27-17.30.25:857][  0]LogConfig: Applying CVar settings from Section [/Script/Engine.GarbageCollectionSettings] File [C:/Users/1804824/Desktop/UnrealYouTubeRepo/UnrealAnimationPracticeVids/MyProject/Saved/Config/Windows/Engine.ini]
[2020.11.27-17.30.25:857][  0]LogConfig: Setting CVar [[gc.MaxObjectsNotConsideredByGC:1]]
[2020.11.27-17.30.25:858][  0]LogConfig: Setting CVar [[gc.SizeOfPermanentObjectPool:0]]
[2020.11.27-17.30.25:858][  0]LogConfig: Setting CVar [[gc.FlushStreamingOnGC:0]]
[2020.11.27-17.30.25:858][  0]LogConfig: Setting CVar [[gc.NumRetriesBeforeForcingGC:10]]
[2020.11.27-17.30.25:858][  0]LogConfig: Setting CVar [[gc.AllowParallelGC:1]]
[2020.11.27-17.30.25:858][  0]LogConfig: Setting CVar [[gc.TimeBetweenPurgingPendingKillObjects:61.1]]
[2020.11.27-17.30.25:858][  0]LogConfig: Setting CVar [[gc.MaxObjectsInEditor:16777216]]
[2020.11.27-17.30.25:858][  0]LogConfig: Setting CVar [[gc.IncrementalBeginDestroyEnabled:1]]
[2020.11.27-17.30.25:858][  0]LogConfig: Setting CVar [[gc.CreateGCClusters:1]]
[2020.11.27-17.30.25:858][  0]LogConfig: Setting CVar [[gc.MinGCClusterSize:5]]
[2020.11.27-17.30.25:858][  0]LogConfig: Setting CVar [[gc.ActorClusteringEnabled:0]]
[2020.11.27-17.30.25:858][  0]LogConfig: Setting CVar [[gc.BlueprintClusteringEnabled:0]]
[2020.11.27-17.30.25:858][  0]LogConfig: Setting CVar [[gc.UseDisregardForGCOnDedicatedServers:0]]
[2020.11.27-17.30.25:858][  0]LogConfig: Applying CVar settings from Section [/Script/Engine.NetworkSettings] File [C:/Users/1804824/Desktop/UnrealYouTubeRepo/UnrealAnimationPracticeVids/MyProject/Saved/Config/Windows/Engine.ini]
[2020.11.27-17.30.25:858][  0]LogConfig: Applying CVar settings from Section [/Script/UnrealEd.CookerSettings] File [C:/Users/1804824/Desktop/UnrealYouTubeRepo/UnrealAnimationPracticeVids/MyProject/Saved/Config/Windows/Engine.ini]
[2020.11.27-17.30.25:865][  0]LogConfig: Applying CVar settings from Section [ViewDistanceQuality@3] File [C:/Users/1804824/Desktop/UnrealYouTubeRepo/UnrealAnimationPracticeVids/MyProject/Saved/Config/Windows/Scalability.ini]
[2020.11.27-17.30.25:865][  0]LogConfig: Setting CVar [[r.SkeletalMeshLODBias:0]]
[2020.11.27-17.30.25:865][  0]LogConfig: Setting CVar [[r.ViewDistanceScale:1.0]]
[2020.11.27-17.30.25:865][  0]LogConfig: Applying CVar settings from Section [AntiAliasingQuality@3] File [C:/Users/1804824/Desktop/UnrealYouTubeRepo/UnrealAnimationPracticeVids/MyProject/Saved/Config/Windows/Scalability.ini]
[2020.11.27-17.30.25:865][  0]LogConfig: Setting CVar [[r.PostProcessAAQuality:4]]
[2020.11.27-17.30.25:865][  0]LogConfig: Applying CVar settings from Section [ShadowQuality@3] File [C:/Users/1804824/Desktop/UnrealYouTubeRepo/UnrealAnimationPracticeVids/MyProject/Saved/Config/Windows/Scalability.ini]
[2020.11.27-17.30.25:865][  0]LogConfig: Setting CVar [[r.LightFunctionQuality:1]]
[2020.11.27-17.30.25:865][  0]LogConfig: Setting CVar [[r.ShadowQuality:5]]
[2020.11.27-17.30.25:865][  0]LogConfig: Setting CVar [[r.Shadow.CSM.MaxCascades:10]]
[2020.11.27-17.30.25:865][  0]LogConfig: Setting CVar [[r.Shadow.MaxResolution:2048]]
[2020.11.27-17.30.25:865][  0]LogConfig: Setting CVar [[r.Shadow.MaxCSMResolution:2048]]
[2020.11.27-17.30.25:865][  0]LogConfig: Setting CVar [[r.Shadow.RadiusThreshold:0.01]]
[2020.11.27-17.30.25:865][  0]LogConfig: Setting CVar [[r.Shadow.DistanceScale:1.0]]
[2020.11.27-17.30.25:865][  0]LogConfig: Setting CVar [[r.Shadow.CSM.TransitionScale:1.0]]
[2020.11.27-17.30.25:865][  0]LogConfig: Setting CVar [[r.Shadow.PreShadowResolutionFactor:1.0]]
[2020.11.27-17.30.25:865][  0]LogConfig: Setting CVar [[r.DistanceFieldShadowing:1]]
[2020.11.27-17.30.25:865][  0]LogConfig: Setting CVar [[r.DistanceFieldAO:1]]
[2020.11.27-17.30.25:866][  0]LogConfig: Setting CVar [[r.AOQuality:2]]
[2020.11.27-17.30.25:866][  0]LogConfig: Setting CVar [[r.VolumetricFog:1]]
[2020.11.27-17.30.25:866][  0]LogConfig: Setting CVar [[r.VolumetricFog.GridPixelSize:8]]
[2020.11.27-17.30.25:866][  0]LogConfig: Setting CVar [[r.VolumetricFog.GridSizeZ:128]]
[2020.11.27-17.30.25:866][  0]LogConfig: Setting CVar [[r.VolumetricFog.HistoryMissSupersampleCount:4]]
[2020.11.27-17.30.25:866][  0]LogConfig: Setting CVar [[r.LightMaxDrawDistanceScale:1]]
[2020.11.27-17.30.25:866][  0]LogConfig: Setting CVar [[r.CapsuleShadows:1]]
[2020.11.27-17.30.25:866][  0]LogConfig: Applying CVar settings from Section [PostProcessQuality@3] File [C:/Users/1804824/Desktop/UnrealYouTubeRepo/UnrealAnimationPracticeVids/MyProject/Saved/Config/Windows/Scalability.ini]
[2020.11.27-17.30.25:866][  0]LogConfig: Setting CVar [[r.MotionBlurQuality:4]]
[2020.11.27-17.30.25:866][  0]LogConfig: Setting CVar [[r.AmbientOcclusionMipLevelFactor:0.4]]
[2020.11.27-17.30.25:866][  0]LogConfig: Setting CVar [[r.AmbientOcclusionMaxQuality:100]]
[2020.11.27-17.30.25:866][  0]LogConfig: Setting CVar [[r.AmbientOcclusionLevels:-1]]
[2020.11.27-17.30.25:866][  0]LogConfig: Setting CVar [[r.AmbientOcclusionRadiusScale:1.0]]
[2020.11.27-17.30.25:866][  0]LogConfig: Setting CVar [[r.DepthOfFieldQuality:2]]
[2020.11.27-17.30.25:866][  0]LogConfig: Setting CVar [[r.RenderTargetPoolMin:400]]
[2020.11.27-17.30.25:866][  0]LogConfig: Setting CVar [[r.LensFlareQuality:2]]
[2020.11.27-17.30.25:866][  0]LogConfig: Setting CVar [[r.SceneColorFringeQuality:1]]
[2020.11.27-17.30.25:866][  0]LogConfig: Setting CVar [[r.EyeAdaptationQuality:2]]
[2020.11.27-17.30.25:866][  0]LogConfig: Setting CVar [[r.BloomQuality:5]]
[2020.11.27-17.30.25:866][  0]LogConfig: Setting CVar [[r.FastBlurThreshold:100]]
[2020.11.27-17.30.25:866][  0]LogConfig: Setting CVar [[r.Upscale.Quality:3]]
[2020.11.27-17.30.25:866][  0]LogConfig: Setting CVar [[r.Tonemapper.GrainQuantization:1]]
[2020.11.27-17.30.25:866][  0]LogConfig: Setting CVar [[r.LightShaftQuality:1]]
[2020.11.27-17.30.25:866][  0]LogConfig: Setting CVar [[r.Filter.SizeScale:1]]
[2020.11.27-17.30.25:867][  0]LogConfig: Setting CVar [[r.Tonemapper.Quality:5]]
[2020.11.27-17.30.25:867][  0]LogConfig: Setting CVar [[r.DOF.Gather.AccumulatorQuality:1        ; higher gathering accumulator quality]]
[2020.11.27-17.30.25:867][  0]LogConfig: Setting CVar [[r.DOF.Gather.PostfilterMethod:1          ; Median3x3 postfilering method]]
[2020.11.27-17.30.25:867][  0]LogConfig: Setting CVar [[r.DOF.Gather.EnableBokehSettings:0       ; no bokeh simulation when gathering]]
[2020.11.27-17.30.25:867][  0]LogConfig: Setting CVar [[r.DOF.Gather.RingCount:4                 ; medium number of samples when gathering]]
[2020.11.27-17.30.25:867][  0]LogConfig: Setting CVar [[r.DOF.Scatter.ForegroundCompositing:1    ; additive foreground scattering]]
[2020.11.27-17.30.25:867][  0]LogConfig: Setting CVar [[r.DOF.Scatter.BackgroundCompositing:2    ; additive background scattering]]
[2020.11.27-17.30.25:867][  0]LogConfig: Setting CVar [[r.DOF.Scatter.EnableBokehSettings:1      ; bokeh simulation when scattering]]
[2020.11.27-17.30.25:867][  0]LogConfig: Setting CVar [[r.DOF.Scatter.MaxSpriteRatio:0.1         ; only a maximum of 10% of scattered bokeh]]
[2020.11.27-17.30.25:867][  0]LogConfig: Setting CVar [[r.DOF.Recombine.Quality:1                ; cheap slight out of focus]]
[2020.11.27-17.30.25:867][  0]LogConfig: Setting CVar [[r.DOF.Recombine.EnableBokehSettings:0    ; no bokeh simulation on slight out of focus]]
[2020.11.27-17.30.25:867][  0]LogConfig: Setting CVar [[r.DOF.TemporalAAQuality:1                ; more stable temporal accumulation]]
[2020.11.27-17.30.25:867][  0]LogConfig: Setting CVar [[r.DOF.Kernel.MaxForegroundRadius:0.025]]
[2020.11.27-17.30.25:867][  0]LogConfig: Setting CVar [[r.DOF.Kernel.MaxBackgroundRadius:0.025]]
[2020.11.27-17.30.25:867][  0]LogConfig: Applying CVar settings from Section [TextureQuality@3] File [C:/Users/1804824/Desktop/UnrealYouTubeRepo/UnrealAnimationPracticeVids/MyProject/Saved/Config/Windows/Scalability.ini]
[2020.11.27-17.30.25:867][  0]LogConfig: Setting CVar [[r.Streaming.MipBias:0]]
[2020.11.27-17.30.25:867][  0]LogConfig: Setting CVar [[r.Streaming.AmortizeCPUToGPUCopy:0]]
[2020.11.27-17.30.25:867][  0]LogConfig: Setting CVar [[r.Streaming.MaxNumTexturesToStreamPerFrame:0]]
[2020.11.27-17.30.25:867][  0]LogConfig: Setting CVar [[r.Streaming.Boost:1]]
[2020.11.27-17.30.25:867][  0]LogConfig: Setting CVar [[r.MaxAnisotropy:8]]
[2020.11.27-17.30.25:867][  0]LogConfig: Setting CVar [[r.Streaming.LimitPoolSizeToVRAM:0]]
[2020.11.27-17.30.25:867][  0]LogConfig: Setting CVar [[r.Streaming.PoolSize:1000]]
[2020.11.27-17.30.25:867][  0]LogConfig: Setting CVar [[r.Streaming.MaxEffectiveScreenSize:0]]
[2020.11.27-17.30.25:867][  0]LogConfig: Applying CVar settings from Section [EffectsQuality@3] File [C:/Users/1804824/Desktop/UnrealYouTubeRepo/UnrealAnimationPracticeVids/MyProject/Saved/Config/Windows/Scalability.ini]
[2020.11.27-17.30.25:867][  0]LogConfig: Setting CVar [[r.TranslucencyLightingVolumeDim:64]]
[2020.11.27-17.30.25:868][  0]LogConfig: Setting CVar [[r.RefractionQuality:2]]
[2020.11.27-17.30.25:868][  0]LogConfig: Setting CVar [[r.SSR.Quality:3]]
[2020.11.27-17.30.25:868][  0]LogConfig: Setting CVar [[r.SceneColorFormat:4]]
[2020.11.27-17.30.25:868][  0]LogConfig: Setting CVar [[r.DetailMode:2]]
[2020.11.27-17.30.25:868][  0]LogConfig: Setting CVar [[r.TranslucencyVolumeBlur:1]]
[2020.11.27-17.30.25:868][  0]LogConfig: Setting CVar [[r.MaterialQualityLevel:1 ; High quality]]
[2020.11.27-17.30.25:868][  0]LogConfig: Setting CVar [[r.SSS.Scale:1]]
[2020.11.27-17.30.25:868][  0]LogConfig: Setting CVar [[r.SSS.SampleSet:2]]
[2020.11.27-17.30.25:868][  0]LogConfig: Setting CVar [[r.SSS.Quality:1]]
[2020.11.27-17.30.25:868][  0]LogConfig: Setting CVar [[r.SSS.HalfRes:1]]
[2020.11.27-17.30.25:868][  0]LogConfig: Setting CVar [[r.EmitterSpawnRateScale:1.0]]
[2020.11.27-17.30.25:868][  0]LogConfig: Setting CVar [[r.ParticleLightQuality:2]]
[2020.11.27-17.30.25:868][  0]LogConfig: Applying CVar settings from Section [FoliageQuality@3] File [C:/Users/1804824/Desktop/UnrealYouTubeRepo/UnrealAnimationPracticeVids/MyProject/Saved/Config/Windows/Scalability.ini]
[2020.11.27-17.30.25:868][  0]LogConfig: Setting CVar [[foliage.DensityScale:1.0]]
[2020.11.27-17.30.25:868][  0]LogConfig: Setting CVar [[grass.DensityScale:1.0]]
[2020.11.27-17.30.25:868][  0]LogInit: Selected Device Profile: [Windows]
[2020.11.27-17.30.25:868][  0]LogInit: Applying CVar settings loaded from the selected device profile: [Windows]
[2020.11.27-17.30.25:876][  0]LogHAL: Display: Platform has ~ 32 GB [34169503744 / 34359738368 / 32], which maps to Largest [LargestMinGB=32, LargerMinGB=12, DefaultMinGB=8, SmallerMinGB=6, SmallestMinGB=0)
[2020.11.27-17.30.25:876][  0]LogConfig: Setting CVar [[r.Vulkan.UseRealUBs:0		; Required until we fix HLR fall-out]]
[2020.11.27-17.30.25:876][  0]LogInit: Going up to parent DeviceProfile []
[2020.11.27-17.30.25:877][  0]LogConfig: Applying CVar settings from Section [ViewDistanceQuality@3] File [C:/Users/1804824/Desktop/UnrealYouTubeRepo/UnrealAnimationPracticeVids/MyProject/Saved/Config/Windows/Scalability.ini]
[2020.11.27-17.30.25:877][  0]LogConfig: Setting CVar [[r.SkeletalMeshLODBias:0]]
[2020.11.27-17.30.25:877][  0]LogConfig: Setting CVar [[r.ViewDistanceScale:1.0]]
[2020.11.27-17.30.25:877][  0]LogConfig: Applying CVar settings from Section [AntiAliasingQuality@3] File [C:/Users/1804824/Desktop/UnrealYouTubeRepo/UnrealAnimationPracticeVids/MyProject/Saved/Config/Windows/Scalability.ini]
[2020.11.27-17.30.25:877][  0]LogConfig: Setting CVar [[r.PostProcessAAQuality:4]]
[2020.11.27-17.30.25:877][  0]LogConfig: Applying CVar settings from Section [ShadowQuality@3] File [C:/Users/1804824/Desktop/UnrealYouTubeRepo/UnrealAnimationPracticeVids/MyProject/Saved/Config/Windows/Scalability.ini]
[2020.11.27-17.30.25:877][  0]LogConfig: Setting CVar [[r.LightFunctionQuality:1]]
[2020.11.27-17.30.25:877][  0]LogConfig: Setting CVar [[r.ShadowQuality:5]]
[2020.11.27-17.30.25:877][  0]LogConfig: Setting CVar [[r.Shadow.CSM.MaxCascades:10]]
[2020.11.27-17.30.25:877][  0]LogConfig: Setting CVar [[r.Shadow.MaxResolution:2048]]
[2020.11.27-17.30.25:878][  0]LogConfig: Setting CVar [[r.Shadow.MaxCSMResolution:2048]]
[2020.11.27-17.30.25:878][  0]LogConfig: Setting CVar [[r.Shadow.RadiusThreshold:0.01]]
[2020.11.27-17.30.25:878][  0]LogConfig: Setting CVar [[r.Shadow.DistanceScale:1.0]]
[2020.11.27-17.30.25:878][  0]LogConfig: Setting CVar [[r.Shadow.CSM.TransitionScale:1.0]]
[2020.11.27-17.30.25:878][  0]LogConfig: Setting CVar [[r.Shadow.PreShadowResolutionFactor:1.0]]
[2020.11.27-17.30.25:878][  0]LogConfig: Setting CVar [[r.DistanceFieldShadowing:1]]
[2020.11.27-17.30.25:878][  0]LogConfig: Setting CVar [[r.DistanceFieldAO:1]]
[2020.11.27-17.30.25:878][  0]LogConfig: Setting CVar [[r.AOQuality:2]]
[2020.11.27-17.30.25:878][  0]LogConfig: Setting CVar [[r.VolumetricFog:1]]
[2020.11.27-17.30.25:878][  0]LogConfig: Setting CVar [[r.VolumetricFog.GridPixelSize:8]]
[2020.11.27-17.30.25:878][  0]LogConfig: Setting CVar [[r.VolumetricFog.GridSizeZ:128]]
[2020.11.27-17.30.25:878][  0]LogConfig: Setting CVar [[r.VolumetricFog.HistoryMissSupersampleCount:4]]
[2020.11.27-17.30.25:878][  0]LogConfig: Setting CVar [[r.LightMaxDrawDistanceScale:1]]
[2020.11.27-17.30.25:878][  0]LogConfig: Setting CVar [[r.CapsuleShadows:1]]
[2020.11.27-17.30.25:878][  0]LogConfig: Applying CVar settings from Section [PostProcessQuality@3] File [C:/Users/1804824/Desktop/UnrealYouTubeRepo/UnrealAnimationPracticeVids/MyProject/Saved/Config/Windows/Scalability.ini]
[2020.11.27-17.30.25:878][  0]LogConfig: Setting CVar [[r.MotionBlurQuality:4]]
[2020.11.27-17.30.25:878][  0]LogConfig: Setting CVar [[r.AmbientOcclusionMipLevelFactor:0.4]]
[2020.11.27-17.30.25:878][  0]LogConfig: Setting CVar [[r.AmbientOcclusionMaxQuality:100]]
[2020.11.27-17.30.25:878][  0]LogConfig: Setting CVar [[r.AmbientOcclusionLevels:-1]]
[2020.11.27-17.30.25:878][  0]LogConfig: Setting CVar [[r.AmbientOcclusionRadiusScale:1.0]]
[2020.11.27-17.30.25:879][  0]LogConfig: Setting CVar [[r.DepthOfFieldQuality:2]]
[2020.11.27-17.30.25:879][  0]LogConfig: Setting CVar [[r.RenderTargetPoolMin:400]]
[2020.11.27-17.30.25:879][  0]LogConfig: Setting CVar [[r.LensFlareQuality:2]]
[2020.11.27-17.30.25:879][  0]LogConfig: Setting CVar [[r.SceneColorFringeQuality:1]]
[2020.11.27-17.30.25:879][  0]LogConfig: Setting CVar [[r.EyeAdaptationQuality:2]]
[2020.11.27-17.30.25:879][  0]LogConfig: Setting CVar [[r.BloomQuality:5]]
[2020.11.27-17.30.25:879][  0]LogConfig: Setting CVar [[r.FastBlurThreshold:100]]
[2020.11.27-17.30.25:879][  0]LogConfig: Setting CVar [[r.Upscale.Quality:3]]
[2020.11.27-17.30.25:879][  0]LogConfig: Setting CVar [[r.Tonemapper.GrainQuantization:1]]
[2020.11.27-17.30.25:879][  0]LogConfig: Setting CVar [[r.LightShaftQuality:1]]
[2020.11.27-17.30.25:879][  0]LogConfig: Setting CVar [[r.Filter.SizeScale:1]]
[2020.11.27-17.30.25:879][  0]LogConfig: Setting CVar [[r.Tonemapper.Quality:5]]
[2020.11.27-17.30.25:879][  0]LogConfig: Setting CVar [[r.DOF.Gather.AccumulatorQuality:1        ; higher gathering accumulator quality]]
[2020.11.27-17.30.25:879][  0]LogConfig: Setting CVar [[r.DOF.Gather.PostfilterMethod:1          ; Median3x3 postfilering method]]
[2020.11.27-17.30.25:879][  0]LogConfig: Setting CVar [[r.DOF.Gather.EnableBokehSettings:0       ; no bokeh simulation when gathering]]
[2020.11.27-17.30.25:879][  0]LogConfig: Setting CVar [[r.DOF.Gather.RingCount:4                 ; medium number of samples when gathering]]
[2020.11.27-17.30.25:879][  0]LogConfig: Setting CVar [[r.DOF.Scatter.ForegroundCompositing:1    ; additive foreground scattering]]
[2020.11.27-17.30.25:879][  0]LogConfig: Setting CVar [[r.DOF.Scatter.BackgroundCompositing:2    ; additive background scattering]]
[2020.11.27-17.30.25:879][  0]LogConfig: Setting CVar [[r.DOF.Scatter.EnableBokehSettings:1      ; bokeh simulation when scattering]]
[2020.11.27-17.30.25:879][  0]LogConfig: Setting CVar [[r.DOF.Scatter.MaxSpriteRatio:0.1         ; only a maximum of 10% of scattered bokeh]]
[2020.11.27-17.30.25:879][  0]LogConfig: Setting CVar [[r.DOF.Recombine.Quality:1                ; cheap slight out of focus]]
[2020.11.27-17.30.25:879][  0]LogConfig: Setting CVar [[r.DOF.Recombine.EnableBokehSettings:0    ; no bokeh simulation on slight out of focus]]
[2020.11.27-17.30.25:880][  0]LogConfig: Setting CVar [[r.DOF.TemporalAAQuality:1                ; more stable temporal accumulation]]
[2020.11.27-17.30.25:880][  0]LogConfig: Setting CVar [[r.DOF.Kernel.MaxForegroundRadius:0.025]]
[2020.11.27-17.30.25:880][  0]LogConfig: Setting CVar [[r.DOF.Kernel.MaxBackgroundRadius:0.025]]
[2020.11.27-17.30.25:880][  0]LogConfig: Applying CVar settings from Section [TextureQuality@3] File [C:/Users/1804824/Desktop/UnrealYouTubeRepo/UnrealAnimationPracticeVids/MyProject/Saved/Config/Windows/Scalability.ini]
[2020.11.27-17.30.25:880][  0]LogConfig: Setting CVar [[r.Streaming.MipBias:0]]
[2020.11.27-17.30.25:880][  0]LogConfig: Setting CVar [[r.Streaming.AmortizeCPUToGPUCopy:0]]
[2020.11.27-17.30.25:880][  0]LogConfig: Setting CVar [[r.Streaming.MaxNumTexturesToStreamPerFrame:0]]
[2020.11.27-17.30.25:880][  0]LogConfig: Setting CVar [[r.Streaming.Boost:1]]
[2020.11.27-17.30.25:880][  0]LogConfig: Setting CVar [[r.MaxAnisotropy:8]]
[2020.11.27-17.30.25:880][  0]LogConfig: Setting CVar [[r.Streaming.LimitPoolSizeToVRAM:0]]
[2020.11.27-17.30.25:880][  0]LogConfig: Setting CVar [[r.Streaming.PoolSize:1000]]
[2020.11.27-17.30.25:880][  0]LogConfig: Setting CVar [[r.Streaming.MaxEffectiveScreenSize:0]]
[2020.11.27-17.30.25:880][  0]LogConfig: Applying CVar settings from Section [EffectsQuality@3] File [C:/Users/1804824/Desktop/UnrealYouTubeRepo/UnrealAnimationPracticeVids/MyProject/Saved/Config/Windows/Scalability.ini]
[2020.11.27-17.30.25:880][  0]LogConfig: Setting CVar [[r.TranslucencyLightingVolumeDim:64]]
[2020.11.27-17.30.25:880][  0]LogConfig: Setting CVar [[r.RefractionQuality:2]]
[2020.11.27-17.30.25:880][  0]LogConfig: Setting CVar [[r.SSR.Quality:3]]
[2020.11.27-17.30.25:880][  0]LogConfig: Setting CVar [[r.SceneColorFormat:4]]
[2020.11.27-17.30.25:880][  0]LogConfig: Setting CVar [[r.DetailMode:2]]
[2020.11.27-17.30.25:880][  0]LogConfig: Setting CVar [[r.TranslucencyVolumeBlur:1]]
[2020.11.27-17.30.25:880][  0]LogConfig: Setting CVar [[r.MaterialQualityLevel:1 ; High quality]]
[2020.11.27-17.30.25:880][  0]LogConfig: Setting CVar [[r.SSS.Scale:1]]
[2020.11.27-17.30.25:880][  0]LogConfig: Setting CVar [[r.SSS.SampleSet:2]]
[2020.11.27-17.30.25:880][  0]LogConfig: Setting CVar [[r.SSS.Quality:1]]
[2020.11.27-17.30.25:880][  0]LogConfig: Setting CVar [[r.SSS.HalfRes:1]]
[2020.11.27-17.30.25:880][  0]LogConfig: Setting CVar [[r.EmitterSpawnRateScale:1.0]]
[2020.11.27-17.30.25:880][  0]LogConfig: Setting CVar [[r.ParticleLightQuality:2]]
[2020.11.27-17.30.25:881][  0]LogConfig: Applying CVar settings from Section [FoliageQuality@3] File [C:/Users/1804824/Desktop/UnrealYouTubeRepo/UnrealAnimationPracticeVids/MyProject/Saved/Config/Windows/Scalability.ini]
[2020.11.27-17.30.25:881][  0]LogConfig: Setting CVar [[foliage.DensityScale:1.0]]
[2020.11.27-17.30.25:881][  0]LogConfig: Setting CVar [[grass.DensityScale:1.0]]
[2020.11.27-17.30.25:881][  0]LogConfig: Applying CVar settings from Section [Startup] File [../../../Engine/Config/ConsoleVariables.ini]
[2020.11.27-17.30.25:881][  0]LogConfig: Setting CVar [[net.UseAdaptiveNetUpdateFrequency:0]]
[2020.11.27-17.30.25:881][  0]LogConfig: Setting CVar [[p.chaos.AllowCreatePhysxBodies:1]]
[2020.11.27-17.30.25:881][  0]LogConfig: Applying CVar settings from Section [ConsoleVariables] File [C:/Users/1804824/Desktop/UnrealYouTubeRepo/UnrealAnimationPracticeVids/MyProject/Saved/Config/Windows/Engine.ini]
[2020.11.27-17.30.25:881][  0]LogInit: Computer: UL04PCJL11D-18
[2020.11.27-17.30.25:881][  0]LogInit: User: 1804824
[2020.11.27-17.30.25:881][  0]LogInit: CPU Page size=4096, Cores=8
[2020.11.27-17.30.25:881][  0]LogInit: High frequency timer resolution =10.000000 MHz
[2020.11.27-17.30.25:881][  0]LogMemory: Memory total: Physical=31.8GB (32GB approx)
[2020.11.27-17.30.25:882][  0]LogMemory: Platform Memory Stats for Windows
[2020.11.27-17.30.25:882][  0]LogMemory: Process Physical Memory: 103.38 MB used, 103.38 MB peak
[2020.11.27-17.30.25:882][  0]LogMemory: Process Virtual Memory: 97.34 MB used, 97.34 MB peak
[2020.11.27-17.30.25:882][  0]LogMemory: Physical Memory: 12335.43 MB used,  20251.15 MB free, 32586.58 MB total
[2020.11.27-17.30.25:882][  0]LogMemory: Virtual Memory: 4682.67 MB used,  134213048.00 MB free, 134217728.00 MB total
[2020.11.27-17.30.26:331][  0]LogInit: Using OS detected language (en-US).
[2020.11.27-17.30.26:331][  0]LogInit: Using OS detected locale (en-GB).
[2020.11.27-17.30.26:333][  0]LogTextLocalizationManager: No specific localization for 'en-US' exists, so the 'en' localization will be used.
[2020.11.27-17.30.26:604][  0]LogInit: Setting process to per monitor DPI aware
[2020.11.27-17.30.26:699][  0]LogSlate: New Slate User Created.  User Index 0, Is Virtual User: 0
[2020.11.27-17.30.26:699][  0]LogSlate: Slate User Registered.  User Index 0, Is Virtual User: 0
[2020.11.27-17.30.27:098][  0]LogHMD: Failed to initialize OpenVR with code 110
[2020.11.27-17.30.27:098][  0]LogD3D11RHI: D3D11 adapters:
[2020.11.27-17.30.27:201][  0]LogD3D11RHI:    0. 'NVIDIA GeForce RTX 2080' (Feature Level 11_0)
[2020.11.27-17.30.27:201][  0]LogD3D11RHI:       8010/0/16293 MB DedicatedVideo/DedicatedSystem/SharedSystem, Outputs:2, VendorId:0x10de
[2020.11.27-17.30.27:244][  0]LogD3D11RHI:    1. 'Intel(R) UHD Graphics 630' (Feature Level 11_0)
[2020.11.27-17.30.27:244][  0]LogD3D11RHI:       128/0/16293 MB DedicatedVideo/DedicatedSystem/SharedSystem, Outputs:0, VendorId:0x8086
[2020.11.27-17.30.27:251][  0]LogD3D11RHI:    2. 'Microsoft Basic Render Driver' (Feature Level 11_0)
[2020.11.27-17.30.27:251][  0]LogD3D11RHI:       0/0/16293 MB DedicatedVideo/DedicatedSystem/SharedSystem, Outputs:0, VendorId:0x1414
[2020.11.27-17.30.27:251][  0]LogD3D11RHI: Chosen D3D11 Adapter: 0
[2020.11.27-17.30.27:262][  0]LogD3D11RHI: Creating new Direct3DDevice
[2020.11.27-17.30.27:262][  0]LogD3D11RHI:     GPU DeviceId: 0x1e87 (for the marketing name, search the web for "GPU Device Id")
[2020.11.27-17.30.27:262][  0]LogWindows: EnumDisplayDevices:
[2020.11.27-17.30.27:263][  0]LogWindows:    0. 'NVIDIA GeForce RTX 2080' (P:1 D:1)
[2020.11.27-17.30.27:263][  0]LogWindows:    1. 'NVIDIA GeForce RTX 2080' (P:0 D:1)
[2020.11.27-17.30.27:263][  0]LogWindows:    2. 'NVIDIA GeForce RTX 2080' (P:0 D:0)
[2020.11.27-17.30.27:264][  0]LogWindows:    3. 'NVIDIA GeForce RTX 2080' (P:0 D:0)
[2020.11.27-17.30.27:264][  0]LogWindows:    4. 'Intel(R) UHD Graphics 630' (P:0 D:0)
[2020.11.27-17.30.27:264][  0]LogWindows:    5. 'Intel(R) UHD Graphics 630' (P:0 D:0)
[2020.11.27-17.30.27:264][  0]LogWindows:    6. 'Intel(R) UHD Graphics 630' (P:0 D:0)
[2020.11.27-17.30.27:265][  0]LogWindows: DebugString: PrimaryIsNotTheChoosenAdapter PrimaryIsNotTheChoosenAdapter PrimaryIsNotTheChoosenAdapter FoundDriverCount:4 
[2020.11.27-17.30.27:265][  0]LogD3D11RHI:     Adapter Name: NVIDIA GeForce RTX 2080
[2020.11.27-17.30.27:265][  0]LogD3D11RHI:   Driver Version: 436.15 (internal:26.21.14.3615, unified:436.15)
[2020.11.27-17.30.27:265][  0]LogD3D11RHI:      Driver Date: 8-24-2019
[2020.11.27-17.30.27:265][  0]LogRHI: Texture pool is 5607 MB (70% of 8010 MB)
[2020.11.27-17.30.27:311][  0]LogD3D11RHI: Async texture creation enabled
[2020.11.27-17.30.27:315][  0]LogRendererCore: FGlobalReadBuffer::InitRHI
[2020.11.27-17.30.27:315][  0]LogRendererCore: FGlobalReadBuffer::InitRHI
[2020.11.27-17.30.27:315][  0]LogRendererCore: FGlobalReadBuffer::InitRHI
[2020.11.27-17.30.27:325][  0]LogD3D11RHI: GPU Timing Frequency: 1000.000000 (Debug: 2 1)
[2020.11.27-17.30.27:674][  0]LogTemp: Display: Module 'AllDesktopTargetPlatform' loaded TargetPlatform 'AllDesktop'
[2020.11.27-17.30.27:726][  0]LogTemp: Display: Module 'MacClientTargetPlatform' loaded TargetPlatform 'MacClient'
[2020.11.27-17.30.27:784][  0]LogTemp: Display: Module 'MacNoEditorTargetPlatform' loaded TargetPlatform 'MacNoEditor'
[2020.11.27-17.30.27:835][  0]LogTemp: Display: Module 'MacServerTargetPlatform' loaded TargetPlatform 'MacServer'
[2020.11.27-17.30.27:887][  0]LogTemp: Display: Module 'MacTargetPlatform' loaded TargetPlatform 'Mac'
[2020.11.27-17.30.27:938][  0]LogTemp: Display: Module 'WindowsClientTargetPlatform' loaded TargetPlatform 'WindowsClient'
[2020.11.27-17.30.28:274][  0]LogTemp: Display: Module 'WindowsNoEditorTargetPlatform' loaded TargetPlatform 'WindowsNoEditor'
[2020.11.27-17.30.28:326][  0]LogTemp: Display: Module 'WindowsServerTargetPlatform' loaded TargetPlatform 'WindowsServer'
[2020.11.27-17.30.28:654][  0]LogTemp: Display: Module 'WindowsTargetPlatform' loaded TargetPlatform 'Windows'
[2020.11.27-17.30.28:757][  0]LogTemp: Display: Module 'AndroidTargetPlatform' loaded TargetPlatform 'Android'
[2020.11.27-17.30.28:757][  0]LogTemp: Display: Module 'AndroidTargetPlatform' loaded TargetPlatform 'Android_ASTC'
[2020.11.27-17.30.28:757][  0]LogTemp: Display: Module 'AndroidTargetPlatform' loaded TargetPlatform 'Android_ATC'
[2020.11.27-17.30.28:757][  0]LogTemp: Display: Module 'AndroidTargetPlatform' loaded TargetPlatform 'Android_DXT'
[2020.11.27-17.30.28:757][  0]LogTemp: Display: Module 'AndroidTargetPlatform' loaded TargetPlatform 'Android_ETC1'
[2020.11.27-17.30.28:757][  0]LogTemp: Display: Module 'AndroidTargetPlatform' loaded TargetPlatform 'Android_ETC1a'
[2020.11.27-17.30.28:757][  0]LogTemp: Display: Module 'AndroidTargetPlatform' loaded TargetPlatform 'Android_ETC2'
[2020.11.27-17.30.28:758][  0]LogTemp: Display: Module 'AndroidTargetPlatform' loaded TargetPlatform 'Android_PVRTC'
[2020.11.27-17.30.28:758][  0]LogTemp: Display: Module 'AndroidTargetPlatform' loaded TargetPlatform 'AndroidClient'
[2020.11.27-17.30.28:758][  0]LogTemp: Display: Module 'AndroidTargetPlatform' loaded TargetPlatform 'Android_ASTCClient'
[2020.11.27-17.30.28:758][  0]LogTemp: Display: Module 'AndroidTargetPlatform' loaded TargetPlatform 'Android_ATCClient'
[2020.11.27-17.30.28:758][  0]LogTemp: Display: Module 'AndroidTargetPlatform' loaded TargetPlatform 'Android_DXTClient'
[2020.11.27-17.30.28:758][  0]LogTemp: Display: Module 'AndroidTargetPlatform' loaded TargetPlatform 'Android_ETC1Client'
[2020.11.27-17.30.28:758][  0]LogTemp: Display: Module 'AndroidTargetPlatform' loaded TargetPlatform 'Android_ETC1aClient'
[2020.11.27-17.30.28:758][  0]LogTemp: Display: Module 'AndroidTargetPlatform' loaded TargetPlatform 'Android_ETC2Client'
[2020.11.27-17.30.28:758][  0]LogTemp: Display: Module 'AndroidTargetPlatform' loaded TargetPlatform 'Android_PVRTCClient'
[2020.11.27-17.30.28:758][  0]LogTemp: Display: Module 'AndroidTargetPlatform' loaded TargetPlatform 'Android_Multi'
[2020.11.27-17.30.28:758][  0]LogTemp: Display: Module 'AndroidTargetPlatform' loaded TargetPlatform 'Android_MultiClient'
[2020.11.27-17.30.29:086][  0]LogTemp: Display: Module 'HTML5TargetPlatform' loaded TargetPlatform 'HTML5'
[2020.11.27-17.30.29:258][  0]LogTemp: Display: Module 'IOSTargetPlatform' loaded TargetPlatform 'IOSClient'
[2020.11.27-17.30.29:258][  0]LogTemp: Display: Module 'IOSTargetPlatform' loaded TargetPlatform 'IOS'
[2020.11.27-17.30.29:314][  0]LogTemp: Display: Module 'TVOSTargetPlatform' loaded TargetPlatform 'TVOSClient'
[2020.11.27-17.30.29:314][  0]LogTemp: Display: Module 'TVOSTargetPlatform' loaded TargetPlatform 'TVOS'
[2020.11.27-17.30.29:364][  0]LogTemp: Display: Module 'LinuxClientTargetPlatform' loaded TargetPlatform 'LinuxClient'
[2020.11.27-17.30.29:413][  0]LogTemp: Display: Module 'LinuxNoEditorTargetPlatform' loaded TargetPlatform 'LinuxNoEditor'
[2020.11.27-17.30.29:463][  0]LogTemp: Display: Module 'LinuxServerTargetPlatform' loaded TargetPlatform 'LinuxServer'
[2020.11.27-17.30.29:533][  0]LogTemp: Display: Module 'LinuxTargetPlatform' loaded TargetPlatform 'Linux'
[2020.11.27-17.30.29:608][  0]LogTemp: Display: Module 'LuminTargetPlatform' loaded TargetPlatform 'Lumin'
[2020.11.27-17.30.29:608][  0]LogTemp: Display: Module 'LuminTargetPlatform' loaded TargetPlatform 'LuminClient'
[2020.11.27-17.30.29:608][  0]LogTargetPlatformManager: Display: Building Assets For Windows
[2020.11.27-17.30.29:717][  0]LogAudioDebug: Display: Lib vorbis DLL was dynamically loaded.
[2020.11.27-17.30.30:764][  0]LogShaderCompilers: Guid format shader working directory is -45 characters bigger than the processId version (../../../../../Users/1804824/Desktop/UnrealYouTubeRepo/UnrealAnimationPracticeVids/MyProject/Intermediate/Shaders/WorkingDirectory/25804/).
[2020.11.27-17.30.30:764][  0]LogShaderCompilers: Cleaned the shader compiler working directory 'C:/Users/1804824/AppData/Local/Temp/UnrealShaderWorkingDir/C2DBE9444C46D03B31E7B4879FD6916F/'.
[2020.11.27-17.30.30:766][  0]LogXGEController: Cleaning working directory: C:/Users/1804824/AppData/Local/Temp/UnrealXGEWorkingDir/
[2020.11.27-17.30.30:766][  0]LogXGEController: Cannot use XGE Controller as Incredibuild is not installed on this machine.
[2020.11.27-17.30.30:766][  0]LogShaderCompilers: Cannot use XGE Shader Compiler as Incredibuild is not installed on this machine.
[2020.11.27-17.30.30:767][  0]LogShaderCompilers: Display: Using Local Shader Compiler.
[2020.11.27-17.30.31:275][  0]LogDerivedDataCache: Display: Max Cache Size: 512 MB
[2020.11.27-17.30.31:340][  0]LogDerivedDataCache: Loaded boot cache 0.06s 80MB C:/Users/1804824/AppData/Local/UnrealEngine/4.22/DerivedDataCache/Boot.ddc.
[2020.11.27-17.30.31:340][  0]LogDerivedDataCache: Display: Loaded Boot cache: C:/Users/1804824/AppData/Local/UnrealEngine/4.22/DerivedDataCache/Boot.ddc
[2020.11.27-17.30.31:341][  0]LogDerivedDataCache: FDerivedDataBackendGraph:  Pak pak cache file ../../../../../Users/1804824/Desktop/UnrealYouTubeRepo/UnrealAnimationPracticeVids/MyProject/DerivedDataCache/DDC.ddp not found, will not use a pak cache.
[2020.11.27-17.30.31:341][  0]LogDerivedDataCache: Unable to find inner node Pak for hierarchical cache Hierarchy.
[2020.11.27-17.30.31:341][  0]LogDerivedDataCache: FDerivedDataBackendGraph:  CompressedPak pak cache file ../../../../../Users/1804824/Desktop/UnrealYouTubeRepo/UnrealAnimationPracticeVids/MyProject/DerivedDataCache/Compressed.ddp not found, will not use a pak cache.
[2020.11.27-17.30.31:341][  0]LogDerivedDataCache: Unable to find inner node CompressedPak for hierarchical cache Hierarchy.
[2020.11.27-17.30.31:354][  0]LogDerivedDataCache: Display: Pak cache opened for reading ../../../Engine/DerivedDataCache/Compressed.ddp.
[2020.11.27-17.30.31:354][  0]LogDerivedDataCache: FDerivedDataBackendGraph:  EnterprisePak pak cache file ../../../Enterprise/DerivedDataCache/Compressed.ddp not found, will not use a pak cache.
[2020.11.27-17.30.31:354][  0]LogDerivedDataCache: Unable to find inner node EnterprisePak for hierarchical cache Hierarchy.
[2020.11.27-17.30.31:367][  0]LogDerivedDataCache: Using Local data cache path C:/Users/1804824/AppData/Local/UnrealEngine/Common/DerivedDataCache: Writable
[2020.11.27-17.30.31:368][  0]LogDerivedDataCache: Shared data cache path not found in *engine.ini, will not use an Shared cache.
[2020.11.27-17.30.31:368][  0]LogDerivedDataCache: Unable to find inner node Shared for hierarchical cache Hierarchy.
[2020.11.27-17.30.31:384][  0]LogMaterial: Verifying Global Shaders for PCD3D_SM5
[2020.11.27-17.30.31:385][  0]LogSlate: Using FreeType 2.6.0
[2020.11.27-17.30.31:388][  0]LogSlate: SlateFontServices - WITH_FREETYPE: 1, WITH_HARFBUZZ: 1
[2020.11.27-17.30.31:565][  0]LogAssetRegistry: FAssetRegistry took 0.0335 seconds to start up
[2020.11.27-17.30.31:809][  0]LogInit: Selected Device Profile: [Windows]
[2020.11.27-17.30.32:640][  0]LogMeshReduction: Using QuadricMeshReduction for automatic static mesh reduction
[2020.11.27-17.30.32:640][  0]LogMeshReduction: Using SimplygonMeshReduction for automatic skeletal mesh reduction
[2020.11.27-17.30.32:640][  0]LogMeshReduction: Using ProxyLODMeshReduction for automatic mesh merging
[2020.11.27-17.30.32:640][  0]LogMeshReduction: No distributed automatic mesh merging module available
[2020.11.27-17.30.32:640][  0]LogMeshMerging: No distributed automatic mesh merging module available
[2020.11.27-17.30.32:654][  0]LogNetVersion: MyProject 1.0.0, NetCL: 5660361, EngineNetVer: 10, GameNetVer: 0 (Checksum: 2788865488)
[2020.11.27-17.30.33:056][  0]LogPackageLocalizationCache: Processed 10 localized package path(s) for 1 prioritized culture(s) in 0.028161 seconds
[2020.11.27-17.30.33:061][  0]LogUObjectArray: 42205 objects as part of root set at end of initial load.
[2020.11.27-17.30.33:061][  0]LogUObjectAllocator: 7325032 out of 0 bytes used by permanent object pool.
[2020.11.27-17.30.33:061][  0]LogUObjectArray: CloseDisregardForGC: 0/0 objects in disregard for GC pool
[2020.11.27-17.30.38:272][  0]LogTcpMessaging: Initializing TcpMessaging bridge
[2020.11.27-17.30.38:615][  0]LogUdpMessaging: Initializing bridge on interface 0.0.0.0:0 to multicast group 230.0.0.1:6666.
[2020.11.27-17.30.40:297][  0]SourceControl: Source control is disabled
[2020.11.27-17.30.40:297][  0]SourceControl: Source control is disabled
[2020.11.27-17.30.40:376][  0]SourceControl: Source control is disabled
[2020.11.27-17.30.40:426][  0]SourceControl: Source control is disabled
[2020.11.27-17.30.43:464][  0]LogAndroidPermission: UAndroidPermissionCallbackProxy::GetInstance
[2020.11.27-17.30.44:526][  0]LogOcInput: OculusInput pre-init called
[2020.11.27-17.30.45:595][  0]LogEngine: Initializing Engine...
[2020.11.27-17.30.45:596][  0]LogHMD: Failed to initialize OpenVR with code 110
[2020.11.27-17.30.45:597][  0]LogStats: UGameplayTagsManager::InitializeManager -  0.000 s
[2020.11.27-17.30.45:780][  0]LogInit: Initializing FReadOnlyCVARCache
[2020.11.27-17.30.45:844][  0]LogAIModule: Creating AISystem for world Untitled
[2020.11.27-17.30.45:893][  0]LogInit: XAudio2 using 'Speakers/Headphones (Realtek(R) Audio)' : 2 channels at 48 kHz using 32 bits per sample (channel mask 0x3)
[2020.11.27-17.30.45:961][  0]LogInit: FAudioDevice initialized.
[2020.11.27-17.30.45:962][  0]LogNetVersion: Set ProjectVersion to 1.0.0.0. Version Checksum will be recalculated on next use.
[2020.11.27-17.30.46:007][  0]LogDerivedDataCache: Saved boot cache 0.05s 80MB C:/Users/1804824/AppData/Local/UnrealEngine/4.22/DerivedDataCache/Boot.ddc.
[2020.11.27-17.30.46:013][  0]LogInit: Texture streaming: Enabled
[2020.11.27-17.30.46:152][  0]LogEngineSessionManager: EngineSessionManager initialized
[2020.11.27-17.30.46:252][  0]LogInit: Transaction tracking system initialized
[2020.11.27-17.30.46:482][  0]BlueprintLog: New page: Editor Load
[2020.11.27-17.30.48:156][  0]LocalizationService: Localization service is disabled
[2020.11.27-17.30.50:557][  0]LogFileCache: Scanning file cache for directory 'C:/Users/1804824/Desktop/UnrealYouTubeRepo/UnrealAnimationPracticeVids/MyProject/Content/' took 0.02s
[2020.11.27-17.30.50:557][  0]LogCook: Display: Max memory allowance for cook 16384mb min free memory 0mb
[2020.11.27-17.30.50:557][  0]LogCook: Display: Mobile HDR setting 1
[2020.11.27-17.30.54:483][  0]SourceControl: Source control is disabled
[2020.11.27-17.30.54:485][  0]LightingResults: New page: Lighting Build
[2020.11.27-17.30.54:487][  0]MapCheck: New page: Map Check
[2020.11.27-17.30.54:487][  0]LightingResults: New page: Lighting Build
[2020.11.27-17.30.54:515][  0]LogUObjectHash: Compacting FUObjectHashTables data took   1.61ms
[2020.11.27-17.30.54:612][  0]LogAIModule: Creating AISystem for world ThirdPersonExampleMap
[2020.11.27-17.30.54:625][  0]LogEditorServer: Finished looking for orphan Actors (0.000 secs)
[2020.11.27-17.30.54:655][  0]LogUObjectHash: Compacting FUObjectHashTables data took   1.40ms
[2020.11.27-17.30.54:655][  0]Cmd: MAP CHECKDEP NOCLEARLOG
[2020.11.27-17.30.54:655][  0]MapCheck: Map check complete: 0 Error(s), 0 Warning(s), took 0.11ms to complete.
[2020.11.27-17.30.54:655][  0]LogFileHelpers: Loading map 'ThirdPersonExampleMap' took 0.172
[2020.11.27-17.30.54:769][  0]LogSlate: Updating window title bar state: overlay mode, drag disabled, window buttons hidden, title bar hidden
[2020.11.27-17.30.54:775][  0]LogSlate: Updating window title bar state: overlay mode, drag disabled, window buttons hidden, title bar hidden
[2020.11.27-17.30.54:781][  0]LogSlate: Updating window title bar state: overlay mode, drag disabled, window buttons hidden, title bar hidden
[2020.11.27-17.30.54:786][  0]LogSlate: Updating window title bar state: overlay mode, drag disabled, window buttons hidden, title bar hidden
[2020.11.27-17.30.55:120][  0]LogCollectionManager: Loaded 0 collections in 0.001218 seconds
[2020.11.27-17.30.55:163][  0]LogFileCache: Scanning file cache for directory 'C:/Users/1804824/Desktop/UnrealYouTubeRepo/UnrealAnimationPracticeVids/MyProject/Saved/Collections/' took 0.01s
[2020.11.27-17.30.55:163][  0]LogFileCache: Scanning file cache for directory 'C:/Users/1804824/Desktop/UnrealYouTubeRepo/UnrealAnimationPracticeVids/MyProject/Content/Developers/1804824/Collections/' took 0.01s
[2020.11.27-17.30.55:164][  0]LogFileCache: Scanning file cache for directory 'C:/Users/1804824/Desktop/UnrealYouTubeRepo/UnrealAnimationPracticeVids/MyProject/Content/Collections/' took 0.01s
[2020.11.27-17.30.55:164][  0]LogCollectionManager: Rebuilt the GUID cache for 0 collections in 0.000000 seconds
[2020.11.27-17.30.55:171][  0]LogContentBrowser: Native class hierarchy populated in 0.0067 seconds. Added 2748 classes and 667 folders.
[2020.11.27-17.30.55:176][  0]LogContentBrowser: Native class hierarchy updated for 'WidgetCarousel' in 0.0003 seconds. Added 0 classes and 0 folders.
[2020.11.27-17.30.55:180][  0]LogPakFile: Registered encryption key '00000000000000000000000000000000': 0 pak files mounted, 0 remain pending
[2020.11.27-17.30.55:184][  0]LogPakFile: Registered encryption key '00000000000000000000000000000000': 0 pak files mounted, 0 remain pending
[2020.11.27-17.30.55:186][  0]LogPakFile: Registered encryption key '00000000000000000000000000000000': 0 pak files mounted, 0 remain pending
[2020.11.27-17.30.55:187][  0]LogPakFile: Registered encryption key '00000000000000000000000000000000': 0 pak files mounted, 0 remain pending
[2020.11.27-17.30.55:189][  0]LogPakFile: Registered encryption key '00000000000000000000000000000000': 0 pak files mounted, 0 remain pending
[2020.11.27-17.30.55:192][  0]LogPakFile: Registered encryption key '00000000000000000000000000000000': 0 pak files mounted, 0 remain pending
[2020.11.27-17.30.55:193][  0]LogPakFile: Registered encryption key '00000000000000000000000000000000': 0 pak files mounted, 0 remain pending
[2020.11.27-17.30.55:195][  0]LogPakFile: Registered encryption key '00000000000000000000000000000000': 0 pak files mounted, 0 remain pending
[2020.11.27-17.30.55:195][  0]LogPakFile: Registered encryption key '00000000000000000000000000000000': 0 pak files mounted, 0 remain pending
[2020.11.27-17.30.55:197][  0]LogPakFile: Registered encryption key '00000000000000000000000000000000': 0 pak files mounted, 0 remain pending
[2020.11.27-17.30.55:199][  0]LogPakFile: Registered encryption key '00000000000000000000000000000000': 0 pak files mounted, 0 remain pending
[2020.11.27-17.30.55:200][  0]LogPakFile: Registered encryption key '00000000000000000000000000000000': 0 pak files mounted, 0 remain pending
[2020.11.27-17.30.55:202][  0]LogPakFile: Registered encryption key '00000000000000000000000000000000': 0 pak files mounted, 0 remain pending
[2020.11.27-17.30.55:203][  0]LogPakFile: Registered encryption key '00000000000000000000000000000000': 0 pak files mounted, 0 remain pending
[2020.11.27-17.30.55:203][  0]LogPakFile: Registered encryption key '00000000000000000000000000000000': 0 pak files mounted, 0 remain pending
[2020.11.27-17.30.55:204][  0]LogPakFile: Registered encryption key '00000000000000000000000000000000': 0 pak files mounted, 0 remain pending
[2020.11.27-17.30.55:205][  0]LogPakFile: Registered encryption key '00000000000000000000000000000000': 0 pak files mounted, 0 remain pending
[2020.11.27-17.30.55:206][  0]LogPakFile: Registered encryption key '00000000000000000000000000000000': 0 pak files mounted, 0 remain pending
[2020.11.27-17.30.55:207][  0]LogPakFile: Registered encryption key '00000000000000000000000000000000': 0 pak files mounted, 0 remain pending
[2020.11.27-17.30.55:208][  0]LogPakFile: Registered encryption key '00000000000000000000000000000000': 0 pak files mounted, 0 remain pending
[2020.11.27-17.30.55:209][  0]LogPakFile: Registered encryption key '00000000000000000000000000000000': 0 pak files mounted, 0 remain pending
[2020.11.27-17.30.55:210][  0]LogPakFile: Registered encryption key '00000000000000000000000000000000': 0 pak files mounted, 0 remain pending
[2020.11.27-17.30.55:211][  0]LogPakFile: Registered encryption key '00000000000000000000000000000000': 0 pak files mounted, 0 remain pending
[2020.11.27-17.30.55:212][  0]LogPakFile: Registered encryption key '00000000000000000000000000000000': 0 pak files mounted, 0 remain pending
[2020.11.27-17.30.55:213][  0]LogPakFile: Registered encryption key '00000000000000000000000000000000': 0 pak files mounted, 0 remain pending
[2020.11.27-17.30.55:214][  0]LogPakFile: Registered encryption key '00000000000000000000000000000000': 0 pak files mounted, 0 remain pending
[2020.11.27-17.30.55:307][  0]LogContentBrowser: Native class hierarchy updated for 'AddContentDialog' in 0.0003 seconds. Added 0 classes and 0 folders.
[2020.11.27-17.30.55:367][  0]LogContentBrowser: Native class hierarchy updated for 'SceneOutliner' in 0.0004 seconds. Added 1 classes and 2 folders.
[2020.11.27-17.30.55:460][  0]LogContentBrowser: Native class hierarchy updated for 'HierarchicalLODOutliner' in 0.0003 seconds. Added 0 classes and 0 folders.
[2020.11.27-17.30.55:460][  0]LogLoad: (Engine Initialization) Total time: 34.99 seconds
[2020.11.27-17.30.55:460][  0]LogLoad: (Engine Initialization) Total Blueprint compile time: 0.00 seconds
[2020.11.27-17.30.55:493][  0]LogAssetRegistry: Asset discovery search completed in 23.9515 seconds
[2020.11.27-17.30.55:495][  0]LogCollectionManager: Rebuilt the object cache for 0 collections in 0.000000 seconds (found 0 objects)
[2020.11.27-17.30.55:495][  0]LogCollectionManager: Fixed up redirectors for 0 collections in 0.000105 seconds (updated 0 objects)
[2020.11.27-17.30.55:496][  0]LogContentStreaming: Texture pool size now 1000 MB
[2020.11.27-17.30.55:503][  0]LogSlate: Took 0.000728 seconds to synchronously load lazily loaded font '../../../Engine/Content/Slate/Fonts/Roboto-Regular.ttf' (155K)
[2020.11.27-17.30.55:506][  0]LogSlate: Took 0.000666 seconds to synchronously load lazily loaded font '../../../Engine/Content/Slate/Fonts/Roboto-Bold.ttf' (160K)
[2020.11.27-17.30.55:508][  0]LogSlate: Took 0.000657 seconds to synchronously load lazily loaded font '../../../Engine/Content/Editor/Slate/Fonts/FontAwesome.ttf' (139K)
[2020.11.27-17.30.55:822][  2]LogRenderer: Reallocating scene render targets to support 628x176 Format 10 NumSamples 1 (Frame:1).
[2020.11.27-17.51.34:033][900]LogSlate: FSceneViewport::OnFocusLost() reason 0
[2020.11.27-17.51.34:141][908]LogRenderer: Reallocating scene render targets to support 2040x808 Format 10 NumSamples 1 (Frame:214).
[2020.11.27-17.51.58:912][ 47]LogSlate: Took 0.000726 seconds to synchronously load lazily loaded font '../../../Engine/Content/Slate/Fonts/Roboto-Light.ttf' (167K)
[2020.11.27-17.52.07:840][ 47]LogSlate: Window 'Pick Parent Class' being destroyed
[2020.11.27-17.52.15:661][961]LogSavePackage: Moving '../../../../../Users/1804824/Desktop/UnrealYouTubeRepo/UnrealAnimationPracticeVids/MyProject/Saved/BP_InGameHUD7935BAE94FCCF04C99CC388EB80D6D71.tmp' to '../../../../../Users/1804824/Desktop/UnrealYouTubeRepo/UnrealAnimationPracticeVids/MyProject/Content/Anim/Ui/BP_InGameHUD.uasset'
[2020.11.27-17.52.16:450][ 54]LogAssetEditorManager: Opening Asset editor for Blueprint /Game/Anim/Ui/BP_InGameHUD.BP_InGameHUD
[2020.11.27-17.52.16:634][ 54]LogContentBrowser: Native class hierarchy updated for 'BlueprintGraph' in 0.0006 seconds. Added 121 classes and 0 folders.
[2020.11.27-17.52.17:301][ 54]LogRenderer: Reallocating scene render targets to support 2040x1000 Format 10 NumSamples 1 (Frame:1).
[2020.11.27-17.52.27:711][254]LogSlate: FSceneViewport::OnFocusLost() reason 0
[2020.11.27-17.52.27:793][264]LogSlate: Window 'BP_InGameHUD' being destroyed
[2020.11.27-17.52.38:994][548]LogSlate: Window 'Pick Parent Class' being destroyed
[2020.11.27-17.52.45:298][282]LogSavePackage: Moving '../../../../../Users/1804824/Desktop/UnrealYouTubeRepo/UnrealAnimationPracticeVids/MyProject/Saved/BP_ComboWidget8A459ABD4847243CFD8CD5B573158976.tmp' to '../../../../../Users/1804824/Desktop/UnrealYouTubeRepo/UnrealAnimationPracticeVids/MyProject/Content/Anim/Ui/BP_ComboWidget.uasset'
[2020.11.27-17.52.47:343][526]LogAssetEditorManager: Opening Asset editor for WidgetBlueprint /Game/Anim/Ui/BP_ComboWidget.BP_ComboWidget
[2020.11.27-17.52.47:614][526]LogBlueprintActionDatabase: Requesting refresh due to module change: SequencerWidgets (loaded)
[2020.11.27-17.52.47:889][526]LogSlate: Took 0.000780 seconds to synchronously load lazily loaded font '../../../Engine/Content/Slate/Fonts/Roboto-BoldCondensed.ttf' (158K)
[2020.11.27-17.52.49:184][680]LogSlate: Window 'BP_ComboWidget' being destroyed
[2020.11.27-17.53.02:028][210]LogSlate: Prevented a slow task dialog from being summoned while a context menu was open
[2020.11.27-17.54.00:216][478]LogSlate: Window 'Pick Parent Class' being destroyed
[2020.11.27-17.54.06:929][258]LogAssetEditorManager: Opening Asset editor for Blueprint /Game/Anim/Ui/BP_GameMode.BP_GameMode
[2020.11.27-17.54.08:947][457]LogSlate: Prevented a slow task dialog from being summoned while a context menu was open
[2020.11.27-17.54.13:684][ 19]BlueprintLog: New page: Compile BP_GameMode
[2020.11.27-17.54.13:869][ 19]LogUObjectHash: Compacting FUObjectHashTables data took   4.59ms
[2020.11.27-17.54.13:877][ 19]LogSlate: FSceneViewport::OnFocusLost() reason 2
[2020.11.27-17.54.13:881][ 19]Cmd: OBJ SAVEPACKAGE PACKAGE="/Game/Anim/Ui/BP_GameMode" FILE="../../../../../Users/1804824/Desktop/UnrealYouTubeRepo/UnrealAnimationPracticeVids/MyProject/Content/Anim/Ui/BP_GameMode.uasset" SILENT=true
[2020.11.27-17.54.13:887][ 19]LogSavePackage: Moving '../../../../../Users/1804824/Desktop/UnrealYouTubeRepo/UnrealAnimationPracticeVids/MyProject/Saved/BP_GameMode7D94A0A5487B9187A22BE88FC08A853B.tmp' to '../../../../../Users/1804824/Desktop/UnrealYouTubeRepo/UnrealAnimationPracticeVids/MyProject/Content/Anim/Ui/BP_GameMode.uasset'
[2020.11.27-17.54.25:444][915]LogSlate: Prevented a slow task dialog from being summoned while a context menu was open
[2020.11.27-17.54.30:409][499]LogUObjectHash: Compacting FUObjectHashTables data took   2.81ms
[2020.11.27-17.54.30:557][499]LogSavePackage: Moving '../../../../../Users/1804824/Desktop/UnrealYouTubeRepo/UnrealAnimationPracticeVids/MyProject/Saved/ThirdPersonExampleMap8F2E00654E2966C03799AAB90C1487D1.tmp' to '../../../../../Users/1804824/Desktop/UnrealYouTubeRepo/UnrealAnimationPracticeVids/MyProject/Content/ThirdPersonCPP/Maps/ThirdPersonExampleMap.umap'
[2020.11.27-17.54.30:676][499]LogSavePackage: Moving '../../../../../Users/1804824/Desktop/UnrealYouTubeRepo/UnrealAnimationPracticeVids/MyProject/Saved/ThirdPersonExampleMap_BuiltDataCD3A97CE40E867198FD1AE99E894F5D3.tmp' to '../../../../../Users/1804824/Desktop/UnrealYouTubeRepo/UnrealAnimationPracticeVids/MyProject/Content/ThirdPersonCPP/Maps/ThirdPersonExampleMap_BuiltData.uasset'
[2020.11.27-17.54.35:233][ 41]Candidate modules for hot reload:
[2020.11.27-17.54.35:233][ 41]  MyProject
[2020.11.27-17.54.35:233][ 41]Launching UnrealBuildTool... [C:/UE_4.22/UE_4.22/Engine/Binaries/DotNET/UnrealBuildTool.exe  -ModuleWithSuffix=MyProject,9218 Win64 Development -TargetType=Editor -Project="C:/Users/1804824/Desktop/UnrealYouTubeRepo/UnrealAnimationPracticeVids/MyProject/MyProject.uproject" "C:/Users/1804824/Desktop/UnrealYouTubeRepo/UnrealAnimationPracticeVids/MyProject/MyProject.uproject"  -IgnoreJunk]
[2020.11.27-17.54.35:235][ 41]Warning: Starting HotReload took  0.0s.
[2020.11.27-17.54.36:553][199]MapCheck: New page: Map Check
[2020.11.27-17.54.36:567][199]Cmd: MAP REBUILD ALLVISIBLE
[2020.11.27-17.54.36:568][199]LogEditorServer: Rebuildmap Clear paths rebuilt
[2020.11.27-17.54.36:667][199]LogBlueprintActionDatabase: Requesting refresh due to module change: HierarchicalLODUtilities (loaded)
[2020.11.27-17.54.36:697][199]LogUObjectHash: Compacting FUObjectHashTables data took   1.93ms
[2020.11.27-17.54.36:723][199]LogMaterial: Display: Missing cached shader map for material DebugViewMode MaterialTexCoordScale, compiling. 
[2020.11.27-17.54.36:730][199]LogMaterial: Display: Missing cached shader map for material DebugViewMode MaterialTexCoordScale, compiling. 
[2020.11.27-17.54.36:736][199]LogMaterial: Display: Missing cached shader map for material DebugViewMode MaterialTexCoordScale, compiling. 
[2020.11.27-17.54.36:742][199]LogMaterial: Display: Missing cached shader map for material DebugViewMode MaterialTexCoordScale, compiling. 
[2020.11.27-17.54.36:747][199]LogMaterial: Display: Missing cached shader map for material DebugViewMode MaterialTexCoordScale, compiling. 
[2020.11.27-17.54.36:753][199]LogMaterial: Display: Missing cached shader map for material DebugViewMode MaterialTexCoordScale, compiling. 
[2020.11.27-17.54.36:760][199]LogMaterial: Display: Missing cached shader map for material DebugViewMode MaterialTexCoordScale, compiling. 
[2020.11.27-17.54.36:766][199]LogMaterial: Display: Missing cached shader map for material DebugViewMode MaterialTexCoordScale, compiling. 
[2020.11.27-17.54.38:046][199]LogShaderCompilers: Display: Shaders left to compile 10
[2020.11.27-17.54.38:046][199]TextureStreamingBuild: Display: Compiling optional shaders took 1.328 seconds.
[2020.11.27-17.54.38:057][199]LogLevel: Display: Export Material TexCoord Scales took 0.011 seconds.
[2020.11.27-17.54.38:077][199]TextureStreamingBuild: Display: Build Texture Streaming took 0.019 seconds.
[2020.11.27-17.54.38:104][199]LogUObjectHash: Compacting FUObjectHashTables data took   0.75ms
[2020.11.27-17.54.38:105][199]LightingResults: New page: Lighting Build - 27 Nov 2020 17:54:38
[2020.11.27-17.54.38:187][199]LogSwarmInterface: [OpenConnection] Registering TCP channel ...
[2020.11.27-17.54.38:337][199]LogSwarmInterface: [OpenConnection] Connecting to agent ...
[2020.11.27-17.54.38:352][199]LogSwarmInterface: [TryOpenConnection] Testing the Agent
[2020.11.27-17.54.38:862][199]LogSwarmInterface: [TryOpenConnection] Opening Connection to Agent
[2020.11.27-17.54.38:862][199]LogSwarmInterface: [TryOpenConnection] Local Process ID is 25804
[2020.11.27-17.54.46:048][199]LogStaticLightingSystem: Running Lightmass w/ ImmediateImport mode ENABLED
[2020.11.27-17.54.46:048][199]LogStaticLightingSystem: Running Lightmass w/ ImmediateProcess mode ENABLED
[2020.11.27-17.54.46:048][199]LogStaticLightingSystem: Running Lightmass w/ Sorting mode ENABLED
[2020.11.27-17.54.46:048][199]LogStaticLightingSystem: Running Lightmass w/ Mapping paddings ENABLED
[2020.11.27-17.54.46:049][199]LogStaticLightingSystem: Running Lightmass w/ Mapping debug paddings DISABLED
[2020.11.27-17.54.46:196][199]Cmd: MAP CHECK DONTDISPLAYDIALOG
[2020.11.27-17.54.46:196][199]MapCheck: New page: ThirdPersonExampleMap - 27 Nov 2020 17:54:46
[2020.11.27-17.54.46:197][199]MapCheck: Map check complete: 0 Error(s), 0 Warning(s), took 1.373ms to complete.
[2020.11.27-17.54.46:223][199]LogEditorBuildUtils: Build time 0:09
[2020.11.27-17.54.46:481][200]CompilerResultsLog: New page: Compilation - 27 Nov 2020 17:54:46
[2020.11.27-17.54.46:481][200]CompilerResultsLog: Using 'git status' to determine working set for adaptive non-unity build (C:\Users\1804824\Desktop\UnrealYouTubeRepo\UnrealAnimationPracticeVids).
[2020.11.27-17.54.46:481][200]CompilerResultsLog: Creating makefile for MyProjectEditor (ini files are newer than makefile)
[2020.11.27-17.54.46:481][200]CompilerResultsLog: Parsing headers for MyProjectEditor
[2020.11.27-17.54.46:482][200]CompilerResultsLog:   Running UnrealHeaderTool "C:\Users\1804824\Desktop\UnrealYouTubeRepo\UnrealAnimationPracticeVids\MyProject\MyProject.uproject" "C:\Users\1804824\Desktop\UnrealYouTubeRepo\UnrealAnimationPracticeVids\MyProject\Intermediate\Build\Win64\MyProjectEditor\Development\MyProjectEditor.uhtmanifest" -LogCmds="loginit warning, logexit warning, logdatabase error" -Unattended -WarningsAsErrors -installed
[2020.11.27-17.54.46:482][200]CompilerResultsLog: Reflection code generated for MyProjectEditor in 5.4509177 seconds
[2020.11.27-17.54.46:482][200]CompilerResultsLog: Failed to delete file 'C:\Users\1804824\Desktop\UnrealYouTubeRepo\UnrealAnimationPracticeVids\MyProject\Binaries\Win64\UE4Editor-MyProject.pdb'
[2020.11.27-17.54.46:482][200]CompilerResultsLog:     Exception: Access to the path 'C:\Users\1804824\Desktop\UnrealYouTubeRepo\UnrealAnimationPracticeVids\MyProject\Binaries\Win64\UE4Editor-MyProject.pdb' is denied.
[2020.11.27-17.54.46:482][200]CompilerResultsLog: Attempting to retry...
[2020.11.27-17.54.46:482][200]CompilerResultsLog: Failed to delete file 'C:\Users\1804824\Desktop\UnrealYouTubeRepo\UnrealAnimationPracticeVids\MyProject\Binaries\Win64\UE4Editor-MyProject.pdb'
[2020.11.27-17.54.46:482][200]CompilerResultsLog:     Exception: Access to the path 'C:\Users\1804824\Desktop\UnrealYouTubeRepo\UnrealAnimationPracticeVids\MyProject\Binaries\Win64\UE4Editor-MyProject.pdb' is denied.
[2020.11.27-17.54.46:482][200]CompilerResultsLog: Attempting to retry...
[2020.11.27-17.54.46:482][200]CompilerResultsLog: Failed to delete file 'C:\Users\1804824\Desktop\UnrealYouTubeRepo\UnrealAnimationPracticeVids\MyProject\Binaries\Win64\UE4Editor-MyProject.pdb'
[2020.11.27-17.54.46:482][200]CompilerResultsLog:     Exception: Access to the path 'C:\Users\1804824\Desktop\UnrealYouTubeRepo\UnrealAnimationPracticeVids\MyProject\Binaries\Win64\UE4Editor-MyProject.pdb' is denied.
[2020.11.27-17.54.46:483][200]CompilerResultsLog: ERROR: Exhausted all retries!
[2020.11.27-17.54.46:483][200]CompilerResultsLog: Using Visual Studio 2019 14.23.28105 toolchain (C:\Program Files (x86)\Microsoft Visual Studio\2019\Community\VC\Tools\MSVC\14.23.28105) and Windows 10.0.18362.0 SDK (C:\Program Files (x86)\Windows Kits\10).
[2020.11.27-17.54.46:483][200]CompilerResultsLog: Building 3 actions with 16 processes...
[2020.11.27-17.54.46:483][200]CompilerResultsLog:   [1/3] UE4Editor-MyProject-9218.lib
[2020.11.27-17.54.46:483][200]CompilerResultsLog:      Creating library C:\Users\1804824\Desktop\UnrealYouTubeRepo\UnrealAnimationPracticeVids\MyProject\Intermediate\Build\Win64\UE4Editor\Development\MyProject\UE4Editor-MyProject-9218.lib and object C:\Users\1804824\Desktop\UnrealYouTubeRepo\UnrealAnimationPracticeVids\MyProject\Intermediate\Build\Win64\UE4Editor\Development\MyProject\UE4Editor-MyProject-9218.exp
[2020.11.27-17.54.46:483][200]CompilerResultsLog:   [2/3] UE4Editor-MyProject-9218.dll
[2020.11.27-17.54.46:483][200]CompilerResultsLog:      Creating library C:\Users\1804824\Desktop\UnrealYouTubeRepo\UnrealAnimationPracticeVids\MyProject\Intermediate\Build\Win64\UE4Editor\Development\MyProject\UE4Editor-MyProject-9218.suppressed.lib and object C:\Users\1804824\Desktop\UnrealYouTubeRepo\UnrealAnimationPracticeVids\MyProject\Intermediate\Build\Win64\UE4Editor\Development\MyProject\UE4Editor-MyProject-9218.suppressed.exp
[2020.11.27-17.54.46:483][200]CompilerResultsLog:   [3/3] MyProjectEditor.target
[2020.11.27-17.54.46:483][200]CompilerResultsLog: Total time in Parallel executor: 0.75 seconds
[2020.11.27-17.54.46:483][200]CompilerResultsLog: Total execution time: 9.92 seconds
[2020.11.27-17.54.46:483][200]LogMainFrame: MainFrame: Module compiling took 11.253 seconds
[2020.11.27-17.54.46:527][200]LogUObjectHash: Compacting FUObjectHashTables data took   3.71ms
[2020.11.27-17.54.46:527][200]LogBlueprintActionDatabase: Requesting refresh due to module change: MyProject (unloaded)
[2020.11.27-17.54.46:552][200]LogClass: EAttackType HotReload.
[2020.11.27-17.54.46:552][200]LogClass: ELogOutput HotReload.
[2020.11.27-17.54.46:553][200]LogClass: ELogLevel HotReload.
[2020.11.27-17.54.46:553][200]LogClass: MeleeCollisionProfile HotReload.
[2020.11.27-17.54.46:553][200]LogClass: PlayerAttackMontage HotReload.
[2020.11.27-17.54.46:557][200]LogBlueprintActionDatabase: Requesting refresh due to module change: MyProject (loaded)
[2020.11.27-17.54.46:558][200]LogContentBrowser: Native class hierarchy updated for 'MyProject' in 0.0004 seconds. Added 7 classes and 3 folders.
[2020.11.27-17.54.46:562][200]Display: HotReload successful (14 functions remapped  2 scriptstructs remapped)
[2020.11.27-17.54.46:787][200]LogUObjectHash: Compacting FUObjectHashTables data took   1.76ms
[2020.11.27-17.54.46:787][200]LogBlueprintActionDatabase: Requesting refresh due to hot reload
[2020.11.27-17.54.46:799][200]LogContentBrowser: Native class hierarchy populated in 0.0064 seconds. Added 2749 classes and 669 folders.
[2020.11.27-17.54.46:799][200]Display: HotReload took 11.6s.
[2020.11.27-17.54.47:085][201]LogUObjectHash: Compacting FUObjectHashTables data took   3.54ms
[2020.11.27-17.54.50:724][308]Job is a success!
[2020.11.27-17.54.51:099][309]LogVolumetricLightmapImport: Imported Volumetric Lightmap in 0.015s
[2020.11.27-17.54.51:099][309]LogVolumetricLightmapImport:      Indirection Texture 16x16x16 = 0.0Mb
[2020.11.27-17.54.51:099][309]LogVolumetricLightmapImport:      BrickData 240x5x5 = 0.2Mb (trimmed 0.0Mb due to 0.010000 MinBrickError)
[2020.11.27-17.54.51:099][309]LogVolumetricLightmapImport:      Bricks at Level
[2020.11.27-17.54.51:099][309]LogVolumetricLightmapImport:          0: 2.1% covering 100.0% of volume
[2020.11.27-17.54.51:100][309]LogVolumetricLightmapImport:          1: 8.3% covering 6.3% of volume
[2020.11.27-17.54.51:100][309]LogVolumetricLightmapImport:          2: 89.6% covering 1.0% of volume
[2020.11.27-17.54.51:338][309]LogTexture: Display: Building textures: SkyOcclusion0_1 (AutoDXT, 1024X512)
[2020.11.27-17.54.51:338][309]LogTexture: Display: Building textures: HQ_Lightmap0_1 (AutoDXT, 1024X1024)
[2020.11.27-17.54.51:338][309]LogTexture: Display: Building textures: LQ_Lightmap_0_1 (DXT1, 1024X1024)
[2020.11.27-17.54.51:338][309]LogTexture: Display: Building textures: SkyOcclusion0_2 (AutoDXT, 512X256)
[2020.11.27-17.54.51:338][309]LogTexture: Display: Building textures: HQ_Lightmap0_2 (AutoDXT, 512X512)
[2020.11.27-17.54.51:339][309]LogTexture: Display: Building textures: LQ_Lightmap_0_2 (DXT1, 512X512)
[2020.11.27-17.54.51:339][309]LogTexture: Display: Building textures: SkyOcclusion0_3 (AutoDXT, 64X32)
[2020.11.27-17.54.51:339][309]LogTexture: Display: Building textures: HQ_Lightmap0_3 (AutoDXT, 64X64)
[2020.11.27-17.54.51:339][309]LogTexture: Display: Building textures: LQ_Lightmap_0_3 (DXT1, 64X64)
[2020.11.27-17.54.51:492][309]LogTexture: Display: Building textures: ShadowMapTexture2D_1 (G8, 32X32)
[2020.11.27-17.54.51:492][309]LogTexture: Display: Building textures: ShadowMapTexture2D_0 (G8, 1024X1024)
[2020.11.27-17.54.51:509][309]Lightmass on UL04PCJL11D-18: 3.41 sec total, 110 ms importing, 2 ms setup, 1.23 sec photons, 1.92 sec processing, 0 ms extra exporting [11/11 mappings]. Threads: 27.8 sec total, 2.80 sec processing.
[2020.11.27-17.54.51:510][309]LogStaticLightingSystem: ThirdPersonExampleMap_BuiltData storing lightmap data for 11 meshes in 3 LightmapResourceClusters (3.7 Meshes per cluster).
[2020.11.27-17.54.51:543][309]LogUObjectHash: Compacting FUObjectHashTables data took   2.37ms
[2020.11.27-17.54.51:547][309]LogStaticLightingSystem: Illumination: 13.1 sec (205 ms encoding lightmaps, 149 ms encoding shadowmaps)
[2020.11.27-17.54.51:547][309]LogStaticLightingSystem: Lightmap texture memory:  3.3 MB (3.3 MB streaming, 0.0 MB non-streaming), 6 textures
[2020.11.27-17.54.51:547][309]LogStaticLightingSystem: Shadowmap texture memory: 1.3 MB (1.3 MB streaming, 0.0 MB non-streaming), 2 textures
[2020.11.27-17.54.52:097][309]DumpUnbuiltLightIteractions
[2020.11.27-17.54.52:097][309]Lights with unbuilt interactions: 0
[2020.11.27-17.54.52:097][309]
[2020.11.27-17.54.52:098][309]Primitives with unbuilt interactions: 0
[2020.11.27-17.54.52:135][310]Cmd: MAP CHECK NOTIFYRESULTS
[2020.11.27-17.54.52:137][310]MapCheck: New page: ThirdPersonExampleMap - 27 Nov 2020 17:54:52
[2020.11.27-17.54.52:137][310]MapCheck: Map check complete: 0 Error(s), 0 Warning(s), took 0.427ms to complete.
[2020.11.27-17.54.54:498][317]LogAssetEditorManager: Opening Asset editor for WidgetBlueprint /Game/Anim/Ui/BP_ComboWidget.BP_ComboWidget
[2020.11.27-17.55.08:359][912]BlueprintLog: New page: Compile BP_ComboWidget
[2020.11.27-17.55.08:395][912]LogUObjectHash: Compacting FUObjectHashTables data took   2.01ms
