Log file open, 11/22/20 16:50:13
LogWindows: Failed to load 'aqProf.dll' (GetLastError=126)
LogWindows: File 'aqProf.dll' does not exist
LogWindows: Failed to load 'VtuneApi.dll' (GetLastError=126)
LogWindows: File 'VtuneApi.dll' does not exist
LogWindows: Failed to load 'VtuneApi32e.dll' (GetLastError=126)
LogWindows: File 'VtuneApi32e.dll' does not exist
LogConsoleResponse: Display: Failed to find resolution value strings in scalability ini. Falling back to default.
LogInit: Display: Running engine for game: MyProject
LogPakFile: Registered encryption key '00000000000000000000000000000000': 0 pak files mounted, 0 remain pending
LogPlatformFile: Not using cached read wrapper
LogTaskGraph: Started task graph with 5 named threads and 35 total threads with 3 sets of task threads.
LogStats: Stats thread started at 1.262747
LogD3D11RHI: Loaded GFSDK_Aftermath_Lib.x64.dll
LogICUInternationalization: ICU TimeZone Detection - Raw Offset: +0:00, Platform Override: ''
LogPluginManager: Mounting plugin Paper2D
LogPluginManager: Mounting plugin AISupport
LogPluginManager: Mounting plugin LightPropagationVolume
LogPluginManager: Mounting plugin ActorLayerUtilities
LogPluginManager: Mounting plugin AnimationSharing
LogPluginManager: Mounting plugin CLionSourceCodeAccess
LogPluginManager: Mounting plugin CodeLiteSourceCodeAccess
LogPluginManager: Mounting plugin GitSourceControl
LogPluginManager: Mounting plugin KDevelopSourceCodeAccess
LogPluginManager: Mounting plugin NullSourceCodeAccess
LogPluginManager: Mounting plugin PerforceSourceControl
LogPluginManager: Mounting plugin SubversionSourceControl
LogPluginManager: Mounting plugin UObjectPlugin
LogPluginManager: Mounting plugin VisualStudioCodeSourceCodeAccess
LogPluginManager: Mounting plugin VisualStudioSourceCodeAccess
LogPluginManager: Mounting plugin XCodeSourceCodeAccess
LogPluginManager: Mounting plugin AssetManagerEditor
LogPluginManager: Mounting plugin CryptoKeys
LogPluginManager: Mounting plugin DataValidation
LogPluginManager: Mounting plugin FacialAnimation
LogPluginManager: Mounting plugin GameplayTagsEditor
LogPluginManager: Mounting plugin MacGraphicsSwitching
LogPluginManager: Mounting plugin MaterialAnalyzer
LogPluginManager: Mounting plugin MobileLauncherProfileWizard
LogPluginManager: Mounting plugin PluginBrowser
LogPluginManager: Mounting plugin SpeedTreeImporter
LogPluginManager: Mounting plugin DatasmithContent
LogPluginManager: Mounting plugin VariantManagerContent
LogPluginManager: Mounting plugin AlembicImporter
LogPluginManager: Mounting plugin AppleImageUtils
LogPluginManager: Mounting plugin AppleVision
LogPluginManager: Mounting plugin BackChannel
LogPluginManager: Mounting plugin CharacterAI
LogPluginManager: Mounting plugin GeometryCache
LogPluginManager: Mounting plugin HTML5Networking
LogPluginManager: Mounting plugin ProxyLODPlugin
LogPluginManager: Mounting plugin SkeletalReduction
LogPluginManager: Mounting plugin MagicLeap
LogPluginManager: Mounting plugin MagicLeapMedia
LogPluginManager: Mounting plugin AndroidMedia
LogPluginManager: Mounting plugin AvfMedia
LogPluginManager: Mounting plugin ImgMedia
LogPluginManager: Mounting plugin LinearTimecode
LogPluginManager: Mounting plugin MediaCompositing
LogPluginManager: Mounting plugin MediaPlayerEditor
LogPluginManager: Mounting plugin WebMMedia
LogPluginManager: Mounting plugin WmfMedia
LogPluginManager: Mounting plugin TcpMessaging
LogPluginManager: Mounting plugin UdpMessaging
LogPluginManager: Mounting plugin ActorSequence
LogPluginManager: Mounting plugin LevelSequenceEditor
LogPluginManager: Mounting plugin MatineeToLevelSequence
LogPluginManager: Mounting plugin NetcodeUnitTest
LogPluginManager: Mounting plugin NUTUnrealEngine4
LogPluginManager: Mounting plugin OnlineSubsystemGooglePlay
LogPluginManager: Mounting plugin OnlineSubsystemIOS
LogPluginManager: Mounting plugin OnlineSubsystem
LogPluginManager: Mounting plugin OnlineSubsystemNull
LogPluginManager: Mounting plugin OnlineSubsystemUtils
LogPluginManager: Mounting plugin LauncherChunkInstaller
LogPluginManager: Mounting plugin AndroidDeviceProfileSelector
LogPluginManager: Mounting plugin AndroidMoviePlayer
LogPluginManager: Mounting plugin AndroidPermission
LogPluginManager: Mounting plugin AppleMoviePlayer
LogPluginManager: Mounting plugin ArchVisCharacter
LogPluginManager: Mounting plugin AudioCapture
LogPluginManager: Mounting plugin CableComponent
LogPluginManager: Mounting plugin CustomMeshComponent
LogPluginManager: Mounting plugin EditableMesh
LogPluginManager: Mounting plugin ExampleDeviceProfileSelector
LogPluginManager: Mounting plugin Firebase
LogPluginManager: Mounting plugin GoogleCloudMessaging
LogPluginManager: Mounting plugin IOSDeviceProfileSelector
LogPluginManager: Mounting plugin LinuxDeviceProfileSelector
LogPluginManager: Mounting plugin LocationServicesBPLibrary
LogPluginManager: Mounting plugin MobilePatchingUtils
LogPluginManager: Mounting plugin OculusVR
LogPluginManager: Mounting plugin PhysXVehicles
LogPluginManager: Mounting plugin ProceduralMeshComponent
LogPluginManager: Mounting plugin RuntimePhysXCooking
LogPluginManager: Mounting plugin SignificanceManager
LogPluginManager: Mounting plugin SteamVR
LogPluginManager: Mounting plugin WebMMoviePlayer
LogPluginManager: Mounting plugin WindowsMoviePlayer
LogInit: Using libcurl 7.55.1-DEV
LogInit:  - built for x86_64-pc-win32
LogInit:  - supports SSL with OpenSSL/1.1.1
LogInit:  - supports HTTP deflate (compression) using libz 1.2.8
LogInit:  - other features:
LogInit:      CURL_VERSION_SSL
LogInit:      CURL_VERSION_LIBZ
LogInit:      CURL_VERSION_IPV6
LogInit:      CURL_VERSION_ASYNCHDNS
LogInit:      CURL_VERSION_LARGEFILE
LogInit:      CURL_VERSION_IDN
LogInit:  CurlRequestOptions (configurable via config and command line):
LogInit:  - bVerifyPeer = true  - Libcurl will verify peer certificate
LogInit:  - bUseHttpProxy = false  - Libcurl will NOT use HTTP proxy
LogInit:  - bDontReuseConnections = false  - Libcurl will reuse connections
LogInit:  - MaxHostConnections = 16  - Libcurl will limit the number of connections to a host
LogInit:  - LocalHostAddr = Default
LogInit:  - BufferSize = 65536
LogInit: WinSock: version 1.1 (2.2), MaxSocks=32767, MaxUdp=65467
LogInit: Build: ++UE4+Release-4.22-CL-7053642
LogInit: Engine Version: 4.22.3-7053642+++UE4+Release-4.22
LogInit: Compatible Engine Version: 4.22.0-5660361+++UE4+Release-4.22
LogInit: Net CL: 5660361
LogInit: OS: Windows 10 (Release 2004) (), CPU: Intel(R) Core(TM) i7-8750H CPU @ 2.20GHz, GPU: Intel(R) UHD Graphics 630
LogInit: Compiled (64-bit): Jun 18 2019 03:09:11
LogInit: Compiled with Visual C++: 19.16.27025.01
LogInit: Build Configuration: Development
LogInit: Branch Name: ++UE4+Release-4.22
LogInit: Command Line:  -skipcompile
LogInit: Base Directory: C:/Program Files/Epic Games/UE_4.22/Engine/Binaries/Win64/
LogInit: Installed Engine Build: 1
LogDevObjectVersion: Number of dev versions registered: 23
LogDevObjectVersion:   Dev-Blueprints (B0D832E4-1F89-4F0D-ACCF-7EB736FD4AA2): 10
LogDevObjectVersion:   Dev-Build (E1C64328-A22C-4D53-A36C-8E866417BD8C): 0
LogDevObjectVersion:   Dev-Core (375EC13C-06E4-48FB-B500-84F0262A717E): 3
LogDevObjectVersion:   Dev-Editor (E4B068ED-F494-42E9-A231-DA0B2E46BB41): 30
LogDevObjectVersion:   Dev-Framework (CFFC743F-43B0-4480-9391-14DF171D2073): 35
LogDevObjectVersion:   Dev-Mobile (B02B49B5-BB20-44E9-A304-32B752E40360): 2
LogDevObjectVersion:   Dev-Networking (A4E4105C-59A1-49B5-A7C5-40C4547EDFEE): 0
LogDevObjectVersion:   Dev-Online (39C831C9-5AE6-47DC-9A44-9C173E1C8E7C): 0
LogDevObjectVersion:   Dev-Physics (78F01B33-EBEA-4F98-B9B4-84EACCB95AA2): 0
LogDevObjectVersion:   Dev-Platform (6631380F-2D4D-43E0-8009-CF276956A95A): 0
LogDevObjectVersion:   Dev-Rendering (12F88B9F-8875-4AFC-A67C-D90C383ABD29): 28
LogDevObjectVersion:   Dev-Sequencer (7B5AE74C-D270-4C10-A958-57980B212A5A): 11
LogDevObjectVersion:   Dev-VR (D7296918-1DD6-4BDD-9DE2-64A83CC13884): 2
LogDevObjectVersion:   Dev-LoadTimes (C2A15278-BFE7-4AFE-6C17-90FF531DF755): 1
LogDevObjectVersion:   Private-Geometry (6EACA3D4-40EC-4CC1-B786-8BED09428FC5): 3
LogDevObjectVersion:   Dev-AnimPhys (29E575DD-E0A3-4627-9D10-D276232CDCEA): 17
LogDevObjectVersion:   Dev-Anim (AF43A65D-7FD3-4947-9873-3E8ED9C1BB05): 2
LogDevObjectVersion:   Dev-ReflectionCapture (6B266CEC-1EC7-4B8F-A30B-E4D90942FC07): 1
LogDevObjectVersion:   Dev-Automation (0DF73D61-A23F-47EA-B727-89E90C41499A): 1
LogDevObjectVersion:   FortniteMain (601D1886-AC64-4F84-AA16-D3DE0DEAC7D6): 25
LogDevObjectVersion:   Dev-Enterprise (9DFFBCD6-494F-0158-E221-12823C92A888): 6
LogDevObjectVersion:   Dev-Niagara (F2AED0AC-9AFE-416F-8664-AA7FFA26D6FC): 1
LogDevObjectVersion:   Dev-Destruction (174F1F0B-B4C6-45A5-B13F-2EE8D0FB917D): 2
LogInit: Presizing for max 16777216 objects, including 0 objects not considered by GC, pre-allocating 0 bytes for permanent pool.
LogInit: Object subsystem initialized
LogConfig: Setting CVar [[con.DebugEarlyDefault:1]]
LogConfig: Setting CVar [[r.setres:1280x720]]
[2020.11.22-16.50.14:896][  0]LogConfig: Setting CVar [[r.VSync:0]]
[2020.11.22-16.50.14:896][  0]LogConfig: Setting CVar [[r.RHICmdBypass:0]]
[2020.11.22-16.50.14:897][  0]LogConfig: Applying CVar settings from Section [/Script/Engine.RendererSettings] File [C:/Users/Morgan/Desktop/UnrealAnimationPracticeVids/UnrealAnimationPracticeVids/MyProject/Saved/Config/Windows/Engine.ini]
[2020.11.22-16.50.14:897][  0]LogConfig: Setting CVar [[r.GPUCrashDebugging:0]]
[2020.11.22-16.50.14:897][  0]LogConfig: Applying CVar settings from Section [/Script/Engine.RendererOverrideSettings] File [C:/Users/Morgan/Desktop/UnrealAnimationPracticeVids/UnrealAnimationPracticeVids/MyProject/Saved/Config/Windows/Engine.ini]
[2020.11.22-16.50.14:897][  0]LogConfig: Applying CVar settings from Section [/Script/Engine.StreamingSettings] File [C:/Users/Morgan/Desktop/UnrealAnimationPracticeVids/UnrealAnimationPracticeVids/MyProject/Saved/Config/Windows/Engine.ini]
[2020.11.22-16.50.14:897][  0]LogConfig: Setting CVar [[s.MinBulkDataSizeForAsyncLoading:131072]]
[2020.11.22-16.50.14:897][  0]LogConfig: Setting CVar [[s.AsyncLoadingThreadEnabled:0]]
[2020.11.22-16.50.14:897][  0]LogConfig: Setting CVar [[s.EventDrivenLoaderEnabled:1]]
[2020.11.22-16.50.14:897][  0]LogConfig: Setting CVar [[s.WarnIfTimeLimitExceeded:0]]
[2020.11.22-16.50.14:897][  0]LogConfig: Setting CVar [[s.TimeLimitExceededMultiplier:1.5]]
[2020.11.22-16.50.14:897][  0]LogConfig: Setting CVar [[s.TimeLimitExceededMinTime:0.005]]
[2020.11.22-16.50.14:898][  0]LogConfig: Setting CVar [[s.UseBackgroundLevelStreaming:1]]
[2020.11.22-16.50.14:898][  0]LogConfig: Setting CVar [[s.PriorityAsyncLoadingExtraTime:15.0]]
[2020.11.22-16.50.14:898][  0]LogConfig: Setting CVar [[s.LevelStreamingActorsUpdateTimeLimit:5.0]]
[2020.11.22-16.50.14:898][  0]LogConfig: Setting CVar [[s.PriorityLevelStreamingActorsUpdateExtraTime:5.0]]
[2020.11.22-16.50.14:898][  0]LogConfig: Setting CVar [[s.LevelStreamingComponentsRegistrationGranularity:10]]
[2020.11.22-16.50.14:898][  0]LogConfig: Setting CVar [[s.UnregisterComponentsTimeLimit:1.0]]
[2020.11.22-16.50.14:898][  0]LogConfig: Setting CVar [[s.LevelStreamingComponentsUnregistrationGranularity:5]]
[2020.11.22-16.50.14:898][  0]LogConfig: Applying CVar settings from Section [/Script/Engine.GarbageCollectionSettings] File [C:/Users/Morgan/Desktop/UnrealAnimationPracticeVids/UnrealAnimationPracticeVids/MyProject/Saved/Config/Windows/Engine.ini]
[2020.11.22-16.50.14:899][  0]LogConfig: Setting CVar [[gc.MaxObjectsNotConsideredByGC:1]]
[2020.11.22-16.50.14:899][  0]LogConfig: Setting CVar [[gc.SizeOfPermanentObjectPool:0]]
[2020.11.22-16.50.14:899][  0]LogConfig: Setting CVar [[gc.FlushStreamingOnGC:0]]
[2020.11.22-16.50.14:899][  0]LogConfig: Setting CVar [[gc.NumRetriesBeforeForcingGC:10]]
[2020.11.22-16.50.14:899][  0]LogConfig: Setting CVar [[gc.AllowParallelGC:1]]
[2020.11.22-16.50.14:900][  0]LogConfig: Setting CVar [[gc.TimeBetweenPurgingPendingKillObjects:61.1]]
[2020.11.22-16.50.14:900][  0]LogConfig: Setting CVar [[gc.MaxObjectsInEditor:16777216]]
[2020.11.22-16.50.14:900][  0]LogConfig: Setting CVar [[gc.IncrementalBeginDestroyEnabled:1]]
[2020.11.22-16.50.14:901][  0]LogConfig: Setting CVar [[gc.CreateGCClusters:1]]
[2020.11.22-16.50.14:901][  0]LogConfig: Setting CVar [[gc.MinGCClusterSize:5]]
[2020.11.22-16.50.14:901][  0]LogConfig: Setting CVar [[gc.ActorClusteringEnabled:0]]
[2020.11.22-16.50.14:901][  0]LogConfig: Setting CVar [[gc.BlueprintClusteringEnabled:0]]
[2020.11.22-16.50.14:901][  0]LogConfig: Setting CVar [[gc.UseDisregardForGCOnDedicatedServers:0]]
[2020.11.22-16.50.14:901][  0]LogConfig: Applying CVar settings from Section [/Script/Engine.NetworkSettings] File [C:/Users/Morgan/Desktop/UnrealAnimationPracticeVids/UnrealAnimationPracticeVids/MyProject/Saved/Config/Windows/Engine.ini]
[2020.11.22-16.50.14:901][  0]LogConfig: Applying CVar settings from Section [/Script/UnrealEd.CookerSettings] File [C:/Users/Morgan/Desktop/UnrealAnimationPracticeVids/UnrealAnimationPracticeVids/MyProject/Saved/Config/Windows/Engine.ini]
[2020.11.22-16.50.14:924][  0]LogConfig: Applying CVar settings from Section [ViewDistanceQuality@3] File [C:/Users/Morgan/Desktop/UnrealAnimationPracticeVids/UnrealAnimationPracticeVids/MyProject/Saved/Config/Windows/Scalability.ini]
[2020.11.22-16.50.14:924][  0]LogConfig: Setting CVar [[r.SkeletalMeshLODBias:0]]
[2020.11.22-16.50.14:924][  0]LogConfig: Setting CVar [[r.ViewDistanceScale:1.0]]
[2020.11.22-16.50.14:924][  0]LogConfig: Applying CVar settings from Section [AntiAliasingQuality@3] File [C:/Users/Morgan/Desktop/UnrealAnimationPracticeVids/UnrealAnimationPracticeVids/MyProject/Saved/Config/Windows/Scalability.ini]
[2020.11.22-16.50.14:924][  0]LogConfig: Setting CVar [[r.PostProcessAAQuality:4]]
[2020.11.22-16.50.14:924][  0]LogConfig: Applying CVar settings from Section [ShadowQuality@3] File [C:/Users/Morgan/Desktop/UnrealAnimationPracticeVids/UnrealAnimationPracticeVids/MyProject/Saved/Config/Windows/Scalability.ini]
[2020.11.22-16.50.14:924][  0]LogConfig: Setting CVar [[r.LightFunctionQuality:1]]
[2020.11.22-16.50.14:925][  0]LogConfig: Setting CVar [[r.ShadowQuality:5]]
[2020.11.22-16.50.14:925][  0]LogConfig: Setting CVar [[r.Shadow.CSM.MaxCascades:10]]
[2020.11.22-16.50.14:925][  0]LogConfig: Setting CVar [[r.Shadow.MaxResolution:2048]]
[2020.11.22-16.50.14:925][  0]LogConfig: Setting CVar [[r.Shadow.MaxCSMResolution:2048]]
[2020.11.22-16.50.14:925][  0]LogConfig: Setting CVar [[r.Shadow.RadiusThreshold:0.01]]
[2020.11.22-16.50.14:925][  0]LogConfig: Setting CVar [[r.Shadow.DistanceScale:1.0]]
[2020.11.22-16.50.14:925][  0]LogConfig: Setting CVar [[r.Shadow.CSM.TransitionScale:1.0]]
[2020.11.22-16.50.14:925][  0]LogConfig: Setting CVar [[r.Shadow.PreShadowResolutionFactor:1.0]]
[2020.11.22-16.50.14:926][  0]LogConfig: Setting CVar [[r.DistanceFieldShadowing:1]]
[2020.11.22-16.50.14:926][  0]LogConfig: Setting CVar [[r.DistanceFieldAO:1]]
[2020.11.22-16.50.14:926][  0]LogConfig: Setting CVar [[r.AOQuality:2]]
[2020.11.22-16.50.14:926][  0]LogConfig: Setting CVar [[r.VolumetricFog:1]]
[2020.11.22-16.50.14:926][  0]LogConfig: Setting CVar [[r.VolumetricFog.GridPixelSize:8]]
[2020.11.22-16.50.14:926][  0]LogConfig: Setting CVar [[r.VolumetricFog.GridSizeZ:128]]
[2020.11.22-16.50.14:926][  0]LogConfig: Setting CVar [[r.VolumetricFog.HistoryMissSupersampleCount:4]]
[2020.11.22-16.50.14:927][  0]LogConfig: Setting CVar [[r.LightMaxDrawDistanceScale:1]]
[2020.11.22-16.50.14:927][  0]LogConfig: Setting CVar [[r.CapsuleShadows:1]]
[2020.11.22-16.50.14:927][  0]LogConfig: Applying CVar settings from Section [PostProcessQuality@3] File [C:/Users/Morgan/Desktop/UnrealAnimationPracticeVids/UnrealAnimationPracticeVids/MyProject/Saved/Config/Windows/Scalability.ini]
[2020.11.22-16.50.14:927][  0]LogConfig: Setting CVar [[r.MotionBlurQuality:4]]
[2020.11.22-16.50.14:927][  0]LogConfig: Setting CVar [[r.AmbientOcclusionMipLevelFactor:0.4]]
[2020.11.22-16.50.14:927][  0]LogConfig: Setting CVar [[r.AmbientOcclusionMaxQuality:100]]
[2020.11.22-16.50.14:927][  0]LogConfig: Setting CVar [[r.AmbientOcclusionLevels:-1]]
[2020.11.22-16.50.14:927][  0]LogConfig: Setting CVar [[r.AmbientOcclusionRadiusScale:1.0]]
[2020.11.22-16.50.14:928][  0]LogConfig: Setting CVar [[r.DepthOfFieldQuality:2]]
[2020.11.22-16.50.14:928][  0]LogConfig: Setting CVar [[r.RenderTargetPoolMin:400]]
[2020.11.22-16.50.14:928][  0]LogConfig: Setting CVar [[r.LensFlareQuality:2]]
[2020.11.22-16.50.14:928][  0]LogConfig: Setting CVar [[r.SceneColorFringeQuality:1]]
[2020.11.22-16.50.14:928][  0]LogConfig: Setting CVar [[r.EyeAdaptationQuality:2]]
[2020.11.22-16.50.14:928][  0]LogConfig: Setting CVar [[r.BloomQuality:5]]
[2020.11.22-16.50.14:928][  0]LogConfig: Setting CVar [[r.FastBlurThreshold:100]]
[2020.11.22-16.50.14:928][  0]LogConfig: Setting CVar [[r.Upscale.Quality:3]]
[2020.11.22-16.50.14:929][  0]LogConfig: Setting CVar [[r.Tonemapper.GrainQuantization:1]]
[2020.11.22-16.50.14:929][  0]LogConfig: Setting CVar [[r.LightShaftQuality:1]]
[2020.11.22-16.50.14:929][  0]LogConfig: Setting CVar [[r.Filter.SizeScale:1]]
[2020.11.22-16.50.14:929][  0]LogConfig: Setting CVar [[r.Tonemapper.Quality:5]]
[2020.11.22-16.50.14:929][  0]LogConfig: Setting CVar [[r.DOF.Gather.AccumulatorQuality:1        ; higher gathering accumulator quality]]
[2020.11.22-16.50.14:929][  0]LogConfig: Setting CVar [[r.DOF.Gather.PostfilterMethod:1          ; Median3x3 postfilering method]]
[2020.11.22-16.50.14:929][  0]LogConfig: Setting CVar [[r.DOF.Gather.EnableBokehSettings:0       ; no bokeh simulation when gathering]]
[2020.11.22-16.50.14:929][  0]LogConfig: Setting CVar [[r.DOF.Gather.RingCount:4                 ; medium number of samples when gathering]]
[2020.11.22-16.50.14:929][  0]LogConfig: Setting CVar [[r.DOF.Scatter.ForegroundCompositing:1    ; additive foreground scattering]]
[2020.11.22-16.50.14:930][  0]LogConfig: Setting CVar [[r.DOF.Scatter.BackgroundCompositing:2    ; additive background scattering]]
[2020.11.22-16.50.14:930][  0]LogConfig: Setting CVar [[r.DOF.Scatter.EnableBokehSettings:1      ; bokeh simulation when scattering]]
[2020.11.22-16.50.14:930][  0]LogConfig: Setting CVar [[r.DOF.Scatter.MaxSpriteRatio:0.1         ; only a maximum of 10% of scattered bokeh]]
[2020.11.22-16.50.14:930][  0]LogConfig: Setting CVar [[r.DOF.Recombine.Quality:1                ; cheap slight out of focus]]
[2020.11.22-16.50.14:930][  0]LogConfig: Setting CVar [[r.DOF.Recombine.EnableBokehSettings:0    ; no bokeh simulation on slight out of focus]]
[2020.11.22-16.50.14:930][  0]LogConfig: Setting CVar [[r.DOF.TemporalAAQuality:1                ; more stable temporal accumulation]]
[2020.11.22-16.50.14:930][  0]LogConfig: Setting CVar [[r.DOF.Kernel.MaxForegroundRadius:0.025]]
[2020.11.22-16.50.14:930][  0]LogConfig: Setting CVar [[r.DOF.Kernel.MaxBackgroundRadius:0.025]]
[2020.11.22-16.50.14:930][  0]LogConfig: Applying CVar settings from Section [TextureQuality@3] File [C:/Users/Morgan/Desktop/UnrealAnimationPracticeVids/UnrealAnimationPracticeVids/MyProject/Saved/Config/Windows/Scalability.ini]
[2020.11.22-16.50.14:931][  0]LogConfig: Setting CVar [[r.Streaming.MipBias:0]]
[2020.11.22-16.50.14:931][  0]LogConfig: Setting CVar [[r.Streaming.AmortizeCPUToGPUCopy:0]]
[2020.11.22-16.50.14:931][  0]LogConfig: Setting CVar [[r.Streaming.MaxNumTexturesToStreamPerFrame:0]]
[2020.11.22-16.50.14:931][  0]LogConfig: Setting CVar [[r.Streaming.Boost:1]]
[2020.11.22-16.50.14:931][  0]LogConfig: Setting CVar [[r.MaxAnisotropy:8]]
[2020.11.22-16.50.14:931][  0]LogConfig: Setting CVar [[r.Streaming.LimitPoolSizeToVRAM:0]]
[2020.11.22-16.50.14:931][  0]LogConfig: Setting CVar [[r.Streaming.PoolSize:1000]]
[2020.11.22-16.50.14:931][  0]LogConfig: Setting CVar [[r.Streaming.MaxEffectiveScreenSize:0]]
[2020.11.22-16.50.14:931][  0]LogConfig: Applying CVar settings from Section [EffectsQuality@3] File [C:/Users/Morgan/Desktop/UnrealAnimationPracticeVids/UnrealAnimationPracticeVids/MyProject/Saved/Config/Windows/Scalability.ini]
[2020.11.22-16.50.14:932][  0]LogConfig: Setting CVar [[r.TranslucencyLightingVolumeDim:64]]
[2020.11.22-16.50.14:932][  0]LogConfig: Setting CVar [[r.RefractionQuality:2]]
[2020.11.22-16.50.14:932][  0]LogConfig: Setting CVar [[r.SSR.Quality:3]]
[2020.11.22-16.50.14:932][  0]LogConfig: Setting CVar [[r.SceneColorFormat:4]]
[2020.11.22-16.50.14:932][  0]LogConfig: Setting CVar [[r.DetailMode:2]]
[2020.11.22-16.50.14:932][  0]LogConfig: Setting CVar [[r.TranslucencyVolumeBlur:1]]
[2020.11.22-16.50.14:932][  0]LogConfig: Setting CVar [[r.MaterialQualityLevel:1 ; High quality]]
[2020.11.22-16.50.14:933][  0]LogConfig: Setting CVar [[r.SSS.Scale:1]]
[2020.11.22-16.50.14:933][  0]LogConfig: Setting CVar [[r.SSS.SampleSet:2]]
[2020.11.22-16.50.14:933][  0]LogConfig: Setting CVar [[r.SSS.Quality:1]]
[2020.11.22-16.50.14:933][  0]LogConfig: Setting CVar [[r.SSS.HalfRes:1]]
[2020.11.22-16.50.14:933][  0]LogConfig: Setting CVar [[r.EmitterSpawnRateScale:1.0]]
[2020.11.22-16.50.14:934][  0]LogConfig: Setting CVar [[r.ParticleLightQuality:2]]
[2020.11.22-16.50.14:934][  0]LogConfig: Applying CVar settings from Section [FoliageQuality@3] File [C:/Users/Morgan/Desktop/UnrealAnimationPracticeVids/UnrealAnimationPracticeVids/MyProject/Saved/Config/Windows/Scalability.ini]
[2020.11.22-16.50.14:934][  0]LogConfig: Setting CVar [[foliage.DensityScale:1.0]]
[2020.11.22-16.50.14:934][  0]LogConfig: Setting CVar [[grass.DensityScale:1.0]]
[2020.11.22-16.50.14:935][  0]LogInit: Selected Device Profile: [Windows]
[2020.11.22-16.50.14:935][  0]LogInit: Applying CVar settings loaded from the selected device profile: [Windows]
[2020.11.22-16.50.14:982][  0]LogHAL: Display: Platform has ~ 16 GB [16903135232 / 17179869184 / 16], which maps to Larger [LargestMinGB=32, LargerMinGB=12, DefaultMinGB=8, SmallerMinGB=6, SmallestMinGB=0)
[2020.11.22-16.50.14:983][  0]LogConfig: Setting CVar [[r.Vulkan.UseRealUBs:0		; Required until we fix HLR fall-out]]
[2020.11.22-16.50.14:983][  0]LogInit: Going up to parent DeviceProfile []
[2020.11.22-16.50.14:983][  0]LogConfig: Applying CVar settings from Section [ViewDistanceQuality@3] File [C:/Users/Morgan/Desktop/UnrealAnimationPracticeVids/UnrealAnimationPracticeVids/MyProject/Saved/Config/Windows/Scalability.ini]
[2020.11.22-16.50.14:983][  0]LogConfig: Setting CVar [[r.SkeletalMeshLODBias:0]]
[2020.11.22-16.50.14:983][  0]LogConfig: Setting CVar [[r.ViewDistanceScale:1.0]]
[2020.11.22-16.50.14:984][  0]LogConfig: Applying CVar settings from Section [AntiAliasingQuality@3] File [C:/Users/Morgan/Desktop/UnrealAnimationPracticeVids/UnrealAnimationPracticeVids/MyProject/Saved/Config/Windows/Scalability.ini]
[2020.11.22-16.50.14:984][  0]LogConfig: Setting CVar [[r.PostProcessAAQuality:4]]
[2020.11.22-16.50.14:984][  0]LogConfig: Applying CVar settings from Section [ShadowQuality@3] File [C:/Users/Morgan/Desktop/UnrealAnimationPracticeVids/UnrealAnimationPracticeVids/MyProject/Saved/Config/Windows/Scalability.ini]
[2020.11.22-16.50.14:985][  0]LogConfig: Setting CVar [[r.LightFunctionQuality:1]]
[2020.11.22-16.50.14:986][  0]LogConfig: Setting CVar [[r.ShadowQuality:5]]
[2020.11.22-16.50.14:987][  0]LogConfig: Setting CVar [[r.Shadow.CSM.MaxCascades:10]]
[2020.11.22-16.50.14:988][  0]LogConfig: Setting CVar [[r.Shadow.MaxResolution:2048]]
[2020.11.22-16.50.14:988][  0]LogConfig: Setting CVar [[r.Shadow.MaxCSMResolution:2048]]
[2020.11.22-16.50.14:988][  0]LogConfig: Setting CVar [[r.Shadow.RadiusThreshold:0.01]]
[2020.11.22-16.50.14:988][  0]LogConfig: Setting CVar [[r.Shadow.DistanceScale:1.0]]
[2020.11.22-16.50.14:988][  0]LogConfig: Setting CVar [[r.Shadow.CSM.TransitionScale:1.0]]
[2020.11.22-16.50.14:988][  0]LogConfig: Setting CVar [[r.Shadow.PreShadowResolutionFactor:1.0]]
[2020.11.22-16.50.14:988][  0]LogConfig: Setting CVar [[r.DistanceFieldShadowing:1]]
[2020.11.22-16.50.14:988][  0]LogConfig: Setting CVar [[r.DistanceFieldAO:1]]
[2020.11.22-16.50.14:988][  0]LogConfig: Setting CVar [[r.AOQuality:2]]
[2020.11.22-16.50.14:988][  0]LogConfig: Setting CVar [[r.VolumetricFog:1]]
[2020.11.22-16.50.14:989][  0]LogConfig: Setting CVar [[r.VolumetricFog.GridPixelSize:8]]
[2020.11.22-16.50.14:989][  0]LogConfig: Setting CVar [[r.VolumetricFog.GridSizeZ:128]]
[2020.11.22-16.50.14:989][  0]LogConfig: Setting CVar [[r.VolumetricFog.HistoryMissSupersampleCount:4]]
[2020.11.22-16.50.14:989][  0]LogConfig: Setting CVar [[r.LightMaxDrawDistanceScale:1]]
[2020.11.22-16.50.14:989][  0]LogConfig: Setting CVar [[r.CapsuleShadows:1]]
[2020.11.22-16.50.14:989][  0]LogConfig: Applying CVar settings from Section [PostProcessQuality@3] File [C:/Users/Morgan/Desktop/UnrealAnimationPracticeVids/UnrealAnimationPracticeVids/MyProject/Saved/Config/Windows/Scalability.ini]
[2020.11.22-16.50.14:989][  0]LogConfig: Setting CVar [[r.MotionBlurQuality:4]]
[2020.11.22-16.50.14:989][  0]LogConfig: Setting CVar [[r.AmbientOcclusionMipLevelFactor:0.4]]
[2020.11.22-16.50.14:990][  0]LogConfig: Setting CVar [[r.AmbientOcclusionMaxQuality:100]]
[2020.11.22-16.50.14:990][  0]LogConfig: Setting CVar [[r.AmbientOcclusionLevels:-1]]
[2020.11.22-16.50.14:990][  0]LogConfig: Setting CVar [[r.AmbientOcclusionRadiusScale:1.0]]
[2020.11.22-16.50.14:990][  0]LogConfig: Setting CVar [[r.DepthOfFieldQuality:2]]
[2020.11.22-16.50.14:990][  0]LogConfig: Setting CVar [[r.RenderTargetPoolMin:400]]
[2020.11.22-16.50.14:990][  0]LogConfig: Setting CVar [[r.LensFlareQuality:2]]
[2020.11.22-16.50.14:990][  0]LogConfig: Setting CVar [[r.SceneColorFringeQuality:1]]
[2020.11.22-16.50.14:991][  0]LogConfig: Setting CVar [[r.EyeAdaptationQuality:2]]
[2020.11.22-16.50.14:991][  0]LogConfig: Setting CVar [[r.BloomQuality:5]]
[2020.11.22-16.50.14:991][  0]LogConfig: Setting CVar [[r.FastBlurThreshold:100]]
[2020.11.22-16.50.14:991][  0]LogConfig: Setting CVar [[r.Upscale.Quality:3]]
[2020.11.22-16.50.14:991][  0]LogConfig: Setting CVar [[r.Tonemapper.GrainQuantization:1]]
[2020.11.22-16.50.14:991][  0]LogConfig: Setting CVar [[r.LightShaftQuality:1]]
[2020.11.22-16.50.14:991][  0]LogConfig: Setting CVar [[r.Filter.SizeScale:1]]
[2020.11.22-16.50.14:991][  0]LogConfig: Setting CVar [[r.Tonemapper.Quality:5]]
[2020.11.22-16.50.14:992][  0]LogConfig: Setting CVar [[r.DOF.Gather.AccumulatorQuality:1        ; higher gathering accumulator quality]]
[2020.11.22-16.50.14:992][  0]LogConfig: Setting CVar [[r.DOF.Gather.PostfilterMethod:1          ; Median3x3 postfilering method]]
[2020.11.22-16.50.14:992][  0]LogConfig: Setting CVar [[r.DOF.Gather.EnableBokehSettings:0       ; no bokeh simulation when gathering]]
[2020.11.22-16.50.14:992][  0]LogConfig: Setting CVar [[r.DOF.Gather.RingCount:4                 ; medium number of samples when gathering]]
[2020.11.22-16.50.14:992][  0]LogConfig: Setting CVar [[r.DOF.Scatter.ForegroundCompositing:1    ; additive foreground scattering]]
[2020.11.22-16.50.14:992][  0]LogConfig: Setting CVar [[r.DOF.Scatter.BackgroundCompositing:2    ; additive background scattering]]
[2020.11.22-16.50.14:992][  0]LogConfig: Setting CVar [[r.DOF.Scatter.EnableBokehSettings:1      ; bokeh simulation when scattering]]
[2020.11.22-16.50.14:993][  0]LogConfig: Setting CVar [[r.DOF.Scatter.MaxSpriteRatio:0.1         ; only a maximum of 10% of scattered bokeh]]
[2020.11.22-16.50.14:993][  0]LogConfig: Setting CVar [[r.DOF.Recombine.Quality:1                ; cheap slight out of focus]]
[2020.11.22-16.50.14:993][  0]LogConfig: Setting CVar [[r.DOF.Recombine.EnableBokehSettings:0    ; no bokeh simulation on slight out of focus]]
[2020.11.22-16.50.14:993][  0]LogConfig: Setting CVar [[r.DOF.TemporalAAQuality:1                ; more stable temporal accumulation]]
[2020.11.22-16.50.14:993][  0]LogConfig: Setting CVar [[r.DOF.Kernel.MaxForegroundRadius:0.025]]
[2020.11.22-16.50.14:993][  0]LogConfig: Setting CVar [[r.DOF.Kernel.MaxBackgroundRadius:0.025]]
[2020.11.22-16.50.14:994][  0]LogConfig: Applying CVar settings from Section [TextureQuality@3] File [C:/Users/Morgan/Desktop/UnrealAnimationPracticeVids/UnrealAnimationPracticeVids/MyProject/Saved/Config/Windows/Scalability.ini]
[2020.11.22-16.50.14:994][  0]LogConfig: Setting CVar [[r.Streaming.MipBias:0]]
[2020.11.22-16.50.14:994][  0]LogConfig: Setting CVar [[r.Streaming.AmortizeCPUToGPUCopy:0]]
[2020.11.22-16.50.14:994][  0]LogConfig: Setting CVar [[r.Streaming.MaxNumTexturesToStreamPerFrame:0]]
[2020.11.22-16.50.14:994][  0]LogConfig: Setting CVar [[r.Streaming.Boost:1]]
[2020.11.22-16.50.14:994][  0]LogConfig: Setting CVar [[r.MaxAnisotropy:8]]
[2020.11.22-16.50.14:995][  0]LogConfig: Setting CVar [[r.Streaming.LimitPoolSizeToVRAM:0]]
[2020.11.22-16.50.14:995][  0]LogConfig: Setting CVar [[r.Streaming.PoolSize:1000]]
[2020.11.22-16.50.14:995][  0]LogConfig: Setting CVar [[r.Streaming.MaxEffectiveScreenSize:0]]
[2020.11.22-16.50.14:995][  0]LogConfig: Applying CVar settings from Section [EffectsQuality@3] File [C:/Users/Morgan/Desktop/UnrealAnimationPracticeVids/UnrealAnimationPracticeVids/MyProject/Saved/Config/Windows/Scalability.ini]
[2020.11.22-16.50.14:995][  0]LogConfig: Setting CVar [[r.TranslucencyLightingVolumeDim:64]]
[2020.11.22-16.50.14:995][  0]LogConfig: Setting CVar [[r.RefractionQuality:2]]
[2020.11.22-16.50.14:995][  0]LogConfig: Setting CVar [[r.SSR.Quality:3]]
[2020.11.22-16.50.14:996][  0]LogConfig: Setting CVar [[r.SceneColorFormat:4]]
[2020.11.22-16.50.14:996][  0]LogConfig: Setting CVar [[r.DetailMode:2]]
[2020.11.22-16.50.14:996][  0]LogConfig: Setting CVar [[r.TranslucencyVolumeBlur:1]]
[2020.11.22-16.50.14:996][  0]LogConfig: Setting CVar [[r.MaterialQualityLevel:1 ; High quality]]
[2020.11.22-16.50.14:996][  0]LogConfig: Setting CVar [[r.SSS.Scale:1]]
[2020.11.22-16.50.14:996][  0]LogConfig: Setting CVar [[r.SSS.SampleSet:2]]
[2020.11.22-16.50.14:996][  0]LogConfig: Setting CVar [[r.SSS.Quality:1]]
[2020.11.22-16.50.14:997][  0]LogConfig: Setting CVar [[r.SSS.HalfRes:1]]
[2020.11.22-16.50.14:997][  0]LogConfig: Setting CVar [[r.EmitterSpawnRateScale:1.0]]
[2020.11.22-16.50.14:997][  0]LogConfig: Setting CVar [[r.ParticleLightQuality:2]]
[2020.11.22-16.50.14:997][  0]LogConfig: Applying CVar settings from Section [FoliageQuality@3] File [C:/Users/Morgan/Desktop/UnrealAnimationPracticeVids/UnrealAnimationPracticeVids/MyProject/Saved/Config/Windows/Scalability.ini]
[2020.11.22-16.50.14:997][  0]LogConfig: Setting CVar [[foliage.DensityScale:1.0]]
[2020.11.22-16.50.14:997][  0]LogConfig: Setting CVar [[grass.DensityScale:1.0]]
[2020.11.22-16.50.14:997][  0]LogConfig: Applying CVar settings from Section [Startup] File [../../../Engine/Config/ConsoleVariables.ini]
[2020.11.22-16.50.14:998][  0]LogConfig: Setting CVar [[net.UseAdaptiveNetUpdateFrequency:0]]
[2020.11.22-16.50.14:998][  0]LogConfig: Setting CVar [[p.chaos.AllowCreatePhysxBodies:1]]
[2020.11.22-16.50.14:998][  0]LogConfig: Applying CVar settings from Section [ConsoleVariables] File [C:/Users/Morgan/Desktop/UnrealAnimationPracticeVids/UnrealAnimationPracticeVids/MyProject/Saved/Config/Windows/Engine.ini]
[2020.11.22-16.50.14:999][  0]LogInit: Computer: DESKTOP-MDFF10R
[2020.11.22-16.50.15:000][  0]LogInit: User: Morgan
[2020.11.22-16.50.15:001][  0]LogInit: CPU Page size=4096, Cores=6
[2020.11.22-16.50.15:001][  0]LogInit: High frequency timer resolution =10.000000 MHz
[2020.11.22-16.50.15:002][  0]LogMemory: Memory total: Physical=15.7GB (16GB approx)
[2020.11.22-16.50.15:002][  0]LogMemory: Platform Memory Stats for Windows
[2020.11.22-16.50.15:002][  0]LogMemory: Process Physical Memory: 99.67 MB used, 99.67 MB peak
[2020.11.22-16.50.15:002][  0]LogMemory: Process Virtual Memory: 89.70 MB used, 89.70 MB peak
[2020.11.22-16.50.15:003][  0]LogMemory: Physical Memory: 9371.84 MB used,  6748.25 MB free, 16120.09 MB total
[2020.11.22-16.50.15:003][  0]LogMemory: Virtual Memory: 4660.81 MB used,  134213064.00 MB free, 134217728.00 MB total
[2020.11.22-16.50.15:775][  0]LogInit: Using OS detected language (en-US).
[2020.11.22-16.50.15:775][  0]LogInit: Using OS detected locale (en-GB).
[2020.11.22-16.50.15:780][  0]LogTextLocalizationManager: No specific localization for 'en-US' exists, so the 'en' localization will be used.
[2020.11.22-16.50.16:391][  0]LogInit: Setting process to per monitor DPI aware
[2020.11.22-16.50.16:649][  0]LogSlate: New Slate User Created.  User Index 0, Is Virtual User: 0
[2020.11.22-16.50.16:650][  0]LogSlate: Slate User Registered.  User Index 0, Is Virtual User: 0
[2020.11.22-16.50.19:037][  0]LogHMD: Failed to initialize OpenVR with code 110
[2020.11.22-16.50.19:037][  0]LogD3D11RHI: D3D11 adapters:
[2020.11.22-16.50.20:236][  0]LogD3D11RHI:    0. 'NVIDIA GeForce GTX 1050 Ti with Max-Q Design' (Feature Level 11_0)
[2020.11.22-16.50.20:236][  0]LogD3D11RHI:       4021/0/8060 MB DedicatedVideo/DedicatedSystem/SharedSystem, Outputs:2, VendorId:0x10de
[2020.11.22-16.50.20:287][  0]LogD3D11RHI:    1. 'Intel(R) UHD Graphics 630' (Feature Level 11_0)
[2020.11.22-16.50.20:288][  0]LogD3D11RHI:       128/0/8060 MB DedicatedVideo/DedicatedSystem/SharedSystem, Outputs:0, VendorId:0x8086
[2020.11.22-16.50.20:312][  0]LogD3D11RHI:    2. 'Microsoft Basic Render Driver' (Feature Level 11_0)
[2020.11.22-16.50.20:312][  0]LogD3D11RHI:       0/0/8060 MB DedicatedVideo/DedicatedSystem/SharedSystem, Outputs:0, VendorId:0x1414
[2020.11.22-16.50.20:312][  0]LogD3D11RHI: Chosen D3D11 Adapter: 0
[2020.11.22-16.50.20:380][  0]LogD3D11RHI: Creating new Direct3DDevice
[2020.11.22-16.50.20:381][  0]LogD3D11RHI:     GPU DeviceId: 0x1c8c (for the marketing name, search the web for "GPU Device Id")
[2020.11.22-16.50.20:381][  0]LogWindows: EnumDisplayDevices:
[2020.11.22-16.50.20:381][  0]LogWindows:    0. 'Intel(R) UHD Graphics 630' (P:1 D:1)
[2020.11.22-16.50.20:382][  0]LogWindows:    1. 'Intel(R) UHD Graphics 630' (P:0 D:1)
[2020.11.22-16.50.20:383][  0]LogWindows:    2. 'Intel(R) UHD Graphics 630' (P:0 D:0)
[2020.11.22-16.50.20:384][  0]LogWindows: DebugString: PrimaryIsNotTheChoosenAdapter PrimaryIsNotTheChoosenAdapter PrimaryIsNotTheChoosenAdapter FoundDriverCount:0 
[2020.11.22-16.50.20:384][  0]LogD3D11RHI:     Adapter Name: NVIDIA GeForce GTX 1050 Ti with Max-Q Design
[2020.11.22-16.50.20:384][  0]LogD3D11RHI:   Driver Version: Unknown (internal:Unknown, unified:Unknown)
[2020.11.22-16.50.20:384][  0]LogD3D11RHI:      Driver Date: Unknown
[2020.11.22-16.50.20:384][  0]LogRHI: Texture pool is 2814 MB (70% of 4021 MB)
[2020.11.22-16.50.20:526][  0]LogD3D11RHI: Async texture creation enabled
[2020.11.22-16.50.20:535][  0]LogRendererCore: FGlobalReadBuffer::InitRHI
[2020.11.22-16.50.20:536][  0]LogRendererCore: FGlobalReadBuffer::InitRHI
[2020.11.22-16.50.20:537][  0]LogRendererCore: FGlobalReadBuffer::InitRHI
[2020.11.22-16.50.20:549][  0]LogD3D11RHI: GPU Timing Frequency: 1000.000000 (Debug: 2 1)
[2020.11.22-16.50.21:256][  0]LogTemp: Display: Module 'AllDesktopTargetPlatform' loaded TargetPlatform 'AllDesktop'
[2020.11.22-16.50.21:316][  0]LogTemp: Display: Module 'MacClientTargetPlatform' loaded TargetPlatform 'MacClient'
[2020.11.22-16.50.21:387][  0]LogTemp: Display: Module 'MacNoEditorTargetPlatform' loaded TargetPlatform 'MacNoEditor'
[2020.11.22-16.50.21:442][  0]LogTemp: Display: Module 'MacServerTargetPlatform' loaded TargetPlatform 'MacServer'
[2020.11.22-16.50.21:502][  0]LogTemp: Display: Module 'MacTargetPlatform' loaded TargetPlatform 'Mac'
[2020.11.22-16.50.21:554][  0]LogTemp: Display: Module 'WindowsClientTargetPlatform' loaded TargetPlatform 'WindowsClient'
[2020.11.22-16.50.21:606][  0]LogTemp: Display: Module 'WindowsNoEditorTargetPlatform' loaded TargetPlatform 'WindowsNoEditor'
[2020.11.22-16.50.21:652][  0]LogTemp: Display: Module 'WindowsServerTargetPlatform' loaded TargetPlatform 'WindowsServer'
[2020.11.22-16.50.21:693][  0]LogTemp: Display: Module 'WindowsTargetPlatform' loaded TargetPlatform 'Windows'
[2020.11.22-16.50.21:915][  0]LogTemp: Display: Module 'AndroidTargetPlatform' loaded TargetPlatform 'Android'
[2020.11.22-16.50.21:915][  0]LogTemp: Display: Module 'AndroidTargetPlatform' loaded TargetPlatform 'Android_ASTC'
[2020.11.22-16.50.21:915][  0]LogTemp: Display: Module 'AndroidTargetPlatform' loaded TargetPlatform 'Android_ATC'
[2020.11.22-16.50.21:915][  0]LogTemp: Display: Module 'AndroidTargetPlatform' loaded TargetPlatform 'Android_DXT'
[2020.11.22-16.50.21:916][  0]LogTemp: Display: Module 'AndroidTargetPlatform' loaded TargetPlatform 'Android_ETC1'
[2020.11.22-16.50.21:916][  0]LogTemp: Display: Module 'AndroidTargetPlatform' loaded TargetPlatform 'Android_ETC1a'
[2020.11.22-16.50.21:916][  0]LogTemp: Display: Module 'AndroidTargetPlatform' loaded TargetPlatform 'Android_ETC2'
[2020.11.22-16.50.21:916][  0]LogTemp: Display: Module 'AndroidTargetPlatform' loaded TargetPlatform 'Android_PVRTC'
[2020.11.22-16.50.21:916][  0]LogTemp: Display: Module 'AndroidTargetPlatform' loaded TargetPlatform 'AndroidClient'
[2020.11.22-16.50.21:916][  0]LogTemp: Display: Module 'AndroidTargetPlatform' loaded TargetPlatform 'Android_ASTCClient'
[2020.11.22-16.50.21:916][  0]LogTemp: Display: Module 'AndroidTargetPlatform' loaded TargetPlatform 'Android_ATCClient'
[2020.11.22-16.50.21:917][  0]LogTemp: Display: Module 'AndroidTargetPlatform' loaded TargetPlatform 'Android_DXTClient'
[2020.11.22-16.50.21:917][  0]LogTemp: Display: Module 'AndroidTargetPlatform' loaded TargetPlatform 'Android_ETC1Client'
[2020.11.22-16.50.21:917][  0]LogTemp: Display: Module 'AndroidTargetPlatform' loaded TargetPlatform 'Android_ETC1aClient'
[2020.11.22-16.50.21:917][  0]LogTemp: Display: Module 'AndroidTargetPlatform' loaded TargetPlatform 'Android_ETC2Client'
[2020.11.22-16.50.21:917][  0]LogTemp: Display: Module 'AndroidTargetPlatform' loaded TargetPlatform 'Android_PVRTCClient'
[2020.11.22-16.50.21:917][  0]LogTemp: Display: Module 'AndroidTargetPlatform' loaded TargetPlatform 'Android_Multi'
[2020.11.22-16.50.21:917][  0]LogTemp: Display: Module 'AndroidTargetPlatform' loaded TargetPlatform 'Android_MultiClient'
[2020.11.22-16.50.21:949][  0]LogTemp: Display: Module 'HTML5TargetPlatform' loaded TargetPlatform 'HTML5'
[2020.11.22-16.50.22:116][  0]LogTemp: Display: Module 'IOSTargetPlatform' loaded TargetPlatform 'IOSClient'
[2020.11.22-16.50.22:116][  0]LogTemp: Display: Module 'IOSTargetPlatform' loaded TargetPlatform 'IOS'
[2020.11.22-16.50.22:180][  0]LogTemp: Display: Module 'TVOSTargetPlatform' loaded TargetPlatform 'TVOSClient'
[2020.11.22-16.50.22:180][  0]LogTemp: Display: Module 'TVOSTargetPlatform' loaded TargetPlatform 'TVOS'
[2020.11.22-16.50.22:219][  0]LogTemp: Display: Module 'LinuxClientTargetPlatform' loaded TargetPlatform 'LinuxClient'
[2020.11.22-16.50.22:273][  0]LogTemp: Display: Module 'LinuxNoEditorTargetPlatform' loaded TargetPlatform 'LinuxNoEditor'
[2020.11.22-16.50.22:320][  0]LogTemp: Display: Module 'LinuxServerTargetPlatform' loaded TargetPlatform 'LinuxServer'
[2020.11.22-16.50.22:385][  0]LogTemp: Display: Module 'LinuxTargetPlatform' loaded TargetPlatform 'Linux'
[2020.11.22-16.50.22:517][  0]LogTemp: Display: Module 'LuminTargetPlatform' loaded TargetPlatform 'Lumin'
[2020.11.22-16.50.22:517][  0]LogTemp: Display: Module 'LuminTargetPlatform' loaded TargetPlatform 'LuminClient'
[2020.11.22-16.50.22:517][  0]LogTargetPlatformManager: Display: Building Assets For Windows
[2020.11.22-16.50.22:595][  0]LogAudioDebug: Display: Lib vorbis DLL was dynamically loaded.
[2020.11.22-16.50.23:117][  0]LogShaderCompilers: Guid format shader working directory is -58 characters bigger than the processId version (../../../../../../Users/Morgan/Desktop/UnrealAnimationPracticeVids/UnrealAnimationPracticeVids/MyProject/Intermediate/Shaders/WorkingDirectory/12852/).
[2020.11.22-16.50.23:118][  0]LogShaderCompilers: Cleaned the shader compiler working directory 'C:/Users/Morgan/AppData/Local/Temp/UnrealShaderWorkingDir/4DF65FF747711B6AB15B749D192CEE7B/'.
[2020.11.22-16.50.23:123][  0]LogXGEController: Cleaning working directory: C:/Users/Morgan/AppData/Local/Temp/UnrealXGEWorkingDir/
[2020.11.22-16.50.23:124][  0]LogXGEController: Cannot use XGE Controller as Incredibuild is not installed on this machine.
[2020.11.22-16.50.23:124][  0]LogShaderCompilers: Cannot use XGE Shader Compiler as Incredibuild is not installed on this machine.
[2020.11.22-16.50.23:124][  0]LogShaderCompilers: Display: Using Local Shader Compiler.
[2020.11.22-16.50.25:462][  0]LogDerivedDataCache: Display: Max Cache Size: 512 MB
[2020.11.22-16.50.25:638][  0]LogDerivedDataCache: Loaded boot cache 0.17s 76MB C:/Users/Morgan/AppData/Local/UnrealEngine/4.22/DerivedDataCache/Boot.ddc.
[2020.11.22-16.50.25:638][  0]LogDerivedDataCache: Display: Loaded Boot cache: C:/Users/Morgan/AppData/Local/UnrealEngine/4.22/DerivedDataCache/Boot.ddc
[2020.11.22-16.50.25:639][  0]LogDerivedDataCache: FDerivedDataBackendGraph:  Pak pak cache file ../../../../../../Users/Morgan/Desktop/UnrealAnimationPracticeVids/UnrealAnimationPracticeVids/MyProject/DerivedDataCache/DDC.ddp not found, will not use a pak cache.
[2020.11.22-16.50.25:639][  0]LogDerivedDataCache: Unable to find inner node Pak for hierarchical cache Hierarchy.
[2020.11.22-16.50.25:639][  0]LogDerivedDataCache: FDerivedDataBackendGraph:  CompressedPak pak cache file ../../../../../../Users/Morgan/Desktop/UnrealAnimationPracticeVids/UnrealAnimationPracticeVids/MyProject/DerivedDataCache/Compressed.ddp not found, will not use a pak cache.
[2020.11.22-16.50.25:639][  0]LogDerivedDataCache: Unable to find inner node CompressedPak for hierarchical cache Hierarchy.
[2020.11.22-16.50.25:669][  0]LogDerivedDataCache: Display: Pak cache opened for reading ../../../Engine/DerivedDataCache/Compressed.ddp.
[2020.11.22-16.50.25:669][  0]LogDerivedDataCache: FDerivedDataBackendGraph:  EnterprisePak pak cache file ../../../Enterprise/DerivedDataCache/Compressed.ddp not found, will not use a pak cache.
[2020.11.22-16.50.25:669][  0]LogDerivedDataCache: Unable to find inner node EnterprisePak for hierarchical cache Hierarchy.
[2020.11.22-16.50.25:685][  0]LogDerivedDataCache: Using Local data cache path C:/Users/Morgan/AppData/Local/UnrealEngine/Common/DerivedDataCache: Writable
[2020.11.22-16.50.25:686][  0]LogDerivedDataCache: Shared data cache path not found in *engine.ini, will not use an Shared cache.
[2020.11.22-16.50.25:686][  0]LogDerivedDataCache: Unable to find inner node Shared for hierarchical cache Hierarchy.
[2020.11.22-16.50.25:727][  0]LogMaterial: Verifying Global Shaders for PCD3D_SM5
[2020.11.22-16.50.25:730][  0]LogSlate: Using FreeType 2.6.0
[2020.11.22-16.50.25:744][  0]LogSlate: SlateFontServices - WITH_FREETYPE: 1, WITH_HARFBUZZ: 1
[2020.11.22-16.50.26:181][  0]LogAssetRegistry: FAssetRegistry took 0.0494 seconds to start up
[2020.11.22-16.50.26:840][  0]LogInit: Selected Device Profile: [Windows]
[2020.11.22-16.50.27:372][  0]LogMeshReduction: Using QuadricMeshReduction for automatic static mesh reduction
[2020.11.22-16.50.27:372][  0]LogMeshReduction: Using SimplygonMeshReduction for automatic skeletal mesh reduction
[2020.11.22-16.50.27:372][  0]LogMeshReduction: Using ProxyLODMeshReduction for automatic mesh merging
[2020.11.22-16.50.27:373][  0]LogMeshReduction: No distributed automatic mesh merging module available
[2020.11.22-16.50.27:374][  0]LogMeshMerging: No distributed automatic mesh merging module available
[2020.11.22-16.50.27:411][  0]LogNetVersion: MyProject 1.0.0, NetCL: 5660361, EngineNetVer: 10, GameNetVer: 0 (Checksum: 2788865488)
[2020.11.22-16.50.28:558][  0]LogPackageLocalizationCache: Processed 10 localized package path(s) for 1 prioritized culture(s) in 0.091163 seconds
[2020.11.22-16.50.28:566][  0]LogUObjectArray: 42205 objects as part of root set at end of initial load.
[2020.11.22-16.50.28:567][  0]LogUObjectAllocator: 7325032 out of 0 bytes used by permanent object pool.
[2020.11.22-16.50.28:567][  0]LogUObjectArray: CloseDisregardForGC: 0/0 objects in disregard for GC pool
[2020.11.22-16.50.34:218][  0]LogTcpMessaging: Initializing TcpMessaging bridge
[2020.11.22-16.50.34:258][  0]LogUdpMessaging: Initializing bridge on interface 0.0.0.0:0 to multicast group 230.0.0.1:6666.
[2020.11.22-16.50.35:279][  0]SourceControl: Source control is disabled
[2020.11.22-16.50.35:279][  0]SourceControl: Source control is disabled
[2020.11.22-16.50.35:325][  0]SourceControl: Source control is disabled
[2020.11.22-16.50.35:349][  0]SourceControl: Source control is disabled
[2020.11.22-16.50.36:296][  0]LogAndroidPermission: UAndroidPermissionCallbackProxy::GetInstance
[2020.11.22-16.50.36:945][  0]LogOcInput: OculusInput pre-init called
[2020.11.22-16.50.38:279][  0]LogEngine: Initializing Engine...
[2020.11.22-16.50.38:281][  0]LogHMD: Failed to initialize OpenVR with code 110
[2020.11.22-16.50.38:283][  0]LogStats: UGameplayTagsManager::InitializeManager -  0.001 s
[2020.11.22-16.50.38:726][  0]LogInit: Initializing FReadOnlyCVARCache
[2020.11.22-16.50.38:772][  0]LogAIModule: Creating AISystem for world Untitled
[2020.11.22-16.50.38:833][  0]LogInit: XAudio2 using 'Headphones (HD 4.40BT Stereo)' : 2 channels at 44.1 kHz using 16 bits per sample (channel mask 0x3)
[2020.11.22-16.50.38:883][  0]LogInit: FAudioDevice initialized.
[2020.11.22-16.50.38:883][  0]LogNetVersion: Set ProjectVersion to 1.0.0.0. Version Checksum will be recalculated on next use.
[2020.11.22-16.50.39:310][  0]LogTemp: IOS device listing is disabled (to many failed attempts)!
[2020.11.22-16.50.39:310][  0]LogDerivedDataCache: Saved boot cache 0.43s 76MB C:/Users/Morgan/AppData/Local/UnrealEngine/4.22/DerivedDataCache/Boot.ddc.
[2020.11.22-16.50.39:312][  0]LogInit: Texture streaming: Enabled
[2020.11.22-16.50.39:415][  0]LogEngineSessionManager: EngineSessionManager initialized
[2020.11.22-16.50.39:416][  0]LogEngineSessionManager: EngineSessionManager sent abnormal shutdown report. Type=Debugger, SessionId={9CABC41E-4CF1-E2DB-F573-728533F8B7F7}
[2020.11.22-16.50.39:487][  0]LogInit: Transaction tracking system initialized
[2020.11.22-16.50.39:649][  0]BlueprintLog: New page: Editor Load
[2020.11.22-16.50.40:381][  0]LocalizationService: Localization service is disabled
[2020.11.22-16.50.41:476][  0]LogFileCache: Scanning file cache for directory 'C:/Users/Morgan/Desktop/UnrealAnimationPracticeVids/UnrealAnimationPracticeVids/MyProject/Content/' took 0.02s
[2020.11.22-16.50.41:476][  0]LogCook: Display: Max memory allowance for cook 16384mb min free memory 0mb
[2020.11.22-16.50.41:476][  0]LogCook: Display: Mobile HDR setting 1
[2020.11.22-16.50.42:706][  0]SourceControl: Source control is disabled
[2020.11.22-16.50.42:708][  0]LightingResults: New page: Lighting Build
[2020.11.22-16.50.42:712][  0]MapCheck: New page: Map Check
[2020.11.22-16.50.42:713][  0]LightingResults: New page: Lighting Build
[2020.11.22-16.50.42:765][  0]LogUObjectHash: Compacting FUObjectHashTables data took   3.12ms
[2020.11.22-16.50.43:028][  0]LogAIModule: Creating AISystem for world ThirdPersonExampleMap
[2020.11.22-16.50.43:053][  0]LogEditorServer: Finished looking for orphan Actors (0.000 secs)
[2020.11.22-16.50.43:103][  0]LogUObjectHash: Compacting FUObjectHashTables data took   2.90ms
[2020.11.22-16.50.43:103][  0]Cmd: MAP CHECKDEP NOCLEARLOG
[2020.11.22-16.50.43:104][  0]MapCheck: Map check complete: 0 Error(s), 0 Warning(s), took 0.372ms to complete.
[2020.11.22-16.50.43:104][  0]LogFileHelpers: Loading map 'ThirdPersonExampleMap' took 0.397
[2020.11.22-16.50.43:306][  0]LogSlate: Updating window title bar state: overlay mode, drag disabled, window buttons hidden, title bar hidden
[2020.11.22-16.50.43:318][  0]LogSlate: Updating window title bar state: overlay mode, drag disabled, window buttons hidden, title bar hidden
[2020.11.22-16.50.43:329][  0]LogSlate: Updating window title bar state: overlay mode, drag disabled, window buttons hidden, title bar hidden
[2020.11.22-16.50.43:340][  0]LogSlate: Updating window title bar state: overlay mode, drag disabled, window buttons hidden, title bar hidden
[2020.11.22-16.50.43:377][  0]LogCollectionManager: Loaded 0 collections in 0.002946 seconds
[2020.11.22-16.50.43:415][  0]LogFileCache: Scanning file cache for directory 'C:/Users/Morgan/Desktop/UnrealAnimationPracticeVids/UnrealAnimationPracticeVids/MyProject/Saved/Collections/' took 0.01s
[2020.11.22-16.50.43:416][  0]LogFileCache: Scanning file cache for directory 'C:/Users/Morgan/Desktop/UnrealAnimationPracticeVids/UnrealAnimationPracticeVids/MyProject/Content/Developers/Morgan/Collections/' took 0.02s
[2020.11.22-16.50.43:416][  0]LogFileCache: Scanning file cache for directory 'C:/Users/Morgan/Desktop/UnrealAnimationPracticeVids/UnrealAnimationPracticeVids/MyProject/Content/Collections/' took 0.00s
[2020.11.22-16.50.43:416][  0]LogCollectionManager: Rebuilt the GUID cache for 0 collections in 0.000000 seconds
[2020.11.22-16.50.43:430][  0]LogContentBrowser: Native class hierarchy populated in 0.0129 seconds. Added 2735 classes and 661 folders.
[2020.11.22-16.50.43:441][  0]LogContentBrowser: Native class hierarchy updated for 'WidgetCarousel' in 0.0005 seconds. Added 0 classes and 0 folders.
[2020.11.22-16.50.43:452][  0]LogPakFile: Registered encryption key '00000000000000000000000000000000': 0 pak files mounted, 0 remain pending
[2020.11.22-16.50.43:459][  0]LogPakFile: Registered encryption key '00000000000000000000000000000000': 0 pak files mounted, 0 remain pending
[2020.11.22-16.50.43:464][  0]LogPakFile: Registered encryption key '00000000000000000000000000000000': 0 pak files mounted, 0 remain pending
[2020.11.22-16.50.43:469][  0]LogPakFile: Registered encryption key '00000000000000000000000000000000': 0 pak files mounted, 0 remain pending
[2020.11.22-16.50.43:474][  0]LogPakFile: Registered encryption key '00000000000000000000000000000000': 0 pak files mounted, 0 remain pending
[2020.11.22-16.50.43:479][  0]LogPakFile: Registered encryption key '00000000000000000000000000000000': 0 pak files mounted, 0 remain pending
[2020.11.22-16.50.43:484][  0]LogPakFile: Registered encryption key '00000000000000000000000000000000': 0 pak files mounted, 0 remain pending
[2020.11.22-16.50.43:488][  0]LogPakFile: Registered encryption key '00000000000000000000000000000000': 0 pak files mounted, 0 remain pending
[2020.11.22-16.50.43:493][  0]LogPakFile: Registered encryption key '00000000000000000000000000000000': 0 pak files mounted, 0 remain pending
[2020.11.22-16.50.43:498][  0]LogPakFile: Registered encryption key '00000000000000000000000000000000': 0 pak files mounted, 0 remain pending
[2020.11.22-16.50.43:503][  0]LogPakFile: Registered encryption key '00000000000000000000000000000000': 0 pak files mounted, 0 remain pending
[2020.11.22-16.50.43:508][  0]LogPakFile: Registered encryption key '00000000000000000000000000000000': 0 pak files mounted, 0 remain pending
[2020.11.22-16.50.43:512][  0]LogPakFile: Registered encryption key '00000000000000000000000000000000': 0 pak files mounted, 0 remain pending
[2020.11.22-16.50.43:518][  0]LogPakFile: Registered encryption key '00000000000000000000000000000000': 0 pak files mounted, 0 remain pending
[2020.11.22-16.50.43:522][  0]LogPakFile: Registered encryption key '00000000000000000000000000000000': 0 pak files mounted, 0 remain pending
[2020.11.22-16.50.43:528][  0]LogPakFile: Registered encryption key '00000000000000000000000000000000': 0 pak files mounted, 0 remain pending
[2020.11.22-16.50.43:532][  0]LogPakFile: Registered encryption key '00000000000000000000000000000000': 0 pak files mounted, 0 remain pending
[2020.11.22-16.50.43:538][  0]LogPakFile: Registered encryption key '00000000000000000000000000000000': 0 pak files mounted, 0 remain pending
[2020.11.22-16.50.43:542][  0]LogPakFile: Registered encryption key '00000000000000000000000000000000': 0 pak files mounted, 0 remain pending
[2020.11.22-16.50.43:547][  0]LogPakFile: Registered encryption key '00000000000000000000000000000000': 0 pak files mounted, 0 remain pending
[2020.11.22-16.50.43:552][  0]LogPakFile: Registered encryption key '00000000000000000000000000000000': 0 pak files mounted, 0 remain pending
[2020.11.22-16.50.43:557][  0]LogPakFile: Registered encryption key '00000000000000000000000000000000': 0 pak files mounted, 0 remain pending
[2020.11.22-16.50.43:562][  0]LogPakFile: Registered encryption key '00000000000000000000000000000000': 0 pak files mounted, 0 remain pending
[2020.11.22-16.50.43:568][  0]LogPakFile: Registered encryption key '00000000000000000000000000000000': 0 pak files mounted, 0 remain pending
[2020.11.22-16.50.43:575][  0]LogPakFile: Registered encryption key '00000000000000000000000000000000': 0 pak files mounted, 0 remain pending
[2020.11.22-16.50.43:580][  0]LogPakFile: Registered encryption key '00000000000000000000000000000000': 0 pak files mounted, 0 remain pending
[2020.11.22-16.50.43:851][  0]LogContentBrowser: Native class hierarchy updated for 'AddContentDialog' in 0.0006 seconds. Added 0 classes and 0 folders.
[2020.11.22-16.50.43:895][  0]LogContentBrowser: Native class hierarchy updated for 'SceneOutliner' in 0.0006 seconds. Added 1 classes and 2 folders.
[2020.11.22-16.50.43:932][  0]LogSlate: Took 0.002982 seconds to synchronously load lazily loaded font '../../../Engine/Content/Slate/Fonts/Roboto-Regular.ttf' (155K)
[2020.11.22-16.50.43:939][  0]LogSlate: Took 0.003512 seconds to synchronously load lazily loaded font '../../../Engine/Content/Slate/Fonts/Roboto-Bold.ttf' (160K)
[2020.11.22-16.50.43:951][  0]LogSlate: Took 0.002911 seconds to synchronously load lazily loaded font '../../../Engine/Content/Editor/Slate/Fonts/FontAwesome.ttf' (139K)
[2020.11.22-16.50.44:090][  0]LogRenderer: Reallocating scene render targets to support 964x436 Format 10 NumSamples 1 (Frame:1).
[2020.11.22-16.50.44:356][  0]LogContentBrowser: Native class hierarchy updated for 'HierarchicalLODOutliner' in 0.0006 seconds. Added 0 classes and 0 folders.
[2020.11.22-16.50.44:356][  0]LogLoad: (Engine Initialization) Total time: 35.27 seconds
[2020.11.22-16.50.44:356][  0]LogLoad: (Engine Initialization) Total Blueprint compile time: 0.00 seconds
[2020.11.22-16.50.44:414][  0]LogAssetRegistry: Asset discovery search completed in 18.2616 seconds
[2020.11.22-16.50.44:418][  0]LogCollectionManager: Rebuilt the object cache for 0 collections in 0.000000 seconds (found 0 objects)
[2020.11.22-16.50.44:418][  0]LogCollectionManager: Fixed up redirectors for 0 collections in 0.000257 seconds (updated 0 objects)
[2020.11.22-16.50.44:420][  0]LogContentStreaming: Texture pool size now 1000 MB
[2020.11.22-16.50.44:473][  0]LogSlate: Took 0.002840 seconds to synchronously load lazily loaded font '../../../Engine/Content/Slate/Fonts/Roboto-Light.ttf' (167K)
[2020.11.22-16.50.51:012][380]LogRenderer: Reallocating scene render targets to support 1004x476 Format 10 NumSamples 1 (Frame:382).
[2020.11.22-16.50.54:922][380]LogRenderer: Reallocating scene render targets to support 1208x572 Format 10 NumSamples 1 (Frame:384).
[2020.11.22-16.50.56:824][481]LogSlate: FSceneViewport::OnFocusLost() reason 0
[2020.11.22-16.50.58:554][583]LogEditorViewport: Clicking on Actor (LMB): ThirdPersonCharacter_C (ThirdPersonCharacter)
[2020.11.22-16.50.59:701][625]LogSlate: FSceneViewport::OnFocusLost() reason 5
[2020.11.22-16.50.59:707][625]LogSlate: Took 0.000314 seconds to synchronously load lazily loaded font '../../../Engine/Content/Slate/Fonts/Roboto-Light.ttf' (167K)
[2020.11.22-16.50.59:736][625]LogAssetEditorManager: Opening Asset editor for Blueprint /Game/ThirdPersonCPP/Blueprints/ThirdPersonCharacter.ThirdPersonCharacter
[2020.11.22-16.51.00:251][625]LogContentBrowser: Native class hierarchy updated for 'BlueprintGraph' in 0.0010 seconds. Added 121 classes and 0 folders.
[2020.11.22-16.51.01:670][625]LogSlate: Took 0.002998 seconds to synchronously load lazily loaded font '../../../Engine/Content/Slate/Fonts/Roboto-BoldCondensed.ttf' (158K)
[2020.11.22-16.51.01:818][626]LogSlate: Took 0.003251 seconds to synchronously load lazily loaded font '../../../Engine/Content/Slate/Fonts/Roboto-Italic.ttf' (157K)
[2020.11.22-16.51.04:147][731]LogRenderer: Reallocating scene render targets to support 1208x712 Format 10 NumSamples 1 (Frame:1).
[2020.11.22-16.51.08:885][967]LogSlate: FSceneViewport::OnFocusLost() reason 0
[2020.11.22-16.51.08:969][972]LogTemp: Repeating last play command: New Editor Window (PIE)
[2020.11.22-16.51.08:989][972]LogBlueprintUserMessages: Early PlayInEditor Detection: Level '/Game/ThirdPersonCPP/Maps/ThirdPersonExampleMap.ThirdPersonExampleMap:PersistentLevel' has LevelScriptBlueprint '/Game/ThirdPersonCPP/Maps/ThirdPersonExampleMap.ThirdPersonExampleMap:PersistentLevel.ThirdPersonExampleMap' with GeneratedClass '/Game/ThirdPersonCPP/Maps/ThirdPersonExampleMap.ThirdPersonExampleMap_C' with ClassGeneratedBy '/Game/ThirdPersonCPP/Maps/ThirdPersonExampleMap.ThirdPersonExampleMap:PersistentLevel.ThirdPersonExampleMap'
[2020.11.22-16.51.08:989][972]LogPlayLevel: PlayLevel: No blueprints needed recompiling
[2020.11.22-16.51.08:991][972]PIE: New page: PIE session: ThirdPersonExampleMap (22 Nov 2020 16:51:08)
[2020.11.22-16.51.09:009][972]LogPlayLevel: Creating play world package: /Game/ThirdPersonCPP/Maps/UEDPIE_0_ThirdPersonExampleMap
[2020.11.22-16.51.09:032][972]LogPlayLevel: PIE: StaticDuplicateObject took: (0.023603s)
[2020.11.22-16.51.09:034][972]LogAIModule: Creating AISystem for world ThirdPersonExampleMap
[2020.11.22-16.51.09:034][972]LogPlayLevel: PIE: World Init took: (0.001803s)
[2020.11.22-16.51.09:036][972]LogPlayLevel: PIE: Created PIE world by copying editor world from /Game/ThirdPersonCPP/Maps/ThirdPersonExampleMap.ThirdPersonExampleMap to /Game/ThirdPersonCPP/Maps/UEDPIE_0_ThirdPersonExampleMap.ThirdPersonExampleMap (0.026876s)
[2020.11.22-16.51.09:099][972]LogUObjectHash: Compacting FUObjectHashTables data took   4.62ms
[2020.11.22-16.51.09:130][972]LogInit: XAudio2 using 'Headphones (HD 4.40BT Stereo)' : 2 channels at 44.1 kHz using 16 bits per sample (channel mask 0x3)
[2020.11.22-16.51.09:147][972]LogInit: FAudioDevice initialized.
[2020.11.22-16.51.09:162][972]LogSlate: Updating window title bar state: overlay mode, drag disabled, window buttons hidden, title bar hidden
[2020.11.22-16.51.09:220][972]LogLoad: Game class is 'MyProjectGameMode'
[2020.11.22-16.51.09:226][972]LogWorld: Bringing World /Game/ThirdPersonCPP/Maps/UEDPIE_0_ThirdPersonExampleMap.ThirdPersonExampleMap up for play (max tick rate 60) at 2020.11.22-16.51.09
[2020.11.22-16.51.09:227][972]LogWorld: Bringing up level for play took: 0.003824
[2020.11.22-16.51.09:249][972]LogBlueprintActionDatabase: Requesting refresh due to module change: Voice (loaded)
[2020.11.22-16.51.09:253][972]LogBlueprintActionDatabase: Requesting refresh due to module change: MovieSceneCapture (loaded)
[2020.11.22-16.51.09:254][972]LogContentBrowser: Native class hierarchy updated for 'MovieSceneCapture' in 0.0007 seconds. Added 20 classes and 0 folders.
[2020.11.22-16.51.09:258][972]PIE: Play in editor start time for /Game/ThirdPersonCPP/Maps/UEDPIE_0_ThirdPersonExampleMap 1.221
[2020.11.22-16.51.09:259][972]LogBlueprintUserMessages: Late PlayInEditor Detection: Level '/Game/ThirdPersonCPP/Maps/ThirdPersonExampleMap.ThirdPersonExampleMap:PersistentLevel' has LevelScriptBlueprint '/Game/ThirdPersonCPP/Maps/ThirdPersonExampleMap.ThirdPersonExampleMap:PersistentLevel.ThirdPersonExampleMap' with GeneratedClass '/Game/ThirdPersonCPP/Maps/ThirdPersonExampleMap.ThirdPersonExampleMap_C' with ClassGeneratedBy '/Game/ThirdPersonCPP/Maps/ThirdPersonExampleMap.ThirdPersonExampleMap:PersistentLevel.ThirdPersonExampleMap'
[2020.11.22-16.51.09:332][972]LogRenderer: Reallocating scene render targets to support 1272x712 Format 10 NumSamples 1 (Frame:1).
[2020.11.22-16.52.07:878][359]LogBlueprintUserMessages: Early EndPlayMap Detection: Level '/Game/ThirdPersonCPP/Maps/ThirdPersonExampleMap.ThirdPersonExampleMap:PersistentLevel' has LevelScriptBlueprint '/Game/ThirdPersonCPP/Maps/ThirdPersonExampleMap.ThirdPersonExampleMap:PersistentLevel.ThirdPersonExampleMap' with GeneratedClass '/Game/ThirdPersonCPP/Maps/ThirdPersonExampleMap.ThirdPersonExampleMap_C' with ClassGeneratedBy '/Game/ThirdPersonCPP/Maps/ThirdPersonExampleMap.ThirdPersonExampleMap:PersistentLevel.ThirdPersonExampleMap'
[2020.11.22-16.52.07:879][359]LogSlate: Updating window title bar state: overlay mode, drag disabled, window buttons hidden, title bar hidden
[2020.11.22-16.52.07:901][359]LogSlate: Window 'MyProject Game Preview Standalone (64-bit/PCD3D_SM5)' being destroyed
[2020.11.22-16.52.07:960][359]LogPlayLevel: Display: Shutting down PIE online subsystems
[2020.11.22-16.52.07:960][359]LogBlueprintUserMessages: Late EndPlayMap Detection: Level '/Game/ThirdPersonCPP/Maps/ThirdPersonExampleMap.ThirdPersonExampleMap:PersistentLevel' has LevelScriptBlueprint '/Game/ThirdPersonCPP/Maps/ThirdPersonExampleMap.ThirdPersonExampleMap:PersistentLevel.ThirdPersonExampleMap' with GeneratedClass '/Game/ThirdPersonCPP/Maps/ThirdPersonExampleMap.ThirdPersonExampleMap_C' with ClassGeneratedBy '/Game/ThirdPersonCPP/Maps/ThirdPersonExampleMap.ThirdPersonExampleMap:PersistentLevel.ThirdPersonExampleMap'
[2020.11.22-16.52.08:064][359]LogUObjectHash: Compacting FUObjectHashTables data took   7.86ms
[2020.11.22-16.52.08:189][360]LogPlayLevel: Display: Destroying online subsystem :Context_5
