Log file open, 11/27/20 19:32:44
LogWindows: Failed to load 'aqProf.dll' (GetLastError=126)
LogWindows: File 'aqProf.dll' does not exist
LogWindows: Failed to load 'VtuneApi.dll' (GetLastError=126)
LogWindows: File 'VtuneApi.dll' does not exist
LogWindows: Failed to load 'VtuneApi32e.dll' (GetLastError=126)
LogWindows: File 'VtuneApi32e.dll' does not exist
LogConsoleResponse: Display: Failed to find resolution value strings in scalability ini. Falling back to default.
LogInit: Display: Running engine for game: MyProject
LogPakFile: Registered encryption key '00000000000000000000000000000000': 0 pak files mounted, 0 remain pending
LogPlatformFile: Not using cached read wrapper
LogTaskGraph: Started task graph with 5 named threads and 47 total threads with 3 sets of task threads.
LogStats: Stats thread started at 0.619987
LogD3D11RHI: Loaded GFSDK_Aftermath_Lib.x64.dll
LogICUInternationalization: ICU TimeZone Detection - Raw Offset: +0:00, Platform Override: ''
LogPluginManager: Mounting plugin Paper2D
LogPluginManager: Mounting plugin AISupport
LogPluginManager: Mounting plugin LightPropagationVolume
LogPluginManager: Mounting plugin ActorLayerUtilities
LogPluginManager: Mounting plugin AnimationSharing
LogPluginManager: Mounting plugin CLionSourceCodeAccess
LogPluginManager: Mounting plugin CodeLiteSourceCodeAccess
LogPluginManager: Mounting plugin GitSourceControl
LogPluginManager: Mounting plugin KDevelopSourceCodeAccess
LogPluginManager: Mounting plugin NullSourceCodeAccess
LogPluginManager: Mounting plugin PerforceSourceControl
LogPluginManager: Mounting plugin SubversionSourceControl
LogPluginManager: Mounting plugin UObjectPlugin
LogPluginManager: Mounting plugin VisualStudioCodeSourceCodeAccess
LogPluginManager: Mounting plugin VisualStudioSourceCodeAccess
LogPluginManager: Mounting plugin XCodeSourceCodeAccess
LogPluginManager: Mounting plugin AssetManagerEditor
LogPluginManager: Mounting plugin CryptoKeys
LogPluginManager: Mounting plugin DataValidation
LogPluginManager: Mounting plugin FacialAnimation
LogPluginManager: Mounting plugin GameplayTagsEditor
LogPluginManager: Mounting plugin MacGraphicsSwitching
LogPluginManager: Mounting plugin MaterialAnalyzer
LogPluginManager: Mounting plugin MobileLauncherProfileWizard
LogPluginManager: Mounting plugin PluginBrowser
LogPluginManager: Mounting plugin SpeedTreeImporter
LogPluginManager: Mounting plugin DatasmithContent
LogPluginManager: Mounting plugin VariantManagerContent
LogPluginManager: Mounting plugin AlembicImporter
LogPluginManager: Mounting plugin AppleImageUtils
LogPluginManager: Mounting plugin AppleVision
LogPluginManager: Mounting plugin BackChannel
LogPluginManager: Mounting plugin CharacterAI
LogPluginManager: Mounting plugin GeometryCache
LogPluginManager: Mounting plugin HTML5Networking
LogPluginManager: Mounting plugin ProxyLODPlugin
LogPluginManager: Mounting plugin SkeletalReduction
LogPluginManager: Mounting plugin MagicLeap
LogPluginManager: Mounting plugin MagicLeapMedia
LogPluginManager: Mounting plugin AndroidMedia
LogPluginManager: Mounting plugin AvfMedia
LogPluginManager: Mounting plugin ImgMedia
LogPluginManager: Mounting plugin LinearTimecode
LogPluginManager: Mounting plugin MediaCompositing
LogPluginManager: Mounting plugin MediaPlayerEditor
LogPluginManager: Mounting plugin WebMMedia
LogPluginManager: Mounting plugin WmfMedia
LogPluginManager: Mounting plugin TcpMessaging
LogPluginManager: Mounting plugin UdpMessaging
LogPluginManager: Mounting plugin ActorSequence
LogPluginManager: Mounting plugin LevelSequenceEditor
LogPluginManager: Mounting plugin MatineeToLevelSequence
LogPluginManager: Mounting plugin NetcodeUnitTest
LogPluginManager: Mounting plugin NUTUnrealEngine4
LogPluginManager: Mounting plugin OnlineSubsystemGooglePlay
LogPluginManager: Mounting plugin OnlineSubsystemIOS
LogPluginManager: Mounting plugin OnlineSubsystem
LogPluginManager: Mounting plugin OnlineSubsystemNull
LogPluginManager: Mounting plugin OnlineSubsystemUtils
LogPluginManager: Mounting plugin LauncherChunkInstaller
LogPluginManager: Mounting plugin AndroidDeviceProfileSelector
LogPluginManager: Mounting plugin AndroidMoviePlayer
LogPluginManager: Mounting plugin AndroidPermission
LogPluginManager: Mounting plugin ApexDestruction
LogPluginManager: Mounting plugin AppleMoviePlayer
LogPluginManager: Mounting plugin ArchVisCharacter
LogPluginManager: Mounting plugin AudioCapture
LogPluginManager: Mounting plugin CableComponent
LogPluginManager: Mounting plugin CustomMeshComponent
LogPluginManager: Mounting plugin EditableMesh
LogPluginManager: Mounting plugin ExampleDeviceProfileSelector
LogPluginManager: Mounting plugin Firebase
LogPluginManager: Mounting plugin GoogleCloudMessaging
LogPluginManager: Mounting plugin IOSDeviceProfileSelector
LogPluginManager: Mounting plugin LinuxDeviceProfileSelector
LogPluginManager: Mounting plugin LocationServicesBPLibrary
LogPluginManager: Mounting plugin MobilePatchingUtils
LogPluginManager: Mounting plugin OculusVR
LogPluginManager: Mounting plugin PhysXVehicles
LogPluginManager: Mounting plugin ProceduralMeshComponent
LogPluginManager: Mounting plugin RuntimePhysXCooking
LogPluginManager: Mounting plugin SignificanceManager
LogPluginManager: Mounting plugin SteamVR
LogPluginManager: Mounting plugin WebMMoviePlayer
LogPluginManager: Mounting plugin WindowsMoviePlayer
LogInit: Using libcurl 7.55.1-DEV
LogInit:  - built for x86_64-pc-win32
LogInit:  - supports SSL with OpenSSL/1.1.1
LogInit:  - supports HTTP deflate (compression) using libz 1.2.8
LogInit:  - other features:
LogInit:      CURL_VERSION_SSL
LogInit:      CURL_VERSION_LIBZ
LogInit:      CURL_VERSION_IPV6
LogInit:      CURL_VERSION_ASYNCHDNS
LogInit:      CURL_VERSION_LARGEFILE
LogInit:      CURL_VERSION_IDN
LogInit:  CurlRequestOptions (configurable via config and command line):
LogInit:  - bVerifyPeer = true  - Libcurl will verify peer certificate
LogInit:  - bUseHttpProxy = false  - Libcurl will NOT use HTTP proxy
LogInit:  - bDontReuseConnections = false  - Libcurl will reuse connections
LogInit:  - MaxHostConnections = 16  - Libcurl will limit the number of connections to a host
LogInit:  - LocalHostAddr = Default
LogInit:  - BufferSize = 65536
LogInit: WinSock: version 1.1 (2.2), MaxSocks=32767, MaxUdp=65467
LogHMD: Failed initializing OVRPlugin 1.32.0
LogInit: Build: ++UE4+Release-4.22-CL-7053642
LogInit: Engine Version: 4.22.3-7053642+++UE4+Release-4.22
LogInit: Compatible Engine Version: 4.22.0-5660361+++UE4+Release-4.22
LogInit: Net CL: 5660361
LogInit: OS: Windows 10 (Release 1903) (), CPU: Intel(R) Core(TM) i9-9900K CPU @ 3.60GHz, GPU: NVIDIA GeForce RTX 2080
LogInit: Compiled (64-bit): Jun 18 2019 03:09:11
LogInit: Compiled with Visual C++: 19.16.27025.01
LogInit: Build Configuration: Development
LogInit: Branch Name: ++UE4+Release-4.22
LogInit: Command Line:  -skipcompile
LogInit: Base Directory: C:/UE_4.22/UE_4.22/Engine/Binaries/Win64/
LogInit: Installed Engine Build: 1
LogDevObjectVersion: Number of dev versions registered: 23
LogDevObjectVersion:   Dev-Blueprints (B0D832E4-1F89-4F0D-ACCF-7EB736FD4AA2): 10
LogDevObjectVersion:   Dev-Build (E1C64328-A22C-4D53-A36C-8E866417BD8C): 0
LogDevObjectVersion:   Dev-Core (375EC13C-06E4-48FB-B500-84F0262A717E): 3
LogDevObjectVersion:   Dev-Editor (E4B068ED-F494-42E9-A231-DA0B2E46BB41): 30
LogDevObjectVersion:   Dev-Framework (CFFC743F-43B0-4480-9391-14DF171D2073): 35
LogDevObjectVersion:   Dev-Mobile (B02B49B5-BB20-44E9-A304-32B752E40360): 2
LogDevObjectVersion:   Dev-Networking (A4E4105C-59A1-49B5-A7C5-40C4547EDFEE): 0
LogDevObjectVersion:   Dev-Online (39C831C9-5AE6-47DC-9A44-9C173E1C8E7C): 0
LogDevObjectVersion:   Dev-Physics (78F01B33-EBEA-4F98-B9B4-84EACCB95AA2): 0
LogDevObjectVersion:   Dev-Platform (6631380F-2D4D-43E0-8009-CF276956A95A): 0
LogDevObjectVersion:   Dev-Rendering (12F88B9F-8875-4AFC-A67C-D90C383ABD29): 28
LogDevObjectVersion:   Dev-Sequencer (7B5AE74C-D270-4C10-A958-57980B212A5A): 11
LogDevObjectVersion:   Dev-VR (D7296918-1DD6-4BDD-9DE2-64A83CC13884): 2
LogDevObjectVersion:   Dev-LoadTimes (C2A15278-BFE7-4AFE-6C17-90FF531DF755): 1
LogDevObjectVersion:   Private-Geometry (6EACA3D4-40EC-4CC1-B786-8BED09428FC5): 3
LogDevObjectVersion:   Dev-AnimPhys (29E575DD-E0A3-4627-9D10-D276232CDCEA): 17
LogDevObjectVersion:   Dev-Anim (AF43A65D-7FD3-4947-9873-3E8ED9C1BB05): 2
LogDevObjectVersion:   Dev-ReflectionCapture (6B266CEC-1EC7-4B8F-A30B-E4D90942FC07): 1
LogDevObjectVersion:   Dev-Automation (0DF73D61-A23F-47EA-B727-89E90C41499A): 1
LogDevObjectVersion:   FortniteMain (601D1886-AC64-4F84-AA16-D3DE0DEAC7D6): 25
LogDevObjectVersion:   Dev-Enterprise (9DFFBCD6-494F-0158-E221-12823C92A888): 6
LogDevObjectVersion:   Dev-Niagara (F2AED0AC-9AFE-416F-8664-AA7FFA26D6FC): 1
LogDevObjectVersion:   Dev-Destruction (174F1F0B-B4C6-45A5-B13F-2EE8D0FB917D): 2
LogInit: Presizing for max 16777216 objects, including 0 objects not considered by GC, pre-allocating 0 bytes for permanent pool.
LogInit: Object subsystem initialized
LogConfig: Setting CVar [[con.DebugEarlyDefault:1]]
LogConfig: Setting CVar [[r.setres:1280x720]]
[2020.11.27-19.32.45:479][  0]LogConfig: Setting CVar [[r.VSync:0]]
[2020.11.27-19.32.45:479][  0]LogConfig: Setting CVar [[r.RHICmdBypass:0]]
[2020.11.27-19.32.45:479][  0]LogConfig: Applying CVar settings from Section [/Script/Engine.RendererSettings] File [C:/Users/1804824/Desktop/UnrealYouTubeRepo/UnrealAnimationPracticeVids/MyProject/Saved/Config/Windows/Engine.ini]
[2020.11.27-19.32.45:479][  0]LogConfig: Setting CVar [[r.GPUCrashDebugging:0]]
[2020.11.27-19.32.45:479][  0]LogConfig: Applying CVar settings from Section [/Script/Engine.RendererOverrideSettings] File [C:/Users/1804824/Desktop/UnrealYouTubeRepo/UnrealAnimationPracticeVids/MyProject/Saved/Config/Windows/Engine.ini]
[2020.11.27-19.32.45:479][  0]LogConfig: Applying CVar settings from Section [/Script/Engine.StreamingSettings] File [C:/Users/1804824/Desktop/UnrealYouTubeRepo/UnrealAnimationPracticeVids/MyProject/Saved/Config/Windows/Engine.ini]
[2020.11.27-19.32.45:480][  0]LogConfig: Setting CVar [[s.MinBulkDataSizeForAsyncLoading:131072]]
[2020.11.27-19.32.45:480][  0]LogConfig: Setting CVar [[s.AsyncLoadingThreadEnabled:0]]
[2020.11.27-19.32.45:480][  0]LogConfig: Setting CVar [[s.EventDrivenLoaderEnabled:1]]
[2020.11.27-19.32.45:480][  0]LogConfig: Setting CVar [[s.WarnIfTimeLimitExceeded:0]]
[2020.11.27-19.32.45:480][  0]LogConfig: Setting CVar [[s.TimeLimitExceededMultiplier:1.5]]
[2020.11.27-19.32.45:480][  0]LogConfig: Setting CVar [[s.TimeLimitExceededMinTime:0.005]]
[2020.11.27-19.32.45:480][  0]LogConfig: Setting CVar [[s.UseBackgroundLevelStreaming:1]]
[2020.11.27-19.32.45:480][  0]LogConfig: Setting CVar [[s.PriorityAsyncLoadingExtraTime:15.0]]
[2020.11.27-19.32.45:480][  0]LogConfig: Setting CVar [[s.LevelStreamingActorsUpdateTimeLimit:5.0]]
[2020.11.27-19.32.45:480][  0]LogConfig: Setting CVar [[s.PriorityLevelStreamingActorsUpdateExtraTime:5.0]]
[2020.11.27-19.32.45:480][  0]LogConfig: Setting CVar [[s.LevelStreamingComponentsRegistrationGranularity:10]]
[2020.11.27-19.32.45:480][  0]LogConfig: Setting CVar [[s.UnregisterComponentsTimeLimit:1.0]]
[2020.11.27-19.32.45:480][  0]LogConfig: Setting CVar [[s.LevelStreamingComponentsUnregistrationGranularity:5]]
[2020.11.27-19.32.45:481][  0]LogConfig: Applying CVar settings from Section [/Script/Engine.GarbageCollectionSettings] File [C:/Users/1804824/Desktop/UnrealYouTubeRepo/UnrealAnimationPracticeVids/MyProject/Saved/Config/Windows/Engine.ini]
[2020.11.27-19.32.45:481][  0]LogConfig: Setting CVar [[gc.MaxObjectsNotConsideredByGC:1]]
[2020.11.27-19.32.45:481][  0]LogConfig: Setting CVar [[gc.SizeOfPermanentObjectPool:0]]
[2020.11.27-19.32.45:481][  0]LogConfig: Setting CVar [[gc.FlushStreamingOnGC:0]]
[2020.11.27-19.32.45:481][  0]LogConfig: Setting CVar [[gc.NumRetriesBeforeForcingGC:10]]
[2020.11.27-19.32.45:481][  0]LogConfig: Setting CVar [[gc.AllowParallelGC:1]]
[2020.11.27-19.32.45:481][  0]LogConfig: Setting CVar [[gc.TimeBetweenPurgingPendingKillObjects:61.1]]
[2020.11.27-19.32.45:481][  0]LogConfig: Setting CVar [[gc.MaxObjectsInEditor:16777216]]
[2020.11.27-19.32.45:481][  0]LogConfig: Setting CVar [[gc.IncrementalBeginDestroyEnabled:1]]
[2020.11.27-19.32.45:481][  0]LogConfig: Setting CVar [[gc.CreateGCClusters:1]]
[2020.11.27-19.32.45:481][  0]LogConfig: Setting CVar [[gc.MinGCClusterSize:5]]
[2020.11.27-19.32.45:481][  0]LogConfig: Setting CVar [[gc.ActorClusteringEnabled:0]]
[2020.11.27-19.32.45:481][  0]LogConfig: Setting CVar [[gc.BlueprintClusteringEnabled:0]]
[2020.11.27-19.32.45:481][  0]LogConfig: Setting CVar [[gc.UseDisregardForGCOnDedicatedServers:0]]
[2020.11.27-19.32.45:481][  0]LogConfig: Applying CVar settings from Section [/Script/Engine.NetworkSettings] File [C:/Users/1804824/Desktop/UnrealYouTubeRepo/UnrealAnimationPracticeVids/MyProject/Saved/Config/Windows/Engine.ini]
[2020.11.27-19.32.45:481][  0]LogConfig: Applying CVar settings from Section [/Script/UnrealEd.CookerSettings] File [C:/Users/1804824/Desktop/UnrealYouTubeRepo/UnrealAnimationPracticeVids/MyProject/Saved/Config/Windows/Engine.ini]
[2020.11.27-19.32.45:487][  0]LogConfig: Applying CVar settings from Section [ViewDistanceQuality@3] File [C:/Users/1804824/Desktop/UnrealYouTubeRepo/UnrealAnimationPracticeVids/MyProject/Saved/Config/Windows/Scalability.ini]
[2020.11.27-19.32.45:487][  0]LogConfig: Setting CVar [[r.SkeletalMeshLODBias:0]]
[2020.11.27-19.32.45:487][  0]LogConfig: Setting CVar [[r.ViewDistanceScale:1.0]]
[2020.11.27-19.32.45:487][  0]LogConfig: Applying CVar settings from Section [AntiAliasingQuality@3] File [C:/Users/1804824/Desktop/UnrealYouTubeRepo/UnrealAnimationPracticeVids/MyProject/Saved/Config/Windows/Scalability.ini]
[2020.11.27-19.32.45:488][  0]LogConfig: Setting CVar [[r.PostProcessAAQuality:4]]
[2020.11.27-19.32.45:488][  0]LogConfig: Applying CVar settings from Section [ShadowQuality@3] File [C:/Users/1804824/Desktop/UnrealYouTubeRepo/UnrealAnimationPracticeVids/MyProject/Saved/Config/Windows/Scalability.ini]
[2020.11.27-19.32.45:488][  0]LogConfig: Setting CVar [[r.LightFunctionQuality:1]]
[2020.11.27-19.32.45:488][  0]LogConfig: Setting CVar [[r.ShadowQuality:5]]
[2020.11.27-19.32.45:488][  0]LogConfig: Setting CVar [[r.Shadow.CSM.MaxCascades:10]]
[2020.11.27-19.32.45:488][  0]LogConfig: Setting CVar [[r.Shadow.MaxResolution:2048]]
[2020.11.27-19.32.45:488][  0]LogConfig: Setting CVar [[r.Shadow.MaxCSMResolution:2048]]
[2020.11.27-19.32.45:488][  0]LogConfig: Setting CVar [[r.Shadow.RadiusThreshold:0.01]]
[2020.11.27-19.32.45:488][  0]LogConfig: Setting CVar [[r.Shadow.DistanceScale:1.0]]
[2020.11.27-19.32.45:488][  0]LogConfig: Setting CVar [[r.Shadow.CSM.TransitionScale:1.0]]
[2020.11.27-19.32.45:488][  0]LogConfig: Setting CVar [[r.Shadow.PreShadowResolutionFactor:1.0]]
[2020.11.27-19.32.45:488][  0]LogConfig: Setting CVar [[r.DistanceFieldShadowing:1]]
[2020.11.27-19.32.45:488][  0]LogConfig: Setting CVar [[r.DistanceFieldAO:1]]
[2020.11.27-19.32.45:488][  0]LogConfig: Setting CVar [[r.AOQuality:2]]
[2020.11.27-19.32.45:488][  0]LogConfig: Setting CVar [[r.VolumetricFog:1]]
[2020.11.27-19.32.45:488][  0]LogConfig: Setting CVar [[r.VolumetricFog.GridPixelSize:8]]
[2020.11.27-19.32.45:488][  0]LogConfig: Setting CVar [[r.VolumetricFog.GridSizeZ:128]]
[2020.11.27-19.32.45:488][  0]LogConfig: Setting CVar [[r.VolumetricFog.HistoryMissSupersampleCount:4]]
[2020.11.27-19.32.45:488][  0]LogConfig: Setting CVar [[r.LightMaxDrawDistanceScale:1]]
[2020.11.27-19.32.45:488][  0]LogConfig: Setting CVar [[r.CapsuleShadows:1]]
[2020.11.27-19.32.45:488][  0]LogConfig: Applying CVar settings from Section [PostProcessQuality@3] File [C:/Users/1804824/Desktop/UnrealYouTubeRepo/UnrealAnimationPracticeVids/MyProject/Saved/Config/Windows/Scalability.ini]
[2020.11.27-19.32.45:488][  0]LogConfig: Setting CVar [[r.MotionBlurQuality:4]]
[2020.11.27-19.32.45:488][  0]LogConfig: Setting CVar [[r.AmbientOcclusionMipLevelFactor:0.4]]
[2020.11.27-19.32.45:489][  0]LogConfig: Setting CVar [[r.AmbientOcclusionMaxQuality:100]]
[2020.11.27-19.32.45:489][  0]LogConfig: Setting CVar [[r.AmbientOcclusionLevels:-1]]
[2020.11.27-19.32.45:489][  0]LogConfig: Setting CVar [[r.AmbientOcclusionRadiusScale:1.0]]
[2020.11.27-19.32.45:489][  0]LogConfig: Setting CVar [[r.DepthOfFieldQuality:2]]
[2020.11.27-19.32.45:489][  0]LogConfig: Setting CVar [[r.RenderTargetPoolMin:400]]
[2020.11.27-19.32.45:489][  0]LogConfig: Setting CVar [[r.LensFlareQuality:2]]
[2020.11.27-19.32.45:489][  0]LogConfig: Setting CVar [[r.SceneColorFringeQuality:1]]
[2020.11.27-19.32.45:489][  0]LogConfig: Setting CVar [[r.EyeAdaptationQuality:2]]
[2020.11.27-19.32.45:489][  0]LogConfig: Setting CVar [[r.BloomQuality:5]]
[2020.11.27-19.32.45:489][  0]LogConfig: Setting CVar [[r.FastBlurThreshold:100]]
[2020.11.27-19.32.45:489][  0]LogConfig: Setting CVar [[r.Upscale.Quality:3]]
[2020.11.27-19.32.45:489][  0]LogConfig: Setting CVar [[r.Tonemapper.GrainQuantization:1]]
[2020.11.27-19.32.45:489][  0]LogConfig: Setting CVar [[r.LightShaftQuality:1]]
[2020.11.27-19.32.45:489][  0]LogConfig: Setting CVar [[r.Filter.SizeScale:1]]
[2020.11.27-19.32.45:489][  0]LogConfig: Setting CVar [[r.Tonemapper.Quality:5]]
[2020.11.27-19.32.45:489][  0]LogConfig: Setting CVar [[r.DOF.Gather.AccumulatorQuality:1        ; higher gathering accumulator quality]]
[2020.11.27-19.32.45:489][  0]LogConfig: Setting CVar [[r.DOF.Gather.PostfilterMethod:1          ; Median3x3 postfilering method]]
[2020.11.27-19.32.45:489][  0]LogConfig: Setting CVar [[r.DOF.Gather.EnableBokehSettings:0       ; no bokeh simulation when gathering]]
[2020.11.27-19.32.45:489][  0]LogConfig: Setting CVar [[r.DOF.Gather.RingCount:4                 ; medium number of samples when gathering]]
[2020.11.27-19.32.45:489][  0]LogConfig: Setting CVar [[r.DOF.Scatter.ForegroundCompositing:1    ; additive foreground scattering]]
[2020.11.27-19.32.45:489][  0]LogConfig: Setting CVar [[r.DOF.Scatter.BackgroundCompositing:2    ; additive background scattering]]
[2020.11.27-19.32.45:489][  0]LogConfig: Setting CVar [[r.DOF.Scatter.EnableBokehSettings:1      ; bokeh simulation when scattering]]
[2020.11.27-19.32.45:489][  0]LogConfig: Setting CVar [[r.DOF.Scatter.MaxSpriteRatio:0.1         ; only a maximum of 10% of scattered bokeh]]
[2020.11.27-19.32.45:489][  0]LogConfig: Setting CVar [[r.DOF.Recombine.Quality:1                ; cheap slight out of focus]]
[2020.11.27-19.32.45:490][  0]LogConfig: Setting CVar [[r.DOF.Recombine.EnableBokehSettings:0    ; no bokeh simulation on slight out of focus]]
[2020.11.27-19.32.45:490][  0]LogConfig: Setting CVar [[r.DOF.TemporalAAQuality:1                ; more stable temporal accumulation]]
[2020.11.27-19.32.45:490][  0]LogConfig: Setting CVar [[r.DOF.Kernel.MaxForegroundRadius:0.025]]
[2020.11.27-19.32.45:490][  0]LogConfig: Setting CVar [[r.DOF.Kernel.MaxBackgroundRadius:0.025]]
[2020.11.27-19.32.45:490][  0]LogConfig: Applying CVar settings from Section [TextureQuality@3] File [C:/Users/1804824/Desktop/UnrealYouTubeRepo/UnrealAnimationPracticeVids/MyProject/Saved/Config/Windows/Scalability.ini]
[2020.11.27-19.32.45:490][  0]LogConfig: Setting CVar [[r.Streaming.MipBias:0]]
[2020.11.27-19.32.45:490][  0]LogConfig: Setting CVar [[r.Streaming.AmortizeCPUToGPUCopy:0]]
[2020.11.27-19.32.45:490][  0]LogConfig: Setting CVar [[r.Streaming.MaxNumTexturesToStreamPerFrame:0]]
[2020.11.27-19.32.45:490][  0]LogConfig: Setting CVar [[r.Streaming.Boost:1]]
[2020.11.27-19.32.45:490][  0]LogConfig: Setting CVar [[r.MaxAnisotropy:8]]
[2020.11.27-19.32.45:490][  0]LogConfig: Setting CVar [[r.Streaming.LimitPoolSizeToVRAM:0]]
[2020.11.27-19.32.45:490][  0]LogConfig: Setting CVar [[r.Streaming.PoolSize:1000]]
[2020.11.27-19.32.45:490][  0]LogConfig: Setting CVar [[r.Streaming.MaxEffectiveScreenSize:0]]
[2020.11.27-19.32.45:490][  0]LogConfig: Applying CVar settings from Section [EffectsQuality@3] File [C:/Users/1804824/Desktop/UnrealYouTubeRepo/UnrealAnimationPracticeVids/MyProject/Saved/Config/Windows/Scalability.ini]
[2020.11.27-19.32.45:490][  0]LogConfig: Setting CVar [[r.TranslucencyLightingVolumeDim:64]]
[2020.11.27-19.32.45:490][  0]LogConfig: Setting CVar [[r.RefractionQuality:2]]
[2020.11.27-19.32.45:490][  0]LogConfig: Setting CVar [[r.SSR.Quality:3]]
[2020.11.27-19.32.45:490][  0]LogConfig: Setting CVar [[r.SceneColorFormat:4]]
[2020.11.27-19.32.45:490][  0]LogConfig: Setting CVar [[r.DetailMode:2]]
[2020.11.27-19.32.45:490][  0]LogConfig: Setting CVar [[r.TranslucencyVolumeBlur:1]]
[2020.11.27-19.32.45:490][  0]LogConfig: Setting CVar [[r.MaterialQualityLevel:1 ; High quality]]
[2020.11.27-19.32.45:490][  0]LogConfig: Setting CVar [[r.SSS.Scale:1]]
[2020.11.27-19.32.45:490][  0]LogConfig: Setting CVar [[r.SSS.SampleSet:2]]
[2020.11.27-19.32.45:490][  0]LogConfig: Setting CVar [[r.SSS.Quality:1]]
[2020.11.27-19.32.45:490][  0]LogConfig: Setting CVar [[r.SSS.HalfRes:1]]
[2020.11.27-19.32.45:490][  0]LogConfig: Setting CVar [[r.EmitterSpawnRateScale:1.0]]
[2020.11.27-19.32.45:491][  0]LogConfig: Setting CVar [[r.ParticleLightQuality:2]]
[2020.11.27-19.32.45:491][  0]LogConfig: Applying CVar settings from Section [FoliageQuality@3] File [C:/Users/1804824/Desktop/UnrealYouTubeRepo/UnrealAnimationPracticeVids/MyProject/Saved/Config/Windows/Scalability.ini]
[2020.11.27-19.32.45:491][  0]LogConfig: Setting CVar [[foliage.DensityScale:1.0]]
[2020.11.27-19.32.45:491][  0]LogConfig: Setting CVar [[grass.DensityScale:1.0]]
[2020.11.27-19.32.45:491][  0]LogInit: Selected Device Profile: [Windows]
[2020.11.27-19.32.45:491][  0]LogInit: Applying CVar settings loaded from the selected device profile: [Windows]
[2020.11.27-19.32.45:499][  0]LogHAL: Display: Platform has ~ 32 GB [34169503744 / 34359738368 / 32], which maps to Largest [LargestMinGB=32, LargerMinGB=12, DefaultMinGB=8, SmallerMinGB=6, SmallestMinGB=0)
[2020.11.27-19.32.45:499][  0]LogConfig: Setting CVar [[r.Vulkan.UseRealUBs:0		; Required until we fix HLR fall-out]]
[2020.11.27-19.32.45:499][  0]LogInit: Going up to parent DeviceProfile []
[2020.11.27-19.32.45:499][  0]LogConfig: Applying CVar settings from Section [ViewDistanceQuality@3] File [C:/Users/1804824/Desktop/UnrealYouTubeRepo/UnrealAnimationPracticeVids/MyProject/Saved/Config/Windows/Scalability.ini]
[2020.11.27-19.32.45:499][  0]LogConfig: Setting CVar [[r.SkeletalMeshLODBias:0]]
[2020.11.27-19.32.45:499][  0]LogConfig: Setting CVar [[r.ViewDistanceScale:1.0]]
[2020.11.27-19.32.45:500][  0]LogConfig: Applying CVar settings from Section [AntiAliasingQuality@3] File [C:/Users/1804824/Desktop/UnrealYouTubeRepo/UnrealAnimationPracticeVids/MyProject/Saved/Config/Windows/Scalability.ini]
[2020.11.27-19.32.45:500][  0]LogConfig: Setting CVar [[r.PostProcessAAQuality:4]]
[2020.11.27-19.32.45:500][  0]LogConfig: Applying CVar settings from Section [ShadowQuality@3] File [C:/Users/1804824/Desktop/UnrealYouTubeRepo/UnrealAnimationPracticeVids/MyProject/Saved/Config/Windows/Scalability.ini]
[2020.11.27-19.32.45:500][  0]LogConfig: Setting CVar [[r.LightFunctionQuality:1]]
[2020.11.27-19.32.45:500][  0]LogConfig: Setting CVar [[r.ShadowQuality:5]]
[2020.11.27-19.32.45:500][  0]LogConfig: Setting CVar [[r.Shadow.CSM.MaxCascades:10]]
[2020.11.27-19.32.45:500][  0]LogConfig: Setting CVar [[r.Shadow.MaxResolution:2048]]
[2020.11.27-19.32.45:500][  0]LogConfig: Setting CVar [[r.Shadow.MaxCSMResolution:2048]]
[2020.11.27-19.32.45:500][  0]LogConfig: Setting CVar [[r.Shadow.RadiusThreshold:0.01]]
[2020.11.27-19.32.45:500][  0]LogConfig: Setting CVar [[r.Shadow.DistanceScale:1.0]]
[2020.11.27-19.32.45:500][  0]LogConfig: Setting CVar [[r.Shadow.CSM.TransitionScale:1.0]]
[2020.11.27-19.32.45:500][  0]LogConfig: Setting CVar [[r.Shadow.PreShadowResolutionFactor:1.0]]
[2020.11.27-19.32.45:500][  0]LogConfig: Setting CVar [[r.DistanceFieldShadowing:1]]
[2020.11.27-19.32.45:500][  0]LogConfig: Setting CVar [[r.DistanceFieldAO:1]]
[2020.11.27-19.32.45:500][  0]LogConfig: Setting CVar [[r.AOQuality:2]]
[2020.11.27-19.32.45:500][  0]LogConfig: Setting CVar [[r.VolumetricFog:1]]
[2020.11.27-19.32.45:500][  0]LogConfig: Setting CVar [[r.VolumetricFog.GridPixelSize:8]]
[2020.11.27-19.32.45:501][  0]LogConfig: Setting CVar [[r.VolumetricFog.GridSizeZ:128]]
[2020.11.27-19.32.45:501][  0]LogConfig: Setting CVar [[r.VolumetricFog.HistoryMissSupersampleCount:4]]
[2020.11.27-19.32.45:501][  0]LogConfig: Setting CVar [[r.LightMaxDrawDistanceScale:1]]
[2020.11.27-19.32.45:501][  0]LogConfig: Setting CVar [[r.CapsuleShadows:1]]
[2020.11.27-19.32.45:501][  0]LogConfig: Applying CVar settings from Section [PostProcessQuality@3] File [C:/Users/1804824/Desktop/UnrealYouTubeRepo/UnrealAnimationPracticeVids/MyProject/Saved/Config/Windows/Scalability.ini]
[2020.11.27-19.32.45:501][  0]LogConfig: Setting CVar [[r.MotionBlurQuality:4]]
[2020.11.27-19.32.45:501][  0]LogConfig: Setting CVar [[r.AmbientOcclusionMipLevelFactor:0.4]]
[2020.11.27-19.32.45:501][  0]LogConfig: Setting CVar [[r.AmbientOcclusionMaxQuality:100]]
[2020.11.27-19.32.45:501][  0]LogConfig: Setting CVar [[r.AmbientOcclusionLevels:-1]]
[2020.11.27-19.32.45:501][  0]LogConfig: Setting CVar [[r.AmbientOcclusionRadiusScale:1.0]]
[2020.11.27-19.32.45:501][  0]LogConfig: Setting CVar [[r.DepthOfFieldQuality:2]]
[2020.11.27-19.32.45:501][  0]LogConfig: Setting CVar [[r.RenderTargetPoolMin:400]]
[2020.11.27-19.32.45:501][  0]LogConfig: Setting CVar [[r.LensFlareQuality:2]]
[2020.11.27-19.32.45:501][  0]LogConfig: Setting CVar [[r.SceneColorFringeQuality:1]]
[2020.11.27-19.32.45:501][  0]LogConfig: Setting CVar [[r.EyeAdaptationQuality:2]]
[2020.11.27-19.32.45:501][  0]LogConfig: Setting CVar [[r.BloomQuality:5]]
[2020.11.27-19.32.45:501][  0]LogConfig: Setting CVar [[r.FastBlurThreshold:100]]
[2020.11.27-19.32.45:501][  0]LogConfig: Setting CVar [[r.Upscale.Quality:3]]
[2020.11.27-19.32.45:501][  0]LogConfig: Setting CVar [[r.Tonemapper.GrainQuantization:1]]
[2020.11.27-19.32.45:501][  0]LogConfig: Setting CVar [[r.LightShaftQuality:1]]
[2020.11.27-19.32.45:501][  0]LogConfig: Setting CVar [[r.Filter.SizeScale:1]]
[2020.11.27-19.32.45:501][  0]LogConfig: Setting CVar [[r.Tonemapper.Quality:5]]
[2020.11.27-19.32.45:501][  0]LogConfig: Setting CVar [[r.DOF.Gather.AccumulatorQuality:1        ; higher gathering accumulator quality]]
[2020.11.27-19.32.45:501][  0]LogConfig: Setting CVar [[r.DOF.Gather.PostfilterMethod:1          ; Median3x3 postfilering method]]
[2020.11.27-19.32.45:502][  0]LogConfig: Setting CVar [[r.DOF.Gather.EnableBokehSettings:0       ; no bokeh simulation when gathering]]
[2020.11.27-19.32.45:502][  0]LogConfig: Setting CVar [[r.DOF.Gather.RingCount:4                 ; medium number of samples when gathering]]
[2020.11.27-19.32.45:502][  0]LogConfig: Setting CVar [[r.DOF.Scatter.ForegroundCompositing:1    ; additive foreground scattering]]
[2020.11.27-19.32.45:502][  0]LogConfig: Setting CVar [[r.DOF.Scatter.BackgroundCompositing:2    ; additive background scattering]]
[2020.11.27-19.32.45:502][  0]LogConfig: Setting CVar [[r.DOF.Scatter.EnableBokehSettings:1      ; bokeh simulation when scattering]]
[2020.11.27-19.32.45:502][  0]LogConfig: Setting CVar [[r.DOF.Scatter.MaxSpriteRatio:0.1         ; only a maximum of 10% of scattered bokeh]]
[2020.11.27-19.32.45:502][  0]LogConfig: Setting CVar [[r.DOF.Recombine.Quality:1                ; cheap slight out of focus]]
[2020.11.27-19.32.45:502][  0]LogConfig: Setting CVar [[r.DOF.Recombine.EnableBokehSettings:0    ; no bokeh simulation on slight out of focus]]
[2020.11.27-19.32.45:502][  0]LogConfig: Setting CVar [[r.DOF.TemporalAAQuality:1                ; more stable temporal accumulation]]
[2020.11.27-19.32.45:502][  0]LogConfig: Setting CVar [[r.DOF.Kernel.MaxForegroundRadius:0.025]]
[2020.11.27-19.32.45:502][  0]LogConfig: Setting CVar [[r.DOF.Kernel.MaxBackgroundRadius:0.025]]
[2020.11.27-19.32.45:502][  0]LogConfig: Applying CVar settings from Section [TextureQuality@3] File [C:/Users/1804824/Desktop/UnrealYouTubeRepo/UnrealAnimationPracticeVids/MyProject/Saved/Config/Windows/Scalability.ini]
[2020.11.27-19.32.45:502][  0]LogConfig: Setting CVar [[r.Streaming.MipBias:0]]
[2020.11.27-19.32.45:502][  0]LogConfig: Setting CVar [[r.Streaming.AmortizeCPUToGPUCopy:0]]
[2020.11.27-19.32.45:502][  0]LogConfig: Setting CVar [[r.Streaming.MaxNumTexturesToStreamPerFrame:0]]
[2020.11.27-19.32.45:502][  0]LogConfig: Setting CVar [[r.Streaming.Boost:1]]
[2020.11.27-19.32.45:502][  0]LogConfig: Setting CVar [[r.MaxAnisotropy:8]]
[2020.11.27-19.32.45:502][  0]LogConfig: Setting CVar [[r.Streaming.LimitPoolSizeToVRAM:0]]
[2020.11.27-19.32.45:502][  0]LogConfig: Setting CVar [[r.Streaming.PoolSize:1000]]
[2020.11.27-19.32.45:502][  0]LogConfig: Setting CVar [[r.Streaming.MaxEffectiveScreenSize:0]]
[2020.11.27-19.32.45:502][  0]LogConfig: Applying CVar settings from Section [EffectsQuality@3] File [C:/Users/1804824/Desktop/UnrealYouTubeRepo/UnrealAnimationPracticeVids/MyProject/Saved/Config/Windows/Scalability.ini]
[2020.11.27-19.32.45:502][  0]LogConfig: Setting CVar [[r.TranslucencyLightingVolumeDim:64]]
[2020.11.27-19.32.45:502][  0]LogConfig: Setting CVar [[r.RefractionQuality:2]]
[2020.11.27-19.32.45:502][  0]LogConfig: Setting CVar [[r.SSR.Quality:3]]
[2020.11.27-19.32.45:502][  0]LogConfig: Setting CVar [[r.SceneColorFormat:4]]
[2020.11.27-19.32.45:503][  0]LogConfig: Setting CVar [[r.DetailMode:2]]
[2020.11.27-19.32.45:503][  0]LogConfig: Setting CVar [[r.TranslucencyVolumeBlur:1]]
[2020.11.27-19.32.45:503][  0]LogConfig: Setting CVar [[r.MaterialQualityLevel:1 ; High quality]]
[2020.11.27-19.32.45:503][  0]LogConfig: Setting CVar [[r.SSS.Scale:1]]
[2020.11.27-19.32.45:503][  0]LogConfig: Setting CVar [[r.SSS.SampleSet:2]]
[2020.11.27-19.32.45:503][  0]LogConfig: Setting CVar [[r.SSS.Quality:1]]
[2020.11.27-19.32.45:503][  0]LogConfig: Setting CVar [[r.SSS.HalfRes:1]]
[2020.11.27-19.32.45:503][  0]LogConfig: Setting CVar [[r.EmitterSpawnRateScale:1.0]]
[2020.11.27-19.32.45:503][  0]LogConfig: Setting CVar [[r.ParticleLightQuality:2]]
[2020.11.27-19.32.45:503][  0]LogConfig: Applying CVar settings from Section [FoliageQuality@3] File [C:/Users/1804824/Desktop/UnrealYouTubeRepo/UnrealAnimationPracticeVids/MyProject/Saved/Config/Windows/Scalability.ini]
[2020.11.27-19.32.45:503][  0]LogConfig: Setting CVar [[foliage.DensityScale:1.0]]
[2020.11.27-19.32.45:503][  0]LogConfig: Setting CVar [[grass.DensityScale:1.0]]
[2020.11.27-19.32.45:503][  0]LogConfig: Applying CVar settings from Section [Startup] File [../../../Engine/Config/ConsoleVariables.ini]
[2020.11.27-19.32.45:503][  0]LogConfig: Setting CVar [[net.UseAdaptiveNetUpdateFrequency:0]]
[2020.11.27-19.32.45:503][  0]LogConfig: Setting CVar [[p.chaos.AllowCreatePhysxBodies:1]]
[2020.11.27-19.32.45:503][  0]LogConfig: Applying CVar settings from Section [ConsoleVariables] File [C:/Users/1804824/Desktop/UnrealYouTubeRepo/UnrealAnimationPracticeVids/MyProject/Saved/Config/Windows/Engine.ini]
[2020.11.27-19.32.45:504][  0]LogInit: Computer: UL04PCJL11D-18
[2020.11.27-19.32.45:504][  0]LogInit: User: 1804824
[2020.11.27-19.32.45:504][  0]LogInit: CPU Page size=4096, Cores=8
[2020.11.27-19.32.45:504][  0]LogInit: High frequency timer resolution =10.000000 MHz
[2020.11.27-19.32.45:504][  0]LogMemory: Memory total: Physical=31.8GB (32GB approx)
[2020.11.27-19.32.45:504][  0]LogMemory: Platform Memory Stats for Windows
[2020.11.27-19.32.45:504][  0]LogMemory: Process Physical Memory: 103.28 MB used, 103.29 MB peak
[2020.11.27-19.32.45:504][  0]LogMemory: Process Virtual Memory: 97.30 MB used, 97.30 MB peak
[2020.11.27-19.32.45:504][  0]LogMemory: Physical Memory: 13390.55 MB used,  19196.03 MB free, 32586.58 MB total
[2020.11.27-19.32.45:504][  0]LogMemory: Virtual Memory: 4682.67 MB used,  134213048.00 MB free, 134217728.00 MB total
[2020.11.27-19.32.45:680][  0]LogInit: Using OS detected language (en-US).
[2020.11.27-19.32.45:680][  0]LogInit: Using OS detected locale (en-GB).
[2020.11.27-19.32.45:681][  0]LogTextLocalizationManager: No specific localization for 'en-US' exists, so the 'en' localization will be used.
[2020.11.27-19.32.45:809][  0]LogInit: Setting process to per monitor DPI aware
[2020.11.27-19.32.45:867][  0]LogSlate: New Slate User Created.  User Index 0, Is Virtual User: 0
[2020.11.27-19.32.45:867][  0]LogSlate: Slate User Registered.  User Index 0, Is Virtual User: 0
[2020.11.27-19.32.46:109][  0]LogHMD: Failed to initialize OpenVR with code 110
[2020.11.27-19.32.46:109][  0]LogD3D11RHI: D3D11 adapters:
[2020.11.27-19.32.46:204][  0]LogD3D11RHI:    0. 'NVIDIA GeForce RTX 2080' (Feature Level 11_0)
[2020.11.27-19.32.46:204][  0]LogD3D11RHI:       8010/0/16293 MB DedicatedVideo/DedicatedSystem/SharedSystem, Outputs:2, VendorId:0x10de
[2020.11.27-19.32.46:245][  0]LogD3D11RHI:    1. 'Intel(R) UHD Graphics 630' (Feature Level 11_0)
[2020.11.27-19.32.46:245][  0]LogD3D11RHI:       128/0/16293 MB DedicatedVideo/DedicatedSystem/SharedSystem, Outputs:0, VendorId:0x8086
[2020.11.27-19.32.46:249][  0]LogD3D11RHI:    2. 'Microsoft Basic Render Driver' (Feature Level 11_0)
[2020.11.27-19.32.46:249][  0]LogD3D11RHI:       0/0/16293 MB DedicatedVideo/DedicatedSystem/SharedSystem, Outputs:0, VendorId:0x1414
[2020.11.27-19.32.46:249][  0]LogD3D11RHI: Chosen D3D11 Adapter: 0
[2020.11.27-19.32.46:261][  0]LogD3D11RHI: Creating new Direct3DDevice
[2020.11.27-19.32.46:261][  0]LogD3D11RHI:     GPU DeviceId: 0x1e87 (for the marketing name, search the web for "GPU Device Id")
[2020.11.27-19.32.46:261][  0]LogWindows: EnumDisplayDevices:
[2020.11.27-19.32.46:261][  0]LogWindows:    0. 'NVIDIA GeForce RTX 2080' (P:1 D:1)
[2020.11.27-19.32.46:262][  0]LogWindows:    1. 'NVIDIA GeForce RTX 2080' (P:0 D:1)
[2020.11.27-19.32.46:262][  0]LogWindows:    2. 'NVIDIA GeForce RTX 2080' (P:0 D:0)
[2020.11.27-19.32.46:262][  0]LogWindows:    3. 'NVIDIA GeForce RTX 2080' (P:0 D:0)
[2020.11.27-19.32.46:263][  0]LogWindows:    4. 'Intel(R) UHD Graphics 630' (P:0 D:0)
[2020.11.27-19.32.46:263][  0]LogWindows:    5. 'Intel(R) UHD Graphics 630' (P:0 D:0)
[2020.11.27-19.32.46:263][  0]LogWindows:    6. 'Intel(R) UHD Graphics 630' (P:0 D:0)
[2020.11.27-19.32.46:263][  0]LogWindows: DebugString: PrimaryIsNotTheChoosenAdapter PrimaryIsNotTheChoosenAdapter PrimaryIsNotTheChoosenAdapter FoundDriverCount:4 
[2020.11.27-19.32.46:263][  0]LogD3D11RHI:     Adapter Name: NVIDIA GeForce RTX 2080
[2020.11.27-19.32.46:263][  0]LogD3D11RHI:   Driver Version: 436.15 (internal:26.21.14.3615, unified:436.15)
[2020.11.27-19.32.46:263][  0]LogD3D11RHI:      Driver Date: 8-24-2019
[2020.11.27-19.32.46:264][  0]LogRHI: Texture pool is 5607 MB (70% of 8010 MB)
[2020.11.27-19.32.46:308][  0]LogD3D11RHI: Async texture creation enabled
[2020.11.27-19.32.46:311][  0]LogRendererCore: FGlobalReadBuffer::InitRHI
[2020.11.27-19.32.46:311][  0]LogRendererCore: FGlobalReadBuffer::InitRHI
[2020.11.27-19.32.46:311][  0]LogRendererCore: FGlobalReadBuffer::InitRHI
[2020.11.27-19.32.46:318][  0]LogD3D11RHI: GPU Timing Frequency: 1000.000000 (Debug: 2 1)
[2020.11.27-19.32.46:628][  0]LogTemp: Display: Module 'AllDesktopTargetPlatform' loaded TargetPlatform 'AllDesktop'
[2020.11.27-19.32.46:640][  0]LogTemp: Display: Module 'MacClientTargetPlatform' loaded TargetPlatform 'MacClient'
[2020.11.27-19.32.46:653][  0]LogTemp: Display: Module 'MacNoEditorTargetPlatform' loaded TargetPlatform 'MacNoEditor'
[2020.11.27-19.32.46:665][  0]LogTemp: Display: Module 'MacServerTargetPlatform' loaded TargetPlatform 'MacServer'
[2020.11.27-19.32.46:679][  0]LogTemp: Display: Module 'MacTargetPlatform' loaded TargetPlatform 'Mac'
[2020.11.27-19.32.46:691][  0]LogTemp: Display: Module 'WindowsClientTargetPlatform' loaded TargetPlatform 'WindowsClient'
[2020.11.27-19.32.46:704][  0]LogTemp: Display: Module 'WindowsNoEditorTargetPlatform' loaded TargetPlatform 'WindowsNoEditor'
[2020.11.27-19.32.46:717][  0]LogTemp: Display: Module 'WindowsServerTargetPlatform' loaded TargetPlatform 'WindowsServer'
[2020.11.27-19.32.46:724][  0]LogTemp: Display: Module 'WindowsTargetPlatform' loaded TargetPlatform 'Windows'
[2020.11.27-19.32.46:785][  0]LogTemp: Display: Module 'AndroidTargetPlatform' loaded TargetPlatform 'Android'
[2020.11.27-19.32.46:785][  0]LogTemp: Display: Module 'AndroidTargetPlatform' loaded TargetPlatform 'Android_ASTC'
[2020.11.27-19.32.46:785][  0]LogTemp: Display: Module 'AndroidTargetPlatform' loaded TargetPlatform 'Android_ATC'
[2020.11.27-19.32.46:785][  0]LogTemp: Display: Module 'AndroidTargetPlatform' loaded TargetPlatform 'Android_DXT'
[2020.11.27-19.32.46:786][  0]LogTemp: Display: Module 'AndroidTargetPlatform' loaded TargetPlatform 'Android_ETC1'
[2020.11.27-19.32.46:786][  0]LogTemp: Display: Module 'AndroidTargetPlatform' loaded TargetPlatform 'Android_ETC1a'
[2020.11.27-19.32.46:786][  0]LogTemp: Display: Module 'AndroidTargetPlatform' loaded TargetPlatform 'Android_ETC2'
[2020.11.27-19.32.46:786][  0]LogTemp: Display: Module 'AndroidTargetPlatform' loaded TargetPlatform 'Android_PVRTC'
[2020.11.27-19.32.46:786][  0]LogTemp: Display: Module 'AndroidTargetPlatform' loaded TargetPlatform 'AndroidClient'
[2020.11.27-19.32.46:786][  0]LogTemp: Display: Module 'AndroidTargetPlatform' loaded TargetPlatform 'Android_ASTCClient'
[2020.11.27-19.32.46:786][  0]LogTemp: Display: Module 'AndroidTargetPlatform' loaded TargetPlatform 'Android_ATCClient'
[2020.11.27-19.32.46:786][  0]LogTemp: Display: Module 'AndroidTargetPlatform' loaded TargetPlatform 'Android_DXTClient'
[2020.11.27-19.32.46:786][  0]LogTemp: Display: Module 'AndroidTargetPlatform' loaded TargetPlatform 'Android_ETC1Client'
[2020.11.27-19.32.46:786][  0]LogTemp: Display: Module 'AndroidTargetPlatform' loaded TargetPlatform 'Android_ETC1aClient'
[2020.11.27-19.32.46:787][  0]LogTemp: Display: Module 'AndroidTargetPlatform' loaded TargetPlatform 'Android_ETC2Client'
[2020.11.27-19.32.46:787][  0]LogTemp: Display: Module 'AndroidTargetPlatform' loaded TargetPlatform 'Android_PVRTCClient'
[2020.11.27-19.32.46:787][  0]LogTemp: Display: Module 'AndroidTargetPlatform' loaded TargetPlatform 'Android_Multi'
[2020.11.27-19.32.46:787][  0]LogTemp: Display: Module 'AndroidTargetPlatform' loaded TargetPlatform 'Android_MultiClient'
[2020.11.27-19.32.46:789][  0]LogTemp: Display: Module 'HTML5TargetPlatform' loaded TargetPlatform 'HTML5'
[2020.11.27-19.32.46:840][  0]LogTemp: Display: Module 'IOSTargetPlatform' loaded TargetPlatform 'IOSClient'
[2020.11.27-19.32.46:840][  0]LogTemp: Display: Module 'IOSTargetPlatform' loaded TargetPlatform 'IOS'
[2020.11.27-19.32.46:860][  0]LogTemp: Display: Module 'TVOSTargetPlatform' loaded TargetPlatform 'TVOSClient'
[2020.11.27-19.32.46:861][  0]LogTemp: Display: Module 'TVOSTargetPlatform' loaded TargetPlatform 'TVOS'
[2020.11.27-19.32.46:872][  0]LogTemp: Display: Module 'LinuxClientTargetPlatform' loaded TargetPlatform 'LinuxClient'
[2020.11.27-19.32.46:884][  0]LogTemp: Display: Module 'LinuxNoEditorTargetPlatform' loaded TargetPlatform 'LinuxNoEditor'
[2020.11.27-19.32.46:896][  0]LogTemp: Display: Module 'LinuxServerTargetPlatform' loaded TargetPlatform 'LinuxServer'
[2020.11.27-19.32.46:908][  0]LogTemp: Display: Module 'LinuxTargetPlatform' loaded TargetPlatform 'Linux'
[2020.11.27-19.32.46:946][  0]LogTemp: Display: Module 'LuminTargetPlatform' loaded TargetPlatform 'Lumin'
[2020.11.27-19.32.46:946][  0]LogTemp: Display: Module 'LuminTargetPlatform' loaded TargetPlatform 'LuminClient'
[2020.11.27-19.32.46:946][  0]LogTargetPlatformManager: Display: Building Assets For Windows
[2020.11.27-19.32.46:961][  0]LogAudioDebug: Display: Lib vorbis DLL was dynamically loaded.
[2020.11.27-19.32.47:027][  0]LogShaderCompilers: Guid format shader working directory is -44 characters bigger than the processId version (../../../../../Users/1804824/Desktop/UnrealYouTubeRepo/UnrealAnimationPracticeVids/MyProject/Intermediate/Shaders/WorkingDirectory/4616/).
[2020.11.27-19.32.47:027][  0]LogShaderCompilers: Cleaned the shader compiler working directory 'C:/Users/1804824/AppData/Local/Temp/UnrealShaderWorkingDir/48F6F9604484BE45D0A760B6C874E8B9/'.
[2020.11.27-19.32.47:029][  0]LogXGEController: Cleaning working directory: C:/Users/1804824/AppData/Local/Temp/UnrealXGEWorkingDir/
[2020.11.27-19.32.47:029][  0]LogXGEController: Cannot use XGE Controller as Incredibuild is not installed on this machine.
[2020.11.27-19.32.47:030][  0]LogShaderCompilers: Cannot use XGE Shader Compiler as Incredibuild is not installed on this machine.
[2020.11.27-19.32.47:030][  0]LogShaderCompilers: Display: Using Local Shader Compiler.
[2020.11.27-19.32.47:491][  0]LogDerivedDataCache: Display: Max Cache Size: 512 MB
[2020.11.27-19.32.47:528][  0]LogDerivedDataCache: Loaded boot cache 0.04s 76MB C:/Users/1804824/AppData/Local/UnrealEngine/4.22/DerivedDataCache/Boot.ddc.
[2020.11.27-19.32.47:528][  0]LogDerivedDataCache: Display: Loaded Boot cache: C:/Users/1804824/AppData/Local/UnrealEngine/4.22/DerivedDataCache/Boot.ddc
[2020.11.27-19.32.47:528][  0]LogDerivedDataCache: FDerivedDataBackendGraph:  Pak pak cache file ../../../../../Users/1804824/Desktop/UnrealYouTubeRepo/UnrealAnimationPracticeVids/MyProject/DerivedDataCache/DDC.ddp not found, will not use a pak cache.
[2020.11.27-19.32.47:528][  0]LogDerivedDataCache: Unable to find inner node Pak for hierarchical cache Hierarchy.
[2020.11.27-19.32.47:528][  0]LogDerivedDataCache: FDerivedDataBackendGraph:  CompressedPak pak cache file ../../../../../Users/1804824/Desktop/UnrealYouTubeRepo/UnrealAnimationPracticeVids/MyProject/DerivedDataCache/Compressed.ddp not found, will not use a pak cache.
[2020.11.27-19.32.47:528][  0]LogDerivedDataCache: Unable to find inner node CompressedPak for hierarchical cache Hierarchy.
[2020.11.27-19.32.47:538][  0]LogDerivedDataCache: Display: Pak cache opened for reading ../../../Engine/DerivedDataCache/Compressed.ddp.
[2020.11.27-19.32.47:538][  0]LogDerivedDataCache: FDerivedDataBackendGraph:  EnterprisePak pak cache file ../../../Enterprise/DerivedDataCache/Compressed.ddp not found, will not use a pak cache.
[2020.11.27-19.32.47:539][  0]LogDerivedDataCache: Unable to find inner node EnterprisePak for hierarchical cache Hierarchy.
[2020.11.27-19.32.47:551][  0]LogDerivedDataCache: Using Local data cache path C:/Users/1804824/AppData/Local/UnrealEngine/Common/DerivedDataCache: Writable
[2020.11.27-19.32.47:551][  0]LogDerivedDataCache: Shared data cache path not found in *engine.ini, will not use an Shared cache.
[2020.11.27-19.32.47:552][  0]LogDerivedDataCache: Unable to find inner node Shared for hierarchical cache Hierarchy.
[2020.11.27-19.32.47:567][  0]LogMaterial: Verifying Global Shaders for PCD3D_SM5
[2020.11.27-19.32.47:568][  0]LogSlate: Using FreeType 2.6.0
[2020.11.27-19.32.47:569][  0]LogSlate: SlateFontServices - WITH_FREETYPE: 1, WITH_HARFBUZZ: 1
[2020.11.27-19.32.47:666][  0]LogAssetRegistry: FAssetRegistry took 0.0330 seconds to start up
[2020.11.27-19.32.47:908][  0]LogInit: Selected Device Profile: [Windows]
[2020.11.27-19.32.48:026][  0]LogMeshReduction: Using QuadricMeshReduction for automatic static mesh reduction
[2020.11.27-19.32.48:026][  0]LogMeshReduction: Using SimplygonMeshReduction for automatic skeletal mesh reduction
[2020.11.27-19.32.48:026][  0]LogMeshReduction: Using ProxyLODMeshReduction for automatic mesh merging
[2020.11.27-19.32.48:026][  0]LogMeshReduction: No distributed automatic mesh merging module available
[2020.11.27-19.32.48:027][  0]LogMeshMerging: No distributed automatic mesh merging module available
[2020.11.27-19.32.48:034][  0]LogNetVersion: MyProject 1.0.0, NetCL: 5660361, EngineNetVer: 10, GameNetVer: 0 (Checksum: 2788865488)
[2020.11.27-19.32.48:324][  0]LogPackageLocalizationCache: Processed 10 localized package path(s) for 1 prioritized culture(s) in 0.029078 seconds
[2020.11.27-19.32.48:328][  0]LogUObjectArray: 42205 objects as part of root set at end of initial load.
[2020.11.27-19.32.48:329][  0]LogUObjectAllocator: 7325032 out of 0 bytes used by permanent object pool.
[2020.11.27-19.32.48:329][  0]LogUObjectArray: CloseDisregardForGC: 0/0 objects in disregard for GC pool
[2020.11.27-19.32.49:302][  0]LogTcpMessaging: Initializing TcpMessaging bridge
[2020.11.27-19.32.49:317][  0]LogUdpMessaging: Initializing bridge on interface 0.0.0.0:0 to multicast group 230.0.0.1:6666.
[2020.11.27-19.32.49:605][  0]SourceControl: Source control is disabled
[2020.11.27-19.32.49:605][  0]SourceControl: Source control is disabled
[2020.11.27-19.32.49:608][  0]SourceControl: Source control is disabled
[2020.11.27-19.32.49:610][  0]SourceControl: Source control is disabled
[2020.11.27-19.32.49:731][  0]LogAndroidPermission: UAndroidPermissionCallbackProxy::GetInstance
[2020.11.27-19.32.49:928][  0]LogOcInput: OculusInput pre-init called
[2020.11.27-19.32.50:769][  0]LogEngine: Initializing Engine...
[2020.11.27-19.32.50:770][  0]LogHMD: Failed to initialize OpenVR with code 110
[2020.11.27-19.32.50:771][  0]LogStats: UGameplayTagsManager::InitializeManager -  0.000 s
[2020.11.27-19.32.50:926][  0]LogInit: Initializing FReadOnlyCVARCache
[2020.11.27-19.32.50:939][  0]LogAIModule: Creating AISystem for world Untitled
[2020.11.27-19.32.50:985][  0]LogInit: XAudio2 using 'Speakers/Headphones (Realtek(R) Audio)' : 2 channels at 48 kHz using 32 bits per sample (channel mask 0x3)
[2020.11.27-19.32.51:015][  0]LogInit: FAudioDevice initialized.
[2020.11.27-19.32.51:015][  0]LogNetVersion: Set ProjectVersion to 1.0.0.0. Version Checksum will be recalculated on next use.
[2020.11.27-19.32.51:057][  0]LogDerivedDataCache: Saved boot cache 0.04s 76MB C:/Users/1804824/AppData/Local/UnrealEngine/4.22/DerivedDataCache/Boot.ddc.
[2020.11.27-19.32.51:058][  0]LogInit: Texture streaming: Enabled
[2020.11.27-19.32.51:081][  0]LogEngineSessionManager: EngineSessionManager initialized
[2020.11.27-19.32.51:081][  0]LogEngineSessionManager: EngineSessionManager sent abnormal shutdown report. Type=Debugger, SessionId={817D9855-4F36-BCC3-8DFD-5FBE7B60AE31}
[2020.11.27-19.32.51:096][  0]LogInit: Transaction tracking system initialized
[2020.11.27-19.32.51:122][  0]BlueprintLog: New page: Editor Load
[2020.11.27-19.32.51:225][  0]LocalizationService: Localization service is disabled
[2020.11.27-19.32.51:489][  0]LogFileCache: Scanning file cache for directory 'C:/Users/1804824/Desktop/UnrealYouTubeRepo/UnrealAnimationPracticeVids/MyProject/Content/' took 0.02s
[2020.11.27-19.32.51:489][  0]LogCook: Display: Max memory allowance for cook 16384mb min free memory 0mb
[2020.11.27-19.32.51:489][  0]LogCook: Display: Mobile HDR setting 1
[2020.11.27-19.32.51:706][  0]SourceControl: Source control is disabled
[2020.11.27-19.32.51:707][  0]LightingResults: New page: Lighting Build
[2020.11.27-19.32.51:709][  0]MapCheck: New page: Map Check
[2020.11.27-19.32.51:709][  0]LightingResults: New page: Lighting Build
[2020.11.27-19.32.51:737][  0]LogUObjectHash: Compacting FUObjectHashTables data took   1.37ms
[2020.11.27-19.32.51:814][  0]LogAIModule: Creating AISystem for world ThirdPersonExampleMap
[2020.11.27-19.32.51:823][  0]LogEditorServer: Finished looking for orphan Actors (0.000 secs)
[2020.11.27-19.32.51:848][  0]LogUObjectHash: Compacting FUObjectHashTables data took   1.41ms
[2020.11.27-19.32.51:848][  0]Cmd: MAP CHECKDEP NOCLEARLOG
[2020.11.27-19.32.51:849][  0]MapCheck: Map check complete: 0 Error(s), 0 Warning(s), took 0.134ms to complete.
[2020.11.27-19.32.51:849][  0]LogFileHelpers: Loading map 'ThirdPersonExampleMap' took 0.142
[2020.11.27-19.32.51:950][  0]LogSlate: Updating window title bar state: overlay mode, drag disabled, window buttons hidden, title bar hidden
[2020.11.27-19.32.51:956][  0]LogSlate: Updating window title bar state: overlay mode, drag disabled, window buttons hidden, title bar hidden
[2020.11.27-19.32.51:961][  0]LogSlate: Updating window title bar state: overlay mode, drag disabled, window buttons hidden, title bar hidden
[2020.11.27-19.32.51:967][  0]LogSlate: Updating window title bar state: overlay mode, drag disabled, window buttons hidden, title bar hidden
[2020.11.27-19.32.51:973][  0]LogCollectionManager: Loaded 0 collections in 0.001175 seconds
[2020.11.27-19.32.52:017][  0]LogFileCache: Scanning file cache for directory 'C:/Users/1804824/Desktop/UnrealYouTubeRepo/UnrealAnimationPracticeVids/MyProject/Saved/Collections/' took 0.01s
[2020.11.27-19.32.52:017][  0]LogFileCache: Scanning file cache for directory 'C:/Users/1804824/Desktop/UnrealYouTubeRepo/UnrealAnimationPracticeVids/MyProject/Content/Developers/1804824/Collections/' took 0.01s
[2020.11.27-19.32.52:017][  0]LogFileCache: Scanning file cache for directory 'C:/Users/1804824/Desktop/UnrealYouTubeRepo/UnrealAnimationPracticeVids/MyProject/Content/Collections/' took 0.01s
[2020.11.27-19.32.52:017][  0]LogCollectionManager: Rebuilt the GUID cache for 0 collections in 0.000000 seconds
[2020.11.27-19.32.52:024][  0]LogContentBrowser: Native class hierarchy populated in 0.0065 seconds. Added 2748 classes and 667 folders.
[2020.11.27-19.32.52:028][  0]LogContentBrowser: Native class hierarchy updated for 'WidgetCarousel' in 0.0003 seconds. Added 0 classes and 0 folders.
[2020.11.27-19.32.52:031][  0]LogPakFile: Registered encryption key '00000000000000000000000000000000': 0 pak files mounted, 0 remain pending
[2020.11.27-19.32.52:032][  0]LogPakFile: Registered encryption key '00000000000000000000000000000000': 0 pak files mounted, 0 remain pending
[2020.11.27-19.32.52:032][  0]LogPakFile: Registered encryption key '00000000000000000000000000000000': 0 pak files mounted, 0 remain pending
[2020.11.27-19.32.52:033][  0]LogPakFile: Registered encryption key '00000000000000000000000000000000': 0 pak files mounted, 0 remain pending
[2020.11.27-19.32.52:034][  0]LogPakFile: Registered encryption key '00000000000000000000000000000000': 0 pak files mounted, 0 remain pending
[2020.11.27-19.32.52:034][  0]LogPakFile: Registered encryption key '00000000000000000000000000000000': 0 pak files mounted, 0 remain pending
[2020.11.27-19.32.52:035][  0]LogPakFile: Registered encryption key '00000000000000000000000000000000': 0 pak files mounted, 0 remain pending
[2020.11.27-19.32.52:036][  0]LogPakFile: Registered encryption key '00000000000000000000000000000000': 0 pak files mounted, 0 remain pending
[2020.11.27-19.32.52:036][  0]LogPakFile: Registered encryption key '00000000000000000000000000000000': 0 pak files mounted, 0 remain pending
[2020.11.27-19.32.52:037][  0]LogPakFile: Registered encryption key '00000000000000000000000000000000': 0 pak files mounted, 0 remain pending
[2020.11.27-19.32.52:038][  0]LogPakFile: Registered encryption key '00000000000000000000000000000000': 0 pak files mounted, 0 remain pending
[2020.11.27-19.32.52:038][  0]LogPakFile: Registered encryption key '00000000000000000000000000000000': 0 pak files mounted, 0 remain pending
[2020.11.27-19.32.52:039][  0]LogPakFile: Registered encryption key '00000000000000000000000000000000': 0 pak files mounted, 0 remain pending
[2020.11.27-19.32.52:040][  0]LogPakFile: Registered encryption key '00000000000000000000000000000000': 0 pak files mounted, 0 remain pending
[2020.11.27-19.32.52:040][  0]LogPakFile: Registered encryption key '00000000000000000000000000000000': 0 pak files mounted, 0 remain pending
[2020.11.27-19.32.52:041][  0]LogPakFile: Registered encryption key '00000000000000000000000000000000': 0 pak files mounted, 0 remain pending
[2020.11.27-19.32.52:042][  0]LogPakFile: Registered encryption key '00000000000000000000000000000000': 0 pak files mounted, 0 remain pending
[2020.11.27-19.32.52:042][  0]LogPakFile: Registered encryption key '00000000000000000000000000000000': 0 pak files mounted, 0 remain pending
[2020.11.27-19.32.52:043][  0]LogPakFile: Registered encryption key '00000000000000000000000000000000': 0 pak files mounted, 0 remain pending
[2020.11.27-19.32.52:044][  0]LogPakFile: Registered encryption key '00000000000000000000000000000000': 0 pak files mounted, 0 remain pending
[2020.11.27-19.32.52:044][  0]LogPakFile: Registered encryption key '00000000000000000000000000000000': 0 pak files mounted, 0 remain pending
[2020.11.27-19.32.52:045][  0]LogPakFile: Registered encryption key '00000000000000000000000000000000': 0 pak files mounted, 0 remain pending
[2020.11.27-19.32.52:046][  0]LogPakFile: Registered encryption key '00000000000000000000000000000000': 0 pak files mounted, 0 remain pending
[2020.11.27-19.32.52:046][  0]LogPakFile: Registered encryption key '00000000000000000000000000000000': 0 pak files mounted, 0 remain pending
[2020.11.27-19.32.52:047][  0]LogPakFile: Registered encryption key '00000000000000000000000000000000': 0 pak files mounted, 0 remain pending
[2020.11.27-19.32.52:048][  0]LogPakFile: Registered encryption key '00000000000000000000000000000000': 0 pak files mounted, 0 remain pending
[2020.11.27-19.32.52:080][  0]LogContentBrowser: Native class hierarchy updated for 'AddContentDialog' in 0.0003 seconds. Added 0 classes and 0 folders.
[2020.11.27-19.32.52:088][  0]LogContentBrowser: Native class hierarchy updated for 'SceneOutliner' in 0.0004 seconds. Added 1 classes and 2 folders.
[2020.11.27-19.32.52:132][  0]LogContentBrowser: Native class hierarchy updated for 'HierarchicalLODOutliner' in 0.0003 seconds. Added 0 classes and 0 folders.
[2020.11.27-19.32.52:133][  0]LogLoad: (Engine Initialization) Total time: 9.42 seconds
[2020.11.27-19.32.52:133][  0]LogLoad: (Engine Initialization) Total Blueprint compile time: 0.00 seconds
[2020.11.27-19.32.52:159][  0]LogAssetRegistry: Asset discovery search completed in 4.5176 seconds
[2020.11.27-19.32.52:161][  0]LogCollectionManager: Rebuilt the object cache for 0 collections in 0.000000 seconds (found 0 objects)
[2020.11.27-19.32.52:161][  0]LogCollectionManager: Fixed up redirectors for 0 collections in 0.000118 seconds (updated 0 objects)
[2020.11.27-19.32.52:162][  0]LogContentStreaming: Texture pool size now 1000 MB
[2020.11.27-19.32.52:168][  0]LogSlate: Took 0.000269 seconds to synchronously load lazily loaded font '../../../Engine/Content/Slate/Fonts/Roboto-Regular.ttf' (155K)
[2020.11.27-19.32.52:170][  0]LogSlate: Took 0.000224 seconds to synchronously load lazily loaded font '../../../Engine/Content/Slate/Fonts/Roboto-Bold.ttf' (160K)
[2020.11.27-19.32.52:172][  0]LogSlate: Took 0.000195 seconds to synchronously load lazily loaded font '../../../Engine/Content/Editor/Slate/Fonts/FontAwesome.ttf' (139K)
[2020.11.27-19.32.52:256][  2]LogRenderer: Reallocating scene render targets to support 628x176 Format 10 NumSamples 1 (Frame:1).
[2020.11.27-19.32.56:177][464]LogSlate: FSceneViewport::OnFocusLost() reason 0
[2020.11.27-19.32.56:290][473]LogRenderer: Reallocating scene render targets to support 2040x808 Format 10 NumSamples 1 (Frame:465).
[2020.11.27-19.32.57:140][559]LogTemp: Repeating last play command: New Editor Window (PIE)
[2020.11.27-19.32.57:151][559]LogBlueprintUserMessages: Early PlayInEditor Detection: Level '/Game/ThirdPersonCPP/Maps/ThirdPersonExampleMap.ThirdPersonExampleMap:PersistentLevel' has LevelScriptBlueprint '/Game/ThirdPersonCPP/Maps/ThirdPersonExampleMap.ThirdPersonExampleMap:PersistentLevel.ThirdPersonExampleMap' with GeneratedClass '/Game/ThirdPersonCPP/Maps/ThirdPersonExampleMap.ThirdPersonExampleMap_C' with ClassGeneratedBy '/Game/ThirdPersonCPP/Maps/ThirdPersonExampleMap.ThirdPersonExampleMap:PersistentLevel.ThirdPersonExampleMap'
[2020.11.27-19.32.57:151][559]LogPlayLevel: PlayLevel: No blueprints needed recompiling
[2020.11.27-19.32.57:152][559]PIE: New page: PIE session: ThirdPersonExampleMap (27 Nov 2020 19:32:57)
[2020.11.27-19.32.57:165][559]LogPlayLevel: Creating play world package: /Game/ThirdPersonCPP/Maps/UEDPIE_0_ThirdPersonExampleMap
[2020.11.27-19.32.57:176][559]LogPlayLevel: PIE: StaticDuplicateObject took: (0.010394s)
[2020.11.27-19.32.57:177][559]LogAIModule: Creating AISystem for world ThirdPersonExampleMap
[2020.11.27-19.32.57:177][559]LogPlayLevel: PIE: World Init took: (0.000826s)
[2020.11.27-19.32.57:177][559]LogPlayLevel: PIE: Created PIE world by copying editor world from /Game/ThirdPersonCPP/Maps/ThirdPersonExampleMap.ThirdPersonExampleMap to /Game/ThirdPersonCPP/Maps/UEDPIE_0_ThirdPersonExampleMap.ThirdPersonExampleMap (0.011804s)
[2020.11.27-19.32.57:202][559]LogUObjectHash: Compacting FUObjectHashTables data took   0.81ms
[2020.11.27-19.32.57:241][559]LogInit: XAudio2 using 'Speakers/Headphones (Realtek(R) Audio)' : 2 channels at 48 kHz using 32 bits per sample (channel mask 0x3)
[2020.11.27-19.32.57:267][559]LogInit: FAudioDevice initialized.
[2020.11.27-19.32.57:272][559]LogSlate: Updating window title bar state: overlay mode, drag disabled, window buttons hidden, title bar hidden
[2020.11.27-19.32.57:318][559]LogLoad: Game class is 'BP_GameMode_C'
[2020.11.27-19.32.57:320][559]LogWorld: Bringing World /Game/ThirdPersonCPP/Maps/UEDPIE_0_ThirdPersonExampleMap.ThirdPersonExampleMap up for play (max tick rate 0) at 2020.11.27-19.32.57
[2020.11.27-19.32.57:321][559]LogWorld: Bringing up level for play took: 0.001408
[2020.11.27-19.32.57:337][559]LogContentBrowser: Native class hierarchy updated for 'MovieSceneCapture' in 0.0004 seconds. Added 20 classes and 0 folders.
[2020.11.27-19.32.57:340][559]PIE: Play in editor start time for /Game/ThirdPersonCPP/Maps/UEDPIE_0_ThirdPersonExampleMap -0.798
[2020.11.27-19.32.57:340][559]LogBlueprintUserMessages: Late PlayInEditor Detection: Level '/Game/ThirdPersonCPP/Maps/ThirdPersonExampleMap.ThirdPersonExampleMap:PersistentLevel' has LevelScriptBlueprint '/Game/ThirdPersonCPP/Maps/ThirdPersonExampleMap.ThirdPersonExampleMap:PersistentLevel.ThirdPersonExampleMap' with GeneratedClass '/Game/ThirdPersonCPP/Maps/ThirdPersonExampleMap.ThirdPersonExampleMap_C' with ClassGeneratedBy '/Game/ThirdPersonCPP/Maps/ThirdPersonExampleMap.ThirdPersonExampleMap:PersistentLevel.ThirdPersonExampleMap'
[2020.11.27-19.33.53:095][245]LogBlueprintUserMessages: Early EndPlayMap Detection: Level '/Game/ThirdPersonCPP/Maps/ThirdPersonExampleMap.ThirdPersonExampleMap:PersistentLevel' has LevelScriptBlueprint '/Game/ThirdPersonCPP/Maps/ThirdPersonExampleMap.ThirdPersonExampleMap:PersistentLevel.ThirdPersonExampleMap' with GeneratedClass '/Game/ThirdPersonCPP/Maps/ThirdPersonExampleMap.ThirdPersonExampleMap_C' with ClassGeneratedBy '/Game/ThirdPersonCPP/Maps/ThirdPersonExampleMap.ThirdPersonExampleMap:PersistentLevel.ThirdPersonExampleMap'
[2020.11.27-19.33.53:096][245]LogSlate: Updating window title bar state: overlay mode, drag disabled, window buttons hidden, title bar hidden
[2020.11.27-19.33.53:107][245]LogSlate: Window 'MyProject Game Preview Standalone (64-bit/PCD3D_SM5)' being destroyed
[2020.11.27-19.33.53:144][245]LogPlayLevel: Display: Shutting down PIE online subsystems
[2020.11.27-19.33.53:145][245]LogBlueprintUserMessages: Late EndPlayMap Detection: Level '/Game/ThirdPersonCPP/Maps/ThirdPersonExampleMap.ThirdPersonExampleMap:PersistentLevel' has LevelScriptBlueprint '/Game/ThirdPersonCPP/Maps/ThirdPersonExampleMap.ThirdPersonExampleMap:PersistentLevel.ThirdPersonExampleMap' with GeneratedClass '/Game/ThirdPersonCPP/Maps/ThirdPersonExampleMap.ThirdPersonExampleMap_C' with ClassGeneratedBy '/Game/ThirdPersonCPP/Maps/ThirdPersonExampleMap.ThirdPersonExampleMap:PersistentLevel.ThirdPersonExampleMap'
[2020.11.27-19.33.53:182][245]LogUObjectHash: Compacting FUObjectHashTables data took   1.12ms
[2020.11.27-19.33.53:220][247]LogPlayLevel: Display: Destroying online subsystem :Context_1
[2020.11.27-19.34.00:105][780]LogSlate: Took 0.000267 seconds to synchronously load lazily loaded font '../../../Engine/Content/Slate/Fonts/Roboto-Light.ttf' (167K)
[2020.11.27-19.34.00:137][780]LogUObjectHash: Compacting FUObjectHashTables data took   0.45ms
[2020.11.27-19.34.00:242][780]LogSavePackage: Moving '../../../../../Users/1804824/Desktop/UnrealYouTubeRepo/UnrealAnimationPracticeVids/MyProject/Saved/ThirdPersonExampleMapD2402DFE42B61D8A467AEC9FFE2D7840.tmp' to '../../../../../Users/1804824/Desktop/UnrealYouTubeRepo/UnrealAnimationPracticeVids/MyProject/Content/ThirdPersonCPP/Maps/ThirdPersonExampleMap.umap'
[2020.11.27-19.34.00:358][780]LogSavePackage: Moving '../../../../../Users/1804824/Desktop/UnrealYouTubeRepo/UnrealAnimationPracticeVids/MyProject/Saved/ThirdPersonExampleMap_BuiltData38D153574DCCB97201BE0BBB4C73CA5F.tmp' to '../../../../../Users/1804824/Desktop/UnrealYouTubeRepo/UnrealAnimationPracticeVids/MyProject/Content/ThirdPersonCPP/Maps/ThirdPersonExampleMap_BuiltData.uasset'
[2020.11.27-19.34.42:447][ 40]LogUObjectHash: Compacting FUObjectHashTables data took   1.08ms
[2020.11.27-19.34.42:506][ 40]LogSlate: Window 'MyProject - Unreal Editor' being destroyed
[2020.11.27-19.34.42:507][ 40]LogWindowsTextInputMethodSystem: Display: IME system now deactivated.
[2020.11.27-19.34.42:744][ 41]Cmd: QUIT_EDITOR
[2020.11.27-19.34.43:042][ 41]LogExit: Preparing to exit.
[2020.11.27-19.34.43:768][ 41]LogExit: Editor shut down
[2020.11.27-19.34.43:768][ 41]LogExit: Transaction tracking system shut down
[2020.11.27-19.34.43:916][ 41]LogExit: Object subsystem successfully closed.
[2020.11.27-19.34.43:955][ 41]LogShaderCompilers: Display: Shaders left to compile 0
[2020.11.27-19.34.43:958][ 41]LogD3D11RHI: Shutdown
[2020.11.27-19.34.43:959][ 41]LogD3D11RHI: CleanupD3DDevice
[2020.11.27-19.34.43:959][ 41]LogRendererCore: FGlobalReadBuffer::ReleaseRHI
[2020.11.27-19.34.43:959][ 41]LogRendererCore: FGlobalDynamicReadBuffer::Cleanup()
[2020.11.27-19.34.43:959][ 41]LogRendererCore: FGlobalReadBuffer::ReleaseRHI
[2020.11.27-19.34.43:959][ 41]LogRendererCore: FGlobalDynamicReadBuffer::Cleanup()
[2020.11.27-19.34.43:959][ 41]LogRendererCore: FGlobalReadBuffer::ReleaseRHI
[2020.11.27-19.34.43:959][ 41]LogRendererCore: FGlobalDynamicReadBuffer::Cleanup()
[2020.11.27-19.34.44:027][ 41]LogD3D11RHI: ~FD3D11DynamicRHI
[2020.11.27-19.34.44:045][ 41]LogModuleManager: Shutting down and abandoning module MovieSceneCapture (652)
[2020.11.27-19.34.44:045][ 41]LogModuleManager: Shutting down and abandoning module Voice (650)
[2020.11.27-19.34.44:045][ 41]LogModuleManager: Shutting down and abandoning module HierarchicalLODOutliner (648)
[2020.11.27-19.34.44:046][ 41]LogModuleManager: Shutting down and abandoning module SceneOutliner (646)
[2020.11.27-19.34.44:046][ 41]LogModuleManager: Shutting down and abandoning module AddContentDialog (644)
[2020.11.27-19.34.44:047][ 41]LogModuleManager: Shutting down and abandoning module WidgetCarousel (643)
[2020.11.27-19.34.44:047][ 41]LogModuleManager: Shutting down and abandoning module EditorWidgets (640)
[2020.11.27-19.34.44:047][ 41]LogModuleManager: Shutting down and abandoning module CollectionManager (638)
[2020.11.27-19.34.44:047][ 41]LogModuleManager: Shutting down and abandoning module StatsViewer (636)
[2020.11.27-19.34.44:047][ 41]LogModuleManager: Shutting down and abandoning module FoliageEdit (634)
[2020.11.27-19.34.44:048][ 41]LogModuleManager: Shutting down and abandoning module LandscapeEditor (632)
[2020.11.27-19.34.44:048][ 41]LogModuleManager: Shutting down and abandoning module MeshPaintMode (630)
[2020.11.27-19.34.44:048][ 41]LogModuleManager: Shutting down and abandoning module SceneDepthPickerMode (628)
[2020.11.27-19.34.44:048][ 41]LogModuleManager: Shutting down and abandoning module ActorPickerMode (626)
[2020.11.27-19.34.44:048][ 41]LogModuleManager: Shutting down and abandoning module GeometryMode (624)
[2020.11.27-19.34.44:048][ 41]LogModuleManager: Shutting down and abandoning module TextureAlignMode (622)
[2020.11.27-19.34.44:048][ 41]LogModuleManager: Shutting down and abandoning module BspMode (620)
[2020.11.27-19.34.44:048][ 41]LogModuleManager: Shutting down and abandoning module PIEPreviewDeviceProfileSelector (618)
[2020.11.27-19.34.44:048][ 41]LogModuleManager: Shutting down and abandoning module SequenceRecorderSections (616)
[2020.11.27-19.34.44:048][ 41]LogModuleManager: Shutting down and abandoning module AutomationWorker (614)
[2020.11.27-19.34.44:048][ 41]LogModuleManager: Shutting down and abandoning module OculusMR (612)
[2020.11.27-19.34.44:048][ 41]LogModuleManager: Shutting down and abandoning module AudioCaptureEditor (610)
[2020.11.27-19.34.44:048][ 41]LogModuleManager: Shutting down and abandoning module MatineeToLevelSequence (608)
[2020.11.27-19.34.44:049][ 41]LogModuleManager: Shutting down and abandoning module LevelSequenceEditor (606)
[2020.11.27-19.34.44:049][ 41]LogModuleManager: Shutting down and abandoning module PlacementMode (605)
[2020.11.27-19.34.44:049][ 41]LogModuleManager: Shutting down and abandoning module MaterialEditor (604)
[2020.11.27-19.34.44:049][ 41]LogModuleManager: Shutting down and abandoning module ActorSequenceEditor (600)
[2020.11.27-19.34.44:049][ 41]LogModuleManager: Shutting down and abandoning module WmfMediaFactory (598)
[2020.11.27-19.34.44:049][ 41]LogModuleManager: Shutting down and abandoning module WmfMediaEditor (596)
[2020.11.27-19.34.44:049][ 41]LogModuleManager: Shutting down and abandoning module WebMMediaFactory (594)
[2020.11.27-19.34.44:049][ 41]LogModuleManager: Shutting down and abandoning module WebMMediaEditor (592)
[2020.11.27-19.34.44:049][ 41]LogModuleManager: Shutting down and abandoning module WebMMedia (590)
[2020.11.27-19.34.44:049][ 41]LogModuleManager: Shutting down and abandoning module MediaPlayerEditor (588)
[2020.11.27-19.34.44:049][ 41]LogModuleManager: Shutting down and abandoning module MediaCompositingEditor (586)
[2020.11.27-19.34.44:049][ 41]LogModuleManager: Shutting down and abandoning module SequenceRecorder (585)
[2020.11.27-19.34.44:049][ 41]LogModuleManager: Shutting down and abandoning module OpenExrWrapper (582)
[2020.11.27-19.34.44:049][ 41]LogModuleManager: Shutting down and abandoning module ImgMediaFactory (580)
[2020.11.27-19.34.44:049][ 41]LogModuleManager: Shutting down and abandoning module ImgMediaEditor (578)
[2020.11.27-19.34.44:049][ 41]LogModuleManager: Shutting down and abandoning module AvfMediaFactory (576)
[2020.11.27-19.34.44:049][ 41]LogModuleManager: Shutting down and abandoning module AvfMediaEditor (574)
[2020.11.27-19.34.44:049][ 41]LogModuleManager: Shutting down and abandoning module AndroidMediaFactory (572)
[2020.11.27-19.34.44:050][ 41]LogModuleManager: Shutting down and abandoning module AndroidMediaEditor (570)
[2020.11.27-19.34.44:050][ 41]LogModuleManager: Shutting down and abandoning module MagicLeapCameraPreviewFactory (568)
[2020.11.27-19.34.44:050][ 41]LogModuleManager: Shutting down and abandoning module MagicLeapMediaCodecFactory (566)
[2020.11.27-19.34.44:050][ 41]LogModuleManager: Shutting down and abandoning module MagicLeapMediaFactory (564)
[2020.11.27-19.34.44:050][ 41]LogModuleManager: Shutting down and abandoning module MagicLeapMediaEditor (562)
[2020.11.27-19.34.44:050][ 41]LogModuleManager: Shutting down and abandoning module CharacterAI (560)
[2020.11.27-19.34.44:050][ 41]LogModuleManager: Shutting down and abandoning module SmartSnapping (558)
[2020.11.27-19.34.44:050][ 41]LogModuleManager: Shutting down and abandoning module SessionServices (556)
[2020.11.27-19.34.44:050][ 41]LogModuleManager: Shutting down and abandoning module MeshPaint (554)
[2020.11.27-19.34.44:050][ 41]LogModuleManager: Shutting down and abandoning module ViewportSnapping (552)
[2020.11.27-19.34.44:050][ 41]LogModuleManager: Shutting down and abandoning module ViewportInteraction (550)
[2020.11.27-19.34.44:050][ 41]LogModuleManager: Shutting down and abandoning module ClothPainter (548)
[2020.11.27-19.34.44:050][ 41]LogModuleManager: Shutting down and abandoning module SkeletalMeshEditor (547)
[2020.11.27-19.34.44:050][ 41]LogModuleManager: Shutting down and abandoning module LogVisualizer (544)
[2020.11.27-19.34.44:050][ 41]LogModuleManager: Shutting down and abandoning module IntroTutorials (542)
[2020.11.27-19.34.44:050][ 41]LogModuleManager: Shutting down and abandoning module GameProjectGeneration (541)
[2020.11.27-19.34.44:050][ 41]LogModuleManager: Shutting down and abandoning module LuminPlatformEditor (538)
[2020.11.27-19.34.44:050][ 41]LogModuleManager: Shutting down and abandoning module IOSPlatformEditor (536)
[2020.11.27-19.34.44:050][ 41]LogModuleManager: Shutting down and abandoning module HTML5PlatformEditor (534)
[2020.11.27-19.34.44:050][ 41]LogModuleManager: Shutting down and abandoning module AndroidPlatformEditor (532)
[2020.11.27-19.34.44:051][ 41]LogModuleManager: Shutting down and abandoning module AndroidDeviceDetection (531)
