Log file open, 02/05/21 11:47:45
LogInit: Display: Running engine for game: MyProject
LogPlatformFile: Not using cached read wrapper
LogTaskGraph: Started task graph with 5 named threads and 59 total threads with 3 sets of task threads.
LogStats: Stats thread started at 0.282311
LogD3D11RHI: Loaded GFSDK_Aftermath_Lib.x64.dll
LogICUInternationalization: ICU TimeZone Detection - Raw Offset: +0:00, Platform Override: ''
LogPluginManager: Mounting plugin Paper2D
LogPluginManager: Mounting plugin AISupport
LogPluginManager: Mounting plugin LightPropagationVolume
LogPluginManager: Mounting plugin CameraShakePreviewer
LogPluginManager: Mounting plugin ActorLayerUtilities
LogPluginManager: Mounting plugin AnimationSharing
LogPluginManager: Mounting plugin CLionSourceCodeAccess
LogPluginManager: Mounting plugin CodeLiteSourceCodeAccess
LogPluginManager: Mounting plugin GitSourceControl
LogPluginManager: Mounting plugin KDevelopSourceCodeAccess
LogPluginManager: Mounting plugin NullSourceCodeAccess
LogPluginManager: Mounting plugin PerforceSourceControl
LogPluginManager: Mounting plugin PlasticSourceControl
LogPluginManager: Mounting plugin RiderSourceCodeAccess
LogPluginManager: Mounting plugin SubversionSourceControl
LogPluginManager: Mounting plugin UObjectPlugin
LogPluginManager: Mounting plugin VisualStudioCodeSourceCodeAccess
LogPluginManager: Mounting plugin VisualStudioSourceCodeAccess
LogPluginManager: Mounting plugin XCodeSourceCodeAccess
LogPluginManager: Mounting plugin AssetManagerEditor
LogPluginManager: Mounting plugin CryptoKeys
LogPluginManager: Mounting plugin CurveEditorTools
LogPluginManager: Mounting plugin DataValidation
LogPluginManager: Mounting plugin EditorScriptingUtilities
LogPluginManager: Mounting plugin FacialAnimation
LogPluginManager: Mounting plugin GameplayTagsEditor
LogPluginManager: Mounting plugin GeometryMode
LogPluginManager: Mounting plugin MacGraphicsSwitching
LogPluginManager: Mounting plugin MaterialAnalyzer
LogPluginManager: Mounting plugin MobileLauncherProfileWizard
LogPluginManager: Mounting plugin PluginBrowser
LogPluginManager: Mounting plugin SpeedTreeImporter
LogPluginManager: Mounting plugin DatasmithContent
LogPluginManager: Mounting plugin VariantManagerContent
LogPluginManager: Mounting plugin AlembicImporter
LogPluginManager: Mounting plugin AutomationUtils
LogPluginManager: Mounting plugin BackChannel
LogPluginManager: Mounting plugin ChaosCloth
LogPluginManager: Mounting plugin ChaosClothEditor
LogPluginManager: Mounting plugin ChaosEditor
LogPluginManager: Mounting plugin ChaosNiagara
LogPluginManager: Mounting plugin ChaosSolverPlugin
LogPluginManager: Mounting plugin CharacterAI
LogPluginManager: Mounting plugin GeometryCache
LogPluginManager: Mounting plugin GeometryCollectionPlugin
LogPluginManager: Mounting plugin GeometryProcessing
LogPluginManager: Mounting plugin PlanarCut
LogPluginManager: Mounting plugin PlatformCrypto
LogPluginManager: Mounting plugin ProxyLODPlugin
LogPluginManager: Mounting plugin SkeletalReduction
LogPluginManager: Mounting plugin Niagara
LogPluginManager: Mounting plugin MagicLeap
LogPluginManager: Mounting plugin MagicLeapLightEstimation
LogPluginManager: Mounting plugin MagicLeapMedia
LogPluginManager: Mounting plugin MagicLeapPassableWorld
LogPluginManager: Mounting plugin MLSDK
LogPluginManager: Mounting plugin DarkerNodes
LogPluginManager: Mounting plugin ElectronicNodes
LogPluginManager: Mounting plugin AndroidMedia
LogPluginManager: Mounting plugin AvfMedia
LogPluginManager: Mounting plugin ImgMedia
LogPluginManager: Mounting plugin MediaCompositing
LogPluginManager: Mounting plugin MediaPlayerEditor
LogPluginManager: Mounting plugin WebMMedia
LogPluginManager: Mounting plugin WmfMedia
LogPluginManager: Mounting plugin MeshPainting
LogPluginManager: Mounting plugin TcpMessaging
LogPluginManager: Mounting plugin UdpMessaging
LogPluginManager: Mounting plugin ActorSequence
LogPluginManager: Mounting plugin LevelSequenceEditor
LogPluginManager: Mounting plugin MatineeToLevelSequence
LogPluginManager: Mounting plugin MovieRenderPipeline
LogPluginManager: Mounting plugin TemplateSequence
LogPluginManager: Mounting plugin NetcodeUnitTest
LogPluginManager: Mounting plugin NUTUnrealEngine4
LogPluginManager: Mounting plugin OnlineSubsystemGooglePlay
LogPluginManager: Mounting plugin OnlineSubsystemIOS
LogPluginManager: Mounting plugin OnlineSubsystem
LogPluginManager: Mounting plugin OnlineSubsystemNull
LogPluginManager: Mounting plugin OnlineSubsystemUtils
LogPluginManager: Mounting plugin LauncherChunkInstaller
LogPluginManager: Mounting plugin AndroidDeviceProfileSelector
LogPluginManager: Mounting plugin AndroidMoviePlayer
LogPluginManager: Mounting plugin AndroidPermission
LogPluginManager: Mounting plugin ApexDestruction
LogPluginManager: Mounting plugin AppleImageUtils
LogPluginManager: Mounting plugin AppleMoviePlayer
LogPluginManager: Mounting plugin ArchVisCharacter
LogPluginManager: Mounting plugin AssetTags
LogPluginManager: Mounting plugin AudioCapture
LogPluginManager: Mounting plugin CableComponent
LogPluginManager: Mounting plugin CustomMeshComponent
LogPluginManager: Mounting plugin EditableMesh
LogPluginManager: Mounting plugin ExampleDeviceProfileSelector
LogPluginManager: Mounting plugin GoogleCloudMessaging
LogPluginManager: Mounting plugin GooglePAD
LogPluginManager: Mounting plugin IOSDeviceProfileSelector
LogPluginManager: Mounting plugin LinuxDeviceProfileSelector
LogPluginManager: Mounting plugin LocationServicesBPLibrary
LogPluginManager: Mounting plugin MobilePatchingUtils
LogPluginManager: Mounting plugin OculusVR
LogPluginManager: Mounting plugin PhysXVehicles
LogPluginManager: Mounting plugin PostSplashScreen
LogPluginManager: Mounting plugin ProceduralMeshComponent
LogPluginManager: Mounting plugin RuntimePhysXCooking
LogPluginManager: Mounting plugin SignificanceManager
LogPluginManager: Mounting plugin SoundFields
LogPluginManager: Mounting plugin SteamVR
LogPluginManager: Mounting plugin Synthesis
LogPluginManager: Mounting plugin WebMMoviePlayer
LogPluginManager: Mounting plugin WindowsMoviePlayer
LogPluginManager: Mounting plugin ScreenshotTools
LogInit: Using libcurl 7.55.1-DEV
LogInit:  - built for x86_64-pc-win32
LogInit:  - supports SSL with OpenSSL/1.1.1
LogInit:  - supports HTTP deflate (compression) using libz 1.2.8
LogInit:  - other features:
LogInit:      CURL_VERSION_SSL
LogInit:      CURL_VERSION_LIBZ
LogInit:      CURL_VERSION_IPV6
LogInit:      CURL_VERSION_ASYNCHDNS
LogInit:      CURL_VERSION_LARGEFILE
LogInit:      CURL_VERSION_IDN
LogInit:  CurlRequestOptions (configurable via config and command line):
LogInit:  - bVerifyPeer = true  - Libcurl will verify peer certificate
LogInit:  - bUseHttpProxy = false  - Libcurl will NOT use HTTP proxy
LogInit:  - bDontReuseConnections = false  - Libcurl will reuse connections
LogInit:  - MaxHostConnections = 16  - Libcurl will limit the number of connections to a host
LogInit:  - LocalHostAddr = Default
LogInit:  - BufferSize = 65536
LogOnline: OSS: Creating online subsystem instance for: NULL
LogInit: WinSock: version 1.1 (2.2), MaxSocks=32767, MaxUdp=65467
LogOnline: OSS: TryLoadSubsystemAndSetDefault: Loaded subsystem for module [NULL]
LogInit: Build: ++UE4+Release-4.25-CL-14469661
LogInit: Engine Version: 4.25.4-14469661+++UE4+Release-4.25
LogInit: Compatible Engine Version: 4.25.0-13144385+++UE4+Release-4.25
LogInit: Net CL: 13144385
LogInit: OS: Windows 10 (Release 2009) (), CPU: Intel(R) Core(TM) i9-10850K CPU @ 3.60GHz, GPU: NVIDIA GeForce RTX 3090
LogInit: Compiled (64-bit): Oct 11 2020 08:10:49
LogInit: Compiled with Visual C++: 19.24.28315.00
LogInit: Build Configuration: Development
LogInit: Branch Name: ++UE4+Release-4.25
LogInit: Command Line:  -skipcompile
LogInit: Base Directory: C:/Program Files/Epic Games/UE_4.25/Engine/Binaries/Win64/
LogInit: Allocator: TBB
LogInit: Installed Engine Build: 1
LogDevObjectVersion: Number of dev versions registered: 26
LogDevObjectVersion:   Dev-Blueprints (B0D832E4-1F89-4F0D-ACCF-7EB736FD4AA2): 10
LogDevObjectVersion:   Dev-Build (E1C64328-A22C-4D53-A36C-8E866417BD8C): 0
LogDevObjectVersion:   Dev-Core (375EC13C-06E4-48FB-B500-84F0262A717E): 4
LogDevObjectVersion:   Dev-Editor (E4B068ED-F494-42E9-A231-DA0B2E46BB41): 38
LogDevObjectVersion:   Dev-Framework (CFFC743F-43B0-4480-9391-14DF171D2073): 37
LogDevObjectVersion:   Dev-Mobile (B02B49B5-BB20-44E9-A304-32B752E40360): 2
LogDevObjectVersion:   Dev-Networking (A4E4105C-59A1-49B5-A7C5-40C4547EDFEE): 0
LogDevObjectVersion:   Dev-Online (39C831C9-5AE6-47DC-9A44-9C173E1C8E7C): 0
LogDevObjectVersion:   Dev-Physics (78F01B33-EBEA-4F98-B9B4-84EACCB95AA2): 4
LogDevObjectVersion:   Dev-Platform (6631380F-2D4D-43E0-8009-CF276956A95A): 0
LogDevObjectVersion:   Dev-Rendering (12F88B9F-8875-4AFC-A67C-D90C383ABD29): 43
LogDevObjectVersion:   Dev-Sequencer (7B5AE74C-D270-4C10-A958-57980B212A5A): 12
LogDevObjectVersion:   Dev-VR (D7296918-1DD6-4BDD-9DE2-64A83CC13884): 3
LogDevObjectVersion:   Dev-LoadTimes (C2A15278-BFE7-4AFE-6C17-90FF531DF755): 1
LogDevObjectVersion:   Private-Geometry (6EACA3D4-40EC-4CC1-B786-8BED09428FC5): 3
LogDevObjectVersion:   Dev-AnimPhys (29E575DD-E0A3-4627-9D10-D276232CDCEA): 17
LogDevObjectVersion:   Dev-Anim (AF43A65D-7FD3-4947-9873-3E8ED9C1BB05): 7
LogDevObjectVersion:   Dev-ReflectionCapture (6B266CEC-1EC7-4B8F-A30B-E4D90942FC07): 1
LogDevObjectVersion:   Dev-Automation (0DF73D61-A23F-47EA-B727-89E90C41499A): 1
LogDevObjectVersion:   FortniteMain (601D1886-AC64-4F84-AA16-D3DE0DEAC7D6): 31
LogDevObjectVersion:   Dev-Enterprise (9DFFBCD6-494F-0158-E221-12823C92A888): 10
LogDevObjectVersion:   Dev-Niagara (F2AED0AC-9AFE-416F-8664-AA7FFA26D6FC): 1
LogDevObjectVersion:   Dev-Destruction (174F1F0B-B4C6-45A5-B13F-2EE8D0FB917D): 10
LogDevObjectVersion:   Dev-Physics-Ext (35F94A83-E258-406C-A318-09F59610247C): 37
LogDevObjectVersion:   Dev-PhysicsMaterial-Chaos (B68FC16E-8B1B-42E2-B453-215C058844FE): 1
LogDevObjectVersion:   Dev-CineCamera (B2E18506-4273-CFC2-A54E-F4BB758BBA07): 1
LogInit: Presizing for max 25165824 objects, including 0 objects not considered by GC, pre-allocating 0 bytes for permanent pool.
LogConfig: Applying CVar settings from Section [/Script/Engine.StreamingSettings] File [C:/Users/Morgan/Desktop/UnrealAnimationPracticeVids/UnrealAnimationPracticeVids/MyProject/Saved/Config/Windows/Engine.ini]
LogConfig: Setting CVar [[s.MinBulkDataSizeForAsyncLoading:131072]]
LogConfig: Setting CVar [[s.AsyncLoadingThreadEnabled:0]]
LogConfig: Setting CVar [[s.EventDrivenLoaderEnabled:1]]
LogConfig: Setting CVar [[s.WarnIfTimeLimitExceeded:0]]
LogConfig: Setting CVar [[s.TimeLimitExceededMultiplier:1.5]]
LogConfig: Setting CVar [[s.TimeLimitExceededMinTime:0.005]]
LogConfig: Setting CVar [[s.UseBackgroundLevelStreaming:1]]
LogConfig: Setting CVar [[s.PriorityAsyncLoadingExtraTime:15.0]]
LogConfig: Setting CVar [[s.LevelStreamingActorsUpdateTimeLimit:5.0]]
LogConfig: Setting CVar [[s.PriorityLevelStreamingActorsUpdateExtraTime:5.0]]
LogConfig: Setting CVar [[s.LevelStreamingComponentsRegistrationGranularity:10]]
LogConfig: Setting CVar [[s.UnregisterComponentsTimeLimit:1.0]]
LogConfig: Setting CVar [[s.LevelStreamingComponentsUnregistrationGranularity:5]]
LogConfig: Setting CVar [[s.FlushStreamingOnExit:1]]
LogInit: Object subsystem initialized
LogConfig: Setting CVar [[con.DebugEarlyDefault:1]]
LogConfig: Setting CVar [[r.setres:1280x720]]
[2021.02.05-11.47.45:561][  0]LogConfig: Setting CVar [[r.VSync:0]]
[2021.02.05-11.47.45:561][  0]LogConfig: Setting CVar [[r.RHICmdBypass:0]]
[2021.02.05-11.47.45:561][  0]LogConfig: Applying CVar settings from Section [/Script/Engine.RendererSettings] File [C:/Users/Morgan/Desktop/UnrealAnimationPracticeVids/UnrealAnimationPracticeVids/MyProject/Saved/Config/Windows/Engine.ini]
[2021.02.05-11.47.45:561][  0]LogConfig: Setting CVar [[r.GPUCrashDebugging:0]]
[2021.02.05-11.47.45:561][  0]LogConfig: Applying CVar settings from Section [/Script/Engine.RendererOverrideSettings] File [C:/Users/Morgan/Desktop/UnrealAnimationPracticeVids/UnrealAnimationPracticeVids/MyProject/Saved/Config/Windows/Engine.ini]
[2021.02.05-11.47.45:561][  0]LogConfig: Applying CVar settings from Section [/Script/Engine.StreamingSettings] File [C:/Users/Morgan/Desktop/UnrealAnimationPracticeVids/UnrealAnimationPracticeVids/MyProject/Saved/Config/Windows/Engine.ini]
[2021.02.05-11.47.45:561][  0]LogConfig: Setting CVar [[s.MinBulkDataSizeForAsyncLoading:131072]]
[2021.02.05-11.47.45:561][  0]LogConfig: Setting CVar [[s.AsyncLoadingThreadEnabled:0]]
[2021.02.05-11.47.45:561][  0]LogConfig: Setting CVar [[s.EventDrivenLoaderEnabled:1]]
[2021.02.05-11.47.45:561][  0]LogConfig: Setting CVar [[s.WarnIfTimeLimitExceeded:0]]
[2021.02.05-11.47.45:561][  0]LogConfig: Setting CVar [[s.TimeLimitExceededMultiplier:1.5]]
[2021.02.05-11.47.45:561][  0]LogConfig: Setting CVar [[s.TimeLimitExceededMinTime:0.005]]
[2021.02.05-11.47.45:561][  0]LogConfig: Setting CVar [[s.UseBackgroundLevelStreaming:1]]
[2021.02.05-11.47.45:561][  0]LogConfig: Setting CVar [[s.PriorityAsyncLoadingExtraTime:15.0]]
[2021.02.05-11.47.45:561][  0]LogConfig: Setting CVar [[s.LevelStreamingActorsUpdateTimeLimit:5.0]]
[2021.02.05-11.47.45:561][  0]LogConfig: Setting CVar [[s.PriorityLevelStreamingActorsUpdateExtraTime:5.0]]
[2021.02.05-11.47.45:561][  0]LogConfig: Setting CVar [[s.LevelStreamingComponentsRegistrationGranularity:10]]
[2021.02.05-11.47.45:562][  0]LogConfig: Setting CVar [[s.UnregisterComponentsTimeLimit:1.0]]
[2021.02.05-11.47.45:562][  0]LogConfig: Setting CVar [[s.LevelStreamingComponentsUnregistrationGranularity:5]]
[2021.02.05-11.47.45:562][  0]LogConfig: Setting CVar [[s.FlushStreamingOnExit:1]]
[2021.02.05-11.47.45:562][  0]LogConfig: Applying CVar settings from Section [/Script/Engine.GarbageCollectionSettings] File [C:/Users/Morgan/Desktop/UnrealAnimationPracticeVids/UnrealAnimationPracticeVids/MyProject/Saved/Config/Windows/Engine.ini]
[2021.02.05-11.47.45:562][  0]LogConfig: Setting CVar [[gc.MaxObjectsNotConsideredByGC:1]]
[2021.02.05-11.47.45:562][  0]LogConfig: Setting CVar [[gc.SizeOfPermanentObjectPool:0]]
[2021.02.05-11.47.45:562][  0]LogConfig: Setting CVar [[gc.FlushStreamingOnGC:0]]
[2021.02.05-11.47.45:562][  0]LogConfig: Setting CVar [[gc.NumRetriesBeforeForcingGC:10]]
[2021.02.05-11.47.45:562][  0]LogConfig: Setting CVar [[gc.AllowParallelGC:1]]
[2021.02.05-11.47.45:562][  0]LogConfig: Setting CVar [[gc.TimeBetweenPurgingPendingKillObjects:61.1]]
[2021.02.05-11.47.45:562][  0]LogConfig: Setting CVar [[gc.MaxObjectsInEditor:25165824]]
[2021.02.05-11.47.45:562][  0]LogConfig: Setting CVar [[gc.IncrementalBeginDestroyEnabled:1]]
[2021.02.05-11.47.45:562][  0]LogConfig: Setting CVar [[gc.CreateGCClusters:1]]
[2021.02.05-11.47.45:562][  0]LogConfig: Setting CVar [[gc.MinGCClusterSize:5]]
[2021.02.05-11.47.45:562][  0]LogConfig: Setting CVar [[gc.ActorClusteringEnabled:0]]
[2021.02.05-11.47.45:562][  0]LogConfig: Setting CVar [[gc.BlueprintClusteringEnabled:0]]
[2021.02.05-11.47.45:562][  0]LogConfig: Setting CVar [[gc.UseDisregardForGCOnDedicatedServers:0]]
[2021.02.05-11.47.45:562][  0]LogConfig: Applying CVar settings from Section [/Script/Engine.NetworkSettings] File [C:/Users/Morgan/Desktop/UnrealAnimationPracticeVids/UnrealAnimationPracticeVids/MyProject/Saved/Config/Windows/Engine.ini]
[2021.02.05-11.47.45:562][  0]LogConfig: Applying CVar settings from Section [/Script/UnrealEd.CookerSettings] File [C:/Users/Morgan/Desktop/UnrealAnimationPracticeVids/UnrealAnimationPracticeVids/MyProject/Saved/Config/Windows/Engine.ini]
[2021.02.05-11.47.45:569][  0]LogConfig: Applying CVar settings from Section [ViewDistanceQuality@3] File [C:/Users/Morgan/Desktop/UnrealAnimationPracticeVids/UnrealAnimationPracticeVids/MyProject/Saved/Config/Windows/Scalability.ini]
[2021.02.05-11.47.45:569][  0]LogConfig: Setting CVar [[r.SkeletalMeshLODBias:0]]
[2021.02.05-11.47.45:569][  0]LogConfig: Setting CVar [[r.ViewDistanceScale:1.0]]
[2021.02.05-11.47.45:569][  0]LogConfig: Applying CVar settings from Section [AntiAliasingQuality@3] File [C:/Users/Morgan/Desktop/UnrealAnimationPracticeVids/UnrealAnimationPracticeVids/MyProject/Saved/Config/Windows/Scalability.ini]
[2021.02.05-11.47.45:569][  0]LogConfig: Setting CVar [[r.PostProcessAAQuality:4]]
[2021.02.05-11.47.45:569][  0]LogConfig: Applying CVar settings from Section [ShadowQuality@3] File [C:/Users/Morgan/Desktop/UnrealAnimationPracticeVids/UnrealAnimationPracticeVids/MyProject/Saved/Config/Windows/Scalability.ini]
[2021.02.05-11.47.45:569][  0]LogConfig: Setting CVar [[r.LightFunctionQuality:1]]
[2021.02.05-11.47.45:569][  0]LogConfig: Setting CVar [[r.ShadowQuality:5]]
[2021.02.05-11.47.45:569][  0]LogConfig: Setting CVar [[r.Shadow.CSM.MaxCascades:10]]
[2021.02.05-11.47.45:569][  0]LogConfig: Setting CVar [[r.Shadow.MaxResolution:2048]]
[2021.02.05-11.47.45:569][  0]LogConfig: Setting CVar [[r.Shadow.MaxCSMResolution:2048]]
[2021.02.05-11.47.45:569][  0]LogConfig: Setting CVar [[r.Shadow.RadiusThreshold:0.01]]
[2021.02.05-11.47.45:569][  0]LogConfig: Setting CVar [[r.Shadow.DistanceScale:1.0]]
[2021.02.05-11.47.45:569][  0]LogConfig: Setting CVar [[r.Shadow.CSM.TransitionScale:1.0]]
[2021.02.05-11.47.45:569][  0]LogConfig: Setting CVar [[r.Shadow.PreShadowResolutionFactor:1.0]]
[2021.02.05-11.47.45:569][  0]LogConfig: Setting CVar [[r.DistanceFieldShadowing:1]]
[2021.02.05-11.47.45:570][  0]LogConfig: Setting CVar [[r.DistanceFieldAO:1]]
[2021.02.05-11.47.45:570][  0]LogConfig: Setting CVar [[r.AOQuality:2]]
[2021.02.05-11.47.45:570][  0]LogConfig: Setting CVar [[r.VolumetricFog:1]]
[2021.02.05-11.47.45:570][  0]LogConfig: Setting CVar [[r.VolumetricFog.GridPixelSize:8]]
[2021.02.05-11.47.45:570][  0]LogConfig: Setting CVar [[r.VolumetricFog.GridSizeZ:128]]
[2021.02.05-11.47.45:570][  0]LogConfig: Setting CVar [[r.VolumetricFog.HistoryMissSupersampleCount:4]]
[2021.02.05-11.47.45:570][  0]LogConfig: Setting CVar [[r.LightMaxDrawDistanceScale:1]]
[2021.02.05-11.47.45:570][  0]LogConfig: Setting CVar [[r.CapsuleShadows:1]]
[2021.02.05-11.47.45:570][  0]LogConfig: Applying CVar settings from Section [PostProcessQuality@3] File [C:/Users/Morgan/Desktop/UnrealAnimationPracticeVids/UnrealAnimationPracticeVids/MyProject/Saved/Config/Windows/Scalability.ini]
[2021.02.05-11.47.45:570][  0]LogConfig: Setting CVar [[r.MotionBlurQuality:4]]
[2021.02.05-11.47.45:570][  0]LogConfig: Setting CVar [[r.AmbientOcclusionMipLevelFactor:0.4]]
[2021.02.05-11.47.45:570][  0]LogConfig: Setting CVar [[r.AmbientOcclusionMaxQuality:100]]
[2021.02.05-11.47.45:570][  0]LogConfig: Setting CVar [[r.AmbientOcclusionLevels:-1]]
[2021.02.05-11.47.45:570][  0]LogConfig: Setting CVar [[r.AmbientOcclusionRadiusScale:1.0]]
[2021.02.05-11.47.45:570][  0]LogConfig: Setting CVar [[r.DepthOfFieldQuality:2]]
[2021.02.05-11.47.45:570][  0]LogConfig: Setting CVar [[r.RenderTargetPoolMin:400]]
[2021.02.05-11.47.45:570][  0]LogConfig: Setting CVar [[r.LensFlareQuality:2]]
[2021.02.05-11.47.45:570][  0]LogConfig: Setting CVar [[r.SceneColorFringeQuality:1]]
[2021.02.05-11.47.45:570][  0]LogConfig: Setting CVar [[r.EyeAdaptationQuality:2]]
[2021.02.05-11.47.45:571][  0]LogConfig: Setting CVar [[r.BloomQuality:5]]
[2021.02.05-11.47.45:571][  0]LogConfig: Setting CVar [[r.FastBlurThreshold:100]]
[2021.02.05-11.47.45:571][  0]LogConfig: Setting CVar [[r.Upscale.Quality:3]]
[2021.02.05-11.47.45:571][  0]LogConfig: Setting CVar [[r.Tonemapper.GrainQuantization:1]]
[2021.02.05-11.47.45:571][  0]LogConfig: Setting CVar [[r.LightShaftQuality:1]]
[2021.02.05-11.47.45:571][  0]LogConfig: Setting CVar [[r.Filter.SizeScale:1]]
[2021.02.05-11.47.45:571][  0]LogConfig: Setting CVar [[r.Tonemapper.Quality:5]]
[2021.02.05-11.47.45:571][  0]LogConfig: Setting CVar [[r.DOF.Gather.AccumulatorQuality:1        ; higher gathering accumulator quality]]
[2021.02.05-11.47.45:571][  0]LogConfig: Setting CVar [[r.DOF.Gather.PostfilterMethod:1          ; Median3x3 postfilering method]]
[2021.02.05-11.47.45:571][  0]LogConfig: Setting CVar [[r.DOF.Gather.EnableBokehSettings:0       ; no bokeh simulation when gathering]]
[2021.02.05-11.47.45:571][  0]LogConfig: Setting CVar [[r.DOF.Gather.RingCount:4                 ; medium number of samples when gathering]]
[2021.02.05-11.47.45:571][  0]LogConfig: Setting CVar [[r.DOF.Scatter.ForegroundCompositing:1    ; additive foreground scattering]]
[2021.02.05-11.47.45:571][  0]LogConfig: Setting CVar [[r.DOF.Scatter.BackgroundCompositing:2    ; additive background scattering]]
[2021.02.05-11.47.45:571][  0]LogConfig: Setting CVar [[r.DOF.Scatter.EnableBokehSettings:1      ; bokeh simulation when scattering]]
[2021.02.05-11.47.45:571][  0]LogConfig: Setting CVar [[r.DOF.Scatter.MaxSpriteRatio:0.1         ; only a maximum of 10% of scattered bokeh]]
[2021.02.05-11.47.45:571][  0]LogConfig: Setting CVar [[r.DOF.Recombine.Quality:1                ; cheap slight out of focus]]
[2021.02.05-11.47.45:571][  0]LogConfig: Setting CVar [[r.DOF.Recombine.EnableBokehSettings:0    ; no bokeh simulation on slight out of focus]]
[2021.02.05-11.47.45:571][  0]LogConfig: Setting CVar [[r.DOF.TemporalAAQuality:1                ; more stable temporal accumulation]]
[2021.02.05-11.47.45:571][  0]LogConfig: Setting CVar [[r.DOF.Kernel.MaxForegroundRadius:0.025]]
[2021.02.05-11.47.45:571][  0]LogConfig: Setting CVar [[r.DOF.Kernel.MaxBackgroundRadius:0.025]]
[2021.02.05-11.47.45:571][  0]LogConfig: Applying CVar settings from Section [TextureQuality@3] File [C:/Users/Morgan/Desktop/UnrealAnimationPracticeVids/UnrealAnimationPracticeVids/MyProject/Saved/Config/Windows/Scalability.ini]
[2021.02.05-11.47.45:572][  0]LogConfig: Setting CVar [[r.Streaming.MipBias:0]]
[2021.02.05-11.47.45:572][  0]LogConfig: Setting CVar [[r.Streaming.AmortizeCPUToGPUCopy:0]]
[2021.02.05-11.47.45:572][  0]LogConfig: Setting CVar [[r.Streaming.MaxNumTexturesToStreamPerFrame:0]]
[2021.02.05-11.47.45:572][  0]LogConfig: Setting CVar [[r.Streaming.Boost:1]]
[2021.02.05-11.47.45:572][  0]LogConfig: Setting CVar [[r.MaxAnisotropy:8]]
[2021.02.05-11.47.45:572][  0]LogConfig: Setting CVar [[r.VT.MaxAnisotropy:8]]
[2021.02.05-11.47.45:572][  0]LogConfig: Setting CVar [[r.Streaming.LimitPoolSizeToVRAM:0]]
[2021.02.05-11.47.45:572][  0]LogConfig: Setting CVar [[r.Streaming.PoolSize:1000]]
[2021.02.05-11.47.45:572][  0]LogConfig: Setting CVar [[r.Streaming.MaxEffectiveScreenSize:0]]
[2021.02.05-11.47.45:572][  0]LogConfig: Applying CVar settings from Section [EffectsQuality@3] File [C:/Users/Morgan/Desktop/UnrealAnimationPracticeVids/UnrealAnimationPracticeVids/MyProject/Saved/Config/Windows/Scalability.ini]
[2021.02.05-11.47.45:572][  0]LogConfig: Setting CVar [[r.TranslucencyLightingVolumeDim:64]]
[2021.02.05-11.47.45:572][  0]LogConfig: Setting CVar [[r.RefractionQuality:2]]
[2021.02.05-11.47.45:572][  0]LogConfig: Setting CVar [[r.SSR.Quality:3]]
[2021.02.05-11.47.45:572][  0]LogConfig: Setting CVar [[r.SSR.HalfResSceneColor:0]]
[2021.02.05-11.47.45:572][  0]LogConfig: Setting CVar [[r.SceneColorFormat:4]]
[2021.02.05-11.47.45:572][  0]LogConfig: Setting CVar [[r.DetailMode:2]]
[2021.02.05-11.47.45:572][  0]LogConfig: Setting CVar [[r.TranslucencyVolumeBlur:1]]
[2021.02.05-11.47.45:572][  0]LogConfig: Setting CVar [[r.MaterialQualityLevel:1 ; High quality]]
[2021.02.05-11.47.45:572][  0]LogConfig: Setting CVar [[r.SSS.Scale:1]]
[2021.02.05-11.47.45:572][  0]LogConfig: Setting CVar [[r.SSS.SampleSet:2]]
[2021.02.05-11.47.45:572][  0]LogConfig: Setting CVar [[r.SSS.Quality:1]]
[2021.02.05-11.47.45:573][  0]LogConfig: Setting CVar [[r.SSS.HalfRes:0]]
[2021.02.05-11.47.45:573][  0]LogConfig: Setting CVar [[r.SSGI.Quality:3]]
[2021.02.05-11.47.45:573][  0]LogConfig: Setting CVar [[r.EmitterSpawnRateScale:1.0]]
[2021.02.05-11.47.45:573][  0]LogConfig: Setting CVar [[r.ParticleLightQuality:2]]
[2021.02.05-11.47.45:573][  0]LogConfig: Setting CVar [[r.SkyAtmosphere.AerialPerspectiveLUT.FastApplyOnOpaque:1 ; Always have FastSkyLUT 1 in this case to avoid wrong sky]]
[2021.02.05-11.47.45:573][  0]LogConfig: Setting CVar [[r.SkyAtmosphere.AerialPerspectiveLUT.SampleCountPerSlice:1]]
[2021.02.05-11.47.45:573][  0]LogConfig: Setting CVar [[r.SkyAtmosphere.AerialPerspectiveLUT.DepthResolution:16.0]]
[2021.02.05-11.47.45:573][  0]LogConfig: Setting CVar [[r.SkyAtmosphere.FastSkyLUT:1]]
[2021.02.05-11.47.45:573][  0]LogConfig: Setting CVar [[r.SkyAtmosphere.FastSkyLUT.SampleCountMin:4.0]]
[2021.02.05-11.47.45:573][  0]LogConfig: Setting CVar [[r.SkyAtmosphere.FastSkyLUT.SampleCountMax:32.0]]
[2021.02.05-11.47.45:573][  0]LogConfig: Setting CVar [[r.SkyAtmosphere.SampleCountMin:4.0]]
[2021.02.05-11.47.45:573][  0]LogConfig: Setting CVar [[r.SkyAtmosphere.SampleCountMax:32.0]]
[2021.02.05-11.47.45:573][  0]LogConfig: Setting CVar [[r.SkyAtmosphere.TransmittanceLUT.UseSmallFormat:0]]
[2021.02.05-11.47.45:573][  0]LogConfig: Setting CVar [[r.SkyAtmosphere.TransmittanceLUT.SampleCount:10.0]]
[2021.02.05-11.47.45:573][  0]LogConfig: Setting CVar [[r.SkyAtmosphere.MultiScatteringLUT.SampleCount:15.0]]
[2021.02.05-11.47.45:573][  0]LogConfig: Applying CVar settings from Section [FoliageQuality@3] File [C:/Users/Morgan/Desktop/UnrealAnimationPracticeVids/UnrealAnimationPracticeVids/MyProject/Saved/Config/Windows/Scalability.ini]
[2021.02.05-11.47.45:573][  0]LogConfig: Setting CVar [[foliage.DensityScale:1.0]]
[2021.02.05-11.47.45:573][  0]LogConfig: Setting CVar [[grass.DensityScale:1.0]]
[2021.02.05-11.47.45:573][  0]LogConfig: Applying CVar settings from Section [ShadingQuality@3] File [C:/Users/Morgan/Desktop/UnrealAnimationPracticeVids/UnrealAnimationPracticeVids/MyProject/Saved/Config/Windows/Scalability.ini]
[2021.02.05-11.47.45:574][  0]LogConfig: Setting CVar [[r.HairStrands.SkyLighting.SampleCount:16]]
[2021.02.05-11.47.45:574][  0]LogConfig: Setting CVar [[r.HairStrands.SkyLighting.JitterIntegration:0]]
[2021.02.05-11.47.45:574][  0]LogConfig: Setting CVar [[r.HairStrands.SkyAO.SampleCount:16]]
[2021.02.05-11.47.45:574][  0]LogConfig: Setting CVar [[r.HairStrands.DeepShadow.SuperSampling:0]]
[2021.02.05-11.47.45:574][  0]LogConfig: Setting CVar [[r.HairStrands.VisibilityPPLL:0]]
[2021.02.05-11.47.45:574][  0]LogConfig: Setting CVar [[r.HairStrands.RasterizationScale:0.5]]
[2021.02.05-11.47.45:574][  0]LogConfig: Setting CVar [[r.HairStrands.VelocityRasterizationScale:1]]
[2021.02.05-11.47.45:574][  0]LogInit: Selected Device Profile: [Windows]
[2021.02.05-11.47.45:574][  0]LogInit: Applying CVar settings loaded from the selected device profile: [Windows]
[2021.02.05-11.47.45:574][  0]LogHAL: Display: Platform has ~ 32 GB [34252365824 / 34359738368 / 32], which maps to Largest [LargestMinGB=32, LargerMinGB=12, DefaultMinGB=8, SmallerMinGB=6, SmallestMinGB=0)
[2021.02.05-11.47.45:574][  0]LogInit: Going up to parent DeviceProfile []
[2021.02.05-11.47.45:574][  0]LogConfig: Applying CVar settings from Section [ViewDistanceQuality@3] File [C:/Users/Morgan/Desktop/UnrealAnimationPracticeVids/UnrealAnimationPracticeVids/MyProject/Saved/Config/Windows/Scalability.ini]
[2021.02.05-11.47.45:574][  0]LogConfig: Setting CVar [[r.SkeletalMeshLODBias:0]]
[2021.02.05-11.47.45:574][  0]LogConfig: Setting CVar [[r.ViewDistanceScale:1.0]]
[2021.02.05-11.47.45:574][  0]LogConfig: Applying CVar settings from Section [AntiAliasingQuality@3] File [C:/Users/Morgan/Desktop/UnrealAnimationPracticeVids/UnrealAnimationPracticeVids/MyProject/Saved/Config/Windows/Scalability.ini]
[2021.02.05-11.47.45:574][  0]LogConfig: Setting CVar [[r.PostProcessAAQuality:4]]
[2021.02.05-11.47.45:574][  0]LogConfig: Applying CVar settings from Section [ShadowQuality@3] File [C:/Users/Morgan/Desktop/UnrealAnimationPracticeVids/UnrealAnimationPracticeVids/MyProject/Saved/Config/Windows/Scalability.ini]
[2021.02.05-11.47.45:574][  0]LogConfig: Setting CVar [[r.LightFunctionQuality:1]]
[2021.02.05-11.47.45:575][  0]LogConfig: Setting CVar [[r.ShadowQuality:5]]
[2021.02.05-11.47.45:575][  0]LogConfig: Setting CVar [[r.Shadow.CSM.MaxCascades:10]]
[2021.02.05-11.47.45:575][  0]LogConfig: Setting CVar [[r.Shadow.MaxResolution:2048]]
[2021.02.05-11.47.45:575][  0]LogConfig: Setting CVar [[r.Shadow.MaxCSMResolution:2048]]
[2021.02.05-11.47.45:575][  0]LogConfig: Setting CVar [[r.Shadow.RadiusThreshold:0.01]]
[2021.02.05-11.47.45:575][  0]LogConfig: Setting CVar [[r.Shadow.DistanceScale:1.0]]
[2021.02.05-11.47.45:575][  0]LogConfig: Setting CVar [[r.Shadow.CSM.TransitionScale:1.0]]
[2021.02.05-11.47.45:575][  0]LogConfig: Setting CVar [[r.Shadow.PreShadowResolutionFactor:1.0]]
[2021.02.05-11.47.45:575][  0]LogConfig: Setting CVar [[r.DistanceFieldShadowing:1]]
[2021.02.05-11.47.45:575][  0]LogConfig: Setting CVar [[r.DistanceFieldAO:1]]
[2021.02.05-11.47.45:575][  0]LogConfig: Setting CVar [[r.AOQuality:2]]
[2021.02.05-11.47.45:575][  0]LogConfig: Setting CVar [[r.VolumetricFog:1]]
[2021.02.05-11.47.45:575][  0]LogConfig: Setting CVar [[r.VolumetricFog.GridPixelSize:8]]
[2021.02.05-11.47.45:575][  0]LogConfig: Setting CVar [[r.VolumetricFog.GridSizeZ:128]]
[2021.02.05-11.47.45:575][  0]LogConfig: Setting CVar [[r.VolumetricFog.HistoryMissSupersampleCount:4]]
[2021.02.05-11.47.45:575][  0]LogConfig: Setting CVar [[r.LightMaxDrawDistanceScale:1]]
[2021.02.05-11.47.45:575][  0]LogConfig: Setting CVar [[r.CapsuleShadows:1]]
[2021.02.05-11.47.45:575][  0]LogConfig: Applying CVar settings from Section [PostProcessQuality@3] File [C:/Users/Morgan/Desktop/UnrealAnimationPracticeVids/UnrealAnimationPracticeVids/MyProject/Saved/Config/Windows/Scalability.ini]
[2021.02.05-11.47.45:575][  0]LogConfig: Setting CVar [[r.MotionBlurQuality:4]]
[2021.02.05-11.47.45:575][  0]LogConfig: Setting CVar [[r.AmbientOcclusionMipLevelFactor:0.4]]
[2021.02.05-11.47.45:576][  0]LogConfig: Setting CVar [[r.AmbientOcclusionMaxQuality:100]]
[2021.02.05-11.47.45:576][  0]LogConfig: Setting CVar [[r.AmbientOcclusionLevels:-1]]
[2021.02.05-11.47.45:576][  0]LogConfig: Setting CVar [[r.AmbientOcclusionRadiusScale:1.0]]
[2021.02.05-11.47.45:576][  0]LogConfig: Setting CVar [[r.DepthOfFieldQuality:2]]
[2021.02.05-11.47.45:576][  0]LogConfig: Setting CVar [[r.RenderTargetPoolMin:400]]
[2021.02.05-11.47.45:576][  0]LogConfig: Setting CVar [[r.LensFlareQuality:2]]
[2021.02.05-11.47.45:576][  0]LogConfig: Setting CVar [[r.SceneColorFringeQuality:1]]
[2021.02.05-11.47.45:576][  0]LogConfig: Setting CVar [[r.EyeAdaptationQuality:2]]
[2021.02.05-11.47.45:576][  0]LogConfig: Setting CVar [[r.BloomQuality:5]]
[2021.02.05-11.47.45:576][  0]LogConfig: Setting CVar [[r.FastBlurThreshold:100]]
[2021.02.05-11.47.45:576][  0]LogConfig: Setting CVar [[r.Upscale.Quality:3]]
[2021.02.05-11.47.45:576][  0]LogConfig: Setting CVar [[r.Tonemapper.GrainQuantization:1]]
[2021.02.05-11.47.45:576][  0]LogConfig: Setting CVar [[r.LightShaftQuality:1]]
[2021.02.05-11.47.45:576][  0]LogConfig: Setting CVar [[r.Filter.SizeScale:1]]
[2021.02.05-11.47.45:576][  0]LogConfig: Setting CVar [[r.Tonemapper.Quality:5]]
[2021.02.05-11.47.45:576][  0]LogConfig: Setting CVar [[r.DOF.Gather.AccumulatorQuality:1        ; higher gathering accumulator quality]]
[2021.02.05-11.47.45:576][  0]LogConfig: Setting CVar [[r.DOF.Gather.PostfilterMethod:1          ; Median3x3 postfilering method]]
[2021.02.05-11.47.45:576][  0]LogConfig: Setting CVar [[r.DOF.Gather.EnableBokehSettings:0       ; no bokeh simulation when gathering]]
[2021.02.05-11.47.45:576][  0]LogConfig: Setting CVar [[r.DOF.Gather.RingCount:4                 ; medium number of samples when gathering]]
[2021.02.05-11.47.45:576][  0]LogConfig: Setting CVar [[r.DOF.Scatter.ForegroundCompositing:1    ; additive foreground scattering]]
[2021.02.05-11.47.45:576][  0]LogConfig: Setting CVar [[r.DOF.Scatter.BackgroundCompositing:2    ; additive background scattering]]
[2021.02.05-11.47.45:577][  0]LogConfig: Setting CVar [[r.DOF.Scatter.EnableBokehSettings:1      ; bokeh simulation when scattering]]
[2021.02.05-11.47.45:577][  0]LogConfig: Setting CVar [[r.DOF.Scatter.MaxSpriteRatio:0.1         ; only a maximum of 10% of scattered bokeh]]
[2021.02.05-11.47.45:577][  0]LogConfig: Setting CVar [[r.DOF.Recombine.Quality:1                ; cheap slight out of focus]]
[2021.02.05-11.47.45:577][  0]LogConfig: Setting CVar [[r.DOF.Recombine.EnableBokehSettings:0    ; no bokeh simulation on slight out of focus]]
[2021.02.05-11.47.45:577][  0]LogConfig: Setting CVar [[r.DOF.TemporalAAQuality:1                ; more stable temporal accumulation]]
[2021.02.05-11.47.45:577][  0]LogConfig: Setting CVar [[r.DOF.Kernel.MaxForegroundRadius:0.025]]
[2021.02.05-11.47.45:577][  0]LogConfig: Setting CVar [[r.DOF.Kernel.MaxBackgroundRadius:0.025]]
[2021.02.05-11.47.45:577][  0]LogConfig: Applying CVar settings from Section [TextureQuality@3] File [C:/Users/Morgan/Desktop/UnrealAnimationPracticeVids/UnrealAnimationPracticeVids/MyProject/Saved/Config/Windows/Scalability.ini]
[2021.02.05-11.47.45:577][  0]LogConfig: Setting CVar [[r.Streaming.MipBias:0]]
[2021.02.05-11.47.45:577][  0]LogConfig: Setting CVar [[r.Streaming.AmortizeCPUToGPUCopy:0]]
[2021.02.05-11.47.45:577][  0]LogConfig: Setting CVar [[r.Streaming.MaxNumTexturesToStreamPerFrame:0]]
[2021.02.05-11.47.45:577][  0]LogConfig: Setting CVar [[r.Streaming.Boost:1]]
[2021.02.05-11.47.45:577][  0]LogConfig: Setting CVar [[r.MaxAnisotropy:8]]
[2021.02.05-11.47.45:577][  0]LogConfig: Setting CVar [[r.VT.MaxAnisotropy:8]]
[2021.02.05-11.47.45:577][  0]LogConfig: Setting CVar [[r.Streaming.LimitPoolSizeToVRAM:0]]
[2021.02.05-11.47.45:577][  0]LogConfig: Setting CVar [[r.Streaming.PoolSize:1000]]
[2021.02.05-11.47.45:577][  0]LogConfig: Setting CVar [[r.Streaming.MaxEffectiveScreenSize:0]]
[2021.02.05-11.47.45:577][  0]LogConfig: Applying CVar settings from Section [EffectsQuality@3] File [C:/Users/Morgan/Desktop/UnrealAnimationPracticeVids/UnrealAnimationPracticeVids/MyProject/Saved/Config/Windows/Scalability.ini]
[2021.02.05-11.47.45:577][  0]LogConfig: Setting CVar [[r.TranslucencyLightingVolumeDim:64]]
[2021.02.05-11.47.45:578][  0]LogConfig: Setting CVar [[r.RefractionQuality:2]]
[2021.02.05-11.47.45:578][  0]LogConfig: Setting CVar [[r.SSR.Quality:3]]
[2021.02.05-11.47.45:578][  0]LogConfig: Setting CVar [[r.SSR.HalfResSceneColor:0]]
[2021.02.05-11.47.45:578][  0]LogConfig: Setting CVar [[r.SceneColorFormat:4]]
[2021.02.05-11.47.45:578][  0]LogConfig: Setting CVar [[r.DetailMode:2]]
[2021.02.05-11.47.45:578][  0]LogConfig: Setting CVar [[r.TranslucencyVolumeBlur:1]]
[2021.02.05-11.47.45:578][  0]LogConfig: Setting CVar [[r.MaterialQualityLevel:1 ; High quality]]
[2021.02.05-11.47.45:578][  0]LogConfig: Setting CVar [[r.SSS.Scale:1]]
[2021.02.05-11.47.45:578][  0]LogConfig: Setting CVar [[r.SSS.SampleSet:2]]
[2021.02.05-11.47.45:578][  0]LogConfig: Setting CVar [[r.SSS.Quality:1]]
[2021.02.05-11.47.45:578][  0]LogConfig: Setting CVar [[r.SSS.HalfRes:0]]
[2021.02.05-11.47.45:578][  0]LogConfig: Setting CVar [[r.SSGI.Quality:3]]
[2021.02.05-11.47.45:578][  0]LogConfig: Setting CVar [[r.EmitterSpawnRateScale:1.0]]
[2021.02.05-11.47.45:578][  0]LogConfig: Setting CVar [[r.ParticleLightQuality:2]]
[2021.02.05-11.47.45:578][  0]LogConfig: Setting CVar [[r.SkyAtmosphere.AerialPerspectiveLUT.FastApplyOnOpaque:1 ; Always have FastSkyLUT 1 in this case to avoid wrong sky]]
[2021.02.05-11.47.45:578][  0]LogConfig: Setting CVar [[r.SkyAtmosphere.AerialPerspectiveLUT.SampleCountPerSlice:1]]
[2021.02.05-11.47.45:578][  0]LogConfig: Setting CVar [[r.SkyAtmosphere.AerialPerspectiveLUT.DepthResolution:16.0]]
[2021.02.05-11.47.45:578][  0]LogConfig: Setting CVar [[r.SkyAtmosphere.FastSkyLUT:1]]
[2021.02.05-11.47.45:578][  0]LogConfig: Setting CVar [[r.SkyAtmosphere.FastSkyLUT.SampleCountMin:4.0]]
[2021.02.05-11.47.45:578][  0]LogConfig: Setting CVar [[r.SkyAtmosphere.FastSkyLUT.SampleCountMax:32.0]]
[2021.02.05-11.47.45:578][  0]LogConfig: Setting CVar [[r.SkyAtmosphere.SampleCountMin:4.0]]
[2021.02.05-11.47.45:578][  0]LogConfig: Setting CVar [[r.SkyAtmosphere.SampleCountMax:32.0]]
[2021.02.05-11.47.45:578][  0]LogConfig: Setting CVar [[r.SkyAtmosphere.TransmittanceLUT.UseSmallFormat:0]]
[2021.02.05-11.47.45:579][  0]LogConfig: Setting CVar [[r.SkyAtmosphere.TransmittanceLUT.SampleCount:10.0]]
[2021.02.05-11.47.45:579][  0]LogConfig: Setting CVar [[r.SkyAtmosphere.MultiScatteringLUT.SampleCount:15.0]]
[2021.02.05-11.47.45:579][  0]LogConfig: Applying CVar settings from Section [FoliageQuality@3] File [C:/Users/Morgan/Desktop/UnrealAnimationPracticeVids/UnrealAnimationPracticeVids/MyProject/Saved/Config/Windows/Scalability.ini]
[2021.02.05-11.47.45:579][  0]LogConfig: Setting CVar [[foliage.DensityScale:1.0]]
[2021.02.05-11.47.45:579][  0]LogConfig: Setting CVar [[grass.DensityScale:1.0]]
[2021.02.05-11.47.45:579][  0]LogConfig: Applying CVar settings from Section [ShadingQuality@3] File [C:/Users/Morgan/Desktop/UnrealAnimationPracticeVids/UnrealAnimationPracticeVids/MyProject/Saved/Config/Windows/Scalability.ini]
[2021.02.05-11.47.45:579][  0]LogConfig: Setting CVar [[r.HairStrands.SkyLighting.SampleCount:16]]
[2021.02.05-11.47.45:579][  0]LogConfig: Setting CVar [[r.HairStrands.SkyLighting.JitterIntegration:0]]
[2021.02.05-11.47.45:579][  0]LogConfig: Setting CVar [[r.HairStrands.SkyAO.SampleCount:16]]
[2021.02.05-11.47.45:579][  0]LogConfig: Setting CVar [[r.HairStrands.DeepShadow.SuperSampling:0]]
[2021.02.05-11.47.45:579][  0]LogConfig: Setting CVar [[r.HairStrands.VisibilityPPLL:0]]
[2021.02.05-11.47.45:579][  0]LogConfig: Setting CVar [[r.HairStrands.RasterizationScale:0.5]]
[2021.02.05-11.47.45:579][  0]LogConfig: Setting CVar [[r.HairStrands.VelocityRasterizationScale:1]]
[2021.02.05-11.47.45:579][  0]LogConfig: Applying CVar settings from Section [Startup] File [../../../Engine/Config/ConsoleVariables.ini]
[2021.02.05-11.47.45:579][  0]LogConfig: Setting CVar [[net.UseAdaptiveNetUpdateFrequency:0]]
[2021.02.05-11.47.45:580][  0]LogConfig: Setting CVar [[p.chaos.AllowCreatePhysxBodies:1]]
[2021.02.05-11.47.45:580][  0]LogConfig: Setting CVar [[fx.SkipVectorVMBackendOptimizations:1]]
[2021.02.05-11.47.45:580][  0]LogConfig: Applying CVar settings from Section [ConsoleVariables] File [C:/Users/Morgan/Desktop/UnrealAnimationPracticeVids/UnrealAnimationPracticeVids/MyProject/Saved/Config/Windows/Engine.ini]
[2021.02.05-11.47.45:580][  0]LogInit: Computer: DESKTOP-A1LV5LA
[2021.02.05-11.47.45:580][  0]LogInit: User: Morgan
[2021.02.05-11.47.45:580][  0]LogInit: CPU Page size=4096, Cores=10
[2021.02.05-11.47.45:580][  0]LogInit: High frequency timer resolution =10.000000 MHz
[2021.02.05-11.47.45:580][  0]LogMemory: Memory total: Physical=31.9GB (32GB approx)
[2021.02.05-11.47.45:580][  0]LogMemory: Platform Memory Stats for Windows
[2021.02.05-11.47.45:580][  0]LogMemory: Process Physical Memory: 118.57 MB used, 118.57 MB peak
[2021.02.05-11.47.45:580][  0]LogMemory: Process Virtual Memory: 101.04 MB used, 101.04 MB peak
[2021.02.05-11.47.45:580][  0]LogMemory: Physical Memory: 11795.57 MB used,  20870.04 MB free, 32665.60 MB total
[2021.02.05-11.47.45:580][  0]LogMemory: Virtual Memory: 5211.20 MB used,  134212520.00 MB free, 134217728.00 MB total
[2021.02.05-11.47.45:589][  0]LogWindows: WindowsPlatformFeatures enabled
[2021.02.05-11.47.45:779][  0]LogInit: Physics initialised using underlying interface: PhysX
[2021.02.05-11.47.45:780][  0]LogInit: Using OS detected language (en-GB).
[2021.02.05-11.47.45:780][  0]LogInit: Using OS detected locale (en-GB).
[2021.02.05-11.47.45:787][  0]LogTextLocalizationManager: No specific localization for 'en-GB' exists, so the 'en' localization will be used.
[2021.02.05-11.47.45:940][  0]LogInit: Setting process to per monitor DPI aware
[2021.02.05-11.47.45:980][  0]LogSlate: New Slate User Created.  User Index 0, Is Virtual User: 0
[2021.02.05-11.47.45:981][  0]LogSlate: Slate User Registered.  User Index 0, Is Virtual User: 0
[2021.02.05-11.47.46:122][  0]LogHMD: Failed to initialize OpenVR with code 110
[2021.02.05-11.47.46:122][  0]LogD3D11RHI: D3D11 min allowed feature level: 11_0
[2021.02.05-11.47.46:122][  0]LogD3D11RHI: D3D11 max allowed feature level: 11_0
[2021.02.05-11.47.46:122][  0]LogD3D11RHI: D3D11 adapters:
[2021.02.05-11.47.46:247][  0]LogD3D11RHI:    0. 'NVIDIA GeForce RTX 3090' (Feature Level 11_0)
[2021.02.05-11.47.46:247][  0]LogD3D11RHI:       24348/0/16332 MB DedicatedVideo/DedicatedSystem/SharedSystem, Outputs:2, VendorId:0x10de
[2021.02.05-11.47.46:251][  0]LogD3D11RHI:    1. 'Microsoft Basic Render Driver' (Feature Level 11_0)
[2021.02.05-11.47.46:251][  0]LogD3D11RHI:       0/0/16332 MB DedicatedVideo/DedicatedSystem/SharedSystem, Outputs:0, VendorId:0x1414
[2021.02.05-11.47.46:251][  0]LogD3D11RHI: Chosen D3D11 Adapter: 0
[2021.02.05-11.47.46:257][  0]LogD3D11RHI: Creating new Direct3DDevice
[2021.02.05-11.47.46:257][  0]LogD3D11RHI:     GPU DeviceId: 0x2204 (for the marketing name, search the web for "GPU Device Id")
[2021.02.05-11.47.46:257][  0]LogWindows: EnumDisplayDevices:
[2021.02.05-11.47.46:258][  0]LogWindows:    0. 'NVIDIA GeForce RTX 3090' (P:1 D:1)
[2021.02.05-11.47.46:258][  0]LogWindows:    1. 'NVIDIA GeForce RTX 3090' (P:0 D:1)
[2021.02.05-11.47.46:258][  0]LogWindows:    2. 'NVIDIA GeForce RTX 3090' (P:0 D:0)
[2021.02.05-11.47.46:258][  0]LogWindows:    3. 'NVIDIA GeForce RTX 3090' (P:0 D:0)
[2021.02.05-11.47.46:259][  0]LogWindows: DebugString: FoundDriverCount:4 
[2021.02.05-11.47.46:259][  0]LogD3D11RHI:     Adapter Name: NVIDIA GeForce RTX 3090
[2021.02.05-11.47.46:259][  0]LogD3D11RHI:   Driver Version: 460.89 (internal:27.21.14.6089, unified:460.89)
[2021.02.05-11.47.46:259][  0]LogD3D11RHI:      Driver Date: 12-11-2020
[2021.02.05-11.47.46:259][  0]LogRHI: Texture pool is 17043 MB (70% of 24348 MB)
[2021.02.05-11.47.46:348][  0]LogD3D11RHI: RHI has support for 64 bit atomics
[2021.02.05-11.47.46:348][  0]LogD3D11RHI: Async texture creation enabled
[2021.02.05-11.47.46:348][  0]LogD3D11RHI: Array index from any shader is supported
[2021.02.05-11.47.46:365][  0]LogD3D11RHI: GPU Timing Frequency: 1000.000000 (Debug: 2 1)
[2021.02.05-11.47.46:650][  0]LogTargetPlatformManager: Display: Loaded TargetPlatform 'AllDesktop'
[2021.02.05-11.47.46:672][  0]LogTargetPlatformManager: Display: Loaded TargetPlatform 'Android'
[2021.02.05-11.47.46:672][  0]LogTargetPlatformManager: Display: Loaded TargetPlatform 'Android_ASTC'
[2021.02.05-11.47.46:672][  0]LogTargetPlatformManager: Display: Loaded TargetPlatform 'Android_DXT'
[2021.02.05-11.47.46:672][  0]LogTargetPlatformManager: Display: Loaded TargetPlatform 'Android_ETC2'
[2021.02.05-11.47.46:672][  0]LogTargetPlatformManager: Display: Loaded TargetPlatform 'AndroidClient'
[2021.02.05-11.47.46:673][  0]LogTargetPlatformManager: Display: Loaded TargetPlatform 'Android_ASTCClient'
[2021.02.05-11.47.46:673][  0]LogTargetPlatformManager: Display: Loaded TargetPlatform 'Android_DXTClient'
[2021.02.05-11.47.46:673][  0]LogTargetPlatformManager: Display: Loaded TargetPlatform 'Android_ETC2Client'
[2021.02.05-11.47.46:673][  0]LogTargetPlatformManager: Display: Loaded TargetPlatform 'Android_Multi'
[2021.02.05-11.47.46:673][  0]LogTargetPlatformManager: Display: Loaded TargetPlatform 'Android_MultiClient'
[2021.02.05-11.47.46:704][  0]LogTargetPlatformManager: Display: Loaded TargetPlatform 'IOSClient'
[2021.02.05-11.47.46:704][  0]LogTargetPlatformManager: Display: Loaded TargetPlatform 'IOS'
[2021.02.05-11.47.46:716][  0]LogTargetPlatformManager: Display: Loaded TargetPlatform 'Linux'
[2021.02.05-11.47.46:727][  0]LogTargetPlatformManager: Display: Loaded TargetPlatform 'LinuxNoEditor'
[2021.02.05-11.47.46:737][  0]LogTargetPlatformManager: Display: Loaded TargetPlatform 'LinuxClient'
[2021.02.05-11.47.46:748][  0]LogTargetPlatformManager: Display: Loaded TargetPlatform 'LinuxServer'
[2021.02.05-11.47.46:759][  0]LogTargetPlatformManager: Display: Loaded TargetPlatform 'LinuxAArch64NoEditor'
[2021.02.05-11.47.46:770][  0]LogTargetPlatformManager: Display: Loaded TargetPlatform 'LinuxAArch64Client'
[2021.02.05-11.47.46:781][  0]LogTargetPlatformManager: Display: Loaded TargetPlatform 'LinuxAArch64Server'
[2021.02.05-11.47.46:809][  0]LogTargetPlatformManager: Display: Loaded TargetPlatform 'Lumin'
[2021.02.05-11.47.46:810][  0]LogTargetPlatformManager: Display: Loaded TargetPlatform 'LuminClient'
[2021.02.05-11.47.46:828][  0]LogTargetPlatformManager: Display: Loaded TargetPlatform 'TVOSClient'
[2021.02.05-11.47.46:828][  0]LogTargetPlatformManager: Display: Loaded TargetPlatform 'TVOS'
[2021.02.05-11.47.46:839][  0]LogTargetPlatformManager: Display: Loaded TargetPlatform 'WindowsNoEditor'
[2021.02.05-11.47.46:850][  0]LogTargetPlatformManager: Display: Loaded TargetPlatform 'Windows'
[2021.02.05-11.47.46:861][  0]LogTargetPlatformManager: Display: Loaded TargetPlatform 'WindowsClient'
[2021.02.05-11.47.46:871][  0]LogTargetPlatformManager: Display: Loaded TargetPlatform 'WindowsServer'
[2021.02.05-11.47.46:871][  0]LogTargetPlatformManager: Display: Building Assets For Windows
[2021.02.05-11.47.46:884][  0]LogAudioDebug: Display: Lib vorbis DLL was dynamically loaded.
[2021.02.05-11.47.46:969][  0]LogShaderCompilers: Guid format shader working directory is -58 characters bigger than the processId version (../../../../../../Users/Morgan/Desktop/UnrealAnimationPracticeVids/UnrealAnimationPracticeVids/MyProject/Intermediate/Shaders/WorkingDirectory/16460/).
[2021.02.05-11.47.46:969][  0]LogShaderCompilers: Cleaned the shader compiler working directory 'C:/Users/Morgan/AppData/Local/Temp/UnrealShaderWorkingDir/FE71C9FB4D2EAE4199CB879D58164D04/'.
[2021.02.05-11.47.46:970][  0]LogXGEController: Cleaning working directory: C:/Users/Morgan/AppData/Local/Temp/UnrealXGEWorkingDir/
[2021.02.05-11.47.46:970][  0]LogXGEController: Cannot use XGE Controller as Incredibuild is not installed on this machine.
[2021.02.05-11.47.46:970][  0]LogShaderCompilers: Cannot use XGE Shader Compiler as Incredibuild is not installed on this machine.
[2021.02.05-11.47.46:970][  0]LogShaderCompilers: Display: Using Local Shader Compiler.
[2021.02.05-11.47.47:719][  0]LogDerivedDataCache: Display: Max Cache Size: 512 MB
[2021.02.05-11.47.47:765][  0]LogDerivedDataCache: Loaded boot cache 0.05s 80MB C:/Users/Morgan/AppData/Local/UnrealEngine/4.25/DerivedDataCache/Boot.ddc.
[2021.02.05-11.47.47:765][  0]LogDerivedDataCache: Display: Loaded Boot cache: C:/Users/Morgan/AppData/Local/UnrealEngine/4.25/DerivedDataCache/Boot.ddc
[2021.02.05-11.47.47:765][  0]LogDerivedDataCache: FDerivedDataBackendGraph:  Pak pak cache file ../../../../../../Users/Morgan/Desktop/UnrealAnimationPracticeVids/UnrealAnimationPracticeVids/MyProject/DerivedDataCache/DDC.ddp not found, will not use a pak cache.
[2021.02.05-11.47.47:766][  0]LogDerivedDataCache: Unable to find inner node Pak for hierarchical cache Hierarchy.
[2021.02.05-11.47.47:766][  0]LogDerivedDataCache: FDerivedDataBackendGraph:  CompressedPak pak cache file ../../../../../../Users/Morgan/Desktop/UnrealAnimationPracticeVids/UnrealAnimationPracticeVids/MyProject/DerivedDataCache/Compressed.ddp not found, will not use a pak cache.
[2021.02.05-11.47.47:766][  0]LogDerivedDataCache: Unable to find inner node CompressedPak for hierarchical cache Hierarchy.
[2021.02.05-11.47.47:775][  0]LogDerivedDataCache: Display: Pak cache opened for reading ../../../Engine/DerivedDataCache/Compressed.ddp.
[2021.02.05-11.47.47:776][  0]LogDerivedDataCache: FDerivedDataBackendGraph:  EnterprisePak pak cache file ../../../Enterprise/DerivedDataCache/Compressed.ddp not found, will not use a pak cache.
[2021.02.05-11.47.47:776][  0]LogDerivedDataCache: Unable to find inner node EnterprisePak for hierarchical cache Hierarchy.
[2021.02.05-11.47.47:777][  0]LogDerivedDataCache: Using Local data cache path C:/Users/Morgan/AppData/Local/UnrealEngine/Common/DerivedDataCache: Writable
[2021.02.05-11.47.47:777][  0]LogDerivedDataCache: Shared data cache path not found in *engine.ini, will not use an Shared cache.
[2021.02.05-11.47.47:778][  0]LogDerivedDataCache: Unable to find inner node Shared for hierarchical cache Hierarchy.
[2021.02.05-11.47.47:827][  0]LogSlate: Using FreeType 2.10.0
[2021.02.05-11.47.47:828][  0]LogSlate: SlateFontServices - WITH_FREETYPE: 1, WITH_HARFBUZZ: 1
[2021.02.05-11.47.47:851][  0]LogAssetRegistry: FAssetRegistry took 0.0036 seconds to start up
[2021.02.05-11.47.48:058][  0]LogInit: Selected Device Profile: [Windows]
[2021.02.05-11.47.48:180][  0]LogMeshReduction: Using QuadricMeshReduction for automatic static mesh reduction
[2021.02.05-11.47.48:180][  0]LogMeshReduction: Using SimplygonMeshReduction for automatic skeletal mesh reduction
[2021.02.05-11.47.48:180][  0]LogMeshReduction: Using ProxyLODMeshReduction for automatic mesh merging
[2021.02.05-11.47.48:180][  0]LogMeshReduction: No distributed automatic mesh merging module available
[2021.02.05-11.47.48:180][  0]LogMeshMerging: No distributed automatic mesh merging module available
[2021.02.05-11.47.48:197][  0]LogNetVersion: MyProject 1.0.0, NetCL: 13144385, EngineNetVer: 14, GameNetVer: 0 (Checksum: 709303259)
[2021.02.05-11.47.48:578][  0]LogAISub: UAISubsystem::UAISubsystem AISubsystem (0000019FC10D1CC0), frame # 0
[2021.02.05-11.47.48:579][  0]LogAISub: UAISubsystem::UAISubsystem AIPerceptionSystem (0000019FC10291C0), frame # 0
[2021.02.05-11.47.48:580][  0]LogAISub: UAISubsystem::UAISubsystem EnvQueryManager (0000019FC108C800), frame # 0
[2021.02.05-11.47.48:639][  0]LogPackageLocalizationCache: Processed 20 localized package path(s) for 1 prioritized culture(s) in 0.053161 seconds
[2021.02.05-11.47.48:643][  0]LogUObjectArray: 15913 objects as part of root set at end of initial load.
[2021.02.05-11.47.48:643][  0]LogUObjectAllocator: 3964304 out of 0 bytes used by permanent object pool.
[2021.02.05-11.47.48:643][  0]LogUObjectArray: CloseDisregardForGC: 0/0 objects in disregard for GC pool
[2021.02.05-11.47.49:076][  0]LogTcpMessaging: Initializing TcpMessaging bridge
[2021.02.05-11.47.49:082][  0]LogUdpMessaging: Initializing bridge on interface 0.0.0.0:0 to multicast group 230.0.0.1:6666.
[2021.02.05-11.47.49:378][  0]SourceControl: Source control is disabled
[2021.02.05-11.47.49:378][  0]SourceControl: Source control is disabled
[2021.02.05-11.47.49:383][  0]SourceControl: Source control is disabled
[2021.02.05-11.47.49:387][  0]SourceControl: Source control is disabled
[2021.02.05-11.47.49:396][  0]SourceControl: Source control is disabled
[2021.02.05-11.47.49:726][  0]LogAndroidPermission: UAndroidPermissionCallbackProxy::GetInstance
[2021.02.05-11.47.49:753][  0]LogAudioCaptureCore: Display: No Audio Capture implementations found. Audio input will be silent.
[2021.02.05-11.47.49:754][  0]LogAudioCaptureCore: Display: No Audio Capture implementations found. Audio input will be silent.
[2021.02.05-11.47.49:812][  0]LogOcInput: OculusInput pre-init called
[2021.02.05-11.47.49:826][  0]LogWindows: Failed to load 'OVRPlugin.dll' (GetLastError=126)
[2021.02.05-11.47.49:826][  0]LogWindows: File 'OVRPlugin.dll' does not exist
[2021.02.05-11.47.50:087][  0]LogEngine: Initializing Engine...
[2021.02.05-11.47.50:088][  0]LogHMD: Failed to initialize OpenVR with code 110
[2021.02.05-11.47.50:089][  0]LogMagicLeap: Warning: VR disabled because ZI is not enabled.  To enable, in the editor, Edit -> Project Settings -> Plugins -> Magic Leap Plugin -> Enable Zero Iteration
[2021.02.05-11.47.50:089][  0]LogStats: UGameplayTagsManager::InitializeManager -  0.000 s
[2021.02.05-11.47.50:192][  0]LogInit: Initializing FReadOnlyCVARCache
[2021.02.05-11.47.50:200][  0]LogAIModule: Creating AISystem for world Untitled
[2021.02.05-11.47.50:200][  0]LogAISub: UAISubsystem::UAISubsystem EnvQueryManager (0000019FC9565200), frame # 0
[2021.02.05-11.47.50:200][  0]LogAISub: UAISubsystem::UAISubsystem AIPerceptionSystem (0000019FC9589A80), frame # 0
[2021.02.05-11.47.50:216][  0]LogAudioMixer: Display: Audio Mixer Platform Settings:
[2021.02.05-11.47.50:216][  0]LogAudioMixer: Display: 	Sample Rate:						  48000
[2021.02.05-11.47.50:216][  0]LogAudioMixer: Display: 	Callback Buffer Frame Size Requested: 1024
[2021.02.05-11.47.50:216][  0]LogAudioMixer: Display: 	Callback Buffer Frame Size To Use:	  1024
[2021.02.05-11.47.50:216][  0]LogAudioMixer: Display: 	Number of buffers to queue:			  2
[2021.02.05-11.47.50:216][  0]LogAudioMixer: Display: 	Max Channels (voices):				  32
[2021.02.05-11.47.50:216][  0]LogAudioMixer: Display: 	Number of Async Source Workers:		  0
[2021.02.05-11.47.50:216][  0]LogAudio: Display: AudioDevice MaxSources: 32
[2021.02.05-11.47.50:216][  0]LogAudio: Display: Using built-in audio occlusion.
[2021.02.05-11.47.50:216][  0]LogAudioMixer: Display: Initializing audio mixer.
[2021.02.05-11.47.50:232][  0]LogAudioMixer: Display: 0: FrontLeft
[2021.02.05-11.47.50:232][  0]LogAudioMixer: Display: 1: FrontRight
[2021.02.05-11.47.50:276][  0]LogAudioMixer: Display: Using Audio Device BenQ GL2580 (NVIDIA High Definition Audio)
[2021.02.05-11.47.50:278][  0]LogAudioMixer: Display: Initializing Sound Submixes...
[2021.02.05-11.47.50:280][  0]LogAudioMixer: Display: Creating Master Submix 'MasterSubmixDefault'
[2021.02.05-11.47.50:280][  0]LogAudioMixer: Display: Creating Master Submix 'MasterReverbSubmixDefault'
[2021.02.05-11.47.50:281][  0]LogAudioMixer: Display: Creating Master Submix 'MasterEQSubmixDefault'
[2021.02.05-11.47.50:283][  0]LogInit: FAudioDevice initialized.
[2021.02.05-11.47.50:283][  0]LogNetVersion: Set ProjectVersion to 1.0.0.0. Version Checksum will be recalculated on next use.
[2021.02.05-11.47.50:323][  0]LogDerivedDataCache: Saved boot cache 0.04s 80MB C:/Users/Morgan/AppData/Local/UnrealEngine/4.25/DerivedDataCache/Boot.ddc.
[2021.02.05-11.47.50:325][  0]LogInit: Texture streaming: Enabled
[2021.02.05-11.47.50:347][  0]LogEngineSessionManager: EngineSessionManager initialized
[2021.02.05-11.47.50:347][  0]LogEngineSessionManager: EngineSessionManager sent abnormal shutdown report. Type=Debugger, SessionId={DE3DA365-4675-076F-B1EF-68915FC576C3}
[2021.02.05-11.47.50:347][  0]LogEngineSessionManager: EngineSessionManager sent abnormal shutdown report. Type=Debugger, SessionId={613183FC-45DE-9D59-F15C-05B526D84B0F}
[2021.02.05-11.47.50:347][  0]LogEditorSessionSummary: Verbose: Initializing EditorSessionSummaryWriter for editor session tracking
[2021.02.05-11.47.50:350][  0]LogEditorSessionSummary: EditorSessionSummaryWriter initialized
[2021.02.05-11.47.50:364][  0]LogInit: Transaction tracking system initialized
[2021.02.05-11.47.50:391][  0]BlueprintLog: New page: Editor Load
[2021.02.05-11.47.50:478][  0]LocalizationService: Localization service is disabled
[2021.02.05-11.47.50:650][  0]LogCook: Display: Max memory allowance for cook 16384mb min free memory 0mb
[2021.02.05-11.47.50:650][  0]LogCook: Display: Mobile HDR setting 1
[2021.02.05-11.47.50:812][  0]LogFileCache: Scanning file cache for directory 'C:/Users/Morgan/Desktop/UnrealAnimationPracticeVids/UnrealAnimationPracticeVids/MyProject/Content/' took 0.01s
[2021.02.05-11.47.50:973][  0]SourceControl: Source control is disabled
[2021.02.05-11.47.50:973][  0]LogUnrealEdMisc: Loading editor; pre map load, took 7.224
[2021.02.05-11.47.50:973][  0]LightingResults: New page: Lighting Build
[2021.02.05-11.47.50:974][  0]LogWorld: UWorld::CleanupWorld for Untitled, bSessionEnded=true, bCleanupResources=true
[2021.02.05-11.47.50:974][  0]LogSlate: InvalidateAllWidgets triggered.  All widgets were invalidated
[2021.02.05-11.47.50:974][  0]MapCheck: New page: Map Check
[2021.02.05-11.47.50:974][  0]LightingResults: New page: Lighting Build
[2021.02.05-11.47.50:988][  0]LogAISub: UAISubsystem::~UAISubsystem EnvQueryManager (0000019FC9565200), frame # 0
[2021.02.05-11.47.50:988][  0]LogAISub: UAISubsystem::~UAISubsystem AIPerceptionSystem (0000019FC9589A80), frame # 0
[2021.02.05-11.47.50:989][  0]LogUObjectHash: Compacting FUObjectHashTables data took   0.71ms
[2021.02.05-11.47.51:062][  0]LogAIModule: Creating AISystem for world ThirdPersonExampleMap
[2021.02.05-11.47.51:063][  0]LogAISub: UAISubsystem::UAISubsystem EnvQueryManager (0000019FB79E3E00), frame # 0
[2021.02.05-11.47.51:063][  0]LogAISub: UAISubsystem::UAISubsystem AIPerceptionSystem (0000019FC55B1940), frame # 0
[2021.02.05-11.47.51:071][  0]LogEditorServer: Finished looking for orphan Actors (0.000 secs)
[2021.02.05-11.47.51:087][  0]LogUObjectHash: Compacting FUObjectHashTables data took   0.73ms
[2021.02.05-11.47.51:087][  0]Cmd: MAP CHECKDEP NOCLEARLOG
[2021.02.05-11.47.51:088][  0]MapCheck: Map check complete: 0 Error(s), 0 Warning(s), took 0.198ms to complete.
[2021.02.05-11.47.51:088][  0]LogFileHelpers: Loading map 'ThirdPersonExampleMap' took 0.115
[2021.02.05-11.47.51:091][  0]LogUnrealEdMisc: Total Editor Startup Time, took 7.343
[2021.02.05-11.47.51:215][  0]LogSlate: Updating window title bar state: overlay mode, drag disabled, window buttons hidden, title bar hidden
[2021.02.05-11.47.51:221][  0]LogSlate: Updating window title bar state: overlay mode, drag disabled, window buttons hidden, title bar hidden
[2021.02.05-11.47.51:227][  0]LogSlate: Updating window title bar state: overlay mode, drag disabled, window buttons hidden, title bar hidden
[2021.02.05-11.47.51:234][  0]LogSlate: Updating window title bar state: overlay mode, drag disabled, window buttons hidden, title bar hidden
[2021.02.05-11.47.51:242][  0]LogCollectionManager: Loaded 0 collections in 0.001468 seconds
[2021.02.05-11.47.51:259][  0]LogFileCache: Scanning file cache for directory 'C:/Users/Morgan/Desktop/UnrealAnimationPracticeVids/UnrealAnimationPracticeVids/MyProject/Saved/Collections/' took 0.00s
[2021.02.05-11.47.51:259][  0]LogFileCache: Scanning file cache for directory 'C:/Users/Morgan/Desktop/UnrealAnimationPracticeVids/UnrealAnimationPracticeVids/MyProject/Content/Developers/Morgan/Collections/' took 0.00s
[2021.02.05-11.47.51:259][  0]LogFileCache: Scanning file cache for directory 'C:/Users/Morgan/Desktop/UnrealAnimationPracticeVids/UnrealAnimationPracticeVids/MyProject/Content/Collections/' took 0.00s
[2021.02.05-11.47.51:259][  0]LogContentBrowser: Native class hierarchy populated in 0.0084 seconds. Added 3447 classes and 837 folders.
[2021.02.05-11.47.51:262][  0]LogContentBrowser: Native class hierarchy updated for 'WidgetCarousel' in 0.0004 seconds. Added 0 classes and 0 folders.
[2021.02.05-11.47.51:326][  0]LogContentBrowser: Native class hierarchy updated for 'AddContentDialog' in 0.0004 seconds. Added 0 classes and 0 folders.
[2021.02.05-11.47.51:328][  0]LogContentBrowser: Native class hierarchy updated for 'SceneOutliner' in 0.0003 seconds. Added 2 classes and 0 folders.
[2021.02.05-11.47.51:361][  0]LogSlate: Took 0.000153 seconds to synchronously load lazily loaded font '../../../Engine/Content/Slate/Fonts/Roboto-Regular.ttf' (155K)
[2021.02.05-11.47.51:365][  0]LogSlate: Took 0.000161 seconds to synchronously load lazily loaded font '../../../Engine/Content/Editor/Slate/Fonts/FontAwesome.ttf' (139K)
[2021.02.05-11.47.51:425][  0]LogRenderer: Reallocating scene render targets to support 2040x928 Format 10 NumSamples 1 (Frame:1).
[2021.02.05-11.47.51:500][  0]LogContentBrowser: Native class hierarchy updated for 'HierarchicalLODOutliner' in 0.0004 seconds. Added 0 classes and 0 folders.
[2021.02.05-11.47.51:500][  0]LogLoad: (Engine Initialization) Total time: 7.75 seconds
[2021.02.05-11.47.51:501][  0]LogLoad: (Engine Initialization) Total Blueprint compile time: 0.00 seconds
[2021.02.05-11.47.51:534][  0]LogAssetRegistry: Asset discovery search completed in 3.6854 seconds
[2021.02.05-11.47.51:537][  0]LogCollectionManager: Fixed up redirectors for 0 collections in 0.000002 seconds (updated 0 objects)
[2021.02.05-11.47.51:539][  0]LogContentStreaming: Texture pool size now 1000 MB
[2021.02.05-11.47.52:830][ 74]LogEditorViewport: Clicking on Actor (LMB): ThirdPersonCharacter_C (ThirdPersonCharacter2)
[2021.02.05-11.47.54:285][156]LogEditorViewport: Clicking on Actor (LMB): StaticMeshActor (LeftArm_StaticMesh)
[2021.02.05-11.48.05:993][851]LogEditorViewport: Clicking on Actor (LMB): StaticMeshActor (Ramp_StaticMesh)
[2021.02.05-11.48.06:493][880]LogEditorViewport: Clicking on Actor (CTRL LMB): StaticMeshActor (LeftArm_StaticMesh)
[2021.02.05-11.48.06:827][899]LogEditorViewport: Clicking on Actor (CTRL LMB): StaticMeshActor (Bump_StaticMesh)
[2021.02.05-11.48.07:327][928]LogEditorViewport: Clicking on Actor (CTRL LMB): StaticMeshActor (RightArm_StaticMesh)
[2021.02.05-11.48.08:011][968]LogEditorViewport: Clicking on Actor (CTRL LMB): StaticMeshActor (Linear_Stair_StaticMesh)
[2021.02.05-11.48.13:183][277]LogEditorViewport: Clicking on Actor (LMB): StaticMeshActor (1M_Cube_Chamfer)
[2021.02.05-11.48.13:615][302]LogEditorViewport: Clicking on Actor (LMB): StaticMeshActor (Floor)
[2021.02.05-11.48.14:466][352]LogEditorViewport: Clicking on Actor (LMB): StaticMeshActor (Floor)
[2021.02.05-11.49.16:484][600]LogEditorViewport: Clicking on Actor (LMB): StaticMeshActor (LeftArm_StaticMesh)
[2021.02.05-11.49.17:218][643]LogEditorViewport: Clicking on Actor (CTRL LMB): StaticMeshActor (Bump_StaticMesh)
[2021.02.05-11.49.17:552][662]LogEditorViewport: Clicking on Actor (CTRL LMB): StaticMeshActor (RightArm_StaticMesh)
[2021.02.05-11.49.17:985][688]LogEditorViewport: Clicking on Actor (CTRL LMB): StaticMeshActor (Linear_Stair_StaticMesh)
[2021.02.05-11.49.18:670][729]LogEditorViewport: Clicking on Actor (CTRL LMB): StaticMeshActor (Ramp_StaticMesh)
[2021.02.05-11.49.28:928][336]LogEditorViewport: Clicking on Actor (LMB): StaticMeshActor (Floor)
[2021.02.05-11.49.32:784][562]LogSlate: Took 0.000169 seconds to synchronously load lazily loaded font '../../../Engine/Content/Slate/Fonts/Roboto-Light.ttf' (167K)
[2021.02.05-11.49.32:819][562]LogUObjectHash: Compacting FUObjectHashTables data took   0.57ms
[2021.02.05-11.49.32:857][562]LogSavePackage: Moving '../../../../../../Users/Morgan/Desktop/UnrealAnimationPracticeVids/UnrealAnimationPracticeVids/MyProject/Saved/ThirdPersonExampleMap1BE2B7924FEA7CE822C41E949CF2724D.tmp' to '../../../../../../Users/Morgan/Desktop/UnrealAnimationPracticeVids/UnrealAnimationPracticeVids/MyProject/Content/ThirdPersonCPP/Maps/ThirdPersonExampleMap.umap'
[2021.02.05-11.49.32:982][562]LogSavePackage: Moving '../../../../../../Users/Morgan/Desktop/UnrealAnimationPracticeVids/UnrealAnimationPracticeVids/MyProject/Saved/ThirdPersonExampleMap_BuiltData188D12D540F9D623E8BD5DA8AB617F1B.tmp' to '../../../../../../Users/Morgan/Desktop/UnrealAnimationPracticeVids/UnrealAnimationPracticeVids/MyProject/Content/ThirdPersonCPP/Maps/ThirdPersonExampleMap_BuiltData.uasset'
[2021.02.05-11.49.32:992][562]AssetCheck: New page: Asset Save: multiple assets
[2021.02.05-11.49.32:993][562]LogContentValidation: Display: Validating World /Game/ThirdPersonCPP/Maps/ThirdPersonExampleMap.ThirdPersonExampleMap
[2021.02.05-11.49.32:993][562]LogContentValidation: Display: Validating MapBuildDataRegistry /Game/ThirdPersonCPP/Maps/ThirdPersonExampleMap_BuiltData.ThirdPersonExampleMap_BuiltData
[2021.02.05-11.49.34:916][678]Candidate modules for hot reload:
[2021.02.05-11.49.34:916][678]  MyProject
[2021.02.05-11.49.34:916][678]Launching UnrealBuildTool... [C:/Program Files/Epic Games/UE_4.25/Engine/Binaries/DotNET/UnrealBuildTool.exe  -ModuleWithSuffix=MyProject,7250 MyProjectEditor Win64 Development -Project="C:/Users/Morgan/Desktop/UnrealAnimationPracticeVids/UnrealAnimationPracticeVids/MyProject/MyProject.uproject" "C:/Users/Morgan/Desktop/UnrealAnimationPracticeVids/UnrealAnimationPracticeVids/MyProject/MyProject.uproject"  -IgnoreJunk]
[2021.02.05-11.49.34:952][678]Warning: Starting HotReload took  0.1s.
[2021.02.05-11.49.48:123][956]CompilerResultsLog: New page: Compilation - 5 Feb 2021, 11:49:48
[2021.02.05-11.49.48:123][956]CompilerResultsLog: Using 'git status' to determine working set for adaptive non-unity build (C:\Users\Morgan\Desktop\UnrealAnimationPracticeVids\UnrealAnimationPracticeVids).
[2021.02.05-11.49.48:123][956]CompilerResultsLog: Building MyProjectEditor...
[2021.02.05-11.49.48:124][956]CompilerResultsLog: Using Visual Studio 2019 14.28.29336 toolchain (C:\Program Files (x86)\Microsoft Visual Studio\2019\Community\VC\Tools\MSVC\14.28.29333) and Windows 10.0.18362.0 SDK (C:\Program Files (x86)\Windows Kits\10).
[2021.02.05-11.49.48:124][956]CompilerResultsLog: [Upgrade]
[2021.02.05-11.49.48:124][956]CompilerResultsLog: [Upgrade] Using backward-compatible build settings. The latest version of UE4 sets the following values by default, which may require code changes:
[2021.02.05-11.49.48:124][956]CompilerResultsLog: [Upgrade]     bLegacyPublicIncludePaths = false                 => Omits subfolders from public include paths to reduce compiler command line length. (Previously: true).
[2021.02.05-11.49.48:124][956]CompilerResultsLog: [Upgrade]     ShadowVariableWarningLevel = WarningLevel.Error   => Treats shadowed variable warnings as errors. (Previously: WarningLevel.Warning).
[2021.02.05-11.49.48:124][956]CompilerResultsLog: [Upgrade]     PCHUsage = PCHUsageMode.UseExplicitOrSharedPCHs   => Set in build.cs files to enables IWYU-style PCH model. See https://docs.unrealengine.com/en-US/Programming/BuildTools/UnrealBuildTool/IWYU/index.html. (Previously: PCHUsageMode.UseSharedPCHs).
[2021.02.05-11.49.48:124][956]CompilerResultsLog: [Upgrade] Suppress this message by setting 'DefaultBuildSettings = BuildSettingsVersion.V2;' in MyProjectEditor.Target.cs, and explicitly overriding settings that differ from the new defaults.
[2021.02.05-11.49.48:124][956]CompilerResultsLog: [Upgrade]
[2021.02.05-11.49.48:124][956]CompilerResultsLog: Building 4 actions with 20 processes...
[2021.02.05-11.49.48:124][956]CompilerResultsLog:   [1/4] MyProjectCharacter.cpp
[2021.02.05-11.49.48:124][956]CompilerResultsLog:   C:\Users\Morgan\Desktop\UnrealAnimationPracticeVids\UnrealAnimationPracticeVids\MyProject\Source\MyProject\MyProjectCharacter.cpp(538): warning C4459: declaration of 'LogLevel' hides global declaration
[2021.02.05-11.49.48:125][956]CompilerResultsLog:   C:\Program Files\Epic Games\UE_4.25\Engine\Source\Runtime\Engine\Public\EngineLogs.h(18): note: see declaration of 'LogLevel'
[2021.02.05-11.49.48:125][956]CompilerResultsLog:   C:\Users\Morgan\Desktop\UnrealAnimationPracticeVids\UnrealAnimationPracticeVids\MyProject\Source\MyProject\MyProjectCharacter.cpp(543): warning C4459: declaration of 'LogLevel' hides global declaration
[2021.02.05-11.49.48:125][956]CompilerResultsLog:   C:\Program Files\Epic Games\UE_4.25\Engine\Source\Runtime\Engine\Public\EngineLogs.h(18): note: see declaration of 'LogLevel'
[2021.02.05-11.49.48:125][956]CompilerResultsLog:   [2/4] UE4Editor-MyProject-7250.lib
[2021.02.05-11.49.48:125][956]CompilerResultsLog:      Creating library C:\Users\Morgan\Desktop\UnrealAnimationPracticeVids\UnrealAnimationPracticeVids\MyProject\Intermediate\Build\Win64\UE4Editor\Development\MyProject\UE4Editor-MyProject-7250.lib and object C:\Users\Morgan\Desktop\UnrealAnimationPracticeVids\UnrealAnimationPracticeVids\MyProject\Intermediate\Build\Win64\UE4Editor\Development\MyProject\UE4Editor-MyProject-7250.exp
[2021.02.05-11.49.48:125][956]CompilerResultsLog:   [3/4] UE4Editor-MyProject-7250.dll
[2021.02.05-11.49.48:125][956]CompilerResultsLog:      Creating library C:\Users\Morgan\Desktop\UnrealAnimationPracticeVids\UnrealAnimationPracticeVids\MyProject\Intermediate\Build\Win64\UE4Editor\Development\MyProject\UE4Editor-MyProject-7250.suppressed.lib and object C:\Users\Morgan\Desktop\UnrealAnimationPracticeVids\UnrealAnimationPracticeVids\MyProject\Intermediate\Build\Win64\UE4Editor\Development\MyProject\UE4Editor-MyProject-7250.suppressed.exp
[2021.02.05-11.49.48:125][956]CompilerResultsLog:   [4/4] MyProjectEditor.target
[2021.02.05-11.49.48:125][956]CompilerResultsLog: Total time in Parallel executor: 12.24 seconds
[2021.02.05-11.49.48:125][956]CompilerResultsLog: Total execution time: 12.92 seconds
[2021.02.05-11.49.48:125][956]LogMainFrame: MainFrame: Module compiling took 13.213 seconds
[2021.02.05-11.49.48:148][956]LogClass: EAttackType HotReload.
[2021.02.05-11.49.48:148][956]LogClass: ELogOutput HotReload.
[2021.02.05-11.49.48:148][956]LogClass: ELogLevel HotReload.
[2021.02.05-11.49.48:148][956]LogClass: ELineTraceType HotReload.
[2021.02.05-11.49.48:149][956]LogClass: MeleeCollisionProfile HotReload.
[2021.02.05-11.49.48:149][956]LogClass: PlayerAttackMontage HotReload.
[2021.02.05-11.49.48:153][956]LogContentBrowser: Native class hierarchy updated for 'MyProject' in 0.0004 seconds. Added 8 classes and 3 folders.
[2021.02.05-11.49.48:155][956]Display: HotReload successful (16 functions remapped  2 scriptstructs remapped)
[2021.02.05-11.49.48:225][956]LogContentBrowser: Native class hierarchy populated in 0.0093 seconds. Added 3447 classes and 837 folders.
[2021.02.05-11.49.48:225][956]Display: HotReload took 13.3s.
[2021.02.05-11.49.50:789][963]LogTemp: Repeating last play command: New Editor Window (PIE)
[2021.02.05-11.49.50:809][963]LogPlayLevel: PlayLevel: No blueprints needed recompiling
[2021.02.05-11.49.50:809][963]PIE: New page: PIE session: ThirdPersonExampleMap (5 Feb 2021, 11:49:50)
[2021.02.05-11.49.50:811][963]LogOnline: OSS: Creating online subsystem instance for: NULL
[2021.02.05-11.49.50:813][963]LogOnline: OSS: TryLoadSubsystemAndSetDefault: Loaded subsystem for module [NULL]
[2021.02.05-11.49.50:813][963]LogPlayLevel: Creating play world package: /Game/ThirdPersonCPP/Maps/UEDPIE_0_ThirdPersonExampleMap
[2021.02.05-11.49.50:822][963]LogPlayLevel: PIE: StaticDuplicateObject took: (0.008783s)
[2021.02.05-11.49.50:823][963]LogAIModule: Creating AISystem for world ThirdPersonExampleMap
[2021.02.05-11.49.50:823][963]LogAISub: UAISubsystem::UAISubsystem EnvQueryManager (000001A01F2E3600), frame # 3963
[2021.02.05-11.49.50:823][963]LogAISub: UAISubsystem::UAISubsystem AIPerceptionSystem (000001A030183EC0), frame # 3963
[2021.02.05-11.49.50:824][963]LogPlayLevel: PIE: World Init took: (0.001411s)
[2021.02.05-11.49.50:824][963]LogPlayLevel: PIE: Created PIE world by copying editor world from /Game/ThirdPersonCPP/Maps/ThirdPersonExampleMap.ThirdPersonExampleMap to /Game/ThirdPersonCPP/Maps/UEDPIE_0_ThirdPersonExampleMap.ThirdPersonExampleMap (0.010584s)
[2021.02.05-11.49.50:844][963]LogUObjectHash: Compacting FUObjectHashTables data took   0.61ms
[2021.02.05-11.49.50:845][963]LogAudioMixer: Display: Audio Mixer Platform Settings:
[2021.02.05-11.49.50:845][963]LogAudioMixer: Display: 	Sample Rate:						  48000
[2021.02.05-11.49.50:845][963]LogAudioMixer: Display: 	Callback Buffer Frame Size Requested: 1024
[2021.02.05-11.49.50:845][963]LogAudioMixer: Display: 	Callback Buffer Frame Size To Use:	  1024
[2021.02.05-11.49.50:846][963]LogAudioMixer: Display: 	Number of buffers to queue:			  2
[2021.02.05-11.49.50:846][963]LogAudioMixer: Display: 	Max Channels (voices):				  32
[2021.02.05-11.49.50:846][963]LogAudioMixer: Display: 	Number of Async Source Workers:		  0
[2021.02.05-11.49.50:846][963]LogAudio: Display: AudioDevice MaxSources: 32
[2021.02.05-11.49.50:846][963]LogAudio: Display: Using built-in audio occlusion.
[2021.02.05-11.49.50:846][963]LogAudioMixer: Display: Initializing audio mixer.
[2021.02.05-11.49.50:850][963]LogAudioMixer: Display: 0: FrontLeft
[2021.02.05-11.49.50:850][963]LogAudioMixer: Display: 1: FrontRight
[2021.02.05-11.49.50:879][963]LogAudioMixer: Display: Using Audio Device BenQ GL2580 (NVIDIA High Definition Audio)
[2021.02.05-11.49.50:879][963]LogAudioMixer: Display: Initializing Sound Submixes...
[2021.02.05-11.49.50:879][963]LogAudioMixer: Display: Creating Master Submix 'MasterSubmixDefault'
[2021.02.05-11.49.50:879][963]LogAudioMixer: Display: Creating Master Submix 'MasterReverbSubmixDefault'
[2021.02.05-11.49.50:880][963]LogAudioMixer: Display: Creating Master Submix 'MasterEQSubmixDefault'
[2021.02.05-11.49.50:892][963]LogInit: FAudioDevice initialized.
[2021.02.05-11.49.50:915][963]LogSlate: Updating window title bar state: overlay mode, drag disabled, window buttons hidden, title bar hidden
[2021.02.05-11.49.50:915][963]LogLoad: Game class is 'BP_GameMode_C'
[2021.02.05-11.49.50:917][963]LogWorld: Bringing World /Game/ThirdPersonCPP/Maps/UEDPIE_0_ThirdPersonExampleMap.ThirdPersonExampleMap up for play (max tick rate 0) at 2021.02.05-11.49.50
[2021.02.05-11.49.50:918][963]LogWorld: Bringing up level for play took: 0.001292
[2021.02.05-11.49.50:918][963]LogOnline: OSS: Creating online subsystem instance for: :Context_5
[2021.02.05-11.49.50:947][963]LogContentBrowser: Native class hierarchy updated for 'MovieSceneCapture' in 0.0004 seconds. Added 20 classes and 0 folders.
[2021.02.05-11.49.50:950][963]PIE: Server logged in
[2021.02.05-11.49.50:952][963]PIE: Play in editor total start time 0.146 seconds.
[2021.02.05-11.50.07:282][933]LogSlate: Updating window title bar state: overlay mode, drag disabled, window buttons hidden, title bar hidden
[2021.02.05-11.50.07:283][933]LogWorld: BeginTearingDown for /Game/ThirdPersonCPP/Maps/UEDPIE_0_ThirdPersonExampleMap
[2021.02.05-11.50.07:283][933]LogSlate: Window 'MyProject Preview [NetMode: Standalone] (64-bit/Windows) ' being destroyed
[2021.02.05-11.50.07:294][933]LogWorld: UWorld::CleanupWorld for ThirdPersonExampleMap, bSessionEnded=true, bCleanupResources=true
[2021.02.05-11.50.07:294][933]LogSlate: InvalidateAllWidgets triggered.  All widgets were invalidated
[2021.02.05-11.50.07:304][933]LogPlayLevel: Display: Shutting down PIE online subsystems
[2021.02.05-11.50.07:305][933]LogSlate: InvalidateAllWidgets triggered.  All widgets were invalidated
[2021.02.05-11.50.07:344][933]LogAISub: UAISubsystem::~UAISubsystem EnvQueryManager (000001A01F2E3600), frame # 4933
[2021.02.05-11.50.07:344][933]LogAISub: UAISubsystem::~UAISubsystem AIPerceptionSystem (000001A030183EC0), frame # 4933
[2021.02.05-11.50.07:345][933]LogUObjectHash: Compacting FUObjectHashTables data took   0.60ms
[2021.02.05-11.50.07:371][934]LogPlayLevel: Display: Destroying online subsystem :Context_5
[2021.02.05-11.50.24:774][135]Candidate modules for hot reload:
[2021.02.05-11.50.24:774][135]  MyProject
[2021.02.05-11.50.24:774][135]Launching UnrealBuildTool... [C:/Program Files/Epic Games/UE_4.25/Engine/Binaries/DotNET/UnrealBuildTool.exe  -ModuleWithSuffix=MyProject,626 MyProjectEditor Win64 Development -Project="C:/Users/Morgan/Desktop/UnrealAnimationPracticeVids/UnrealAnimationPracticeVids/MyProject/MyProject.uproject" "C:/Users/Morgan/Desktop/UnrealAnimationPracticeVids/UnrealAnimationPracticeVids/MyProject/MyProject.uproject"  -IgnoreJunk]
[2021.02.05-11.50.24:810][135]Warning: Starting HotReload took  0.1s.
[2021.02.05-11.50.38:112][671]CompilerResultsLog: New page: Compilation - 5 Feb 2021, 11:50:38
[2021.02.05-11.50.38:113][671]CompilerResultsLog: Using 'git status' to determine working set for adaptive non-unity build (C:\Users\Morgan\Desktop\UnrealAnimationPracticeVids\UnrealAnimationPracticeVids).
[2021.02.05-11.50.38:113][671]CompilerResultsLog: Building MyProjectEditor...
[2021.02.05-11.50.38:113][671]CompilerResultsLog: Using Visual Studio 2019 14.28.29336 toolchain (C:\Program Files (x86)\Microsoft Visual Studio\2019\Community\VC\Tools\MSVC\14.28.29333) and Windows 10.0.18362.0 SDK (C:\Program Files (x86)\Windows Kits\10).
[2021.02.05-11.50.38:113][671]CompilerResultsLog: [Upgrade]
[2021.02.05-11.50.38:113][671]CompilerResultsLog: [Upgrade] Using backward-compatible build settings. The latest version of UE4 sets the following values by default, which may require code changes:
[2021.02.05-11.50.38:113][671]CompilerResultsLog: [Upgrade]     bLegacyPublicIncludePaths = false                 => Omits subfolders from public include paths to reduce compiler command line length. (Previously: true).
[2021.02.05-11.50.38:113][671]CompilerResultsLog: [Upgrade]     ShadowVariableWarningLevel = WarningLevel.Error   => Treats shadowed variable warnings as errors. (Previously: WarningLevel.Warning).
[2021.02.05-11.50.38:113][671]CompilerResultsLog: [Upgrade]     PCHUsage = PCHUsageMode.UseExplicitOrSharedPCHs   => Set in build.cs files to enables IWYU-style PCH model. See https://docs.unrealengine.com/en-US/Programming/BuildTools/UnrealBuildTool/IWYU/index.html. (Previously: PCHUsageMode.UseSharedPCHs).
[2021.02.05-11.50.38:113][671]CompilerResultsLog: [Upgrade] Suppress this message by setting 'DefaultBuildSettings = BuildSettingsVersion.V2;' in MyProjectEditor.Target.cs, and explicitly overriding settings that differ from the new defaults.
[2021.02.05-11.50.38:113][671]CompilerResultsLog: [Upgrade]
[2021.02.05-11.50.38:113][671]CompilerResultsLog: Building 4 actions with 20 processes...
[2021.02.05-11.50.38:114][671]CompilerResultsLog:   [1/4] MyProjectCharacter.cpp
[2021.02.05-11.50.38:114][671]CompilerResultsLog:   C:\Users\Morgan\Desktop\UnrealAnimationPracticeVids\UnrealAnimationPracticeVids\MyProject\Source\MyProject\MyProjectCharacter.cpp(538): warning C4459: declaration of 'LogLevel' hides global declaration
[2021.02.05-11.50.38:114][671]CompilerResultsLog:   C:\Program Files\Epic Games\UE_4.25\Engine\Source\Runtime\Engine\Public\EngineLogs.h(18): note: see declaration of 'LogLevel'
[2021.02.05-11.50.38:114][671]CompilerResultsLog:   C:\Users\Morgan\Desktop\UnrealAnimationPracticeVids\UnrealAnimationPracticeVids\MyProject\Source\MyProject\MyProjectCharacter.cpp(543): warning C4459: declaration of 'LogLevel' hides global declaration
[2021.02.05-11.50.38:114][671]CompilerResultsLog:   C:\Program Files\Epic Games\UE_4.25\Engine\Source\Runtime\Engine\Public\EngineLogs.h(18): note: see declaration of 'LogLevel'
[2021.02.05-11.50.38:114][671]CompilerResultsLog:   [2/4] UE4Editor-MyProject-0626.lib
[2021.02.05-11.50.38:114][671]CompilerResultsLog:      Creating library C:\Users\Morgan\Desktop\UnrealAnimationPracticeVids\UnrealAnimationPracticeVids\MyProject\Intermediate\Build\Win64\UE4Editor\Development\MyProject\UE4Editor-MyProject-0626.lib and object C:\Users\Morgan\Desktop\UnrealAnimationPracticeVids\UnrealAnimationPracticeVids\MyProject\Intermediate\Build\Win64\UE4Editor\Development\MyProject\UE4Editor-MyProject-0626.exp
[2021.02.05-11.50.38:114][671]CompilerResultsLog:   [3/4] UE4Editor-MyProject-0626.dll
[2021.02.05-11.50.38:114][671]CompilerResultsLog:      Creating library C:\Users\Morgan\Desktop\UnrealAnimationPracticeVids\UnrealAnimationPracticeVids\MyProject\Intermediate\Build\Win64\UE4Editor\Development\MyProject\UE4Editor-MyProject-0626.suppressed.lib and object C:\Users\Morgan\Desktop\UnrealAnimationPracticeVids\UnrealAnimationPracticeVids\MyProject\Intermediate\Build\Win64\UE4Editor\Development\MyProject\UE4Editor-MyProject-0626.suppressed.exp
[2021.02.05-11.50.38:114][671]CompilerResultsLog:   [4/4] MyProjectEditor.target
[2021.02.05-11.50.38:114][671]CompilerResultsLog: Total time in Parallel executor: 12.35 seconds
[2021.02.05-11.50.38:114][671]CompilerResultsLog: Total execution time: 12.99 seconds
[2021.02.05-11.50.38:115][671]LogMainFrame: MainFrame: Module compiling took 13.352 seconds
[2021.02.05-11.50.38:129][671]LogContentBrowser: Native class hierarchy populated in 0.0083 seconds. Added 3447 classes and 837 folders.
[2021.02.05-11.50.38:130][671]Display: HotReload took 13.4s.
[2021.02.05-11.50.38:777][672]LogHotReload: New module detected: UE4Editor-MyProject-0626.dll
[2021.02.05-11.50.38:792][673]LogHotReload: Starting Hot-Reload from IDE
[2021.02.05-11.50.38:844][673]LogClass: EAttackType HotReload.
[2021.02.05-11.50.38:844][673]LogClass: ELogOutput HotReload.
[2021.02.05-11.50.38:844][673]LogClass: ELogLevel HotReload.
[2021.02.05-11.50.38:844][673]LogClass: ELineTraceType HotReload.
[2021.02.05-11.50.38:844][673]LogClass: MeleeCollisionProfile HotReload.
[2021.02.05-11.50.38:844][673]LogClass: PlayerAttackMontage HotReload.
[2021.02.05-11.50.38:849][673]LogContentBrowser: Native class hierarchy updated for 'MyProject' in 0.0004 seconds. Added 8 classes and 3 folders.
[2021.02.05-11.50.38:850][673]Display: HotReload successful (16 functions remapped  2 scriptstructs remapped)
[2021.02.05-11.50.38:889][673]LogContentBrowser: Native class hierarchy populated in 0.0083 seconds. Added 3447 classes and 837 folders.
[2021.02.05-11.50.38:892][673]Display: HotReload took  0.1s.
[2021.02.05-11.50.41:587][703]LogEditorViewport: Clicking on Actor (LMB): StaticMeshActor (Floor)
[2021.02.05-11.50.42:655][766]LogTemp: Repeating last play command: New Editor Window (PIE)
[2021.02.05-11.50.42:674][766]LogPlayLevel: PlayLevel: No blueprints needed recompiling
[2021.02.05-11.50.42:674][766]PIE: New page: PIE session: ThirdPersonExampleMap (5 Feb 2021, 11:50:42)
[2021.02.05-11.50.42:675][766]LogPlayLevel: Creating play world package: /Game/ThirdPersonCPP/Maps/UEDPIE_0_ThirdPersonExampleMap
[2021.02.05-11.50.42:683][766]LogPlayLevel: PIE: StaticDuplicateObject took: (0.008340s)
[2021.02.05-11.50.42:684][766]LogAIModule: Creating AISystem for world ThirdPersonExampleMap
[2021.02.05-11.50.42:684][766]LogAISub: UAISubsystem::UAISubsystem EnvQueryManager (0000019FD8704600), frame # 5766
[2021.02.05-11.50.42:684][766]LogAISub: UAISubsystem::UAISubsystem AIPerceptionSystem (000001A0035B6AC0), frame # 5766
[2021.02.05-11.50.42:685][766]LogPlayLevel: PIE: World Init took: (0.001395s)
[2021.02.05-11.50.42:685][766]LogPlayLevel: PIE: Created PIE world by copying editor world from /Game/ThirdPersonCPP/Maps/ThirdPersonExampleMap.ThirdPersonExampleMap to /Game/ThirdPersonCPP/Maps/UEDPIE_0_ThirdPersonExampleMap.ThirdPersonExampleMap (0.010143s)
[2021.02.05-11.50.42:702][766]LogUObjectHash: Compacting FUObjectHashTables data took   0.62ms
[2021.02.05-11.50.42:703][766]LogAudioMixer: Display: Audio Mixer Platform Settings:
[2021.02.05-11.50.42:703][766]LogAudioMixer: Display: 	Sample Rate:						  48000
[2021.02.05-11.50.42:704][766]LogAudioMixer: Display: 	Callback Buffer Frame Size Requested: 1024
[2021.02.05-11.50.42:704][766]LogAudioMixer: Display: 	Callback Buffer Frame Size To Use:	  1024
[2021.02.05-11.50.42:704][766]LogAudioMixer: Display: 	Number of buffers to queue:			  2
[2021.02.05-11.50.42:704][766]LogAudioMixer: Display: 	Max Channels (voices):				  32
[2021.02.05-11.50.42:704][766]LogAudioMixer: Display: 	Number of Async Source Workers:		  0
[2021.02.05-11.50.42:704][766]LogAudio: Display: AudioDevice MaxSources: 32
[2021.02.05-11.50.42:704][766]LogAudio: Display: Using built-in audio occlusion.
[2021.02.05-11.50.42:704][766]LogAudioMixer: Display: Initializing audio mixer.
[2021.02.05-11.50.42:707][766]LogAudioMixer: Display: 0: FrontLeft
[2021.02.05-11.50.42:708][766]LogAudioMixer: Display: 1: FrontRight
[2021.02.05-11.50.42:733][766]LogAudioMixer: Display: Using Audio Device BenQ GL2580 (NVIDIA High Definition Audio)
[2021.02.05-11.50.42:733][766]LogAudioMixer: Display: Initializing Sound Submixes...
[2021.02.05-11.50.42:733][766]LogAudioMixer: Display: Creating Master Submix 'MasterSubmixDefault'
[2021.02.05-11.50.42:733][766]LogAudioMixer: Display: Creating Master Submix 'MasterReverbSubmixDefault'
[2021.02.05-11.50.42:733][766]LogAudioMixer: Display: Creating Master Submix 'MasterEQSubmixDefault'
[2021.02.05-11.50.42:746][766]LogInit: FAudioDevice initialized.
[2021.02.05-11.50.42:792][766]LogSlate: Updating window title bar state: overlay mode, drag disabled, window buttons hidden, title bar hidden
[2021.02.05-11.50.42:792][766]LogLoad: Game class is 'BP_GameMode_C'
[2021.02.05-11.50.42:794][766]LogWorld: Bringing World /Game/ThirdPersonCPP/Maps/UEDPIE_0_ThirdPersonExampleMap.ThirdPersonExampleMap up for play (max tick rate 0) at 2021.02.05-11.50.42
[2021.02.05-11.50.42:794][766]LogWorld: Bringing up level for play took: 0.001224
[2021.02.05-11.50.42:794][766]LogOnline: OSS: Creating online subsystem instance for: :Context_6
[2021.02.05-11.50.42:799][766]PIE: Server logged in
[2021.02.05-11.50.42:800][766]PIE: Play in editor total start time 0.129 seconds.
[2021.02.05-11.50.59:983][793]LogSlate: Updating window title bar state: overlay mode, drag disabled, window buttons hidden, title bar hidden
[2021.02.05-11.50.59:983][793]LogWorld: BeginTearingDown for /Game/ThirdPersonCPP/Maps/UEDPIE_0_ThirdPersonExampleMap
[2021.02.05-11.50.59:984][793]LogSlate: Window 'MyProject Preview [NetMode: Standalone] (64-bit/Windows) ' being destroyed
[2021.02.05-11.50.59:990][793]LogWorld: UWorld::CleanupWorld for ThirdPersonExampleMap, bSessionEnded=true, bCleanupResources=true
[2021.02.05-11.50.59:990][793]LogSlate: InvalidateAllWidgets triggered.  All widgets were invalidated
[2021.02.05-11.50.59:997][793]LogPlayLevel: Display: Shutting down PIE online subsystems
[2021.02.05-11.50.59:998][793]LogSlate: InvalidateAllWidgets triggered.  All widgets were invalidated
[2021.02.05-11.51.00:038][793]LogAISub: UAISubsystem::~UAISubsystem AIPerceptionSystem (000001A0035B6AC0), frame # 6793
[2021.02.05-11.51.00:038][793]LogAISub: UAISubsystem::~UAISubsystem EnvQueryManager (0000019FD8704600), frame # 6793
[2021.02.05-11.51.00:039][793]LogUObjectHash: Compacting FUObjectHashTables data took   0.72ms
[2021.02.05-11.51.00:067][794]LogPlayLevel: Display: Destroying online subsystem :Context_6
[2021.02.05-11.51.04:246][973]LogEditorViewport: Clicking on Actor (LMB): ThirdPersonCharacter_C (ThirdPersonCharacter2)
