Log file open, 01/13/21 11:37:38
LogInit: Display: Running engine for game: MyProject
LogPlatformFile: Not using cached read wrapper
LogTaskGraph: Started task graph with 5 named threads and 59 total threads with 3 sets of task threads.
LogStats: Stats thread started at 0.193261
LogD3D11RHI: Loaded GFSDK_Aftermath_Lib.x64.dll
LogICUInternationalization: ICU TimeZone Detection - Raw Offset: +0:00, Platform Override: ''
LogPluginManager: Mounting plugin Paper2D
LogPluginManager: Mounting plugin AISupport
LogPluginManager: Mounting plugin LightPropagationVolume
LogPluginManager: Mounting plugin CameraShakePreviewer
LogPluginManager: Mounting plugin ActorLayerUtilities
LogPluginManager: Mounting plugin AnimationSharing
LogPluginManager: Mounting plugin CLionSourceCodeAccess
LogPluginManager: Mounting plugin CodeLiteSourceCodeAccess
LogPluginManager: Mounting plugin GitSourceControl
LogPluginManager: Mounting plugin KDevelopSourceCodeAccess
LogPluginManager: Mounting plugin NullSourceCodeAccess
LogPluginManager: Mounting plugin PerforceSourceControl
LogPluginManager: Mounting plugin PlasticSourceControl
LogPluginManager: Mounting plugin RiderSourceCodeAccess
LogPluginManager: Mounting plugin SubversionSourceControl
LogPluginManager: Mounting plugin UObjectPlugin
LogPluginManager: Mounting plugin VisualStudioCodeSourceCodeAccess
LogPluginManager: Mounting plugin VisualStudioSourceCodeAccess
LogPluginManager: Mounting plugin XCodeSourceCodeAccess
LogPluginManager: Mounting plugin AssetManagerEditor
LogPluginManager: Mounting plugin CryptoKeys
LogPluginManager: Mounting plugin CurveEditorTools
LogPluginManager: Mounting plugin DataValidation
LogPluginManager: Mounting plugin EditorScriptingUtilities
LogPluginManager: Mounting plugin FacialAnimation
LogPluginManager: Mounting plugin GameplayTagsEditor
LogPluginManager: Mounting plugin GeometryMode
LogPluginManager: Mounting plugin MacGraphicsSwitching
LogPluginManager: Mounting plugin MaterialAnalyzer
LogPluginManager: Mounting plugin MobileLauncherProfileWizard
LogPluginManager: Mounting plugin PluginBrowser
LogPluginManager: Mounting plugin SpeedTreeImporter
LogPluginManager: Mounting plugin DatasmithContent
LogPluginManager: Mounting plugin VariantManagerContent
LogPluginManager: Mounting plugin AlembicImporter
LogPluginManager: Mounting plugin AutomationUtils
LogPluginManager: Mounting plugin BackChannel
LogPluginManager: Mounting plugin ChaosCloth
LogPluginManager: Mounting plugin ChaosClothEditor
LogPluginManager: Mounting plugin ChaosEditor
LogPluginManager: Mounting plugin ChaosNiagara
LogPluginManager: Mounting plugin ChaosSolverPlugin
LogPluginManager: Mounting plugin CharacterAI
LogPluginManager: Mounting plugin GeometryCache
LogPluginManager: Mounting plugin GeometryCollectionPlugin
LogPluginManager: Mounting plugin GeometryProcessing
LogPluginManager: Mounting plugin PlanarCut
LogPluginManager: Mounting plugin PlatformCrypto
LogPluginManager: Mounting plugin ProxyLODPlugin
LogPluginManager: Mounting plugin SkeletalReduction
LogPluginManager: Mounting plugin Niagara
LogPluginManager: Mounting plugin MagicLeap
LogPluginManager: Mounting plugin MagicLeapLightEstimation
LogPluginManager: Mounting plugin MagicLeapMedia
LogPluginManager: Mounting plugin MagicLeapPassableWorld
LogPluginManager: Mounting plugin MLSDK
LogPluginManager: Mounting plugin DarkerNodes
LogPluginManager: Mounting plugin ElectronicNodes
LogPluginManager: Mounting plugin Substance
LogPluginManager: Mounting plugin AndroidMedia
LogPluginManager: Mounting plugin AvfMedia
LogPluginManager: Mounting plugin ImgMedia
LogPluginManager: Mounting plugin MediaCompositing
LogPluginManager: Mounting plugin MediaPlayerEditor
LogPluginManager: Mounting plugin WebMMedia
LogPluginManager: Mounting plugin WmfMedia
LogPluginManager: Mounting plugin MeshPainting
LogPluginManager: Mounting plugin TcpMessaging
LogPluginManager: Mounting plugin UdpMessaging
LogPluginManager: Mounting plugin ActorSequence
LogPluginManager: Mounting plugin LevelSequenceEditor
LogPluginManager: Mounting plugin MatineeToLevelSequence
LogPluginManager: Mounting plugin MovieRenderPipeline
LogPluginManager: Mounting plugin TemplateSequence
LogPluginManager: Mounting plugin NetcodeUnitTest
LogPluginManager: Mounting plugin NUTUnrealEngine4
LogPluginManager: Mounting plugin OnlineSubsystemGooglePlay
LogPluginManager: Mounting plugin OnlineSubsystemIOS
LogPluginManager: Mounting plugin OnlineSubsystem
LogPluginManager: Mounting plugin OnlineSubsystemNull
LogPluginManager: Mounting plugin OnlineSubsystemUtils
LogPluginManager: Mounting plugin LauncherChunkInstaller
LogPluginManager: Mounting plugin AndroidDeviceProfileSelector
LogPluginManager: Mounting plugin AndroidMoviePlayer
LogPluginManager: Mounting plugin AndroidPermission
LogPluginManager: Mounting plugin AppleImageUtils
LogPluginManager: Mounting plugin AppleMoviePlayer
LogPluginManager: Mounting plugin ArchVisCharacter
LogPluginManager: Mounting plugin AssetTags
LogPluginManager: Mounting plugin AudioCapture
LogPluginManager: Mounting plugin CableComponent
LogPluginManager: Mounting plugin CustomMeshComponent
LogPluginManager: Mounting plugin EditableMesh
LogPluginManager: Mounting plugin ExampleDeviceProfileSelector
LogPluginManager: Mounting plugin GoogleCloudMessaging
LogPluginManager: Mounting plugin GooglePAD
LogPluginManager: Mounting plugin IOSDeviceProfileSelector
LogPluginManager: Mounting plugin LinuxDeviceProfileSelector
LogPluginManager: Mounting plugin LocationServicesBPLibrary
LogPluginManager: Mounting plugin MobilePatchingUtils
LogPluginManager: Mounting plugin OculusVR
LogPluginManager: Mounting plugin PhysXVehicles
LogPluginManager: Mounting plugin PostSplashScreen
LogPluginManager: Mounting plugin ProceduralMeshComponent
LogPluginManager: Mounting plugin RuntimePhysXCooking
LogPluginManager: Mounting plugin SignificanceManager
LogPluginManager: Mounting plugin SoundFields
LogPluginManager: Mounting plugin SteamVR
LogPluginManager: Mounting plugin Synthesis
LogPluginManager: Mounting plugin WebMMoviePlayer
LogPluginManager: Mounting plugin WindowsMoviePlayer
LogPluginManager: Mounting plugin ScreenshotTools
LogInit: Using libcurl 7.55.1-DEV
LogInit:  - built for x86_64-pc-win32
LogInit:  - supports SSL with OpenSSL/1.1.1
LogInit:  - supports HTTP deflate (compression) using libz 1.2.8
LogInit:  - other features:
LogInit:      CURL_VERSION_SSL
LogInit:      CURL_VERSION_LIBZ
LogInit:      CURL_VERSION_IPV6
LogInit:      CURL_VERSION_ASYNCHDNS
LogInit:      CURL_VERSION_LARGEFILE
LogInit:      CURL_VERSION_IDN
LogInit:  CurlRequestOptions (configurable via config and command line):
LogInit:  - bVerifyPeer = true  - Libcurl will verify peer certificate
LogInit:  - bUseHttpProxy = false  - Libcurl will NOT use HTTP proxy
LogInit:  - bDontReuseConnections = false  - Libcurl will reuse connections
LogInit:  - MaxHostConnections = 16  - Libcurl will limit the number of connections to a host
LogInit:  - LocalHostAddr = Default
LogInit:  - BufferSize = 65536
LogOnline: OSS: Creating online subsystem instance for: NULL
LogInit: WinSock: version 1.1 (2.2), MaxSocks=32767, MaxUdp=65467
LogOnline: OSS: TryLoadSubsystemAndSetDefault: Loaded subsystem for module [NULL]
LogInit: Build: ++UE4+Release-4.25-CL-14469661
LogInit: Engine Version: 4.25.4-14469661+++UE4+Release-4.25
LogInit: Compatible Engine Version: 4.25.0-13144385+++UE4+Release-4.25
LogInit: Net CL: 13144385
LogInit: OS: Windows 10 (Release 2009) (), CPU: Intel(R) Core(TM) i9-10850K CPU @ 3.60GHz, GPU: NVIDIA GeForce RTX 3090
LogInit: Compiled (64-bit): Oct 11 2020 08:10:49
LogInit: Compiled with Visual C++: 19.24.28315.00
LogInit: Build Configuration: Development
LogInit: Branch Name: ++UE4+Release-4.25
LogInit: Command Line:  -game
LogInit: Base Directory: C:/Program Files/Epic Games/UE_4.25/Engine/Binaries/Win64/
LogInit: Allocator: TBB
LogInit: Installed Engine Build: 1
LogDevObjectVersion: Number of dev versions registered: 26
LogDevObjectVersion:   Dev-Blueprints (B0D832E4-1F89-4F0D-ACCF-7EB736FD4AA2): 10
LogDevObjectVersion:   Dev-Build (E1C64328-A22C-4D53-A36C-8E866417BD8C): 0
LogDevObjectVersion:   Dev-Core (375EC13C-06E4-48FB-B500-84F0262A717E): 4
LogDevObjectVersion:   Dev-Editor (E4B068ED-F494-42E9-A231-DA0B2E46BB41): 38
LogDevObjectVersion:   Dev-Framework (CFFC743F-43B0-4480-9391-14DF171D2073): 37
LogDevObjectVersion:   Dev-Mobile (B02B49B5-BB20-44E9-A304-32B752E40360): 2
LogDevObjectVersion:   Dev-Networking (A4E4105C-59A1-49B5-A7C5-40C4547EDFEE): 0
LogDevObjectVersion:   Dev-Online (39C831C9-5AE6-47DC-9A44-9C173E1C8E7C): 0
LogDevObjectVersion:   Dev-Physics (78F01B33-EBEA-4F98-B9B4-84EACCB95AA2): 4
LogDevObjectVersion:   Dev-Platform (6631380F-2D4D-43E0-8009-CF276956A95A): 0
LogDevObjectVersion:   Dev-Rendering (12F88B9F-8875-4AFC-A67C-D90C383ABD29): 43
LogDevObjectVersion:   Dev-Sequencer (7B5AE74C-D270-4C10-A958-57980B212A5A): 12
LogDevObjectVersion:   Dev-VR (D7296918-1DD6-4BDD-9DE2-64A83CC13884): 3
LogDevObjectVersion:   Dev-LoadTimes (C2A15278-BFE7-4AFE-6C17-90FF531DF755): 1
LogDevObjectVersion:   Private-Geometry (6EACA3D4-40EC-4CC1-B786-8BED09428FC5): 3
LogDevObjectVersion:   Dev-AnimPhys (29E575DD-E0A3-4627-9D10-D276232CDCEA): 17
LogDevObjectVersion:   Dev-Anim (AF43A65D-7FD3-4947-9873-3E8ED9C1BB05): 7
LogDevObjectVersion:   Dev-ReflectionCapture (6B266CEC-1EC7-4B8F-A30B-E4D90942FC07): 1
LogDevObjectVersion:   Dev-Automation (0DF73D61-A23F-47EA-B727-89E90C41499A): 1
LogDevObjectVersion:   FortniteMain (601D1886-AC64-4F84-AA16-D3DE0DEAC7D6): 31
LogDevObjectVersion:   Dev-Enterprise (9DFFBCD6-494F-0158-E221-12823C92A888): 10
LogDevObjectVersion:   Dev-Niagara (F2AED0AC-9AFE-416F-8664-AA7FFA26D6FC): 1
LogDevObjectVersion:   Dev-Destruction (174F1F0B-B4C6-45A5-B13F-2EE8D0FB917D): 10
LogDevObjectVersion:   Dev-Physics-Ext (35F94A83-E258-406C-A318-09F59610247C): 37
LogDevObjectVersion:   Dev-PhysicsMaterial-Chaos (B68FC16E-8B1B-42E2-B453-215C058844FE): 1
LogDevObjectVersion:   Dev-CineCamera (B2E18506-4273-CFC2-A54E-F4BB758BBA07): 1
LogInit: Presizing for max 25165824 objects, including 0 objects not considered by GC, pre-allocating 0 bytes for permanent pool.
LogConfig: Applying CVar settings from Section [/Script/Engine.StreamingSettings] File [C:/Users/Morgan/Desktop/UnrealAnimationPracticeVids/UnrealAnimationPracticeVids/MyProject/Saved/Config/Windows/Engine.ini]
LogConfig: Setting CVar [[s.MinBulkDataSizeForAsyncLoading:131072]]
LogConfig: Setting CVar [[s.AsyncLoadingThreadEnabled:0]]
LogConfig: Setting CVar [[s.EventDrivenLoaderEnabled:1]]
LogConfig: Setting CVar [[s.WarnIfTimeLimitExceeded:0]]
LogConfig: Setting CVar [[s.TimeLimitExceededMultiplier:1.5]]
LogConfig: Setting CVar [[s.TimeLimitExceededMinTime:0.005]]
LogConfig: Setting CVar [[s.UseBackgroundLevelStreaming:1]]
LogConfig: Setting CVar [[s.PriorityAsyncLoadingExtraTime:15.0]]
LogConfig: Setting CVar [[s.LevelStreamingActorsUpdateTimeLimit:5.0]]
LogConfig: Setting CVar [[s.PriorityLevelStreamingActorsUpdateExtraTime:5.0]]
LogConfig: Setting CVar [[s.LevelStreamingComponentsRegistrationGranularity:10]]
LogConfig: Setting CVar [[s.UnregisterComponentsTimeLimit:1.0]]
LogConfig: Setting CVar [[s.LevelStreamingComponentsUnregistrationGranularity:5]]
LogConfig: Setting CVar [[s.FlushStreamingOnExit:1]]
LogInit: Object subsystem initialized
LogConfig: Setting CVar [[con.DebugEarlyDefault:1]]
LogConfig: Setting CVar [[r.setres:1280x720]]
[2021.01.13-11.37.39:279][  0]LogConfig: Setting CVar [[con.DebugEarlyDefault:1]]
[2021.01.13-11.37.39:279][  0]LogConfig: Setting CVar [[r.setres:1280x720]]
[2021.01.13-11.37.39:279][  0]LogConfig: Applying CVar settings from Section [/Script/Engine.RendererSettings] File [C:/Users/Morgan/Desktop/UnrealAnimationPracticeVids/UnrealAnimationPracticeVids/MyProject/Saved/Config/Windows/Engine.ini]
[2021.01.13-11.37.39:279][  0]LogConfig: Setting CVar [[r.GPUCrashDebugging:0]]
[2021.01.13-11.37.39:279][  0]LogConfig: Applying CVar settings from Section [/Script/Engine.RendererOverrideSettings] File [C:/Users/Morgan/Desktop/UnrealAnimationPracticeVids/UnrealAnimationPracticeVids/MyProject/Saved/Config/Windows/Engine.ini]
[2021.01.13-11.37.39:279][  0]LogConfig: Applying CVar settings from Section [/Script/Engine.StreamingSettings] File [C:/Users/Morgan/Desktop/UnrealAnimationPracticeVids/UnrealAnimationPracticeVids/MyProject/Saved/Config/Windows/Engine.ini]
[2021.01.13-11.37.39:279][  0]LogConfig: Setting CVar [[s.MinBulkDataSizeForAsyncLoading:131072]]
[2021.01.13-11.37.39:279][  0]LogConfig: Setting CVar [[s.AsyncLoadingThreadEnabled:0]]
[2021.01.13-11.37.39:279][  0]LogConfig: Setting CVar [[s.EventDrivenLoaderEnabled:1]]
[2021.01.13-11.37.39:280][  0]LogConfig: Setting CVar [[s.WarnIfTimeLimitExceeded:0]]
[2021.01.13-11.37.39:280][  0]LogConfig: Setting CVar [[s.TimeLimitExceededMultiplier:1.5]]
[2021.01.13-11.37.39:280][  0]LogConfig: Setting CVar [[s.TimeLimitExceededMinTime:0.005]]
[2021.01.13-11.37.39:280][  0]LogConfig: Setting CVar [[s.UseBackgroundLevelStreaming:1]]
[2021.01.13-11.37.39:280][  0]LogConfig: Setting CVar [[s.PriorityAsyncLoadingExtraTime:15.0]]
[2021.01.13-11.37.39:280][  0]LogConfig: Setting CVar [[s.LevelStreamingActorsUpdateTimeLimit:5.0]]
[2021.01.13-11.37.39:280][  0]LogConfig: Setting CVar [[s.PriorityLevelStreamingActorsUpdateExtraTime:5.0]]
[2021.01.13-11.37.39:280][  0]LogConfig: Setting CVar [[s.LevelStreamingComponentsRegistrationGranularity:10]]
[2021.01.13-11.37.39:280][  0]LogConfig: Setting CVar [[s.UnregisterComponentsTimeLimit:1.0]]
[2021.01.13-11.37.39:280][  0]LogConfig: Setting CVar [[s.LevelStreamingComponentsUnregistrationGranularity:5]]
[2021.01.13-11.37.39:280][  0]LogConfig: Setting CVar [[s.FlushStreamingOnExit:1]]
[2021.01.13-11.37.39:280][  0]LogConfig: Applying CVar settings from Section [/Script/Engine.GarbageCollectionSettings] File [C:/Users/Morgan/Desktop/UnrealAnimationPracticeVids/UnrealAnimationPracticeVids/MyProject/Saved/Config/Windows/Engine.ini]
[2021.01.13-11.37.39:280][  0]LogConfig: Setting CVar [[gc.MaxObjectsNotConsideredByGC:1]]
[2021.01.13-11.37.39:280][  0]LogConfig: Setting CVar [[gc.SizeOfPermanentObjectPool:0]]
[2021.01.13-11.37.39:280][  0]LogConfig: Setting CVar [[gc.FlushStreamingOnGC:0]]
[2021.01.13-11.37.39:280][  0]LogConfig: Setting CVar [[gc.NumRetriesBeforeForcingGC:10]]
[2021.01.13-11.37.39:280][  0]LogConfig: Setting CVar [[gc.AllowParallelGC:1]]
[2021.01.13-11.37.39:280][  0]LogConfig: Setting CVar [[gc.TimeBetweenPurgingPendingKillObjects:61.1]]
[2021.01.13-11.37.39:280][  0]LogConfig: Setting CVar [[gc.MaxObjectsInEditor:25165824]]
[2021.01.13-11.37.39:280][  0]LogConfig: Setting CVar [[gc.IncrementalBeginDestroyEnabled:1]]
[2021.01.13-11.37.39:280][  0]LogConfig: Setting CVar [[gc.CreateGCClusters:1]]
[2021.01.13-11.37.39:280][  0]LogConfig: Setting CVar [[gc.MinGCClusterSize:5]]
[2021.01.13-11.37.39:280][  0]LogConfig: Setting CVar [[gc.ActorClusteringEnabled:0]]
[2021.01.13-11.37.39:280][  0]LogConfig: Setting CVar [[gc.BlueprintClusteringEnabled:0]]
[2021.01.13-11.37.39:280][  0]LogConfig: Setting CVar [[gc.UseDisregardForGCOnDedicatedServers:0]]
[2021.01.13-11.37.39:280][  0]LogConfig: Applying CVar settings from Section [/Script/Engine.NetworkSettings] File [C:/Users/Morgan/Desktop/UnrealAnimationPracticeVids/UnrealAnimationPracticeVids/MyProject/Saved/Config/Windows/Engine.ini]
[2021.01.13-11.37.39:280][  0]LogConfig: Applying CVar settings from Section [/Script/UnrealEd.CookerSettings] File [C:/Users/Morgan/Desktop/UnrealAnimationPracticeVids/UnrealAnimationPracticeVids/MyProject/Saved/Config/Windows/Engine.ini]
[2021.01.13-11.37.39:283][  0]LogConfig: Applying CVar settings from Section [ViewDistanceQuality@3] File [C:/Users/Morgan/Desktop/UnrealAnimationPracticeVids/UnrealAnimationPracticeVids/MyProject/Saved/Config/Windows/Scalability.ini]
[2021.01.13-11.37.39:283][  0]LogConfig: Setting CVar [[r.SkeletalMeshLODBias:0]]
[2021.01.13-11.37.39:283][  0]LogConfig: Setting CVar [[r.ViewDistanceScale:1.0]]
[2021.01.13-11.37.39:284][  0]LogConfig: Applying CVar settings from Section [AntiAliasingQuality@3] File [C:/Users/Morgan/Desktop/UnrealAnimationPracticeVids/UnrealAnimationPracticeVids/MyProject/Saved/Config/Windows/Scalability.ini]
[2021.01.13-11.37.39:284][  0]LogConfig: Setting CVar [[r.PostProcessAAQuality:4]]
[2021.01.13-11.37.39:284][  0]LogConfig: Applying CVar settings from Section [ShadowQuality@3] File [C:/Users/Morgan/Desktop/UnrealAnimationPracticeVids/UnrealAnimationPracticeVids/MyProject/Saved/Config/Windows/Scalability.ini]
[2021.01.13-11.37.39:284][  0]LogConfig: Setting CVar [[r.LightFunctionQuality:1]]
[2021.01.13-11.37.39:284][  0]LogConfig: Setting CVar [[r.ShadowQuality:5]]
[2021.01.13-11.37.39:284][  0]LogConfig: Setting CVar [[r.Shadow.CSM.MaxCascades:10]]
[2021.01.13-11.37.39:284][  0]LogConfig: Setting CVar [[r.Shadow.MaxResolution:2048]]
[2021.01.13-11.37.39:284][  0]LogConfig: Setting CVar [[r.Shadow.MaxCSMResolution:2048]]
[2021.01.13-11.37.39:284][  0]LogConfig: Setting CVar [[r.Shadow.RadiusThreshold:0.01]]
[2021.01.13-11.37.39:284][  0]LogConfig: Setting CVar [[r.Shadow.DistanceScale:1.0]]
[2021.01.13-11.37.39:284][  0]LogConfig: Setting CVar [[r.Shadow.CSM.TransitionScale:1.0]]
[2021.01.13-11.37.39:284][  0]LogConfig: Setting CVar [[r.Shadow.PreShadowResolutionFactor:1.0]]
[2021.01.13-11.37.39:284][  0]LogConfig: Setting CVar [[r.DistanceFieldShadowing:1]]
[2021.01.13-11.37.39:284][  0]LogConfig: Setting CVar [[r.DistanceFieldAO:1]]
[2021.01.13-11.37.39:284][  0]LogConfig: Setting CVar [[r.AOQuality:2]]
[2021.01.13-11.37.39:284][  0]LogConfig: Setting CVar [[r.VolumetricFog:1]]
[2021.01.13-11.37.39:284][  0]LogConfig: Setting CVar [[r.VolumetricFog.GridPixelSize:8]]
[2021.01.13-11.37.39:284][  0]LogConfig: Setting CVar [[r.VolumetricFog.GridSizeZ:128]]
[2021.01.13-11.37.39:284][  0]LogConfig: Setting CVar [[r.VolumetricFog.HistoryMissSupersampleCount:4]]
[2021.01.13-11.37.39:284][  0]LogConfig: Setting CVar [[r.LightMaxDrawDistanceScale:1]]
[2021.01.13-11.37.39:284][  0]LogConfig: Setting CVar [[r.CapsuleShadows:1]]
[2021.01.13-11.37.39:284][  0]LogConfig: Applying CVar settings from Section [PostProcessQuality@3] File [C:/Users/Morgan/Desktop/UnrealAnimationPracticeVids/UnrealAnimationPracticeVids/MyProject/Saved/Config/Windows/Scalability.ini]
[2021.01.13-11.37.39:284][  0]LogConfig: Setting CVar [[r.MotionBlurQuality:4]]
[2021.01.13-11.37.39:284][  0]LogConfig: Setting CVar [[r.AmbientOcclusionMipLevelFactor:0.4]]
[2021.01.13-11.37.39:284][  0]LogConfig: Setting CVar [[r.AmbientOcclusionMaxQuality:100]]
[2021.01.13-11.37.39:284][  0]LogConfig: Setting CVar [[r.AmbientOcclusionLevels:-1]]
[2021.01.13-11.37.39:284][  0]LogConfig: Setting CVar [[r.AmbientOcclusionRadiusScale:1.0]]
[2021.01.13-11.37.39:284][  0]LogConfig: Setting CVar [[r.DepthOfFieldQuality:2]]
[2021.01.13-11.37.39:284][  0]LogConfig: Setting CVar [[r.RenderTargetPoolMin:400]]
[2021.01.13-11.37.39:284][  0]LogConfig: Setting CVar [[r.LensFlareQuality:2]]
[2021.01.13-11.37.39:284][  0]LogConfig: Setting CVar [[r.SceneColorFringeQuality:1]]
[2021.01.13-11.37.39:284][  0]LogConfig: Setting CVar [[r.EyeAdaptationQuality:2]]
[2021.01.13-11.37.39:284][  0]LogConfig: Setting CVar [[r.BloomQuality:5]]
[2021.01.13-11.37.39:284][  0]LogConfig: Setting CVar [[r.FastBlurThreshold:100]]
[2021.01.13-11.37.39:284][  0]LogConfig: Setting CVar [[r.Upscale.Quality:3]]
[2021.01.13-11.37.39:284][  0]LogConfig: Setting CVar [[r.Tonemapper.GrainQuantization:1]]
[2021.01.13-11.37.39:284][  0]LogConfig: Setting CVar [[r.LightShaftQuality:1]]
[2021.01.13-11.37.39:284][  0]LogConfig: Setting CVar [[r.Filter.SizeScale:1]]
[2021.01.13-11.37.39:284][  0]LogConfig: Setting CVar [[r.Tonemapper.Quality:5]]
[2021.01.13-11.37.39:284][  0]LogConfig: Setting CVar [[r.DOF.Gather.AccumulatorQuality:1        ; higher gathering accumulator quality]]
[2021.01.13-11.37.39:284][  0]LogConfig: Setting CVar [[r.DOF.Gather.PostfilterMethod:1          ; Median3x3 postfilering method]]
[2021.01.13-11.37.39:284][  0]LogConfig: Setting CVar [[r.DOF.Gather.EnableBokehSettings:0       ; no bokeh simulation when gathering]]
[2021.01.13-11.37.39:284][  0]LogConfig: Setting CVar [[r.DOF.Gather.RingCount:4                 ; medium number of samples when gathering]]
[2021.01.13-11.37.39:284][  0]LogConfig: Setting CVar [[r.DOF.Scatter.ForegroundCompositing:1    ; additive foreground scattering]]
[2021.01.13-11.37.39:284][  0]LogConfig: Setting CVar [[r.DOF.Scatter.BackgroundCompositing:2    ; additive background scattering]]
[2021.01.13-11.37.39:284][  0]LogConfig: Setting CVar [[r.DOF.Scatter.EnableBokehSettings:1      ; bokeh simulation when scattering]]
[2021.01.13-11.37.39:284][  0]LogConfig: Setting CVar [[r.DOF.Scatter.MaxSpriteRatio:0.1         ; only a maximum of 10% of scattered bokeh]]
[2021.01.13-11.37.39:284][  0]LogConfig: Setting CVar [[r.DOF.Recombine.Quality:1                ; cheap slight out of focus]]
[2021.01.13-11.37.39:284][  0]LogConfig: Setting CVar [[r.DOF.Recombine.EnableBokehSettings:0    ; no bokeh simulation on slight out of focus]]
[2021.01.13-11.37.39:284][  0]LogConfig: Setting CVar [[r.DOF.TemporalAAQuality:1                ; more stable temporal accumulation]]
[2021.01.13-11.37.39:284][  0]LogConfig: Setting CVar [[r.DOF.Kernel.MaxForegroundRadius:0.025]]
[2021.01.13-11.37.39:284][  0]LogConfig: Setting CVar [[r.DOF.Kernel.MaxBackgroundRadius:0.025]]
[2021.01.13-11.37.39:284][  0]LogConfig: Applying CVar settings from Section [TextureQuality@3] File [C:/Users/Morgan/Desktop/UnrealAnimationPracticeVids/UnrealAnimationPracticeVids/MyProject/Saved/Config/Windows/Scalability.ini]
[2021.01.13-11.37.39:284][  0]LogConfig: Setting CVar [[r.Streaming.MipBias:0]]
[2021.01.13-11.37.39:284][  0]LogConfig: Setting CVar [[r.Streaming.AmortizeCPUToGPUCopy:0]]
[2021.01.13-11.37.39:284][  0]LogConfig: Setting CVar [[r.Streaming.MaxNumTexturesToStreamPerFrame:0]]
[2021.01.13-11.37.39:284][  0]LogConfig: Setting CVar [[r.Streaming.Boost:1]]
[2021.01.13-11.37.39:284][  0]LogConfig: Setting CVar [[r.MaxAnisotropy:8]]
[2021.01.13-11.37.39:284][  0]LogConfig: Setting CVar [[r.VT.MaxAnisotropy:8]]
[2021.01.13-11.37.39:284][  0]LogConfig: Setting CVar [[r.Streaming.LimitPoolSizeToVRAM:0]]
[2021.01.13-11.37.39:284][  0]LogConfig: Setting CVar [[r.Streaming.PoolSize:1000]]
[2021.01.13-11.37.39:284][  0]LogConfig: Setting CVar [[r.Streaming.MaxEffectiveScreenSize:0]]
[2021.01.13-11.37.39:284][  0]LogConfig: Applying CVar settings from Section [EffectsQuality@3] File [C:/Users/Morgan/Desktop/UnrealAnimationPracticeVids/UnrealAnimationPracticeVids/MyProject/Saved/Config/Windows/Scalability.ini]
[2021.01.13-11.37.39:284][  0]LogConfig: Setting CVar [[r.TranslucencyLightingVolumeDim:64]]
[2021.01.13-11.37.39:284][  0]LogConfig: Setting CVar [[r.RefractionQuality:2]]
[2021.01.13-11.37.39:284][  0]LogConfig: Setting CVar [[r.SSR.Quality:3]]
[2021.01.13-11.37.39:284][  0]LogConfig: Setting CVar [[r.SSR.HalfResSceneColor:0]]
[2021.01.13-11.37.39:284][  0]LogConfig: Setting CVar [[r.SceneColorFormat:4]]
[2021.01.13-11.37.39:284][  0]LogConfig: Setting CVar [[r.DetailMode:2]]
[2021.01.13-11.37.39:284][  0]LogConfig: Setting CVar [[r.TranslucencyVolumeBlur:1]]
[2021.01.13-11.37.39:284][  0]LogConfig: Setting CVar [[r.MaterialQualityLevel:1 ; High quality]]
[2021.01.13-11.37.39:284][  0]LogConfig: Setting CVar [[r.SSS.Scale:1]]
[2021.01.13-11.37.39:284][  0]LogConfig: Setting CVar [[r.SSS.SampleSet:2]]
[2021.01.13-11.37.39:284][  0]LogConfig: Setting CVar [[r.SSS.Quality:1]]
[2021.01.13-11.37.39:284][  0]LogConfig: Setting CVar [[r.SSS.HalfRes:0]]
[2021.01.13-11.37.39:284][  0]LogConfig: Setting CVar [[r.SSGI.Quality:3]]
[2021.01.13-11.37.39:284][  0]LogConfig: Setting CVar [[r.EmitterSpawnRateScale:1.0]]
[2021.01.13-11.37.39:284][  0]LogConfig: Setting CVar [[r.ParticleLightQuality:2]]
[2021.01.13-11.37.39:284][  0]LogConfig: Setting CVar [[r.SkyAtmosphere.AerialPerspectiveLUT.FastApplyOnOpaque:1 ; Always have FastSkyLUT 1 in this case to avoid wrong sky]]
[2021.01.13-11.37.39:284][  0]LogConfig: Setting CVar [[r.SkyAtmosphere.AerialPerspectiveLUT.SampleCountPerSlice:1]]
[2021.01.13-11.37.39:284][  0]LogConfig: Setting CVar [[r.SkyAtmosphere.AerialPerspectiveLUT.DepthResolution:16.0]]
[2021.01.13-11.37.39:284][  0]LogConfig: Setting CVar [[r.SkyAtmosphere.FastSkyLUT:1]]
[2021.01.13-11.37.39:284][  0]LogConfig: Setting CVar [[r.SkyAtmosphere.FastSkyLUT.SampleCountMin:4.0]]
[2021.01.13-11.37.39:284][  0]LogConfig: Setting CVar [[r.SkyAtmosphere.FastSkyLUT.SampleCountMax:32.0]]
[2021.01.13-11.37.39:284][  0]LogConfig: Setting CVar [[r.SkyAtmosphere.SampleCountMin:4.0]]
[2021.01.13-11.37.39:284][  0]LogConfig: Setting CVar [[r.SkyAtmosphere.SampleCountMax:32.0]]
[2021.01.13-11.37.39:284][  0]LogConfig: Setting CVar [[r.SkyAtmosphere.TransmittanceLUT.UseSmallFormat:0]]
[2021.01.13-11.37.39:284][  0]LogConfig: Setting CVar [[r.SkyAtmosphere.TransmittanceLUT.SampleCount:10.0]]
[2021.01.13-11.37.39:285][  0]LogConfig: Setting CVar [[r.SkyAtmosphere.MultiScatteringLUT.SampleCount:15.0]]
[2021.01.13-11.37.39:285][  0]LogConfig: Applying CVar settings from Section [FoliageQuality@3] File [C:/Users/Morgan/Desktop/UnrealAnimationPracticeVids/UnrealAnimationPracticeVids/MyProject/Saved/Config/Windows/Scalability.ini]
[2021.01.13-11.37.39:285][  0]LogConfig: Setting CVar [[foliage.DensityScale:1.0]]
[2021.01.13-11.37.39:285][  0]LogConfig: Setting CVar [[grass.DensityScale:1.0]]
[2021.01.13-11.37.39:285][  0]LogConfig: Applying CVar settings from Section [ShadingQuality@3] File [C:/Users/Morgan/Desktop/UnrealAnimationPracticeVids/UnrealAnimationPracticeVids/MyProject/Saved/Config/Windows/Scalability.ini]
[2021.01.13-11.37.39:285][  0]LogConfig: Setting CVar [[r.HairStrands.SkyLighting.SampleCount:16]]
[2021.01.13-11.37.39:285][  0]LogConfig: Setting CVar [[r.HairStrands.SkyLighting.JitterIntegration:0]]
[2021.01.13-11.37.39:285][  0]LogConfig: Setting CVar [[r.HairStrands.SkyAO.SampleCount:16]]
[2021.01.13-11.37.39:285][  0]LogConfig: Setting CVar [[r.HairStrands.DeepShadow.SuperSampling:0]]
[2021.01.13-11.37.39:285][  0]LogConfig: Setting CVar [[r.HairStrands.VisibilityPPLL:0]]
[2021.01.13-11.37.39:285][  0]LogConfig: Setting CVar [[r.HairStrands.RasterizationScale:0.5]]
[2021.01.13-11.37.39:285][  0]LogConfig: Setting CVar [[r.HairStrands.VelocityRasterizationScale:1]]
[2021.01.13-11.37.39:285][  0]LogInit: Selected Device Profile: [Windows]
[2021.01.13-11.37.39:285][  0]LogInit: Applying CVar settings loaded from the selected device profile: [Windows]
[2021.01.13-11.37.39:285][  0]LogHAL: Display: Platform has ~ 32 GB [34252365824 / 34359738368 / 32], which maps to Largest [LargestMinGB=32, LargerMinGB=12, DefaultMinGB=8, SmallerMinGB=6, SmallestMinGB=0)
[2021.01.13-11.37.39:285][  0]LogInit: Going up to parent DeviceProfile []
[2021.01.13-11.37.39:285][  0]LogConfig: Applying CVar settings from Section [ViewDistanceQuality@3] File [C:/Users/Morgan/Desktop/UnrealAnimationPracticeVids/UnrealAnimationPracticeVids/MyProject/Saved/Config/Windows/Scalability.ini]
[2021.01.13-11.37.39:285][  0]LogConfig: Setting CVar [[r.SkeletalMeshLODBias:0]]
[2021.01.13-11.37.39:285][  0]LogConfig: Setting CVar [[r.ViewDistanceScale:1.0]]
[2021.01.13-11.37.39:285][  0]LogConfig: Applying CVar settings from Section [AntiAliasingQuality@3] File [C:/Users/Morgan/Desktop/UnrealAnimationPracticeVids/UnrealAnimationPracticeVids/MyProject/Saved/Config/Windows/Scalability.ini]
[2021.01.13-11.37.39:285][  0]LogConfig: Setting CVar [[r.PostProcessAAQuality:4]]
[2021.01.13-11.37.39:285][  0]LogConfig: Applying CVar settings from Section [ShadowQuality@3] File [C:/Users/Morgan/Desktop/UnrealAnimationPracticeVids/UnrealAnimationPracticeVids/MyProject/Saved/Config/Windows/Scalability.ini]
[2021.01.13-11.37.39:285][  0]LogConfig: Setting CVar [[r.LightFunctionQuality:1]]
[2021.01.13-11.37.39:285][  0]LogConfig: Setting CVar [[r.ShadowQuality:5]]
[2021.01.13-11.37.39:285][  0]LogConfig: Setting CVar [[r.Shadow.CSM.MaxCascades:10]]
[2021.01.13-11.37.39:285][  0]LogConfig: Setting CVar [[r.Shadow.MaxResolution:2048]]
[2021.01.13-11.37.39:285][  0]LogConfig: Setting CVar [[r.Shadow.MaxCSMResolution:2048]]
[2021.01.13-11.37.39:285][  0]LogConfig: Setting CVar [[r.Shadow.RadiusThreshold:0.01]]
[2021.01.13-11.37.39:285][  0]LogConfig: Setting CVar [[r.Shadow.DistanceScale:1.0]]
[2021.01.13-11.37.39:285][  0]LogConfig: Setting CVar [[r.Shadow.CSM.TransitionScale:1.0]]
[2021.01.13-11.37.39:285][  0]LogConfig: Setting CVar [[r.Shadow.PreShadowResolutionFactor:1.0]]
[2021.01.13-11.37.39:285][  0]LogConfig: Setting CVar [[r.DistanceFieldShadowing:1]]
[2021.01.13-11.37.39:285][  0]LogConfig: Setting CVar [[r.DistanceFieldAO:1]]
[2021.01.13-11.37.39:285][  0]LogConfig: Setting CVar [[r.AOQuality:2]]
[2021.01.13-11.37.39:285][  0]LogConfig: Setting CVar [[r.VolumetricFog:1]]
[2021.01.13-11.37.39:285][  0]LogConfig: Setting CVar [[r.VolumetricFog.GridPixelSize:8]]
[2021.01.13-11.37.39:285][  0]LogConfig: Setting CVar [[r.VolumetricFog.GridSizeZ:128]]
[2021.01.13-11.37.39:285][  0]LogConfig: Setting CVar [[r.VolumetricFog.HistoryMissSupersampleCount:4]]
[2021.01.13-11.37.39:285][  0]LogConfig: Setting CVar [[r.LightMaxDrawDistanceScale:1]]
[2021.01.13-11.37.39:285][  0]LogConfig: Setting CVar [[r.CapsuleShadows:1]]
[2021.01.13-11.37.39:285][  0]LogConfig: Applying CVar settings from Section [PostProcessQuality@3] File [C:/Users/Morgan/Desktop/UnrealAnimationPracticeVids/UnrealAnimationPracticeVids/MyProject/Saved/Config/Windows/Scalability.ini]
[2021.01.13-11.37.39:285][  0]LogConfig: Setting CVar [[r.MotionBlurQuality:4]]
[2021.01.13-11.37.39:285][  0]LogConfig: Setting CVar [[r.AmbientOcclusionMipLevelFactor:0.4]]
[2021.01.13-11.37.39:285][  0]LogConfig: Setting CVar [[r.AmbientOcclusionMaxQuality:100]]
[2021.01.13-11.37.39:285][  0]LogConfig: Setting CVar [[r.AmbientOcclusionLevels:-1]]
[2021.01.13-11.37.39:285][  0]LogConfig: Setting CVar [[r.AmbientOcclusionRadiusScale:1.0]]
[2021.01.13-11.37.39:285][  0]LogConfig: Setting CVar [[r.DepthOfFieldQuality:2]]
[2021.01.13-11.37.39:285][  0]LogConfig: Setting CVar [[r.RenderTargetPoolMin:400]]
[2021.01.13-11.37.39:285][  0]LogConfig: Setting CVar [[r.LensFlareQuality:2]]
[2021.01.13-11.37.39:285][  0]LogConfig: Setting CVar [[r.SceneColorFringeQuality:1]]
[2021.01.13-11.37.39:285][  0]LogConfig: Setting CVar [[r.EyeAdaptationQuality:2]]
[2021.01.13-11.37.39:285][  0]LogConfig: Setting CVar [[r.BloomQuality:5]]
[2021.01.13-11.37.39:285][  0]LogConfig: Setting CVar [[r.FastBlurThreshold:100]]
[2021.01.13-11.37.39:285][  0]LogConfig: Setting CVar [[r.Upscale.Quality:3]]
[2021.01.13-11.37.39:285][  0]LogConfig: Setting CVar [[r.Tonemapper.GrainQuantization:1]]
[2021.01.13-11.37.39:285][  0]LogConfig: Setting CVar [[r.LightShaftQuality:1]]
[2021.01.13-11.37.39:285][  0]LogConfig: Setting CVar [[r.Filter.SizeScale:1]]
[2021.01.13-11.37.39:285][  0]LogConfig: Setting CVar [[r.Tonemapper.Quality:5]]
[2021.01.13-11.37.39:285][  0]LogConfig: Setting CVar [[r.DOF.Gather.AccumulatorQuality:1        ; higher gathering accumulator quality]]
[2021.01.13-11.37.39:285][  0]LogConfig: Setting CVar [[r.DOF.Gather.PostfilterMethod:1          ; Median3x3 postfilering method]]
[2021.01.13-11.37.39:285][  0]LogConfig: Setting CVar [[r.DOF.Gather.EnableBokehSettings:0       ; no bokeh simulation when gathering]]
[2021.01.13-11.37.39:285][  0]LogConfig: Setting CVar [[r.DOF.Gather.RingCount:4                 ; medium number of samples when gathering]]
[2021.01.13-11.37.39:285][  0]LogConfig: Setting CVar [[r.DOF.Scatter.ForegroundCompositing:1    ; additive foreground scattering]]
[2021.01.13-11.37.39:285][  0]LogConfig: Setting CVar [[r.DOF.Scatter.BackgroundCompositing:2    ; additive background scattering]]
[2021.01.13-11.37.39:285][  0]LogConfig: Setting CVar [[r.DOF.Scatter.EnableBokehSettings:1      ; bokeh simulation when scattering]]
[2021.01.13-11.37.39:285][  0]LogConfig: Setting CVar [[r.DOF.Scatter.MaxSpriteRatio:0.1         ; only a maximum of 10% of scattered bokeh]]
[2021.01.13-11.37.39:285][  0]LogConfig: Setting CVar [[r.DOF.Recombine.Quality:1                ; cheap slight out of focus]]
[2021.01.13-11.37.39:285][  0]LogConfig: Setting CVar [[r.DOF.Recombine.EnableBokehSettings:0    ; no bokeh simulation on slight out of focus]]
[2021.01.13-11.37.39:285][  0]LogConfig: Setting CVar [[r.DOF.TemporalAAQuality:1                ; more stable temporal accumulation]]
[2021.01.13-11.37.39:285][  0]LogConfig: Setting CVar [[r.DOF.Kernel.MaxForegroundRadius:0.025]]
[2021.01.13-11.37.39:285][  0]LogConfig: Setting CVar [[r.DOF.Kernel.MaxBackgroundRadius:0.025]]
[2021.01.13-11.37.39:285][  0]LogConfig: Applying CVar settings from Section [TextureQuality@3] File [C:/Users/Morgan/Desktop/UnrealAnimationPracticeVids/UnrealAnimationPracticeVids/MyProject/Saved/Config/Windows/Scalability.ini]
[2021.01.13-11.37.39:285][  0]LogConfig: Setting CVar [[r.Streaming.MipBias:0]]
[2021.01.13-11.37.39:285][  0]LogConfig: Setting CVar [[r.Streaming.AmortizeCPUToGPUCopy:0]]
[2021.01.13-11.37.39:285][  0]LogConfig: Setting CVar [[r.Streaming.MaxNumTexturesToStreamPerFrame:0]]
[2021.01.13-11.37.39:285][  0]LogConfig: Setting CVar [[r.Streaming.Boost:1]]
[2021.01.13-11.37.39:285][  0]LogConfig: Setting CVar [[r.MaxAnisotropy:8]]
[2021.01.13-11.37.39:285][  0]LogConfig: Setting CVar [[r.VT.MaxAnisotropy:8]]
[2021.01.13-11.37.39:285][  0]LogConfig: Setting CVar [[r.Streaming.LimitPoolSizeToVRAM:0]]
[2021.01.13-11.37.39:285][  0]LogConfig: Setting CVar [[r.Streaming.PoolSize:1000]]
[2021.01.13-11.37.39:285][  0]LogConfig: Setting CVar [[r.Streaming.MaxEffectiveScreenSize:0]]
[2021.01.13-11.37.39:286][  0]LogConfig: Applying CVar settings from Section [EffectsQuality@3] File [C:/Users/Morgan/Desktop/UnrealAnimationPracticeVids/UnrealAnimationPracticeVids/MyProject/Saved/Config/Windows/Scalability.ini]
[2021.01.13-11.37.39:286][  0]LogConfig: Setting CVar [[r.TranslucencyLightingVolumeDim:64]]
[2021.01.13-11.37.39:286][  0]LogConfig: Setting CVar [[r.RefractionQuality:2]]
[2021.01.13-11.37.39:286][  0]LogConfig: Setting CVar [[r.SSR.Quality:3]]
[2021.01.13-11.37.39:286][  0]LogConfig: Setting CVar [[r.SSR.HalfResSceneColor:0]]
[2021.01.13-11.37.39:286][  0]LogConfig: Setting CVar [[r.SceneColorFormat:4]]
[2021.01.13-11.37.39:286][  0]LogConfig: Setting CVar [[r.DetailMode:2]]
[2021.01.13-11.37.39:286][  0]LogConfig: Setting CVar [[r.TranslucencyVolumeBlur:1]]
[2021.01.13-11.37.39:286][  0]LogConfig: Setting CVar [[r.MaterialQualityLevel:1 ; High quality]]
[2021.01.13-11.37.39:286][  0]LogConfig: Setting CVar [[r.SSS.Scale:1]]
[2021.01.13-11.37.39:286][  0]LogConfig: Setting CVar [[r.SSS.SampleSet:2]]
[2021.01.13-11.37.39:286][  0]LogConfig: Setting CVar [[r.SSS.Quality:1]]
[2021.01.13-11.37.39:286][  0]LogConfig: Setting CVar [[r.SSS.HalfRes:0]]
[2021.01.13-11.37.39:286][  0]LogConfig: Setting CVar [[r.SSGI.Quality:3]]
[2021.01.13-11.37.39:286][  0]LogConfig: Setting CVar [[r.EmitterSpawnRateScale:1.0]]
[2021.01.13-11.37.39:286][  0]LogConfig: Setting CVar [[r.ParticleLightQuality:2]]
[2021.01.13-11.37.39:286][  0]LogConfig: Setting CVar [[r.SkyAtmosphere.AerialPerspectiveLUT.FastApplyOnOpaque:1 ; Always have FastSkyLUT 1 in this case to avoid wrong sky]]
[2021.01.13-11.37.39:286][  0]LogConfig: Setting CVar [[r.SkyAtmosphere.AerialPerspectiveLUT.SampleCountPerSlice:1]]
[2021.01.13-11.37.39:286][  0]LogConfig: Setting CVar [[r.SkyAtmosphere.AerialPerspectiveLUT.DepthResolution:16.0]]
[2021.01.13-11.37.39:286][  0]LogConfig: Setting CVar [[r.SkyAtmosphere.FastSkyLUT:1]]
[2021.01.13-11.37.39:286][  0]LogConfig: Setting CVar [[r.SkyAtmosphere.FastSkyLUT.SampleCountMin:4.0]]
[2021.01.13-11.37.39:286][  0]LogConfig: Setting CVar [[r.SkyAtmosphere.FastSkyLUT.SampleCountMax:32.0]]
[2021.01.13-11.37.39:286][  0]LogConfig: Setting CVar [[r.SkyAtmosphere.SampleCountMin:4.0]]
[2021.01.13-11.37.39:286][  0]LogConfig: Setting CVar [[r.SkyAtmosphere.SampleCountMax:32.0]]
[2021.01.13-11.37.39:286][  0]LogConfig: Setting CVar [[r.SkyAtmosphere.TransmittanceLUT.UseSmallFormat:0]]
[2021.01.13-11.37.39:286][  0]LogConfig: Setting CVar [[r.SkyAtmosphere.TransmittanceLUT.SampleCount:10.0]]
[2021.01.13-11.37.39:286][  0]LogConfig: Setting CVar [[r.SkyAtmosphere.MultiScatteringLUT.SampleCount:15.0]]
[2021.01.13-11.37.39:286][  0]LogConfig: Applying CVar settings from Section [FoliageQuality@3] File [C:/Users/Morgan/Desktop/UnrealAnimationPracticeVids/UnrealAnimationPracticeVids/MyProject/Saved/Config/Windows/Scalability.ini]
[2021.01.13-11.37.39:286][  0]LogConfig: Setting CVar [[foliage.DensityScale:1.0]]
[2021.01.13-11.37.39:286][  0]LogConfig: Setting CVar [[grass.DensityScale:1.0]]
[2021.01.13-11.37.39:286][  0]LogConfig: Applying CVar settings from Section [ShadingQuality@3] File [C:/Users/Morgan/Desktop/UnrealAnimationPracticeVids/UnrealAnimationPracticeVids/MyProject/Saved/Config/Windows/Scalability.ini]
[2021.01.13-11.37.39:286][  0]LogConfig: Setting CVar [[r.HairStrands.SkyLighting.SampleCount:16]]
[2021.01.13-11.37.39:286][  0]LogConfig: Setting CVar [[r.HairStrands.SkyLighting.JitterIntegration:0]]
[2021.01.13-11.37.39:286][  0]LogConfig: Setting CVar [[r.HairStrands.SkyAO.SampleCount:16]]
[2021.01.13-11.37.39:286][  0]LogConfig: Setting CVar [[r.HairStrands.DeepShadow.SuperSampling:0]]
[2021.01.13-11.37.39:286][  0]LogConfig: Setting CVar [[r.HairStrands.VisibilityPPLL:0]]
[2021.01.13-11.37.39:286][  0]LogConfig: Setting CVar [[r.HairStrands.RasterizationScale:0.5]]
[2021.01.13-11.37.39:286][  0]LogConfig: Setting CVar [[r.HairStrands.VelocityRasterizationScale:1]]
[2021.01.13-11.37.39:286][  0]LogConfig: Applying CVar settings from Section [Startup] File [../../../Engine/Config/ConsoleVariables.ini]
[2021.01.13-11.37.39:286][  0]LogConfig: Setting CVar [[net.UseAdaptiveNetUpdateFrequency:0]]
[2021.01.13-11.37.39:286][  0]LogConfig: Setting CVar [[p.chaos.AllowCreatePhysxBodies:1]]
[2021.01.13-11.37.39:286][  0]LogConfig: Setting CVar [[fx.SkipVectorVMBackendOptimizations:1]]
[2021.01.13-11.37.39:286][  0]LogConfig: Applying CVar settings from Section [ConsoleVariables] File [C:/Users/Morgan/Desktop/UnrealAnimationPracticeVids/UnrealAnimationPracticeVids/MyProject/Saved/Config/Windows/Engine.ini]
[2021.01.13-11.37.39:286][  0]LogInit: Computer: DESKTOP-A1LV5LA
[2021.01.13-11.37.39:286][  0]LogInit: User: Morgan
[2021.01.13-11.37.39:286][  0]LogInit: CPU Page size=4096, Cores=10
[2021.01.13-11.37.39:286][  0]LogInit: High frequency timer resolution =10.000000 MHz
[2021.01.13-11.37.39:286][  0]LogMemory: Memory total: Physical=31.9GB (32GB approx)
[2021.01.13-11.37.39:286][  0]LogMemory: Platform Memory Stats for Windows
[2021.01.13-11.37.39:286][  0]LogMemory: Process Physical Memory: 119.37 MB used, 119.37 MB peak
[2021.01.13-11.37.39:286][  0]LogMemory: Process Virtual Memory: 109.51 MB used, 109.51 MB peak
[2021.01.13-11.37.39:286][  0]LogMemory: Physical Memory: 10386.02 MB used,  22279.58 MB free, 32665.60 MB total
[2021.01.13-11.37.39:286][  0]LogMemory: Virtual Memory: 5200.13 MB used,  134212528.00 MB free, 134217728.00 MB total
[2021.01.13-11.37.39:291][  0]LogWindows: WindowsPlatformFeatures enabled
[2021.01.13-11.37.39:341][  0]LogInit: Physics initialised using underlying interface: PhysX
[2021.01.13-11.37.39:341][  0]LogInit: Using OS detected language (en-GB).
[2021.01.13-11.37.39:341][  0]LogInit: Using OS detected locale (en-GB).
[2021.01.13-11.37.39:343][  0]LogTextLocalizationManager: No specific localization for 'en-GB' exists, so the 'en' localization will be used.
[2021.01.13-11.37.39:507][  0]LogSlate: New Slate User Created.  User Index 0, Is Virtual User: 0
[2021.01.13-11.37.39:507][  0]LogSlate: Slate User Registered.  User Index 0, Is Virtual User: 0
[2021.01.13-11.37.39:516][  0]LogHMD: Failed to initialize OpenVR with code 110
[2021.01.13-11.37.39:516][  0]LogD3D11RHI: D3D11 min allowed feature level: 11_0
[2021.01.13-11.37.39:516][  0]LogD3D11RHI: D3D11 max allowed feature level: 11_0
[2021.01.13-11.37.39:516][  0]LogD3D11RHI: D3D11 adapters:
[2021.01.13-11.37.39:623][  0]LogD3D11RHI:    0. 'NVIDIA GeForce RTX 3090' (Feature Level 11_0)
[2021.01.13-11.37.39:623][  0]LogD3D11RHI:       24348/0/16332 MB DedicatedVideo/DedicatedSystem/SharedSystem, Outputs:2, VendorId:0x10de
[2021.01.13-11.37.39:625][  0]LogD3D11RHI:    1. 'Microsoft Basic Render Driver' (Feature Level 11_0)
[2021.01.13-11.37.39:625][  0]LogD3D11RHI:       0/0/16332 MB DedicatedVideo/DedicatedSystem/SharedSystem, Outputs:0, VendorId:0x1414
[2021.01.13-11.37.39:625][  0]LogD3D11RHI: Chosen D3D11 Adapter: 0
[2021.01.13-11.37.39:632][  0]LogD3D11RHI: Creating new Direct3DDevice
[2021.01.13-11.37.39:632][  0]LogD3D11RHI:     GPU DeviceId: 0x2204 (for the marketing name, search the web for "GPU Device Id")
[2021.01.13-11.37.39:632][  0]LogWindows: EnumDisplayDevices:
[2021.01.13-11.37.39:632][  0]LogWindows:    0. 'NVIDIA GeForce RTX 3090' (P:0 D:1)
[2021.01.13-11.37.39:632][  0]LogWindows:    1. 'NVIDIA GeForce RTX 3090' (P:1 D:1)
[2021.01.13-11.37.39:633][  0]LogWindows:    2. 'NVIDIA GeForce RTX 3090' (P:0 D:0)
[2021.01.13-11.37.39:633][  0]LogWindows:    3. 'NVIDIA GeForce RTX 3090' (P:0 D:0)
[2021.01.13-11.37.39:633][  0]LogWindows: DebugString: FoundDriverCount:4 
[2021.01.13-11.37.39:633][  0]LogD3D11RHI:     Adapter Name: NVIDIA GeForce RTX 3090
[2021.01.13-11.37.39:633][  0]LogD3D11RHI:   Driver Version: 460.89 (internal:27.21.14.6089, unified:460.89)
[2021.01.13-11.37.39:633][  0]LogD3D11RHI:      Driver Date: 12-11-2020
[2021.01.13-11.37.39:633][  0]LogRHI: Texture pool is 17043 MB (70% of 24348 MB)
[2021.01.13-11.37.39:713][  0]LogD3D11RHI: RHI has support for 64 bit atomics
[2021.01.13-11.37.39:713][  0]LogD3D11RHI: Async texture creation enabled
[2021.01.13-11.37.39:713][  0]LogD3D11RHI: Array index from any shader is supported
[2021.01.13-11.37.39:731][  0]LogD3D11RHI: GPU Timing Frequency: 1000.000000 (Debug: 2 1)
[2021.01.13-11.37.40:031][  0]LogTargetPlatformManager: Display: Loaded TargetPlatform 'WindowsNoEditor'
[2021.01.13-11.37.40:035][  0]LogTargetPlatformManager: Display: Loaded TargetPlatform 'Windows'
[2021.01.13-11.37.40:044][  0]LogTargetPlatformManager: Display: Loaded TargetPlatform 'WindowsClient'
[2021.01.13-11.37.40:054][  0]LogTargetPlatformManager: Display: Loaded TargetPlatform 'WindowsServer'
[2021.01.13-11.37.40:054][  0]LogTargetPlatformManager: Display: Building Assets For Windows
[2021.01.13-11.37.40:061][  0]LogAudioDebug: Display: Lib vorbis DLL was dynamically loaded.
[2021.01.13-11.37.40:120][  0]LogShaderCompilers: Guid format shader working directory is -58 characters bigger than the processId version (../../../../../../Users/Morgan/Desktop/UnrealAnimationPracticeVids/UnrealAnimationPracticeVids/MyProject/Intermediate/Shaders/WorkingDirectory/39284/).
[2021.01.13-11.37.40:120][  0]LogShaderCompilers: Cleaned the shader compiler working directory 'C:/Users/Morgan/AppData/Local/Temp/UnrealShaderWorkingDir/BEB13802431C4AFDE4339A89FCAEB0C6/'.
[2021.01.13-11.37.40:121][  0]LogXGEController: Cleaning working directory: C:/Users/Morgan/AppData/Local/Temp/UnrealXGEWorkingDir/
[2021.01.13-11.37.40:121][  0]LogXGEController: Cannot use XGE Controller as Incredibuild is not installed on this machine.
[2021.01.13-11.37.40:121][  0]LogShaderCompilers: Cannot use XGE Shader Compiler as Incredibuild is not installed on this machine.
[2021.01.13-11.37.40:121][  0]LogShaderCompilers: Display: Using Local Shader Compiler.
[2021.01.13-11.37.40:873][  0]LogDerivedDataCache: Display: Max Cache Size: 512 MB
[2021.01.13-11.37.40:926][  0]LogDerivedDataCache: Loaded boot cache 0.05s 132MB C:/Users/Morgan/AppData/Local/UnrealEngine/4.25/DerivedDataCache/Boot.ddc.
[2021.01.13-11.37.40:926][  0]LogDerivedDataCache: Display: Loaded Boot cache: C:/Users/Morgan/AppData/Local/UnrealEngine/4.25/DerivedDataCache/Boot.ddc
[2021.01.13-11.37.40:926][  0]LogDerivedDataCache: FDerivedDataBackendGraph:  Pak pak cache file ../../../../../../Users/Morgan/Desktop/UnrealAnimationPracticeVids/UnrealAnimationPracticeVids/MyProject/DerivedDataCache/DDC.ddp not found, will not use a pak cache.
[2021.01.13-11.37.40:926][  0]LogDerivedDataCache: Unable to find inner node Pak for hierarchical cache Hierarchy.
[2021.01.13-11.37.40:927][  0]LogDerivedDataCache: FDerivedDataBackendGraph:  CompressedPak pak cache file ../../../../../../Users/Morgan/Desktop/UnrealAnimationPracticeVids/UnrealAnimationPracticeVids/MyProject/DerivedDataCache/Compressed.ddp not found, will not use a pak cache.
[2021.01.13-11.37.40:927][  0]LogDerivedDataCache: Unable to find inner node CompressedPak for hierarchical cache Hierarchy.
[2021.01.13-11.37.40:936][  0]LogDerivedDataCache: Display: Pak cache opened for reading ../../../Engine/DerivedDataCache/Compressed.ddp.
[2021.01.13-11.37.40:936][  0]LogDerivedDataCache: FDerivedDataBackendGraph:  EnterprisePak pak cache file ../../../Enterprise/DerivedDataCache/Compressed.ddp not found, will not use a pak cache.
[2021.01.13-11.37.40:936][  0]LogDerivedDataCache: Unable to find inner node EnterprisePak for hierarchical cache Hierarchy.
[2021.01.13-11.37.40:937][  0]LogDerivedDataCache: Using Local data cache path C:/Users/Morgan/AppData/Local/UnrealEngine/Common/DerivedDataCache: Writable
[2021.01.13-11.37.40:937][  0]LogDerivedDataCache: Shared data cache path not found in *engine.ini, will not use an Shared cache.
[2021.01.13-11.37.40:937][  0]LogDerivedDataCache: Unable to find inner node Shared for hierarchical cache Hierarchy.
[2021.01.13-11.37.40:975][  0]LogSlate: Using FreeType 2.10.0
[2021.01.13-11.37.40:975][  0]LogSlate: SlateFontServices - WITH_FREETYPE: 1, WITH_HARFBUZZ: 1
[2021.01.13-11.37.41:043][  0]LogInit: Using OS detected language (en-GB).
[2021.01.13-11.37.41:043][  0]LogInit: Using OS detected locale (en-GB).
[2021.01.13-11.37.41:043][  0]LogTextLocalizationManager: No localization for 'en-GB' exists, so 'en' will be used for the language.
[2021.01.13-11.37.41:043][  0]LogTextLocalizationManager: No localization for 'en-GB' exists, so 'en' will be used for the locale.
[2021.01.13-11.37.41:043][  0]LogSlate: FontCache flush requested. Reason: Culture for localization was changed
[2021.01.13-11.37.41:043][  0]LogSlate: FontCache flush requested. Reason: Culture for localization was changed
[2021.01.13-11.37.41:044][  0]LogTextLocalizationManager: Compacting localization data took   0.00ms
[2021.01.13-11.37.41:046][  0]LogAssetRegistry: FAssetRegistry took 0.0015 seconds to start up
[2021.01.13-11.37.41:241][  0]LogPackageLocalizationCache: Processed 21 localized package path(s) for 1 prioritized culture(s) in 0.038200 seconds
[2021.01.13-11.37.41:288][  0]LogInit: Selected Device Profile: [Windows]
[2021.01.13-11.37.41:388][  0]LogMeshReduction: Using QuadricMeshReduction for automatic static mesh reduction
[2021.01.13-11.37.41:388][  0]LogMeshReduction: Using SimplygonMeshReduction for automatic skeletal mesh reduction
[2021.01.13-11.37.41:388][  0]LogMeshReduction: Using ProxyLODMeshReduction for automatic mesh merging
[2021.01.13-11.37.41:388][  0]LogMeshReduction: No distributed automatic mesh merging module available
[2021.01.13-11.37.41:388][  0]LogMeshMerging: No distributed automatic mesh merging module available
[2021.01.13-11.37.41:403][  0]LogNetVersion: MyProject 1.0.0, NetCL: 13144385, EngineNetVer: 14, GameNetVer: 0 (Checksum: 709303259)
[2021.01.13-11.37.41:610][  0]LogAISub: UAISubsystem::UAISubsystem AISubsystem (0000022EC49FC940), frame # 0
[2021.01.13-11.37.41:610][  0]LogAISub: UAISubsystem::UAISubsystem AIPerceptionSystem (0000022EC4956AC0), frame # 0
[2021.01.13-11.37.41:612][  0]LogAISub: UAISubsystem::UAISubsystem EnvQueryManager (0000022EC49B9A00), frame # 0
[2021.01.13-11.37.41:740][  0]LogMoviePlayer: Initializing movie player
[2021.01.13-11.37.41:911][  0]LogSubstanceCoreModule: Substance [CPU] Engine Loaded, Max Texture Size = 2048
[2021.01.13-11.37.42:069][  0]SourceControl: Source control is disabled
[2021.01.13-11.37.42:069][  0]SourceControl: Source control is disabled
[2021.01.13-11.37.42:075][  0]SourceControl: Source control is disabled
[2021.01.13-11.37.42:198][  0]LogAndroidPermission: UAndroidPermissionCallbackProxy::GetInstance
[2021.01.13-11.37.42:215][  0]LogAudioCaptureCore: Display: No Audio Capture implementations found. Audio input will be silent.
[2021.01.13-11.37.42:215][  0]LogAudioCaptureCore: Display: No Audio Capture implementations found. Audio input will be silent.
[2021.01.13-11.37.42:257][  0]LogOcInput: OculusInput pre-init called
[2021.01.13-11.37.42:269][  0]LogUObjectArray: 20082 objects as part of root set at end of initial load.
[2021.01.13-11.37.42:269][  0]LogUObjectAllocator: 5438912 out of 0 bytes used by permanent object pool.
[2021.01.13-11.37.42:269][  0]LogUObjectArray: CloseDisregardForGC: 0/0 objects in disregard for GC pool
[2021.01.13-11.37.42:348][  0]LogEngine: Initializing Engine...
[2021.01.13-11.37.42:349][  0]LogHMD: Failed to initialize OpenVR with code 110
[2021.01.13-11.37.42:349][  0]LogMagicLeap: Warning: VR disabled because ZI is not enabled.  To enable, in the editor, Edit -> Project Settings -> Plugins -> Magic Leap Plugin -> Enable Zero Iteration
[2021.01.13-11.37.42:350][  0]LogStats: UGameplayTagsManager::InitializeManager -  0.000 s
[2021.01.13-11.37.42:474][  0]LogInit: Initializing FReadOnlyCVARCache
[2021.01.13-11.37.42:487][  0]LogAudioMixer: Display: Audio Mixer Platform Settings:
[2021.01.13-11.37.42:487][  0]LogAudioMixer: Display: 	Sample Rate:						  48000
[2021.01.13-11.37.42:487][  0]LogAudioMixer: Display: 	Callback Buffer Frame Size Requested: 1024
[2021.01.13-11.37.42:487][  0]LogAudioMixer: Display: 	Callback Buffer Frame Size To Use:	  1024
[2021.01.13-11.37.42:487][  0]LogAudioMixer: Display: 	Number of buffers to queue:			  2
[2021.01.13-11.37.42:487][  0]LogAudioMixer: Display: 	Max Channels (voices):				  32
[2021.01.13-11.37.42:487][  0]LogAudioMixer: Display: 	Number of Async Source Workers:		  0
[2021.01.13-11.37.42:487][  0]LogAudio: Display: AudioDevice MaxSources: 32
[2021.01.13-11.37.42:487][  0]LogAudio: Display: Using built-in audio occlusion.
[2021.01.13-11.37.42:487][  0]LogAudioMixer: Display: Initializing audio mixer.
[2021.01.13-11.37.42:504][  0]LogAudioMixer: Display: 0: FrontLeft
[2021.01.13-11.37.42:504][  0]LogAudioMixer: Display: 1: FrontRight
[2021.01.13-11.37.42:554][  0]LogAudioMixer: Display: Using Audio Device BenQ GL2580 (NVIDIA High Definition Audio)
[2021.01.13-11.37.42:556][  0]LogAudioMixer: Display: Initializing Sound Submixes...
[2021.01.13-11.37.42:562][  0]LogAudioMixer: Display: Creating Master Submix 'MasterSubmixDefault'
[2021.01.13-11.37.42:562][  0]LogAudioMixer: Display: Creating Master Submix 'MasterReverbSubmixDefault'
[2021.01.13-11.37.42:563][  0]LogAudioMixer: Display: Creating Master Submix 'MasterEQSubmixDefault'
[2021.01.13-11.37.42:564][  0]LogInit: FAudioDevice initialized.
[2021.01.13-11.37.42:565][  0]LogNetVersion: Set ProjectVersion to 1.0.0.0. Version Checksum will be recalculated on next use.
[2021.01.13-11.37.42:607][  0]LogDerivedDataCache: Saved boot cache 0.04s 79MB C:/Users/Morgan/AppData/Local/UnrealEngine/4.25/DerivedDataCache/Boot.ddc.
[2021.01.13-11.37.42:610][  0]LogInit: Texture streaming: Enabled
[2021.01.13-11.37.42:723][  0]LogSlate: Updating window title bar state: overlay mode, drag disabled, window buttons hidden, title bar hidden
[2021.01.13-11.37.42:724][  0]LogInit: Display: Game Engine Initialized.
[2021.01.13-11.37.42:724][  0]LogNiagaraEditor: Warning: GEditor isn't valid! Particle reset commands will not work for Niagara components!
[2021.01.13-11.37.42:805][  0]LogInit: Display: Starting Game.
[2021.01.13-11.37.42:805][  0]LogNet: Browse: /Game/ThirdPersonCPP/Maps/ThirdPersonExampleMap?Name=Player
[2021.01.13-11.37.42:805][  0]LogLoad: LoadMap: /Game/ThirdPersonCPP/Maps/ThirdPersonExampleMap?Name=Player
[2021.01.13-11.37.42:806][  0]LogWorld: BeginTearingDown for /Temp/Untitled_0
[2021.01.13-11.37.42:808][  0]LogWorld: UWorld::CleanupWorld for Untitled, bSessionEnded=true, bCleanupResources=true
[2021.01.13-11.37.42:808][  0]LogSlate: InvalidateAllWidgets triggered.  All widgets were invalidated
[2021.01.13-11.37.42:823][  0]LogUObjectHash: Compacting FUObjectHashTables data took   0.65ms
[2021.01.13-11.37.42:936][  0]LogAIModule: Creating AISystem for world ThirdPersonExampleMap
[2021.01.13-11.37.42:936][  0]LogAISub: UAISubsystem::UAISubsystem EnvQueryManager (0000022ECA2AFC00), frame # 0
[2021.01.13-11.37.42:936][  0]LogAISub: UAISubsystem::UAISubsystem AIPerceptionSystem (0000022EAD45DA80), frame # 0
[2021.01.13-11.37.42:936][  0]LogLoad: Game class is 'MyProjectGameMode'
[2021.01.13-11.37.42:940][  0]LogWorld: Bringing World /Game/ThirdPersonCPP/Maps/ThirdPersonExampleMap.ThirdPersonExampleMap up for play (max tick rate 0) at 2021.01.13-11.37.42
[2021.01.13-11.37.42:941][  0]LogWorld: Bringing up level for play took: 0.004312
[2021.01.13-11.37.42:944][  0]LogLoad: Took 0.138875 seconds to LoadMap(/Game/ThirdPersonCPP/Maps/ThirdPersonExampleMap)
[2021.01.13-11.37.42:964][  0]LogSlate: Took 0.000135 seconds to synchronously load lazily loaded font '../../../Engine/Content/Slate/Fonts/Roboto-Regular.ttf' (155K)
[2021.01.13-11.37.43:004][  0]LogRenderer: Reallocating scene render targets to support 2560x1440 Format 10 NumSamples 1 (Frame:1).
[2021.01.13-11.37.43:004][  0]LogLoad: (Engine Initialization) Total time: 5.41 seconds
[2021.01.13-11.37.43:004][  0]LogLoad: (Engine Initialization) Total Blueprint compile time: 0.00 seconds
[2021.01.13-11.37.43:008][  0]LogContentStreaming: Texture pool size now 1000 MB
[2021.01.13-11.37.43:010][  0]LogSlate: InvalidateAllWidgets triggered.  All widgets were invalidated
[2021.01.13-11.37.43:029][  0]LogRenderer: Reallocating scene render targets to support 128x128 Format 10 NumSamples 1 (Frame:1).
[2021.01.13-11.37.43:060][  0]LogRenderer: Reallocating scene render targets to support 2560x1440 Format 10 NumSamples 1 (Frame:2).
[2021.01.13-11.37.43:087][  1]LogSlate: Took 0.000109 seconds to synchronously load lazily loaded font '../../../Engine/Content/Slate/Fonts/Roboto-Regular.ttf' (155K)
[2021.01.13-11.38.04:541][122]LogSlate: Window 'MyProject (64-bit Development PCD3D_SM5) ' being destroyed
[2021.01.13-11.38.04:542][122]LogWindowsTextInputMethodSystem: Display: IME system now deactivated.
[2021.01.13-11.38.04:544][122]LogSlate: Updating window title bar state: overlay mode, drag disabled, window buttons hidden, title bar hidden
[2021.01.13-11.38.04:544][122]LogEngine: All Windows Closed
[2021.01.13-11.38.04:545][122]LogWindows: FPlatformMisc::RequestExit(0)
[2021.01.13-11.38.04:545][122]LogCore: Engine exit requested (reason: Win RequestExit)
[2021.01.13-11.38.04:545][123]LogCore: Engine exit requested (reason: EngineExit() was called; note: exit was already requested)
[2021.01.13-11.38.04:546][123]LogAudio: Display: Shutting down audio device while 2 references to it are still alive. For more information, compile with INSTRUMENT_AUDIODEVICE_HANDLES.
[2021.01.13-11.38.04:586][123]LogInit: Display: PreExit Game.
[2021.01.13-11.38.04:621][123]LogWorld: BeginTearingDown for /Game/ThirdPersonCPP/Maps/ThirdPersonExampleMap
[2021.01.13-11.38.04:621][123]LogWorld: UWorld::CleanupWorld for ThirdPersonExampleMap, bSessionEnded=true, bCleanupResources=true
[2021.01.13-11.38.04:621][123]LogSlate: InvalidateAllWidgets triggered.  All widgets were invalidated
[2021.01.13-11.38.05:368][123]LogExit: Preparing to exit.
[2021.01.13-11.38.05:368][123]LogMoviePlayer: Shutting down movie player
[2021.01.13-11.38.05:379][123]LogSlate: Updating window title bar state: overlay mode, drag disabled, window buttons hidden, title bar hidden
[2021.01.13-11.38.05:380][123]LogDemo: Cleaned up 0 splitscreen connections with owner deletion
[2021.01.13-11.38.05:383][123]LogExit: Game engine shut down
[2021.01.13-11.38.05:391][123]LogAISub: UAISubsystem::~UAISubsystem AISubsystem (0000022EC49FC940), frame # 9123
[2021.01.13-11.38.05:391][123]LogAISub: UAISubsystem::~UAISubsystem AIPerceptionSystem (0000022EC4956AC0), frame # 9123
[2021.01.13-11.38.05:391][123]LogAISub: UAISubsystem::~UAISubsystem EnvQueryManager (0000022EC49B9A00), frame # 9123
[2021.01.13-11.38.05:396][123]LogAISub: UAISubsystem::~UAISubsystem EnvQueryManager (0000022ECA2AFC00), frame # 9123
[2021.01.13-11.38.05:396][123]LogAISub: UAISubsystem::~UAISubsystem AIPerceptionSystem (0000022EAD45DA80), frame # 9123
[2021.01.13-11.38.05:413][123]LogExit: Object subsystem successfully closed.
[2021.01.13-11.38.05:438][123]LogShaderCompilers: Display: Shaders left to compile 0
[2021.01.13-11.38.05:460][123]LogModuleManager: Shutting down and abandoning module SequenceRecorderSections (502)
[2021.01.13-11.38.05:460][123]LogModuleManager: Shutting down and abandoning module SequenceRecorder (500)
[2021.01.13-11.38.05:460][123]LogModuleManager: Shutting down and abandoning module AutomationController (498)
[2021.01.13-11.38.05:461][123]LogModuleManager: Shutting down and abandoning module AutomationWorker (496)
[2021.01.13-11.38.05:461][123]LogModuleManager: Shutting down and abandoning module Voice (494)
[2021.01.13-11.38.05:461][123]LogModuleManager: Shutting down and abandoning module AIModule (492)
[2021.01.13-11.38.05:461][123]LogModuleManager: Shutting down and abandoning module GameplayDebugger (491)
[2021.01.13-11.38.05:461][123]LogModuleManager: Shutting down and abandoning module AITestSuite (489)
[2021.01.13-11.38.05:461][123]LogModuleManager: Shutting down and abandoning module NavigationSystem (487)
[2021.01.13-11.38.05:461][123]LogModuleManager: Shutting down and abandoning module OculusMR (484)
[2021.01.13-11.38.05:461][123]LogModuleManager: Shutting down and abandoning module WmfMediaFactory (482)
[2021.01.13-11.38.05:461][123]LogModuleManager: Shutting down and abandoning module WebMMediaFactory (480)
[2021.01.13-11.38.05:461][123]LogModuleManager: Shutting down and abandoning module WebMMedia (478)
[2021.01.13-11.38.05:461][123]LogModuleManager: Shutting down and abandoning module OpenExrWrapper (476)
[2021.01.13-11.38.05:461][123]LogModuleManager: Shutting down and abandoning module ImgMediaFactory (474)
[2021.01.13-11.38.05:461][123]LogModuleManager: Shutting down and abandoning module AvfMediaFactory (472)
[2021.01.13-11.38.05:461][123]LogModuleManager: Shutting down and abandoning module MagicLeapMediaCodecFactory (470)
[2021.01.13-11.38.05:461][123]LogModuleManager: Shutting down and abandoning module MagicLeapMediaFactory (468)
[2021.01.13-11.38.05:461][123]LogModuleManager: Shutting down and abandoning module PlanarCut (466)
[2021.01.13-11.38.05:461][123]LogModuleManager: Shutting down and abandoning module CharacterAI (464)
[2021.01.13-11.38.05:461][123]LogModuleManager: Shutting down and abandoning module SessionServices (462)
[2021.01.13-11.38.05:461][123]LogModuleManager: Shutting down and abandoning module MovieSceneCapture (460)
[2021.01.13-11.38.05:461][123]LogModuleManager: Shutting down and abandoning module LiveCoding (458)
[2021.01.13-11.38.05:461][123]LogModuleManager: Shutting down and abandoning module LevelSequence (456)
[2021.01.13-11.38.05:461][123]LogModuleManager: Shutting down and abandoning module MovieSceneTracks (454)
[2021.01.13-11.38.05:461][123]LogModuleManager: Shutting down and abandoning module MovieScene (452)
[2021.01.13-11.38.05:461][123]LogModuleManager: Shutting down and abandoning module StreamingPauseRendering (450)
[2021.01.13-11.38.05:461][123]LogModuleManager: Shutting down and abandoning module PortalServices (448)
[2021.01.13-11.38.05:461][123]LogModuleManager: Shutting down and abandoning module PortalRpc (446)
[2021.01.13-11.38.05:461][123]LogModuleManager: Shutting down and abandoning module MessagingRpc (444)
[2021.01.13-11.38.05:461][123]LogModuleManager: Shutting down and abandoning module AudioMixerXAudio2 (442)
[2021.01.13-11.38.05:461][123]LogModuleManager: Shutting down and abandoning module AudioMixerCore (441)
[2021.01.13-11.38.05:461][123]LogModuleManager: Shutting down and abandoning module ProfilerService (438)
[2021.01.13-11.38.05:604][123]LogModuleManager: Shutting down and abandoning module TaskGraph (436)
[2021.01.13-11.38.05:604][123]LogModuleManager: Shutting down and abandoning module Synthesis (434)
[2021.01.13-11.38.05:604][123]LogModuleManager: Shutting down and abandoning module ProceduralMeshComponent (432)
[2021.01.13-11.38.05:604][123]LogModuleManager: Shutting down and abandoning module OculusInput (430)
[2021.01.13-11.38.05:604][123]LogModuleManager: Shutting down and abandoning module MobilePatchingUtils (428)
[2021.01.13-11.38.05:604][123]LogModuleManager: Shutting down and abandoning module GooglePAD (426)
[2021.01.13-11.38.05:604][123]LogModuleManager: Shutting down and abandoning module EditableMesh (424)
[2021.01.13-11.38.05:604][123]LogModuleManager: Shutting down and abandoning module CustomMeshComponent (422)
[2021.01.13-11.38.05:604][123]LogModuleManager: Shutting down and abandoning module CableComponent (420)
[2021.01.13-11.38.05:604][123]LogModuleManager: Shutting down and abandoning module AudioCapture (418)
[2021.01.13-11.38.05:604][123]LogModuleManager: Shutting down and abandoning module AudioCaptureRtAudio (417)
[2021.01.13-11.38.05:604][123]LogModuleManager: Shutting down and abandoning module AssetTags (414)
[2021.01.13-11.38.05:604][123]LogModuleManager: Shutting down and abandoning module ArchVisCharacter (412)
[2021.01.13-11.38.05:604][123]LogModuleManager: Shutting down and abandoning module AppleImageUtilsBlueprintSupport (410)
[2021.01.13-11.38.05:604][123]LogModuleManager: Shutting down and abandoning module AppleImageUtils (408)
[2021.01.13-11.38.05:604][123]LogModuleManager: Shutting down and abandoning module AndroidPermission (406)
[2021.01.13-11.38.05:604][123]LogModuleManager: Shutting down and abandoning module NUTUnrealEngine4 (404)
[2021.01.13-11.38.05:604][123]LogModuleManager: Shutting down and abandoning module NetcodeUnitTest (402)
[2021.01.13-11.38.05:604][123]LogModuleManager: Shutting down and abandoning module TemplateSequence (400)
[2021.01.13-11.38.05:604][123]LogModuleManager: Shutting down and abandoning module MovieRenderPipelineRenderPasses (398)
[2021.01.13-11.38.05:604][123]LogModuleManager: Shutting down and abandoning module MovieRenderPipelineSettings (396)
[2021.01.13-11.38.05:604][123]LogModuleManager: Shutting down and abandoning module MovieRenderPipelineCore (394)
[2021.01.13-11.38.05:604][123]LogModuleManager: Shutting down and abandoning module ImageWriteQueue (393)
[2021.01.13-11.38.05:608][123]LogModuleManager: Shutting down and abandoning module MediaCompositing (390)
[2021.01.13-11.38.05:608][123]LogModuleManager: Shutting down and abandoning module ImgMedia (388)
[2021.01.13-11.38.05:608][123]LogModuleManager: Shutting down and abandoning module MagicLeapSharedWorld (386)
[2021.01.13-11.38.05:608][123]LogModuleManager: Shutting down and abandoning module MagicLeapLightEstimation (384)
[2021.01.13-11.38.05:608][123]LogModuleManager: Shutting down and abandoning module MagicLeapHelperVulkan (382)
[2021.01.13-11.38.05:608][123]LogModuleManager: Shutting down and abandoning module MagicLeapHelperOpenGL (380)
[2021.01.13-11.38.05:608][123]LogModuleManager: Shutting down and abandoning module MagicLeapAudio (378)
[2021.01.13-11.38.05:608][123]LogModuleManager: Shutting down and abandoning module MeshSolverUtilities (376)
[2021.01.13-11.38.05:609][123]LogModuleManager: Shutting down and abandoning module MeshConversion (374)
[2021.01.13-11.38.05:609][123]LogModuleManager: Shutting down and abandoning module DynamicMesh (372)
[2021.01.13-11.38.05:609][123]LogModuleManager: Shutting down and abandoning module GeometryAlgorithms (370)
[2021.01.13-11.38.05:609][123]LogModuleManager: Shutting down and abandoning module GeometricObjects (368)
[2021.01.13-11.38.05:609][123]LogModuleManager: Shutting down and abandoning module GeometryCollectionTracks (366)
[2021.01.13-11.38.05:609][123]LogModuleManager: Shutting down and abandoning module GeometryCollectionSequencer (365)
[2021.01.13-11.38.05:609][123]LogModuleManager: Shutting down and abandoning module GeometryCacheTracks (362)
[2021.01.13-11.38.05:609][123]LogModuleManager: Shutting down and abandoning module GeometryCacheSequencer (361)
[2021.01.13-11.38.05:609][123]LogModuleManager: Shutting down and abandoning module GeometryCache (358)
[2021.01.13-11.38.05:609][123]LogModuleManager: Shutting down and abandoning module GeometryCacheEd (357)
[2021.01.13-11.38.05:609][123]LogModuleManager: Shutting down and abandoning module ChaosNiagara (354)
[2021.01.13-11.38.05:609][123]LogModuleManager: Shutting down and abandoning module ChaosCloth (352)
[2021.01.13-11.38.05:609][123]LogModuleManager: Shutting down and abandoning module BackChannel (350)
[2021.01.13-11.38.05:609][123]LogModuleManager: Shutting down and abandoning module AutomationUtils (348)
[2021.01.13-11.38.05:609][123]LogModuleManager: Shutting down and abandoning module VisualStudioSourceCodeAccess (346)
[2021.01.13-11.38.05:609][123]LogModuleManager: Shutting down and abandoning module HotReload (345)
[2021.01.13-11.38.05:610][123]LogModuleManager: Shutting down and abandoning module DirectoryWatcher (344)
[2021.01.13-11.38.05:610][123]LogModuleManager: Shutting down and abandoning module VisualStudioCodeSourceCodeAccess (340)
[2021.01.13-11.38.05:610][123]LogModuleManager: Shutting down and abandoning module UObjectPlugin (338)
[2021.01.13-11.38.05:610][123]LogModuleManager: Shutting down and abandoning module SubversionSourceControl (336)
[2021.01.13-11.38.05:610][123]LogModuleManager: Shutting down and abandoning module RiderSourceCodeAccess (334)
[2021.01.13-11.38.05:610][123]LogModuleManager: Shutting down and abandoning module PerforceSourceControl (332)
[2021.01.13-11.38.05:610][123]LogModuleManager: Shutting down and abandoning module SourceControl (331)
[2021.01.13-11.38.05:610][123]LogModuleManager: Shutting down and abandoning module CLionSourceCodeAccess (328)
[2021.01.13-11.38.05:610][123]LogModuleManager: Shutting down and abandoning module ActorLayerUtilities (326)
[2021.01.13-11.38.05:610][123]LogModuleManager: Shutting down and abandoning module MyProject (324)
[2021.01.13-11.38.05:610][123]LogModuleManager: Shutting down and abandoning module SoundFields (322)
[2021.01.13-11.38.05:610][123]LogModuleManager: Shutting down and abandoning module SignificanceManager (320)
[2021.01.13-11.38.05:610][123]LogModuleManager: Shutting down and abandoning module RuntimePhysXCooking (318)
[2021.01.13-11.38.05:610][123]LogModuleManager: Shutting down and abandoning module PhysXVehiclesEditor (316)
[2021.01.13-11.38.05:610][123]LogModuleManager: Shutting down and abandoning module LocationServicesBPLibrary (312)
[2021.01.13-11.38.05:610][123]LogModuleManager: Shutting down and abandoning module ActorSequence (310)
[2021.01.13-11.38.05:610][123]LogModuleManager: Shutting down and abandoning module UdpMessaging (308)
[2021.01.13-11.38.05:610][123]LogModuleManager: Shutting down and abandoning module TcpMessaging (306)
[2021.01.13-11.38.05:610][123]LogModuleManager: Shutting down and abandoning module SubstanceCore (304)
[2021.01.13-11.38.05:610][123]LogModuleManager: Shutting down and abandoning module MagicLeapARPin (302)
[2021.01.13-11.38.05:610][123]LogModuleManager: Shutting down and abandoning module MagicLeapHandMeshing (300)
[2021.01.13-11.38.05:610][123]LogModuleManager: Shutting down and abandoning module MagicLeapSecureStorage (298)
[2021.01.13-11.38.05:610][123]LogModuleManager: Shutting down and abandoning module MagicLeapPrivileges (296)
[2021.01.13-11.38.05:610][123]LogModuleManager: Shutting down and abandoning module MagicLeapPlanes (294)
[2021.01.13-11.38.05:610][123]LogMagicLeapPlanes: Planes tracker already destroyed.
[2021.01.13-11.38.05:610][123]LogModuleManager: Shutting down and abandoning module MagicLeapImageTracker (292)
[2021.01.13-11.38.05:610][123]LogModuleManager: Shutting down and abandoning module MagicLeapIdentity (290)
[2021.01.13-11.38.05:610][123]LogModuleManager: Shutting down and abandoning module MagicLeapHandTracking (288)
[2021.01.13-11.38.05:610][123]LogModuleManager: Shutting down and abandoning module MagicLeapEyeTracker (286)
[2021.01.13-11.38.05:610][123]LogModuleManager: Shutting down and abandoning module MagicLeapController (284)
[2021.01.13-11.38.05:610][123]LogSlate: Slate User Destroyed.  User Index 0, Is Virtual User: 0
[2021.01.13-11.38.05:610][123]LogModuleManager: Shutting down and abandoning module MagicLeapARPinImpl (282)
[2021.01.13-11.38.05:610][123]LogModuleManager: Shutting down and abandoning module MagicLeapAR (280)
[2021.01.13-11.38.05:610][123]LogModuleManager: Shutting down and abandoning module AugmentedReality (279)
[2021.01.13-11.38.05:610][123]LogModuleManager: Shutting down and abandoning module NiagaraAnimNotifies (276)
[2021.01.13-11.38.05:610][123]LogModuleManager: Shutting down and abandoning module Niagara (274)
[2021.01.13-11.38.05:610][123]LogModuleManager: Shutting down and abandoning module SignalProcessing (273)
[2021.01.13-11.38.05:610][123]LogModuleManager: Shutting down and abandoning module NiagaraEditor (271)
[2021.01.13-11.38.05:611][123]LogModuleManager: Shutting down and abandoning module NiagaraCore (268)
[2021.01.13-11.38.05:611][123]LogModuleManager: Shutting down and abandoning module GameplayTagsEditor (266)
[2021.01.13-11.38.05:611][123]LogModuleManager: Shutting down and abandoning module FacialAnimation (264)
[2021.01.13-11.38.05:611][123]LogModuleManager: Shutting down and abandoning module AssetManagerEditor (262)
[2021.01.13-11.38.05:611][123]LogModuleManager: Shutting down and abandoning module TreeMap (261)
[2021.01.13-11.38.05:611][123]LogModuleManager: Shutting down and abandoning module AnimationSharing (258)
[2021.01.13-11.38.05:611][123]LogModuleManager: Shutting down and abandoning module LightPropagationVolumeRuntime (256)
[2021.01.13-11.38.05:611][123]LogModuleManager: Shutting down and abandoning module Paper2D (254)
[2021.01.13-11.38.05:611][123]LogModuleManager: Shutting down and abandoning module WindowsMoviePlayer (252)
[2021.01.13-11.38.05:611][123]LogModuleManager: Shutting down and abandoning module WebMMoviePlayer (250)
[2021.01.13-11.38.05:611][123]LogModuleManager: Shutting down and abandoning module NetworkReplayStreaming (248)
[2021.01.13-11.38.05:611][123]LogModuleManager: Shutting down and abandoning module PacketHandler (246)
[2021.01.13-11.38.05:611][123]LogModuleManager: Shutting down and abandoning module ClothingSystemEditor (244)
[2021.01.13-11.38.05:611][123]LogModuleManager: Shutting down and abandoning module ClothingSystemRuntimeNv (242)
[2021.01.13-11.38.05:611][123]LogModuleManager: Shutting down and abandoning module MediaAssets (240)
[2021.01.13-11.38.05:611][123]LogModuleManager: Shutting down and abandoning module Overlay (238)
[2021.01.13-11.38.05:611][123]LogModuleManager: Shutting down and abandoning module OverlayEditor (237)
[2021.01.13-11.38.05:611][123]LogModuleManager: Shutting down and abandoning module VREditor (234)
[2021.01.13-11.38.05:611][123]LogModuleManager: Shutting down and abandoning module StringTableEditor (232)
[2021.01.13-11.38.05:611][123]LogModuleManager: Shutting down and abandoning module GameplayTasksEditor (230)
[2021.01.13-11.38.05:611][123]LogModuleManager: Shutting down and abandoning module BehaviorTreeEditor (228)
[2021.01.13-11.38.05:611][123]LogModuleManager: Shutting down and abandoning module FunctionalTesting (226)
[2021.01.13-11.38.05:611][123]LogModuleManager: Shutting down and abandoning module CollisionAnalyzer (224)
[2021.01.13-11.38.05:611][123]LogModuleManager: Shutting down and abandoning module WorkspaceMenuStructure (223)
[2021.01.13-11.38.05:611][123]LogModuleManager: Shutting down and abandoning module UMG (220)
[2021.01.13-11.38.05:611][123]LogModuleManager: Shutting down and abandoning module UMGEditor (219)
[2021.01.13-11.38.05:611][123]LogModuleManager: Shutting down and abandoning module Sequencer (218)
[2021.01.13-11.38.05:611][123]LogModuleManager: Shutting down and abandoning module MessageLog (215)
[2021.01.13-11.38.05:611][123]LogModuleManager: Shutting down and abandoning module MaterialEditor (213)
[2021.01.13-11.38.05:611][123]LogModuleManager: Shutting down and abandoning module SlateReflector (208)
[2021.01.13-11.38.05:611][123]LogModuleManager: Shutting down and abandoning module Slate (206)
[2021.01.13-11.38.05:612][123]LogModuleManager: Shutting down and abandoning module SlateCore (204)
[2021.01.13-11.38.05:612][123]LogModuleManager: Shutting down and abandoning module LandscapeEditorUtilities (202)
[2021.01.13-11.38.05:612][123]LogModuleManager: Shutting down and abandoning module EditorStyle (200)
[2021.01.13-11.38.05:612][123]LogModuleManager: Shutting down and abandoning module UnrealEd (198)
[2021.01.13-11.38.05:612][123]LogModuleManager: Shutting down and abandoning module MRMesh (196)
[2021.01.13-11.38.05:612][123]LogModuleManager: Shutting down and abandoning module Messaging (194)
[2021.01.13-11.38.05:612][123]LogModuleManager: Shutting down and abandoning module SourceCodeAccess (192)
[2021.01.13-11.38.05:612][123]LogModuleManager: Shutting down and abandoning module HeadMountedDisplay (190)
[2021.01.13-11.38.05:612][123]LogModuleManager: Shutting down and abandoning module XAudio2 (188)
[2021.01.13-11.38.05:612][123]LogModuleManager: Shutting down and abandoning module Networking (186)
[2021.01.13-11.38.05:612][123]LogModuleManager: Shutting down and abandoning module Core (184)
[2021.01.13-11.38.05:612][123]LogModuleManager: Shutting down and abandoning module MovieSceneTools (182)
[2021.01.13-11.38.05:612][123]LogModuleManager: Shutting down and abandoning module KismetCompiler (180)
[2021.01.13-11.38.05:612][123]LogModuleManager: Shutting down and abandoning module MeshBuilder (178)
[2021.01.13-11.38.05:612][123]LogModuleManager: Shutting down and abandoning module MeshUtilities (176)
[2021.01.13-11.38.05:612][123]LogModuleManager: Shutting down and abandoning module MeshMergeUtilities (175)
[2021.01.13-11.38.05:612][123]LogModuleManager: Shutting down and abandoning module MeshReductionInterface (174)
[2021.01.13-11.38.05:612][123]LogModuleManager: Shutting down and abandoning module MeshBoneReduction (173)
[2021.01.13-11.38.05:612][123]LogModuleManager: Shutting down and abandoning module SkeletalMeshReduction (171)
[2021.01.13-11.38.05:613][123]LogModuleManager: Shutting down and abandoning module ProxyLODMeshReduction (169)
[2021.01.13-11.38.05:613][123]LogModuleManager: Shutting down and abandoning module QuadricMeshReduction (167)
[2021.01.13-11.38.05:613][123]LogModuleManager: Shutting down and abandoning module MaterialBaking (163)
[2021.01.13-11.38.05:613][123]LogModuleManager: Shutting down and abandoning module NullInstallBundleManager (158)
[2021.01.13-11.38.05:613][123]LogModuleManager: Shutting down and abandoning module PIEPreviewDeviceProfileSelector (156)
[2021.01.13-11.38.05:613][123]LogModuleManager: Shutting down and abandoning module DerivedDataCache (154)
[2021.01.13-11.38.05:613][123]LogModuleManager: Shutting down and abandoning module XGEController (152)
[2021.01.13-11.38.05:613][123]LogXGEController: Cleaning working directory: C:/Users/Morgan/AppData/Local/Temp/UnrealXGEWorkingDir/
[2021.01.13-11.38.05:613][123]LogModuleManager: Shutting down and abandoning module TargetPlatform (150)
[2021.01.13-11.38.05:613][123]LogModuleManager: Shutting down and abandoning module VulkanShaderFormat (149)
[2021.01.13-11.38.05:613][123]LogModuleManager: Shutting down and abandoning module ShaderFormatVectorVM (147)
[2021.01.13-11.38.05:613][123]LogModuleManager: Shutting down and abandoning module ShaderFormatOpenGL (145)
[2021.01.13-11.38.05:613][123]LogModuleManager: Shutting down and abandoning module ShaderFormatD3D (143)
[2021.01.13-11.38.05:613][123]LogModuleManager: Shutting down and abandoning module MetalShaderFormat (141)
[2021.01.13-11.38.05:613][123]LogModuleManager: Shutting down and abandoning module TextureFormatUncompressed (139)
[2021.01.13-11.38.05:613][123]LogModuleManager: Shutting down and abandoning module TextureFormatPVR (137)
[2021.01.13-11.38.05:613][123]LogModuleManager: Shutting down and abandoning module TextureFormatDXT (135)
[2021.01.13-11.38.05:613][123]LogModuleManager: Shutting down and abandoning module TextureFormatIntelISPCTexComp (133)
[2021.01.13-11.38.05:613][123]LogModuleManager: Shutting down and abandoning module TextureFormatASTC (131)
[2021.01.13-11.38.05:613][123]LogModuleManager: Shutting down and abandoning module ImageWrapper (130)
[2021.01.13-11.38.05:613][123]LogModuleManager: Shutting down and abandoning module TextureFormatAndroid (127)
[2021.01.13-11.38.05:613][123]LogModuleManager: Shutting down and abandoning module AudioFormatOpus (125)
[2021.01.13-11.38.05:613][123]LogModuleManager: Shutting down and abandoning module AudioFormatOgg (123)
[2021.01.13-11.38.05:613][123]LogModuleManager: Shutting down and abandoning module AudioFormatADPCM (121)
[2021.01.13-11.38.05:613][123]LogModuleManager: Shutting down and abandoning module WindowsServerTargetPlatform (119)
[2021.01.13-11.38.05:613][123]LogModuleManager: Shutting down and abandoning module WindowsClientTargetPlatform (117)
[2021.01.13-11.38.05:613][123]LogModuleManager: Shutting down and abandoning module WindowsTargetPlatform (115)
[2021.01.13-11.38.05:613][123]LogModuleManager: Shutting down and abandoning module WindowsNoEditorTargetPlatform (113)
[2021.01.13-11.38.05:613][123]LogModuleManager: Shutting down and abandoning module InputCore (110)
[2021.01.13-11.38.05:613][123]LogModuleManager: Shutting down and abandoning module Settings (108)
[2021.01.13-11.38.05:613][123]LogModuleManager: Shutting down and abandoning module PhysXCooking (106)
[2021.01.13-11.38.05:613][123]LogModuleManager: Shutting down and abandoning module ChaosSolvers (104)
[2021.01.13-11.38.05:613][123]LogModuleManager: Shutting down and abandoning module FieldSystemEngine (103)
[2021.01.13-11.38.05:613][123]LogModuleManager: Shutting down and abandoning module Chaos (100)
[2021.01.13-11.38.05:613][123]LogModuleManager: Shutting down and abandoning module WindowsPlatformFeatures (98)
[2021.01.13-11.38.05:613][123]LogModuleManager: Shutting down and abandoning module GameplayMediaEncoder (97)
[2021.01.13-11.38.05:613][123]LogModuleManager: Shutting down and abandoning module AVEncoder (96)
[2021.01.13-11.38.05:614][123]LogModuleManager: Shutting down and abandoning module SteamVRInputDevice (92)
[2021.01.13-11.38.05:614][123]LogModuleManager: Shutting down and abandoning module SteamVRInput (90)
[2021.01.13-11.38.05:614][123]LogModuleManager: Shutting down and abandoning module SteamVR (88)
[2021.01.13-11.38.05:614][123]LogHMD: Freeing OpenVRDLLHandle.
[2021.01.13-11.38.05:614][123]LogModuleManager: Shutting down and abandoning module OculusHMD (86)
[2021.01.13-11.38.05:614][123]LogModuleManager: Shutting down and abandoning module ExampleDeviceProfileSelector (84)
[2021.01.13-11.38.05:614][123]LogModuleManager: Shutting down and abandoning module LauncherChunkInstaller (82)
[2021.01.13-11.38.05:614][123]LogModuleManager: Shutting down and abandoning module OnlineBlueprintSupport (80)
[2021.01.13-11.38.05:614][123]LogModuleManager: Shutting down and abandoning module OnlineSubsystem (76)
[2021.01.13-11.38.05:614][123]LogModuleManager: Shutting down and abandoning module XMPP (71)
[2021.01.13-11.38.05:614][123]LogModuleManager: Shutting down and abandoning module WebSockets (70)
[2021.01.13-11.38.05:634][123]LogModuleManager: Shutting down and abandoning module HTTP (67)
[2021.01.13-11.38.05:652][123]LogModuleManager: Shutting down and abandoning module SSL (66)
[2021.01.13-11.38.05:653][123]LogModuleManager: Shutting down and abandoning module WmfMedia (62)
[2021.01.13-11.38.05:653][123]LogModuleManager: Shutting down and abandoning module Media (61)
[2021.01.13-11.38.05:654][123]LogModuleManager: Shutting down and abandoning module MagicLeap (58)
[2021.01.13-11.38.05:654][123]LogModuleManager: Shutting down and abandoning module NiagaraVertexFactories (56)
[2021.01.13-11.38.05:654][123]LogModuleManager: Shutting down and abandoning module NiagaraShader (54)
[2021.01.13-11.38.05:654][123]LogModuleManager: Shutting down and abandoning module VariantManagerContent (52)
[2021.01.13-11.38.05:654][123]LogModuleManager: Shutting down and abandoning module DatasmithContent (50)
[2021.01.13-11.38.05:654][123]LogModuleManager: Shutting down and abandoning module AISupportModule (48)
[2021.01.13-11.38.05:654][123]LogModuleManager: Shutting down and abandoning module DesktopPlatform (46)
[2021.01.13-11.38.05:654][123]LogModuleManager: Shutting down and abandoning module PlatformCryptoOpenSSL (44)
[2021.01.13-11.38.05:654][123]LogModuleManager: Shutting down and abandoning module PlatformCryptoTypes (42)
[2021.01.13-11.38.05:654][123]LogModuleManager: Shutting down and abandoning module PlatformCrypto (40)
[2021.01.13-11.38.05:654][123]LogModuleManager: Shutting down and abandoning module AnimationModifiers (38)
[2021.01.13-11.38.05:654][123]LogModuleManager: Shutting down and abandoning module PropertyEditor (37)
[2021.01.13-11.38.05:654][123]LogModuleManager: Shutting down and abandoning module AudioEditor (34)
[2021.01.13-11.38.05:655][123]LogModuleManager: Shutting down and abandoning module TextureCompressor (32)
[2021.01.13-11.38.05:655][123]LogModuleManager: Shutting down and abandoning module RenderCore (30)
[2021.01.13-11.38.05:655][123]LogModuleManager: Shutting down and abandoning module Landscape (28)
[2021.01.13-11.38.05:655][123]LogModuleManager: Shutting down and abandoning module SlateRHIRenderer (26)
[2021.01.13-11.38.05:655][123]LogModuleManager: Shutting down and abandoning module OpenGLDrv (24)
[2021.01.13-11.38.05:655][123]LogModuleManager: Shutting down and abandoning module D3D11RHI (22)
[2021.01.13-11.38.05:655][123]LogModuleManager: Shutting down and abandoning module AnimGraphRuntime (20)
[2021.01.13-11.38.05:655][123]LogModuleManager: Shutting down and abandoning module Renderer (18)
[2021.01.13-11.38.05:655][123]LogModuleManager: Shutting down and abandoning module Engine (16)
[2021.01.13-11.38.05:655][123]LogModuleManager: Shutting down and abandoning module CoreUObject (14)
[2021.01.13-11.38.05:655][123]LogModuleManager: Shutting down and abandoning module NetworkFile (12)
[2021.01.13-11.38.05:655][123]LogModuleManager: Shutting down and abandoning module CookedIterativeFile (10)
[2021.01.13-11.38.05:655][123]LogModuleManager: Shutting down and abandoning module StreamingFile (8)
[2021.01.13-11.38.05:655][123]LogModuleManager: Shutting down and abandoning module SandboxFile (6)
[2021.01.13-11.38.05:655][123]LogModuleManager: Shutting down and abandoning module PakFile (4)
[2021.01.13-11.38.05:655][123]LogModuleManager: Shutting down and abandoning module RSA (3)
[2021.01.13-11.38.05:812][123]LogContentStreaming: Display: There are 1 unreleased StreamingManagers
[2021.01.13-11.38.05:812][123]LogD3D11RHI: Shutdown
[2021.01.13-11.38.05:812][123]LogD3D11RHI: CleanupD3DDevice
[2021.01.13-11.38.05:826][123]LogExit: Exiting.
[2021.01.13-11.38.05:847][123]Log file closed, 01/13/21 11:38:05
