Log file open, 02/05/21 13:41:58
LogInit: Display: Running engine for game: MyProject
LogPlatformFile: Not using cached read wrapper
LogTaskGraph: Started task graph with 5 named threads and 59 total threads with 3 sets of task threads.
LogStats: Stats thread started at 0.286346
LogD3D11RHI: Loaded GFSDK_Aftermath_Lib.x64.dll
LogICUInternationalization: ICU TimeZone Detection - Raw Offset: +0:00, Platform Override: ''
LogPluginManager: Mounting plugin Paper2D
LogPluginManager: Mounting plugin AISupport
LogPluginManager: Mounting plugin LightPropagationVolume
LogPluginManager: Mounting plugin CameraShakePreviewer
LogPluginManager: Mounting plugin ActorLayerUtilities
LogPluginManager: Mounting plugin AnimationSharing
LogPluginManager: Mounting plugin CLionSourceCodeAccess
LogPluginManager: Mounting plugin CodeLiteSourceCodeAccess
LogPluginManager: Mounting plugin GitSourceControl
LogPluginManager: Mounting plugin KDevelopSourceCodeAccess
LogPluginManager: Mounting plugin NullSourceCodeAccess
LogPluginManager: Mounting plugin PerforceSourceControl
LogPluginManager: Mounting plugin PlasticSourceControl
LogPluginManager: Mounting plugin RiderSourceCodeAccess
LogPluginManager: Mounting plugin SubversionSourceControl
LogPluginManager: Mounting plugin UObjectPlugin
LogPluginManager: Mounting plugin VisualStudioCodeSourceCodeAccess
LogPluginManager: Mounting plugin VisualStudioSourceCodeAccess
LogPluginManager: Mounting plugin XCodeSourceCodeAccess
LogPluginManager: Mounting plugin AssetManagerEditor
LogPluginManager: Mounting plugin CryptoKeys
LogPluginManager: Mounting plugin CurveEditorTools
LogPluginManager: Mounting plugin DataValidation
LogPluginManager: Mounting plugin EditorScriptingUtilities
LogPluginManager: Mounting plugin FacialAnimation
LogPluginManager: Mounting plugin GameplayTagsEditor
LogPluginManager: Mounting plugin GeometryMode
LogPluginManager: Mounting plugin MacGraphicsSwitching
LogPluginManager: Mounting plugin MaterialAnalyzer
LogPluginManager: Mounting plugin MobileLauncherProfileWizard
LogPluginManager: Mounting plugin PluginBrowser
LogPluginManager: Mounting plugin SpeedTreeImporter
LogPluginManager: Mounting plugin DatasmithContent
LogPluginManager: Mounting plugin VariantManagerContent
LogPluginManager: Mounting plugin AlembicImporter
LogPluginManager: Mounting plugin AutomationUtils
LogPluginManager: Mounting plugin BackChannel
LogPluginManager: Mounting plugin ChaosCloth
LogPluginManager: Mounting plugin ChaosClothEditor
LogPluginManager: Mounting plugin ChaosEditor
LogPluginManager: Mounting plugin ChaosNiagara
LogPluginManager: Mounting plugin ChaosSolverPlugin
LogPluginManager: Mounting plugin CharacterAI
LogPluginManager: Mounting plugin GeometryCache
LogPluginManager: Mounting plugin GeometryCollectionPlugin
LogPluginManager: Mounting plugin GeometryProcessing
LogPluginManager: Mounting plugin PlanarCut
LogPluginManager: Mounting plugin PlatformCrypto
LogPluginManager: Mounting plugin ProxyLODPlugin
LogPluginManager: Mounting plugin SkeletalReduction
LogPluginManager: Mounting plugin Niagara
LogPluginManager: Mounting plugin MagicLeap
LogPluginManager: Mounting plugin MagicLeapLightEstimation
LogPluginManager: Mounting plugin MagicLeapMedia
LogPluginManager: Mounting plugin MagicLeapPassableWorld
LogPluginManager: Mounting plugin MLSDK
LogPluginManager: Mounting plugin DarkerNodes
LogPluginManager: Mounting plugin ElectronicNodes
LogPluginManager: Mounting plugin AndroidMedia
LogPluginManager: Mounting plugin AvfMedia
LogPluginManager: Mounting plugin ImgMedia
LogPluginManager: Mounting plugin MediaCompositing
LogPluginManager: Mounting plugin MediaPlayerEditor
LogPluginManager: Mounting plugin WebMMedia
LogPluginManager: Mounting plugin WmfMedia
LogPluginManager: Mounting plugin MeshPainting
LogPluginManager: Mounting plugin TcpMessaging
LogPluginManager: Mounting plugin UdpMessaging
LogPluginManager: Mounting plugin ActorSequence
LogPluginManager: Mounting plugin LevelSequenceEditor
LogPluginManager: Mounting plugin MatineeToLevelSequence
LogPluginManager: Mounting plugin MovieRenderPipeline
LogPluginManager: Mounting plugin TemplateSequence
LogPluginManager: Mounting plugin NetcodeUnitTest
LogPluginManager: Mounting plugin NUTUnrealEngine4
LogPluginManager: Mounting plugin OnlineSubsystemGooglePlay
LogPluginManager: Mounting plugin OnlineSubsystemIOS
LogPluginManager: Mounting plugin OnlineSubsystem
LogPluginManager: Mounting plugin OnlineSubsystemNull
LogPluginManager: Mounting plugin OnlineSubsystemUtils
LogPluginManager: Mounting plugin LauncherChunkInstaller
LogPluginManager: Mounting plugin AndroidDeviceProfileSelector
LogPluginManager: Mounting plugin AndroidMoviePlayer
LogPluginManager: Mounting plugin AndroidPermission
LogPluginManager: Mounting plugin ApexDestruction
LogPluginManager: Mounting plugin AppleImageUtils
LogPluginManager: Mounting plugin AppleMoviePlayer
LogPluginManager: Mounting plugin ArchVisCharacter
LogPluginManager: Mounting plugin AssetTags
LogPluginManager: Mounting plugin AudioCapture
LogPluginManager: Mounting plugin CableComponent
LogPluginManager: Mounting plugin CustomMeshComponent
LogPluginManager: Mounting plugin EditableMesh
LogPluginManager: Mounting plugin ExampleDeviceProfileSelector
LogPluginManager: Mounting plugin GoogleCloudMessaging
LogPluginManager: Mounting plugin GooglePAD
LogPluginManager: Mounting plugin IOSDeviceProfileSelector
LogPluginManager: Mounting plugin LinuxDeviceProfileSelector
LogPluginManager: Mounting plugin LocationServicesBPLibrary
LogPluginManager: Mounting plugin MobilePatchingUtils
LogPluginManager: Mounting plugin OculusVR
LogPluginManager: Mounting plugin PhysXVehicles
LogPluginManager: Mounting plugin PostSplashScreen
LogPluginManager: Mounting plugin ProceduralMeshComponent
LogPluginManager: Mounting plugin RuntimePhysXCooking
LogPluginManager: Mounting plugin SignificanceManager
LogPluginManager: Mounting plugin SoundFields
LogPluginManager: Mounting plugin SteamVR
LogPluginManager: Mounting plugin Synthesis
LogPluginManager: Mounting plugin WebMMoviePlayer
LogPluginManager: Mounting plugin WindowsMoviePlayer
LogPluginManager: Mounting plugin ScreenshotTools
LogInit: Using libcurl 7.55.1-DEV
LogInit:  - built for x86_64-pc-win32
LogInit:  - supports SSL with OpenSSL/1.1.1
LogInit:  - supports HTTP deflate (compression) using libz 1.2.8
LogInit:  - other features:
LogInit:      CURL_VERSION_SSL
LogInit:      CURL_VERSION_LIBZ
LogInit:      CURL_VERSION_IPV6
LogInit:      CURL_VERSION_ASYNCHDNS
LogInit:      CURL_VERSION_LARGEFILE
LogInit:      CURL_VERSION_IDN
LogInit:  CurlRequestOptions (configurable via config and command line):
LogInit:  - bVerifyPeer = true  - Libcurl will verify peer certificate
LogInit:  - bUseHttpProxy = false  - Libcurl will NOT use HTTP proxy
LogInit:  - bDontReuseConnections = false  - Libcurl will reuse connections
LogInit:  - MaxHostConnections = 16  - Libcurl will limit the number of connections to a host
LogInit:  - LocalHostAddr = Default
LogInit:  - BufferSize = 65536
LogOnline: OSS: Creating online subsystem instance for: NULL
LogInit: WinSock: version 1.1 (2.2), MaxSocks=32767, MaxUdp=65467
LogOnline: OSS: TryLoadSubsystemAndSetDefault: Loaded subsystem for module [NULL]
LogInit: Build: ++UE4+Release-4.25-CL-14469661
LogInit: Engine Version: 4.25.4-14469661+++UE4+Release-4.25
LogInit: Compatible Engine Version: 4.25.0-13144385+++UE4+Release-4.25
LogInit: Net CL: 13144385
LogInit: OS: Windows 10 (Release 2009) (), CPU: Intel(R) Core(TM) i9-10850K CPU @ 3.60GHz, GPU: NVIDIA GeForce RTX 3090
LogInit: Compiled (64-bit): Oct 11 2020 08:10:49
LogInit: Compiled with Visual C++: 19.24.28315.00
LogInit: Build Configuration: Development
LogInit: Branch Name: ++UE4+Release-4.25
LogInit: Command Line:  -skipcompile
LogInit: Base Directory: C:/Program Files/Epic Games/UE_4.25/Engine/Binaries/Win64/
LogInit: Allocator: TBB
LogInit: Installed Engine Build: 1
LogDevObjectVersion: Number of dev versions registered: 26
LogDevObjectVersion:   Dev-Blueprints (B0D832E4-1F89-4F0D-ACCF-7EB736FD4AA2): 10
LogDevObjectVersion:   Dev-Build (E1C64328-A22C-4D53-A36C-8E866417BD8C): 0
LogDevObjectVersion:   Dev-Core (375EC13C-06E4-48FB-B500-84F0262A717E): 4
LogDevObjectVersion:   Dev-Editor (E4B068ED-F494-42E9-A231-DA0B2E46BB41): 38
LogDevObjectVersion:   Dev-Framework (CFFC743F-43B0-4480-9391-14DF171D2073): 37
LogDevObjectVersion:   Dev-Mobile (B02B49B5-BB20-44E9-A304-32B752E40360): 2
LogDevObjectVersion:   Dev-Networking (A4E4105C-59A1-49B5-A7C5-40C4547EDFEE): 0
LogDevObjectVersion:   Dev-Online (39C831C9-5AE6-47DC-9A44-9C173E1C8E7C): 0
LogDevObjectVersion:   Dev-Physics (78F01B33-EBEA-4F98-B9B4-84EACCB95AA2): 4
LogDevObjectVersion:   Dev-Platform (6631380F-2D4D-43E0-8009-CF276956A95A): 0
LogDevObjectVersion:   Dev-Rendering (12F88B9F-8875-4AFC-A67C-D90C383ABD29): 43
LogDevObjectVersion:   Dev-Sequencer (7B5AE74C-D270-4C10-A958-57980B212A5A): 12
LogDevObjectVersion:   Dev-VR (D7296918-1DD6-4BDD-9DE2-64A83CC13884): 3
LogDevObjectVersion:   Dev-LoadTimes (C2A15278-BFE7-4AFE-6C17-90FF531DF755): 1
LogDevObjectVersion:   Private-Geometry (6EACA3D4-40EC-4CC1-B786-8BED09428FC5): 3
LogDevObjectVersion:   Dev-AnimPhys (29E575DD-E0A3-4627-9D10-D276232CDCEA): 17
LogDevObjectVersion:   Dev-Anim (AF43A65D-7FD3-4947-9873-3E8ED9C1BB05): 7
LogDevObjectVersion:   Dev-ReflectionCapture (6B266CEC-1EC7-4B8F-A30B-E4D90942FC07): 1
LogDevObjectVersion:   Dev-Automation (0DF73D61-A23F-47EA-B727-89E90C41499A): 1
LogDevObjectVersion:   FortniteMain (601D1886-AC64-4F84-AA16-D3DE0DEAC7D6): 31
LogDevObjectVersion:   Dev-Enterprise (9DFFBCD6-494F-0158-E221-12823C92A888): 10
LogDevObjectVersion:   Dev-Niagara (F2AED0AC-9AFE-416F-8664-AA7FFA26D6FC): 1
LogDevObjectVersion:   Dev-Destruction (174F1F0B-B4C6-45A5-B13F-2EE8D0FB917D): 10
LogDevObjectVersion:   Dev-Physics-Ext (35F94A83-E258-406C-A318-09F59610247C): 37
LogDevObjectVersion:   Dev-PhysicsMaterial-Chaos (B68FC16E-8B1B-42E2-B453-215C058844FE): 1
LogDevObjectVersion:   Dev-CineCamera (B2E18506-4273-CFC2-A54E-F4BB758BBA07): 1
LogInit: Presizing for max 25165824 objects, including 0 objects not considered by GC, pre-allocating 0 bytes for permanent pool.
LogConfig: Applying CVar settings from Section [/Script/Engine.StreamingSettings] File [C:/Users/Morgan/Desktop/UnrealAnimationPracticeVids/UnrealAnimationPracticeVids/MyProject/Saved/Config/Windows/Engine.ini]
LogConfig: Setting CVar [[s.MinBulkDataSizeForAsyncLoading:131072]]
LogConfig: Setting CVar [[s.AsyncLoadingThreadEnabled:0]]
LogConfig: Setting CVar [[s.EventDrivenLoaderEnabled:1]]
LogConfig: Setting CVar [[s.WarnIfTimeLimitExceeded:0]]
LogConfig: Setting CVar [[s.TimeLimitExceededMultiplier:1.5]]
LogConfig: Setting CVar [[s.TimeLimitExceededMinTime:0.005]]
LogConfig: Setting CVar [[s.UseBackgroundLevelStreaming:1]]
LogConfig: Setting CVar [[s.PriorityAsyncLoadingExtraTime:15.0]]
LogConfig: Setting CVar [[s.LevelStreamingActorsUpdateTimeLimit:5.0]]
LogConfig: Setting CVar [[s.PriorityLevelStreamingActorsUpdateExtraTime:5.0]]
LogConfig: Setting CVar [[s.LevelStreamingComponentsRegistrationGranularity:10]]
LogConfig: Setting CVar [[s.UnregisterComponentsTimeLimit:1.0]]
LogConfig: Setting CVar [[s.LevelStreamingComponentsUnregistrationGranularity:5]]
LogConfig: Setting CVar [[s.FlushStreamingOnExit:1]]
LogInit: Object subsystem initialized
LogConfig: Setting CVar [[con.DebugEarlyDefault:1]]
LogConfig: Setting CVar [[r.setres:1280x720]]
[2021.02.05-13.41.59:255][  0]LogConfig: Setting CVar [[r.VSync:0]]
[2021.02.05-13.41.59:255][  0]LogConfig: Setting CVar [[r.RHICmdBypass:0]]
[2021.02.05-13.41.59:255][  0]LogConfig: Applying CVar settings from Section [/Script/Engine.RendererSettings] File [C:/Users/Morgan/Desktop/UnrealAnimationPracticeVids/UnrealAnimationPracticeVids/MyProject/Saved/Config/Windows/Engine.ini]
[2021.02.05-13.41.59:255][  0]LogConfig: Setting CVar [[r.GPUCrashDebugging:0]]
[2021.02.05-13.41.59:255][  0]LogConfig: Applying CVar settings from Section [/Script/Engine.RendererOverrideSettings] File [C:/Users/Morgan/Desktop/UnrealAnimationPracticeVids/UnrealAnimationPracticeVids/MyProject/Saved/Config/Windows/Engine.ini]
[2021.02.05-13.41.59:256][  0]LogConfig: Applying CVar settings from Section [/Script/Engine.StreamingSettings] File [C:/Users/Morgan/Desktop/UnrealAnimationPracticeVids/UnrealAnimationPracticeVids/MyProject/Saved/Config/Windows/Engine.ini]
[2021.02.05-13.41.59:256][  0]LogConfig: Setting CVar [[s.MinBulkDataSizeForAsyncLoading:131072]]
[2021.02.05-13.41.59:256][  0]LogConfig: Setting CVar [[s.AsyncLoadingThreadEnabled:0]]
[2021.02.05-13.41.59:256][  0]LogConfig: Setting CVar [[s.EventDrivenLoaderEnabled:1]]
[2021.02.05-13.41.59:256][  0]LogConfig: Setting CVar [[s.WarnIfTimeLimitExceeded:0]]
[2021.02.05-13.41.59:256][  0]LogConfig: Setting CVar [[s.TimeLimitExceededMultiplier:1.5]]
[2021.02.05-13.41.59:256][  0]LogConfig: Setting CVar [[s.TimeLimitExceededMinTime:0.005]]
[2021.02.05-13.41.59:256][  0]LogConfig: Setting CVar [[s.UseBackgroundLevelStreaming:1]]
[2021.02.05-13.41.59:256][  0]LogConfig: Setting CVar [[s.PriorityAsyncLoadingExtraTime:15.0]]
[2021.02.05-13.41.59:256][  0]LogConfig: Setting CVar [[s.LevelStreamingActorsUpdateTimeLimit:5.0]]
[2021.02.05-13.41.59:256][  0]LogConfig: Setting CVar [[s.PriorityLevelStreamingActorsUpdateExtraTime:5.0]]
[2021.02.05-13.41.59:256][  0]LogConfig: Setting CVar [[s.LevelStreamingComponentsRegistrationGranularity:10]]
[2021.02.05-13.41.59:256][  0]LogConfig: Setting CVar [[s.UnregisterComponentsTimeLimit:1.0]]
[2021.02.05-13.41.59:256][  0]LogConfig: Setting CVar [[s.LevelStreamingComponentsUnregistrationGranularity:5]]
[2021.02.05-13.41.59:256][  0]LogConfig: Setting CVar [[s.FlushStreamingOnExit:1]]
[2021.02.05-13.41.59:256][  0]LogConfig: Applying CVar settings from Section [/Script/Engine.GarbageCollectionSettings] File [C:/Users/Morgan/Desktop/UnrealAnimationPracticeVids/UnrealAnimationPracticeVids/MyProject/Saved/Config/Windows/Engine.ini]
[2021.02.05-13.41.59:256][  0]LogConfig: Setting CVar [[gc.MaxObjectsNotConsideredByGC:1]]
[2021.02.05-13.41.59:256][  0]LogConfig: Setting CVar [[gc.SizeOfPermanentObjectPool:0]]
[2021.02.05-13.41.59:256][  0]LogConfig: Setting CVar [[gc.FlushStreamingOnGC:0]]
[2021.02.05-13.41.59:256][  0]LogConfig: Setting CVar [[gc.NumRetriesBeforeForcingGC:10]]
[2021.02.05-13.41.59:256][  0]LogConfig: Setting CVar [[gc.AllowParallelGC:1]]
[2021.02.05-13.41.59:256][  0]LogConfig: Setting CVar [[gc.TimeBetweenPurgingPendingKillObjects:61.1]]
[2021.02.05-13.41.59:257][  0]LogConfig: Setting CVar [[gc.MaxObjectsInEditor:25165824]]
[2021.02.05-13.41.59:257][  0]LogConfig: Setting CVar [[gc.IncrementalBeginDestroyEnabled:1]]
[2021.02.05-13.41.59:257][  0]LogConfig: Setting CVar [[gc.CreateGCClusters:1]]
[2021.02.05-13.41.59:257][  0]LogConfig: Setting CVar [[gc.MinGCClusterSize:5]]
[2021.02.05-13.41.59:257][  0]LogConfig: Setting CVar [[gc.ActorClusteringEnabled:0]]
[2021.02.05-13.41.59:257][  0]LogConfig: Setting CVar [[gc.BlueprintClusteringEnabled:0]]
[2021.02.05-13.41.59:257][  0]LogConfig: Setting CVar [[gc.UseDisregardForGCOnDedicatedServers:0]]
[2021.02.05-13.41.59:257][  0]LogConfig: Applying CVar settings from Section [/Script/Engine.NetworkSettings] File [C:/Users/Morgan/Desktop/UnrealAnimationPracticeVids/UnrealAnimationPracticeVids/MyProject/Saved/Config/Windows/Engine.ini]
[2021.02.05-13.41.59:257][  0]LogConfig: Applying CVar settings from Section [/Script/UnrealEd.CookerSettings] File [C:/Users/Morgan/Desktop/UnrealAnimationPracticeVids/UnrealAnimationPracticeVids/MyProject/Saved/Config/Windows/Engine.ini]
[2021.02.05-13.41.59:263][  0]LogConfig: Applying CVar settings from Section [ViewDistanceQuality@3] File [C:/Users/Morgan/Desktop/UnrealAnimationPracticeVids/UnrealAnimationPracticeVids/MyProject/Saved/Config/Windows/Scalability.ini]
[2021.02.05-13.41.59:263][  0]LogConfig: Setting CVar [[r.SkeletalMeshLODBias:0]]
[2021.02.05-13.41.59:263][  0]LogConfig: Setting CVar [[r.ViewDistanceScale:1.0]]
[2021.02.05-13.41.59:263][  0]LogConfig: Applying CVar settings from Section [AntiAliasingQuality@3] File [C:/Users/Morgan/Desktop/UnrealAnimationPracticeVids/UnrealAnimationPracticeVids/MyProject/Saved/Config/Windows/Scalability.ini]
[2021.02.05-13.41.59:263][  0]LogConfig: Setting CVar [[r.PostProcessAAQuality:4]]
[2021.02.05-13.41.59:263][  0]LogConfig: Applying CVar settings from Section [ShadowQuality@3] File [C:/Users/Morgan/Desktop/UnrealAnimationPracticeVids/UnrealAnimationPracticeVids/MyProject/Saved/Config/Windows/Scalability.ini]
[2021.02.05-13.41.59:263][  0]LogConfig: Setting CVar [[r.LightFunctionQuality:1]]
[2021.02.05-13.41.59:263][  0]LogConfig: Setting CVar [[r.ShadowQuality:5]]
[2021.02.05-13.41.59:263][  0]LogConfig: Setting CVar [[r.Shadow.CSM.MaxCascades:10]]
[2021.02.05-13.41.59:263][  0]LogConfig: Setting CVar [[r.Shadow.MaxResolution:2048]]
[2021.02.05-13.41.59:263][  0]LogConfig: Setting CVar [[r.Shadow.MaxCSMResolution:2048]]
[2021.02.05-13.41.59:263][  0]LogConfig: Setting CVar [[r.Shadow.RadiusThreshold:0.01]]
[2021.02.05-13.41.59:263][  0]LogConfig: Setting CVar [[r.Shadow.DistanceScale:1.0]]
[2021.02.05-13.41.59:263][  0]LogConfig: Setting CVar [[r.Shadow.CSM.TransitionScale:1.0]]
[2021.02.05-13.41.59:263][  0]LogConfig: Setting CVar [[r.Shadow.PreShadowResolutionFactor:1.0]]
[2021.02.05-13.41.59:263][  0]LogConfig: Setting CVar [[r.DistanceFieldShadowing:1]]
[2021.02.05-13.41.59:263][  0]LogConfig: Setting CVar [[r.DistanceFieldAO:1]]
[2021.02.05-13.41.59:263][  0]LogConfig: Setting CVar [[r.AOQuality:2]]
[2021.02.05-13.41.59:264][  0]LogConfig: Setting CVar [[r.VolumetricFog:1]]
[2021.02.05-13.41.59:264][  0]LogConfig: Setting CVar [[r.VolumetricFog.GridPixelSize:8]]
[2021.02.05-13.41.59:264][  0]LogConfig: Setting CVar [[r.VolumetricFog.GridSizeZ:128]]
[2021.02.05-13.41.59:264][  0]LogConfig: Setting CVar [[r.VolumetricFog.HistoryMissSupersampleCount:4]]
[2021.02.05-13.41.59:264][  0]LogConfig: Setting CVar [[r.LightMaxDrawDistanceScale:1]]
[2021.02.05-13.41.59:264][  0]LogConfig: Setting CVar [[r.CapsuleShadows:1]]
[2021.02.05-13.41.59:264][  0]LogConfig: Applying CVar settings from Section [PostProcessQuality@3] File [C:/Users/Morgan/Desktop/UnrealAnimationPracticeVids/UnrealAnimationPracticeVids/MyProject/Saved/Config/Windows/Scalability.ini]
[2021.02.05-13.41.59:264][  0]LogConfig: Setting CVar [[r.MotionBlurQuality:4]]
[2021.02.05-13.41.59:264][  0]LogConfig: Setting CVar [[r.AmbientOcclusionMipLevelFactor:0.4]]
[2021.02.05-13.41.59:264][  0]LogConfig: Setting CVar [[r.AmbientOcclusionMaxQuality:100]]
[2021.02.05-13.41.59:264][  0]LogConfig: Setting CVar [[r.AmbientOcclusionLevels:-1]]
[2021.02.05-13.41.59:264][  0]LogConfig: Setting CVar [[r.AmbientOcclusionRadiusScale:1.0]]
[2021.02.05-13.41.59:264][  0]LogConfig: Setting CVar [[r.DepthOfFieldQuality:2]]
[2021.02.05-13.41.59:264][  0]LogConfig: Setting CVar [[r.RenderTargetPoolMin:400]]
[2021.02.05-13.41.59:264][  0]LogConfig: Setting CVar [[r.LensFlareQuality:2]]
[2021.02.05-13.41.59:264][  0]LogConfig: Setting CVar [[r.SceneColorFringeQuality:1]]
[2021.02.05-13.41.59:264][  0]LogConfig: Setting CVar [[r.EyeAdaptationQuality:2]]
[2021.02.05-13.41.59:264][  0]LogConfig: Setting CVar [[r.BloomQuality:5]]
[2021.02.05-13.41.59:264][  0]LogConfig: Setting CVar [[r.FastBlurThreshold:100]]
[2021.02.05-13.41.59:264][  0]LogConfig: Setting CVar [[r.Upscale.Quality:3]]
[2021.02.05-13.41.59:264][  0]LogConfig: Setting CVar [[r.Tonemapper.GrainQuantization:1]]
[2021.02.05-13.41.59:264][  0]LogConfig: Setting CVar [[r.LightShaftQuality:1]]
[2021.02.05-13.41.59:264][  0]LogConfig: Setting CVar [[r.Filter.SizeScale:1]]
[2021.02.05-13.41.59:264][  0]LogConfig: Setting CVar [[r.Tonemapper.Quality:5]]
[2021.02.05-13.41.59:265][  0]LogConfig: Setting CVar [[r.DOF.Gather.AccumulatorQuality:1        ; higher gathering accumulator quality]]
[2021.02.05-13.41.59:265][  0]LogConfig: Setting CVar [[r.DOF.Gather.PostfilterMethod:1          ; Median3x3 postfilering method]]
[2021.02.05-13.41.59:265][  0]LogConfig: Setting CVar [[r.DOF.Gather.EnableBokehSettings:0       ; no bokeh simulation when gathering]]
[2021.02.05-13.41.59:265][  0]LogConfig: Setting CVar [[r.DOF.Gather.RingCount:4                 ; medium number of samples when gathering]]
[2021.02.05-13.41.59:265][  0]LogConfig: Setting CVar [[r.DOF.Scatter.ForegroundCompositing:1    ; additive foreground scattering]]
[2021.02.05-13.41.59:265][  0]LogConfig: Setting CVar [[r.DOF.Scatter.BackgroundCompositing:2    ; additive background scattering]]
[2021.02.05-13.41.59:265][  0]LogConfig: Setting CVar [[r.DOF.Scatter.EnableBokehSettings:1      ; bokeh simulation when scattering]]
[2021.02.05-13.41.59:265][  0]LogConfig: Setting CVar [[r.DOF.Scatter.MaxSpriteRatio:0.1         ; only a maximum of 10% of scattered bokeh]]
[2021.02.05-13.41.59:265][  0]LogConfig: Setting CVar [[r.DOF.Recombine.Quality:1                ; cheap slight out of focus]]
[2021.02.05-13.41.59:265][  0]LogConfig: Setting CVar [[r.DOF.Recombine.EnableBokehSettings:0    ; no bokeh simulation on slight out of focus]]
[2021.02.05-13.41.59:265][  0]LogConfig: Setting CVar [[r.DOF.TemporalAAQuality:1                ; more stable temporal accumulation]]
[2021.02.05-13.41.59:265][  0]LogConfig: Setting CVar [[r.DOF.Kernel.MaxForegroundRadius:0.025]]
[2021.02.05-13.41.59:265][  0]LogConfig: Setting CVar [[r.DOF.Kernel.MaxBackgroundRadius:0.025]]
[2021.02.05-13.41.59:265][  0]LogConfig: Applying CVar settings from Section [TextureQuality@3] File [C:/Users/Morgan/Desktop/UnrealAnimationPracticeVids/UnrealAnimationPracticeVids/MyProject/Saved/Config/Windows/Scalability.ini]
[2021.02.05-13.41.59:265][  0]LogConfig: Setting CVar [[r.Streaming.MipBias:0]]
[2021.02.05-13.41.59:265][  0]LogConfig: Setting CVar [[r.Streaming.AmortizeCPUToGPUCopy:0]]
[2021.02.05-13.41.59:265][  0]LogConfig: Setting CVar [[r.Streaming.MaxNumTexturesToStreamPerFrame:0]]
[2021.02.05-13.41.59:265][  0]LogConfig: Setting CVar [[r.Streaming.Boost:1]]
[2021.02.05-13.41.59:265][  0]LogConfig: Setting CVar [[r.MaxAnisotropy:8]]
[2021.02.05-13.41.59:265][  0]LogConfig: Setting CVar [[r.VT.MaxAnisotropy:8]]
[2021.02.05-13.41.59:265][  0]LogConfig: Setting CVar [[r.Streaming.LimitPoolSizeToVRAM:0]]
[2021.02.05-13.41.59:265][  0]LogConfig: Setting CVar [[r.Streaming.PoolSize:1000]]
[2021.02.05-13.41.59:265][  0]LogConfig: Setting CVar [[r.Streaming.MaxEffectiveScreenSize:0]]
[2021.02.05-13.41.59:265][  0]LogConfig: Applying CVar settings from Section [EffectsQuality@3] File [C:/Users/Morgan/Desktop/UnrealAnimationPracticeVids/UnrealAnimationPracticeVids/MyProject/Saved/Config/Windows/Scalability.ini]
[2021.02.05-13.41.59:266][  0]LogConfig: Setting CVar [[r.TranslucencyLightingVolumeDim:64]]
[2021.02.05-13.41.59:266][  0]LogConfig: Setting CVar [[r.RefractionQuality:2]]
[2021.02.05-13.41.59:266][  0]LogConfig: Setting CVar [[r.SSR.Quality:3]]
[2021.02.05-13.41.59:266][  0]LogConfig: Setting CVar [[r.SSR.HalfResSceneColor:0]]
[2021.02.05-13.41.59:266][  0]LogConfig: Setting CVar [[r.SceneColorFormat:4]]
[2021.02.05-13.41.59:266][  0]LogConfig: Setting CVar [[r.DetailMode:2]]
[2021.02.05-13.41.59:266][  0]LogConfig: Setting CVar [[r.TranslucencyVolumeBlur:1]]
[2021.02.05-13.41.59:266][  0]LogConfig: Setting CVar [[r.MaterialQualityLevel:1 ; High quality]]
[2021.02.05-13.41.59:266][  0]LogConfig: Setting CVar [[r.SSS.Scale:1]]
[2021.02.05-13.41.59:266][  0]LogConfig: Setting CVar [[r.SSS.SampleSet:2]]
[2021.02.05-13.41.59:266][  0]LogConfig: Setting CVar [[r.SSS.Quality:1]]
[2021.02.05-13.41.59:266][  0]LogConfig: Setting CVar [[r.SSS.HalfRes:0]]
[2021.02.05-13.41.59:266][  0]LogConfig: Setting CVar [[r.SSGI.Quality:3]]
[2021.02.05-13.41.59:266][  0]LogConfig: Setting CVar [[r.EmitterSpawnRateScale:1.0]]
[2021.02.05-13.41.59:266][  0]LogConfig: Setting CVar [[r.ParticleLightQuality:2]]
[2021.02.05-13.41.59:266][  0]LogConfig: Setting CVar [[r.SkyAtmosphere.AerialPerspectiveLUT.FastApplyOnOpaque:1 ; Always have FastSkyLUT 1 in this case to avoid wrong sky]]
[2021.02.05-13.41.59:266][  0]LogConfig: Setting CVar [[r.SkyAtmosphere.AerialPerspectiveLUT.SampleCountPerSlice:1]]
[2021.02.05-13.41.59:266][  0]LogConfig: Setting CVar [[r.SkyAtmosphere.AerialPerspectiveLUT.DepthResolution:16.0]]
[2021.02.05-13.41.59:266][  0]LogConfig: Setting CVar [[r.SkyAtmosphere.FastSkyLUT:1]]
[2021.02.05-13.41.59:266][  0]LogConfig: Setting CVar [[r.SkyAtmosphere.FastSkyLUT.SampleCountMin:4.0]]
[2021.02.05-13.41.59:266][  0]LogConfig: Setting CVar [[r.SkyAtmosphere.FastSkyLUT.SampleCountMax:32.0]]
[2021.02.05-13.41.59:266][  0]LogConfig: Setting CVar [[r.SkyAtmosphere.SampleCountMin:4.0]]
[2021.02.05-13.41.59:266][  0]LogConfig: Setting CVar [[r.SkyAtmosphere.SampleCountMax:32.0]]
[2021.02.05-13.41.59:266][  0]LogConfig: Setting CVar [[r.SkyAtmosphere.TransmittanceLUT.UseSmallFormat:0]]
[2021.02.05-13.41.59:266][  0]LogConfig: Setting CVar [[r.SkyAtmosphere.TransmittanceLUT.SampleCount:10.0]]
[2021.02.05-13.41.59:267][  0]LogConfig: Setting CVar [[r.SkyAtmosphere.MultiScatteringLUT.SampleCount:15.0]]
[2021.02.05-13.41.59:267][  0]LogConfig: Applying CVar settings from Section [FoliageQuality@3] File [C:/Users/Morgan/Desktop/UnrealAnimationPracticeVids/UnrealAnimationPracticeVids/MyProject/Saved/Config/Windows/Scalability.ini]
[2021.02.05-13.41.59:267][  0]LogConfig: Setting CVar [[foliage.DensityScale:1.0]]
[2021.02.05-13.41.59:267][  0]LogConfig: Setting CVar [[grass.DensityScale:1.0]]
[2021.02.05-13.41.59:267][  0]LogConfig: Applying CVar settings from Section [ShadingQuality@3] File [C:/Users/Morgan/Desktop/UnrealAnimationPracticeVids/UnrealAnimationPracticeVids/MyProject/Saved/Config/Windows/Scalability.ini]
[2021.02.05-13.41.59:267][  0]LogConfig: Setting CVar [[r.HairStrands.SkyLighting.SampleCount:16]]
[2021.02.05-13.41.59:267][  0]LogConfig: Setting CVar [[r.HairStrands.SkyLighting.JitterIntegration:0]]
[2021.02.05-13.41.59:267][  0]LogConfig: Setting CVar [[r.HairStrands.SkyAO.SampleCount:16]]
[2021.02.05-13.41.59:267][  0]LogConfig: Setting CVar [[r.HairStrands.DeepShadow.SuperSampling:0]]
[2021.02.05-13.41.59:267][  0]LogConfig: Setting CVar [[r.HairStrands.VisibilityPPLL:0]]
[2021.02.05-13.41.59:267][  0]LogConfig: Setting CVar [[r.HairStrands.RasterizationScale:0.5]]
[2021.02.05-13.41.59:267][  0]LogConfig: Setting CVar [[r.HairStrands.VelocityRasterizationScale:1]]
[2021.02.05-13.41.59:267][  0]LogInit: Selected Device Profile: [Windows]
[2021.02.05-13.41.59:267][  0]LogInit: Applying CVar settings loaded from the selected device profile: [Windows]
[2021.02.05-13.41.59:267][  0]LogHAL: Display: Platform has ~ 32 GB [34252365824 / 34359738368 / 32], which maps to Largest [LargestMinGB=32, LargerMinGB=12, DefaultMinGB=8, SmallerMinGB=6, SmallestMinGB=0)
[2021.02.05-13.41.59:267][  0]LogInit: Going up to parent DeviceProfile []
[2021.02.05-13.41.59:267][  0]LogConfig: Applying CVar settings from Section [ViewDistanceQuality@3] File [C:/Users/Morgan/Desktop/UnrealAnimationPracticeVids/UnrealAnimationPracticeVids/MyProject/Saved/Config/Windows/Scalability.ini]
[2021.02.05-13.41.59:267][  0]LogConfig: Setting CVar [[r.SkeletalMeshLODBias:0]]
[2021.02.05-13.41.59:267][  0]LogConfig: Setting CVar [[r.ViewDistanceScale:1.0]]
[2021.02.05-13.41.59:267][  0]LogConfig: Applying CVar settings from Section [AntiAliasingQuality@3] File [C:/Users/Morgan/Desktop/UnrealAnimationPracticeVids/UnrealAnimationPracticeVids/MyProject/Saved/Config/Windows/Scalability.ini]
[2021.02.05-13.41.59:267][  0]LogConfig: Setting CVar [[r.PostProcessAAQuality:4]]
[2021.02.05-13.41.59:268][  0]LogConfig: Applying CVar settings from Section [ShadowQuality@3] File [C:/Users/Morgan/Desktop/UnrealAnimationPracticeVids/UnrealAnimationPracticeVids/MyProject/Saved/Config/Windows/Scalability.ini]
[2021.02.05-13.41.59:268][  0]LogConfig: Setting CVar [[r.LightFunctionQuality:1]]
[2021.02.05-13.41.59:268][  0]LogConfig: Setting CVar [[r.ShadowQuality:5]]
[2021.02.05-13.41.59:268][  0]LogConfig: Setting CVar [[r.Shadow.CSM.MaxCascades:10]]
[2021.02.05-13.41.59:268][  0]LogConfig: Setting CVar [[r.Shadow.MaxResolution:2048]]
[2021.02.05-13.41.59:268][  0]LogConfig: Setting CVar [[r.Shadow.MaxCSMResolution:2048]]
[2021.02.05-13.41.59:268][  0]LogConfig: Setting CVar [[r.Shadow.RadiusThreshold:0.01]]
[2021.02.05-13.41.59:268][  0]LogConfig: Setting CVar [[r.Shadow.DistanceScale:1.0]]
[2021.02.05-13.41.59:268][  0]LogConfig: Setting CVar [[r.Shadow.CSM.TransitionScale:1.0]]
[2021.02.05-13.41.59:268][  0]LogConfig: Setting CVar [[r.Shadow.PreShadowResolutionFactor:1.0]]
[2021.02.05-13.41.59:268][  0]LogConfig: Setting CVar [[r.DistanceFieldShadowing:1]]
[2021.02.05-13.41.59:268][  0]LogConfig: Setting CVar [[r.DistanceFieldAO:1]]
[2021.02.05-13.41.59:268][  0]LogConfig: Setting CVar [[r.AOQuality:2]]
[2021.02.05-13.41.59:268][  0]LogConfig: Setting CVar [[r.VolumetricFog:1]]
[2021.02.05-13.41.59:268][  0]LogConfig: Setting CVar [[r.VolumetricFog.GridPixelSize:8]]
[2021.02.05-13.41.59:268][  0]LogConfig: Setting CVar [[r.VolumetricFog.GridSizeZ:128]]
[2021.02.05-13.41.59:268][  0]LogConfig: Setting CVar [[r.VolumetricFog.HistoryMissSupersampleCount:4]]
[2021.02.05-13.41.59:268][  0]LogConfig: Setting CVar [[r.LightMaxDrawDistanceScale:1]]
[2021.02.05-13.41.59:268][  0]LogConfig: Setting CVar [[r.CapsuleShadows:1]]
[2021.02.05-13.41.59:268][  0]LogConfig: Applying CVar settings from Section [PostProcessQuality@3] File [C:/Users/Morgan/Desktop/UnrealAnimationPracticeVids/UnrealAnimationPracticeVids/MyProject/Saved/Config/Windows/Scalability.ini]
[2021.02.05-13.41.59:268][  0]LogConfig: Setting CVar [[r.MotionBlurQuality:4]]
[2021.02.05-13.41.59:268][  0]LogConfig: Setting CVar [[r.AmbientOcclusionMipLevelFactor:0.4]]
[2021.02.05-13.41.59:268][  0]LogConfig: Setting CVar [[r.AmbientOcclusionMaxQuality:100]]
[2021.02.05-13.41.59:268][  0]LogConfig: Setting CVar [[r.AmbientOcclusionLevels:-1]]
[2021.02.05-13.41.59:268][  0]LogConfig: Setting CVar [[r.AmbientOcclusionRadiusScale:1.0]]
[2021.02.05-13.41.59:269][  0]LogConfig: Setting CVar [[r.DepthOfFieldQuality:2]]
[2021.02.05-13.41.59:269][  0]LogConfig: Setting CVar [[r.RenderTargetPoolMin:400]]
[2021.02.05-13.41.59:269][  0]LogConfig: Setting CVar [[r.LensFlareQuality:2]]
[2021.02.05-13.41.59:269][  0]LogConfig: Setting CVar [[r.SceneColorFringeQuality:1]]
[2021.02.05-13.41.59:269][  0]LogConfig: Setting CVar [[r.EyeAdaptationQuality:2]]
[2021.02.05-13.41.59:269][  0]LogConfig: Setting CVar [[r.BloomQuality:5]]
[2021.02.05-13.41.59:269][  0]LogConfig: Setting CVar [[r.FastBlurThreshold:100]]
[2021.02.05-13.41.59:269][  0]LogConfig: Setting CVar [[r.Upscale.Quality:3]]
[2021.02.05-13.41.59:269][  0]LogConfig: Setting CVar [[r.Tonemapper.GrainQuantization:1]]
[2021.02.05-13.41.59:269][  0]LogConfig: Setting CVar [[r.LightShaftQuality:1]]
[2021.02.05-13.41.59:269][  0]LogConfig: Setting CVar [[r.Filter.SizeScale:1]]
[2021.02.05-13.41.59:269][  0]LogConfig: Setting CVar [[r.Tonemapper.Quality:5]]
[2021.02.05-13.41.59:269][  0]LogConfig: Setting CVar [[r.DOF.Gather.AccumulatorQuality:1        ; higher gathering accumulator quality]]
[2021.02.05-13.41.59:269][  0]LogConfig: Setting CVar [[r.DOF.Gather.PostfilterMethod:1          ; Median3x3 postfilering method]]
[2021.02.05-13.41.59:269][  0]LogConfig: Setting CVar [[r.DOF.Gather.EnableBokehSettings:0       ; no bokeh simulation when gathering]]
[2021.02.05-13.41.59:269][  0]LogConfig: Setting CVar [[r.DOF.Gather.RingCount:4                 ; medium number of samples when gathering]]
[2021.02.05-13.41.59:269][  0]LogConfig: Setting CVar [[r.DOF.Scatter.ForegroundCompositing:1    ; additive foreground scattering]]
[2021.02.05-13.41.59:269][  0]LogConfig: Setting CVar [[r.DOF.Scatter.BackgroundCompositing:2    ; additive background scattering]]
[2021.02.05-13.41.59:269][  0]LogConfig: Setting CVar [[r.DOF.Scatter.EnableBokehSettings:1      ; bokeh simulation when scattering]]
[2021.02.05-13.41.59:269][  0]LogConfig: Setting CVar [[r.DOF.Scatter.MaxSpriteRatio:0.1         ; only a maximum of 10% of scattered bokeh]]
[2021.02.05-13.41.59:269][  0]LogConfig: Setting CVar [[r.DOF.Recombine.Quality:1                ; cheap slight out of focus]]
[2021.02.05-13.41.59:269][  0]LogConfig: Setting CVar [[r.DOF.Recombine.EnableBokehSettings:0    ; no bokeh simulation on slight out of focus]]
[2021.02.05-13.41.59:269][  0]LogConfig: Setting CVar [[r.DOF.TemporalAAQuality:1                ; more stable temporal accumulation]]
[2021.02.05-13.41.59:270][  0]LogConfig: Setting CVar [[r.DOF.Kernel.MaxForegroundRadius:0.025]]
[2021.02.05-13.41.59:270][  0]LogConfig: Setting CVar [[r.DOF.Kernel.MaxBackgroundRadius:0.025]]
[2021.02.05-13.41.59:270][  0]LogConfig: Applying CVar settings from Section [TextureQuality@3] File [C:/Users/Morgan/Desktop/UnrealAnimationPracticeVids/UnrealAnimationPracticeVids/MyProject/Saved/Config/Windows/Scalability.ini]
[2021.02.05-13.41.59:270][  0]LogConfig: Setting CVar [[r.Streaming.MipBias:0]]
[2021.02.05-13.41.59:270][  0]LogConfig: Setting CVar [[r.Streaming.AmortizeCPUToGPUCopy:0]]
[2021.02.05-13.41.59:270][  0]LogConfig: Setting CVar [[r.Streaming.MaxNumTexturesToStreamPerFrame:0]]
[2021.02.05-13.41.59:270][  0]LogConfig: Setting CVar [[r.Streaming.Boost:1]]
[2021.02.05-13.41.59:270][  0]LogConfig: Setting CVar [[r.MaxAnisotropy:8]]
[2021.02.05-13.41.59:270][  0]LogConfig: Setting CVar [[r.VT.MaxAnisotropy:8]]
[2021.02.05-13.41.59:270][  0]LogConfig: Setting CVar [[r.Streaming.LimitPoolSizeToVRAM:0]]
[2021.02.05-13.41.59:270][  0]LogConfig: Setting CVar [[r.Streaming.PoolSize:1000]]
[2021.02.05-13.41.59:270][  0]LogConfig: Setting CVar [[r.Streaming.MaxEffectiveScreenSize:0]]
[2021.02.05-13.41.59:270][  0]LogConfig: Applying CVar settings from Section [EffectsQuality@3] File [C:/Users/Morgan/Desktop/UnrealAnimationPracticeVids/UnrealAnimationPracticeVids/MyProject/Saved/Config/Windows/Scalability.ini]
[2021.02.05-13.41.59:270][  0]LogConfig: Setting CVar [[r.TranslucencyLightingVolumeDim:64]]
[2021.02.05-13.41.59:270][  0]LogConfig: Setting CVar [[r.RefractionQuality:2]]
[2021.02.05-13.41.59:270][  0]LogConfig: Setting CVar [[r.SSR.Quality:3]]
[2021.02.05-13.41.59:270][  0]LogConfig: Setting CVar [[r.SSR.HalfResSceneColor:0]]
[2021.02.05-13.41.59:270][  0]LogConfig: Setting CVar [[r.SceneColorFormat:4]]
[2021.02.05-13.41.59:270][  0]LogConfig: Setting CVar [[r.DetailMode:2]]
[2021.02.05-13.41.59:270][  0]LogConfig: Setting CVar [[r.TranslucencyVolumeBlur:1]]
[2021.02.05-13.41.59:270][  0]LogConfig: Setting CVar [[r.MaterialQualityLevel:1 ; High quality]]
[2021.02.05-13.41.59:270][  0]LogConfig: Setting CVar [[r.SSS.Scale:1]]
[2021.02.05-13.41.59:270][  0]LogConfig: Setting CVar [[r.SSS.SampleSet:2]]
[2021.02.05-13.41.59:270][  0]LogConfig: Setting CVar [[r.SSS.Quality:1]]
[2021.02.05-13.41.59:271][  0]LogConfig: Setting CVar [[r.SSS.HalfRes:0]]
[2021.02.05-13.41.59:271][  0]LogConfig: Setting CVar [[r.SSGI.Quality:3]]
[2021.02.05-13.41.59:271][  0]LogConfig: Setting CVar [[r.EmitterSpawnRateScale:1.0]]
[2021.02.05-13.41.59:271][  0]LogConfig: Setting CVar [[r.ParticleLightQuality:2]]
[2021.02.05-13.41.59:271][  0]LogConfig: Setting CVar [[r.SkyAtmosphere.AerialPerspectiveLUT.FastApplyOnOpaque:1 ; Always have FastSkyLUT 1 in this case to avoid wrong sky]]
[2021.02.05-13.41.59:271][  0]LogConfig: Setting CVar [[r.SkyAtmosphere.AerialPerspectiveLUT.SampleCountPerSlice:1]]
[2021.02.05-13.41.59:271][  0]LogConfig: Setting CVar [[r.SkyAtmosphere.AerialPerspectiveLUT.DepthResolution:16.0]]
[2021.02.05-13.41.59:271][  0]LogConfig: Setting CVar [[r.SkyAtmosphere.FastSkyLUT:1]]
[2021.02.05-13.41.59:271][  0]LogConfig: Setting CVar [[r.SkyAtmosphere.FastSkyLUT.SampleCountMin:4.0]]
[2021.02.05-13.41.59:271][  0]LogConfig: Setting CVar [[r.SkyAtmosphere.FastSkyLUT.SampleCountMax:32.0]]
[2021.02.05-13.41.59:271][  0]LogConfig: Setting CVar [[r.SkyAtmosphere.SampleCountMin:4.0]]
[2021.02.05-13.41.59:271][  0]LogConfig: Setting CVar [[r.SkyAtmosphere.SampleCountMax:32.0]]
[2021.02.05-13.41.59:271][  0]LogConfig: Setting CVar [[r.SkyAtmosphere.TransmittanceLUT.UseSmallFormat:0]]
[2021.02.05-13.41.59:271][  0]LogConfig: Setting CVar [[r.SkyAtmosphere.TransmittanceLUT.SampleCount:10.0]]
[2021.02.05-13.41.59:271][  0]LogConfig: Setting CVar [[r.SkyAtmosphere.MultiScatteringLUT.SampleCount:15.0]]
[2021.02.05-13.41.59:271][  0]LogConfig: Applying CVar settings from Section [FoliageQuality@3] File [C:/Users/Morgan/Desktop/UnrealAnimationPracticeVids/UnrealAnimationPracticeVids/MyProject/Saved/Config/Windows/Scalability.ini]
[2021.02.05-13.41.59:271][  0]LogConfig: Setting CVar [[foliage.DensityScale:1.0]]
[2021.02.05-13.41.59:271][  0]LogConfig: Setting CVar [[grass.DensityScale:1.0]]
[2021.02.05-13.41.59:271][  0]LogConfig: Applying CVar settings from Section [ShadingQuality@3] File [C:/Users/Morgan/Desktop/UnrealAnimationPracticeVids/UnrealAnimationPracticeVids/MyProject/Saved/Config/Windows/Scalability.ini]
[2021.02.05-13.41.59:271][  0]LogConfig: Setting CVar [[r.HairStrands.SkyLighting.SampleCount:16]]
[2021.02.05-13.41.59:271][  0]LogConfig: Setting CVar [[r.HairStrands.SkyLighting.JitterIntegration:0]]
[2021.02.05-13.41.59:271][  0]LogConfig: Setting CVar [[r.HairStrands.SkyAO.SampleCount:16]]
[2021.02.05-13.41.59:271][  0]LogConfig: Setting CVar [[r.HairStrands.DeepShadow.SuperSampling:0]]
[2021.02.05-13.41.59:271][  0]LogConfig: Setting CVar [[r.HairStrands.VisibilityPPLL:0]]
[2021.02.05-13.41.59:271][  0]LogConfig: Setting CVar [[r.HairStrands.RasterizationScale:0.5]]
[2021.02.05-13.41.59:272][  0]LogConfig: Setting CVar [[r.HairStrands.VelocityRasterizationScale:1]]
[2021.02.05-13.41.59:272][  0]LogConfig: Applying CVar settings from Section [Startup] File [../../../Engine/Config/ConsoleVariables.ini]
[2021.02.05-13.41.59:272][  0]LogConfig: Setting CVar [[net.UseAdaptiveNetUpdateFrequency:0]]
[2021.02.05-13.41.59:272][  0]LogConfig: Setting CVar [[p.chaos.AllowCreatePhysxBodies:1]]
[2021.02.05-13.41.59:272][  0]LogConfig: Setting CVar [[fx.SkipVectorVMBackendOptimizations:1]]
[2021.02.05-13.41.59:272][  0]LogConfig: Applying CVar settings from Section [ConsoleVariables] File [C:/Users/Morgan/Desktop/UnrealAnimationPracticeVids/UnrealAnimationPracticeVids/MyProject/Saved/Config/Windows/Engine.ini]
[2021.02.05-13.41.59:272][  0]LogInit: Computer: DESKTOP-A1LV5LA
[2021.02.05-13.41.59:272][  0]LogInit: User: Morgan
[2021.02.05-13.41.59:272][  0]LogInit: CPU Page size=4096, Cores=10
[2021.02.05-13.41.59:272][  0]LogInit: High frequency timer resolution =10.000000 MHz
[2021.02.05-13.41.59:272][  0]LogMemory: Memory total: Physical=31.9GB (32GB approx)
[2021.02.05-13.41.59:272][  0]LogMemory: Platform Memory Stats for Windows
[2021.02.05-13.41.59:272][  0]LogMemory: Process Physical Memory: 118.98 MB used, 118.99 MB peak
[2021.02.05-13.41.59:272][  0]LogMemory: Process Virtual Memory: 107.55 MB used, 107.55 MB peak
[2021.02.05-13.41.59:273][  0]LogMemory: Physical Memory: 12145.22 MB used,  20520.38 MB free, 32665.60 MB total
[2021.02.05-13.41.59:273][  0]LogMemory: Virtual Memory: 5217.39 MB used,  134212512.00 MB free, 134217728.00 MB total
[2021.02.05-13.41.59:281][  0]LogWindows: WindowsPlatformFeatures enabled
[2021.02.05-13.41.59:458][  0]LogInit: Physics initialised using underlying interface: PhysX
[2021.02.05-13.41.59:459][  0]LogInit: Using OS detected language (en-GB).
[2021.02.05-13.41.59:459][  0]LogInit: Using OS detected locale (en-GB).
[2021.02.05-13.41.59:466][  0]LogTextLocalizationManager: No specific localization for 'en-GB' exists, so the 'en' localization will be used.
[2021.02.05-13.41.59:618][  0]LogInit: Setting process to per monitor DPI aware
[2021.02.05-13.41.59:661][  0]LogSlate: New Slate User Created.  User Index 0, Is Virtual User: 0
[2021.02.05-13.41.59:661][  0]LogSlate: Slate User Registered.  User Index 0, Is Virtual User: 0
[2021.02.05-13.41.59:793][  0]LogHMD: Failed to initialize OpenVR with code 110
[2021.02.05-13.41.59:794][  0]LogD3D11RHI: D3D11 min allowed feature level: 11_0
[2021.02.05-13.41.59:794][  0]LogD3D11RHI: D3D11 max allowed feature level: 11_0
[2021.02.05-13.41.59:794][  0]LogD3D11RHI: D3D11 adapters:
[2021.02.05-13.41.59:908][  0]LogD3D11RHI:    0. 'NVIDIA GeForce RTX 3090' (Feature Level 11_0)
[2021.02.05-13.41.59:908][  0]LogD3D11RHI:       24348/0/16332 MB DedicatedVideo/DedicatedSystem/SharedSystem, Outputs:2, VendorId:0x10de
[2021.02.05-13.41.59:912][  0]LogD3D11RHI:    1. 'Microsoft Basic Render Driver' (Feature Level 11_0)
[2021.02.05-13.41.59:912][  0]LogD3D11RHI:       0/0/16332 MB DedicatedVideo/DedicatedSystem/SharedSystem, Outputs:0, VendorId:0x1414
[2021.02.05-13.41.59:912][  0]LogD3D11RHI: Chosen D3D11 Adapter: 0
[2021.02.05-13.41.59:919][  0]LogD3D11RHI: Creating new Direct3DDevice
[2021.02.05-13.41.59:919][  0]LogD3D11RHI:     GPU DeviceId: 0x2204 (for the marketing name, search the web for "GPU Device Id")
[2021.02.05-13.41.59:919][  0]LogWindows: EnumDisplayDevices:
[2021.02.05-13.41.59:920][  0]LogWindows:    0. 'NVIDIA GeForce RTX 3090' (P:1 D:1)
[2021.02.05-13.41.59:920][  0]LogWindows:    1. 'NVIDIA GeForce RTX 3090' (P:0 D:1)
[2021.02.05-13.41.59:920][  0]LogWindows:    2. 'NVIDIA GeForce RTX 3090' (P:0 D:0)
[2021.02.05-13.41.59:920][  0]LogWindows:    3. 'NVIDIA GeForce RTX 3090' (P:0 D:0)
[2021.02.05-13.41.59:921][  0]LogWindows: DebugString: FoundDriverCount:4 
[2021.02.05-13.41.59:921][  0]LogD3D11RHI:     Adapter Name: NVIDIA GeForce RTX 3090
[2021.02.05-13.41.59:921][  0]LogD3D11RHI:   Driver Version: 460.89 (internal:27.21.14.6089, unified:460.89)
[2021.02.05-13.41.59:921][  0]LogD3D11RHI:      Driver Date: 12-11-2020
[2021.02.05-13.41.59:921][  0]LogRHI: Texture pool is 17043 MB (70% of 24348 MB)
[2021.02.05-13.42.00:002][  0]LogD3D11RHI: RHI has support for 64 bit atomics
[2021.02.05-13.42.00:003][  0]LogD3D11RHI: Async texture creation enabled
[2021.02.05-13.42.00:003][  0]LogD3D11RHI: Array index from any shader is supported
[2021.02.05-13.42.00:023][  0]LogD3D11RHI: GPU Timing Frequency: 1000.000000 (Debug: 2 2)
[2021.02.05-13.42.00:320][  0]LogTargetPlatformManager: Display: Loaded TargetPlatform 'AllDesktop'
[2021.02.05-13.42.00:342][  0]LogTargetPlatformManager: Display: Loaded TargetPlatform 'Android'
[2021.02.05-13.42.00:342][  0]LogTargetPlatformManager: Display: Loaded TargetPlatform 'Android_ASTC'
[2021.02.05-13.42.00:342][  0]LogTargetPlatformManager: Display: Loaded TargetPlatform 'Android_DXT'
[2021.02.05-13.42.00:342][  0]LogTargetPlatformManager: Display: Loaded TargetPlatform 'Android_ETC2'
[2021.02.05-13.42.00:342][  0]LogTargetPlatformManager: Display: Loaded TargetPlatform 'AndroidClient'
[2021.02.05-13.42.00:343][  0]LogTargetPlatformManager: Display: Loaded TargetPlatform 'Android_ASTCClient'
[2021.02.05-13.42.00:343][  0]LogTargetPlatformManager: Display: Loaded TargetPlatform 'Android_DXTClient'
[2021.02.05-13.42.00:343][  0]LogTargetPlatformManager: Display: Loaded TargetPlatform 'Android_ETC2Client'
[2021.02.05-13.42.00:343][  0]LogTargetPlatformManager: Display: Loaded TargetPlatform 'Android_Multi'
[2021.02.05-13.42.00:343][  0]LogTargetPlatformManager: Display: Loaded TargetPlatform 'Android_MultiClient'
[2021.02.05-13.42.00:371][  0]LogTargetPlatformManager: Display: Loaded TargetPlatform 'IOSClient'
[2021.02.05-13.42.00:371][  0]LogTargetPlatformManager: Display: Loaded TargetPlatform 'IOS'
[2021.02.05-13.42.00:384][  0]LogTargetPlatformManager: Display: Loaded TargetPlatform 'Linux'
[2021.02.05-13.42.00:396][  0]LogTargetPlatformManager: Display: Loaded TargetPlatform 'LinuxNoEditor'
[2021.02.05-13.42.00:406][  0]LogTargetPlatformManager: Display: Loaded TargetPlatform 'LinuxClient'
[2021.02.05-13.42.00:417][  0]LogTargetPlatformManager: Display: Loaded TargetPlatform 'LinuxServer'
[2021.02.05-13.42.00:427][  0]LogTargetPlatformManager: Display: Loaded TargetPlatform 'LinuxAArch64NoEditor'
[2021.02.05-13.42.00:438][  0]LogTargetPlatformManager: Display: Loaded TargetPlatform 'LinuxAArch64Client'
[2021.02.05-13.42.00:449][  0]LogTargetPlatformManager: Display: Loaded TargetPlatform 'LinuxAArch64Server'
[2021.02.05-13.42.00:477][  0]LogTargetPlatformManager: Display: Loaded TargetPlatform 'Lumin'
[2021.02.05-13.42.00:477][  0]LogTargetPlatformManager: Display: Loaded TargetPlatform 'LuminClient'
[2021.02.05-13.42.00:495][  0]LogTargetPlatformManager: Display: Loaded TargetPlatform 'TVOSClient'
[2021.02.05-13.42.00:495][  0]LogTargetPlatformManager: Display: Loaded TargetPlatform 'TVOS'
[2021.02.05-13.42.00:506][  0]LogTargetPlatformManager: Display: Loaded TargetPlatform 'WindowsNoEditor'
[2021.02.05-13.42.00:517][  0]LogTargetPlatformManager: Display: Loaded TargetPlatform 'Windows'
[2021.02.05-13.42.00:528][  0]LogTargetPlatformManager: Display: Loaded TargetPlatform 'WindowsClient'
[2021.02.05-13.42.00:539][  0]LogTargetPlatformManager: Display: Loaded TargetPlatform 'WindowsServer'
[2021.02.05-13.42.00:539][  0]LogTargetPlatformManager: Display: Building Assets For Windows
[2021.02.05-13.42.00:552][  0]LogAudioDebug: Display: Lib vorbis DLL was dynamically loaded.
[2021.02.05-13.42.00:639][  0]LogShaderCompilers: Guid format shader working directory is -58 characters bigger than the processId version (../../../../../../Users/Morgan/Desktop/UnrealAnimationPracticeVids/UnrealAnimationPracticeVids/MyProject/Intermediate/Shaders/WorkingDirectory/33384/).
[2021.02.05-13.42.00:640][  0]LogShaderCompilers: Cleaned the shader compiler working directory 'C:/Users/Morgan/AppData/Local/Temp/UnrealShaderWorkingDir/52C724E44242422661835EBB525B869B/'.
[2021.02.05-13.42.00:640][  0]LogXGEController: Cleaning working directory: C:/Users/Morgan/AppData/Local/Temp/UnrealXGEWorkingDir/
[2021.02.05-13.42.00:640][  0]LogXGEController: Cannot use XGE Controller as Incredibuild is not installed on this machine.
[2021.02.05-13.42.00:640][  0]LogShaderCompilers: Cannot use XGE Shader Compiler as Incredibuild is not installed on this machine.
[2021.02.05-13.42.00:640][  0]LogShaderCompilers: Display: Using Local Shader Compiler.
[2021.02.05-13.42.01:376][  0]LogDerivedDataCache: Display: Max Cache Size: 512 MB
[2021.02.05-13.42.01:423][  0]LogDerivedDataCache: Loaded boot cache 0.05s 80MB C:/Users/Morgan/AppData/Local/UnrealEngine/4.25/DerivedDataCache/Boot.ddc.
[2021.02.05-13.42.01:423][  0]LogDerivedDataCache: Display: Loaded Boot cache: C:/Users/Morgan/AppData/Local/UnrealEngine/4.25/DerivedDataCache/Boot.ddc
[2021.02.05-13.42.01:423][  0]LogDerivedDataCache: FDerivedDataBackendGraph:  Pak pak cache file ../../../../../../Users/Morgan/Desktop/UnrealAnimationPracticeVids/UnrealAnimationPracticeVids/MyProject/DerivedDataCache/DDC.ddp not found, will not use a pak cache.
[2021.02.05-13.42.01:423][  0]LogDerivedDataCache: Unable to find inner node Pak for hierarchical cache Hierarchy.
[2021.02.05-13.42.01:424][  0]LogDerivedDataCache: FDerivedDataBackendGraph:  CompressedPak pak cache file ../../../../../../Users/Morgan/Desktop/UnrealAnimationPracticeVids/UnrealAnimationPracticeVids/MyProject/DerivedDataCache/Compressed.ddp not found, will not use a pak cache.
[2021.02.05-13.42.01:424][  0]LogDerivedDataCache: Unable to find inner node CompressedPak for hierarchical cache Hierarchy.
[2021.02.05-13.42.01:433][  0]LogDerivedDataCache: Display: Pak cache opened for reading ../../../Engine/DerivedDataCache/Compressed.ddp.
[2021.02.05-13.42.01:433][  0]LogDerivedDataCache: FDerivedDataBackendGraph:  EnterprisePak pak cache file ../../../Enterprise/DerivedDataCache/Compressed.ddp not found, will not use a pak cache.
[2021.02.05-13.42.01:433][  0]LogDerivedDataCache: Unable to find inner node EnterprisePak for hierarchical cache Hierarchy.
[2021.02.05-13.42.01:435][  0]LogDerivedDataCache: Using Local data cache path C:/Users/Morgan/AppData/Local/UnrealEngine/Common/DerivedDataCache: Writable
[2021.02.05-13.42.01:435][  0]LogDerivedDataCache: Shared data cache path not found in *engine.ini, will not use an Shared cache.
[2021.02.05-13.42.01:435][  0]LogDerivedDataCache: Unable to find inner node Shared for hierarchical cache Hierarchy.
[2021.02.05-13.42.01:484][  0]LogSlate: Using FreeType 2.10.0
[2021.02.05-13.42.01:485][  0]LogSlate: SlateFontServices - WITH_FREETYPE: 1, WITH_HARFBUZZ: 1
[2021.02.05-13.42.01:507][  0]LogAssetRegistry: FAssetRegistry took 0.0034 seconds to start up
[2021.02.05-13.42.01:714][  0]LogInit: Selected Device Profile: [Windows]
[2021.02.05-13.42.01:836][  0]LogMeshReduction: Using QuadricMeshReduction for automatic static mesh reduction
[2021.02.05-13.42.01:837][  0]LogMeshReduction: Using SimplygonMeshReduction for automatic skeletal mesh reduction
[2021.02.05-13.42.01:837][  0]LogMeshReduction: Using ProxyLODMeshReduction for automatic mesh merging
[2021.02.05-13.42.01:837][  0]LogMeshReduction: No distributed automatic mesh merging module available
[2021.02.05-13.42.01:837][  0]LogMeshMerging: No distributed automatic mesh merging module available
[2021.02.05-13.42.01:853][  0]LogNetVersion: MyProject 1.0.0, NetCL: 13144385, EngineNetVer: 14, GameNetVer: 0 (Checksum: 709303259)
[2021.02.05-13.42.02:210][  0]LogAISub: UAISubsystem::UAISubsystem AISubsystem (0000028AD4BEDCC0), frame # 0
[2021.02.05-13.42.02:210][  0]LogAISub: UAISubsystem::UAISubsystem AIPerceptionSystem (0000028AD4B451C0), frame # 0
[2021.02.05-13.42.02:211][  0]LogAISub: UAISubsystem::UAISubsystem EnvQueryManager (0000028AD4BC0800), frame # 0
[2021.02.05-13.42.02:268][  0]LogPackageLocalizationCache: Processed 20 localized package path(s) for 1 prioritized culture(s) in 0.051792 seconds
[2021.02.05-13.42.02:273][  0]LogUObjectArray: 15913 objects as part of root set at end of initial load.
[2021.02.05-13.42.02:273][  0]LogUObjectAllocator: 3964304 out of 0 bytes used by permanent object pool.
[2021.02.05-13.42.02:273][  0]LogUObjectArray: CloseDisregardForGC: 0/0 objects in disregard for GC pool
[2021.02.05-13.42.02:685][  0]LogTcpMessaging: Initializing TcpMessaging bridge
[2021.02.05-13.42.02:691][  0]LogUdpMessaging: Initializing bridge on interface 0.0.0.0:0 to multicast group 230.0.0.1:6666.
[2021.02.05-13.42.02:984][  0]SourceControl: Source control is disabled
[2021.02.05-13.42.02:984][  0]SourceControl: Source control is disabled
[2021.02.05-13.42.02:988][  0]SourceControl: Source control is disabled
[2021.02.05-13.42.02:993][  0]SourceControl: Source control is disabled
[2021.02.05-13.42.03:002][  0]SourceControl: Source control is disabled
[2021.02.05-13.42.03:333][  0]LogAndroidPermission: UAndroidPermissionCallbackProxy::GetInstance
[2021.02.05-13.42.03:361][  0]LogAudioCaptureCore: Display: No Audio Capture implementations found. Audio input will be silent.
[2021.02.05-13.42.03:362][  0]LogAudioCaptureCore: Display: No Audio Capture implementations found. Audio input will be silent.
[2021.02.05-13.42.03:420][  0]LogOcInput: OculusInput pre-init called
[2021.02.05-13.42.03:435][  0]LogWindows: Failed to load 'OVRPlugin.dll' (GetLastError=126)
[2021.02.05-13.42.03:435][  0]LogWindows: File 'OVRPlugin.dll' does not exist
[2021.02.05-13.42.03:691][  0]LogEngine: Initializing Engine...
[2021.02.05-13.42.03:692][  0]LogHMD: Failed to initialize OpenVR with code 110
[2021.02.05-13.42.03:692][  0]LogMagicLeap: Warning: VR disabled because ZI is not enabled.  To enable, in the editor, Edit -> Project Settings -> Plugins -> Magic Leap Plugin -> Enable Zero Iteration
[2021.02.05-13.42.03:693][  0]LogStats: UGameplayTagsManager::InitializeManager -  0.000 s
[2021.02.05-13.42.03:794][  0]LogInit: Initializing FReadOnlyCVARCache
[2021.02.05-13.42.03:802][  0]LogAIModule: Creating AISystem for world Untitled
[2021.02.05-13.42.03:802][  0]LogAISub: UAISubsystem::UAISubsystem EnvQueryManager (0000028ADF8AD600), frame # 0
[2021.02.05-13.42.03:802][  0]LogAISub: UAISubsystem::UAISubsystem AIPerceptionSystem (0000028ADF8C5F80), frame # 0
[2021.02.05-13.42.03:817][  0]LogAudioMixer: Display: Audio Mixer Platform Settings:
[2021.02.05-13.42.03:817][  0]LogAudioMixer: Display: 	Sample Rate:						  48000
[2021.02.05-13.42.03:817][  0]LogAudioMixer: Display: 	Callback Buffer Frame Size Requested: 1024
[2021.02.05-13.42.03:818][  0]LogAudioMixer: Display: 	Callback Buffer Frame Size To Use:	  1024
[2021.02.05-13.42.03:818][  0]LogAudioMixer: Display: 	Number of buffers to queue:			  2
[2021.02.05-13.42.03:818][  0]LogAudioMixer: Display: 	Max Channels (voices):				  32
[2021.02.05-13.42.03:818][  0]LogAudioMixer: Display: 	Number of Async Source Workers:		  0
[2021.02.05-13.42.03:818][  0]LogAudio: Display: AudioDevice MaxSources: 32
[2021.02.05-13.42.03:818][  0]LogAudio: Display: Using built-in audio occlusion.
[2021.02.05-13.42.03:818][  0]LogAudioMixer: Display: Initializing audio mixer.
[2021.02.05-13.42.03:835][  0]LogAudioMixer: Display: 0: FrontLeft
[2021.02.05-13.42.03:835][  0]LogAudioMixer: Display: 1: FrontRight
[2021.02.05-13.42.04:063][  0]LogAudioMixer: Display: Using Audio Device Speakers (Realtek(R) Audio)
[2021.02.05-13.42.04:065][  0]LogAudioMixer: Display: Initializing Sound Submixes...
[2021.02.05-13.42.04:067][  0]LogAudioMixer: Display: Creating Master Submix 'MasterSubmixDefault'
[2021.02.05-13.42.04:067][  0]LogAudioMixer: Display: Creating Master Submix 'MasterReverbSubmixDefault'
[2021.02.05-13.42.04:068][  0]LogAudioMixer: Display: Creating Master Submix 'MasterEQSubmixDefault'
[2021.02.05-13.42.04:070][  0]LogInit: FAudioDevice initialized.
[2021.02.05-13.42.04:070][  0]LogNetVersion: Set ProjectVersion to 1.0.0.0. Version Checksum will be recalculated on next use.
[2021.02.05-13.42.04:109][  0]LogDerivedDataCache: Saved boot cache 0.04s 80MB C:/Users/Morgan/AppData/Local/UnrealEngine/4.25/DerivedDataCache/Boot.ddc.
[2021.02.05-13.42.04:111][  0]LogInit: Texture streaming: Enabled
[2021.02.05-13.42.04:135][  0]LogEngineSessionManager: EngineSessionManager initialized
[2021.02.05-13.42.04:135][  0]LogEngineSessionManager: EngineSessionManager sent abnormal shutdown report. Type=Debugger, SessionId={4916F86A-48E4-5249-FEAA-E1AF8FC4F8DD}
[2021.02.05-13.42.04:136][  0]LogEditorSessionSummary: Verbose: Initializing EditorSessionSummaryWriter for editor session tracking
[2021.02.05-13.42.04:138][  0]LogEditorSessionSummary: EditorSessionSummaryWriter initialized
[2021.02.05-13.42.04:154][  0]LogInit: Transaction tracking system initialized
[2021.02.05-13.42.04:184][  0]BlueprintLog: New page: Editor Load
[2021.02.05-13.42.04:273][  0]LocalizationService: Localization service is disabled
[2021.02.05-13.42.04:442][  0]LogCook: Display: Max memory allowance for cook 16384mb min free memory 0mb
[2021.02.05-13.42.04:442][  0]LogCook: Display: Mobile HDR setting 1
[2021.02.05-13.42.04:483][  0]LogFileCache: Scanning file cache for directory 'C:/Users/Morgan/Desktop/UnrealAnimationPracticeVids/UnrealAnimationPracticeVids/MyProject/Content/' took 0.01s
[2021.02.05-13.42.04:759][  0]SourceControl: Source control is disabled
[2021.02.05-13.42.04:759][  0]LogUnrealEdMisc: Loading editor; pre map load, took 7.301
[2021.02.05-13.42.04:760][  0]LightingResults: New page: Lighting Build
[2021.02.05-13.42.04:761][  0]LogWorld: UWorld::CleanupWorld for Untitled, bSessionEnded=true, bCleanupResources=true
[2021.02.05-13.42.04:761][  0]LogSlate: InvalidateAllWidgets triggered.  All widgets were invalidated
[2021.02.05-13.42.04:761][  0]MapCheck: New page: Map Check
[2021.02.05-13.42.04:761][  0]LightingResults: New page: Lighting Build
[2021.02.05-13.42.04:777][  0]LogAISub: UAISubsystem::~UAISubsystem EnvQueryManager (0000028ADF8AD600), frame # 0
[2021.02.05-13.42.04:777][  0]LogAISub: UAISubsystem::~UAISubsystem AIPerceptionSystem (0000028ADF8C5F80), frame # 0
[2021.02.05-13.42.04:778][  0]LogUObjectHash: Compacting FUObjectHashTables data took   0.75ms
[2021.02.05-13.42.04:850][  0]LogAIModule: Creating AISystem for world ThirdPersonExampleMap
[2021.02.05-13.42.04:850][  0]LogAISub: UAISubsystem::UAISubsystem EnvQueryManager (0000028ACBAD7E00), frame # 0
[2021.02.05-13.42.04:851][  0]LogAISub: UAISubsystem::UAISubsystem AIPerceptionSystem (0000028AD9DD4E00), frame # 0
[2021.02.05-13.42.04:856][  0]LogEditorServer: Finished looking for orphan Actors (0.000 secs)
[2021.02.05-13.42.04:886][  0]LogUObjectHash: Compacting FUObjectHashTables data took   0.78ms
[2021.02.05-13.42.04:886][  0]Cmd: MAP CHECKDEP NOCLEARLOG
[2021.02.05-13.42.04:886][  0]MapCheck: Map check complete: 0 Error(s), 0 Warning(s), took 0.177ms to complete.
[2021.02.05-13.42.04:886][  0]LogFileHelpers: Loading map 'ThirdPersonExampleMap' took 0.127
[2021.02.05-13.42.04:889][  0]LogUnrealEdMisc: Total Editor Startup Time, took 7.431
[2021.02.05-13.42.05:040][  0]LogSlate: Updating window title bar state: overlay mode, drag disabled, window buttons hidden, title bar hidden
[2021.02.05-13.42.05:046][  0]LogSlate: Updating window title bar state: overlay mode, drag disabled, window buttons hidden, title bar hidden
[2021.02.05-13.42.05:052][  0]LogSlate: Updating window title bar state: overlay mode, drag disabled, window buttons hidden, title bar hidden
[2021.02.05-13.42.05:059][  0]LogSlate: Updating window title bar state: overlay mode, drag disabled, window buttons hidden, title bar hidden
[2021.02.05-13.42.05:066][  0]LogCollectionManager: Loaded 0 collections in 0.001464 seconds
[2021.02.05-13.42.05:083][  0]LogFileCache: Scanning file cache for directory 'C:/Users/Morgan/Desktop/UnrealAnimationPracticeVids/UnrealAnimationPracticeVids/MyProject/Saved/Collections/' took 0.00s
[2021.02.05-13.42.05:083][  0]LogFileCache: Scanning file cache for directory 'C:/Users/Morgan/Desktop/UnrealAnimationPracticeVids/UnrealAnimationPracticeVids/MyProject/Content/Developers/Morgan/Collections/' took 0.00s
[2021.02.05-13.42.05:083][  0]LogFileCache: Scanning file cache for directory 'C:/Users/Morgan/Desktop/UnrealAnimationPracticeVids/UnrealAnimationPracticeVids/MyProject/Content/Collections/' took 0.00s
[2021.02.05-13.42.05:083][  0]LogContentBrowser: Native class hierarchy populated in 0.0084 seconds. Added 3447 classes and 837 folders.
[2021.02.05-13.42.05:085][  0]LogContentBrowser: Native class hierarchy updated for 'WidgetCarousel' in 0.0004 seconds. Added 0 classes and 0 folders.
[2021.02.05-13.42.05:142][  0]LogContentBrowser: Native class hierarchy updated for 'AddContentDialog' in 0.0003 seconds. Added 0 classes and 0 folders.
[2021.02.05-13.42.05:143][  0]LogContentBrowser: Native class hierarchy updated for 'SceneOutliner' in 0.0003 seconds. Added 2 classes and 0 folders.
[2021.02.05-13.42.05:186][  0]LogSlate: Took 0.000219 seconds to synchronously load lazily loaded font '../../../Engine/Content/Slate/Fonts/Roboto-Regular.ttf' (155K)
[2021.02.05-13.42.05:190][  0]LogSlate: Took 0.000125 seconds to synchronously load lazily loaded font '../../../Engine/Content/Editor/Slate/Fonts/FontAwesome.ttf' (139K)
[2021.02.05-13.42.05:247][  0]LogRenderer: Reallocating scene render targets to support 2040x928 Format 10 NumSamples 1 (Frame:1).
[2021.02.05-13.42.05:327][  0]LogContentBrowser: Native class hierarchy updated for 'HierarchicalLODOutliner' in 0.0004 seconds. Added 0 classes and 0 folders.
[2021.02.05-13.42.05:327][  0]LogLoad: (Engine Initialization) Total time: 7.87 seconds
[2021.02.05-13.42.05:327][  0]LogLoad: (Engine Initialization) Total Blueprint compile time: 0.00 seconds
[2021.02.05-13.42.05:361][  0]LogAssetRegistry: Asset discovery search completed in 3.8553 seconds
[2021.02.05-13.42.05:364][  0]LogCollectionManager: Fixed up redirectors for 0 collections in 0.000002 seconds (updated 0 objects)
[2021.02.05-13.42.05:366][  0]LogContentStreaming: Texture pool size now 1000 MB
[2021.02.05-13.42.07:440][119]Candidate modules for hot reload:
[2021.02.05-13.42.07:440][119]  MyProject
[2021.02.05-13.42.07:440][119]Launching UnrealBuildTool... [C:/Program Files/Epic Games/UE_4.25/Engine/Binaries/DotNET/UnrealBuildTool.exe  -ModuleWithSuffix=MyProject,9979 MyProjectEditor Win64 Development -Project="C:/Users/Morgan/Desktop/UnrealAnimationPracticeVids/UnrealAnimationPracticeVids/MyProject/MyProject.uproject" "C:/Users/Morgan/Desktop/UnrealAnimationPracticeVids/UnrealAnimationPracticeVids/MyProject/MyProject.uproject"  -IgnoreJunk]
[2021.02.05-13.42.07:476][119]Warning: Starting HotReload took  0.1s.
[2021.02.05-13.42.09:122][205]CompilerResultsLog: New page: Compilation - 5 Feb 2021, 13:42:09
[2021.02.05-13.42.09:122][205]CompilerResultsLog: Using 'git status' to determine working set for adaptive non-unity build (C:\Users\Morgan\Desktop\UnrealAnimationPracticeVids\UnrealAnimationPracticeVids).
[2021.02.05-13.42.09:123][205]CompilerResultsLog: Building MyProjectEditor...
[2021.02.05-13.42.09:123][205]CompilerResultsLog: Using Visual Studio 2019 14.28.29336 toolchain (C:\Program Files (x86)\Microsoft Visual Studio\2019\Community\VC\Tools\MSVC\14.28.29333) and Windows 10.0.18362.0 SDK (C:\Program Files (x86)\Windows Kits\10).
[2021.02.05-13.42.09:123][205]CompilerResultsLog: [Upgrade]
[2021.02.05-13.42.09:123][205]CompilerResultsLog: [Upgrade] Using backward-compatible build settings. The latest version of UE4 sets the following values by default, which may require code changes:
[2021.02.05-13.42.09:123][205]CompilerResultsLog: [Upgrade]     bLegacyPublicIncludePaths = false                 => Omits subfolders from public include paths to reduce compiler command line length. (Previously: true).
[2021.02.05-13.42.09:123][205]CompilerResultsLog: [Upgrade]     ShadowVariableWarningLevel = WarningLevel.Error   => Treats shadowed variable warnings as errors. (Previously: WarningLevel.Warning).
[2021.02.05-13.42.09:123][205]CompilerResultsLog: [Upgrade]     PCHUsage = PCHUsageMode.UseExplicitOrSharedPCHs   => Set in build.cs files to enables IWYU-style PCH model. See https://docs.unrealengine.com/en-US/Programming/BuildTools/UnrealBuildTool/IWYU/index.html. (Previously: PCHUsageMode.UseSharedPCHs).
[2021.02.05-13.42.09:123][205]CompilerResultsLog: [Upgrade] Suppress this message by setting 'DefaultBuildSettings = BuildSettingsVersion.V2;' in MyProjectEditor.Target.cs, and explicitly overriding settings that differ from the new defaults.
[2021.02.05-13.42.09:124][205]CompilerResultsLog: [Upgrade]
[2021.02.05-13.42.09:124][205]CompilerResultsLog: Building 3 actions with 20 processes...
[2021.02.05-13.42.09:124][205]CompilerResultsLog:   [1/3] UE4Editor-MyProject-9979.lib
[2021.02.05-13.42.09:124][205]CompilerResultsLog:      Creating library C:\Users\Morgan\Desktop\UnrealAnimationPracticeVids\UnrealAnimationPracticeVids\MyProject\Intermediate\Build\Win64\UE4Editor\Development\MyProject\UE4Editor-MyProject-9979.lib and object C:\Users\Morgan\Desktop\UnrealAnimationPracticeVids\UnrealAnimationPracticeVids\MyProject\Intermediate\Build\Win64\UE4Editor\Development\MyProject\UE4Editor-MyProject-9979.exp
[2021.02.05-13.42.09:124][205]CompilerResultsLog:   [2/3] UE4Editor-MyProject-9979.dll
[2021.02.05-13.42.09:124][205]CompilerResultsLog:      Creating library C:\Users\Morgan\Desktop\UnrealAnimationPracticeVids\UnrealAnimationPracticeVids\MyProject\Intermediate\Build\Win64\UE4Editor\Development\MyProject\UE4Editor-MyProject-9979.suppressed.lib and object C:\Users\Morgan\Desktop\UnrealAnimationPracticeVids\UnrealAnimationPracticeVids\MyProject\Intermediate\Build\Win64\UE4Editor\Development\MyProject\UE4Editor-MyProject-9979.suppressed.exp
[2021.02.05-13.42.09:124][205]CompilerResultsLog:   [3/3] MyProjectEditor.target
[2021.02.05-13.42.09:124][205]CompilerResultsLog: Total time in Parallel executor: 0.90 seconds
[2021.02.05-13.42.09:124][205]CompilerResultsLog: Total execution time: 1.55 seconds
[2021.02.05-13.42.09:124][205]LogMainFrame: MainFrame: Module compiling took 1.693 seconds
[2021.02.05-13.42.09:146][205]LogClass: EAttackType HotReload.
[2021.02.05-13.42.09:146][205]LogClass: ELogOutput HotReload.
[2021.02.05-13.42.09:146][205]LogClass: ELogLevel HotReload.
[2021.02.05-13.42.09:146][205]LogClass: ELineTraceType HotReload.
[2021.02.05-13.42.09:147][205]LogClass: MeleeCollisionProfile HotReload.
[2021.02.05-13.42.09:147][205]LogClass: PlayerAttackMontage HotReload.
[2021.02.05-13.42.09:151][205]LogContentBrowser: Native class hierarchy updated for 'MyProject' in 0.0004 seconds. Added 8 classes and 3 folders.
[2021.02.05-13.42.09:153][205]Display: HotReload successful (16 functions remapped  2 scriptstructs remapped)
[2021.02.05-13.42.09:216][205]LogContentBrowser: Native class hierarchy populated in 0.0078 seconds. Added 3447 classes and 837 folders.
[2021.02.05-13.42.09:217][205]Display: HotReload took  1.8s.
[2021.02.05-13.42.11:273][330]LogEditorViewport: Clicking on Actor (LMB): ThirdPersonCharacter_C (ThirdPersonCharacter2)
[2021.02.05-13.42.12:060][369]LogSlate: Took 0.000154 seconds to synchronously load lazily loaded font '../../../Engine/Content/Slate/Fonts/Roboto-Light.ttf' (167K)
[2021.02.05-13.42.12:079][369]LogAssetEditorSubsystem: Opening Asset editor for Blueprint /Game/ThirdPersonCPP/Blueprints/ThirdPersonCharacter.ThirdPersonCharacter
[2021.02.05-13.42.12:294][369]LogContentBrowser: Native class hierarchy updated for 'BlueprintGraph' in 0.0006 seconds. Added 125 classes and 0 folders.
[2021.02.05-13.42.13:093][369]LogSlate: Took 0.000167 seconds to synchronously load lazily loaded font '../../../Engine/Content/Slate/Fonts/Roboto-BoldCondensed.ttf' (158K)
[2021.02.05-13.42.13:158][370]LogSlate: Took 0.000149 seconds to synchronously load lazily loaded font '../../../Engine/Content/Slate/Fonts/Roboto-Italic.ttf' (157K)
[2021.02.05-13.42.22:901][939]BlueprintLog: New page: Compile ThirdPersonCharacter
[2021.02.05-13.42.23:132][939]LogUObjectHash: Compacting FUObjectHashTables data took   1.85ms
[2021.02.05-13.42.23:217][939]LogSavePackage: Moving '../../../../../../Users/Morgan/Desktop/UnrealAnimationPracticeVids/UnrealAnimationPracticeVids/MyProject/Saved/ThirdPersonCharacter307F9E6C46643B7302654285DC86A55D.tmp' to '../../../../../../Users/Morgan/Desktop/UnrealAnimationPracticeVids/UnrealAnimationPracticeVids/MyProject/Content/ThirdPersonCPP/Blueprints/ThirdPersonCharacter.uasset'
[2021.02.05-13.42.23:229][939]AssetCheck: New page: Asset Save: ThirdPersonCharacter
[2021.02.05-13.42.23:229][939]LogContentValidation: Display: Validating Blueprint /Game/ThirdPersonCPP/Blueprints/ThirdPersonCharacter.ThirdPersonCharacter
[2021.02.05-13.42.23:288][939]LogSlate: Took 0.000113 seconds to synchronously load lazily loaded font '../../../Engine/Content/Slate/Fonts/DroidSansMono.ttf' (77K)
[2021.02.05-13.42.25:285][ 43]LogTemp: Repeating last play command: New Editor Window (PIE)
[2021.02.05-13.42.25:305][ 43]LogPlayLevel: PlayLevel: No blueprints needed recompiling
[2021.02.05-13.42.25:305][ 43]PIE: New page: PIE session: ThirdPersonExampleMap (5 Feb 2021, 13:42:25)
[2021.02.05-13.42.25:306][ 43]LogOnline: OSS: Creating online subsystem instance for: NULL
[2021.02.05-13.42.25:308][ 43]LogOnline: OSS: TryLoadSubsystemAndSetDefault: Loaded subsystem for module [NULL]
[2021.02.05-13.42.25:308][ 43]LogPlayLevel: Creating play world package: /Game/ThirdPersonCPP/Maps/UEDPIE_0_ThirdPersonExampleMap
[2021.02.05-13.42.25:319][ 43]LogPlayLevel: PIE: StaticDuplicateObject took: (0.010887s)
[2021.02.05-13.42.25:320][ 43]LogAIModule: Creating AISystem for world ThirdPersonExampleMap
[2021.02.05-13.42.25:320][ 43]LogAISub: UAISubsystem::UAISubsystem EnvQueryManager (0000028B30480200), frame # 1043
[2021.02.05-13.42.25:320][ 43]LogAISub: UAISubsystem::UAISubsystem AIPerceptionSystem (0000028B13BB7D80), frame # 1043
[2021.02.05-13.42.25:321][ 43]LogPlayLevel: PIE: World Init took: (0.001510s)
[2021.02.05-13.42.25:321][ 43]LogPlayLevel: PIE: Created PIE world by copying editor world from /Game/ThirdPersonCPP/Maps/ThirdPersonExampleMap.ThirdPersonExampleMap to /Game/ThirdPersonCPP/Maps/UEDPIE_0_ThirdPersonExampleMap.ThirdPersonExampleMap (0.012821s)
[2021.02.05-13.42.25:345][ 43]LogUObjectHash: Compacting FUObjectHashTables data took   1.82ms
[2021.02.05-13.42.25:347][ 43]LogAudioMixer: Display: Audio Mixer Platform Settings:
[2021.02.05-13.42.25:347][ 43]LogAudioMixer: Display: 	Sample Rate:						  48000
[2021.02.05-13.42.25:347][ 43]LogAudioMixer: Display: 	Callback Buffer Frame Size Requested: 1024
[2021.02.05-13.42.25:347][ 43]LogAudioMixer: Display: 	Callback Buffer Frame Size To Use:	  1024
[2021.02.05-13.42.25:347][ 43]LogAudioMixer: Display: 	Number of buffers to queue:			  2
[2021.02.05-13.42.25:347][ 43]LogAudioMixer: Display: 	Max Channels (voices):				  32
[2021.02.05-13.42.25:347][ 43]LogAudioMixer: Display: 	Number of Async Source Workers:		  0
[2021.02.05-13.42.25:347][ 43]LogAudio: Display: AudioDevice MaxSources: 32
[2021.02.05-13.42.25:347][ 43]LogAudio: Display: Using built-in audio occlusion.
[2021.02.05-13.42.25:347][ 43]LogAudioMixer: Display: Initializing audio mixer.
[2021.02.05-13.42.25:351][ 43]LogAudioMixer: Display: 0: FrontLeft
[2021.02.05-13.42.25:351][ 43]LogAudioMixer: Display: 1: FrontRight
[2021.02.05-13.42.25:432][ 43]LogAudioMixer: Display: Using Audio Device Speakers (Realtek(R) Audio)
[2021.02.05-13.42.25:432][ 43]LogAudioMixer: Display: Initializing Sound Submixes...
[2021.02.05-13.42.25:432][ 43]LogAudioMixer: Display: Creating Master Submix 'MasterSubmixDefault'
[2021.02.05-13.42.25:432][ 43]LogAudioMixer: Display: Creating Master Submix 'MasterReverbSubmixDefault'
[2021.02.05-13.42.25:432][ 43]LogAudioMixer: Display: Creating Master Submix 'MasterEQSubmixDefault'
[2021.02.05-13.42.25:445][ 43]LogInit: FAudioDevice initialized.
[2021.02.05-13.42.25:489][ 43]LogSlate: Updating window title bar state: overlay mode, drag disabled, window buttons hidden, title bar hidden
[2021.02.05-13.42.25:489][ 43]LogLoad: Game class is 'BP_GameMode_C'
[2021.02.05-13.42.25:491][ 43]LogWorld: Bringing World /Game/ThirdPersonCPP/Maps/UEDPIE_0_ThirdPersonExampleMap.ThirdPersonExampleMap up for play (max tick rate 0) at 2021.02.05-13.42.25
[2021.02.05-13.42.25:491][ 43]LogWorld: Bringing up level for play took: 0.001203
[2021.02.05-13.42.25:492][ 43]LogOnline: OSS: Creating online subsystem instance for: :Context_6
[2021.02.05-13.42.25:495][ 43]LogContentBrowser: Native class hierarchy updated for 'MovieSceneCapture' in 0.0004 seconds. Added 20 classes and 0 folders.
[2021.02.05-13.42.25:498][ 43]PIE: Server logged in
[2021.02.05-13.42.25:500][ 43]PIE: Play in editor total start time 0.199 seconds.
[2021.02.05-13.42.32:614][449]LogSlate: Updating window title bar state: overlay mode, drag disabled, window buttons hidden, title bar hidden
[2021.02.05-13.42.32:614][449]LogWorld: BeginTearingDown for /Game/ThirdPersonCPP/Maps/UEDPIE_0_ThirdPersonExampleMap
[2021.02.05-13.42.32:615][449]LogSlate: Window 'MyProject Preview [NetMode: Standalone] (64-bit/Windows) ' being destroyed
[2021.02.05-13.42.32:618][449]LogWorld: UWorld::CleanupWorld for ThirdPersonExampleMap, bSessionEnded=true, bCleanupResources=true
[2021.02.05-13.42.32:618][449]LogSlate: InvalidateAllWidgets triggered.  All widgets were invalidated
[2021.02.05-13.42.32:632][449]LogPlayLevel: Display: Shutting down PIE online subsystems
[2021.02.05-13.42.32:636][449]LogSlate: InvalidateAllWidgets triggered.  All widgets were invalidated
[2021.02.05-13.42.32:692][449]LogAISub: UAISubsystem::~UAISubsystem AIPerceptionSystem (0000028B13BB7D80), frame # 1449
[2021.02.05-13.42.32:692][449]LogAISub: UAISubsystem::~UAISubsystem EnvQueryManager (0000028B30480200), frame # 1449
[2021.02.05-13.42.32:707][449]LogUObjectHash: Compacting FUObjectHashTables data took   3.01ms
[2021.02.05-13.42.32:746][450]LogPlayLevel: Display: Destroying online subsystem :Context_6
[2021.02.05-13.42.33:460][494]LogEditorViewport: Clicking on Actor (LMB): ThirdPersonCharacter_C (ThirdPersonCharacter2)
[2021.02.05-13.42.39:918][875]LogEditorViewport: Clicking on Actor (LMB): StaticMeshActor (Floor)
[2021.02.05-13.42.41:235][952]LogEditorViewport: Clicking on Actor (CTRL LMB): StaticMeshActor (LeftArm_StaticMesh)
[2021.02.05-13.42.41:635][975]LogEditorViewport: Clicking on Actor (CTRL LMB): StaticMeshActor (Ramp_StaticMesh)
[2021.02.05-13.42.42:502][ 25]Cmd: TRANSACTION UNDO
[2021.02.05-13.42.42:503][ 25]LogEditorTransaction: Undo Clicking on Actors
[2021.02.05-13.42.43:167][ 49]LogEditorViewport: Clicking on Actor (CTRL LMB): StaticMeshActor (Bump_StaticMesh)
[2021.02.05-13.42.43:517][ 69]LogEditorViewport: Clicking on Actor (CTRL LMB): StaticMeshActor (RightArm_StaticMesh)
[2021.02.05-13.42.44:051][100]LogEditorViewport: Clicking on Actor (CTRL LMB): StaticMeshActor (Linear_Stair_StaticMesh)
[2021.02.05-13.43.06:055][360]LogEditorViewport: Clicking on Actor (LMB): ThirdPersonCharacter_C (ThirdPersonCharacter2)
[2021.02.05-13.43.25:886][533]LogTemp: Repeating last play command: New Editor Window (PIE)
[2021.02.05-13.43.25:903][533]LogPlayLevel: PlayLevel: No blueprints needed recompiling
[2021.02.05-13.43.25:903][533]PIE: New page: PIE session: ThirdPersonExampleMap (5 Feb 2021, 13:43:25)
[2021.02.05-13.43.25:903][533]LogPlayLevel: Creating play world package: /Game/ThirdPersonCPP/Maps/UEDPIE_0_ThirdPersonExampleMap
[2021.02.05-13.43.25:914][533]LogPlayLevel: PIE: StaticDuplicateObject took: (0.010664s)
[2021.02.05-13.43.25:915][533]LogAIModule: Creating AISystem for world ThirdPersonExampleMap
[2021.02.05-13.43.25:915][533]LogAISub: UAISubsystem::UAISubsystem EnvQueryManager (0000028B297F6800), frame # 4533
[2021.02.05-13.43.25:915][533]LogAISub: UAISubsystem::UAISubsystem AIPerceptionSystem (0000028B1DC84180), frame # 4533
[2021.02.05-13.43.25:916][533]LogPlayLevel: PIE: World Init took: (0.001581s)
[2021.02.05-13.43.25:916][533]LogPlayLevel: PIE: Created PIE world by copying editor world from /Game/ThirdPersonCPP/Maps/ThirdPersonExampleMap.ThirdPersonExampleMap to /Game/ThirdPersonCPP/Maps/UEDPIE_0_ThirdPersonExampleMap.ThirdPersonExampleMap (0.012723s)
[2021.02.05-13.43.25:985][533]LogUObjectHash: Compacting FUObjectHashTables data took   3.88ms
[2021.02.05-13.43.25:987][533]LogAudioMixer: Display: Audio Mixer Platform Settings:
[2021.02.05-13.43.25:987][533]LogAudioMixer: Display: 	Sample Rate:						  48000
[2021.02.05-13.43.25:987][533]LogAudioMixer: Display: 	Callback Buffer Frame Size Requested: 1024
[2021.02.05-13.43.25:987][533]LogAudioMixer: Display: 	Callback Buffer Frame Size To Use:	  1024
[2021.02.05-13.43.25:987][533]LogAudioMixer: Display: 	Number of buffers to queue:			  2
[2021.02.05-13.43.25:987][533]LogAudioMixer: Display: 	Max Channels (voices):				  32
[2021.02.05-13.43.25:987][533]LogAudioMixer: Display: 	Number of Async Source Workers:		  0
[2021.02.05-13.43.25:987][533]LogAudio: Display: AudioDevice MaxSources: 32
[2021.02.05-13.43.25:988][533]LogAudio: Display: Using built-in audio occlusion.
[2021.02.05-13.43.25:988][533]LogAudioMixer: Display: Initializing audio mixer.
[2021.02.05-13.43.25:991][533]LogAudioMixer: Display: 0: FrontLeft
[2021.02.05-13.43.25:991][533]LogAudioMixer: Display: 1: FrontRight
[2021.02.05-13.43.26:060][533]LogAudioMixer: Display: Using Audio Device Speakers (Realtek(R) Audio)
[2021.02.05-13.43.26:061][533]LogAudioMixer: Display: Initializing Sound Submixes...
[2021.02.05-13.43.26:061][533]LogAudioMixer: Display: Creating Master Submix 'MasterSubmixDefault'
[2021.02.05-13.43.26:061][533]LogAudioMixer: Display: Creating Master Submix 'MasterReverbSubmixDefault'
[2021.02.05-13.43.26:061][533]LogAudioMixer: Display: Creating Master Submix 'MasterEQSubmixDefault'
[2021.02.05-13.43.26:073][533]LogInit: FAudioDevice initialized.
[2021.02.05-13.43.26:123][533]LogSlate: Updating window title bar state: overlay mode, drag disabled, window buttons hidden, title bar hidden
[2021.02.05-13.43.26:123][533]LogLoad: Game class is 'BP_GameMode_C'
[2021.02.05-13.43.26:125][533]LogWorld: Bringing World /Game/ThirdPersonCPP/Maps/UEDPIE_0_ThirdPersonExampleMap.ThirdPersonExampleMap up for play (max tick rate 0) at 2021.02.05-13.43.26
[2021.02.05-13.43.26:125][533]LogWorld: Bringing up level for play took: 0.001189
[2021.02.05-13.43.26:125][533]LogOnline: OSS: Creating online subsystem instance for: :Context_8
[2021.02.05-13.43.26:130][533]PIE: Server logged in
[2021.02.05-13.43.26:132][533]PIE: Play in editor total start time 0.23 seconds.
[2021.02.05-13.43.35:994][121]LogSlate: Updating window title bar state: overlay mode, drag disabled, window buttons hidden, title bar hidden
[2021.02.05-13.43.35:994][121]LogWorld: BeginTearingDown for /Game/ThirdPersonCPP/Maps/UEDPIE_0_ThirdPersonExampleMap
[2021.02.05-13.43.35:995][121]LogSlate: Window 'MyProject Preview [NetMode: Standalone] (64-bit/Windows) ' being destroyed
[2021.02.05-13.43.36:007][121]LogWorld: UWorld::CleanupWorld for ThirdPersonExampleMap, bSessionEnded=true, bCleanupResources=true
[2021.02.05-13.43.36:007][121]LogSlate: InvalidateAllWidgets triggered.  All widgets were invalidated
[2021.02.05-13.43.36:017][121]LogPlayLevel: Display: Shutting down PIE online subsystems
[2021.02.05-13.43.36:021][121]LogSlate: InvalidateAllWidgets triggered.  All widgets were invalidated
[2021.02.05-13.43.36:090][121]LogAISub: UAISubsystem::~UAISubsystem EnvQueryManager (0000028B297F6800), frame # 5121
[2021.02.05-13.43.36:090][121]LogAISub: UAISubsystem::~UAISubsystem AIPerceptionSystem (0000028B1DC84180), frame # 5121
[2021.02.05-13.43.36:093][121]LogUObjectHash: Compacting FUObjectHashTables data took   2.95ms
[2021.02.05-13.43.36:130][122]LogPlayLevel: Display: Destroying online subsystem :Context_8
[2021.02.05-13.43.36:546][144]LogUObjectHash: Compacting FUObjectHashTables data took   2.23ms
[2021.02.05-13.43.36:578][144]LogSavePackage: Moving '../../../../../../Users/Morgan/Desktop/UnrealAnimationPracticeVids/UnrealAnimationPracticeVids/MyProject/Saved/ThirdPersonExampleMap3329447A4777249592BC2BAAC506BE1F.tmp' to '../../../../../../Users/Morgan/Desktop/UnrealAnimationPracticeVids/UnrealAnimationPracticeVids/MyProject/Content/ThirdPersonCPP/Maps/ThirdPersonExampleMap.umap'
[2021.02.05-13.43.36:702][144]LogSavePackage: Moving '../../../../../../Users/Morgan/Desktop/UnrealAnimationPracticeVids/UnrealAnimationPracticeVids/MyProject/Saved/ThirdPersonExampleMap_BuiltDataCAED5C284A05B257CEB692A7E9576C90.tmp' to '../../../../../../Users/Morgan/Desktop/UnrealAnimationPracticeVids/UnrealAnimationPracticeVids/MyProject/Content/ThirdPersonCPP/Maps/ThirdPersonExampleMap_BuiltData.uasset'
[2021.02.05-13.43.36:717][144]AssetCheck: New page: Asset Save: multiple assets
[2021.02.05-13.43.36:717][144]LogContentValidation: Display: Validating World /Game/ThirdPersonCPP/Maps/ThirdPersonExampleMap.ThirdPersonExampleMap
[2021.02.05-13.43.36:718][144]LogContentValidation: Display: Validating MapBuildDataRegistry /Game/ThirdPersonCPP/Maps/ThirdPersonExampleMap_BuiltData.ThirdPersonExampleMap_BuiltData
[2021.02.05-13.44.13:177][609]BlueprintLog: New page: Compile ThirdPersonCharacter
[2021.02.05-13.44.13:245][609]LogUObjectHash: Compacting FUObjectHashTables data took   2.58ms
[2021.02.05-13.44.13:338][609]LogSavePackage: Moving '../../../../../../Users/Morgan/Desktop/UnrealAnimationPracticeVids/UnrealAnimationPracticeVids/MyProject/Saved/ThirdPersonCharacter4EC661504E444F5EBBE58E9E14BDA9EB.tmp' to '../../../../../../Users/Morgan/Desktop/UnrealAnimationPracticeVids/UnrealAnimationPracticeVids/MyProject/Content/ThirdPersonCPP/Blueprints/ThirdPersonCharacter.uasset'
[2021.02.05-13.44.13:351][609]AssetCheck: New page: Asset Save: ThirdPersonCharacter
[2021.02.05-13.44.13:351][609]LogContentValidation: Display: Validating Blueprint /Game/ThirdPersonCPP/Blueprints/ThirdPersonCharacter.ThirdPersonCharacter
[2021.02.05-13.44.15:461][732]LogTemp: Repeating last play command: New Editor Window (PIE)
[2021.02.05-13.44.15:476][732]LogPlayLevel: PlayLevel: No blueprints needed recompiling
[2021.02.05-13.44.15:477][732]PIE: New page: PIE session: ThirdPersonExampleMap (5 Feb 2021, 13:44:15)
[2021.02.05-13.44.15:477][732]LogPlayLevel: Creating play world package: /Game/ThirdPersonCPP/Maps/UEDPIE_0_ThirdPersonExampleMap
[2021.02.05-13.44.15:486][732]LogPlayLevel: PIE: StaticDuplicateObject took: (0.008652s)
[2021.02.05-13.44.15:486][732]LogAIModule: Creating AISystem for world ThirdPersonExampleMap
[2021.02.05-13.44.15:487][732]LogAISub: UAISubsystem::UAISubsystem EnvQueryManager (0000028A917A6A00), frame # 5732
[2021.02.05-13.44.15:487][732]LogAISub: UAISubsystem::UAISubsystem AIPerceptionSystem (0000028B2A6C42C0), frame # 5732
[2021.02.05-13.44.15:487][732]LogPlayLevel: PIE: World Init took: (0.001323s)
[2021.02.05-13.44.15:487][732]LogPlayLevel: PIE: Created PIE world by copying editor world from /Game/ThirdPersonCPP/Maps/ThirdPersonExampleMap.ThirdPersonExampleMap to /Game/ThirdPersonCPP/Maps/UEDPIE_0_ThirdPersonExampleMap.ThirdPersonExampleMap (0.010306s)
[2021.02.05-13.44.15:518][732]LogUObjectHash: Compacting FUObjectHashTables data took   2.67ms
[2021.02.05-13.44.15:519][732]LogAudioMixer: Display: Audio Mixer Platform Settings:
[2021.02.05-13.44.15:519][732]LogAudioMixer: Display: 	Sample Rate:						  48000
[2021.02.05-13.44.15:519][732]LogAudioMixer: Display: 	Callback Buffer Frame Size Requested: 1024
[2021.02.05-13.44.15:519][732]LogAudioMixer: Display: 	Callback Buffer Frame Size To Use:	  1024
[2021.02.05-13.44.15:519][732]LogAudioMixer: Display: 	Number of buffers to queue:			  2
[2021.02.05-13.44.15:519][732]LogAudioMixer: Display: 	Max Channels (voices):				  32
[2021.02.05-13.44.15:519][732]LogAudioMixer: Display: 	Number of Async Source Workers:		  0
[2021.02.05-13.44.15:520][732]LogAudio: Display: AudioDevice MaxSources: 32
[2021.02.05-13.44.15:520][732]LogAudio: Display: Using built-in audio occlusion.
[2021.02.05-13.44.15:520][732]LogAudioMixer: Display: Initializing audio mixer.
[2021.02.05-13.44.15:523][732]LogAudioMixer: Display: 0: FrontLeft
[2021.02.05-13.44.15:524][732]LogAudioMixer: Display: 1: FrontRight
[2021.02.05-13.44.15:605][732]LogAudioMixer: Display: Using Audio Device Speakers (Realtek(R) Audio)
[2021.02.05-13.44.15:605][732]LogAudioMixer: Display: Initializing Sound Submixes...
[2021.02.05-13.44.15:605][732]LogAudioMixer: Display: Creating Master Submix 'MasterSubmixDefault'
[2021.02.05-13.44.15:605][732]LogAudioMixer: Display: Creating Master Submix 'MasterReverbSubmixDefault'
[2021.02.05-13.44.15:605][732]LogAudioMixer: Display: Creating Master Submix 'MasterEQSubmixDefault'
[2021.02.05-13.44.15:617][732]LogInit: FAudioDevice initialized.
[2021.02.05-13.44.15:665][732]LogSlate: Updating window title bar state: overlay mode, drag disabled, window buttons hidden, title bar hidden
[2021.02.05-13.44.15:665][732]LogLoad: Game class is 'BP_GameMode_C'
[2021.02.05-13.44.15:666][732]LogWorld: Bringing World /Game/ThirdPersonCPP/Maps/UEDPIE_0_ThirdPersonExampleMap.ThirdPersonExampleMap up for play (max tick rate 0) at 2021.02.05-13.44.15
[2021.02.05-13.44.15:667][732]LogWorld: Bringing up level for play took: 0.001214
[2021.02.05-13.44.15:667][732]LogOnline: OSS: Creating online subsystem instance for: :Context_9
[2021.02.05-13.44.15:672][732]PIE: Server logged in
[2021.02.05-13.44.15:674][732]PIE: Play in editor total start time 0.199 seconds.
[2021.02.05-13.44.27:374][430]LogSlate: Updating window title bar state: overlay mode, drag disabled, window buttons hidden, title bar hidden
[2021.02.05-13.44.27:374][430]LogWorld: BeginTearingDown for /Game/ThirdPersonCPP/Maps/UEDPIE_0_ThirdPersonExampleMap
[2021.02.05-13.44.27:374][430]LogSlate: Window 'MyProject Preview [NetMode: Standalone] (64-bit/Windows) ' being destroyed
[2021.02.05-13.44.27:379][430]LogWorld: UWorld::CleanupWorld for ThirdPersonExampleMap, bSessionEnded=true, bCleanupResources=true
[2021.02.05-13.44.27:380][430]LogSlate: InvalidateAllWidgets triggered.  All widgets were invalidated
[2021.02.05-13.44.27:395][430]LogPlayLevel: Display: Shutting down PIE online subsystems
[2021.02.05-13.44.27:399][430]LogSlate: InvalidateAllWidgets triggered.  All widgets were invalidated
[2021.02.05-13.44.27:450][430]LogAISub: UAISubsystem::~UAISubsystem AIPerceptionSystem (0000028B2A6C42C0), frame # 6430
[2021.02.05-13.44.27:450][430]LogAISub: UAISubsystem::~UAISubsystem EnvQueryManager (0000028A917A6A00), frame # 6430
[2021.02.05-13.44.27:453][430]LogUObjectHash: Compacting FUObjectHashTables data took   2.33ms
[2021.02.05-13.44.27:482][431]LogPlayLevel: Display: Destroying online subsystem :Context_9
[2021.02.05-13.44.57:700][568]LogEditorViewport: Clicking on Actor (LMB): ThirdPersonCharacter_C (ThirdPersonCharacter2)
[2021.02.05-13.45.08:886][207]LogSavePackage: Moving '../../../../../../Users/Morgan/Desktop/UnrealAnimationPracticeVids/UnrealAnimationPracticeVids/MyProject/Saved/ThirdPersonCharacterFC8FD3174EDF04D259673FB22F558412.tmp' to '../../../../../../Users/Morgan/Desktop/UnrealAnimationPracticeVids/UnrealAnimationPracticeVids/MyProject/Content/ThirdPersonCPP/Blueprints/ThirdPersonCharacter.uasset'
[2021.02.05-13.45.08:898][207]AssetCheck: New page: Asset Save: ThirdPersonCharacter
[2021.02.05-13.45.08:898][207]LogContentValidation: Display: Validating Blueprint /Game/ThirdPersonCPP/Blueprints/ThirdPersonCharacter.ThirdPersonCharacter
[2021.02.05-13.45.10:092][280]LogTemp: Repeating last play command: New Editor Window (PIE)
[2021.02.05-13.45.10:108][280]BlueprintLog: New page: Pre-Play auto-recompile
[2021.02.05-13.45.10:109][280]LogPlayLevel: [PlayLevel] Compiling ThirdPersonCharacter before play...
[2021.02.05-13.45.10:341][280]LogUObjectHash: Compacting FUObjectHashTables data took   2.86ms
[2021.02.05-13.45.10:342][280]LogPlayLevel: PlayLevel: Blueprint regeneration took 233 ms (1 blueprints)
[2021.02.05-13.45.10:343][280]PIE: New page: PIE session: ThirdPersonExampleMap (5 Feb 2021, 13:45:10)
[2021.02.05-13.45.10:343][280]LogPlayLevel: Creating play world package: /Game/ThirdPersonCPP/Maps/UEDPIE_0_ThirdPersonExampleMap
[2021.02.05-13.45.10:352][280]LogPlayLevel: PIE: StaticDuplicateObject took: (0.008581s)
[2021.02.05-13.45.10:353][280]LogAIModule: Creating AISystem for world ThirdPersonExampleMap
[2021.02.05-13.45.10:353][280]LogAISub: UAISubsystem::UAISubsystem EnvQueryManager (0000028B307D3200), frame # 7280
[2021.02.05-13.45.10:353][280]LogAISub: UAISubsystem::UAISubsystem AIPerceptionSystem (0000028B2A5FAE80), frame # 7280
[2021.02.05-13.45.10:353][280]LogPlayLevel: PIE: World Init took: (0.001429s)
[2021.02.05-13.45.10:353][280]LogPlayLevel: PIE: Created PIE world by copying editor world from /Game/ThirdPersonCPP/Maps/ThirdPersonExampleMap.ThirdPersonExampleMap to /Game/ThirdPersonCPP/Maps/UEDPIE_0_ThirdPersonExampleMap.ThirdPersonExampleMap (0.010451s)
[2021.02.05-13.45.10:383][280]LogUObjectHash: Compacting FUObjectHashTables data took   2.25ms
[2021.02.05-13.45.10:383][280]LogAudioMixer: Display: Audio Mixer Platform Settings:
[2021.02.05-13.45.10:383][280]LogAudioMixer: Display: 	Sample Rate:						  48000
[2021.02.05-13.45.10:383][280]LogAudioMixer: Display: 	Callback Buffer Frame Size Requested: 1024
[2021.02.05-13.45.10:384][280]LogAudioMixer: Display: 	Callback Buffer Frame Size To Use:	  1024
[2021.02.05-13.45.10:384][280]LogAudioMixer: Display: 	Number of buffers to queue:			  2
[2021.02.05-13.45.10:384][280]LogAudioMixer: Display: 	Max Channels (voices):				  32
[2021.02.05-13.45.10:384][280]LogAudioMixer: Display: 	Number of Async Source Workers:		  0
[2021.02.05-13.45.10:384][280]LogAudio: Display: AudioDevice MaxSources: 32
[2021.02.05-13.45.10:384][280]LogAudio: Display: Using built-in audio occlusion.
[2021.02.05-13.45.10:385][280]LogAudioMixer: Display: Initializing audio mixer.
[2021.02.05-13.45.10:388][280]LogAudioMixer: Display: 0: FrontLeft
[2021.02.05-13.45.10:388][280]LogAudioMixer: Display: 1: FrontRight
[2021.02.05-13.45.10:466][280]LogAudioMixer: Display: Using Audio Device Speakers (Realtek(R) Audio)
[2021.02.05-13.45.10:466][280]LogAudioMixer: Display: Initializing Sound Submixes...
[2021.02.05-13.45.10:467][280]LogAudioMixer: Display: Creating Master Submix 'MasterSubmixDefault'
[2021.02.05-13.45.10:467][280]LogAudioMixer: Display: Creating Master Submix 'MasterReverbSubmixDefault'
[2021.02.05-13.45.10:467][280]LogAudioMixer: Display: Creating Master Submix 'MasterEQSubmixDefault'
[2021.02.05-13.45.10:478][280]LogInit: FAudioDevice initialized.
[2021.02.05-13.45.10:528][280]LogSlate: Updating window title bar state: overlay mode, drag disabled, window buttons hidden, title bar hidden
[2021.02.05-13.45.10:528][280]LogLoad: Game class is 'BP_GameMode_C'
[2021.02.05-13.45.10:530][280]LogWorld: Bringing World /Game/ThirdPersonCPP/Maps/UEDPIE_0_ThirdPersonExampleMap.ThirdPersonExampleMap up for play (max tick rate 0) at 2021.02.05-13.45.10
[2021.02.05-13.45.10:530][280]LogWorld: Bringing up level for play took: 0.001178
[2021.02.05-13.45.10:530][280]LogOnline: OSS: Creating online subsystem instance for: :Context_10
[2021.02.05-13.45.10:535][280]PIE: Server logged in
[2021.02.05-13.45.10:537][280]PIE: Play in editor total start time 0.429 seconds.
[2021.02.05-13.45.23:344][ 38]LogSlate: Updating window title bar state: overlay mode, drag disabled, window buttons hidden, title bar hidden
[2021.02.05-13.45.23:344][ 38]LogWorld: BeginTearingDown for /Game/ThirdPersonCPP/Maps/UEDPIE_0_ThirdPersonExampleMap
[2021.02.05-13.45.23:345][ 38]LogSlate: Window 'MyProject Preview [NetMode: Standalone] (64-bit/Windows) ' being destroyed
[2021.02.05-13.45.23:349][ 38]LogWorld: UWorld::CleanupWorld for ThirdPersonExampleMap, bSessionEnded=true, bCleanupResources=true
[2021.02.05-13.45.23:349][ 38]LogSlate: InvalidateAllWidgets triggered.  All widgets were invalidated
[2021.02.05-13.45.23:361][ 38]LogPlayLevel: Display: Shutting down PIE online subsystems
[2021.02.05-13.45.23:364][ 38]LogSlate: InvalidateAllWidgets triggered.  All widgets were invalidated
[2021.02.05-13.45.23:416][ 38]LogAISub: UAISubsystem::~UAISubsystem AIPerceptionSystem (0000028B2A5FAE80), frame # 8038
[2021.02.05-13.45.23:416][ 38]LogAISub: UAISubsystem::~UAISubsystem EnvQueryManager (0000028B307D3200), frame # 8038
[2021.02.05-13.45.23:419][ 38]LogUObjectHash: Compacting FUObjectHashTables data took   2.24ms
[2021.02.05-13.45.23:490][ 39]LogPlayLevel: Display: Destroying online subsystem :Context_10
[2021.02.05-13.45.29:504][394]LogSavePackage: Moving '../../../../../../Users/Morgan/Desktop/UnrealAnimationPracticeVids/UnrealAnimationPracticeVids/MyProject/Saved/ThirdPersonCharacterDA225E87464EEF26E7CDB895ADC2F708.tmp' to '../../../../../../Users/Morgan/Desktop/UnrealAnimationPracticeVids/UnrealAnimationPracticeVids/MyProject/Content/ThirdPersonCPP/Blueprints/ThirdPersonCharacter.uasset'
[2021.02.05-13.45.29:515][394]AssetCheck: New page: Asset Save: ThirdPersonCharacter
[2021.02.05-13.45.29:515][394]LogContentValidation: Display: Validating Blueprint /Game/ThirdPersonCPP/Blueprints/ThirdPersonCharacter.ThirdPersonCharacter
[2021.02.05-13.45.30:708][467]BlueprintLog: New page: Compile ThirdPersonCharacter
[2021.02.05-13.45.30:778][467]LogUObjectHash: Compacting FUObjectHashTables data took   2.38ms
[2021.02.05-13.45.32:060][542]LogTemp: Repeating last play command: New Editor Window (PIE)
[2021.02.05-13.45.32:076][542]LogPlayLevel: PlayLevel: No blueprints needed recompiling
[2021.02.05-13.45.32:077][542]PIE: New page: PIE session: ThirdPersonExampleMap (5 Feb 2021, 13:45:32)
[2021.02.05-13.45.32:077][542]LogPlayLevel: Creating play world package: /Game/ThirdPersonCPP/Maps/UEDPIE_0_ThirdPersonExampleMap
[2021.02.05-13.45.32:085][542]LogPlayLevel: PIE: StaticDuplicateObject took: (0.008258s)
[2021.02.05-13.45.32:086][542]LogAIModule: Creating AISystem for world ThirdPersonExampleMap
[2021.02.05-13.45.32:086][542]LogAISub: UAISubsystem::UAISubsystem EnvQueryManager (0000028B0A1A6C00), frame # 8542
[2021.02.05-13.45.32:087][542]LogAISub: UAISubsystem::UAISubsystem AIPerceptionSystem (0000028B12ADDE40), frame # 8542
[2021.02.05-13.45.32:087][542]LogPlayLevel: PIE: World Init took: (0.001383s)
[2021.02.05-13.45.32:087][542]LogPlayLevel: PIE: Created PIE world by copying editor world from /Game/ThirdPersonCPP/Maps/ThirdPersonExampleMap.ThirdPersonExampleMap to /Game/ThirdPersonCPP/Maps/UEDPIE_0_ThirdPersonExampleMap.ThirdPersonExampleMap (0.010139s)
[2021.02.05-13.45.32:118][542]LogUObjectHash: Compacting FUObjectHashTables data took   2.69ms
[2021.02.05-13.45.32:119][542]LogAudioMixer: Display: Audio Mixer Platform Settings:
[2021.02.05-13.45.32:119][542]LogAudioMixer: Display: 	Sample Rate:						  48000
[2021.02.05-13.45.32:119][542]LogAudioMixer: Display: 	Callback Buffer Frame Size Requested: 1024
[2021.02.05-13.45.32:119][542]LogAudioMixer: Display: 	Callback Buffer Frame Size To Use:	  1024
[2021.02.05-13.45.32:119][542]LogAudioMixer: Display: 	Number of buffers to queue:			  2
[2021.02.05-13.45.32:119][542]LogAudioMixer: Display: 	Max Channels (voices):				  32
[2021.02.05-13.45.32:119][542]LogAudioMixer: Display: 	Number of Async Source Workers:		  0
[2021.02.05-13.45.32:119][542]LogAudio: Display: AudioDevice MaxSources: 32
[2021.02.05-13.45.32:119][542]LogAudio: Display: Using built-in audio occlusion.
[2021.02.05-13.45.32:120][542]LogAudioMixer: Display: Initializing audio mixer.
[2021.02.05-13.45.32:123][542]LogAudioMixer: Display: 0: FrontLeft
[2021.02.05-13.45.32:123][542]LogAudioMixer: Display: 1: FrontRight
[2021.02.05-13.45.32:199][542]LogAudioMixer: Display: Using Audio Device Speakers (Realtek(R) Audio)
[2021.02.05-13.45.32:199][542]LogAudioMixer: Display: Initializing Sound Submixes...
[2021.02.05-13.45.32:200][542]LogAudioMixer: Display: Creating Master Submix 'MasterSubmixDefault'
[2021.02.05-13.45.32:200][542]LogAudioMixer: Display: Creating Master Submix 'MasterReverbSubmixDefault'
[2021.02.05-13.45.32:200][542]LogAudioMixer: Display: Creating Master Submix 'MasterEQSubmixDefault'
[2021.02.05-13.45.32:212][542]LogInit: FAudioDevice initialized.
[2021.02.05-13.45.32:262][542]LogSlate: Updating window title bar state: overlay mode, drag disabled, window buttons hidden, title bar hidden
[2021.02.05-13.45.32:263][542]LogLoad: Game class is 'BP_GameMode_C'
[2021.02.05-13.45.32:264][542]LogWorld: Bringing World /Game/ThirdPersonCPP/Maps/UEDPIE_0_ThirdPersonExampleMap.ThirdPersonExampleMap up for play (max tick rate 0) at 2021.02.05-13.45.32
[2021.02.05-13.45.32:265][542]LogWorld: Bringing up level for play took: 0.001162
[2021.02.05-13.45.32:265][542]LogOnline: OSS: Creating online subsystem instance for: :Context_11
[2021.02.05-13.45.32:270][542]PIE: Server logged in
[2021.02.05-13.45.32:272][542]PIE: Play in editor total start time 0.196 seconds.
[2021.02.05-13.45.40:444][ 28]LogSlate: Updating window title bar state: overlay mode, drag disabled, window buttons hidden, title bar hidden
[2021.02.05-13.45.40:444][ 28]LogWorld: BeginTearingDown for /Game/ThirdPersonCPP/Maps/UEDPIE_0_ThirdPersonExampleMap
[2021.02.05-13.45.40:444][ 28]LogSlate: Window 'MyProject Preview [NetMode: Standalone] (64-bit/Windows) ' being destroyed
[2021.02.05-13.45.40:448][ 28]LogWorld: UWorld::CleanupWorld for ThirdPersonExampleMap, bSessionEnded=true, bCleanupResources=true
[2021.02.05-13.45.40:448][ 28]LogSlate: InvalidateAllWidgets triggered.  All widgets were invalidated
[2021.02.05-13.45.40:459][ 28]LogPlayLevel: Display: Shutting down PIE online subsystems
[2021.02.05-13.45.40:463][ 28]LogSlate: InvalidateAllWidgets triggered.  All widgets were invalidated
[2021.02.05-13.45.40:514][ 28]LogAISub: UAISubsystem::~UAISubsystem AIPerceptionSystem (0000028B12ADDE40), frame # 9028
[2021.02.05-13.45.40:514][ 28]LogAISub: UAISubsystem::~UAISubsystem EnvQueryManager (0000028B0A1A6C00), frame # 9028
[2021.02.05-13.45.40:517][ 28]LogUObjectHash: Compacting FUObjectHashTables data took   2.41ms
[2021.02.05-13.45.40:586][ 29]LogPlayLevel: Display: Destroying online subsystem :Context_11
