Log file open, 12/01/20 18:11:22
LogWindows: Failed to load 'aqProf.dll' (GetLastError=126)
LogWindows: File 'aqProf.dll' does not exist
LogWindows: Failed to load 'VtuneApi.dll' (GetLastError=126)
LogWindows: File 'VtuneApi.dll' does not exist
LogWindows: Failed to load 'VtuneApi32e.dll' (GetLastError=126)
LogWindows: File 'VtuneApi32e.dll' does not exist
LogConsoleResponse: Display: Failed to find resolution value strings in scalability ini. Falling back to default.
LogInit: Display: Running engine for game: MyProject
LogPakFile: Registered encryption key '00000000000000000000000000000000': 0 pak files mounted, 0 remain pending
LogPlatformFile: Not using cached read wrapper
LogTaskGraph: Started task graph with 5 named threads and 47 total threads with 3 sets of task threads.
LogStats: Stats thread started at 0.622448
LogD3D11RHI: Loaded GFSDK_Aftermath_Lib.x64.dll
LogICUInternationalization: ICU TimeZone Detection - Raw Offset: +0:00, Platform Override: ''
LogPluginManager: Mounting plugin Paper2D
LogPluginManager: Mounting plugin AISupport
LogPluginManager: Mounting plugin LightPropagationVolume
LogPluginManager: Mounting plugin ActorLayerUtilities
LogPluginManager: Mounting plugin AnimationSharing
LogPluginManager: Mounting plugin CLionSourceCodeAccess
LogPluginManager: Mounting plugin CodeLiteSourceCodeAccess
LogPluginManager: Mounting plugin GitSourceControl
LogPluginManager: Mounting plugin KDevelopSourceCodeAccess
LogPluginManager: Mounting plugin NullSourceCodeAccess
LogPluginManager: Mounting plugin PerforceSourceControl
LogPluginManager: Mounting plugin SubversionSourceControl
LogPluginManager: Mounting plugin UObjectPlugin
LogPluginManager: Mounting plugin VisualStudioCodeSourceCodeAccess
LogPluginManager: Mounting plugin VisualStudioSourceCodeAccess
LogPluginManager: Mounting plugin XCodeSourceCodeAccess
LogPluginManager: Mounting plugin AssetManagerEditor
LogPluginManager: Mounting plugin CryptoKeys
LogPluginManager: Mounting plugin DataValidation
LogPluginManager: Mounting plugin FacialAnimation
LogPluginManager: Mounting plugin GameplayTagsEditor
LogPluginManager: Mounting plugin MacGraphicsSwitching
LogPluginManager: Mounting plugin MaterialAnalyzer
LogPluginManager: Mounting plugin MobileLauncherProfileWizard
LogPluginManager: Mounting plugin PluginBrowser
LogPluginManager: Mounting plugin SpeedTreeImporter
LogPluginManager: Mounting plugin DatasmithContent
LogPluginManager: Mounting plugin VariantManagerContent
LogPluginManager: Mounting plugin AlembicImporter
LogPluginManager: Mounting plugin AppleImageUtils
LogPluginManager: Mounting plugin AppleVision
LogPluginManager: Mounting plugin BackChannel
LogPluginManager: Mounting plugin CharacterAI
LogPluginManager: Mounting plugin GeometryCache
LogPluginManager: Mounting plugin HTML5Networking
LogPluginManager: Mounting plugin ProxyLODPlugin
LogPluginManager: Mounting plugin SkeletalReduction
LogPluginManager: Mounting plugin MagicLeap
LogPluginManager: Mounting plugin MagicLeapMedia
LogPluginManager: Mounting plugin AndroidMedia
LogPluginManager: Mounting plugin AvfMedia
LogPluginManager: Mounting plugin ImgMedia
LogPluginManager: Mounting plugin LinearTimecode
LogPluginManager: Mounting plugin MediaCompositing
LogPluginManager: Mounting plugin MediaPlayerEditor
LogPluginManager: Mounting plugin WebMMedia
LogPluginManager: Mounting plugin WmfMedia
LogPluginManager: Mounting plugin TcpMessaging
LogPluginManager: Mounting plugin UdpMessaging
LogPluginManager: Mounting plugin ActorSequence
LogPluginManager: Mounting plugin LevelSequenceEditor
LogPluginManager: Mounting plugin MatineeToLevelSequence
LogPluginManager: Mounting plugin NetcodeUnitTest
LogPluginManager: Mounting plugin NUTUnrealEngine4
LogPluginManager: Mounting plugin OnlineSubsystemGooglePlay
LogPluginManager: Mounting plugin OnlineSubsystemIOS
LogPluginManager: Mounting plugin OnlineSubsystem
LogPluginManager: Mounting plugin OnlineSubsystemNull
LogPluginManager: Mounting plugin OnlineSubsystemUtils
LogPluginManager: Mounting plugin LauncherChunkInstaller
LogPluginManager: Mounting plugin AndroidDeviceProfileSelector
LogPluginManager: Mounting plugin AndroidMoviePlayer
LogPluginManager: Mounting plugin AndroidPermission
LogPluginManager: Mounting plugin ApexDestruction
LogPluginManager: Mounting plugin AppleMoviePlayer
LogPluginManager: Mounting plugin ArchVisCharacter
LogPluginManager: Mounting plugin AudioCapture
LogPluginManager: Mounting plugin CableComponent
LogPluginManager: Mounting plugin CustomMeshComponent
LogPluginManager: Mounting plugin EditableMesh
LogPluginManager: Mounting plugin ExampleDeviceProfileSelector
LogPluginManager: Mounting plugin Firebase
LogPluginManager: Mounting plugin GoogleCloudMessaging
LogPluginManager: Mounting plugin IOSDeviceProfileSelector
LogPluginManager: Mounting plugin LinuxDeviceProfileSelector
LogPluginManager: Mounting plugin LocationServicesBPLibrary
LogPluginManager: Mounting plugin MobilePatchingUtils
LogPluginManager: Mounting plugin OculusVR
LogPluginManager: Mounting plugin PhysXVehicles
LogPluginManager: Mounting plugin ProceduralMeshComponent
LogPluginManager: Mounting plugin RuntimePhysXCooking
LogPluginManager: Mounting plugin SignificanceManager
LogPluginManager: Mounting plugin SteamVR
LogPluginManager: Mounting plugin WebMMoviePlayer
LogPluginManager: Mounting plugin WindowsMoviePlayer
LogInit: Using libcurl 7.55.1-DEV
LogInit:  - built for x86_64-pc-win32
LogInit:  - supports SSL with OpenSSL/1.1.1
LogInit:  - supports HTTP deflate (compression) using libz 1.2.8
LogInit:  - other features:
LogInit:      CURL_VERSION_SSL
LogInit:      CURL_VERSION_LIBZ
LogInit:      CURL_VERSION_IPV6
LogInit:      CURL_VERSION_ASYNCHDNS
LogInit:      CURL_VERSION_LARGEFILE
LogInit:      CURL_VERSION_IDN
LogInit:  CurlRequestOptions (configurable via config and command line):
LogInit:  - bVerifyPeer = true  - Libcurl will verify peer certificate
LogInit:  - bUseHttpProxy = false  - Libcurl will NOT use HTTP proxy
LogInit:  - bDontReuseConnections = false  - Libcurl will reuse connections
LogInit:  - MaxHostConnections = 16  - Libcurl will limit the number of connections to a host
LogInit:  - LocalHostAddr = Default
LogInit:  - BufferSize = 65536
LogInit: WinSock: version 1.1 (2.2), MaxSocks=32767, MaxUdp=65467
LogHMD: Failed initializing OVRPlugin 1.32.0
LogInit: Build: ++UE4+Release-4.22-CL-7053642
LogInit: Engine Version: 4.22.3-7053642+++UE4+Release-4.22
LogInit: Compatible Engine Version: 4.22.0-5660361+++UE4+Release-4.22
LogInit: Net CL: 5660361
LogInit: OS: Windows 10 (Release 1909) (), CPU: Intel(R) Core(TM) i9-9900K CPU @ 3.60GHz, GPU: NVIDIA GeForce RTX 2080
LogInit: Compiled (64-bit): Jun 18 2019 03:09:11
LogInit: Compiled with Visual C++: 19.16.27025.01
LogInit: Build Configuration: Development
LogInit: Branch Name: ++UE4+Release-4.22
LogInit: Command Line:  -skipcompile
LogInit: Base Directory: C:/UE_4.22/UE_4.22/Engine/Binaries/Win64/
LogInit: Installed Engine Build: 1
LogDevObjectVersion: Number of dev versions registered: 23
LogDevObjectVersion:   Dev-Blueprints (B0D832E4-1F89-4F0D-ACCF-7EB736FD4AA2): 10
LogDevObjectVersion:   Dev-Build (E1C64328-A22C-4D53-A36C-8E866417BD8C): 0
LogDevObjectVersion:   Dev-Core (375EC13C-06E4-48FB-B500-84F0262A717E): 3
LogDevObjectVersion:   Dev-Editor (E4B068ED-F494-42E9-A231-DA0B2E46BB41): 30
LogDevObjectVersion:   Dev-Framework (CFFC743F-43B0-4480-9391-14DF171D2073): 35
LogDevObjectVersion:   Dev-Mobile (B02B49B5-BB20-44E9-A304-32B752E40360): 2
LogDevObjectVersion:   Dev-Networking (A4E4105C-59A1-49B5-A7C5-40C4547EDFEE): 0
LogDevObjectVersion:   Dev-Online (39C831C9-5AE6-47DC-9A44-9C173E1C8E7C): 0
LogDevObjectVersion:   Dev-Physics (78F01B33-EBEA-4F98-B9B4-84EACCB95AA2): 0
LogDevObjectVersion:   Dev-Platform (6631380F-2D4D-43E0-8009-CF276956A95A): 0
LogDevObjectVersion:   Dev-Rendering (12F88B9F-8875-4AFC-A67C-D90C383ABD29): 28
LogDevObjectVersion:   Dev-Sequencer (7B5AE74C-D270-4C10-A958-57980B212A5A): 11
LogDevObjectVersion:   Dev-VR (D7296918-1DD6-4BDD-9DE2-64A83CC13884): 2
LogDevObjectVersion:   Dev-LoadTimes (C2A15278-BFE7-4AFE-6C17-90FF531DF755): 1
LogDevObjectVersion:   Private-Geometry (6EACA3D4-40EC-4CC1-B786-8BED09428FC5): 3
LogDevObjectVersion:   Dev-AnimPhys (29E575DD-E0A3-4627-9D10-D276232CDCEA): 17
LogDevObjectVersion:   Dev-Anim (AF43A65D-7FD3-4947-9873-3E8ED9C1BB05): 2
LogDevObjectVersion:   Dev-ReflectionCapture (6B266CEC-1EC7-4B8F-A30B-E4D90942FC07): 1
LogDevObjectVersion:   Dev-Automation (0DF73D61-A23F-47EA-B727-89E90C41499A): 1
LogDevObjectVersion:   FortniteMain (601D1886-AC64-4F84-AA16-D3DE0DEAC7D6): 25
LogDevObjectVersion:   Dev-Enterprise (9DFFBCD6-494F-0158-E221-12823C92A888): 6
LogDevObjectVersion:   Dev-Niagara (F2AED0AC-9AFE-416F-8664-AA7FFA26D6FC): 1
LogDevObjectVersion:   Dev-Destruction (174F1F0B-B4C6-45A5-B13F-2EE8D0FB917D): 2
LogInit: Presizing for max 16777216 objects, including 0 objects not considered by GC, pre-allocating 0 bytes for permanent pool.
LogInit: Object subsystem initialized
LogConfig: Setting CVar [[con.DebugEarlyDefault:1]]
LogConfig: Setting CVar [[r.setres:1280x720]]
[2020.12.01-18.11.23:692][  0]LogConfig: Setting CVar [[r.VSync:0]]
[2020.12.01-18.11.23:692][  0]LogConfig: Setting CVar [[r.RHICmdBypass:0]]
[2020.12.01-18.11.23:692][  0]LogConfig: Applying CVar settings from Section [/Script/Engine.RendererSettings] File [C:/Users/1804824/Desktop/UnrealYouTubeRepo/UnrealAnimationPracticeVids/MyProject/Saved/Config/Windows/Engine.ini]
[2020.12.01-18.11.23:693][  0]LogConfig: Setting CVar [[r.GPUCrashDebugging:0]]
[2020.12.01-18.11.23:693][  0]LogConfig: Applying CVar settings from Section [/Script/Engine.RendererOverrideSettings] File [C:/Users/1804824/Desktop/UnrealYouTubeRepo/UnrealAnimationPracticeVids/MyProject/Saved/Config/Windows/Engine.ini]
[2020.12.01-18.11.23:693][  0]LogConfig: Applying CVar settings from Section [/Script/Engine.StreamingSettings] File [C:/Users/1804824/Desktop/UnrealYouTubeRepo/UnrealAnimationPracticeVids/MyProject/Saved/Config/Windows/Engine.ini]
[2020.12.01-18.11.23:693][  0]LogConfig: Setting CVar [[s.MinBulkDataSizeForAsyncLoading:131072]]
[2020.12.01-18.11.23:693][  0]LogConfig: Setting CVar [[s.AsyncLoadingThreadEnabled:0]]
[2020.12.01-18.11.23:693][  0]LogConfig: Setting CVar [[s.EventDrivenLoaderEnabled:1]]
[2020.12.01-18.11.23:693][  0]LogConfig: Setting CVar [[s.WarnIfTimeLimitExceeded:0]]
[2020.12.01-18.11.23:693][  0]LogConfig: Setting CVar [[s.TimeLimitExceededMultiplier:1.5]]
[2020.12.01-18.11.23:693][  0]LogConfig: Setting CVar [[s.TimeLimitExceededMinTime:0.005]]
[2020.12.01-18.11.23:693][  0]LogConfig: Setting CVar [[s.UseBackgroundLevelStreaming:1]]
[2020.12.01-18.11.23:694][  0]LogConfig: Setting CVar [[s.PriorityAsyncLoadingExtraTime:15.0]]
[2020.12.01-18.11.23:694][  0]LogConfig: Setting CVar [[s.LevelStreamingActorsUpdateTimeLimit:5.0]]
[2020.12.01-18.11.23:694][  0]LogConfig: Setting CVar [[s.PriorityLevelStreamingActorsUpdateExtraTime:5.0]]
[2020.12.01-18.11.23:694][  0]LogConfig: Setting CVar [[s.LevelStreamingComponentsRegistrationGranularity:10]]
[2020.12.01-18.11.23:694][  0]LogConfig: Setting CVar [[s.UnregisterComponentsTimeLimit:1.0]]
[2020.12.01-18.11.23:694][  0]LogConfig: Setting CVar [[s.LevelStreamingComponentsUnregistrationGranularity:5]]
[2020.12.01-18.11.23:694][  0]LogConfig: Applying CVar settings from Section [/Script/Engine.GarbageCollectionSettings] File [C:/Users/1804824/Desktop/UnrealYouTubeRepo/UnrealAnimationPracticeVids/MyProject/Saved/Config/Windows/Engine.ini]
[2020.12.01-18.11.23:694][  0]LogConfig: Setting CVar [[gc.MaxObjectsNotConsideredByGC:1]]
[2020.12.01-18.11.23:694][  0]LogConfig: Setting CVar [[gc.SizeOfPermanentObjectPool:0]]
[2020.12.01-18.11.23:694][  0]LogConfig: Setting CVar [[gc.FlushStreamingOnGC:0]]
[2020.12.01-18.11.23:694][  0]LogConfig: Setting CVar [[gc.NumRetriesBeforeForcingGC:10]]
[2020.12.01-18.11.23:694][  0]LogConfig: Setting CVar [[gc.AllowParallelGC:1]]
[2020.12.01-18.11.23:694][  0]LogConfig: Setting CVar [[gc.TimeBetweenPurgingPendingKillObjects:61.1]]
[2020.12.01-18.11.23:694][  0]LogConfig: Setting CVar [[gc.MaxObjectsInEditor:16777216]]
[2020.12.01-18.11.23:694][  0]LogConfig: Setting CVar [[gc.IncrementalBeginDestroyEnabled:1]]
[2020.12.01-18.11.23:694][  0]LogConfig: Setting CVar [[gc.CreateGCClusters:1]]
[2020.12.01-18.11.23:694][  0]LogConfig: Setting CVar [[gc.MinGCClusterSize:5]]
[2020.12.01-18.11.23:694][  0]LogConfig: Setting CVar [[gc.ActorClusteringEnabled:0]]
[2020.12.01-18.11.23:694][  0]LogConfig: Setting CVar [[gc.BlueprintClusteringEnabled:0]]
[2020.12.01-18.11.23:694][  0]LogConfig: Setting CVar [[gc.UseDisregardForGCOnDedicatedServers:0]]
[2020.12.01-18.11.23:694][  0]LogConfig: Applying CVar settings from Section [/Script/Engine.NetworkSettings] File [C:/Users/1804824/Desktop/UnrealYouTubeRepo/UnrealAnimationPracticeVids/MyProject/Saved/Config/Windows/Engine.ini]
[2020.12.01-18.11.23:694][  0]LogConfig: Applying CVar settings from Section [/Script/UnrealEd.CookerSettings] File [C:/Users/1804824/Desktop/UnrealYouTubeRepo/UnrealAnimationPracticeVids/MyProject/Saved/Config/Windows/Engine.ini]
[2020.12.01-18.11.23:701][  0]LogConfig: Applying CVar settings from Section [ViewDistanceQuality@3] File [C:/Users/1804824/Desktop/UnrealYouTubeRepo/UnrealAnimationPracticeVids/MyProject/Saved/Config/Windows/Scalability.ini]
[2020.12.01-18.11.23:701][  0]LogConfig: Setting CVar [[r.SkeletalMeshLODBias:0]]
[2020.12.01-18.11.23:701][  0]LogConfig: Setting CVar [[r.ViewDistanceScale:1.0]]
[2020.12.01-18.11.23:701][  0]LogConfig: Applying CVar settings from Section [AntiAliasingQuality@3] File [C:/Users/1804824/Desktop/UnrealYouTubeRepo/UnrealAnimationPracticeVids/MyProject/Saved/Config/Windows/Scalability.ini]
[2020.12.01-18.11.23:701][  0]LogConfig: Setting CVar [[r.PostProcessAAQuality:4]]
[2020.12.01-18.11.23:701][  0]LogConfig: Applying CVar settings from Section [ShadowQuality@3] File [C:/Users/1804824/Desktop/UnrealYouTubeRepo/UnrealAnimationPracticeVids/MyProject/Saved/Config/Windows/Scalability.ini]
[2020.12.01-18.11.23:701][  0]LogConfig: Setting CVar [[r.LightFunctionQuality:1]]
[2020.12.01-18.11.23:701][  0]LogConfig: Setting CVar [[r.ShadowQuality:5]]
[2020.12.01-18.11.23:701][  0]LogConfig: Setting CVar [[r.Shadow.CSM.MaxCascades:10]]
[2020.12.01-18.11.23:701][  0]LogConfig: Setting CVar [[r.Shadow.MaxResolution:2048]]
[2020.12.01-18.11.23:701][  0]LogConfig: Setting CVar [[r.Shadow.MaxCSMResolution:2048]]
[2020.12.01-18.11.23:701][  0]LogConfig: Setting CVar [[r.Shadow.RadiusThreshold:0.01]]
[2020.12.01-18.11.23:701][  0]LogConfig: Setting CVar [[r.Shadow.DistanceScale:1.0]]
[2020.12.01-18.11.23:701][  0]LogConfig: Setting CVar [[r.Shadow.CSM.TransitionScale:1.0]]
[2020.12.01-18.11.23:701][  0]LogConfig: Setting CVar [[r.Shadow.PreShadowResolutionFactor:1.0]]
[2020.12.01-18.11.23:701][  0]LogConfig: Setting CVar [[r.DistanceFieldShadowing:1]]
[2020.12.01-18.11.23:701][  0]LogConfig: Setting CVar [[r.DistanceFieldAO:1]]
[2020.12.01-18.11.23:701][  0]LogConfig: Setting CVar [[r.AOQuality:2]]
[2020.12.01-18.11.23:701][  0]LogConfig: Setting CVar [[r.VolumetricFog:1]]
[2020.12.01-18.11.23:702][  0]LogConfig: Setting CVar [[r.VolumetricFog.GridPixelSize:8]]
[2020.12.01-18.11.23:702][  0]LogConfig: Setting CVar [[r.VolumetricFog.GridSizeZ:128]]
[2020.12.01-18.11.23:702][  0]LogConfig: Setting CVar [[r.VolumetricFog.HistoryMissSupersampleCount:4]]
[2020.12.01-18.11.23:702][  0]LogConfig: Setting CVar [[r.LightMaxDrawDistanceScale:1]]
[2020.12.01-18.11.23:702][  0]LogConfig: Setting CVar [[r.CapsuleShadows:1]]
[2020.12.01-18.11.23:702][  0]LogConfig: Applying CVar settings from Section [PostProcessQuality@3] File [C:/Users/1804824/Desktop/UnrealYouTubeRepo/UnrealAnimationPracticeVids/MyProject/Saved/Config/Windows/Scalability.ini]
[2020.12.01-18.11.23:702][  0]LogConfig: Setting CVar [[r.MotionBlurQuality:4]]
[2020.12.01-18.11.23:702][  0]LogConfig: Setting CVar [[r.AmbientOcclusionMipLevelFactor:0.4]]
[2020.12.01-18.11.23:702][  0]LogConfig: Setting CVar [[r.AmbientOcclusionMaxQuality:100]]
[2020.12.01-18.11.23:702][  0]LogConfig: Setting CVar [[r.AmbientOcclusionLevels:-1]]
[2020.12.01-18.11.23:702][  0]LogConfig: Setting CVar [[r.AmbientOcclusionRadiusScale:1.0]]
[2020.12.01-18.11.23:702][  0]LogConfig: Setting CVar [[r.DepthOfFieldQuality:2]]
[2020.12.01-18.11.23:702][  0]LogConfig: Setting CVar [[r.RenderTargetPoolMin:400]]
[2020.12.01-18.11.23:702][  0]LogConfig: Setting CVar [[r.LensFlareQuality:2]]
[2020.12.01-18.11.23:702][  0]LogConfig: Setting CVar [[r.SceneColorFringeQuality:1]]
[2020.12.01-18.11.23:702][  0]LogConfig: Setting CVar [[r.EyeAdaptationQuality:2]]
[2020.12.01-18.11.23:702][  0]LogConfig: Setting CVar [[r.BloomQuality:5]]
[2020.12.01-18.11.23:702][  0]LogConfig: Setting CVar [[r.FastBlurThreshold:100]]
[2020.12.01-18.11.23:702][  0]LogConfig: Setting CVar [[r.Upscale.Quality:3]]
[2020.12.01-18.11.23:702][  0]LogConfig: Setting CVar [[r.Tonemapper.GrainQuantization:1]]
[2020.12.01-18.11.23:702][  0]LogConfig: Setting CVar [[r.LightShaftQuality:1]]
[2020.12.01-18.11.23:703][  0]LogConfig: Setting CVar [[r.Filter.SizeScale:1]]
[2020.12.01-18.11.23:703][  0]LogConfig: Setting CVar [[r.Tonemapper.Quality:5]]
[2020.12.01-18.11.23:703][  0]LogConfig: Setting CVar [[r.DOF.Gather.AccumulatorQuality:1        ; higher gathering accumulator quality]]
[2020.12.01-18.11.23:703][  0]LogConfig: Setting CVar [[r.DOF.Gather.PostfilterMethod:1          ; Median3x3 postfilering method]]
[2020.12.01-18.11.23:703][  0]LogConfig: Setting CVar [[r.DOF.Gather.EnableBokehSettings:0       ; no bokeh simulation when gathering]]
[2020.12.01-18.11.23:703][  0]LogConfig: Setting CVar [[r.DOF.Gather.RingCount:4                 ; medium number of samples when gathering]]
[2020.12.01-18.11.23:703][  0]LogConfig: Setting CVar [[r.DOF.Scatter.ForegroundCompositing:1    ; additive foreground scattering]]
[2020.12.01-18.11.23:703][  0]LogConfig: Setting CVar [[r.DOF.Scatter.BackgroundCompositing:2    ; additive background scattering]]
[2020.12.01-18.11.23:703][  0]LogConfig: Setting CVar [[r.DOF.Scatter.EnableBokehSettings:1      ; bokeh simulation when scattering]]
[2020.12.01-18.11.23:703][  0]LogConfig: Setting CVar [[r.DOF.Scatter.MaxSpriteRatio:0.1         ; only a maximum of 10% of scattered bokeh]]
[2020.12.01-18.11.23:703][  0]LogConfig: Setting CVar [[r.DOF.Recombine.Quality:1                ; cheap slight out of focus]]
[2020.12.01-18.11.23:703][  0]LogConfig: Setting CVar [[r.DOF.Recombine.EnableBokehSettings:0    ; no bokeh simulation on slight out of focus]]
[2020.12.01-18.11.23:703][  0]LogConfig: Setting CVar [[r.DOF.TemporalAAQuality:1                ; more stable temporal accumulation]]
[2020.12.01-18.11.23:703][  0]LogConfig: Setting CVar [[r.DOF.Kernel.MaxForegroundRadius:0.025]]
[2020.12.01-18.11.23:703][  0]LogConfig: Setting CVar [[r.DOF.Kernel.MaxBackgroundRadius:0.025]]
[2020.12.01-18.11.23:703][  0]LogConfig: Applying CVar settings from Section [TextureQuality@3] File [C:/Users/1804824/Desktop/UnrealYouTubeRepo/UnrealAnimationPracticeVids/MyProject/Saved/Config/Windows/Scalability.ini]
[2020.12.01-18.11.23:703][  0]LogConfig: Setting CVar [[r.Streaming.MipBias:0]]
[2020.12.01-18.11.23:703][  0]LogConfig: Setting CVar [[r.Streaming.AmortizeCPUToGPUCopy:0]]
[2020.12.01-18.11.23:703][  0]LogConfig: Setting CVar [[r.Streaming.MaxNumTexturesToStreamPerFrame:0]]
[2020.12.01-18.11.23:703][  0]LogConfig: Setting CVar [[r.Streaming.Boost:1]]
[2020.12.01-18.11.23:703][  0]LogConfig: Setting CVar [[r.MaxAnisotropy:8]]
[2020.12.01-18.11.23:703][  0]LogConfig: Setting CVar [[r.Streaming.LimitPoolSizeToVRAM:0]]
[2020.12.01-18.11.23:703][  0]LogConfig: Setting CVar [[r.Streaming.PoolSize:1000]]
[2020.12.01-18.11.23:703][  0]LogConfig: Setting CVar [[r.Streaming.MaxEffectiveScreenSize:0]]
[2020.12.01-18.11.23:703][  0]LogConfig: Applying CVar settings from Section [EffectsQuality@3] File [C:/Users/1804824/Desktop/UnrealYouTubeRepo/UnrealAnimationPracticeVids/MyProject/Saved/Config/Windows/Scalability.ini]
[2020.12.01-18.11.23:704][  0]LogConfig: Setting CVar [[r.TranslucencyLightingVolumeDim:64]]
[2020.12.01-18.11.23:704][  0]LogConfig: Setting CVar [[r.RefractionQuality:2]]
[2020.12.01-18.11.23:704][  0]LogConfig: Setting CVar [[r.SSR.Quality:3]]
[2020.12.01-18.11.23:704][  0]LogConfig: Setting CVar [[r.SceneColorFormat:4]]
[2020.12.01-18.11.23:704][  0]LogConfig: Setting CVar [[r.DetailMode:2]]
[2020.12.01-18.11.23:704][  0]LogConfig: Setting CVar [[r.TranslucencyVolumeBlur:1]]
[2020.12.01-18.11.23:704][  0]LogConfig: Setting CVar [[r.MaterialQualityLevel:1 ; High quality]]
[2020.12.01-18.11.23:704][  0]LogConfig: Setting CVar [[r.SSS.Scale:1]]
[2020.12.01-18.11.23:704][  0]LogConfig: Setting CVar [[r.SSS.SampleSet:2]]
[2020.12.01-18.11.23:704][  0]LogConfig: Setting CVar [[r.SSS.Quality:1]]
[2020.12.01-18.11.23:704][  0]LogConfig: Setting CVar [[r.SSS.HalfRes:1]]
[2020.12.01-18.11.23:704][  0]LogConfig: Setting CVar [[r.EmitterSpawnRateScale:1.0]]
[2020.12.01-18.11.23:704][  0]LogConfig: Setting CVar [[r.ParticleLightQuality:2]]
[2020.12.01-18.11.23:704][  0]LogConfig: Applying CVar settings from Section [FoliageQuality@3] File [C:/Users/1804824/Desktop/UnrealYouTubeRepo/UnrealAnimationPracticeVids/MyProject/Saved/Config/Windows/Scalability.ini]
[2020.12.01-18.11.23:704][  0]LogConfig: Setting CVar [[foliage.DensityScale:1.0]]
[2020.12.01-18.11.23:704][  0]LogConfig: Setting CVar [[grass.DensityScale:1.0]]
[2020.12.01-18.11.23:704][  0]LogInit: Selected Device Profile: [Windows]
[2020.12.01-18.11.23:704][  0]LogInit: Applying CVar settings loaded from the selected device profile: [Windows]
[2020.12.01-18.11.23:712][  0]LogHAL: Display: Platform has ~ 32 GB [34169503744 / 34359738368 / 32], which maps to Largest [LargestMinGB=32, LargerMinGB=12, DefaultMinGB=8, SmallerMinGB=6, SmallestMinGB=0)
[2020.12.01-18.11.23:712][  0]LogConfig: Setting CVar [[r.Vulkan.UseRealUBs:0		; Required until we fix HLR fall-out]]
[2020.12.01-18.11.23:712][  0]LogInit: Going up to parent DeviceProfile []
[2020.12.01-18.11.23:713][  0]LogConfig: Applying CVar settings from Section [ViewDistanceQuality@3] File [C:/Users/1804824/Desktop/UnrealYouTubeRepo/UnrealAnimationPracticeVids/MyProject/Saved/Config/Windows/Scalability.ini]
[2020.12.01-18.11.23:713][  0]LogConfig: Setting CVar [[r.SkeletalMeshLODBias:0]]
[2020.12.01-18.11.23:713][  0]LogConfig: Setting CVar [[r.ViewDistanceScale:1.0]]
[2020.12.01-18.11.23:713][  0]LogConfig: Applying CVar settings from Section [AntiAliasingQuality@3] File [C:/Users/1804824/Desktop/UnrealYouTubeRepo/UnrealAnimationPracticeVids/MyProject/Saved/Config/Windows/Scalability.ini]
[2020.12.01-18.11.23:713][  0]LogConfig: Setting CVar [[r.PostProcessAAQuality:4]]
[2020.12.01-18.11.23:713][  0]LogConfig: Applying CVar settings from Section [ShadowQuality@3] File [C:/Users/1804824/Desktop/UnrealYouTubeRepo/UnrealAnimationPracticeVids/MyProject/Saved/Config/Windows/Scalability.ini]
[2020.12.01-18.11.23:713][  0]LogConfig: Setting CVar [[r.LightFunctionQuality:1]]
[2020.12.01-18.11.23:713][  0]LogConfig: Setting CVar [[r.ShadowQuality:5]]
[2020.12.01-18.11.23:713][  0]LogConfig: Setting CVar [[r.Shadow.CSM.MaxCascades:10]]
[2020.12.01-18.11.23:713][  0]LogConfig: Setting CVar [[r.Shadow.MaxResolution:2048]]
[2020.12.01-18.11.23:713][  0]LogConfig: Setting CVar [[r.Shadow.MaxCSMResolution:2048]]
[2020.12.01-18.11.23:714][  0]LogConfig: Setting CVar [[r.Shadow.RadiusThreshold:0.01]]
[2020.12.01-18.11.23:714][  0]LogConfig: Setting CVar [[r.Shadow.DistanceScale:1.0]]
[2020.12.01-18.11.23:714][  0]LogConfig: Setting CVar [[r.Shadow.CSM.TransitionScale:1.0]]
[2020.12.01-18.11.23:714][  0]LogConfig: Setting CVar [[r.Shadow.PreShadowResolutionFactor:1.0]]
[2020.12.01-18.11.23:714][  0]LogConfig: Setting CVar [[r.DistanceFieldShadowing:1]]
[2020.12.01-18.11.23:714][  0]LogConfig: Setting CVar [[r.DistanceFieldAO:1]]
[2020.12.01-18.11.23:714][  0]LogConfig: Setting CVar [[r.AOQuality:2]]
[2020.12.01-18.11.23:714][  0]LogConfig: Setting CVar [[r.VolumetricFog:1]]
[2020.12.01-18.11.23:714][  0]LogConfig: Setting CVar [[r.VolumetricFog.GridPixelSize:8]]
[2020.12.01-18.11.23:714][  0]LogConfig: Setting CVar [[r.VolumetricFog.GridSizeZ:128]]
[2020.12.01-18.11.23:714][  0]LogConfig: Setting CVar [[r.VolumetricFog.HistoryMissSupersampleCount:4]]
[2020.12.01-18.11.23:714][  0]LogConfig: Setting CVar [[r.LightMaxDrawDistanceScale:1]]
[2020.12.01-18.11.23:714][  0]LogConfig: Setting CVar [[r.CapsuleShadows:1]]
[2020.12.01-18.11.23:714][  0]LogConfig: Applying CVar settings from Section [PostProcessQuality@3] File [C:/Users/1804824/Desktop/UnrealYouTubeRepo/UnrealAnimationPracticeVids/MyProject/Saved/Config/Windows/Scalability.ini]
[2020.12.01-18.11.23:714][  0]LogConfig: Setting CVar [[r.MotionBlurQuality:4]]
[2020.12.01-18.11.23:714][  0]LogConfig: Setting CVar [[r.AmbientOcclusionMipLevelFactor:0.4]]
[2020.12.01-18.11.23:714][  0]LogConfig: Setting CVar [[r.AmbientOcclusionMaxQuality:100]]
[2020.12.01-18.11.23:714][  0]LogConfig: Setting CVar [[r.AmbientOcclusionLevels:-1]]
[2020.12.01-18.11.23:714][  0]LogConfig: Setting CVar [[r.AmbientOcclusionRadiusScale:1.0]]
[2020.12.01-18.11.23:714][  0]LogConfig: Setting CVar [[r.DepthOfFieldQuality:2]]
[2020.12.01-18.11.23:714][  0]LogConfig: Setting CVar [[r.RenderTargetPoolMin:400]]
[2020.12.01-18.11.23:715][  0]LogConfig: Setting CVar [[r.LensFlareQuality:2]]
[2020.12.01-18.11.23:715][  0]LogConfig: Setting CVar [[r.SceneColorFringeQuality:1]]
[2020.12.01-18.11.23:715][  0]LogConfig: Setting CVar [[r.EyeAdaptationQuality:2]]
[2020.12.01-18.11.23:715][  0]LogConfig: Setting CVar [[r.BloomQuality:5]]
[2020.12.01-18.11.23:715][  0]LogConfig: Setting CVar [[r.FastBlurThreshold:100]]
[2020.12.01-18.11.23:715][  0]LogConfig: Setting CVar [[r.Upscale.Quality:3]]
[2020.12.01-18.11.23:715][  0]LogConfig: Setting CVar [[r.Tonemapper.GrainQuantization:1]]
[2020.12.01-18.11.23:715][  0]LogConfig: Setting CVar [[r.LightShaftQuality:1]]
[2020.12.01-18.11.23:715][  0]LogConfig: Setting CVar [[r.Filter.SizeScale:1]]
[2020.12.01-18.11.23:715][  0]LogConfig: Setting CVar [[r.Tonemapper.Quality:5]]
[2020.12.01-18.11.23:715][  0]LogConfig: Setting CVar [[r.DOF.Gather.AccumulatorQuality:1        ; higher gathering accumulator quality]]
[2020.12.01-18.11.23:715][  0]LogConfig: Setting CVar [[r.DOF.Gather.PostfilterMethod:1          ; Median3x3 postfilering method]]
[2020.12.01-18.11.23:715][  0]LogConfig: Setting CVar [[r.DOF.Gather.EnableBokehSettings:0       ; no bokeh simulation when gathering]]
[2020.12.01-18.11.23:715][  0]LogConfig: Setting CVar [[r.DOF.Gather.RingCount:4                 ; medium number of samples when gathering]]
[2020.12.01-18.11.23:715][  0]LogConfig: Setting CVar [[r.DOF.Scatter.ForegroundCompositing:1    ; additive foreground scattering]]
[2020.12.01-18.11.23:715][  0]LogConfig: Setting CVar [[r.DOF.Scatter.BackgroundCompositing:2    ; additive background scattering]]
[2020.12.01-18.11.23:715][  0]LogConfig: Setting CVar [[r.DOF.Scatter.EnableBokehSettings:1      ; bokeh simulation when scattering]]
[2020.12.01-18.11.23:715][  0]LogConfig: Setting CVar [[r.DOF.Scatter.MaxSpriteRatio:0.1         ; only a maximum of 10% of scattered bokeh]]
[2020.12.01-18.11.23:715][  0]LogConfig: Setting CVar [[r.DOF.Recombine.Quality:1                ; cheap slight out of focus]]
[2020.12.01-18.11.23:715][  0]LogConfig: Setting CVar [[r.DOF.Recombine.EnableBokehSettings:0    ; no bokeh simulation on slight out of focus]]
[2020.12.01-18.11.23:715][  0]LogConfig: Setting CVar [[r.DOF.TemporalAAQuality:1                ; more stable temporal accumulation]]
[2020.12.01-18.11.23:715][  0]LogConfig: Setting CVar [[r.DOF.Kernel.MaxForegroundRadius:0.025]]
[2020.12.01-18.11.23:716][  0]LogConfig: Setting CVar [[r.DOF.Kernel.MaxBackgroundRadius:0.025]]
[2020.12.01-18.11.23:716][  0]LogConfig: Applying CVar settings from Section [TextureQuality@3] File [C:/Users/1804824/Desktop/UnrealYouTubeRepo/UnrealAnimationPracticeVids/MyProject/Saved/Config/Windows/Scalability.ini]
[2020.12.01-18.11.23:716][  0]LogConfig: Setting CVar [[r.Streaming.MipBias:0]]
[2020.12.01-18.11.23:716][  0]LogConfig: Setting CVar [[r.Streaming.AmortizeCPUToGPUCopy:0]]
[2020.12.01-18.11.23:716][  0]LogConfig: Setting CVar [[r.Streaming.MaxNumTexturesToStreamPerFrame:0]]
[2020.12.01-18.11.23:716][  0]LogConfig: Setting CVar [[r.Streaming.Boost:1]]
[2020.12.01-18.11.23:716][  0]LogConfig: Setting CVar [[r.MaxAnisotropy:8]]
[2020.12.01-18.11.23:716][  0]LogConfig: Setting CVar [[r.Streaming.LimitPoolSizeToVRAM:0]]
[2020.12.01-18.11.23:716][  0]LogConfig: Setting CVar [[r.Streaming.PoolSize:1000]]
[2020.12.01-18.11.23:716][  0]LogConfig: Setting CVar [[r.Streaming.MaxEffectiveScreenSize:0]]
[2020.12.01-18.11.23:716][  0]LogConfig: Applying CVar settings from Section [EffectsQuality@3] File [C:/Users/1804824/Desktop/UnrealYouTubeRepo/UnrealAnimationPracticeVids/MyProject/Saved/Config/Windows/Scalability.ini]
[2020.12.01-18.11.23:716][  0]LogConfig: Setting CVar [[r.TranslucencyLightingVolumeDim:64]]
[2020.12.01-18.11.23:716][  0]LogConfig: Setting CVar [[r.RefractionQuality:2]]
[2020.12.01-18.11.23:716][  0]LogConfig: Setting CVar [[r.SSR.Quality:3]]
[2020.12.01-18.11.23:716][  0]LogConfig: Setting CVar [[r.SceneColorFormat:4]]
[2020.12.01-18.11.23:716][  0]LogConfig: Setting CVar [[r.DetailMode:2]]
[2020.12.01-18.11.23:716][  0]LogConfig: Setting CVar [[r.TranslucencyVolumeBlur:1]]
[2020.12.01-18.11.23:716][  0]LogConfig: Setting CVar [[r.MaterialQualityLevel:1 ; High quality]]
[2020.12.01-18.11.23:716][  0]LogConfig: Setting CVar [[r.SSS.Scale:1]]
[2020.12.01-18.11.23:716][  0]LogConfig: Setting CVar [[r.SSS.SampleSet:2]]
[2020.12.01-18.11.23:716][  0]LogConfig: Setting CVar [[r.SSS.Quality:1]]
[2020.12.01-18.11.23:716][  0]LogConfig: Setting CVar [[r.SSS.HalfRes:1]]
[2020.12.01-18.11.23:716][  0]LogConfig: Setting CVar [[r.EmitterSpawnRateScale:1.0]]
[2020.12.01-18.11.23:716][  0]LogConfig: Setting CVar [[r.ParticleLightQuality:2]]
[2020.12.01-18.11.23:716][  0]LogConfig: Applying CVar settings from Section [FoliageQuality@3] File [C:/Users/1804824/Desktop/UnrealYouTubeRepo/UnrealAnimationPracticeVids/MyProject/Saved/Config/Windows/Scalability.ini]
[2020.12.01-18.11.23:716][  0]LogConfig: Setting CVar [[foliage.DensityScale:1.0]]
[2020.12.01-18.11.23:717][  0]LogConfig: Setting CVar [[grass.DensityScale:1.0]]
[2020.12.01-18.11.23:717][  0]LogConfig: Applying CVar settings from Section [Startup] File [../../../Engine/Config/ConsoleVariables.ini]
[2020.12.01-18.11.23:717][  0]LogConfig: Setting CVar [[net.UseAdaptiveNetUpdateFrequency:0]]
[2020.12.01-18.11.23:717][  0]LogConfig: Setting CVar [[p.chaos.AllowCreatePhysxBodies:1]]
[2020.12.01-18.11.23:717][  0]LogConfig: Applying CVar settings from Section [ConsoleVariables] File [C:/Users/1804824/Desktop/UnrealYouTubeRepo/UnrealAnimationPracticeVids/MyProject/Saved/Config/Windows/Engine.ini]
[2020.12.01-18.11.23:717][  0]LogInit: Computer: UL04PCJL11D-18
[2020.12.01-18.11.23:717][  0]LogInit: User: 1804824
[2020.12.01-18.11.23:717][  0]LogInit: CPU Page size=4096, Cores=8
[2020.12.01-18.11.23:717][  0]LogInit: High frequency timer resolution =10.000000 MHz
[2020.12.01-18.11.23:717][  0]LogMemory: Memory total: Physical=31.8GB (32GB approx)
[2020.12.01-18.11.23:717][  0]LogMemory: Platform Memory Stats for Windows
[2020.12.01-18.11.23:717][  0]LogMemory: Process Physical Memory: 103.77 MB used, 103.77 MB peak
[2020.12.01-18.11.23:717][  0]LogMemory: Process Virtual Memory: 95.23 MB used, 95.23 MB peak
[2020.12.01-18.11.23:718][  0]LogMemory: Physical Memory: 9739.26 MB used,  22847.32 MB free, 32586.58 MB total
[2020.12.01-18.11.23:718][  0]LogMemory: Virtual Memory: 4680.61 MB used,  134213048.00 MB free, 134217728.00 MB total
[2020.12.01-18.11.23:896][  0]LogInit: Using OS detected language (en-US).
[2020.12.01-18.11.23:896][  0]LogInit: Using OS detected locale (en-GB).
[2020.12.01-18.11.23:897][  0]LogTextLocalizationManager: No specific localization for 'en-US' exists, so the 'en' localization will be used.
[2020.12.01-18.11.24:015][  0]LogInit: Setting process to per monitor DPI aware
[2020.12.01-18.11.24:056][  0]LogSlate: New Slate User Created.  User Index 0, Is Virtual User: 0
[2020.12.01-18.11.24:056][  0]LogSlate: Slate User Registered.  User Index 0, Is Virtual User: 0
[2020.12.01-18.11.24:297][  0]LogHMD: Failed to initialize OpenVR with code 110
[2020.12.01-18.11.24:297][  0]LogD3D11RHI: D3D11 adapters:
[2020.12.01-18.11.24:376][  0]LogD3D11RHI:    0. 'NVIDIA GeForce RTX 2080' (Feature Level 11_0)
[2020.12.01-18.11.24:376][  0]LogD3D11RHI:       8010/0/16293 MB DedicatedVideo/DedicatedSystem/SharedSystem, Outputs:2, VendorId:0x10de
[2020.12.01-18.11.24:412][  0]LogD3D11RHI:    1. 'Intel(R) UHD Graphics 630' (Feature Level 11_0)
[2020.12.01-18.11.24:413][  0]LogD3D11RHI:       128/0/16293 MB DedicatedVideo/DedicatedSystem/SharedSystem, Outputs:0, VendorId:0x8086
[2020.12.01-18.11.24:417][  0]LogD3D11RHI:    2. 'Microsoft Basic Render Driver' (Feature Level 11_0)
[2020.12.01-18.11.24:417][  0]LogD3D11RHI:       0/0/16293 MB DedicatedVideo/DedicatedSystem/SharedSystem, Outputs:0, VendorId:0x1414
[2020.12.01-18.11.24:417][  0]LogD3D11RHI: Chosen D3D11 Adapter: 0
[2020.12.01-18.11.24:428][  0]LogD3D11RHI: Creating new Direct3DDevice
[2020.12.01-18.11.24:428][  0]LogD3D11RHI:     GPU DeviceId: 0x1e87 (for the marketing name, search the web for "GPU Device Id")
[2020.12.01-18.11.24:428][  0]LogWindows: EnumDisplayDevices:
[2020.12.01-18.11.24:429][  0]LogWindows:    0. 'NVIDIA GeForce RTX 2080' (P:1 D:1)
[2020.12.01-18.11.24:429][  0]LogWindows:    1. 'NVIDIA GeForce RTX 2080' (P:0 D:1)
[2020.12.01-18.11.24:429][  0]LogWindows:    2. 'NVIDIA GeForce RTX 2080' (P:0 D:0)
[2020.12.01-18.11.24:429][  0]LogWindows:    3. 'NVIDIA GeForce RTX 2080' (P:0 D:0)
[2020.12.01-18.11.24:430][  0]LogWindows:    4. 'Intel(R) UHD Graphics 630' (P:0 D:0)
[2020.12.01-18.11.24:430][  0]LogWindows:    5. 'Intel(R) UHD Graphics 630' (P:0 D:0)
[2020.12.01-18.11.24:430][  0]LogWindows:    6. 'Intel(R) UHD Graphics 630' (P:0 D:0)
[2020.12.01-18.11.24:430][  0]LogWindows: DebugString: PrimaryIsNotTheChoosenAdapter PrimaryIsNotTheChoosenAdapter PrimaryIsNotTheChoosenAdapter FoundDriverCount:4 
[2020.12.01-18.11.24:430][  0]LogD3D11RHI:     Adapter Name: NVIDIA GeForce RTX 2080
[2020.12.01-18.11.24:431][  0]LogD3D11RHI:   Driver Version: 436.15 (internal:26.21.14.3615, unified:436.15)
[2020.12.01-18.11.24:431][  0]LogD3D11RHI:      Driver Date: 8-24-2019
[2020.12.01-18.11.24:431][  0]LogRHI: Texture pool is 5607 MB (70% of 8010 MB)
[2020.12.01-18.11.24:478][  0]LogD3D11RHI: Async texture creation enabled
[2020.12.01-18.11.24:481][  0]LogRendererCore: FGlobalReadBuffer::InitRHI
[2020.12.01-18.11.24:482][  0]LogRendererCore: FGlobalReadBuffer::InitRHI
[2020.12.01-18.11.24:482][  0]LogRendererCore: FGlobalReadBuffer::InitRHI
[2020.12.01-18.11.24:489][  0]LogD3D11RHI: GPU Timing Frequency: 1000.000000 (Debug: 2 1)
[2020.12.01-18.11.24:811][  0]LogTemp: Display: Module 'AllDesktopTargetPlatform' loaded TargetPlatform 'AllDesktop'
[2020.12.01-18.11.24:824][  0]LogTemp: Display: Module 'MacClientTargetPlatform' loaded TargetPlatform 'MacClient'
[2020.12.01-18.11.24:837][  0]LogTemp: Display: Module 'MacNoEditorTargetPlatform' loaded TargetPlatform 'MacNoEditor'
[2020.12.01-18.11.24:850][  0]LogTemp: Display: Module 'MacServerTargetPlatform' loaded TargetPlatform 'MacServer'
[2020.12.01-18.11.24:863][  0]LogTemp: Display: Module 'MacTargetPlatform' loaded TargetPlatform 'Mac'
[2020.12.01-18.11.24:876][  0]LogTemp: Display: Module 'WindowsClientTargetPlatform' loaded TargetPlatform 'WindowsClient'
[2020.12.01-18.11.24:889][  0]LogTemp: Display: Module 'WindowsNoEditorTargetPlatform' loaded TargetPlatform 'WindowsNoEditor'
[2020.12.01-18.11.24:902][  0]LogTemp: Display: Module 'WindowsServerTargetPlatform' loaded TargetPlatform 'WindowsServer'
[2020.12.01-18.11.24:909][  0]LogTemp: Display: Module 'WindowsTargetPlatform' loaded TargetPlatform 'Windows'
[2020.12.01-18.11.24:971][  0]LogTemp: Display: Module 'AndroidTargetPlatform' loaded TargetPlatform 'Android'
[2020.12.01-18.11.24:971][  0]LogTemp: Display: Module 'AndroidTargetPlatform' loaded TargetPlatform 'Android_ASTC'
[2020.12.01-18.11.24:971][  0]LogTemp: Display: Module 'AndroidTargetPlatform' loaded TargetPlatform 'Android_ATC'
[2020.12.01-18.11.24:971][  0]LogTemp: Display: Module 'AndroidTargetPlatform' loaded TargetPlatform 'Android_DXT'
[2020.12.01-18.11.24:971][  0]LogTemp: Display: Module 'AndroidTargetPlatform' loaded TargetPlatform 'Android_ETC1'
[2020.12.01-18.11.24:971][  0]LogTemp: Display: Module 'AndroidTargetPlatform' loaded TargetPlatform 'Android_ETC1a'
[2020.12.01-18.11.24:971][  0]LogTemp: Display: Module 'AndroidTargetPlatform' loaded TargetPlatform 'Android_ETC2'
[2020.12.01-18.11.24:971][  0]LogTemp: Display: Module 'AndroidTargetPlatform' loaded TargetPlatform 'Android_PVRTC'
[2020.12.01-18.11.24:971][  0]LogTemp: Display: Module 'AndroidTargetPlatform' loaded TargetPlatform 'AndroidClient'
[2020.12.01-18.11.24:971][  0]LogTemp: Display: Module 'AndroidTargetPlatform' loaded TargetPlatform 'Android_ASTCClient'
[2020.12.01-18.11.24:971][  0]LogTemp: Display: Module 'AndroidTargetPlatform' loaded TargetPlatform 'Android_ATCClient'
[2020.12.01-18.11.24:971][  0]LogTemp: Display: Module 'AndroidTargetPlatform' loaded TargetPlatform 'Android_DXTClient'
[2020.12.01-18.11.24:971][  0]LogTemp: Display: Module 'AndroidTargetPlatform' loaded TargetPlatform 'Android_ETC1Client'
[2020.12.01-18.11.24:971][  0]LogTemp: Display: Module 'AndroidTargetPlatform' loaded TargetPlatform 'Android_ETC1aClient'
[2020.12.01-18.11.24:971][  0]LogTemp: Display: Module 'AndroidTargetPlatform' loaded TargetPlatform 'Android_ETC2Client'
[2020.12.01-18.11.24:971][  0]LogTemp: Display: Module 'AndroidTargetPlatform' loaded TargetPlatform 'Android_PVRTCClient'
[2020.12.01-18.11.24:971][  0]LogTemp: Display: Module 'AndroidTargetPlatform' loaded TargetPlatform 'Android_Multi'
[2020.12.01-18.11.24:971][  0]LogTemp: Display: Module 'AndroidTargetPlatform' loaded TargetPlatform 'Android_MultiClient'
[2020.12.01-18.11.24:974][  0]LogTemp: Display: Module 'HTML5TargetPlatform' loaded TargetPlatform 'HTML5'
[2020.12.01-18.11.25:026][  0]LogTemp: Display: Module 'IOSTargetPlatform' loaded TargetPlatform 'IOSClient'
[2020.12.01-18.11.25:026][  0]LogTemp: Display: Module 'IOSTargetPlatform' loaded TargetPlatform 'IOS'
[2020.12.01-18.11.25:047][  0]LogTemp: Display: Module 'TVOSTargetPlatform' loaded TargetPlatform 'TVOSClient'
[2020.12.01-18.11.25:047][  0]LogTemp: Display: Module 'TVOSTargetPlatform' loaded TargetPlatform 'TVOS'
[2020.12.01-18.11.25:059][  0]LogTemp: Display: Module 'LinuxClientTargetPlatform' loaded TargetPlatform 'LinuxClient'
[2020.12.01-18.11.25:070][  0]LogTemp: Display: Module 'LinuxNoEditorTargetPlatform' loaded TargetPlatform 'LinuxNoEditor'
[2020.12.01-18.11.25:082][  0]LogTemp: Display: Module 'LinuxServerTargetPlatform' loaded TargetPlatform 'LinuxServer'
[2020.12.01-18.11.25:094][  0]LogTemp: Display: Module 'LinuxTargetPlatform' loaded TargetPlatform 'Linux'
[2020.12.01-18.11.25:132][  0]LogTemp: Display: Module 'LuminTargetPlatform' loaded TargetPlatform 'Lumin'
[2020.12.01-18.11.25:132][  0]LogTemp: Display: Module 'LuminTargetPlatform' loaded TargetPlatform 'LuminClient'
[2020.12.01-18.11.25:133][  0]LogTargetPlatformManager: Display: Building Assets For Windows
[2020.12.01-18.11.25:146][  0]LogAudioDebug: Display: Lib vorbis DLL was dynamically loaded.
[2020.12.01-18.11.25:214][  0]LogShaderCompilers: Guid format shader working directory is -45 characters bigger than the processId version (../../../../../Users/1804824/Desktop/UnrealYouTubeRepo/UnrealAnimationPracticeVids/MyProject/Intermediate/Shaders/WorkingDirectory/20824/).
[2020.12.01-18.11.25:215][  0]LogShaderCompilers: Cleaned the shader compiler working directory 'C:/Users/1804824/AppData/Local/Temp/UnrealShaderWorkingDir/A646B79B44EED83F675F239CE89D890E/'.
[2020.12.01-18.11.25:216][  0]LogXGEController: Cleaning working directory: C:/Users/1804824/AppData/Local/Temp/UnrealXGEWorkingDir/
[2020.12.01-18.11.25:217][  0]LogXGEController: Cannot use XGE Controller as Incredibuild is not installed on this machine.
[2020.12.01-18.11.25:217][  0]LogShaderCompilers: Cannot use XGE Shader Compiler as Incredibuild is not installed on this machine.
[2020.12.01-18.11.25:217][  0]LogShaderCompilers: Display: Using Local Shader Compiler.
[2020.12.01-18.11.25:676][  0]LogDerivedDataCache: Display: Max Cache Size: 512 MB
[2020.12.01-18.11.25:712][  0]LogDerivedDataCache: Loaded boot cache 0.04s 79MB C:/Users/1804824/AppData/Local/UnrealEngine/4.22/DerivedDataCache/Boot.ddc.
[2020.12.01-18.11.25:713][  0]LogDerivedDataCache: Display: Loaded Boot cache: C:/Users/1804824/AppData/Local/UnrealEngine/4.22/DerivedDataCache/Boot.ddc
[2020.12.01-18.11.25:713][  0]LogDerivedDataCache: FDerivedDataBackendGraph:  Pak pak cache file ../../../../../Users/1804824/Desktop/UnrealYouTubeRepo/UnrealAnimationPracticeVids/MyProject/DerivedDataCache/DDC.ddp not found, will not use a pak cache.
[2020.12.01-18.11.25:713][  0]LogDerivedDataCache: Unable to find inner node Pak for hierarchical cache Hierarchy.
[2020.12.01-18.11.25:713][  0]LogDerivedDataCache: FDerivedDataBackendGraph:  CompressedPak pak cache file ../../../../../Users/1804824/Desktop/UnrealYouTubeRepo/UnrealAnimationPracticeVids/MyProject/DerivedDataCache/Compressed.ddp not found, will not use a pak cache.
[2020.12.01-18.11.25:713][  0]LogDerivedDataCache: Unable to find inner node CompressedPak for hierarchical cache Hierarchy.
[2020.12.01-18.11.25:722][  0]LogDerivedDataCache: Display: Pak cache opened for reading ../../../Engine/DerivedDataCache/Compressed.ddp.
[2020.12.01-18.11.25:722][  0]LogDerivedDataCache: FDerivedDataBackendGraph:  EnterprisePak pak cache file ../../../Enterprise/DerivedDataCache/Compressed.ddp not found, will not use a pak cache.
[2020.12.01-18.11.25:722][  0]LogDerivedDataCache: Unable to find inner node EnterprisePak for hierarchical cache Hierarchy.
[2020.12.01-18.11.25:736][  0]LogDerivedDataCache: Using Local data cache path C:/Users/1804824/AppData/Local/UnrealEngine/Common/DerivedDataCache: Writable
[2020.12.01-18.11.25:736][  0]LogDerivedDataCache: Shared data cache path not found in *engine.ini, will not use an Shared cache.
[2020.12.01-18.11.25:736][  0]LogDerivedDataCache: Unable to find inner node Shared for hierarchical cache Hierarchy.
[2020.12.01-18.11.25:751][  0]LogMaterial: Verifying Global Shaders for PCD3D_SM5
[2020.12.01-18.11.25:752][  0]LogSlate: Using FreeType 2.6.0
[2020.12.01-18.11.25:753][  0]LogSlate: SlateFontServices - WITH_FREETYPE: 1, WITH_HARFBUZZ: 1
[2020.12.01-18.11.25:848][  0]LogAssetRegistry: FAssetRegistry took 0.0335 seconds to start up
[2020.12.01-18.11.26:093][  0]LogInit: Selected Device Profile: [Windows]
[2020.12.01-18.11.26:211][  0]LogMeshReduction: Using QuadricMeshReduction for automatic static mesh reduction
[2020.12.01-18.11.26:211][  0]LogMeshReduction: Using SimplygonMeshReduction for automatic skeletal mesh reduction
[2020.12.01-18.11.26:211][  0]LogMeshReduction: Using ProxyLODMeshReduction for automatic mesh merging
[2020.12.01-18.11.26:211][  0]LogMeshReduction: No distributed automatic mesh merging module available
[2020.12.01-18.11.26:211][  0]LogMeshMerging: No distributed automatic mesh merging module available
[2020.12.01-18.11.26:219][  0]LogNetVersion: MyProject 1.0.0, NetCL: 5660361, EngineNetVer: 10, GameNetVer: 0 (Checksum: 2788865488)
[2020.12.01-18.11.26:508][  0]LogPackageLocalizationCache: Processed 10 localized package path(s) for 1 prioritized culture(s) in 0.024440 seconds
[2020.12.01-18.11.26:512][  0]LogUObjectArray: 42205 objects as part of root set at end of initial load.
[2020.12.01-18.11.26:512][  0]LogUObjectAllocator: 7325032 out of 0 bytes used by permanent object pool.
[2020.12.01-18.11.26:512][  0]LogUObjectArray: CloseDisregardForGC: 0/0 objects in disregard for GC pool
[2020.12.01-18.11.27:472][  0]LogTcpMessaging: Initializing TcpMessaging bridge
[2020.12.01-18.11.27:487][  0]LogUdpMessaging: Initializing bridge on interface 0.0.0.0:0 to multicast group 230.0.0.1:6666.
[2020.12.01-18.11.27:860][  0]SourceControl: Source control is disabled
[2020.12.01-18.11.27:860][  0]SourceControl: Source control is disabled
[2020.12.01-18.11.27:862][  0]SourceControl: Source control is disabled
[2020.12.01-18.11.27:865][  0]SourceControl: Source control is disabled
[2020.12.01-18.11.27:973][  0]LogAndroidPermission: UAndroidPermissionCallbackProxy::GetInstance
[2020.12.01-18.11.28:185][  0]LogOcInput: OculusInput pre-init called
[2020.12.01-18.11.29:009][  0]LogEngine: Initializing Engine...
[2020.12.01-18.11.29:010][  0]LogHMD: Failed to initialize OpenVR with code 110
[2020.12.01-18.11.29:011][  0]LogStats: UGameplayTagsManager::InitializeManager -  0.000 s
[2020.12.01-18.11.29:165][  0]LogInit: Initializing FReadOnlyCVARCache
[2020.12.01-18.11.29:177][  0]LogAIModule: Creating AISystem for world Untitled
[2020.12.01-18.11.29:234][  0]LogInit: XAudio2 using 'Headphones (HD 4.40BT Stereo)' : 2 channels at 44.1 kHz using 16 bits per sample (channel mask 0x3)
[2020.12.01-18.11.29:596][  0]LogInit: FAudioDevice initialized.
[2020.12.01-18.11.29:597][  0]LogNetVersion: Set ProjectVersion to 1.0.0.0. Version Checksum will be recalculated on next use.
[2020.12.01-18.11.29:637][  0]LogDerivedDataCache: Saved boot cache 0.04s 76MB C:/Users/1804824/AppData/Local/UnrealEngine/4.22/DerivedDataCache/Boot.ddc.
[2020.12.01-18.11.29:641][  0]LogInit: Texture streaming: Enabled
[2020.12.01-18.11.29:661][  0]LogEngineSessionManager: EngineSessionManager initialized
[2020.12.01-18.11.29:676][  0]LogInit: Transaction tracking system initialized
[2020.12.01-18.11.29:700][  0]BlueprintLog: New page: Editor Load
[2020.12.01-18.11.29:799][  0]LocalizationService: Localization service is disabled
[2020.12.01-18.11.30:059][  0]LogFileCache: Scanning file cache for directory 'C:/Users/1804824/Desktop/UnrealYouTubeRepo/UnrealAnimationPracticeVids/MyProject/Content/' took 0.02s
[2020.12.01-18.11.30:059][  0]LogCook: Display: Max memory allowance for cook 16384mb min free memory 0mb
[2020.12.01-18.11.30:060][  0]LogCook: Display: Mobile HDR setting 1
[2020.12.01-18.11.30:247][  0]SourceControl: Source control is disabled
[2020.12.01-18.11.30:247][  0]LightingResults: New page: Lighting Build
[2020.12.01-18.11.30:250][  0]MapCheck: New page: Map Check
[2020.12.01-18.11.30:250][  0]LightingResults: New page: Lighting Build
[2020.12.01-18.11.30:275][  0]LogUObjectHash: Compacting FUObjectHashTables data took   1.44ms
[2020.12.01-18.11.30:350][  0]LogAIModule: Creating AISystem for world ThirdPersonExampleMap
[2020.12.01-18.11.30:359][  0]LogEditorServer: Finished looking for orphan Actors (0.000 secs)
[2020.12.01-18.11.30:387][  0]LogUObjectHash: Compacting FUObjectHashTables data took   1.57ms
[2020.12.01-18.11.30:387][  0]Cmd: MAP CHECKDEP NOCLEARLOG
[2020.12.01-18.11.30:388][  0]MapCheck: Map check complete: 0 Error(s), 0 Warning(s), took 0.137ms to complete.
[2020.12.01-18.11.30:388][  0]LogFileHelpers: Loading map 'ThirdPersonExampleMap' took 0.141
[2020.12.01-18.11.30:490][  0]LogSlate: Updating window title bar state: overlay mode, drag disabled, window buttons hidden, title bar hidden
[2020.12.01-18.11.30:495][  0]LogSlate: Updating window title bar state: overlay mode, drag disabled, window buttons hidden, title bar hidden
[2020.12.01-18.11.30:500][  0]LogSlate: Updating window title bar state: overlay mode, drag disabled, window buttons hidden, title bar hidden
[2020.12.01-18.11.30:505][  0]LogSlate: Updating window title bar state: overlay mode, drag disabled, window buttons hidden, title bar hidden
[2020.12.01-18.11.30:512][  0]LogCollectionManager: Loaded 0 collections in 0.001222 seconds
[2020.12.01-18.11.30:556][  0]LogFileCache: Scanning file cache for directory 'C:/Users/1804824/Desktop/UnrealYouTubeRepo/UnrealAnimationPracticeVids/MyProject/Saved/Collections/' took 0.01s
[2020.12.01-18.11.30:556][  0]LogFileCache: Scanning file cache for directory 'C:/Users/1804824/Desktop/UnrealYouTubeRepo/UnrealAnimationPracticeVids/MyProject/Content/Developers/1804824/Collections/' took 0.01s
[2020.12.01-18.11.30:556][  0]LogFileCache: Scanning file cache for directory 'C:/Users/1804824/Desktop/UnrealYouTubeRepo/UnrealAnimationPracticeVids/MyProject/Content/Collections/' took 0.01s
[2020.12.01-18.11.30:557][  0]LogCollectionManager: Rebuilt the GUID cache for 0 collections in 0.000000 seconds
[2020.12.01-18.11.30:563][  0]LogContentBrowser: Native class hierarchy populated in 0.0066 seconds. Added 2749 classes and 667 folders.
[2020.12.01-18.11.30:568][  0]LogContentBrowser: Native class hierarchy updated for 'WidgetCarousel' in 0.0003 seconds. Added 0 classes and 0 folders.
[2020.12.01-18.11.30:570][  0]LogPakFile: Registered encryption key '00000000000000000000000000000000': 0 pak files mounted, 0 remain pending
[2020.12.01-18.11.30:571][  0]LogPakFile: Registered encryption key '00000000000000000000000000000000': 0 pak files mounted, 0 remain pending
[2020.12.01-18.11.30:572][  0]LogPakFile: Registered encryption key '00000000000000000000000000000000': 0 pak files mounted, 0 remain pending
[2020.12.01-18.11.30:573][  0]LogPakFile: Registered encryption key '00000000000000000000000000000000': 0 pak files mounted, 0 remain pending
[2020.12.01-18.11.30:573][  0]LogPakFile: Registered encryption key '00000000000000000000000000000000': 0 pak files mounted, 0 remain pending
[2020.12.01-18.11.30:574][  0]LogPakFile: Registered encryption key '00000000000000000000000000000000': 0 pak files mounted, 0 remain pending
[2020.12.01-18.11.30:575][  0]LogPakFile: Registered encryption key '00000000000000000000000000000000': 0 pak files mounted, 0 remain pending
[2020.12.01-18.11.30:575][  0]LogPakFile: Registered encryption key '00000000000000000000000000000000': 0 pak files mounted, 0 remain pending
[2020.12.01-18.11.30:576][  0]LogPakFile: Registered encryption key '00000000000000000000000000000000': 0 pak files mounted, 0 remain pending
[2020.12.01-18.11.30:577][  0]LogPakFile: Registered encryption key '00000000000000000000000000000000': 0 pak files mounted, 0 remain pending
[2020.12.01-18.11.30:578][  0]LogPakFile: Registered encryption key '00000000000000000000000000000000': 0 pak files mounted, 0 remain pending
[2020.12.01-18.11.30:578][  0]LogPakFile: Registered encryption key '00000000000000000000000000000000': 0 pak files mounted, 0 remain pending
[2020.12.01-18.11.30:579][  0]LogPakFile: Registered encryption key '00000000000000000000000000000000': 0 pak files mounted, 0 remain pending
[2020.12.01-18.11.30:580][  0]LogPakFile: Registered encryption key '00000000000000000000000000000000': 0 pak files mounted, 0 remain pending
[2020.12.01-18.11.30:580][  0]LogPakFile: Registered encryption key '00000000000000000000000000000000': 0 pak files mounted, 0 remain pending
[2020.12.01-18.11.30:581][  0]LogPakFile: Registered encryption key '00000000000000000000000000000000': 0 pak files mounted, 0 remain pending
[2020.12.01-18.11.30:582][  0]LogPakFile: Registered encryption key '00000000000000000000000000000000': 0 pak files mounted, 0 remain pending
[2020.12.01-18.11.30:582][  0]LogPakFile: Registered encryption key '00000000000000000000000000000000': 0 pak files mounted, 0 remain pending
[2020.12.01-18.11.30:583][  0]LogPakFile: Registered encryption key '00000000000000000000000000000000': 0 pak files mounted, 0 remain pending
[2020.12.01-18.11.30:584][  0]LogPakFile: Registered encryption key '00000000000000000000000000000000': 0 pak files mounted, 0 remain pending
[2020.12.01-18.11.30:584][  0]LogPakFile: Registered encryption key '00000000000000000000000000000000': 0 pak files mounted, 0 remain pending
[2020.12.01-18.11.30:585][  0]LogPakFile: Registered encryption key '00000000000000000000000000000000': 0 pak files mounted, 0 remain pending
[2020.12.01-18.11.30:586][  0]LogPakFile: Registered encryption key '00000000000000000000000000000000': 0 pak files mounted, 0 remain pending
[2020.12.01-18.11.30:586][  0]LogPakFile: Registered encryption key '00000000000000000000000000000000': 0 pak files mounted, 0 remain pending
[2020.12.01-18.11.30:587][  0]LogPakFile: Registered encryption key '00000000000000000000000000000000': 0 pak files mounted, 0 remain pending
[2020.12.01-18.11.30:588][  0]LogPakFile: Registered encryption key '00000000000000000000000000000000': 0 pak files mounted, 0 remain pending
[2020.12.01-18.11.30:620][  0]LogContentBrowser: Native class hierarchy updated for 'AddContentDialog' in 0.0003 seconds. Added 0 classes and 0 folders.
[2020.12.01-18.11.30:628][  0]LogContentBrowser: Native class hierarchy updated for 'SceneOutliner' in 0.0003 seconds. Added 1 classes and 2 folders.
[2020.12.01-18.11.30:630][  0]LogConsoleManager: Warning: Console object named 'ActorComponents.Enable' already exists but is being registered again, but we weren't expected it to be! (FConsoleManager::AddConsoleObject)
[2020.12.01-18.11.30:641][  0]LogSlate: Took 0.000263 seconds to synchronously load lazily loaded font '../../../Engine/Content/Slate/Fonts/Roboto-Regular.ttf' (155K)
[2020.12.01-18.11.30:643][  0]LogSlate: Took 0.000228 seconds to synchronously load lazily loaded font '../../../Engine/Content/Slate/Fonts/Roboto-Bold.ttf' (160K)
[2020.12.01-18.11.30:645][  0]LogSlate: Took 0.000205 seconds to synchronously load lazily loaded font '../../../Engine/Content/Editor/Slate/Fonts/FontAwesome.ttf' (139K)
[2020.12.01-18.11.30:686][  0]LogRenderer: Reallocating scene render targets to support 2040x808 Format 10 NumSamples 1 (Frame:1).
[2020.12.01-18.11.30:973][  0]LogContentBrowser: Native class hierarchy updated for 'HierarchicalLODOutliner' in 0.0003 seconds. Added 0 classes and 0 folders.
[2020.12.01-18.11.30:974][  0]LogLoad: (Engine Initialization) Total time: 10.06 seconds
[2020.12.01-18.11.30:974][  0]LogLoad: (Engine Initialization) Total Blueprint compile time: 0.00 seconds
[2020.12.01-18.11.31:001][  0]LogAssetRegistry: Asset discovery search completed in 5.1771 seconds
[2020.12.01-18.11.31:003][  0]LogCollectionManager: Rebuilt the object cache for 0 collections in 0.000000 seconds (found 0 objects)
[2020.12.01-18.11.31:003][  0]LogCollectionManager: Fixed up redirectors for 0 collections in 0.000199 seconds (updated 0 objects)
[2020.12.01-18.11.31:004][  0]LogContentStreaming: Texture pool size now 1000 MB
[2020.12.01-18.11.54:177][774]LogSlate: FSceneViewport::OnFocusLost() reason 0
[2020.12.01-18.11.59:947][464]LogSlate: Took 0.000240 seconds to synchronously load lazily loaded font '../../../Engine/Content/Slate/Fonts/Roboto-Light.ttf' (167K)
[2020.12.01-18.11.59:954][464]LogAssetEditorManager: Opening Asset editor for BlendSpace /Game/Anim/Animations/NewBlendSpace.NewBlendSpace
[2020.12.01-18.12.00:124][464]LogContentBrowser: Native class hierarchy updated for 'SkeletonEditor' in 0.0003 seconds. Added 1 classes and 2 folders.
[2020.12.01-18.12.00:283][464]LogActorComponent: RegisterComponentWithWorld: (/Engine/Transient.World_1:PersistentLevel.AnimationEditorPreviewActor_0.DebugSkelMeshComponent_0) Already registered. Aborting.
[2020.12.01-18.12.00:286][464]LogContentBrowser: Native class hierarchy updated for 'PinnedCommandList' in 0.0004 seconds. Added 1 classes and 0 folders.
[2020.12.01-18.12.00:555][464]LogContentBrowser: Verbose: The majority of assets in the view are of type: AnimSequence
[2020.12.01-18.12.21:350][924]LogSavePackage: Moving '../../../../../Users/1804824/Desktop/UnrealYouTubeRepo/UnrealAnimationPracticeVids/MyProject/Saved/NewBlendSpace9E58CF9B47739B8AE42AD1824CECC185.tmp' to '../../../../../Users/1804824/Desktop/UnrealYouTubeRepo/UnrealAnimationPracticeVids/MyProject/Content/Anim/Animations/NewBlendSpace.uasset'
[2020.12.01-18.12.22:026][  3]LogSlate: Window 'NewBlendSpace' being destroyed
[2020.12.01-18.12.29:718][911]LogLinker: Warning: Can't find file '/Game/TUTORIAL_RESOURCES/Animations/Locomotion/Crouch_Idle_Rifle_Hip'
[2020.12.01-18.12.29:718][911]LogLinker: Warning: Can't find file for asset '/Game/TUTORIAL_RESOURCES/Animations/Locomotion/Crouch_Idle_Rifle_Hip' while loading NULL.
[2020.12.01-18.12.29:719][911]LogLinker: Warning: Can't find file '/Game/TUTORIAL_RESOURCES/Animations/Locomotion/Crouch_Walk_Fwd_Rifle_Hip'
[2020.12.01-18.12.29:719][911]LogLinker: Warning: Can't find file for asset '/Game/TUTORIAL_RESOURCES/Animations/Locomotion/Crouch_Walk_Fwd_Rifle_Hip' while loading NULL.
[2020.12.01-18.12.29:719][911]LogLinker: Warning: Can't find file '/Game/TUTORIAL_RESOURCES/Animations/Locomotion/Crouch_Idle_Rifle_Hip'
[2020.12.01-18.12.29:720][911]LogLinker: Warning: Can't find file for asset '/Game/TUTORIAL_RESOURCES/Animations/Locomotion/Crouch_Idle_Rifle_Hip' while loading NULL.
[2020.12.01-18.12.29:720][911]LogLinker: Warning: Can't find file '/Game/TUTORIAL_RESOURCES/Animations/Locomotion/Crouch_Walk_Fwd_Rifle_Hip'
[2020.12.01-18.12.29:720][911]LogLinker: Warning: Can't find file for asset '/Game/TUTORIAL_RESOURCES/Animations/Locomotion/Crouch_Walk_Fwd_Rifle_Hip' while loading NULL.
[2020.12.01-18.12.29:720][911]LogLinker: Warning: Can't find file '/Game/TUTORIAL_RESOURCES/Animations/Locomotion/Crouch_Idle_Rifle_Hip'
[2020.12.01-18.12.29:721][911]LoadErrors: Failed to load /Game/TUTORIAL_RESOURCES/Animations/Locomotion/Crouch_Idle_Rifle_Hip.Crouch_Idle_Rifle_Hip Referenced by BS_Crouch_Locomotion
[2020.12.01-18.12.29:721][911]LogLinker: Warning: Can't find file for asset '/Game/TUTORIAL_RESOURCES/Animations/Locomotion/Crouch_Idle_Rifle_Hip' while loading NULL.
[2020.12.01-18.12.29:721][911]LogLinker: Warning: Can't find file '/Game/TUTORIAL_RESOURCES/Animations/Locomotion/Crouch_Walk_Fwd_Rifle_Hip'
[2020.12.01-18.12.29:721][911]LoadErrors: Failed to load /Game/TUTORIAL_RESOURCES/Animations/Locomotion/Crouch_Walk_Fwd_Rifle_Hip.Crouch_Walk_Fwd_Rifle_Hip Referenced by BS_Crouch_Locomotion
[2020.12.01-18.12.29:721][911]LogLinker: Warning: Can't find file for asset '/Game/TUTORIAL_RESOURCES/Animations/Locomotion/Crouch_Walk_Fwd_Rifle_Hip' while loading NULL.
[2020.12.01-18.12.29:722][911]LoadErrors: Error: The BlendSpace  BS_Crouch_Locomotion  has sample with no animation. Recommend to remove sample point or set new animation.
[2020.12.01-18.12.29:731][911]LogAssetEditorManager: Opening Asset editor for BlendSpace1D /Game/Anim/Locomotion/BS_Crouch_Locomotion.BS_Crouch_Locomotion
[2020.12.01-18.12.29:737][911]LogActorComponent: RegisterComponentWithWorld: (/Engine/Transient.World_6:PersistentLevel.AnimationEditorPreviewActor_0.DebugSkelMeshComponent_0) Already registered. Aborting.
[2020.12.01-18.12.29:997][911]LogContentBrowser: Verbose: The majority of assets in the view are of type: AnimSequence
[2020.12.01-18.12.34:847][430]LogSlate: FSceneViewport::OnFocusLost() reason 0
[2020.12.01-18.12.44:390][385]LogSlate: FSceneViewport::OnFocusLost() reason 0
[2020.12.01-18.12.44:491][397]LogSlate: Window 'BS_Crouch_Locomotion' being destroyed
[2020.12.01-18.12.46:004][560]LogAnimationCompression: Building Anim DDC data for AnimSequence /Game/Anim/Locomotion/armed_idle.armed_idle
[2020.12.01-18.12.46:004][560]LogAnimationCompression: Recompressing (AnimSequence /Game/Anim/Locomotion/armed_idle.armed_idle) using current/default (AnimCompress_BitwiseCompressOnly_4) bFirstRecompressUsingCurrentOrDefault(1) bTryAlternateCompressor(0) IsCompressedDataValid(0)
[2020.12.01-18.12.47:149][694]LogAssetEditorManager: Opening Asset editor for AnimSequence /Game/Anim/Locomotion/armed_idle.armed_idle
[2020.12.01-18.12.47:154][694]LogActorComponent: RegisterComponentWithWorld: (/Engine/Transient.World_8:PersistentLevel.AnimationEditorPreviewActor_0.DebugSkelMeshComponent_0) Already registered. Aborting.
[2020.12.01-18.12.47:416][694]LogContentBrowser: Verbose: The majority of assets in the view are of type: AnimSequence
[2020.12.01-18.12.51:961][177]LogSlate: Window 'armed_idle' being destroyed
[2020.12.01-18.12.58:019][880]LogUObjectHash: Compacting FUObjectHashTables data took   1.25ms
[2020.12.01-18.12.58:874][880]LogSlate: Window 'Delete Assets' being destroyed
[2020.12.01-18.12.58:878][880]LogUObjectGlobals: Force Deleting 1 Package(s):
	Asset Name: /Game/Anim/Locomotion/BS_Crouch_Locomotion.BS_Crouch_Locomotion
[2020.12.01-18.12.59:317][880]LogUObjectHash: Compacting FUObjectHashTables data took   1.04ms
[2020.12.01-18.12.59:340][880]LogUObjectHash: Compacting FUObjectHashTables data took   1.06ms
[2020.12.01-18.12.59:362][880]LogUObjectHash: Compacting FUObjectHashTables data took   0.51ms
[2020.12.01-18.13.00:116][963]LogLinker: Warning: Can't find file '/Game/TUTORIAL_RESOURCES/Animations/Idle_Fist'
[2020.12.01-18.13.00:116][963]LogLinker: Warning: Can't find file for asset '/Game/TUTORIAL_RESOURCES/Animations/Idle_Fist' while loading NULL.
[2020.12.01-18.13.00:117][963]LogLinker: Warning: Can't find file '/Game/TUTORIAL_RESOURCES/Animations/Locomotion/strafe_back'
[2020.12.01-18.13.00:117][963]LogLinker: Warning: Can't find file for asset '/Game/TUTORIAL_RESOURCES/Animations/Locomotion/strafe_back' while loading NULL.
[2020.12.01-18.13.00:117][963]LogLinker: Warning: Can't find file '/Game/TUTORIAL_RESOURCES/Animations/Locomotion/strafe_forward'
[2020.12.01-18.13.00:118][963]LogLinker: Warning: Can't find file for asset '/Game/TUTORIAL_RESOURCES/Animations/Locomotion/strafe_forward' while loading NULL.
[2020.12.01-18.13.00:118][963]LogLinker: Warning: Can't find file '/Game/TUTORIAL_RESOURCES/Animations/Locomotion/strafe_left'
[2020.12.01-18.13.00:119][963]LogLinker: Warning: Can't find file for asset '/Game/TUTORIAL_RESOURCES/Animations/Locomotion/strafe_left' while loading NULL.
[2020.12.01-18.13.00:119][963]LogLinker: Warning: Can't find file '/Game/TUTORIAL_RESOURCES/Animations/Locomotion/strafe_right'
[2020.12.01-18.13.00:119][963]LogLinker: Warning: Can't find file for asset '/Game/TUTORIAL_RESOURCES/Animations/Locomotion/strafe_right' while loading NULL.
[2020.12.01-18.13.00:120][963]LogLinker: Warning: Can't find file '/Game/TUTORIAL_RESOURCES/Animations/Idle_Fist'
[2020.12.01-18.13.00:120][963]LogLinker: Warning: Can't find file for asset '/Game/TUTORIAL_RESOURCES/Animations/Idle_Fist' while loading NULL.
[2020.12.01-18.13.00:120][963]LogLinker: Warning: Can't find file '/Game/TUTORIAL_RESOURCES/Animations/Locomotion/strafe_back'
[2020.12.01-18.13.00:120][963]LogLinker: Warning: Can't find file for asset '/Game/TUTORIAL_RESOURCES/Animations/Locomotion/strafe_back' while loading NULL.
[2020.12.01-18.13.00:120][963]LogLinker: Warning: Can't find file '/Game/TUTORIAL_RESOURCES/Animations/Locomotion/strafe_forward'
[2020.12.01-18.13.00:120][963]LogLinker: Warning: Can't find file for asset '/Game/TUTORIAL_RESOURCES/Animations/Locomotion/strafe_forward' while loading NULL.
[2020.12.01-18.13.00:121][963]LogLinker: Warning: Can't find file '/Game/TUTORIAL_RESOURCES/Animations/Locomotion/strafe_left'
[2020.12.01-18.13.00:121][963]LogLinker: Warning: Can't find file for asset '/Game/TUTORIAL_RESOURCES/Animations/Locomotion/strafe_left' while loading NULL.
[2020.12.01-18.13.00:121][963]LogLinker: Warning: Can't find file '/Game/TUTORIAL_RESOURCES/Animations/Locomotion/strafe_right'
[2020.12.01-18.13.00:121][963]LogLinker: Warning: Can't find file for asset '/Game/TUTORIAL_RESOURCES/Animations/Locomotion/strafe_right' while loading NULL.
[2020.12.01-18.13.00:121][963]LogLinker: Warning: Can't find file '/Game/TUTORIAL_RESOURCES/Animations/Idle_Fist'
[2020.12.01-18.13.00:121][963]LoadErrors: Failed to load /Game/TUTORIAL_RESOURCES/Animations/Idle_Fist.Idle_Fist Referenced by BS_Strafe_Locomotion
[2020.12.01-18.13.00:122][963]LogLinker: Warning: Can't find file for asset '/Game/TUTORIAL_RESOURCES/Animations/Idle_Fist' while loading NULL.
[2020.12.01-18.13.00:122][963]LogLinker: Warning: Can't find file '/Game/TUTORIAL_RESOURCES/Animations/Locomotion/strafe_forward'
[2020.12.01-18.13.00:122][963]LoadErrors: Failed to load /Game/TUTORIAL_RESOURCES/Animations/Locomotion/strafe_forward.strafe_forward Referenced by BS_Strafe_Locomotion
[2020.12.01-18.13.00:122][963]LogLinker: Warning: Can't find file for asset '/Game/TUTORIAL_RESOURCES/Animations/Locomotion/strafe_forward' while loading NULL.
[2020.12.01-18.13.00:122][963]LogLinker: Warning: Can't find file '/Game/TUTORIAL_RESOURCES/Animations/Locomotion/strafe_back'
[2020.12.01-18.13.00:122][963]LoadErrors: Failed to load /Game/TUTORIAL_RESOURCES/Animations/Locomotion/strafe_back.strafe_back Referenced by BS_Strafe_Locomotion
[2020.12.01-18.13.00:122][963]LogLinker: Warning: Can't find file for asset '/Game/TUTORIAL_RESOURCES/Animations/Locomotion/strafe_back' while loading NULL.
[2020.12.01-18.13.00:123][963]LogLinker: Warning: Can't find file '/Game/TUTORIAL_RESOURCES/Animations/Locomotion/strafe_left'
[2020.12.01-18.13.00:123][963]LoadErrors: Failed to load /Game/TUTORIAL_RESOURCES/Animations/Locomotion/strafe_left.strafe_left Referenced by BS_Strafe_Locomotion
[2020.12.01-18.13.00:123][963]LogLinker: Warning: Can't find file for asset '/Game/TUTORIAL_RESOURCES/Animations/Locomotion/strafe_left' while loading NULL.
[2020.12.01-18.13.00:123][963]LogLinker: Warning: Can't find file '/Game/TUTORIAL_RESOURCES/Animations/Locomotion/strafe_right'
[2020.12.01-18.13.00:123][963]LoadErrors: Failed to load /Game/TUTORIAL_RESOURCES/Animations/Locomotion/strafe_right.strafe_right Referenced by BS_Strafe_Locomotion
[2020.12.01-18.13.00:123][963]LogLinker: Warning: Can't find file for asset '/Game/TUTORIAL_RESOURCES/Animations/Locomotion/strafe_right' while loading NULL.
[2020.12.01-18.13.00:123][963]LoadErrors: Error: The BlendSpace  BS_Strafe_Locomotion  has sample with no animation. Recommend to remove sample point or set new animation.
[2020.12.01-18.13.00:154][963]LogUObjectHash: Compacting FUObjectHashTables data took   0.95ms
[2020.12.01-18.13.02:916][963]LogSlate: Window 'Delete Assets' being destroyed
[2020.12.01-18.13.02:968][963]LogUObjectHash: Compacting FUObjectHashTables data took   0.52ms
[2020.12.01-18.13.02:995][963]LogUObjectHash: Compacting FUObjectHashTables data took   0.53ms
[2020.12.01-18.13.03:019][963]LogUObjectHash: Compacting FUObjectHashTables data took   0.50ms
[2020.12.01-18.13.05:404][239]Candidate modules for hot reload:
[2020.12.01-18.13.05:404][239]  MyProject
[2020.12.01-18.13.05:404][239]Launching UnrealBuildTool... [C:/UE_4.22/UE_4.22/Engine/Binaries/DotNET/UnrealBuildTool.exe  -ModuleWithSuffix=MyProject,1029 Win64 Development -TargetType=Editor -Project="C:/Users/1804824/Desktop/UnrealYouTubeRepo/UnrealAnimationPracticeVids/MyProject/MyProject.uproject" "C:/Users/1804824/Desktop/UnrealYouTubeRepo/UnrealAnimationPracticeVids/MyProject/MyProject.uproject"  -IgnoreJunk]
[2020.12.01-18.13.05:406][239]Warning: Starting HotReload took  0.1s.
[2020.12.01-18.13.08:208][569]LogAnimationCompression: Building Anim DDC data for AnimSequence /Game/Anim/Locomotion/Crouch_Walk_Fwd_Rifle_Hip.Crouch_Walk_Fwd_Rifle_Hip
[2020.12.01-18.13.08:208][569]LogAnimationCompression: Recompressing (AnimSequence /Game/Anim/Locomotion/Crouch_Walk_Fwd_Rifle_Hip.Crouch_Walk_Fwd_Rifle_Hip) using current/default (AnimCompress_BitwiseCompressOnly_3) bFirstRecompressUsingCurrentOrDefault(1) bTryAlternateCompressor(0) IsCompressedDataValid(0)
[2020.12.01-18.13.08:216][569]LogAssetEditorManager: Opening Asset editor for AnimSequence /Game/Anim/Locomotion/Crouch_Walk_Fwd_Rifle_Hip.Crouch_Walk_Fwd_Rifle_Hip
[2020.12.01-18.13.08:223][569]LogActorComponent: RegisterComponentWithWorld: (/Engine/Transient.World_11:PersistentLevel.AnimationEditorPreviewActor_0.DebugSkelMeshComponent_0) Already registered. Aborting.
[2020.12.01-18.13.08:497][569]LogContentBrowser: Verbose: The majority of assets in the view are of type: AnimSequence
[2020.12.01-18.13.10:004][723]LogSlate: Window 'Crouch_Walk_Fwd_Rifle_Hip' being destroyed
[2020.12.01-18.13.11:042][827]LogAnimationCompression: Building Anim DDC data for AnimSequence /Game/Anim/Locomotion/strafe_back.strafe_back
[2020.12.01-18.13.11:042][827]LogAnimationCompression: Recompressing (AnimSequence /Game/Anim/Locomotion/strafe_back.strafe_back) using current/default (AnimCompress_BitwiseCompressOnly_2) bFirstRecompressUsingCurrentOrDefault(1) bTryAlternateCompressor(0) IsCompressedDataValid(0)
[2020.12.01-18.13.11:048][827]LogAssetEditorManager: Opening Asset editor for AnimSequence /Game/Anim/Locomotion/strafe_back.strafe_back
[2020.12.01-18.13.11:053][827]LogActorComponent: RegisterComponentWithWorld: (/Engine/Transient.World_14:PersistentLevel.AnimationEditorPreviewActor_0.DebugSkelMeshComponent_0) Already registered. Aborting.
[2020.12.01-18.13.11:330][827]LogContentBrowser: Verbose: The majority of assets in the view are of type: AnimSequence
[2020.12.01-18.13.12:672][969]LogSlate: Window 'strafe_back' being destroyed
[2020.12.01-18.13.15:210][254]CompilerResultsLog: New page: Compilation - 1 Dec 2020 18:13:15
[2020.12.01-18.13.15:210][254]CompilerResultsLog: Using 'git status' to determine working set for adaptive non-unity build (C:\Users\1804824\Desktop\UnrealYouTubeRepo\UnrealAnimationPracticeVids).
[2020.12.01-18.13.15:210][254]CompilerResultsLog: Creating makefile for MyProjectEditor (ini files are newer than makefile)
[2020.12.01-18.13.15:210][254]CompilerResultsLog: Parsing headers for MyProjectEditor
[2020.12.01-18.13.15:210][254]CompilerResultsLog:   Running UnrealHeaderTool "C:\Users\1804824\Desktop\UnrealYouTubeRepo\UnrealAnimationPracticeVids\MyProject\MyProject.uproject" "C:\Users\1804824\Desktop\UnrealYouTubeRepo\UnrealAnimationPracticeVids\MyProject\Intermediate\Build\Win64\MyProjectEditor\Development\MyProjectEditor.uhtmanifest" -LogCmds="loginit warning, logexit warning, logdatabase error" -Unattended -WarningsAsErrors -installed
[2020.12.01-18.13.15:211][254]CompilerResultsLog: Reflection code generated for MyProjectEditor in 5.2690335 seconds
[2020.12.01-18.13.15:211][254]CompilerResultsLog: Failed to delete file 'C:\Users\1804824\Desktop\UnrealYouTubeRepo\UnrealAnimationPracticeVids\MyProject\Binaries\Win64\UE4Editor-MyProject.pdb'
[2020.12.01-18.13.15:211][254]CompilerResultsLog:     Exception: Access to the path 'C:\Users\1804824\Desktop\UnrealYouTubeRepo\UnrealAnimationPracticeVids\MyProject\Binaries\Win64\UE4Editor-MyProject.pdb' is denied.
[2020.12.01-18.13.15:211][254]CompilerResultsLog: Attempting to retry...
[2020.12.01-18.13.15:211][254]CompilerResultsLog: Failed to delete file 'C:\Users\1804824\Desktop\UnrealYouTubeRepo\UnrealAnimationPracticeVids\MyProject\Binaries\Win64\UE4Editor-MyProject.pdb'
[2020.12.01-18.13.15:211][254]CompilerResultsLog:     Exception: Access to the path 'C:\Users\1804824\Desktop\UnrealYouTubeRepo\UnrealAnimationPracticeVids\MyProject\Binaries\Win64\UE4Editor-MyProject.pdb' is denied.
[2020.12.01-18.13.15:211][254]CompilerResultsLog: Attempting to retry...
[2020.12.01-18.13.15:211][254]CompilerResultsLog: Failed to delete file 'C:\Users\1804824\Desktop\UnrealYouTubeRepo\UnrealAnimationPracticeVids\MyProject\Binaries\Win64\UE4Editor-MyProject.pdb'
[2020.12.01-18.13.15:211][254]CompilerResultsLog:     Exception: Access to the path 'C:\Users\1804824\Desktop\UnrealYouTubeRepo\UnrealAnimationPracticeVids\MyProject\Binaries\Win64\UE4Editor-MyProject.pdb' is denied.
[2020.12.01-18.13.15:211][254]CompilerResultsLog: ERROR: Exhausted all retries!
[2020.12.01-18.13.15:211][254]CompilerResultsLog: Using Visual Studio 2019 14.23.28105 toolchain (C:\Program Files (x86)\Microsoft Visual Studio\2019\Community\VC\Tools\MSVC\14.23.28105) and Windows 10.0.18362.0 SDK (C:\Program Files (x86)\Windows Kits\10).
[2020.12.01-18.13.15:211][254]CompilerResultsLog: Building 3 actions with 16 processes...
[2020.12.01-18.13.15:211][254]CompilerResultsLog:   [1/3] UE4Editor-MyProject-1029.lib
[2020.12.01-18.13.15:211][254]CompilerResultsLog:      Creating library C:\Users\1804824\Desktop\UnrealYouTubeRepo\UnrealAnimationPracticeVids\MyProject\Intermediate\Build\Win64\UE4Editor\Development\MyProject\UE4Editor-MyProject-1029.lib and object C:\Users\1804824\Desktop\UnrealYouTubeRepo\UnrealAnimationPracticeVids\MyProject\Intermediate\Build\Win64\UE4Editor\Development\MyProject\UE4Editor-MyProject-1029.exp
[2020.12.01-18.13.15:211][254]CompilerResultsLog:   [2/3] UE4Editor-MyProject-1029.dll
[2020.12.01-18.13.15:212][254]CompilerResultsLog:      Creating library C:\Users\1804824\Desktop\UnrealYouTubeRepo\UnrealAnimationPracticeVids\MyProject\Intermediate\Build\Win64\UE4Editor\Development\MyProject\UE4Editor-MyProject-1029.suppressed.lib and object C:\Users\1804824\Desktop\UnrealYouTubeRepo\UnrealAnimationPracticeVids\MyProject\Intermediate\Build\Win64\UE4Editor\Development\MyProject\UE4Editor-MyProject-1029.suppressed.exp
[2020.12.01-18.13.15:212][254]CompilerResultsLog:   [3/3] MyProjectEditor.target
[2020.12.01-18.13.15:212][254]CompilerResultsLog: Total time in Parallel executor: 0.80 seconds
[2020.12.01-18.13.15:212][254]CompilerResultsLog: Total execution time: 9.73 seconds
[2020.12.01-18.13.15:212][254]LogMainFrame: MainFrame: Module compiling took 9.809 seconds
[2020.12.01-18.13.15:239][254]LogUObjectHash: Compacting FUObjectHashTables data took   1.16ms
[2020.12.01-18.13.15:400][254]LogClass: EAttackType HotReload.
[2020.12.01-18.13.15:400][254]LogClass: ELogOutput HotReload.
[2020.12.01-18.13.15:400][254]LogClass: ELogLevel HotReload.
[2020.12.01-18.13.15:400][254]LogClass: MeleeCollisionProfile HotReload.
[2020.12.01-18.13.15:400][254]LogClass: PlayerAttackMontage HotReload.
[2020.12.01-18.13.15:406][254]LogContentBrowser: Native class hierarchy updated for 'MyProject' in 0.0003 seconds. Added 8 classes and 3 folders.
[2020.12.01-18.13.15:408][254]Display: HotReload successful (15 functions remapped  2 scriptstructs remapped)
[2020.12.01-18.13.15:620][254]LogUObjectHash: Compacting FUObjectHashTables data took   0.98ms
[2020.12.01-18.13.15:630][254]LogContentBrowser: Native class hierarchy populated in 0.0067 seconds. Added 2751 classes and 671 folders.
[2020.12.01-18.13.15:630][254]Display: HotReload took 10.3s.
[2020.12.01-18.14.12:229][653]LogAssetEditorManager: Opening Asset editor for AnimSequence /Game/Anim/Locomotion/Crouch_Walk_Fwd_Rifle_Hip.Crouch_Walk_Fwd_Rifle_Hip
[2020.12.01-18.14.12:238][653]LogActorComponent: RegisterComponentWithWorld: (/Engine/Transient.World_17:PersistentLevel.AnimationEditorPreviewActor_0.DebugSkelMeshComponent_0) Already registered. Aborting.
[2020.12.01-18.14.12:507][653]LogContentBrowser: Verbose: The majority of assets in the view are of type: AnimSequence
