Log file open, 02/08/21 17:59:38
LogInit: Display: Running engine for game: MyProject
LogPlatformFile: Not using cached read wrapper
LogTaskGraph: Started task graph with 5 named threads and 59 total threads with 3 sets of task threads.
LogStats: Stats thread started at 0.288922
LogD3D11RHI: Loaded GFSDK_Aftermath_Lib.x64.dll
LogICUInternationalization: ICU TimeZone Detection - Raw Offset: +0:00, Platform Override: ''
LogPluginManager: Mounting plugin Paper2D
LogPluginManager: Mounting plugin AISupport
LogPluginManager: Mounting plugin LightPropagationVolume
LogPluginManager: Mounting plugin CameraShakePreviewer
LogPluginManager: Mounting plugin ActorLayerUtilities
LogPluginManager: Mounting plugin AnimationSharing
LogPluginManager: Mounting plugin CLionSourceCodeAccess
LogPluginManager: Mounting plugin CodeLiteSourceCodeAccess
LogPluginManager: Mounting plugin GitSourceControl
LogPluginManager: Mounting plugin KDevelopSourceCodeAccess
LogPluginManager: Mounting plugin NullSourceCodeAccess
LogPluginManager: Mounting plugin PerforceSourceControl
LogPluginManager: Mounting plugin PlasticSourceControl
LogPluginManager: Mounting plugin RiderSourceCodeAccess
LogPluginManager: Mounting plugin SubversionSourceControl
LogPluginManager: Mounting plugin UObjectPlugin
LogPluginManager: Mounting plugin VisualStudioCodeSourceCodeAccess
LogPluginManager: Mounting plugin VisualStudioSourceCodeAccess
LogPluginManager: Mounting plugin XCodeSourceCodeAccess
LogPluginManager: Mounting plugin AssetManagerEditor
LogPluginManager: Mounting plugin CryptoKeys
LogPluginManager: Mounting plugin CurveEditorTools
LogPluginManager: Mounting plugin DataValidation
LogPluginManager: Mounting plugin EditorScriptingUtilities
LogPluginManager: Mounting plugin FacialAnimation
LogPluginManager: Mounting plugin GameplayTagsEditor
LogPluginManager: Mounting plugin GeometryMode
LogPluginManager: Mounting plugin MacGraphicsSwitching
LogPluginManager: Mounting plugin MaterialAnalyzer
LogPluginManager: Mounting plugin MobileLauncherProfileWizard
LogPluginManager: Mounting plugin PluginBrowser
LogPluginManager: Mounting plugin SpeedTreeImporter
LogPluginManager: Mounting plugin DatasmithContent
LogPluginManager: Mounting plugin VariantManagerContent
LogPluginManager: Mounting plugin AlembicImporter
LogPluginManager: Mounting plugin AutomationUtils
LogPluginManager: Mounting plugin BackChannel
LogPluginManager: Mounting plugin ChaosCloth
LogPluginManager: Mounting plugin ChaosClothEditor
LogPluginManager: Mounting plugin ChaosEditor
LogPluginManager: Mounting plugin ChaosNiagara
LogPluginManager: Mounting plugin ChaosSolverPlugin
LogPluginManager: Mounting plugin CharacterAI
LogPluginManager: Mounting plugin GeometryCache
LogPluginManager: Mounting plugin GeometryCollectionPlugin
LogPluginManager: Mounting plugin GeometryProcessing
LogPluginManager: Mounting plugin PlanarCut
LogPluginManager: Mounting plugin PlatformCrypto
LogPluginManager: Mounting plugin ProxyLODPlugin
LogPluginManager: Mounting plugin SkeletalReduction
LogPluginManager: Mounting plugin Niagara
LogPluginManager: Mounting plugin MagicLeap
LogPluginManager: Mounting plugin MagicLeapLightEstimation
LogPluginManager: Mounting plugin MagicLeapMedia
LogPluginManager: Mounting plugin MagicLeapPassableWorld
LogPluginManager: Mounting plugin MLSDK
LogPluginManager: Mounting plugin DarkerNodes
LogPluginManager: Mounting plugin ElectronicNodes
LogPluginManager: Mounting plugin AndroidMedia
LogPluginManager: Mounting plugin AvfMedia
LogPluginManager: Mounting plugin ImgMedia
LogPluginManager: Mounting plugin MediaCompositing
LogPluginManager: Mounting plugin MediaPlayerEditor
LogPluginManager: Mounting plugin WebMMedia
LogPluginManager: Mounting plugin WmfMedia
LogPluginManager: Mounting plugin MeshPainting
LogPluginManager: Mounting plugin TcpMessaging
LogPluginManager: Mounting plugin UdpMessaging
LogPluginManager: Mounting plugin ActorSequence
LogPluginManager: Mounting plugin LevelSequenceEditor
LogPluginManager: Mounting plugin MatineeToLevelSequence
LogPluginManager: Mounting plugin MovieRenderPipeline
LogPluginManager: Mounting plugin TemplateSequence
LogPluginManager: Mounting plugin NetcodeUnitTest
LogPluginManager: Mounting plugin NUTUnrealEngine4
LogPluginManager: Mounting plugin OnlineSubsystemGooglePlay
LogPluginManager: Mounting plugin OnlineSubsystemIOS
LogPluginManager: Mounting plugin OnlineSubsystem
LogPluginManager: Mounting plugin OnlineSubsystemNull
LogPluginManager: Mounting plugin OnlineSubsystemUtils
LogPluginManager: Mounting plugin LauncherChunkInstaller
LogPluginManager: Mounting plugin AndroidDeviceProfileSelector
LogPluginManager: Mounting plugin AndroidMoviePlayer
LogPluginManager: Mounting plugin AndroidPermission
LogPluginManager: Mounting plugin ApexDestruction
LogPluginManager: Mounting plugin AppleImageUtils
LogPluginManager: Mounting plugin AppleMoviePlayer
LogPluginManager: Mounting plugin ArchVisCharacter
LogPluginManager: Mounting plugin AssetTags
LogPluginManager: Mounting plugin AudioCapture
LogPluginManager: Mounting plugin CableComponent
LogPluginManager: Mounting plugin CustomMeshComponent
LogPluginManager: Mounting plugin EditableMesh
LogPluginManager: Mounting plugin ExampleDeviceProfileSelector
LogPluginManager: Mounting plugin GoogleCloudMessaging
LogPluginManager: Mounting plugin GooglePAD
LogPluginManager: Mounting plugin IOSDeviceProfileSelector
LogPluginManager: Mounting plugin LinuxDeviceProfileSelector
LogPluginManager: Mounting plugin LocationServicesBPLibrary
LogPluginManager: Mounting plugin MobilePatchingUtils
LogPluginManager: Mounting plugin OculusVR
LogPluginManager: Mounting plugin PhysXVehicles
LogPluginManager: Mounting plugin PostSplashScreen
LogPluginManager: Mounting plugin ProceduralMeshComponent
LogPluginManager: Mounting plugin RuntimePhysXCooking
LogPluginManager: Mounting plugin SignificanceManager
LogPluginManager: Mounting plugin SoundFields
LogPluginManager: Mounting plugin SteamVR
LogPluginManager: Mounting plugin Synthesis
LogPluginManager: Mounting plugin WebMMoviePlayer
LogPluginManager: Mounting plugin WindowsMoviePlayer
LogPluginManager: Mounting plugin ScreenshotTools
LogInit: Using libcurl 7.55.1-DEV
LogInit:  - built for x86_64-pc-win32
LogInit:  - supports SSL with OpenSSL/1.1.1
LogInit:  - supports HTTP deflate (compression) using libz 1.2.8
LogInit:  - other features:
LogInit:      CURL_VERSION_SSL
LogInit:      CURL_VERSION_LIBZ
LogInit:      CURL_VERSION_IPV6
LogInit:      CURL_VERSION_ASYNCHDNS
LogInit:      CURL_VERSION_LARGEFILE
LogInit:      CURL_VERSION_IDN
LogInit:  CurlRequestOptions (configurable via config and command line):
LogInit:  - bVerifyPeer = true  - Libcurl will verify peer certificate
LogInit:  - bUseHttpProxy = false  - Libcurl will NOT use HTTP proxy
LogInit:  - bDontReuseConnections = false  - Libcurl will reuse connections
LogInit:  - MaxHostConnections = 16  - Libcurl will limit the number of connections to a host
LogInit:  - LocalHostAddr = Default
LogInit:  - BufferSize = 65536
LogOnline: OSS: Creating online subsystem instance for: NULL
LogInit: WinSock: version 1.1 (2.2), MaxSocks=32767, MaxUdp=65467
LogOnline: OSS: TryLoadSubsystemAndSetDefault: Loaded subsystem for module [NULL]
LogInit: Build: ++UE4+Release-4.25-CL-14469661
LogInit: Engine Version: 4.25.4-14469661+++UE4+Release-4.25
LogInit: Compatible Engine Version: 4.25.0-13144385+++UE4+Release-4.25
LogInit: Net CL: 13144385
LogInit: OS: Windows 10 (Release 2009) (), CPU: Intel(R) Core(TM) i9-10850K CPU @ 3.60GHz, GPU: NVIDIA GeForce RTX 3090
LogInit: Compiled (64-bit): Oct 11 2020 08:10:49
LogInit: Compiled with Visual C++: 19.24.28315.00
LogInit: Build Configuration: Development
LogInit: Branch Name: ++UE4+Release-4.25
LogInit: Command Line:  -skipcompile
LogInit: Base Directory: C:/Program Files/Epic Games/UE_4.25/Engine/Binaries/Win64/
LogInit: Allocator: TBB
LogInit: Installed Engine Build: 1
LogDevObjectVersion: Number of dev versions registered: 26
LogDevObjectVersion:   Dev-Blueprints (B0D832E4-1F89-4F0D-ACCF-7EB736FD4AA2): 10
LogDevObjectVersion:   Dev-Build (E1C64328-A22C-4D53-A36C-8E866417BD8C): 0
LogDevObjectVersion:   Dev-Core (375EC13C-06E4-48FB-B500-84F0262A717E): 4
LogDevObjectVersion:   Dev-Editor (E4B068ED-F494-42E9-A231-DA0B2E46BB41): 38
LogDevObjectVersion:   Dev-Framework (CFFC743F-43B0-4480-9391-14DF171D2073): 37
LogDevObjectVersion:   Dev-Mobile (B02B49B5-BB20-44E9-A304-32B752E40360): 2
LogDevObjectVersion:   Dev-Networking (A4E4105C-59A1-49B5-A7C5-40C4547EDFEE): 0
LogDevObjectVersion:   Dev-Online (39C831C9-5AE6-47DC-9A44-9C173E1C8E7C): 0
LogDevObjectVersion:   Dev-Physics (78F01B33-EBEA-4F98-B9B4-84EACCB95AA2): 4
LogDevObjectVersion:   Dev-Platform (6631380F-2D4D-43E0-8009-CF276956A95A): 0
LogDevObjectVersion:   Dev-Rendering (12F88B9F-8875-4AFC-A67C-D90C383ABD29): 43
LogDevObjectVersion:   Dev-Sequencer (7B5AE74C-D270-4C10-A958-57980B212A5A): 12
LogDevObjectVersion:   Dev-VR (D7296918-1DD6-4BDD-9DE2-64A83CC13884): 3
LogDevObjectVersion:   Dev-LoadTimes (C2A15278-BFE7-4AFE-6C17-90FF531DF755): 1
LogDevObjectVersion:   Private-Geometry (6EACA3D4-40EC-4CC1-B786-8BED09428FC5): 3
LogDevObjectVersion:   Dev-AnimPhys (29E575DD-E0A3-4627-9D10-D276232CDCEA): 17
LogDevObjectVersion:   Dev-Anim (AF43A65D-7FD3-4947-9873-3E8ED9C1BB05): 7
LogDevObjectVersion:   Dev-ReflectionCapture (6B266CEC-1EC7-4B8F-A30B-E4D90942FC07): 1
LogDevObjectVersion:   Dev-Automation (0DF73D61-A23F-47EA-B727-89E90C41499A): 1
LogDevObjectVersion:   FortniteMain (601D1886-AC64-4F84-AA16-D3DE0DEAC7D6): 31
LogDevObjectVersion:   Dev-Enterprise (9DFFBCD6-494F-0158-E221-12823C92A888): 10
LogDevObjectVersion:   Dev-Niagara (F2AED0AC-9AFE-416F-8664-AA7FFA26D6FC): 1
LogDevObjectVersion:   Dev-Destruction (174F1F0B-B4C6-45A5-B13F-2EE8D0FB917D): 10
LogDevObjectVersion:   Dev-Physics-Ext (35F94A83-E258-406C-A318-09F59610247C): 37
LogDevObjectVersion:   Dev-PhysicsMaterial-Chaos (B68FC16E-8B1B-42E2-B453-215C058844FE): 1
LogDevObjectVersion:   Dev-CineCamera (B2E18506-4273-CFC2-A54E-F4BB758BBA07): 1
LogInit: Presizing for max 25165824 objects, including 0 objects not considered by GC, pre-allocating 0 bytes for permanent pool.
LogConfig: Applying CVar settings from Section [/Script/Engine.StreamingSettings] File [C:/Users/Morgan/Desktop/UnrealAnimationPracticeVids/UnrealAnimationPracticeVids/MyProject/Saved/Config/Windows/Engine.ini]
LogConfig: Setting CVar [[s.MinBulkDataSizeForAsyncLoading:131072]]
LogConfig: Setting CVar [[s.AsyncLoadingThreadEnabled:0]]
LogConfig: Setting CVar [[s.EventDrivenLoaderEnabled:1]]
LogConfig: Setting CVar [[s.WarnIfTimeLimitExceeded:0]]
LogConfig: Setting CVar [[s.TimeLimitExceededMultiplier:1.5]]
LogConfig: Setting CVar [[s.TimeLimitExceededMinTime:0.005]]
LogConfig: Setting CVar [[s.UseBackgroundLevelStreaming:1]]
LogConfig: Setting CVar [[s.PriorityAsyncLoadingExtraTime:15.0]]
LogConfig: Setting CVar [[s.LevelStreamingActorsUpdateTimeLimit:5.0]]
LogConfig: Setting CVar [[s.PriorityLevelStreamingActorsUpdateExtraTime:5.0]]
LogConfig: Setting CVar [[s.LevelStreamingComponentsRegistrationGranularity:10]]
LogConfig: Setting CVar [[s.UnregisterComponentsTimeLimit:1.0]]
LogConfig: Setting CVar [[s.LevelStreamingComponentsUnregistrationGranularity:5]]
LogConfig: Setting CVar [[s.FlushStreamingOnExit:1]]
LogInit: Object subsystem initialized
LogConfig: Setting CVar [[con.DebugEarlyDefault:1]]
LogConfig: Setting CVar [[r.setres:1280x720]]
[2021.02.08-17.59.38:514][  0]LogConfig: Setting CVar [[r.VSync:0]]
[2021.02.08-17.59.38:514][  0]LogConfig: Setting CVar [[r.RHICmdBypass:0]]
[2021.02.08-17.59.38:515][  0]LogConfig: Applying CVar settings from Section [/Script/Engine.RendererSettings] File [C:/Users/Morgan/Desktop/UnrealAnimationPracticeVids/UnrealAnimationPracticeVids/MyProject/Saved/Config/Windows/Engine.ini]
[2021.02.08-17.59.38:515][  0]LogConfig: Setting CVar [[r.GPUCrashDebugging:0]]
[2021.02.08-17.59.38:515][  0]LogConfig: Applying CVar settings from Section [/Script/Engine.RendererOverrideSettings] File [C:/Users/Morgan/Desktop/UnrealAnimationPracticeVids/UnrealAnimationPracticeVids/MyProject/Saved/Config/Windows/Engine.ini]
[2021.02.08-17.59.38:515][  0]LogConfig: Applying CVar settings from Section [/Script/Engine.StreamingSettings] File [C:/Users/Morgan/Desktop/UnrealAnimationPracticeVids/UnrealAnimationPracticeVids/MyProject/Saved/Config/Windows/Engine.ini]
[2021.02.08-17.59.38:515][  0]LogConfig: Setting CVar [[s.MinBulkDataSizeForAsyncLoading:131072]]
[2021.02.08-17.59.38:515][  0]LogConfig: Setting CVar [[s.AsyncLoadingThreadEnabled:0]]
[2021.02.08-17.59.38:515][  0]LogConfig: Setting CVar [[s.EventDrivenLoaderEnabled:1]]
[2021.02.08-17.59.38:515][  0]LogConfig: Setting CVar [[s.WarnIfTimeLimitExceeded:0]]
[2021.02.08-17.59.38:515][  0]LogConfig: Setting CVar [[s.TimeLimitExceededMultiplier:1.5]]
[2021.02.08-17.59.38:515][  0]LogConfig: Setting CVar [[s.TimeLimitExceededMinTime:0.005]]
[2021.02.08-17.59.38:515][  0]LogConfig: Setting CVar [[s.UseBackgroundLevelStreaming:1]]
[2021.02.08-17.59.38:515][  0]LogConfig: Setting CVar [[s.PriorityAsyncLoadingExtraTime:15.0]]
[2021.02.08-17.59.38:515][  0]LogConfig: Setting CVar [[s.LevelStreamingActorsUpdateTimeLimit:5.0]]
[2021.02.08-17.59.38:515][  0]LogConfig: Setting CVar [[s.PriorityLevelStreamingActorsUpdateExtraTime:5.0]]
[2021.02.08-17.59.38:515][  0]LogConfig: Setting CVar [[s.LevelStreamingComponentsRegistrationGranularity:10]]
[2021.02.08-17.59.38:515][  0]LogConfig: Setting CVar [[s.UnregisterComponentsTimeLimit:1.0]]
[2021.02.08-17.59.38:515][  0]LogConfig: Setting CVar [[s.LevelStreamingComponentsUnregistrationGranularity:5]]
[2021.02.08-17.59.38:515][  0]LogConfig: Setting CVar [[s.FlushStreamingOnExit:1]]
[2021.02.08-17.59.38:515][  0]LogConfig: Applying CVar settings from Section [/Script/Engine.GarbageCollectionSettings] File [C:/Users/Morgan/Desktop/UnrealAnimationPracticeVids/UnrealAnimationPracticeVids/MyProject/Saved/Config/Windows/Engine.ini]
[2021.02.08-17.59.38:516][  0]LogConfig: Setting CVar [[gc.MaxObjectsNotConsideredByGC:1]]
[2021.02.08-17.59.38:516][  0]LogConfig: Setting CVar [[gc.SizeOfPermanentObjectPool:0]]
[2021.02.08-17.59.38:516][  0]LogConfig: Setting CVar [[gc.FlushStreamingOnGC:0]]
[2021.02.08-17.59.38:516][  0]LogConfig: Setting CVar [[gc.NumRetriesBeforeForcingGC:10]]
[2021.02.08-17.59.38:516][  0]LogConfig: Setting CVar [[gc.AllowParallelGC:1]]
[2021.02.08-17.59.38:516][  0]LogConfig: Setting CVar [[gc.TimeBetweenPurgingPendingKillObjects:61.1]]
[2021.02.08-17.59.38:516][  0]LogConfig: Setting CVar [[gc.MaxObjectsInEditor:25165824]]
[2021.02.08-17.59.38:516][  0]LogConfig: Setting CVar [[gc.IncrementalBeginDestroyEnabled:1]]
[2021.02.08-17.59.38:516][  0]LogConfig: Setting CVar [[gc.CreateGCClusters:1]]
[2021.02.08-17.59.38:516][  0]LogConfig: Setting CVar [[gc.MinGCClusterSize:5]]
[2021.02.08-17.59.38:516][  0]LogConfig: Setting CVar [[gc.ActorClusteringEnabled:0]]
[2021.02.08-17.59.38:516][  0]LogConfig: Setting CVar [[gc.BlueprintClusteringEnabled:0]]
[2021.02.08-17.59.38:516][  0]LogConfig: Setting CVar [[gc.UseDisregardForGCOnDedicatedServers:0]]
[2021.02.08-17.59.38:516][  0]LogConfig: Applying CVar settings from Section [/Script/Engine.NetworkSettings] File [C:/Users/Morgan/Desktop/UnrealAnimationPracticeVids/UnrealAnimationPracticeVids/MyProject/Saved/Config/Windows/Engine.ini]
[2021.02.08-17.59.38:516][  0]LogConfig: Applying CVar settings from Section [/Script/UnrealEd.CookerSettings] File [C:/Users/Morgan/Desktop/UnrealAnimationPracticeVids/UnrealAnimationPracticeVids/MyProject/Saved/Config/Windows/Engine.ini]
[2021.02.08-17.59.38:523][  0]LogConfig: Applying CVar settings from Section [ViewDistanceQuality@3] File [C:/Users/Morgan/Desktop/UnrealAnimationPracticeVids/UnrealAnimationPracticeVids/MyProject/Saved/Config/Windows/Scalability.ini]
[2021.02.08-17.59.38:523][  0]LogConfig: Setting CVar [[r.SkeletalMeshLODBias:0]]
[2021.02.08-17.59.38:524][  0]LogConfig: Setting CVar [[r.ViewDistanceScale:1.0]]
[2021.02.08-17.59.38:524][  0]LogConfig: Applying CVar settings from Section [AntiAliasingQuality@3] File [C:/Users/Morgan/Desktop/UnrealAnimationPracticeVids/UnrealAnimationPracticeVids/MyProject/Saved/Config/Windows/Scalability.ini]
[2021.02.08-17.59.38:524][  0]LogConfig: Setting CVar [[r.PostProcessAAQuality:4]]
[2021.02.08-17.59.38:524][  0]LogConfig: Applying CVar settings from Section [ShadowQuality@3] File [C:/Users/Morgan/Desktop/UnrealAnimationPracticeVids/UnrealAnimationPracticeVids/MyProject/Saved/Config/Windows/Scalability.ini]
[2021.02.08-17.59.38:524][  0]LogConfig: Setting CVar [[r.LightFunctionQuality:1]]
[2021.02.08-17.59.38:524][  0]LogConfig: Setting CVar [[r.ShadowQuality:5]]
[2021.02.08-17.59.38:524][  0]LogConfig: Setting CVar [[r.Shadow.CSM.MaxCascades:10]]
[2021.02.08-17.59.38:524][  0]LogConfig: Setting CVar [[r.Shadow.MaxResolution:2048]]
[2021.02.08-17.59.38:524][  0]LogConfig: Setting CVar [[r.Shadow.MaxCSMResolution:2048]]
[2021.02.08-17.59.38:524][  0]LogConfig: Setting CVar [[r.Shadow.RadiusThreshold:0.01]]
[2021.02.08-17.59.38:524][  0]LogConfig: Setting CVar [[r.Shadow.DistanceScale:1.0]]
[2021.02.08-17.59.38:524][  0]LogConfig: Setting CVar [[r.Shadow.CSM.TransitionScale:1.0]]
[2021.02.08-17.59.38:524][  0]LogConfig: Setting CVar [[r.Shadow.PreShadowResolutionFactor:1.0]]
[2021.02.08-17.59.38:524][  0]LogConfig: Setting CVar [[r.DistanceFieldShadowing:1]]
[2021.02.08-17.59.38:524][  0]LogConfig: Setting CVar [[r.DistanceFieldAO:1]]
[2021.02.08-17.59.38:524][  0]LogConfig: Setting CVar [[r.AOQuality:2]]
[2021.02.08-17.59.38:524][  0]LogConfig: Setting CVar [[r.VolumetricFog:1]]
[2021.02.08-17.59.38:524][  0]LogConfig: Setting CVar [[r.VolumetricFog.GridPixelSize:8]]
[2021.02.08-17.59.38:525][  0]LogConfig: Setting CVar [[r.VolumetricFog.GridSizeZ:128]]
[2021.02.08-17.59.38:525][  0]LogConfig: Setting CVar [[r.VolumetricFog.HistoryMissSupersampleCount:4]]
[2021.02.08-17.59.38:525][  0]LogConfig: Setting CVar [[r.LightMaxDrawDistanceScale:1]]
[2021.02.08-17.59.38:525][  0]LogConfig: Setting CVar [[r.CapsuleShadows:1]]
[2021.02.08-17.59.38:525][  0]LogConfig: Applying CVar settings from Section [PostProcessQuality@3] File [C:/Users/Morgan/Desktop/UnrealAnimationPracticeVids/UnrealAnimationPracticeVids/MyProject/Saved/Config/Windows/Scalability.ini]
[2021.02.08-17.59.38:525][  0]LogConfig: Setting CVar [[r.MotionBlurQuality:4]]
[2021.02.08-17.59.38:525][  0]LogConfig: Setting CVar [[r.AmbientOcclusionMipLevelFactor:0.4]]
[2021.02.08-17.59.38:525][  0]LogConfig: Setting CVar [[r.AmbientOcclusionMaxQuality:100]]
[2021.02.08-17.59.38:525][  0]LogConfig: Setting CVar [[r.AmbientOcclusionLevels:-1]]
[2021.02.08-17.59.38:525][  0]LogConfig: Setting CVar [[r.AmbientOcclusionRadiusScale:1.0]]
[2021.02.08-17.59.38:525][  0]LogConfig: Setting CVar [[r.DepthOfFieldQuality:2]]
[2021.02.08-17.59.38:525][  0]LogConfig: Setting CVar [[r.RenderTargetPoolMin:400]]
[2021.02.08-17.59.38:525][  0]LogConfig: Setting CVar [[r.LensFlareQuality:2]]
[2021.02.08-17.59.38:525][  0]LogConfig: Setting CVar [[r.SceneColorFringeQuality:1]]
[2021.02.08-17.59.38:525][  0]LogConfig: Setting CVar [[r.EyeAdaptationQuality:2]]
[2021.02.08-17.59.38:525][  0]LogConfig: Setting CVar [[r.BloomQuality:5]]
[2021.02.08-17.59.38:525][  0]LogConfig: Setting CVar [[r.FastBlurThreshold:100]]
[2021.02.08-17.59.38:525][  0]LogConfig: Setting CVar [[r.Upscale.Quality:3]]
[2021.02.08-17.59.38:526][  0]LogConfig: Setting CVar [[r.Tonemapper.GrainQuantization:1]]
[2021.02.08-17.59.38:526][  0]LogConfig: Setting CVar [[r.LightShaftQuality:1]]
[2021.02.08-17.59.38:526][  0]LogConfig: Setting CVar [[r.Filter.SizeScale:1]]
[2021.02.08-17.59.38:526][  0]LogConfig: Setting CVar [[r.Tonemapper.Quality:5]]
[2021.02.08-17.59.38:526][  0]LogConfig: Setting CVar [[r.DOF.Gather.AccumulatorQuality:1        ; higher gathering accumulator quality]]
[2021.02.08-17.59.38:526][  0]LogConfig: Setting CVar [[r.DOF.Gather.PostfilterMethod:1          ; Median3x3 postfilering method]]
[2021.02.08-17.59.38:526][  0]LogConfig: Setting CVar [[r.DOF.Gather.EnableBokehSettings:0       ; no bokeh simulation when gathering]]
[2021.02.08-17.59.38:526][  0]LogConfig: Setting CVar [[r.DOF.Gather.RingCount:4                 ; medium number of samples when gathering]]
[2021.02.08-17.59.38:526][  0]LogConfig: Setting CVar [[r.DOF.Scatter.ForegroundCompositing:1    ; additive foreground scattering]]
[2021.02.08-17.59.38:526][  0]LogConfig: Setting CVar [[r.DOF.Scatter.BackgroundCompositing:2    ; additive background scattering]]
[2021.02.08-17.59.38:526][  0]LogConfig: Setting CVar [[r.DOF.Scatter.EnableBokehSettings:1      ; bokeh simulation when scattering]]
[2021.02.08-17.59.38:526][  0]LogConfig: Setting CVar [[r.DOF.Scatter.MaxSpriteRatio:0.1         ; only a maximum of 10% of scattered bokeh]]
[2021.02.08-17.59.38:526][  0]LogConfig: Setting CVar [[r.DOF.Recombine.Quality:1                ; cheap slight out of focus]]
[2021.02.08-17.59.38:526][  0]LogConfig: Setting CVar [[r.DOF.Recombine.EnableBokehSettings:0    ; no bokeh simulation on slight out of focus]]
[2021.02.08-17.59.38:526][  0]LogConfig: Setting CVar [[r.DOF.TemporalAAQuality:1                ; more stable temporal accumulation]]
[2021.02.08-17.59.38:526][  0]LogConfig: Setting CVar [[r.DOF.Kernel.MaxForegroundRadius:0.025]]
[2021.02.08-17.59.38:526][  0]LogConfig: Setting CVar [[r.DOF.Kernel.MaxBackgroundRadius:0.025]]
[2021.02.08-17.59.38:526][  0]LogConfig: Applying CVar settings from Section [TextureQuality@3] File [C:/Users/Morgan/Desktop/UnrealAnimationPracticeVids/UnrealAnimationPracticeVids/MyProject/Saved/Config/Windows/Scalability.ini]
[2021.02.08-17.59.38:527][  0]LogConfig: Setting CVar [[r.Streaming.MipBias:0]]
[2021.02.08-17.59.38:527][  0]LogConfig: Setting CVar [[r.Streaming.AmortizeCPUToGPUCopy:0]]
[2021.02.08-17.59.38:527][  0]LogConfig: Setting CVar [[r.Streaming.MaxNumTexturesToStreamPerFrame:0]]
[2021.02.08-17.59.38:527][  0]LogConfig: Setting CVar [[r.Streaming.Boost:1]]
[2021.02.08-17.59.38:527][  0]LogConfig: Setting CVar [[r.MaxAnisotropy:8]]
[2021.02.08-17.59.38:527][  0]LogConfig: Setting CVar [[r.VT.MaxAnisotropy:8]]
[2021.02.08-17.59.38:527][  0]LogConfig: Setting CVar [[r.Streaming.LimitPoolSizeToVRAM:0]]
[2021.02.08-17.59.38:527][  0]LogConfig: Setting CVar [[r.Streaming.PoolSize:1000]]
[2021.02.08-17.59.38:527][  0]LogConfig: Setting CVar [[r.Streaming.MaxEffectiveScreenSize:0]]
[2021.02.08-17.59.38:527][  0]LogConfig: Applying CVar settings from Section [EffectsQuality@3] File [C:/Users/Morgan/Desktop/UnrealAnimationPracticeVids/UnrealAnimationPracticeVids/MyProject/Saved/Config/Windows/Scalability.ini]
[2021.02.08-17.59.38:527][  0]LogConfig: Setting CVar [[r.TranslucencyLightingVolumeDim:64]]
[2021.02.08-17.59.38:527][  0]LogConfig: Setting CVar [[r.RefractionQuality:2]]
[2021.02.08-17.59.38:527][  0]LogConfig: Setting CVar [[r.SSR.Quality:3]]
[2021.02.08-17.59.38:527][  0]LogConfig: Setting CVar [[r.SSR.HalfResSceneColor:0]]
[2021.02.08-17.59.38:527][  0]LogConfig: Setting CVar [[r.SceneColorFormat:4]]
[2021.02.08-17.59.38:527][  0]LogConfig: Setting CVar [[r.DetailMode:2]]
[2021.02.08-17.59.38:527][  0]LogConfig: Setting CVar [[r.TranslucencyVolumeBlur:1]]
[2021.02.08-17.59.38:527][  0]LogConfig: Setting CVar [[r.MaterialQualityLevel:1 ; High quality]]
[2021.02.08-17.59.38:528][  0]LogConfig: Setting CVar [[r.SSS.Scale:1]]
[2021.02.08-17.59.38:528][  0]LogConfig: Setting CVar [[r.SSS.SampleSet:2]]
[2021.02.08-17.59.38:528][  0]LogConfig: Setting CVar [[r.SSS.Quality:1]]
[2021.02.08-17.59.38:528][  0]LogConfig: Setting CVar [[r.SSS.HalfRes:0]]
[2021.02.08-17.59.38:528][  0]LogConfig: Setting CVar [[r.SSGI.Quality:3]]
[2021.02.08-17.59.38:528][  0]LogConfig: Setting CVar [[r.EmitterSpawnRateScale:1.0]]
[2021.02.08-17.59.38:528][  0]LogConfig: Setting CVar [[r.ParticleLightQuality:2]]
[2021.02.08-17.59.38:528][  0]LogConfig: Setting CVar [[r.SkyAtmosphere.AerialPerspectiveLUT.FastApplyOnOpaque:1 ; Always have FastSkyLUT 1 in this case to avoid wrong sky]]
[2021.02.08-17.59.38:528][  0]LogConfig: Setting CVar [[r.SkyAtmosphere.AerialPerspectiveLUT.SampleCountPerSlice:1]]
[2021.02.08-17.59.38:528][  0]LogConfig: Setting CVar [[r.SkyAtmosphere.AerialPerspectiveLUT.DepthResolution:16.0]]
[2021.02.08-17.59.38:528][  0]LogConfig: Setting CVar [[r.SkyAtmosphere.FastSkyLUT:1]]
[2021.02.08-17.59.38:528][  0]LogConfig: Setting CVar [[r.SkyAtmosphere.FastSkyLUT.SampleCountMin:4.0]]
[2021.02.08-17.59.38:528][  0]LogConfig: Setting CVar [[r.SkyAtmosphere.FastSkyLUT.SampleCountMax:32.0]]
[2021.02.08-17.59.38:528][  0]LogConfig: Setting CVar [[r.SkyAtmosphere.SampleCountMin:4.0]]
[2021.02.08-17.59.38:528][  0]LogConfig: Setting CVar [[r.SkyAtmosphere.SampleCountMax:32.0]]
[2021.02.08-17.59.38:528][  0]LogConfig: Setting CVar [[r.SkyAtmosphere.TransmittanceLUT.UseSmallFormat:0]]
[2021.02.08-17.59.38:528][  0]LogConfig: Setting CVar [[r.SkyAtmosphere.TransmittanceLUT.SampleCount:10.0]]
[2021.02.08-17.59.38:528][  0]LogConfig: Setting CVar [[r.SkyAtmosphere.MultiScatteringLUT.SampleCount:15.0]]
[2021.02.08-17.59.38:528][  0]LogConfig: Applying CVar settings from Section [FoliageQuality@3] File [C:/Users/Morgan/Desktop/UnrealAnimationPracticeVids/UnrealAnimationPracticeVids/MyProject/Saved/Config/Windows/Scalability.ini]
[2021.02.08-17.59.38:529][  0]LogConfig: Setting CVar [[foliage.DensityScale:1.0]]
[2021.02.08-17.59.38:529][  0]LogConfig: Setting CVar [[grass.DensityScale:1.0]]
[2021.02.08-17.59.38:529][  0]LogConfig: Applying CVar settings from Section [ShadingQuality@3] File [C:/Users/Morgan/Desktop/UnrealAnimationPracticeVids/UnrealAnimationPracticeVids/MyProject/Saved/Config/Windows/Scalability.ini]
[2021.02.08-17.59.38:529][  0]LogConfig: Setting CVar [[r.HairStrands.SkyLighting.SampleCount:16]]
[2021.02.08-17.59.38:529][  0]LogConfig: Setting CVar [[r.HairStrands.SkyLighting.JitterIntegration:0]]
[2021.02.08-17.59.38:529][  0]LogConfig: Setting CVar [[r.HairStrands.SkyAO.SampleCount:16]]
[2021.02.08-17.59.38:529][  0]LogConfig: Setting CVar [[r.HairStrands.DeepShadow.SuperSampling:0]]
[2021.02.08-17.59.38:529][  0]LogConfig: Setting CVar [[r.HairStrands.VisibilityPPLL:0]]
[2021.02.08-17.59.38:529][  0]LogConfig: Setting CVar [[r.HairStrands.RasterizationScale:0.5]]
[2021.02.08-17.59.38:529][  0]LogConfig: Setting CVar [[r.HairStrands.VelocityRasterizationScale:1]]
[2021.02.08-17.59.38:529][  0]LogInit: Selected Device Profile: [Windows]
[2021.02.08-17.59.38:529][  0]LogInit: Applying CVar settings loaded from the selected device profile: [Windows]
[2021.02.08-17.59.38:529][  0]LogHAL: Display: Platform has ~ 32 GB [34252365824 / 34359738368 / 32], which maps to Largest [LargestMinGB=32, LargerMinGB=12, DefaultMinGB=8, SmallerMinGB=6, SmallestMinGB=0)
[2021.02.08-17.59.38:529][  0]LogInit: Going up to parent DeviceProfile []
[2021.02.08-17.59.38:529][  0]LogConfig: Applying CVar settings from Section [ViewDistanceQuality@3] File [C:/Users/Morgan/Desktop/UnrealAnimationPracticeVids/UnrealAnimationPracticeVids/MyProject/Saved/Config/Windows/Scalability.ini]
[2021.02.08-17.59.38:529][  0]LogConfig: Setting CVar [[r.SkeletalMeshLODBias:0]]
[2021.02.08-17.59.38:530][  0]LogConfig: Setting CVar [[r.ViewDistanceScale:1.0]]
[2021.02.08-17.59.38:530][  0]LogConfig: Applying CVar settings from Section [AntiAliasingQuality@3] File [C:/Users/Morgan/Desktop/UnrealAnimationPracticeVids/UnrealAnimationPracticeVids/MyProject/Saved/Config/Windows/Scalability.ini]
[2021.02.08-17.59.38:530][  0]LogConfig: Setting CVar [[r.PostProcessAAQuality:4]]
[2021.02.08-17.59.38:530][  0]LogConfig: Applying CVar settings from Section [ShadowQuality@3] File [C:/Users/Morgan/Desktop/UnrealAnimationPracticeVids/UnrealAnimationPracticeVids/MyProject/Saved/Config/Windows/Scalability.ini]
[2021.02.08-17.59.38:530][  0]LogConfig: Setting CVar [[r.LightFunctionQuality:1]]
[2021.02.08-17.59.38:530][  0]LogConfig: Setting CVar [[r.ShadowQuality:5]]
[2021.02.08-17.59.38:530][  0]LogConfig: Setting CVar [[r.Shadow.CSM.MaxCascades:10]]
[2021.02.08-17.59.38:530][  0]LogConfig: Setting CVar [[r.Shadow.MaxResolution:2048]]
[2021.02.08-17.59.38:530][  0]LogConfig: Setting CVar [[r.Shadow.MaxCSMResolution:2048]]
[2021.02.08-17.59.38:530][  0]LogConfig: Setting CVar [[r.Shadow.RadiusThreshold:0.01]]
[2021.02.08-17.59.38:530][  0]LogConfig: Setting CVar [[r.Shadow.DistanceScale:1.0]]
[2021.02.08-17.59.38:530][  0]LogConfig: Setting CVar [[r.Shadow.CSM.TransitionScale:1.0]]
[2021.02.08-17.59.38:530][  0]LogConfig: Setting CVar [[r.Shadow.PreShadowResolutionFactor:1.0]]
[2021.02.08-17.59.38:530][  0]LogConfig: Setting CVar [[r.DistanceFieldShadowing:1]]
[2021.02.08-17.59.38:530][  0]LogConfig: Setting CVar [[r.DistanceFieldAO:1]]
[2021.02.08-17.59.38:530][  0]LogConfig: Setting CVar [[r.AOQuality:2]]
[2021.02.08-17.59.38:530][  0]LogConfig: Setting CVar [[r.VolumetricFog:1]]
[2021.02.08-17.59.38:530][  0]LogConfig: Setting CVar [[r.VolumetricFog.GridPixelSize:8]]
[2021.02.08-17.59.38:530][  0]LogConfig: Setting CVar [[r.VolumetricFog.GridSizeZ:128]]
[2021.02.08-17.59.38:531][  0]LogConfig: Setting CVar [[r.VolumetricFog.HistoryMissSupersampleCount:4]]
[2021.02.08-17.59.38:531][  0]LogConfig: Setting CVar [[r.LightMaxDrawDistanceScale:1]]
[2021.02.08-17.59.38:531][  0]LogConfig: Setting CVar [[r.CapsuleShadows:1]]
[2021.02.08-17.59.38:531][  0]LogConfig: Applying CVar settings from Section [PostProcessQuality@3] File [C:/Users/Morgan/Desktop/UnrealAnimationPracticeVids/UnrealAnimationPracticeVids/MyProject/Saved/Config/Windows/Scalability.ini]
[2021.02.08-17.59.38:531][  0]LogConfig: Setting CVar [[r.MotionBlurQuality:4]]
[2021.02.08-17.59.38:531][  0]LogConfig: Setting CVar [[r.AmbientOcclusionMipLevelFactor:0.4]]
[2021.02.08-17.59.38:531][  0]LogConfig: Setting CVar [[r.AmbientOcclusionMaxQuality:100]]
[2021.02.08-17.59.38:531][  0]LogConfig: Setting CVar [[r.AmbientOcclusionLevels:-1]]
[2021.02.08-17.59.38:531][  0]LogConfig: Setting CVar [[r.AmbientOcclusionRadiusScale:1.0]]
[2021.02.08-17.59.38:531][  0]LogConfig: Setting CVar [[r.DepthOfFieldQuality:2]]
[2021.02.08-17.59.38:531][  0]LogConfig: Setting CVar [[r.RenderTargetPoolMin:400]]
[2021.02.08-17.59.38:531][  0]LogConfig: Setting CVar [[r.LensFlareQuality:2]]
[2021.02.08-17.59.38:531][  0]LogConfig: Setting CVar [[r.SceneColorFringeQuality:1]]
[2021.02.08-17.59.38:531][  0]LogConfig: Setting CVar [[r.EyeAdaptationQuality:2]]
[2021.02.08-17.59.38:531][  0]LogConfig: Setting CVar [[r.BloomQuality:5]]
[2021.02.08-17.59.38:531][  0]LogConfig: Setting CVar [[r.FastBlurThreshold:100]]
[2021.02.08-17.59.38:531][  0]LogConfig: Setting CVar [[r.Upscale.Quality:3]]
[2021.02.08-17.59.38:531][  0]LogConfig: Setting CVar [[r.Tonemapper.GrainQuantization:1]]
[2021.02.08-17.59.38:531][  0]LogConfig: Setting CVar [[r.LightShaftQuality:1]]
[2021.02.08-17.59.38:531][  0]LogConfig: Setting CVar [[r.Filter.SizeScale:1]]
[2021.02.08-17.59.38:532][  0]LogConfig: Setting CVar [[r.Tonemapper.Quality:5]]
[2021.02.08-17.59.38:532][  0]LogConfig: Setting CVar [[r.DOF.Gather.AccumulatorQuality:1        ; higher gathering accumulator quality]]
[2021.02.08-17.59.38:532][  0]LogConfig: Setting CVar [[r.DOF.Gather.PostfilterMethod:1          ; Median3x3 postfilering method]]
[2021.02.08-17.59.38:532][  0]LogConfig: Setting CVar [[r.DOF.Gather.EnableBokehSettings:0       ; no bokeh simulation when gathering]]
[2021.02.08-17.59.38:532][  0]LogConfig: Setting CVar [[r.DOF.Gather.RingCount:4                 ; medium number of samples when gathering]]
[2021.02.08-17.59.38:532][  0]LogConfig: Setting CVar [[r.DOF.Scatter.ForegroundCompositing:1    ; additive foreground scattering]]
[2021.02.08-17.59.38:532][  0]LogConfig: Setting CVar [[r.DOF.Scatter.BackgroundCompositing:2    ; additive background scattering]]
[2021.02.08-17.59.38:532][  0]LogConfig: Setting CVar [[r.DOF.Scatter.EnableBokehSettings:1      ; bokeh simulation when scattering]]
[2021.02.08-17.59.38:532][  0]LogConfig: Setting CVar [[r.DOF.Scatter.MaxSpriteRatio:0.1         ; only a maximum of 10% of scattered bokeh]]
[2021.02.08-17.59.38:532][  0]LogConfig: Setting CVar [[r.DOF.Recombine.Quality:1                ; cheap slight out of focus]]
[2021.02.08-17.59.38:532][  0]LogConfig: Setting CVar [[r.DOF.Recombine.EnableBokehSettings:0    ; no bokeh simulation on slight out of focus]]
[2021.02.08-17.59.38:532][  0]LogConfig: Setting CVar [[r.DOF.TemporalAAQuality:1                ; more stable temporal accumulation]]
[2021.02.08-17.59.38:532][  0]LogConfig: Setting CVar [[r.DOF.Kernel.MaxForegroundRadius:0.025]]
[2021.02.08-17.59.38:532][  0]LogConfig: Setting CVar [[r.DOF.Kernel.MaxBackgroundRadius:0.025]]
[2021.02.08-17.59.38:532][  0]LogConfig: Applying CVar settings from Section [TextureQuality@3] File [C:/Users/Morgan/Desktop/UnrealAnimationPracticeVids/UnrealAnimationPracticeVids/MyProject/Saved/Config/Windows/Scalability.ini]
[2021.02.08-17.59.38:532][  0]LogConfig: Setting CVar [[r.Streaming.MipBias:0]]
[2021.02.08-17.59.38:532][  0]LogConfig: Setting CVar [[r.Streaming.AmortizeCPUToGPUCopy:0]]
[2021.02.08-17.59.38:532][  0]LogConfig: Setting CVar [[r.Streaming.MaxNumTexturesToStreamPerFrame:0]]
[2021.02.08-17.59.38:532][  0]LogConfig: Setting CVar [[r.Streaming.Boost:1]]
[2021.02.08-17.59.38:533][  0]LogConfig: Setting CVar [[r.MaxAnisotropy:8]]
[2021.02.08-17.59.38:533][  0]LogConfig: Setting CVar [[r.VT.MaxAnisotropy:8]]
[2021.02.08-17.59.38:533][  0]LogConfig: Setting CVar [[r.Streaming.LimitPoolSizeToVRAM:0]]
[2021.02.08-17.59.38:533][  0]LogConfig: Setting CVar [[r.Streaming.PoolSize:1000]]
[2021.02.08-17.59.38:533][  0]LogConfig: Setting CVar [[r.Streaming.MaxEffectiveScreenSize:0]]
[2021.02.08-17.59.38:533][  0]LogConfig: Applying CVar settings from Section [EffectsQuality@3] File [C:/Users/Morgan/Desktop/UnrealAnimationPracticeVids/UnrealAnimationPracticeVids/MyProject/Saved/Config/Windows/Scalability.ini]
[2021.02.08-17.59.38:533][  0]LogConfig: Setting CVar [[r.TranslucencyLightingVolumeDim:64]]
[2021.02.08-17.59.38:533][  0]LogConfig: Setting CVar [[r.RefractionQuality:2]]
[2021.02.08-17.59.38:533][  0]LogConfig: Setting CVar [[r.SSR.Quality:3]]
[2021.02.08-17.59.38:533][  0]LogConfig: Setting CVar [[r.SSR.HalfResSceneColor:0]]
[2021.02.08-17.59.38:533][  0]LogConfig: Setting CVar [[r.SceneColorFormat:4]]
[2021.02.08-17.59.38:533][  0]LogConfig: Setting CVar [[r.DetailMode:2]]
[2021.02.08-17.59.38:533][  0]LogConfig: Setting CVar [[r.TranslucencyVolumeBlur:1]]
[2021.02.08-17.59.38:533][  0]LogConfig: Setting CVar [[r.MaterialQualityLevel:1 ; High quality]]
[2021.02.08-17.59.38:533][  0]LogConfig: Setting CVar [[r.SSS.Scale:1]]
[2021.02.08-17.59.38:533][  0]LogConfig: Setting CVar [[r.SSS.SampleSet:2]]
[2021.02.08-17.59.38:533][  0]LogConfig: Setting CVar [[r.SSS.Quality:1]]
[2021.02.08-17.59.38:534][  0]LogConfig: Setting CVar [[r.SSS.HalfRes:0]]
[2021.02.08-17.59.38:534][  0]LogConfig: Setting CVar [[r.SSGI.Quality:3]]
[2021.02.08-17.59.38:534][  0]LogConfig: Setting CVar [[r.EmitterSpawnRateScale:1.0]]
[2021.02.08-17.59.38:534][  0]LogConfig: Setting CVar [[r.ParticleLightQuality:2]]
[2021.02.08-17.59.38:534][  0]LogConfig: Setting CVar [[r.SkyAtmosphere.AerialPerspectiveLUT.FastApplyOnOpaque:1 ; Always have FastSkyLUT 1 in this case to avoid wrong sky]]
[2021.02.08-17.59.38:534][  0]LogConfig: Setting CVar [[r.SkyAtmosphere.AerialPerspectiveLUT.SampleCountPerSlice:1]]
[2021.02.08-17.59.38:534][  0]LogConfig: Setting CVar [[r.SkyAtmosphere.AerialPerspectiveLUT.DepthResolution:16.0]]
[2021.02.08-17.59.38:534][  0]LogConfig: Setting CVar [[r.SkyAtmosphere.FastSkyLUT:1]]
[2021.02.08-17.59.38:534][  0]LogConfig: Setting CVar [[r.SkyAtmosphere.FastSkyLUT.SampleCountMin:4.0]]
[2021.02.08-17.59.38:534][  0]LogConfig: Setting CVar [[r.SkyAtmosphere.FastSkyLUT.SampleCountMax:32.0]]
[2021.02.08-17.59.38:535][  0]LogConfig: Setting CVar [[r.SkyAtmosphere.SampleCountMin:4.0]]
[2021.02.08-17.59.38:535][  0]LogConfig: Setting CVar [[r.SkyAtmosphere.SampleCountMax:32.0]]
[2021.02.08-17.59.38:535][  0]LogConfig: Setting CVar [[r.SkyAtmosphere.TransmittanceLUT.UseSmallFormat:0]]
[2021.02.08-17.59.38:535][  0]LogConfig: Setting CVar [[r.SkyAtmosphere.TransmittanceLUT.SampleCount:10.0]]
[2021.02.08-17.59.38:535][  0]LogConfig: Setting CVar [[r.SkyAtmosphere.MultiScatteringLUT.SampleCount:15.0]]
[2021.02.08-17.59.38:535][  0]LogConfig: Applying CVar settings from Section [FoliageQuality@3] File [C:/Users/Morgan/Desktop/UnrealAnimationPracticeVids/UnrealAnimationPracticeVids/MyProject/Saved/Config/Windows/Scalability.ini]
[2021.02.08-17.59.38:535][  0]LogConfig: Setting CVar [[foliage.DensityScale:1.0]]
[2021.02.08-17.59.38:535][  0]LogConfig: Setting CVar [[grass.DensityScale:1.0]]
[2021.02.08-17.59.38:535][  0]LogConfig: Applying CVar settings from Section [ShadingQuality@3] File [C:/Users/Morgan/Desktop/UnrealAnimationPracticeVids/UnrealAnimationPracticeVids/MyProject/Saved/Config/Windows/Scalability.ini]
[2021.02.08-17.59.38:535][  0]LogConfig: Setting CVar [[r.HairStrands.SkyLighting.SampleCount:16]]
[2021.02.08-17.59.38:535][  0]LogConfig: Setting CVar [[r.HairStrands.SkyLighting.JitterIntegration:0]]
[2021.02.08-17.59.38:535][  0]LogConfig: Setting CVar [[r.HairStrands.SkyAO.SampleCount:16]]
[2021.02.08-17.59.38:535][  0]LogConfig: Setting CVar [[r.HairStrands.DeepShadow.SuperSampling:0]]
[2021.02.08-17.59.38:535][  0]LogConfig: Setting CVar [[r.HairStrands.VisibilityPPLL:0]]
[2021.02.08-17.59.38:535][  0]LogConfig: Setting CVar [[r.HairStrands.RasterizationScale:0.5]]
[2021.02.08-17.59.38:535][  0]LogConfig: Setting CVar [[r.HairStrands.VelocityRasterizationScale:1]]
[2021.02.08-17.59.38:535][  0]LogConfig: Applying CVar settings from Section [Startup] File [../../../Engine/Config/ConsoleVariables.ini]
[2021.02.08-17.59.38:536][  0]LogConfig: Setting CVar [[net.UseAdaptiveNetUpdateFrequency:0]]
[2021.02.08-17.59.38:536][  0]LogConfig: Setting CVar [[p.chaos.AllowCreatePhysxBodies:1]]
[2021.02.08-17.59.38:536][  0]LogConfig: Setting CVar [[fx.SkipVectorVMBackendOptimizations:1]]
[2021.02.08-17.59.38:536][  0]LogConfig: Applying CVar settings from Section [ConsoleVariables] File [C:/Users/Morgan/Desktop/UnrealAnimationPracticeVids/UnrealAnimationPracticeVids/MyProject/Saved/Config/Windows/Engine.ini]
[2021.02.08-17.59.38:536][  0]LogInit: Computer: DESKTOP-A1LV5LA
[2021.02.08-17.59.38:536][  0]LogInit: User: Morgan
[2021.02.08-17.59.38:536][  0]LogInit: CPU Page size=4096, Cores=10
[2021.02.08-17.59.38:536][  0]LogInit: High frequency timer resolution =10.000000 MHz
[2021.02.08-17.59.38:536][  0]LogMemory: Memory total: Physical=31.9GB (32GB approx)
[2021.02.08-17.59.38:536][  0]LogMemory: Platform Memory Stats for Windows
[2021.02.08-17.59.38:536][  0]LogMemory: Process Physical Memory: 118.70 MB used, 118.71 MB peak
[2021.02.08-17.59.38:536][  0]LogMemory: Process Virtual Memory: 107.18 MB used, 107.18 MB peak
[2021.02.08-17.59.38:536][  0]LogMemory: Physical Memory: 11301.36 MB used,  21364.24 MB free, 32665.60 MB total
[2021.02.08-17.59.38:537][  0]LogMemory: Virtual Memory: 5217.39 MB used,  134212512.00 MB free, 134217728.00 MB total
[2021.02.08-17.59.38:548][  0]LogWindows: WindowsPlatformFeatures enabled
[2021.02.08-17.59.38:733][  0]LogInit: Physics initialised using underlying interface: PhysX
[2021.02.08-17.59.38:734][  0]LogInit: Using OS detected language (en-GB).
[2021.02.08-17.59.38:734][  0]LogInit: Using OS detected locale (en-GB).
[2021.02.08-17.59.38:742][  0]LogTextLocalizationManager: No specific localization for 'en-GB' exists, so the 'en' localization will be used.
[2021.02.08-17.59.38:896][  0]LogInit: Setting process to per monitor DPI aware
[2021.02.08-17.59.38:942][  0]LogSlate: New Slate User Created.  User Index 0, Is Virtual User: 0
[2021.02.08-17.59.38:942][  0]LogSlate: Slate User Registered.  User Index 0, Is Virtual User: 0
[2021.02.08-17.59.39:083][  0]LogHMD: Failed to initialize OpenVR with code 110
[2021.02.08-17.59.39:083][  0]LogD3D11RHI: D3D11 min allowed feature level: 11_0
[2021.02.08-17.59.39:083][  0]LogD3D11RHI: D3D11 max allowed feature level: 11_0
[2021.02.08-17.59.39:083][  0]LogD3D11RHI: D3D11 adapters:
[2021.02.08-17.59.39:206][  0]LogD3D11RHI:    0. 'NVIDIA GeForce RTX 3090' (Feature Level 11_0)
[2021.02.08-17.59.39:206][  0]LogD3D11RHI:       24348/0/16332 MB DedicatedVideo/DedicatedSystem/SharedSystem, Outputs:2, VendorId:0x10de
[2021.02.08-17.59.39:211][  0]LogD3D11RHI:    1. 'Microsoft Basic Render Driver' (Feature Level 11_0)
[2021.02.08-17.59.39:211][  0]LogD3D11RHI:       0/0/16332 MB DedicatedVideo/DedicatedSystem/SharedSystem, Outputs:0, VendorId:0x1414
[2021.02.08-17.59.39:211][  0]LogD3D11RHI: Chosen D3D11 Adapter: 0
[2021.02.08-17.59.39:217][  0]LogD3D11RHI: Creating new Direct3DDevice
[2021.02.08-17.59.39:217][  0]LogD3D11RHI:     GPU DeviceId: 0x2204 (for the marketing name, search the web for "GPU Device Id")
[2021.02.08-17.59.39:218][  0]LogWindows: EnumDisplayDevices:
[2021.02.08-17.59.39:218][  0]LogWindows:    0. 'NVIDIA GeForce RTX 3090' (P:1 D:1)
[2021.02.08-17.59.39:218][  0]LogWindows:    1. 'NVIDIA GeForce RTX 3090' (P:0 D:1)
[2021.02.08-17.59.39:218][  0]LogWindows:    2. 'NVIDIA GeForce RTX 3090' (P:0 D:0)
[2021.02.08-17.59.39:219][  0]LogWindows:    3. 'NVIDIA GeForce RTX 3090' (P:0 D:0)
[2021.02.08-17.59.39:219][  0]LogWindows: DebugString: FoundDriverCount:4 
[2021.02.08-17.59.39:219][  0]LogD3D11RHI:     Adapter Name: NVIDIA GeForce RTX 3090
[2021.02.08-17.59.39:219][  0]LogD3D11RHI:   Driver Version: 460.89 (internal:27.21.14.6089, unified:460.89)
[2021.02.08-17.59.39:219][  0]LogD3D11RHI:      Driver Date: 12-11-2020
[2021.02.08-17.59.39:219][  0]LogRHI: Texture pool is 17043 MB (70% of 24348 MB)
[2021.02.08-17.59.39:307][  0]LogD3D11RHI: RHI has support for 64 bit atomics
[2021.02.08-17.59.39:307][  0]LogD3D11RHI: Async texture creation enabled
[2021.02.08-17.59.39:307][  0]LogD3D11RHI: Array index from any shader is supported
[2021.02.08-17.59.39:324][  0]LogD3D11RHI: GPU Timing Frequency: 1000.000000 (Debug: 2 1)
[2021.02.08-17.59.39:714][  0]LogTargetPlatformManager: Display: Loaded TargetPlatform 'AllDesktop'
[2021.02.08-17.59.39:736][  0]LogTargetPlatformManager: Display: Loaded TargetPlatform 'Android'
[2021.02.08-17.59.39:736][  0]LogTargetPlatformManager: Display: Loaded TargetPlatform 'Android_ASTC'
[2021.02.08-17.59.39:736][  0]LogTargetPlatformManager: Display: Loaded TargetPlatform 'Android_DXT'
[2021.02.08-17.59.39:737][  0]LogTargetPlatformManager: Display: Loaded TargetPlatform 'Android_ETC2'
[2021.02.08-17.59.39:737][  0]LogTargetPlatformManager: Display: Loaded TargetPlatform 'AndroidClient'
[2021.02.08-17.59.39:737][  0]LogTargetPlatformManager: Display: Loaded TargetPlatform 'Android_ASTCClient'
[2021.02.08-17.59.39:737][  0]LogTargetPlatformManager: Display: Loaded TargetPlatform 'Android_DXTClient'
[2021.02.08-17.59.39:737][  0]LogTargetPlatformManager: Display: Loaded TargetPlatform 'Android_ETC2Client'
[2021.02.08-17.59.39:737][  0]LogTargetPlatformManager: Display: Loaded TargetPlatform 'Android_Multi'
[2021.02.08-17.59.39:737][  0]LogTargetPlatformManager: Display: Loaded TargetPlatform 'Android_MultiClient'
[2021.02.08-17.59.39:766][  0]LogTargetPlatformManager: Display: Loaded TargetPlatform 'IOSClient'
[2021.02.08-17.59.39:766][  0]LogTargetPlatformManager: Display: Loaded TargetPlatform 'IOS'
[2021.02.08-17.59.39:777][  0]LogTargetPlatformManager: Display: Loaded TargetPlatform 'Linux'
[2021.02.08-17.59.39:789][  0]LogTargetPlatformManager: Display: Loaded TargetPlatform 'LinuxNoEditor'
[2021.02.08-17.59.39:800][  0]LogTargetPlatformManager: Display: Loaded TargetPlatform 'LinuxClient'
[2021.02.08-17.59.39:810][  0]LogTargetPlatformManager: Display: Loaded TargetPlatform 'LinuxServer'
[2021.02.08-17.59.39:821][  0]LogTargetPlatformManager: Display: Loaded TargetPlatform 'LinuxAArch64NoEditor'
[2021.02.08-17.59.39:831][  0]LogTargetPlatformManager: Display: Loaded TargetPlatform 'LinuxAArch64Client'
[2021.02.08-17.59.39:842][  0]LogTargetPlatformManager: Display: Loaded TargetPlatform 'LinuxAArch64Server'
[2021.02.08-17.59.39:872][  0]LogTargetPlatformManager: Display: Loaded TargetPlatform 'Lumin'
[2021.02.08-17.59.39:872][  0]LogTargetPlatformManager: Display: Loaded TargetPlatform 'LuminClient'
[2021.02.08-17.59.39:890][  0]LogTargetPlatformManager: Display: Loaded TargetPlatform 'TVOSClient'
[2021.02.08-17.59.39:891][  0]LogTargetPlatformManager: Display: Loaded TargetPlatform 'TVOS'
[2021.02.08-17.59.39:901][  0]LogTargetPlatformManager: Display: Loaded TargetPlatform 'WindowsNoEditor'
[2021.02.08-17.59.39:912][  0]LogTargetPlatformManager: Display: Loaded TargetPlatform 'Windows'
[2021.02.08-17.59.39:923][  0]LogTargetPlatformManager: Display: Loaded TargetPlatform 'WindowsClient'
[2021.02.08-17.59.39:933][  0]LogTargetPlatformManager: Display: Loaded TargetPlatform 'WindowsServer'
[2021.02.08-17.59.39:933][  0]LogTargetPlatformManager: Display: Building Assets For Windows
[2021.02.08-17.59.39:945][  0]LogAudioDebug: Display: Lib vorbis DLL was dynamically loaded.
[2021.02.08-17.59.40:037][  0]LogShaderCompilers: Guid format shader working directory is -58 characters bigger than the processId version (../../../../../../Users/Morgan/Desktop/UnrealAnimationPracticeVids/UnrealAnimationPracticeVids/MyProject/Intermediate/Shaders/WorkingDirectory/34488/).
[2021.02.08-17.59.40:038][  0]LogShaderCompilers: Cleaned the shader compiler working directory 'C:/Users/Morgan/AppData/Local/Temp/UnrealShaderWorkingDir/51D41B914F680D42CF8A749900FF6990/'.
[2021.02.08-17.59.40:038][  0]LogXGEController: Cleaning working directory: C:/Users/Morgan/AppData/Local/Temp/UnrealXGEWorkingDir/
[2021.02.08-17.59.40:038][  0]LogXGEController: Cannot use XGE Controller as Incredibuild is not installed on this machine.
[2021.02.08-17.59.40:038][  0]LogShaderCompilers: Cannot use XGE Shader Compiler as Incredibuild is not installed on this machine.
[2021.02.08-17.59.40:038][  0]LogShaderCompilers: Display: Using Local Shader Compiler.
[2021.02.08-17.59.40:779][  0]LogDerivedDataCache: Display: Max Cache Size: 512 MB
[2021.02.08-17.59.40:824][  0]LogDerivedDataCache: Loaded boot cache 0.05s 80MB C:/Users/Morgan/AppData/Local/UnrealEngine/4.25/DerivedDataCache/Boot.ddc.
[2021.02.08-17.59.40:824][  0]LogDerivedDataCache: Display: Loaded Boot cache: C:/Users/Morgan/AppData/Local/UnrealEngine/4.25/DerivedDataCache/Boot.ddc
[2021.02.08-17.59.40:825][  0]LogDerivedDataCache: FDerivedDataBackendGraph:  Pak pak cache file ../../../../../../Users/Morgan/Desktop/UnrealAnimationPracticeVids/UnrealAnimationPracticeVids/MyProject/DerivedDataCache/DDC.ddp not found, will not use a pak cache.
[2021.02.08-17.59.40:825][  0]LogDerivedDataCache: Unable to find inner node Pak for hierarchical cache Hierarchy.
[2021.02.08-17.59.40:825][  0]LogDerivedDataCache: FDerivedDataBackendGraph:  CompressedPak pak cache file ../../../../../../Users/Morgan/Desktop/UnrealAnimationPracticeVids/UnrealAnimationPracticeVids/MyProject/DerivedDataCache/Compressed.ddp not found, will not use a pak cache.
[2021.02.08-17.59.40:825][  0]LogDerivedDataCache: Unable to find inner node CompressedPak for hierarchical cache Hierarchy.
[2021.02.08-17.59.40:835][  0]LogDerivedDataCache: Display: Pak cache opened for reading ../../../Engine/DerivedDataCache/Compressed.ddp.
[2021.02.08-17.59.40:835][  0]LogDerivedDataCache: FDerivedDataBackendGraph:  EnterprisePak pak cache file ../../../Enterprise/DerivedDataCache/Compressed.ddp not found, will not use a pak cache.
[2021.02.08-17.59.40:835][  0]LogDerivedDataCache: Unable to find inner node EnterprisePak for hierarchical cache Hierarchy.
[2021.02.08-17.59.40:837][  0]LogDerivedDataCache: Using Local data cache path C:/Users/Morgan/AppData/Local/UnrealEngine/Common/DerivedDataCache: Writable
[2021.02.08-17.59.40:837][  0]LogDerivedDataCache: Shared data cache path not found in *engine.ini, will not use an Shared cache.
[2021.02.08-17.59.40:837][  0]LogDerivedDataCache: Unable to find inner node Shared for hierarchical cache Hierarchy.
[2021.02.08-17.59.40:886][  0]LogSlate: Using FreeType 2.10.0
[2021.02.08-17.59.40:887][  0]LogSlate: SlateFontServices - WITH_FREETYPE: 1, WITH_HARFBUZZ: 1
[2021.02.08-17.59.40:910][  0]LogAssetRegistry: FAssetRegistry took 0.0038 seconds to start up
[2021.02.08-17.59.41:113][  0]LogInit: Selected Device Profile: [Windows]
[2021.02.08-17.59.41:235][  0]LogMeshReduction: Using QuadricMeshReduction for automatic static mesh reduction
[2021.02.08-17.59.41:235][  0]LogMeshReduction: Using SimplygonMeshReduction for automatic skeletal mesh reduction
[2021.02.08-17.59.41:235][  0]LogMeshReduction: Using ProxyLODMeshReduction for automatic mesh merging
[2021.02.08-17.59.41:235][  0]LogMeshReduction: No distributed automatic mesh merging module available
[2021.02.08-17.59.41:235][  0]LogMeshMerging: No distributed automatic mesh merging module available
[2021.02.08-17.59.41:251][  0]LogNetVersion: MyProject 1.0.0, NetCL: 13144385, EngineNetVer: 14, GameNetVer: 0 (Checksum: 709303259)
[2021.02.08-17.59.41:609][  0]LogAISub: UAISubsystem::UAISubsystem AISubsystem (000002626F89DCC0), frame # 0
[2021.02.08-17.59.41:609][  0]LogAISub: UAISubsystem::UAISubsystem AIPerceptionSystem (000002626F7ED1C0), frame # 0
[2021.02.08-17.59.41:611][  0]LogAISub: UAISubsystem::UAISubsystem EnvQueryManager (000002626F868800), frame # 0
[2021.02.08-17.59.41:662][  0]LogPackageLocalizationCache: Processed 20 localized package path(s) for 1 prioritized culture(s) in 0.045276 seconds
[2021.02.08-17.59.41:666][  0]LogUObjectArray: 15913 objects as part of root set at end of initial load.
[2021.02.08-17.59.41:666][  0]LogUObjectAllocator: 3964304 out of 0 bytes used by permanent object pool.
[2021.02.08-17.59.41:666][  0]LogUObjectArray: CloseDisregardForGC: 0/0 objects in disregard for GC pool
[2021.02.08-17.59.42:074][  0]LogTcpMessaging: Initializing TcpMessaging bridge
[2021.02.08-17.59.42:080][  0]LogUdpMessaging: Initializing bridge on interface 0.0.0.0:0 to multicast group 230.0.0.1:6666.
[2021.02.08-17.59.42:367][  0]SourceControl: Source control is disabled
[2021.02.08-17.59.42:368][  0]SourceControl: Source control is disabled
[2021.02.08-17.59.42:372][  0]SourceControl: Source control is disabled
[2021.02.08-17.59.42:376][  0]SourceControl: Source control is disabled
[2021.02.08-17.59.42:385][  0]SourceControl: Source control is disabled
[2021.02.08-17.59.42:706][  0]LogAndroidPermission: UAndroidPermissionCallbackProxy::GetInstance
[2021.02.08-17.59.42:732][  0]LogAudioCaptureCore: Display: No Audio Capture implementations found. Audio input will be silent.
[2021.02.08-17.59.42:733][  0]LogAudioCaptureCore: Display: No Audio Capture implementations found. Audio input will be silent.
[2021.02.08-17.59.42:789][  0]LogOcInput: OculusInput pre-init called
[2021.02.08-17.59.42:803][  0]LogWindows: Failed to load 'OVRPlugin.dll' (GetLastError=126)
[2021.02.08-17.59.42:803][  0]LogWindows: File 'OVRPlugin.dll' does not exist
[2021.02.08-17.59.43:059][  0]LogEngine: Initializing Engine...
[2021.02.08-17.59.43:060][  0]LogHMD: Failed to initialize OpenVR with code 110
[2021.02.08-17.59.43:060][  0]LogMagicLeap: Warning: VR disabled because ZI is not enabled.  To enable, in the editor, Edit -> Project Settings -> Plugins -> Magic Leap Plugin -> Enable Zero Iteration
[2021.02.08-17.59.43:061][  0]LogStats: UGameplayTagsManager::InitializeManager -  0.000 s
[2021.02.08-17.59.43:164][  0]LogInit: Initializing FReadOnlyCVARCache
[2021.02.08-17.59.43:172][  0]LogAIModule: Creating AISystem for world Untitled
[2021.02.08-17.59.43:173][  0]LogAISub: UAISubsystem::UAISubsystem EnvQueryManager (0000026277E27C00), frame # 0
[2021.02.08-17.59.43:173][  0]LogAISub: UAISubsystem::UAISubsystem AIPerceptionSystem (0000026277E85A80), frame # 0
[2021.02.08-17.59.43:186][  0]LogAudioMixer: Display: Audio Mixer Platform Settings:
[2021.02.08-17.59.43:186][  0]LogAudioMixer: Display: 	Sample Rate:						  48000
[2021.02.08-17.59.43:187][  0]LogAudioMixer: Display: 	Callback Buffer Frame Size Requested: 1024
[2021.02.08-17.59.43:187][  0]LogAudioMixer: Display: 	Callback Buffer Frame Size To Use:	  1024
[2021.02.08-17.59.43:187][  0]LogAudioMixer: Display: 	Number of buffers to queue:			  2
[2021.02.08-17.59.43:187][  0]LogAudioMixer: Display: 	Max Channels (voices):				  32
[2021.02.08-17.59.43:187][  0]LogAudioMixer: Display: 	Number of Async Source Workers:		  0
[2021.02.08-17.59.43:187][  0]LogAudio: Display: AudioDevice MaxSources: 32
[2021.02.08-17.59.43:187][  0]LogAudio: Display: Using built-in audio occlusion.
[2021.02.08-17.59.43:187][  0]LogAudioMixer: Display: Initializing audio mixer.
[2021.02.08-17.59.43:204][  0]LogAudioMixer: Display: 0: FrontLeft
[2021.02.08-17.59.43:204][  0]LogAudioMixer: Display: 1: FrontRight
[2021.02.08-17.59.43:263][  0]LogAudioMixer: Display: Using Audio Device BenQ GL2580 (NVIDIA High Definition Audio)
[2021.02.08-17.59.43:264][  0]LogAudioMixer: Display: Initializing Sound Submixes...
[2021.02.08-17.59.43:267][  0]LogAudioMixer: Display: Creating Master Submix 'MasterSubmixDefault'
[2021.02.08-17.59.43:267][  0]LogAudioMixer: Display: Creating Master Submix 'MasterReverbSubmixDefault'
[2021.02.08-17.59.43:268][  0]LogAudioMixer: Display: Creating Master Submix 'MasterEQSubmixDefault'
[2021.02.08-17.59.43:269][  0]LogInit: FAudioDevice initialized.
[2021.02.08-17.59.43:269][  0]LogNetVersion: Set ProjectVersion to 1.0.0.0. Version Checksum will be recalculated on next use.
[2021.02.08-17.59.43:308][  0]LogDerivedDataCache: Saved boot cache 0.04s 80MB C:/Users/Morgan/AppData/Local/UnrealEngine/4.25/DerivedDataCache/Boot.ddc.
[2021.02.08-17.59.43:310][  0]LogInit: Texture streaming: Enabled
[2021.02.08-17.59.43:331][  0]LogEngineSessionManager: EngineSessionManager initialized
[2021.02.08-17.59.43:331][  0]LogEngineSessionManager: EngineSessionManager sent abnormal shutdown report. Type=Debugger, SessionId={1E87D143-46E8-5F7A-E3B6-65A792DAB737}
[2021.02.08-17.59.43:331][  0]LogEditorSessionSummary: Verbose: Initializing EditorSessionSummaryWriter for editor session tracking
[2021.02.08-17.59.43:334][  0]LogEditorSessionSummary: EditorSessionSummaryWriter initialized
[2021.02.08-17.59.43:347][  0]LogInit: Transaction tracking system initialized
[2021.02.08-17.59.43:375][  0]BlueprintLog: New page: Editor Load
[2021.02.08-17.59.43:461][  0]LocalizationService: Localization service is disabled
[2021.02.08-17.59.43:625][  0]LogCook: Display: Max memory allowance for cook 16384mb min free memory 0mb
[2021.02.08-17.59.43:625][  0]LogCook: Display: Mobile HDR setting 1
[2021.02.08-17.59.43:667][  0]LogFileCache: Scanning file cache for directory 'C:/Users/Morgan/Desktop/UnrealAnimationPracticeVids/UnrealAnimationPracticeVids/MyProject/Content/' took 0.01s
[2021.02.08-17.59.43:945][  0]SourceControl: Source control is disabled
[2021.02.08-17.59.43:945][  0]LogUnrealEdMisc: Loading editor; pre map load, took 7.235
[2021.02.08-17.59.43:945][  0]LightingResults: New page: Lighting Build
[2021.02.08-17.59.43:946][  0]LogWorld: UWorld::CleanupWorld for Untitled, bSessionEnded=true, bCleanupResources=true
[2021.02.08-17.59.43:946][  0]LogSlate: InvalidateAllWidgets triggered.  All widgets were invalidated
[2021.02.08-17.59.43:946][  0]MapCheck: New page: Map Check
[2021.02.08-17.59.43:946][  0]LightingResults: New page: Lighting Build
[2021.02.08-17.59.43:962][  0]LogAISub: UAISubsystem::~UAISubsystem EnvQueryManager (0000026277E27C00), frame # 0
[2021.02.08-17.59.43:962][  0]LogAISub: UAISubsystem::~UAISubsystem AIPerceptionSystem (0000026277E85A80), frame # 0
[2021.02.08-17.59.43:963][  0]LogUObjectHash: Compacting FUObjectHashTables data took   0.77ms
[2021.02.08-17.59.44:043][  0]LogAIModule: Creating AISystem for world ThirdPersonExampleMap
[2021.02.08-17.59.44:043][  0]LogAISub: UAISubsystem::UAISubsystem EnvQueryManager (0000026266BA3E00), frame # 0
[2021.02.08-17.59.44:043][  0]LogAISub: UAISubsystem::UAISubsystem AIPerceptionSystem (00000262743539C0), frame # 0
[2021.02.08-17.59.44:061][  0]LogEditorServer: Finished looking for orphan Actors (0.000 secs)
[2021.02.08-17.59.44:077][  0]LogUObjectHash: Compacting FUObjectHashTables data took   0.75ms
[2021.02.08-17.59.44:077][  0]Cmd: MAP CHECKDEP NOCLEARLOG
[2021.02.08-17.59.44:077][  0]MapCheck: Map check complete: 0 Error(s), 0 Warning(s), took 0.171ms to complete.
[2021.02.08-17.59.44:077][  0]LogFileHelpers: Loading map 'ThirdPersonExampleMap' took 0.132
[2021.02.08-17.59.44:080][  0]LogUnrealEdMisc: Total Editor Startup Time, took 7.370
[2021.02.08-17.59.44:219][  0]LogSlate: Updating window title bar state: overlay mode, drag disabled, window buttons hidden, title bar hidden
[2021.02.08-17.59.44:225][  0]LogSlate: Updating window title bar state: overlay mode, drag disabled, window buttons hidden, title bar hidden
[2021.02.08-17.59.44:231][  0]LogSlate: Updating window title bar state: overlay mode, drag disabled, window buttons hidden, title bar hidden
[2021.02.08-17.59.44:237][  0]LogSlate: Updating window title bar state: overlay mode, drag disabled, window buttons hidden, title bar hidden
[2021.02.08-17.59.44:244][  0]LogCollectionManager: Loaded 0 collections in 0.001432 seconds
[2021.02.08-17.59.44:262][  0]LogFileCache: Scanning file cache for directory 'C:/Users/Morgan/Desktop/UnrealAnimationPracticeVids/UnrealAnimationPracticeVids/MyProject/Saved/Collections/' took 0.00s
[2021.02.08-17.59.44:262][  0]LogFileCache: Scanning file cache for directory 'C:/Users/Morgan/Desktop/UnrealAnimationPracticeVids/UnrealAnimationPracticeVids/MyProject/Content/Developers/Morgan/Collections/' took 0.00s
[2021.02.08-17.59.44:262][  0]LogFileCache: Scanning file cache for directory 'C:/Users/Morgan/Desktop/UnrealAnimationPracticeVids/UnrealAnimationPracticeVids/MyProject/Content/Collections/' took 0.00s
[2021.02.08-17.59.44:262][  0]LogContentBrowser: Native class hierarchy populated in 0.0083 seconds. Added 3447 classes and 837 folders.
[2021.02.08-17.59.44:264][  0]LogContentBrowser: Native class hierarchy updated for 'WidgetCarousel' in 0.0003 seconds. Added 0 classes and 0 folders.
[2021.02.08-17.59.44:325][  0]LogContentBrowser: Native class hierarchy updated for 'AddContentDialog' in 0.0004 seconds. Added 0 classes and 0 folders.
[2021.02.08-17.59.44:326][  0]LogContentBrowser: Native class hierarchy updated for 'SceneOutliner' in 0.0003 seconds. Added 2 classes and 0 folders.
[2021.02.08-17.59.44:360][  0]LogSlate: Took 0.000166 seconds to synchronously load lazily loaded font '../../../Engine/Content/Slate/Fonts/Roboto-Regular.ttf' (155K)
[2021.02.08-17.59.44:391][  0]LogSlate: Took 0.027377 seconds to synchronously load lazily loaded font '../../../Engine/Content/Editor/Slate/Fonts/FontAwesome.ttf' (139K)
[2021.02.08-17.59.44:447][  0]LogRenderer: Reallocating scene render targets to support 2040x928 Format 10 NumSamples 1 (Frame:1).
[2021.02.08-17.59.44:569][  0]LogContentBrowser: Native class hierarchy updated for 'HierarchicalLODOutliner' in 0.0004 seconds. Added 0 classes and 0 folders.
[2021.02.08-17.59.44:569][  0]LogLoad: (Engine Initialization) Total time: 7.86 seconds
[2021.02.08-17.59.44:569][  0]LogLoad: (Engine Initialization) Total Blueprint compile time: 0.00 seconds
[2021.02.08-17.59.44:603][  0]LogAssetRegistry: Asset discovery search completed in 3.6953 seconds
[2021.02.08-17.59.44:606][  0]LogCollectionManager: Fixed up redirectors for 0 collections in 0.000002 seconds (updated 0 objects)
[2021.02.08-17.59.44:608][  0]LogContentStreaming: Texture pool size now 1000 MB
[2021.02.08-17.59.52:919][493]LogEditorViewport: Clicking on Actor (LMB): ThirdPersonCharacter_C (ThirdPersonCharacter2)
[2021.02.08-17.59.55:688][650]LogSlate: Took 0.000174 seconds to synchronously load lazily loaded font '../../../Engine/Content/Slate/Fonts/Roboto-Light.ttf' (167K)
[2021.02.08-17.59.55:709][650]LogAssetEditorSubsystem: Opening Asset editor for SkeletalMesh /Game/Mannequin/Character/Mesh/SK_Mannequin.SK_Mannequin
[2021.02.08-17.59.55:715][650]LogContentBrowser: Native class hierarchy updated for 'SkeletonEditor' in 0.0004 seconds. Added 1 classes and 2 folders.
[2021.02.08-17.59.55:865][650]LogActorComponent: RegisterComponentWithWorld: (/Engine/Transient.World_3:PersistentLevel.AnimationEditorPreviewActor_0.DebugSkelMeshComponent_0) Already registered. Aborting.
[2021.02.08-17.59.55:867][650]LogContentBrowser: Native class hierarchy updated for 'PinnedCommandList' in 0.0005 seconds. Added 1 classes and 0 folders.
[2021.02.08-17.59.56:221][650]LogSlate: Took 0.000153 seconds to synchronously load lazily loaded font '../../../Engine/Content/Slate/Fonts/Roboto-Italic.ttf' (157K)
[2021.02.08-17.59.57:442][718]LogAssetEditorSubsystem: Opening Asset editor for Skeleton /Game/Mannequin/Character/Mesh/UE4_Mannequin_Skeleton.UE4_Mannequin_Skeleton
[2021.02.08-17.59.57:445][718]LogActorComponent: RegisterComponentWithWorld: (/Engine/Transient.World_6:PersistentLevel.AnimationEditorPreviewActor_0.DebugSkelMeshComponent_0) Already registered. Aborting.
[2021.02.08-17.59.58:335][753]LogRenderer: Reallocating scene render targets to support 2040x1240 Format 10 NumSamples 1 (Frame:36).
[2021.02.08-18.02.38:970][  1]LogSlate: Window 'UE4_Mannequin_Skeleton' being destroyed
[2021.02.08-18.02.38:971][  1]LogSlate: Window 'UE4_Mannequin_Skeleton' being destroyed
[2021.02.08-18.02.38:972][  1]LogWorld: UWorld::CleanupWorld for World_3, bSessionEnded=true, bCleanupResources=true
[2021.02.08-18.02.38:972][  1]LogSlate: InvalidateAllWidgets triggered.  All widgets were invalidated
[2021.02.08-18.02.39:057][  1]LogWorld: UWorld::CleanupWorld for World_6, bSessionEnded=true, bCleanupResources=true
[2021.02.08-18.02.39:058][  1]LogSlate: InvalidateAllWidgets triggered.  All widgets were invalidated
[2021.02.08-18.02.40:642][ 46]Candidate modules for hot reload:
[2021.02.08-18.02.40:642][ 46]  MyProject
[2021.02.08-18.02.40:642][ 46]Launching UnrealBuildTool... [C:/Program Files/Epic Games/UE_4.25/Engine/Binaries/DotNET/UnrealBuildTool.exe  -ModuleWithSuffix=MyProject,1747 MyProjectEditor Win64 Development -Project="C:/Users/Morgan/Desktop/UnrealAnimationPracticeVids/UnrealAnimationPracticeVids/MyProject/MyProject.uproject" "C:/Users/Morgan/Desktop/UnrealAnimationPracticeVids/UnrealAnimationPracticeVids/MyProject/MyProject.uproject"  -IgnoreJunk]
[2021.02.08-18.02.40:680][ 46]Warning: Starting HotReload took  0.1s.
[2021.02.08-18.02.54:503][862]CompilerResultsLog: New page: Compilation - 8 Feb 2021, 18:02:54
[2021.02.08-18.02.54:503][862]CompilerResultsLog: Using 'git status' to determine working set for adaptive non-unity build (C:\Users\Morgan\Desktop\UnrealAnimationPracticeVids\UnrealAnimationPracticeVids).
[2021.02.08-18.02.54:503][862]CompilerResultsLog: Building MyProjectEditor...
[2021.02.08-18.02.54:504][862]CompilerResultsLog: Using Visual Studio 2019 14.28.29336 toolchain (C:\Program Files (x86)\Microsoft Visual Studio\2019\Community\VC\Tools\MSVC\14.28.29333) and Windows 10.0.18362.0 SDK (C:\Program Files (x86)\Windows Kits\10).
[2021.02.08-18.02.54:504][862]CompilerResultsLog: [Upgrade]
[2021.02.08-18.02.54:504][862]CompilerResultsLog: [Upgrade] Using backward-compatible build settings. The latest version of UE4 sets the following values by default, which may require code changes:
[2021.02.08-18.02.54:504][862]CompilerResultsLog: [Upgrade]     bLegacyPublicIncludePaths = false                 => Omits subfolders from public include paths to reduce compiler command line length. (Previously: true).
[2021.02.08-18.02.54:504][862]CompilerResultsLog: [Upgrade]     ShadowVariableWarningLevel = WarningLevel.Error   => Treats shadowed variable warnings as errors. (Previously: WarningLevel.Warning).
[2021.02.08-18.02.54:504][862]CompilerResultsLog: [Upgrade]     PCHUsage = PCHUsageMode.UseExplicitOrSharedPCHs   => Set in build.cs files to enables IWYU-style PCH model. See https://docs.unrealengine.com/en-US/Programming/BuildTools/UnrealBuildTool/IWYU/index.html. (Previously: PCHUsageMode.UseSharedPCHs).
[2021.02.08-18.02.54:504][862]CompilerResultsLog: [Upgrade] Suppress this message by setting 'DefaultBuildSettings = BuildSettingsVersion.V2;' in MyProjectEditor.Target.cs, and explicitly overriding settings that differ from the new defaults.
[2021.02.08-18.02.54:504][862]CompilerResultsLog: [Upgrade]
[2021.02.08-18.02.54:504][862]CompilerResultsLog: Building 4 actions with 20 processes...
[2021.02.08-18.02.54:504][862]CompilerResultsLog:   [1/4] MyProjectCharacter.cpp
[2021.02.08-18.02.54:504][862]CompilerResultsLog:   C:\Users\Morgan\Desktop\UnrealAnimationPracticeVids\UnrealAnimationPracticeVids\MyProject\Source\MyProject\MyProjectCharacter.cpp(600): warning C4459: declaration of 'LogLevel' hides global declaration
[2021.02.08-18.02.54:504][862]CompilerResultsLog:   C:\Program Files\Epic Games\UE_4.25\Engine\Source\Runtime\Engine\Public\EngineLogs.h(18): note: see declaration of 'LogLevel'
[2021.02.08-18.02.54:504][862]CompilerResultsLog:   C:\Users\Morgan\Desktop\UnrealAnimationPracticeVids\UnrealAnimationPracticeVids\MyProject\Source\MyProject\MyProjectCharacter.cpp(605): warning C4459: declaration of 'LogLevel' hides global declaration
[2021.02.08-18.02.54:505][862]CompilerResultsLog:   C:\Program Files\Epic Games\UE_4.25\Engine\Source\Runtime\Engine\Public\EngineLogs.h(18): note: see declaration of 'LogLevel'
[2021.02.08-18.02.54:505][862]CompilerResultsLog:   [2/4] UE4Editor-MyProject-1747.lib
[2021.02.08-18.02.54:505][862]CompilerResultsLog:      Creating library C:\Users\Morgan\Desktop\UnrealAnimationPracticeVids\UnrealAnimationPracticeVids\MyProject\Intermediate\Build\Win64\UE4Editor\Development\MyProject\UE4Editor-MyProject-1747.lib and object C:\Users\Morgan\Desktop\UnrealAnimationPracticeVids\UnrealAnimationPracticeVids\MyProject\Intermediate\Build\Win64\UE4Editor\Development\MyProject\UE4Editor-MyProject-1747.exp
[2021.02.08-18.02.54:505][862]CompilerResultsLog:   [3/4] UE4Editor-MyProject-1747.dll
[2021.02.08-18.02.54:505][862]CompilerResultsLog:      Creating library C:\Users\Morgan\Desktop\UnrealAnimationPracticeVids\UnrealAnimationPracticeVids\MyProject\Intermediate\Build\Win64\UE4Editor\Development\MyProject\UE4Editor-MyProject-1747.suppressed.lib and object C:\Users\Morgan\Desktop\UnrealAnimationPracticeVids\UnrealAnimationPracticeVids\MyProject\Intermediate\Build\Win64\UE4Editor\Development\MyProject\UE4Editor-MyProject-1747.suppressed.exp
[2021.02.08-18.02.54:505][862]CompilerResultsLog:   [4/4] MyProjectEditor.target
[2021.02.08-18.02.54:505][862]CompilerResultsLog: Total time in Parallel executor: 12.93 seconds
[2021.02.08-18.02.54:505][862]CompilerResultsLog: Total execution time: 13.64 seconds
[2021.02.08-18.02.54:505][862]LogMainFrame: MainFrame: Module compiling took 13.868 seconds
[2021.02.08-18.02.54:527][862]LogClass: EAttackType HotReload.
[2021.02.08-18.02.54:527][862]LogClass: ELogOutput HotReload.
[2021.02.08-18.02.54:527][862]LogClass: ELogLevel HotReload.
[2021.02.08-18.02.54:527][862]LogClass: ELineTraceType HotReload.
[2021.02.08-18.02.54:527][862]LogClass: MeleeCollisionProfile HotReload.
[2021.02.08-18.02.54:527][862]LogClass: PlayerAttackMontage HotReload.
[2021.02.08-18.02.54:532][862]LogContentBrowser: Native class hierarchy updated for 'MyProject' in 0.0004 seconds. Added 8 classes and 3 folders.
[2021.02.08-18.02.54:534][862]Display: HotReload successful (17 functions remapped  2 scriptstructs remapped)
[2021.02.08-18.02.54:598][862]LogContentBrowser: Native class hierarchy populated in 0.0081 seconds. Added 3448 classes and 839 folders.
[2021.02.08-18.02.54:599][862]Display: HotReload took 14.0s.
[2021.02.08-18.02.55:704][928]LogTemp: Repeating last play command: New Editor Window (PIE)
[2021.02.08-18.02.55:724][928]LogPlayLevel: PlayLevel: No blueprints needed recompiling
[2021.02.08-18.02.55:724][928]PIE: New page: PIE session: ThirdPersonExampleMap (8 Feb 2021, 18:02:55)
[2021.02.08-18.02.55:726][928]LogOnline: OSS: Creating online subsystem instance for: NULL
[2021.02.08-18.02.55:727][928]LogOnline: OSS: TryLoadSubsystemAndSetDefault: Loaded subsystem for module [NULL]
[2021.02.08-18.02.55:727][928]LogPlayLevel: Creating play world package: /Game/ThirdPersonCPP/Maps/UEDPIE_0_ThirdPersonExampleMap
[2021.02.08-18.02.55:739][928]LogPlayLevel: PIE: StaticDuplicateObject took: (0.011332s)
[2021.02.08-18.02.55:740][928]LogAIModule: Creating AISystem for world ThirdPersonExampleMap
[2021.02.08-18.02.55:740][928]LogAISub: UAISubsystem::UAISubsystem EnvQueryManager (00000262C2C57800), frame # 2928
[2021.02.08-18.02.55:740][928]LogAISub: UAISubsystem::UAISubsystem AIPerceptionSystem (00000262AE16F600), frame # 2928
[2021.02.08-18.02.55:740][928]LogPlayLevel: PIE: World Init took: (0.001451s)
[2021.02.08-18.02.55:740][928]LogPlayLevel: PIE: Created PIE world by copying editor world from /Game/ThirdPersonCPP/Maps/ThirdPersonExampleMap.ThirdPersonExampleMap to /Game/ThirdPersonCPP/Maps/UEDPIE_0_ThirdPersonExampleMap.ThirdPersonExampleMap (0.013177s)
[2021.02.08-18.02.55:759][928]LogUObjectHash: Compacting FUObjectHashTables data took   0.67ms
[2021.02.08-18.02.55:761][928]LogAudioMixer: Display: Audio Mixer Platform Settings:
[2021.02.08-18.02.55:761][928]LogAudioMixer: Display: 	Sample Rate:						  48000
[2021.02.08-18.02.55:761][928]LogAudioMixer: Display: 	Callback Buffer Frame Size Requested: 1024
[2021.02.08-18.02.55:761][928]LogAudioMixer: Display: 	Callback Buffer Frame Size To Use:	  1024
[2021.02.08-18.02.55:761][928]LogAudioMixer: Display: 	Number of buffers to queue:			  2
[2021.02.08-18.02.55:762][928]LogAudioMixer: Display: 	Max Channels (voices):				  32
[2021.02.08-18.02.55:762][928]LogAudioMixer: Display: 	Number of Async Source Workers:		  0
[2021.02.08-18.02.55:762][928]LogAudio: Display: AudioDevice MaxSources: 32
[2021.02.08-18.02.55:762][928]LogAudio: Display: Using built-in audio occlusion.
[2021.02.08-18.02.55:762][928]LogAudioMixer: Display: Initializing audio mixer.
[2021.02.08-18.02.55:765][928]LogAudioMixer: Display: 0: FrontLeft
[2021.02.08-18.02.55:765][928]LogAudioMixer: Display: 1: FrontRight
[2021.02.08-18.02.55:792][928]LogAudioMixer: Display: Using Audio Device BenQ GL2580 (NVIDIA High Definition Audio)
[2021.02.08-18.02.55:792][928]LogAudioMixer: Display: Initializing Sound Submixes...
[2021.02.08-18.02.55:792][928]LogAudioMixer: Display: Creating Master Submix 'MasterSubmixDefault'
[2021.02.08-18.02.55:792][928]LogAudioMixer: Display: Creating Master Submix 'MasterReverbSubmixDefault'
[2021.02.08-18.02.55:793][928]LogAudioMixer: Display: Creating Master Submix 'MasterEQSubmixDefault'
[2021.02.08-18.02.55:805][928]LogInit: FAudioDevice initialized.
[2021.02.08-18.02.55:857][928]LogSlate: Updating window title bar state: overlay mode, drag disabled, window buttons hidden, title bar hidden
[2021.02.08-18.02.55:857][928]LogLoad: Game class is 'BP_GameMode_C'
[2021.02.08-18.02.55:858][928]LogWorld: Bringing World /Game/ThirdPersonCPP/Maps/UEDPIE_0_ThirdPersonExampleMap.ThirdPersonExampleMap up for play (max tick rate 0) at 2021.02.08-18.02.55
[2021.02.08-18.02.55:859][928]LogWorld: Bringing up level for play took: 0.001191
[2021.02.08-18.02.55:859][928]LogOnline: OSS: Creating online subsystem instance for: :Context_8
[2021.02.08-18.02.55:889][928]LogContentBrowser: Native class hierarchy updated for 'MovieSceneCapture' in 0.0004 seconds. Added 20 classes and 0 folders.
[2021.02.08-18.02.55:892][928]PIE: Server logged in
[2021.02.08-18.02.55:893][928]PIE: Play in editor total start time 0.173 seconds.
[2021.02.08-18.03.07:587][618]LogSlate: Updating window title bar state: overlay mode, drag disabled, window buttons hidden, title bar hidden
[2021.02.08-18.03.07:587][618]LogWorld: BeginTearingDown for /Game/ThirdPersonCPP/Maps/UEDPIE_0_ThirdPersonExampleMap
[2021.02.08-18.03.07:587][618]LogSlate: Window 'MyProject Preview [NetMode: Standalone] (64-bit/Windows) ' being destroyed
[2021.02.08-18.03.07:590][618]LogWorld: UWorld::CleanupWorld for ThirdPersonExampleMap, bSessionEnded=true, bCleanupResources=true
[2021.02.08-18.03.07:591][618]LogSlate: InvalidateAllWidgets triggered.  All widgets were invalidated
[2021.02.08-18.03.07:600][618]LogPlayLevel: Display: Shutting down PIE online subsystems
[2021.02.08-18.03.07:602][618]LogSlate: InvalidateAllWidgets triggered.  All widgets were invalidated
[2021.02.08-18.03.07:640][618]LogAISub: UAISubsystem::~UAISubsystem EnvQueryManager (00000262C2C57800), frame # 3618
[2021.02.08-18.03.07:640][618]LogAISub: UAISubsystem::~UAISubsystem AIPerceptionSystem (00000262AE16F600), frame # 3618
[2021.02.08-18.03.07:641][618]LogUObjectHash: Compacting FUObjectHashTables data took   0.62ms
[2021.02.08-18.03.07:682][619]LogPlayLevel: Display: Destroying online subsystem :Context_8
[2021.02.08-18.03.08:449][665]LogEditorViewport: Clicking on Actor (LMB): ThirdPersonCharacter_C (ThirdPersonCharacter2)
[2021.02.08-18.03.09:591][724]LogUObjectHash: Compacting FUObjectHashTables data took   0.58ms
[2021.02.08-18.03.09:628][724]LogSavePackage: Moving '../../../../../../Users/Morgan/Desktop/UnrealAnimationPracticeVids/UnrealAnimationPracticeVids/MyProject/Saved/ThirdPersonExampleMap060D53514C4E8A4AD77DBF90936E2560.tmp' to '../../../../../../Users/Morgan/Desktop/UnrealAnimationPracticeVids/UnrealAnimationPracticeVids/MyProject/Content/ThirdPersonCPP/Maps/ThirdPersonExampleMap.umap'
[2021.02.08-18.03.09:750][724]LogSavePackage: Moving '../../../../../../Users/Morgan/Desktop/UnrealAnimationPracticeVids/UnrealAnimationPracticeVids/MyProject/Saved/ThirdPersonExampleMap_BuiltDataF5D6E7284E49FE6A04BF3D83E397D77F.tmp' to '../../../../../../Users/Morgan/Desktop/UnrealAnimationPracticeVids/UnrealAnimationPracticeVids/MyProject/Content/ThirdPersonCPP/Maps/ThirdPersonExampleMap_BuiltData.uasset'
[2021.02.08-18.03.09:760][724]AssetCheck: New page: Asset Save: multiple assets
[2021.02.08-18.03.09:760][724]LogContentValidation: Display: Validating World /Game/ThirdPersonCPP/Maps/ThirdPersonExampleMap.ThirdPersonExampleMap
[2021.02.08-18.03.09:760][724]LogContentValidation: Display: Validating MapBuildDataRegistry /Game/ThirdPersonCPP/Maps/ThirdPersonExampleMap_BuiltData.ThirdPersonExampleMap_BuiltData
[2021.02.08-18.03.10:470][765]LogAssetEditorSubsystem: Opening Asset editor for Blueprint /Game/ThirdPersonCPP/Blueprints/ThirdPersonCharacter.ThirdPersonCharacter
[2021.02.08-18.03.10:676][765]LogContentBrowser: Native class hierarchy updated for 'BlueprintGraph' in 0.0006 seconds. Added 125 classes and 0 folders.
[2021.02.08-18.03.11:453][765]LogSlate: Took 0.000175 seconds to synchronously load lazily loaded font '../../../Engine/Content/Slate/Fonts/Roboto-BoldCondensed.ttf' (158K)
[2021.02.08-18.03.56:522][168]BlueprintLog: New page: Compile ThirdPersonCharacter
[2021.02.08-18.03.56:786][168]LogUObjectHash: Compacting FUObjectHashTables data took   1.87ms
[2021.02.08-18.03.56:867][168]LogSavePackage: Moving '../../../../../../Users/Morgan/Desktop/UnrealAnimationPracticeVids/UnrealAnimationPracticeVids/MyProject/Saved/ThirdPersonCharacter6F144AFB42BA5B502E921A87645DF007.tmp' to '../../../../../../Users/Morgan/Desktop/UnrealAnimationPracticeVids/UnrealAnimationPracticeVids/MyProject/Content/ThirdPersonCPP/Blueprints/ThirdPersonCharacter.uasset'
[2021.02.08-18.03.56:880][168]AssetCheck: New page: Asset Save: ThirdPersonCharacter
[2021.02.08-18.03.56:880][168]LogContentValidation: Display: Validating Blueprint /Game/ThirdPersonCPP/Blueprints/ThirdPersonCharacter.ThirdPersonCharacter
[2021.02.08-18.03.56:954][168]LogSlate: Took 0.000136 seconds to synchronously load lazily loaded font '../../../Engine/Content/Slate/Fonts/DroidSansMono.ttf' (77K)
[2021.02.08-18.04.17:257][357]BlueprintLog: New page: Compile ThirdPersonCharacter
[2021.02.08-18.04.17:503][357]LogUObjectHash: Compacting FUObjectHashTables data took   2.08ms
[2021.02.08-18.04.17:585][357]LogSavePackage: Moving '../../../../../../Users/Morgan/Desktop/UnrealAnimationPracticeVids/UnrealAnimationPracticeVids/MyProject/Saved/ThirdPersonCharacter5AAFC482401AC35BB174BFB1330C444B.tmp' to '../../../../../../Users/Morgan/Desktop/UnrealAnimationPracticeVids/UnrealAnimationPracticeVids/MyProject/Content/ThirdPersonCPP/Blueprints/ThirdPersonCharacter.uasset'
[2021.02.08-18.04.17:595][357]AssetCheck: New page: Asset Save: ThirdPersonCharacter
[2021.02.08-18.04.17:595][357]LogContentValidation: Display: Validating Blueprint /Game/ThirdPersonCPP/Blueprints/ThirdPersonCharacter.ThirdPersonCharacter
[2021.02.08-18.04.18:641][414]LogSlate: Window 'ThirdPersonCharacter' being destroyed
[2021.02.08-18.04.18:667][414]LogWorld: UWorld::CleanupWorld for World_7, bSessionEnded=true, bCleanupResources=true
[2021.02.08-18.04.18:667][414]LogSlate: InvalidateAllWidgets triggered.  All widgets were invalidated
[2021.02.08-18.04.23:214][684]LogUObjectHash: Compacting FUObjectHashTables data took   1.84ms
[2021.02.08-18.04.23:251][684]LogUObjectHash: Compacting FUObjectHashTables data took   0.43ms
[2021.02.08-18.04.23:278][684]LogSavePackage: Moving '../../../../../../Users/Morgan/Desktop/UnrealAnimationPracticeVids/UnrealAnimationPracticeVids/MyProject/Saved/ThirdPersonExampleMap76CA687C4A3B4B8E3AF493A494A57D6F.tmp' to '../../../../../../Users/Morgan/Desktop/UnrealAnimationPracticeVids/UnrealAnimationPracticeVids/MyProject/Content/ThirdPersonCPP/Maps/ThirdPersonExampleMap.umap'
[2021.02.08-18.04.23:310][684]LogFileHelpers: Saving map 'ThirdPersonExampleMap' took 0.078
[2021.02.08-18.04.23:358][684]LogSavePackage: Moving '../../../../../../Users/Morgan/Desktop/UnrealAnimationPracticeVids/UnrealAnimationPracticeVids/MyProject/Saved/ThirdPersonExampleMap_BuiltDataDF27A2AF42AD93FB89CA08AEF8FA61B4.tmp' to '../../../../../../Users/Morgan/Desktop/UnrealAnimationPracticeVids/UnrealAnimationPracticeVids/MyProject/Content/ThirdPersonCPP/Maps/ThirdPersonExampleMap_BuiltData.uasset'
[2021.02.08-18.04.23:375][684]AssetCheck: New page: Asset Save: multiple assets
[2021.02.08-18.04.23:375][684]LogContentValidation: Display: Validating World /Game/ThirdPersonCPP/Maps/ThirdPersonExampleMap.ThirdPersonExampleMap
[2021.02.08-18.04.23:375][684]LogContentValidation: Display: Validating MapBuildDataRegistry /Game/ThirdPersonCPP/Maps/ThirdPersonExampleMap_BuiltData.ThirdPersonExampleMap_BuiltData
[2021.02.08-18.04.40:755][398]LogAudioMixer: Warning: Changing default audio render device to new device: {0.0.0.00000000}.{14bd0bbd-0428-4aa1-97d2-0209fda0ee01}.
[2021.02.08-18.04.40:756][398]LogTemp: Resetting audio stream to device id 
[2021.02.08-18.04.40:794][398]LogAudioMixer: Display: 0: FrontLeft
[2021.02.08-18.04.40:794][398]LogAudioMixer: Display: 1: FrontRight
