Log file open, 02/05/21 11:57:09
LogInit: Display: Running engine for game: MyProject
LogPlatformFile: Not using cached read wrapper
LogTaskGraph: Started task graph with 5 named threads and 59 total threads with 3 sets of task threads.
LogStats: Stats thread started at 0.279112
LogD3D11RHI: Loaded GFSDK_Aftermath_Lib.x64.dll
LogICUInternationalization: ICU TimeZone Detection - Raw Offset: +0:00, Platform Override: ''
LogPluginManager: Mounting plugin Paper2D
LogPluginManager: Mounting plugin AISupport
LogPluginManager: Mounting plugin LightPropagationVolume
LogPluginManager: Mounting plugin CameraShakePreviewer
LogPluginManager: Mounting plugin ActorLayerUtilities
LogPluginManager: Mounting plugin AnimationSharing
LogPluginManager: Mounting plugin CLionSourceCodeAccess
LogPluginManager: Mounting plugin CodeLiteSourceCodeAccess
LogPluginManager: Mounting plugin GitSourceControl
LogPluginManager: Mounting plugin KDevelopSourceCodeAccess
LogPluginManager: Mounting plugin NullSourceCodeAccess
LogPluginManager: Mounting plugin PerforceSourceControl
LogPluginManager: Mounting plugin PlasticSourceControl
LogPluginManager: Mounting plugin RiderSourceCodeAccess
LogPluginManager: Mounting plugin SubversionSourceControl
LogPluginManager: Mounting plugin UObjectPlugin
LogPluginManager: Mounting plugin VisualStudioCodeSourceCodeAccess
LogPluginManager: Mounting plugin VisualStudioSourceCodeAccess
LogPluginManager: Mounting plugin XCodeSourceCodeAccess
LogPluginManager: Mounting plugin AssetManagerEditor
LogPluginManager: Mounting plugin CryptoKeys
LogPluginManager: Mounting plugin CurveEditorTools
LogPluginManager: Mounting plugin DataValidation
LogPluginManager: Mounting plugin EditorScriptingUtilities
LogPluginManager: Mounting plugin FacialAnimation
LogPluginManager: Mounting plugin GameplayTagsEditor
LogPluginManager: Mounting plugin GeometryMode
LogPluginManager: Mounting plugin MacGraphicsSwitching
LogPluginManager: Mounting plugin MaterialAnalyzer
LogPluginManager: Mounting plugin MobileLauncherProfileWizard
LogPluginManager: Mounting plugin PluginBrowser
LogPluginManager: Mounting plugin SpeedTreeImporter
LogPluginManager: Mounting plugin DatasmithContent
LogPluginManager: Mounting plugin VariantManagerContent
LogPluginManager: Mounting plugin AlembicImporter
LogPluginManager: Mounting plugin AutomationUtils
LogPluginManager: Mounting plugin BackChannel
LogPluginManager: Mounting plugin ChaosCloth
LogPluginManager: Mounting plugin ChaosClothEditor
LogPluginManager: Mounting plugin ChaosEditor
LogPluginManager: Mounting plugin ChaosNiagara
LogPluginManager: Mounting plugin ChaosSolverPlugin
LogPluginManager: Mounting plugin CharacterAI
LogPluginManager: Mounting plugin GeometryCache
LogPluginManager: Mounting plugin GeometryCollectionPlugin
LogPluginManager: Mounting plugin GeometryProcessing
LogPluginManager: Mounting plugin PlanarCut
LogPluginManager: Mounting plugin PlatformCrypto
LogPluginManager: Mounting plugin ProxyLODPlugin
LogPluginManager: Mounting plugin SkeletalReduction
LogPluginManager: Mounting plugin Niagara
LogPluginManager: Mounting plugin MagicLeap
LogPluginManager: Mounting plugin MagicLeapLightEstimation
LogPluginManager: Mounting plugin MagicLeapMedia
LogPluginManager: Mounting plugin MagicLeapPassableWorld
LogPluginManager: Mounting plugin MLSDK
LogPluginManager: Mounting plugin DarkerNodes
LogPluginManager: Mounting plugin ElectronicNodes
LogPluginManager: Mounting plugin AndroidMedia
LogPluginManager: Mounting plugin AvfMedia
LogPluginManager: Mounting plugin ImgMedia
LogPluginManager: Mounting plugin MediaCompositing
LogPluginManager: Mounting plugin MediaPlayerEditor
LogPluginManager: Mounting plugin WebMMedia
LogPluginManager: Mounting plugin WmfMedia
LogPluginManager: Mounting plugin MeshPainting
LogPluginManager: Mounting plugin TcpMessaging
LogPluginManager: Mounting plugin UdpMessaging
LogPluginManager: Mounting plugin ActorSequence
LogPluginManager: Mounting plugin LevelSequenceEditor
LogPluginManager: Mounting plugin MatineeToLevelSequence
LogPluginManager: Mounting plugin MovieRenderPipeline
LogPluginManager: Mounting plugin TemplateSequence
LogPluginManager: Mounting plugin NetcodeUnitTest
LogPluginManager: Mounting plugin NUTUnrealEngine4
LogPluginManager: Mounting plugin OnlineSubsystemGooglePlay
LogPluginManager: Mounting plugin OnlineSubsystemIOS
LogPluginManager: Mounting plugin OnlineSubsystem
LogPluginManager: Mounting plugin OnlineSubsystemNull
LogPluginManager: Mounting plugin OnlineSubsystemUtils
LogPluginManager: Mounting plugin LauncherChunkInstaller
LogPluginManager: Mounting plugin AndroidDeviceProfileSelector
LogPluginManager: Mounting plugin AndroidMoviePlayer
LogPluginManager: Mounting plugin AndroidPermission
LogPluginManager: Mounting plugin ApexDestruction
LogPluginManager: Mounting plugin AppleImageUtils
LogPluginManager: Mounting plugin AppleMoviePlayer
LogPluginManager: Mounting plugin ArchVisCharacter
LogPluginManager: Mounting plugin AssetTags
LogPluginManager: Mounting plugin AudioCapture
LogPluginManager: Mounting plugin CableComponent
LogPluginManager: Mounting plugin CustomMeshComponent
LogPluginManager: Mounting plugin EditableMesh
LogPluginManager: Mounting plugin ExampleDeviceProfileSelector
LogPluginManager: Mounting plugin GoogleCloudMessaging
LogPluginManager: Mounting plugin GooglePAD
LogPluginManager: Mounting plugin IOSDeviceProfileSelector
LogPluginManager: Mounting plugin LinuxDeviceProfileSelector
LogPluginManager: Mounting plugin LocationServicesBPLibrary
LogPluginManager: Mounting plugin MobilePatchingUtils
LogPluginManager: Mounting plugin OculusVR
LogPluginManager: Mounting plugin PhysXVehicles
LogPluginManager: Mounting plugin PostSplashScreen
LogPluginManager: Mounting plugin ProceduralMeshComponent
LogPluginManager: Mounting plugin RuntimePhysXCooking
LogPluginManager: Mounting plugin SignificanceManager
LogPluginManager: Mounting plugin SoundFields
LogPluginManager: Mounting plugin SteamVR
LogPluginManager: Mounting plugin Synthesis
LogPluginManager: Mounting plugin WebMMoviePlayer
LogPluginManager: Mounting plugin WindowsMoviePlayer
LogPluginManager: Mounting plugin ScreenshotTools
LogInit: Using libcurl 7.55.1-DEV
LogInit:  - built for x86_64-pc-win32
LogInit:  - supports SSL with OpenSSL/1.1.1
LogInit:  - supports HTTP deflate (compression) using libz 1.2.8
LogInit:  - other features:
LogInit:      CURL_VERSION_SSL
LogInit:      CURL_VERSION_LIBZ
LogInit:      CURL_VERSION_IPV6
LogInit:      CURL_VERSION_ASYNCHDNS
LogInit:      CURL_VERSION_LARGEFILE
LogInit:      CURL_VERSION_IDN
LogInit:  CurlRequestOptions (configurable via config and command line):
LogInit:  - bVerifyPeer = true  - Libcurl will verify peer certificate
LogInit:  - bUseHttpProxy = false  - Libcurl will NOT use HTTP proxy
LogInit:  - bDontReuseConnections = false  - Libcurl will reuse connections
LogInit:  - MaxHostConnections = 16  - Libcurl will limit the number of connections to a host
LogInit:  - LocalHostAddr = Default
LogInit:  - BufferSize = 65536
LogOnline: OSS: Creating online subsystem instance for: NULL
LogInit: WinSock: version 1.1 (2.2), MaxSocks=32767, MaxUdp=65467
LogOnline: OSS: TryLoadSubsystemAndSetDefault: Loaded subsystem for module [NULL]
LogInit: Build: ++UE4+Release-4.25-CL-14469661
LogInit: Engine Version: 4.25.4-14469661+++UE4+Release-4.25
LogInit: Compatible Engine Version: 4.25.0-13144385+++UE4+Release-4.25
LogInit: Net CL: 13144385
LogInit: OS: Windows 10 (Release 2009) (), CPU: Intel(R) Core(TM) i9-10850K CPU @ 3.60GHz, GPU: NVIDIA GeForce RTX 3090
LogInit: Compiled (64-bit): Oct 11 2020 08:10:49
LogInit: Compiled with Visual C++: 19.24.28315.00
LogInit: Build Configuration: Development
LogInit: Branch Name: ++UE4+Release-4.25
LogInit: Command Line:  -skipcompile
LogInit: Base Directory: C:/Program Files/Epic Games/UE_4.25/Engine/Binaries/Win64/
LogInit: Allocator: TBB
LogInit: Installed Engine Build: 1
LogDevObjectVersion: Number of dev versions registered: 26
LogDevObjectVersion:   Dev-Blueprints (B0D832E4-1F89-4F0D-ACCF-7EB736FD4AA2): 10
LogDevObjectVersion:   Dev-Build (E1C64328-A22C-4D53-A36C-8E866417BD8C): 0
LogDevObjectVersion:   Dev-Core (375EC13C-06E4-48FB-B500-84F0262A717E): 4
LogDevObjectVersion:   Dev-Editor (E4B068ED-F494-42E9-A231-DA0B2E46BB41): 38
LogDevObjectVersion:   Dev-Framework (CFFC743F-43B0-4480-9391-14DF171D2073): 37
LogDevObjectVersion:   Dev-Mobile (B02B49B5-BB20-44E9-A304-32B752E40360): 2
LogDevObjectVersion:   Dev-Networking (A4E4105C-59A1-49B5-A7C5-40C4547EDFEE): 0
LogDevObjectVersion:   Dev-Online (39C831C9-5AE6-47DC-9A44-9C173E1C8E7C): 0
LogDevObjectVersion:   Dev-Physics (78F01B33-EBEA-4F98-B9B4-84EACCB95AA2): 4
LogDevObjectVersion:   Dev-Platform (6631380F-2D4D-43E0-8009-CF276956A95A): 0
LogDevObjectVersion:   Dev-Rendering (12F88B9F-8875-4AFC-A67C-D90C383ABD29): 43
LogDevObjectVersion:   Dev-Sequencer (7B5AE74C-D270-4C10-A958-57980B212A5A): 12
LogDevObjectVersion:   Dev-VR (D7296918-1DD6-4BDD-9DE2-64A83CC13884): 3
LogDevObjectVersion:   Dev-LoadTimes (C2A15278-BFE7-4AFE-6C17-90FF531DF755): 1
LogDevObjectVersion:   Private-Geometry (6EACA3D4-40EC-4CC1-B786-8BED09428FC5): 3
LogDevObjectVersion:   Dev-AnimPhys (29E575DD-E0A3-4627-9D10-D276232CDCEA): 17
LogDevObjectVersion:   Dev-Anim (AF43A65D-7FD3-4947-9873-3E8ED9C1BB05): 7
LogDevObjectVersion:   Dev-ReflectionCapture (6B266CEC-1EC7-4B8F-A30B-E4D90942FC07): 1
LogDevObjectVersion:   Dev-Automation (0DF73D61-A23F-47EA-B727-89E90C41499A): 1
LogDevObjectVersion:   FortniteMain (601D1886-AC64-4F84-AA16-D3DE0DEAC7D6): 31
LogDevObjectVersion:   Dev-Enterprise (9DFFBCD6-494F-0158-E221-12823C92A888): 10
LogDevObjectVersion:   Dev-Niagara (F2AED0AC-9AFE-416F-8664-AA7FFA26D6FC): 1
LogDevObjectVersion:   Dev-Destruction (174F1F0B-B4C6-45A5-B13F-2EE8D0FB917D): 10
LogDevObjectVersion:   Dev-Physics-Ext (35F94A83-E258-406C-A318-09F59610247C): 37
LogDevObjectVersion:   Dev-PhysicsMaterial-Chaos (B68FC16E-8B1B-42E2-B453-215C058844FE): 1
LogDevObjectVersion:   Dev-CineCamera (B2E18506-4273-CFC2-A54E-F4BB758BBA07): 1
LogInit: Presizing for max 25165824 objects, including 0 objects not considered by GC, pre-allocating 0 bytes for permanent pool.
LogConfig: Applying CVar settings from Section [/Script/Engine.StreamingSettings] File [C:/Users/Morgan/Desktop/UnrealAnimationPracticeVids/UnrealAnimationPracticeVids/MyProject/Saved/Config/Windows/Engine.ini]
LogConfig: Setting CVar [[s.MinBulkDataSizeForAsyncLoading:131072]]
LogConfig: Setting CVar [[s.AsyncLoadingThreadEnabled:0]]
LogConfig: Setting CVar [[s.EventDrivenLoaderEnabled:1]]
LogConfig: Setting CVar [[s.WarnIfTimeLimitExceeded:0]]
LogConfig: Setting CVar [[s.TimeLimitExceededMultiplier:1.5]]
LogConfig: Setting CVar [[s.TimeLimitExceededMinTime:0.005]]
LogConfig: Setting CVar [[s.UseBackgroundLevelStreaming:1]]
LogConfig: Setting CVar [[s.PriorityAsyncLoadingExtraTime:15.0]]
LogConfig: Setting CVar [[s.LevelStreamingActorsUpdateTimeLimit:5.0]]
LogConfig: Setting CVar [[s.PriorityLevelStreamingActorsUpdateExtraTime:5.0]]
LogConfig: Setting CVar [[s.LevelStreamingComponentsRegistrationGranularity:10]]
LogConfig: Setting CVar [[s.UnregisterComponentsTimeLimit:1.0]]
LogConfig: Setting CVar [[s.LevelStreamingComponentsUnregistrationGranularity:5]]
LogConfig: Setting CVar [[s.FlushStreamingOnExit:1]]
LogInit: Object subsystem initialized
LogConfig: Setting CVar [[con.DebugEarlyDefault:1]]
LogConfig: Setting CVar [[r.setres:1280x720]]
[2021.02.05-11.57.10:244][  0]LogConfig: Setting CVar [[r.VSync:0]]
[2021.02.05-11.57.10:244][  0]LogConfig: Setting CVar [[r.RHICmdBypass:0]]
[2021.02.05-11.57.10:244][  0]LogConfig: Applying CVar settings from Section [/Script/Engine.RendererSettings] File [C:/Users/Morgan/Desktop/UnrealAnimationPracticeVids/UnrealAnimationPracticeVids/MyProject/Saved/Config/Windows/Engine.ini]
[2021.02.05-11.57.10:244][  0]LogConfig: Setting CVar [[r.GPUCrashDebugging:0]]
[2021.02.05-11.57.10:244][  0]LogConfig: Applying CVar settings from Section [/Script/Engine.RendererOverrideSettings] File [C:/Users/Morgan/Desktop/UnrealAnimationPracticeVids/UnrealAnimationPracticeVids/MyProject/Saved/Config/Windows/Engine.ini]
[2021.02.05-11.57.10:244][  0]LogConfig: Applying CVar settings from Section [/Script/Engine.StreamingSettings] File [C:/Users/Morgan/Desktop/UnrealAnimationPracticeVids/UnrealAnimationPracticeVids/MyProject/Saved/Config/Windows/Engine.ini]
[2021.02.05-11.57.10:244][  0]LogConfig: Setting CVar [[s.MinBulkDataSizeForAsyncLoading:131072]]
[2021.02.05-11.57.10:244][  0]LogConfig: Setting CVar [[s.AsyncLoadingThreadEnabled:0]]
[2021.02.05-11.57.10:244][  0]LogConfig: Setting CVar [[s.EventDrivenLoaderEnabled:1]]
[2021.02.05-11.57.10:244][  0]LogConfig: Setting CVar [[s.WarnIfTimeLimitExceeded:0]]
[2021.02.05-11.57.10:244][  0]LogConfig: Setting CVar [[s.TimeLimitExceededMultiplier:1.5]]
[2021.02.05-11.57.10:245][  0]LogConfig: Setting CVar [[s.TimeLimitExceededMinTime:0.005]]
[2021.02.05-11.57.10:245][  0]LogConfig: Setting CVar [[s.UseBackgroundLevelStreaming:1]]
[2021.02.05-11.57.10:245][  0]LogConfig: Setting CVar [[s.PriorityAsyncLoadingExtraTime:15.0]]
[2021.02.05-11.57.10:245][  0]LogConfig: Setting CVar [[s.LevelStreamingActorsUpdateTimeLimit:5.0]]
[2021.02.05-11.57.10:245][  0]LogConfig: Setting CVar [[s.PriorityLevelStreamingActorsUpdateExtraTime:5.0]]
[2021.02.05-11.57.10:245][  0]LogConfig: Setting CVar [[s.LevelStreamingComponentsRegistrationGranularity:10]]
[2021.02.05-11.57.10:245][  0]LogConfig: Setting CVar [[s.UnregisterComponentsTimeLimit:1.0]]
[2021.02.05-11.57.10:245][  0]LogConfig: Setting CVar [[s.LevelStreamingComponentsUnregistrationGranularity:5]]
[2021.02.05-11.57.10:245][  0]LogConfig: Setting CVar [[s.FlushStreamingOnExit:1]]
[2021.02.05-11.57.10:245][  0]LogConfig: Applying CVar settings from Section [/Script/Engine.GarbageCollectionSettings] File [C:/Users/Morgan/Desktop/UnrealAnimationPracticeVids/UnrealAnimationPracticeVids/MyProject/Saved/Config/Windows/Engine.ini]
[2021.02.05-11.57.10:245][  0]LogConfig: Setting CVar [[gc.MaxObjectsNotConsideredByGC:1]]
[2021.02.05-11.57.10:245][  0]LogConfig: Setting CVar [[gc.SizeOfPermanentObjectPool:0]]
[2021.02.05-11.57.10:245][  0]LogConfig: Setting CVar [[gc.FlushStreamingOnGC:0]]
[2021.02.05-11.57.10:245][  0]LogConfig: Setting CVar [[gc.NumRetriesBeforeForcingGC:10]]
[2021.02.05-11.57.10:245][  0]LogConfig: Setting CVar [[gc.AllowParallelGC:1]]
[2021.02.05-11.57.10:245][  0]LogConfig: Setting CVar [[gc.TimeBetweenPurgingPendingKillObjects:61.1]]
[2021.02.05-11.57.10:245][  0]LogConfig: Setting CVar [[gc.MaxObjectsInEditor:25165824]]
[2021.02.05-11.57.10:245][  0]LogConfig: Setting CVar [[gc.IncrementalBeginDestroyEnabled:1]]
[2021.02.05-11.57.10:245][  0]LogConfig: Setting CVar [[gc.CreateGCClusters:1]]
[2021.02.05-11.57.10:245][  0]LogConfig: Setting CVar [[gc.MinGCClusterSize:5]]
[2021.02.05-11.57.10:246][  0]LogConfig: Setting CVar [[gc.ActorClusteringEnabled:0]]
[2021.02.05-11.57.10:246][  0]LogConfig: Setting CVar [[gc.BlueprintClusteringEnabled:0]]
[2021.02.05-11.57.10:246][  0]LogConfig: Setting CVar [[gc.UseDisregardForGCOnDedicatedServers:0]]
[2021.02.05-11.57.10:246][  0]LogConfig: Applying CVar settings from Section [/Script/Engine.NetworkSettings] File [C:/Users/Morgan/Desktop/UnrealAnimationPracticeVids/UnrealAnimationPracticeVids/MyProject/Saved/Config/Windows/Engine.ini]
[2021.02.05-11.57.10:246][  0]LogConfig: Applying CVar settings from Section [/Script/UnrealEd.CookerSettings] File [C:/Users/Morgan/Desktop/UnrealAnimationPracticeVids/UnrealAnimationPracticeVids/MyProject/Saved/Config/Windows/Engine.ini]
[2021.02.05-11.57.10:252][  0]LogConfig: Applying CVar settings from Section [ViewDistanceQuality@3] File [C:/Users/Morgan/Desktop/UnrealAnimationPracticeVids/UnrealAnimationPracticeVids/MyProject/Saved/Config/Windows/Scalability.ini]
[2021.02.05-11.57.10:253][  0]LogConfig: Setting CVar [[r.SkeletalMeshLODBias:0]]
[2021.02.05-11.57.10:253][  0]LogConfig: Setting CVar [[r.ViewDistanceScale:1.0]]
[2021.02.05-11.57.10:253][  0]LogConfig: Applying CVar settings from Section [AntiAliasingQuality@3] File [C:/Users/Morgan/Desktop/UnrealAnimationPracticeVids/UnrealAnimationPracticeVids/MyProject/Saved/Config/Windows/Scalability.ini]
[2021.02.05-11.57.10:253][  0]LogConfig: Setting CVar [[r.PostProcessAAQuality:4]]
[2021.02.05-11.57.10:253][  0]LogConfig: Applying CVar settings from Section [ShadowQuality@3] File [C:/Users/Morgan/Desktop/UnrealAnimationPracticeVids/UnrealAnimationPracticeVids/MyProject/Saved/Config/Windows/Scalability.ini]
[2021.02.05-11.57.10:253][  0]LogConfig: Setting CVar [[r.LightFunctionQuality:1]]
[2021.02.05-11.57.10:253][  0]LogConfig: Setting CVar [[r.ShadowQuality:5]]
[2021.02.05-11.57.10:253][  0]LogConfig: Setting CVar [[r.Shadow.CSM.MaxCascades:10]]
[2021.02.05-11.57.10:253][  0]LogConfig: Setting CVar [[r.Shadow.MaxResolution:2048]]
[2021.02.05-11.57.10:253][  0]LogConfig: Setting CVar [[r.Shadow.MaxCSMResolution:2048]]
[2021.02.05-11.57.10:253][  0]LogConfig: Setting CVar [[r.Shadow.RadiusThreshold:0.01]]
[2021.02.05-11.57.10:253][  0]LogConfig: Setting CVar [[r.Shadow.DistanceScale:1.0]]
[2021.02.05-11.57.10:253][  0]LogConfig: Setting CVar [[r.Shadow.CSM.TransitionScale:1.0]]
[2021.02.05-11.57.10:253][  0]LogConfig: Setting CVar [[r.Shadow.PreShadowResolutionFactor:1.0]]
[2021.02.05-11.57.10:253][  0]LogConfig: Setting CVar [[r.DistanceFieldShadowing:1]]
[2021.02.05-11.57.10:253][  0]LogConfig: Setting CVar [[r.DistanceFieldAO:1]]
[2021.02.05-11.57.10:253][  0]LogConfig: Setting CVar [[r.AOQuality:2]]
[2021.02.05-11.57.10:253][  0]LogConfig: Setting CVar [[r.VolumetricFog:1]]
[2021.02.05-11.57.10:253][  0]LogConfig: Setting CVar [[r.VolumetricFog.GridPixelSize:8]]
[2021.02.05-11.57.10:253][  0]LogConfig: Setting CVar [[r.VolumetricFog.GridSizeZ:128]]
[2021.02.05-11.57.10:253][  0]LogConfig: Setting CVar [[r.VolumetricFog.HistoryMissSupersampleCount:4]]
[2021.02.05-11.57.10:254][  0]LogConfig: Setting CVar [[r.LightMaxDrawDistanceScale:1]]
[2021.02.05-11.57.10:254][  0]LogConfig: Setting CVar [[r.CapsuleShadows:1]]
[2021.02.05-11.57.10:254][  0]LogConfig: Applying CVar settings from Section [PostProcessQuality@3] File [C:/Users/Morgan/Desktop/UnrealAnimationPracticeVids/UnrealAnimationPracticeVids/MyProject/Saved/Config/Windows/Scalability.ini]
[2021.02.05-11.57.10:254][  0]LogConfig: Setting CVar [[r.MotionBlurQuality:4]]
[2021.02.05-11.57.10:254][  0]LogConfig: Setting CVar [[r.AmbientOcclusionMipLevelFactor:0.4]]
[2021.02.05-11.57.10:254][  0]LogConfig: Setting CVar [[r.AmbientOcclusionMaxQuality:100]]
[2021.02.05-11.57.10:254][  0]LogConfig: Setting CVar [[r.AmbientOcclusionLevels:-1]]
[2021.02.05-11.57.10:254][  0]LogConfig: Setting CVar [[r.AmbientOcclusionRadiusScale:1.0]]
[2021.02.05-11.57.10:254][  0]LogConfig: Setting CVar [[r.DepthOfFieldQuality:2]]
[2021.02.05-11.57.10:254][  0]LogConfig: Setting CVar [[r.RenderTargetPoolMin:400]]
[2021.02.05-11.57.10:254][  0]LogConfig: Setting CVar [[r.LensFlareQuality:2]]
[2021.02.05-11.57.10:254][  0]LogConfig: Setting CVar [[r.SceneColorFringeQuality:1]]
[2021.02.05-11.57.10:254][  0]LogConfig: Setting CVar [[r.EyeAdaptationQuality:2]]
[2021.02.05-11.57.10:254][  0]LogConfig: Setting CVar [[r.BloomQuality:5]]
[2021.02.05-11.57.10:254][  0]LogConfig: Setting CVar [[r.FastBlurThreshold:100]]
[2021.02.05-11.57.10:254][  0]LogConfig: Setting CVar [[r.Upscale.Quality:3]]
[2021.02.05-11.57.10:254][  0]LogConfig: Setting CVar [[r.Tonemapper.GrainQuantization:1]]
[2021.02.05-11.57.10:254][  0]LogConfig: Setting CVar [[r.LightShaftQuality:1]]
[2021.02.05-11.57.10:254][  0]LogConfig: Setting CVar [[r.Filter.SizeScale:1]]
[2021.02.05-11.57.10:254][  0]LogConfig: Setting CVar [[r.Tonemapper.Quality:5]]
[2021.02.05-11.57.10:254][  0]LogConfig: Setting CVar [[r.DOF.Gather.AccumulatorQuality:1        ; higher gathering accumulator quality]]
[2021.02.05-11.57.10:254][  0]LogConfig: Setting CVar [[r.DOF.Gather.PostfilterMethod:1          ; Median3x3 postfilering method]]
[2021.02.05-11.57.10:254][  0]LogConfig: Setting CVar [[r.DOF.Gather.EnableBokehSettings:0       ; no bokeh simulation when gathering]]
[2021.02.05-11.57.10:254][  0]LogConfig: Setting CVar [[r.DOF.Gather.RingCount:4                 ; medium number of samples when gathering]]
[2021.02.05-11.57.10:255][  0]LogConfig: Setting CVar [[r.DOF.Scatter.ForegroundCompositing:1    ; additive foreground scattering]]
[2021.02.05-11.57.10:255][  0]LogConfig: Setting CVar [[r.DOF.Scatter.BackgroundCompositing:2    ; additive background scattering]]
[2021.02.05-11.57.10:255][  0]LogConfig: Setting CVar [[r.DOF.Scatter.EnableBokehSettings:1      ; bokeh simulation when scattering]]
[2021.02.05-11.57.10:255][  0]LogConfig: Setting CVar [[r.DOF.Scatter.MaxSpriteRatio:0.1         ; only a maximum of 10% of scattered bokeh]]
[2021.02.05-11.57.10:255][  0]LogConfig: Setting CVar [[r.DOF.Recombine.Quality:1                ; cheap slight out of focus]]
[2021.02.05-11.57.10:255][  0]LogConfig: Setting CVar [[r.DOF.Recombine.EnableBokehSettings:0    ; no bokeh simulation on slight out of focus]]
[2021.02.05-11.57.10:255][  0]LogConfig: Setting CVar [[r.DOF.TemporalAAQuality:1                ; more stable temporal accumulation]]
[2021.02.05-11.57.10:255][  0]LogConfig: Setting CVar [[r.DOF.Kernel.MaxForegroundRadius:0.025]]
[2021.02.05-11.57.10:255][  0]LogConfig: Setting CVar [[r.DOF.Kernel.MaxBackgroundRadius:0.025]]
[2021.02.05-11.57.10:255][  0]LogConfig: Applying CVar settings from Section [TextureQuality@3] File [C:/Users/Morgan/Desktop/UnrealAnimationPracticeVids/UnrealAnimationPracticeVids/MyProject/Saved/Config/Windows/Scalability.ini]
[2021.02.05-11.57.10:255][  0]LogConfig: Setting CVar [[r.Streaming.MipBias:0]]
[2021.02.05-11.57.10:255][  0]LogConfig: Setting CVar [[r.Streaming.AmortizeCPUToGPUCopy:0]]
[2021.02.05-11.57.10:255][  0]LogConfig: Setting CVar [[r.Streaming.MaxNumTexturesToStreamPerFrame:0]]
[2021.02.05-11.57.10:255][  0]LogConfig: Setting CVar [[r.Streaming.Boost:1]]
[2021.02.05-11.57.10:255][  0]LogConfig: Setting CVar [[r.MaxAnisotropy:8]]
[2021.02.05-11.57.10:255][  0]LogConfig: Setting CVar [[r.VT.MaxAnisotropy:8]]
[2021.02.05-11.57.10:255][  0]LogConfig: Setting CVar [[r.Streaming.LimitPoolSizeToVRAM:0]]
[2021.02.05-11.57.10:255][  0]LogConfig: Setting CVar [[r.Streaming.PoolSize:1000]]
[2021.02.05-11.57.10:255][  0]LogConfig: Setting CVar [[r.Streaming.MaxEffectiveScreenSize:0]]
[2021.02.05-11.57.10:255][  0]LogConfig: Applying CVar settings from Section [EffectsQuality@3] File [C:/Users/Morgan/Desktop/UnrealAnimationPracticeVids/UnrealAnimationPracticeVids/MyProject/Saved/Config/Windows/Scalability.ini]
[2021.02.05-11.57.10:255][  0]LogConfig: Setting CVar [[r.TranslucencyLightingVolumeDim:64]]
[2021.02.05-11.57.10:255][  0]LogConfig: Setting CVar [[r.RefractionQuality:2]]
[2021.02.05-11.57.10:255][  0]LogConfig: Setting CVar [[r.SSR.Quality:3]]
[2021.02.05-11.57.10:255][  0]LogConfig: Setting CVar [[r.SSR.HalfResSceneColor:0]]
[2021.02.05-11.57.10:255][  0]LogConfig: Setting CVar [[r.SceneColorFormat:4]]
[2021.02.05-11.57.10:256][  0]LogConfig: Setting CVar [[r.DetailMode:2]]
[2021.02.05-11.57.10:256][  0]LogConfig: Setting CVar [[r.TranslucencyVolumeBlur:1]]
[2021.02.05-11.57.10:256][  0]LogConfig: Setting CVar [[r.MaterialQualityLevel:1 ; High quality]]
[2021.02.05-11.57.10:256][  0]LogConfig: Setting CVar [[r.SSS.Scale:1]]
[2021.02.05-11.57.10:256][  0]LogConfig: Setting CVar [[r.SSS.SampleSet:2]]
[2021.02.05-11.57.10:256][  0]LogConfig: Setting CVar [[r.SSS.Quality:1]]
[2021.02.05-11.57.10:256][  0]LogConfig: Setting CVar [[r.SSS.HalfRes:0]]
[2021.02.05-11.57.10:256][  0]LogConfig: Setting CVar [[r.SSGI.Quality:3]]
[2021.02.05-11.57.10:256][  0]LogConfig: Setting CVar [[r.EmitterSpawnRateScale:1.0]]
[2021.02.05-11.57.10:256][  0]LogConfig: Setting CVar [[r.ParticleLightQuality:2]]
[2021.02.05-11.57.10:256][  0]LogConfig: Setting CVar [[r.SkyAtmosphere.AerialPerspectiveLUT.FastApplyOnOpaque:1 ; Always have FastSkyLUT 1 in this case to avoid wrong sky]]
[2021.02.05-11.57.10:256][  0]LogConfig: Setting CVar [[r.SkyAtmosphere.AerialPerspectiveLUT.SampleCountPerSlice:1]]
[2021.02.05-11.57.10:256][  0]LogConfig: Setting CVar [[r.SkyAtmosphere.AerialPerspectiveLUT.DepthResolution:16.0]]
[2021.02.05-11.57.10:256][  0]LogConfig: Setting CVar [[r.SkyAtmosphere.FastSkyLUT:1]]
[2021.02.05-11.57.10:256][  0]LogConfig: Setting CVar [[r.SkyAtmosphere.FastSkyLUT.SampleCountMin:4.0]]
[2021.02.05-11.57.10:256][  0]LogConfig: Setting CVar [[r.SkyAtmosphere.FastSkyLUT.SampleCountMax:32.0]]
[2021.02.05-11.57.10:256][  0]LogConfig: Setting CVar [[r.SkyAtmosphere.SampleCountMin:4.0]]
[2021.02.05-11.57.10:256][  0]LogConfig: Setting CVar [[r.SkyAtmosphere.SampleCountMax:32.0]]
[2021.02.05-11.57.10:256][  0]LogConfig: Setting CVar [[r.SkyAtmosphere.TransmittanceLUT.UseSmallFormat:0]]
[2021.02.05-11.57.10:256][  0]LogConfig: Setting CVar [[r.SkyAtmosphere.TransmittanceLUT.SampleCount:10.0]]
[2021.02.05-11.57.10:256][  0]LogConfig: Setting CVar [[r.SkyAtmosphere.MultiScatteringLUT.SampleCount:15.0]]
[2021.02.05-11.57.10:256][  0]LogConfig: Applying CVar settings from Section [FoliageQuality@3] File [C:/Users/Morgan/Desktop/UnrealAnimationPracticeVids/UnrealAnimationPracticeVids/MyProject/Saved/Config/Windows/Scalability.ini]
[2021.02.05-11.57.10:256][  0]LogConfig: Setting CVar [[foliage.DensityScale:1.0]]
[2021.02.05-11.57.10:256][  0]LogConfig: Setting CVar [[grass.DensityScale:1.0]]
[2021.02.05-11.57.10:256][  0]LogConfig: Applying CVar settings from Section [ShadingQuality@3] File [C:/Users/Morgan/Desktop/UnrealAnimationPracticeVids/UnrealAnimationPracticeVids/MyProject/Saved/Config/Windows/Scalability.ini]
[2021.02.05-11.57.10:257][  0]LogConfig: Setting CVar [[r.HairStrands.SkyLighting.SampleCount:16]]
[2021.02.05-11.57.10:257][  0]LogConfig: Setting CVar [[r.HairStrands.SkyLighting.JitterIntegration:0]]
[2021.02.05-11.57.10:257][  0]LogConfig: Setting CVar [[r.HairStrands.SkyAO.SampleCount:16]]
[2021.02.05-11.57.10:257][  0]LogConfig: Setting CVar [[r.HairStrands.DeepShadow.SuperSampling:0]]
[2021.02.05-11.57.10:257][  0]LogConfig: Setting CVar [[r.HairStrands.VisibilityPPLL:0]]
[2021.02.05-11.57.10:257][  0]LogConfig: Setting CVar [[r.HairStrands.RasterizationScale:0.5]]
[2021.02.05-11.57.10:257][  0]LogConfig: Setting CVar [[r.HairStrands.VelocityRasterizationScale:1]]
[2021.02.05-11.57.10:257][  0]LogInit: Selected Device Profile: [Windows]
[2021.02.05-11.57.10:257][  0]LogInit: Applying CVar settings loaded from the selected device profile: [Windows]
[2021.02.05-11.57.10:257][  0]LogHAL: Display: Platform has ~ 32 GB [34252365824 / 34359738368 / 32], which maps to Largest [LargestMinGB=32, LargerMinGB=12, DefaultMinGB=8, SmallerMinGB=6, SmallestMinGB=0)
[2021.02.05-11.57.10:257][  0]LogInit: Going up to parent DeviceProfile []
[2021.02.05-11.57.10:257][  0]LogConfig: Applying CVar settings from Section [ViewDistanceQuality@3] File [C:/Users/Morgan/Desktop/UnrealAnimationPracticeVids/UnrealAnimationPracticeVids/MyProject/Saved/Config/Windows/Scalability.ini]
[2021.02.05-11.57.10:257][  0]LogConfig: Setting CVar [[r.SkeletalMeshLODBias:0]]
[2021.02.05-11.57.10:257][  0]LogConfig: Setting CVar [[r.ViewDistanceScale:1.0]]
[2021.02.05-11.57.10:257][  0]LogConfig: Applying CVar settings from Section [AntiAliasingQuality@3] File [C:/Users/Morgan/Desktop/UnrealAnimationPracticeVids/UnrealAnimationPracticeVids/MyProject/Saved/Config/Windows/Scalability.ini]
[2021.02.05-11.57.10:257][  0]LogConfig: Setting CVar [[r.PostProcessAAQuality:4]]
[2021.02.05-11.57.10:257][  0]LogConfig: Applying CVar settings from Section [ShadowQuality@3] File [C:/Users/Morgan/Desktop/UnrealAnimationPracticeVids/UnrealAnimationPracticeVids/MyProject/Saved/Config/Windows/Scalability.ini]
[2021.02.05-11.57.10:257][  0]LogConfig: Setting CVar [[r.LightFunctionQuality:1]]
[2021.02.05-11.57.10:257][  0]LogConfig: Setting CVar [[r.ShadowQuality:5]]
[2021.02.05-11.57.10:257][  0]LogConfig: Setting CVar [[r.Shadow.CSM.MaxCascades:10]]
[2021.02.05-11.57.10:257][  0]LogConfig: Setting CVar [[r.Shadow.MaxResolution:2048]]
[2021.02.05-11.57.10:257][  0]LogConfig: Setting CVar [[r.Shadow.MaxCSMResolution:2048]]
[2021.02.05-11.57.10:258][  0]LogConfig: Setting CVar [[r.Shadow.RadiusThreshold:0.01]]
[2021.02.05-11.57.10:258][  0]LogConfig: Setting CVar [[r.Shadow.DistanceScale:1.0]]
[2021.02.05-11.57.10:258][  0]LogConfig: Setting CVar [[r.Shadow.CSM.TransitionScale:1.0]]
[2021.02.05-11.57.10:258][  0]LogConfig: Setting CVar [[r.Shadow.PreShadowResolutionFactor:1.0]]
[2021.02.05-11.57.10:258][  0]LogConfig: Setting CVar [[r.DistanceFieldShadowing:1]]
[2021.02.05-11.57.10:258][  0]LogConfig: Setting CVar [[r.DistanceFieldAO:1]]
[2021.02.05-11.57.10:258][  0]LogConfig: Setting CVar [[r.AOQuality:2]]
[2021.02.05-11.57.10:258][  0]LogConfig: Setting CVar [[r.VolumetricFog:1]]
[2021.02.05-11.57.10:258][  0]LogConfig: Setting CVar [[r.VolumetricFog.GridPixelSize:8]]
[2021.02.05-11.57.10:258][  0]LogConfig: Setting CVar [[r.VolumetricFog.GridSizeZ:128]]
[2021.02.05-11.57.10:258][  0]LogConfig: Setting CVar [[r.VolumetricFog.HistoryMissSupersampleCount:4]]
[2021.02.05-11.57.10:258][  0]LogConfig: Setting CVar [[r.LightMaxDrawDistanceScale:1]]
[2021.02.05-11.57.10:258][  0]LogConfig: Setting CVar [[r.CapsuleShadows:1]]
[2021.02.05-11.57.10:258][  0]LogConfig: Applying CVar settings from Section [PostProcessQuality@3] File [C:/Users/Morgan/Desktop/UnrealAnimationPracticeVids/UnrealAnimationPracticeVids/MyProject/Saved/Config/Windows/Scalability.ini]
[2021.02.05-11.57.10:258][  0]LogConfig: Setting CVar [[r.MotionBlurQuality:4]]
[2021.02.05-11.57.10:258][  0]LogConfig: Setting CVar [[r.AmbientOcclusionMipLevelFactor:0.4]]
[2021.02.05-11.57.10:258][  0]LogConfig: Setting CVar [[r.AmbientOcclusionMaxQuality:100]]
[2021.02.05-11.57.10:258][  0]LogConfig: Setting CVar [[r.AmbientOcclusionLevels:-1]]
[2021.02.05-11.57.10:258][  0]LogConfig: Setting CVar [[r.AmbientOcclusionRadiusScale:1.0]]
[2021.02.05-11.57.10:258][  0]LogConfig: Setting CVar [[r.DepthOfFieldQuality:2]]
[2021.02.05-11.57.10:258][  0]LogConfig: Setting CVar [[r.RenderTargetPoolMin:400]]
[2021.02.05-11.57.10:258][  0]LogConfig: Setting CVar [[r.LensFlareQuality:2]]
[2021.02.05-11.57.10:258][  0]LogConfig: Setting CVar [[r.SceneColorFringeQuality:1]]
[2021.02.05-11.57.10:258][  0]LogConfig: Setting CVar [[r.EyeAdaptationQuality:2]]
[2021.02.05-11.57.10:259][  0]LogConfig: Setting CVar [[r.BloomQuality:5]]
[2021.02.05-11.57.10:259][  0]LogConfig: Setting CVar [[r.FastBlurThreshold:100]]
[2021.02.05-11.57.10:259][  0]LogConfig: Setting CVar [[r.Upscale.Quality:3]]
[2021.02.05-11.57.10:259][  0]LogConfig: Setting CVar [[r.Tonemapper.GrainQuantization:1]]
[2021.02.05-11.57.10:259][  0]LogConfig: Setting CVar [[r.LightShaftQuality:1]]
[2021.02.05-11.57.10:259][  0]LogConfig: Setting CVar [[r.Filter.SizeScale:1]]
[2021.02.05-11.57.10:259][  0]LogConfig: Setting CVar [[r.Tonemapper.Quality:5]]
[2021.02.05-11.57.10:259][  0]LogConfig: Setting CVar [[r.DOF.Gather.AccumulatorQuality:1        ; higher gathering accumulator quality]]
[2021.02.05-11.57.10:259][  0]LogConfig: Setting CVar [[r.DOF.Gather.PostfilterMethod:1          ; Median3x3 postfilering method]]
[2021.02.05-11.57.10:259][  0]LogConfig: Setting CVar [[r.DOF.Gather.EnableBokehSettings:0       ; no bokeh simulation when gathering]]
[2021.02.05-11.57.10:259][  0]LogConfig: Setting CVar [[r.DOF.Gather.RingCount:4                 ; medium number of samples when gathering]]
[2021.02.05-11.57.10:259][  0]LogConfig: Setting CVar [[r.DOF.Scatter.ForegroundCompositing:1    ; additive foreground scattering]]
[2021.02.05-11.57.10:259][  0]LogConfig: Setting CVar [[r.DOF.Scatter.BackgroundCompositing:2    ; additive background scattering]]
[2021.02.05-11.57.10:259][  0]LogConfig: Setting CVar [[r.DOF.Scatter.EnableBokehSettings:1      ; bokeh simulation when scattering]]
[2021.02.05-11.57.10:259][  0]LogConfig: Setting CVar [[r.DOF.Scatter.MaxSpriteRatio:0.1         ; only a maximum of 10% of scattered bokeh]]
[2021.02.05-11.57.10:259][  0]LogConfig: Setting CVar [[r.DOF.Recombine.Quality:1                ; cheap slight out of focus]]
[2021.02.05-11.57.10:259][  0]LogConfig: Setting CVar [[r.DOF.Recombine.EnableBokehSettings:0    ; no bokeh simulation on slight out of focus]]
[2021.02.05-11.57.10:259][  0]LogConfig: Setting CVar [[r.DOF.TemporalAAQuality:1                ; more stable temporal accumulation]]
[2021.02.05-11.57.10:259][  0]LogConfig: Setting CVar [[r.DOF.Kernel.MaxForegroundRadius:0.025]]
[2021.02.05-11.57.10:259][  0]LogConfig: Setting CVar [[r.DOF.Kernel.MaxBackgroundRadius:0.025]]
[2021.02.05-11.57.10:259][  0]LogConfig: Applying CVar settings from Section [TextureQuality@3] File [C:/Users/Morgan/Desktop/UnrealAnimationPracticeVids/UnrealAnimationPracticeVids/MyProject/Saved/Config/Windows/Scalability.ini]
[2021.02.05-11.57.10:259][  0]LogConfig: Setting CVar [[r.Streaming.MipBias:0]]
[2021.02.05-11.57.10:259][  0]LogConfig: Setting CVar [[r.Streaming.AmortizeCPUToGPUCopy:0]]
[2021.02.05-11.57.10:259][  0]LogConfig: Setting CVar [[r.Streaming.MaxNumTexturesToStreamPerFrame:0]]
[2021.02.05-11.57.10:260][  0]LogConfig: Setting CVar [[r.Streaming.Boost:1]]
[2021.02.05-11.57.10:260][  0]LogConfig: Setting CVar [[r.MaxAnisotropy:8]]
[2021.02.05-11.57.10:260][  0]LogConfig: Setting CVar [[r.VT.MaxAnisotropy:8]]
[2021.02.05-11.57.10:260][  0]LogConfig: Setting CVar [[r.Streaming.LimitPoolSizeToVRAM:0]]
[2021.02.05-11.57.10:260][  0]LogConfig: Setting CVar [[r.Streaming.PoolSize:1000]]
[2021.02.05-11.57.10:260][  0]LogConfig: Setting CVar [[r.Streaming.MaxEffectiveScreenSize:0]]
[2021.02.05-11.57.10:260][  0]LogConfig: Applying CVar settings from Section [EffectsQuality@3] File [C:/Users/Morgan/Desktop/UnrealAnimationPracticeVids/UnrealAnimationPracticeVids/MyProject/Saved/Config/Windows/Scalability.ini]
[2021.02.05-11.57.10:260][  0]LogConfig: Setting CVar [[r.TranslucencyLightingVolumeDim:64]]
[2021.02.05-11.57.10:260][  0]LogConfig: Setting CVar [[r.RefractionQuality:2]]
[2021.02.05-11.57.10:260][  0]LogConfig: Setting CVar [[r.SSR.Quality:3]]
[2021.02.05-11.57.10:260][  0]LogConfig: Setting CVar [[r.SSR.HalfResSceneColor:0]]
[2021.02.05-11.57.10:260][  0]LogConfig: Setting CVar [[r.SceneColorFormat:4]]
[2021.02.05-11.57.10:260][  0]LogConfig: Setting CVar [[r.DetailMode:2]]
[2021.02.05-11.57.10:260][  0]LogConfig: Setting CVar [[r.TranslucencyVolumeBlur:1]]
[2021.02.05-11.57.10:260][  0]LogConfig: Setting CVar [[r.MaterialQualityLevel:1 ; High quality]]
[2021.02.05-11.57.10:260][  0]LogConfig: Setting CVar [[r.SSS.Scale:1]]
[2021.02.05-11.57.10:260][  0]LogConfig: Setting CVar [[r.SSS.SampleSet:2]]
[2021.02.05-11.57.10:260][  0]LogConfig: Setting CVar [[r.SSS.Quality:1]]
[2021.02.05-11.57.10:260][  0]LogConfig: Setting CVar [[r.SSS.HalfRes:0]]
[2021.02.05-11.57.10:260][  0]LogConfig: Setting CVar [[r.SSGI.Quality:3]]
[2021.02.05-11.57.10:260][  0]LogConfig: Setting CVar [[r.EmitterSpawnRateScale:1.0]]
[2021.02.05-11.57.10:260][  0]LogConfig: Setting CVar [[r.ParticleLightQuality:2]]
[2021.02.05-11.57.10:260][  0]LogConfig: Setting CVar [[r.SkyAtmosphere.AerialPerspectiveLUT.FastApplyOnOpaque:1 ; Always have FastSkyLUT 1 in this case to avoid wrong sky]]
[2021.02.05-11.57.10:260][  0]LogConfig: Setting CVar [[r.SkyAtmosphere.AerialPerspectiveLUT.SampleCountPerSlice:1]]
[2021.02.05-11.57.10:260][  0]LogConfig: Setting CVar [[r.SkyAtmosphere.AerialPerspectiveLUT.DepthResolution:16.0]]
[2021.02.05-11.57.10:261][  0]LogConfig: Setting CVar [[r.SkyAtmosphere.FastSkyLUT:1]]
[2021.02.05-11.57.10:261][  0]LogConfig: Setting CVar [[r.SkyAtmosphere.FastSkyLUT.SampleCountMin:4.0]]
[2021.02.05-11.57.10:261][  0]LogConfig: Setting CVar [[r.SkyAtmosphere.FastSkyLUT.SampleCountMax:32.0]]
[2021.02.05-11.57.10:261][  0]LogConfig: Setting CVar [[r.SkyAtmosphere.SampleCountMin:4.0]]
[2021.02.05-11.57.10:261][  0]LogConfig: Setting CVar [[r.SkyAtmosphere.SampleCountMax:32.0]]
[2021.02.05-11.57.10:261][  0]LogConfig: Setting CVar [[r.SkyAtmosphere.TransmittanceLUT.UseSmallFormat:0]]
[2021.02.05-11.57.10:261][  0]LogConfig: Setting CVar [[r.SkyAtmosphere.TransmittanceLUT.SampleCount:10.0]]
[2021.02.05-11.57.10:261][  0]LogConfig: Setting CVar [[r.SkyAtmosphere.MultiScatteringLUT.SampleCount:15.0]]
[2021.02.05-11.57.10:261][  0]LogConfig: Applying CVar settings from Section [FoliageQuality@3] File [C:/Users/Morgan/Desktop/UnrealAnimationPracticeVids/UnrealAnimationPracticeVids/MyProject/Saved/Config/Windows/Scalability.ini]
[2021.02.05-11.57.10:261][  0]LogConfig: Setting CVar [[foliage.DensityScale:1.0]]
[2021.02.05-11.57.10:261][  0]LogConfig: Setting CVar [[grass.DensityScale:1.0]]
[2021.02.05-11.57.10:261][  0]LogConfig: Applying CVar settings from Section [ShadingQuality@3] File [C:/Users/Morgan/Desktop/UnrealAnimationPracticeVids/UnrealAnimationPracticeVids/MyProject/Saved/Config/Windows/Scalability.ini]
[2021.02.05-11.57.10:261][  0]LogConfig: Setting CVar [[r.HairStrands.SkyLighting.SampleCount:16]]
[2021.02.05-11.57.10:261][  0]LogConfig: Setting CVar [[r.HairStrands.SkyLighting.JitterIntegration:0]]
[2021.02.05-11.57.10:261][  0]LogConfig: Setting CVar [[r.HairStrands.SkyAO.SampleCount:16]]
[2021.02.05-11.57.10:261][  0]LogConfig: Setting CVar [[r.HairStrands.DeepShadow.SuperSampling:0]]
[2021.02.05-11.57.10:261][  0]LogConfig: Setting CVar [[r.HairStrands.VisibilityPPLL:0]]
[2021.02.05-11.57.10:261][  0]LogConfig: Setting CVar [[r.HairStrands.RasterizationScale:0.5]]
[2021.02.05-11.57.10:261][  0]LogConfig: Setting CVar [[r.HairStrands.VelocityRasterizationScale:1]]
[2021.02.05-11.57.10:261][  0]LogConfig: Applying CVar settings from Section [Startup] File [../../../Engine/Config/ConsoleVariables.ini]
[2021.02.05-11.57.10:262][  0]LogConfig: Setting CVar [[net.UseAdaptiveNetUpdateFrequency:0]]
[2021.02.05-11.57.10:262][  0]LogConfig: Setting CVar [[p.chaos.AllowCreatePhysxBodies:1]]
[2021.02.05-11.57.10:262][  0]LogConfig: Setting CVar [[fx.SkipVectorVMBackendOptimizations:1]]
[2021.02.05-11.57.10:262][  0]LogConfig: Applying CVar settings from Section [ConsoleVariables] File [C:/Users/Morgan/Desktop/UnrealAnimationPracticeVids/UnrealAnimationPracticeVids/MyProject/Saved/Config/Windows/Engine.ini]
[2021.02.05-11.57.10:262][  0]LogInit: Computer: DESKTOP-A1LV5LA
[2021.02.05-11.57.10:262][  0]LogInit: User: Morgan
[2021.02.05-11.57.10:262][  0]LogInit: CPU Page size=4096, Cores=10
[2021.02.05-11.57.10:262][  0]LogInit: High frequency timer resolution =10.000000 MHz
[2021.02.05-11.57.10:262][  0]LogMemory: Memory total: Physical=31.9GB (32GB approx)
[2021.02.05-11.57.10:262][  0]LogMemory: Platform Memory Stats for Windows
[2021.02.05-11.57.10:262][  0]LogMemory: Process Physical Memory: 118.58 MB used, 118.59 MB peak
[2021.02.05-11.57.10:262][  0]LogMemory: Process Virtual Memory: 100.96 MB used, 100.96 MB peak
[2021.02.05-11.57.10:262][  0]LogMemory: Physical Memory: 11582.96 MB used,  21082.64 MB free, 32665.60 MB total
[2021.02.05-11.57.10:262][  0]LogMemory: Virtual Memory: 5211.20 MB used,  134212520.00 MB free, 134217728.00 MB total
[2021.02.05-11.57.10:270][  0]LogWindows: WindowsPlatformFeatures enabled
[2021.02.05-11.57.10:460][  0]LogInit: Physics initialised using underlying interface: PhysX
[2021.02.05-11.57.10:461][  0]LogInit: Using OS detected language (en-GB).
[2021.02.05-11.57.10:461][  0]LogInit: Using OS detected locale (en-GB).
[2021.02.05-11.57.10:465][  0]LogTextLocalizationManager: No specific localization for 'en-GB' exists, so the 'en' localization will be used.
[2021.02.05-11.57.10:614][  0]LogInit: Setting process to per monitor DPI aware
[2021.02.05-11.57.10:657][  0]LogSlate: New Slate User Created.  User Index 0, Is Virtual User: 0
[2021.02.05-11.57.10:657][  0]LogSlate: Slate User Registered.  User Index 0, Is Virtual User: 0
[2021.02.05-11.57.10:791][  0]LogHMD: Failed to initialize OpenVR with code 110
[2021.02.05-11.57.10:791][  0]LogD3D11RHI: D3D11 min allowed feature level: 11_0
[2021.02.05-11.57.10:791][  0]LogD3D11RHI: D3D11 max allowed feature level: 11_0
[2021.02.05-11.57.10:791][  0]LogD3D11RHI: D3D11 adapters:
[2021.02.05-11.57.10:906][  0]LogD3D11RHI:    0. 'NVIDIA GeForce RTX 3090' (Feature Level 11_0)
[2021.02.05-11.57.10:907][  0]LogD3D11RHI:       24348/0/16332 MB DedicatedVideo/DedicatedSystem/SharedSystem, Outputs:2, VendorId:0x10de
[2021.02.05-11.57.10:910][  0]LogD3D11RHI:    1. 'Microsoft Basic Render Driver' (Feature Level 11_0)
[2021.02.05-11.57.10:910][  0]LogD3D11RHI:       0/0/16332 MB DedicatedVideo/DedicatedSystem/SharedSystem, Outputs:0, VendorId:0x1414
[2021.02.05-11.57.10:910][  0]LogD3D11RHI: Chosen D3D11 Adapter: 0
[2021.02.05-11.57.10:916][  0]LogD3D11RHI: Creating new Direct3DDevice
[2021.02.05-11.57.10:916][  0]LogD3D11RHI:     GPU DeviceId: 0x2204 (for the marketing name, search the web for "GPU Device Id")
[2021.02.05-11.57.10:916][  0]LogWindows: EnumDisplayDevices:
[2021.02.05-11.57.10:917][  0]LogWindows:    0. 'NVIDIA GeForce RTX 3090' (P:1 D:1)
[2021.02.05-11.57.10:917][  0]LogWindows:    1. 'NVIDIA GeForce RTX 3090' (P:0 D:1)
[2021.02.05-11.57.10:917][  0]LogWindows:    2. 'NVIDIA GeForce RTX 3090' (P:0 D:0)
[2021.02.05-11.57.10:918][  0]LogWindows:    3. 'NVIDIA GeForce RTX 3090' (P:0 D:0)
[2021.02.05-11.57.10:918][  0]LogWindows: DebugString: FoundDriverCount:4 
[2021.02.05-11.57.10:918][  0]LogD3D11RHI:     Adapter Name: NVIDIA GeForce RTX 3090
[2021.02.05-11.57.10:918][  0]LogD3D11RHI:   Driver Version: 460.89 (internal:27.21.14.6089, unified:460.89)
[2021.02.05-11.57.10:918][  0]LogD3D11RHI:      Driver Date: 12-11-2020
[2021.02.05-11.57.10:918][  0]LogRHI: Texture pool is 17043 MB (70% of 24348 MB)
[2021.02.05-11.57.11:003][  0]LogD3D11RHI: RHI has support for 64 bit atomics
[2021.02.05-11.57.11:003][  0]LogD3D11RHI: Async texture creation enabled
[2021.02.05-11.57.11:003][  0]LogD3D11RHI: Array index from any shader is supported
[2021.02.05-11.57.11:019][  0]LogD3D11RHI: GPU Timing Frequency: 1000.000000 (Debug: 2 1)
[2021.02.05-11.57.11:304][  0]LogTargetPlatformManager: Display: Loaded TargetPlatform 'AllDesktop'
[2021.02.05-11.57.11:327][  0]LogTargetPlatformManager: Display: Loaded TargetPlatform 'Android'
[2021.02.05-11.57.11:327][  0]LogTargetPlatformManager: Display: Loaded TargetPlatform 'Android_ASTC'
[2021.02.05-11.57.11:327][  0]LogTargetPlatformManager: Display: Loaded TargetPlatform 'Android_DXT'
[2021.02.05-11.57.11:327][  0]LogTargetPlatformManager: Display: Loaded TargetPlatform 'Android_ETC2'
[2021.02.05-11.57.11:327][  0]LogTargetPlatformManager: Display: Loaded TargetPlatform 'AndroidClient'
[2021.02.05-11.57.11:327][  0]LogTargetPlatformManager: Display: Loaded TargetPlatform 'Android_ASTCClient'
[2021.02.05-11.57.11:327][  0]LogTargetPlatformManager: Display: Loaded TargetPlatform 'Android_DXTClient'
[2021.02.05-11.57.11:328][  0]LogTargetPlatformManager: Display: Loaded TargetPlatform 'Android_ETC2Client'
[2021.02.05-11.57.11:328][  0]LogTargetPlatformManager: Display: Loaded TargetPlatform 'Android_Multi'
[2021.02.05-11.57.11:328][  0]LogTargetPlatformManager: Display: Loaded TargetPlatform 'Android_MultiClient'
[2021.02.05-11.57.11:356][  0]LogTargetPlatformManager: Display: Loaded TargetPlatform 'IOSClient'
[2021.02.05-11.57.11:357][  0]LogTargetPlatformManager: Display: Loaded TargetPlatform 'IOS'
[2021.02.05-11.57.11:368][  0]LogTargetPlatformManager: Display: Loaded TargetPlatform 'Linux'
[2021.02.05-11.57.11:379][  0]LogTargetPlatformManager: Display: Loaded TargetPlatform 'LinuxNoEditor'
[2021.02.05-11.57.11:390][  0]LogTargetPlatformManager: Display: Loaded TargetPlatform 'LinuxClient'
[2021.02.05-11.57.11:401][  0]LogTargetPlatformManager: Display: Loaded TargetPlatform 'LinuxServer'
[2021.02.05-11.57.11:411][  0]LogTargetPlatformManager: Display: Loaded TargetPlatform 'LinuxAArch64NoEditor'
[2021.02.05-11.57.11:422][  0]LogTargetPlatformManager: Display: Loaded TargetPlatform 'LinuxAArch64Client'
[2021.02.05-11.57.11:433][  0]LogTargetPlatformManager: Display: Loaded TargetPlatform 'LinuxAArch64Server'
[2021.02.05-11.57.11:461][  0]LogTargetPlatformManager: Display: Loaded TargetPlatform 'Lumin'
[2021.02.05-11.57.11:461][  0]LogTargetPlatformManager: Display: Loaded TargetPlatform 'LuminClient'
[2021.02.05-11.57.11:478][  0]LogTargetPlatformManager: Display: Loaded TargetPlatform 'TVOSClient'
[2021.02.05-11.57.11:479][  0]LogTargetPlatformManager: Display: Loaded TargetPlatform 'TVOS'
[2021.02.05-11.57.11:490][  0]LogTargetPlatformManager: Display: Loaded TargetPlatform 'WindowsNoEditor'
[2021.02.05-11.57.11:501][  0]LogTargetPlatformManager: Display: Loaded TargetPlatform 'Windows'
[2021.02.05-11.57.11:512][  0]LogTargetPlatformManager: Display: Loaded TargetPlatform 'WindowsClient'
[2021.02.05-11.57.11:523][  0]LogTargetPlatformManager: Display: Loaded TargetPlatform 'WindowsServer'
[2021.02.05-11.57.11:523][  0]LogTargetPlatformManager: Display: Building Assets For Windows
[2021.02.05-11.57.11:535][  0]LogAudioDebug: Display: Lib vorbis DLL was dynamically loaded.
[2021.02.05-11.57.11:619][  0]LogShaderCompilers: Guid format shader working directory is -58 characters bigger than the processId version (../../../../../../Users/Morgan/Desktop/UnrealAnimationPracticeVids/UnrealAnimationPracticeVids/MyProject/Intermediate/Shaders/WorkingDirectory/27904/).
[2021.02.05-11.57.11:619][  0]LogShaderCompilers: Cleaned the shader compiler working directory 'C:/Users/Morgan/AppData/Local/Temp/UnrealShaderWorkingDir/7D05CD1F4B16C76D13E6AAA68DD942DB/'.
[2021.02.05-11.57.11:619][  0]LogXGEController: Cleaning working directory: C:/Users/Morgan/AppData/Local/Temp/UnrealXGEWorkingDir/
[2021.02.05-11.57.11:620][  0]LogXGEController: Cannot use XGE Controller as Incredibuild is not installed on this machine.
[2021.02.05-11.57.11:620][  0]LogShaderCompilers: Cannot use XGE Shader Compiler as Incredibuild is not installed on this machine.
[2021.02.05-11.57.11:620][  0]LogShaderCompilers: Display: Using Local Shader Compiler.
[2021.02.05-11.57.12:352][  0]LogDerivedDataCache: Display: Max Cache Size: 512 MB
[2021.02.05-11.57.12:398][  0]LogDerivedDataCache: Loaded boot cache 0.04s 80MB C:/Users/Morgan/AppData/Local/UnrealEngine/4.25/DerivedDataCache/Boot.ddc.
[2021.02.05-11.57.12:398][  0]LogDerivedDataCache: Display: Loaded Boot cache: C:/Users/Morgan/AppData/Local/UnrealEngine/4.25/DerivedDataCache/Boot.ddc
[2021.02.05-11.57.12:398][  0]LogDerivedDataCache: FDerivedDataBackendGraph:  Pak pak cache file ../../../../../../Users/Morgan/Desktop/UnrealAnimationPracticeVids/UnrealAnimationPracticeVids/MyProject/DerivedDataCache/DDC.ddp not found, will not use a pak cache.
[2021.02.05-11.57.12:398][  0]LogDerivedDataCache: Unable to find inner node Pak for hierarchical cache Hierarchy.
[2021.02.05-11.57.12:399][  0]LogDerivedDataCache: FDerivedDataBackendGraph:  CompressedPak pak cache file ../../../../../../Users/Morgan/Desktop/UnrealAnimationPracticeVids/UnrealAnimationPracticeVids/MyProject/DerivedDataCache/Compressed.ddp not found, will not use a pak cache.
[2021.02.05-11.57.12:399][  0]LogDerivedDataCache: Unable to find inner node CompressedPak for hierarchical cache Hierarchy.
[2021.02.05-11.57.12:408][  0]LogDerivedDataCache: Display: Pak cache opened for reading ../../../Engine/DerivedDataCache/Compressed.ddp.
[2021.02.05-11.57.12:408][  0]LogDerivedDataCache: FDerivedDataBackendGraph:  EnterprisePak pak cache file ../../../Enterprise/DerivedDataCache/Compressed.ddp not found, will not use a pak cache.
[2021.02.05-11.57.12:408][  0]LogDerivedDataCache: Unable to find inner node EnterprisePak for hierarchical cache Hierarchy.
[2021.02.05-11.57.12:410][  0]LogDerivedDataCache: Using Local data cache path C:/Users/Morgan/AppData/Local/UnrealEngine/Common/DerivedDataCache: Writable
[2021.02.05-11.57.12:410][  0]LogDerivedDataCache: Shared data cache path not found in *engine.ini, will not use an Shared cache.
[2021.02.05-11.57.12:411][  0]LogDerivedDataCache: Unable to find inner node Shared for hierarchical cache Hierarchy.
[2021.02.05-11.57.12:460][  0]LogSlate: Using FreeType 2.10.0
[2021.02.05-11.57.12:460][  0]LogSlate: SlateFontServices - WITH_FREETYPE: 1, WITH_HARFBUZZ: 1
[2021.02.05-11.57.12:483][  0]LogAssetRegistry: FAssetRegistry took 0.0036 seconds to start up
[2021.02.05-11.57.12:691][  0]LogInit: Selected Device Profile: [Windows]
[2021.02.05-11.57.12:814][  0]LogMeshReduction: Using QuadricMeshReduction for automatic static mesh reduction
[2021.02.05-11.57.12:814][  0]LogMeshReduction: Using SimplygonMeshReduction for automatic skeletal mesh reduction
[2021.02.05-11.57.12:814][  0]LogMeshReduction: Using ProxyLODMeshReduction for automatic mesh merging
[2021.02.05-11.57.12:814][  0]LogMeshReduction: No distributed automatic mesh merging module available
[2021.02.05-11.57.12:814][  0]LogMeshMerging: No distributed automatic mesh merging module available
[2021.02.05-11.57.12:831][  0]LogNetVersion: MyProject 1.0.0, NetCL: 13144385, EngineNetVer: 14, GameNetVer: 0 (Checksum: 709303259)
[2021.02.05-11.57.13:189][  0]LogAISub: UAISubsystem::UAISubsystem AISubsystem (0000013F6C9B9CC0), frame # 0
[2021.02.05-11.57.13:189][  0]LogAISub: UAISubsystem::UAISubsystem AIPerceptionSystem (0000013F6C9051C0), frame # 0
[2021.02.05-11.57.13:190][  0]LogAISub: UAISubsystem::UAISubsystem EnvQueryManager (0000013F6C974800), frame # 0
[2021.02.05-11.57.13:248][  0]LogPackageLocalizationCache: Processed 20 localized package path(s) for 1 prioritized culture(s) in 0.052436 seconds
[2021.02.05-11.57.13:252][  0]LogUObjectArray: 15913 objects as part of root set at end of initial load.
[2021.02.05-11.57.13:252][  0]LogUObjectAllocator: 3964304 out of 0 bytes used by permanent object pool.
[2021.02.05-11.57.13:252][  0]LogUObjectArray: CloseDisregardForGC: 0/0 objects in disregard for GC pool
[2021.02.05-11.57.13:667][  0]LogTcpMessaging: Initializing TcpMessaging bridge
[2021.02.05-11.57.13:673][  0]LogUdpMessaging: Initializing bridge on interface 0.0.0.0:0 to multicast group 230.0.0.1:6666.
[2021.02.05-11.57.13:965][  0]SourceControl: Source control is disabled
[2021.02.05-11.57.13:965][  0]SourceControl: Source control is disabled
[2021.02.05-11.57.13:969][  0]SourceControl: Source control is disabled
[2021.02.05-11.57.13:974][  0]SourceControl: Source control is disabled
[2021.02.05-11.57.13:983][  0]SourceControl: Source control is disabled
[2021.02.05-11.57.14:318][  0]LogAndroidPermission: UAndroidPermissionCallbackProxy::GetInstance
[2021.02.05-11.57.14:344][  0]LogAudioCaptureCore: Display: No Audio Capture implementations found. Audio input will be silent.
[2021.02.05-11.57.14:344][  0]LogAudioCaptureCore: Display: No Audio Capture implementations found. Audio input will be silent.
[2021.02.05-11.57.14:401][  0]LogOcInput: OculusInput pre-init called
[2021.02.05-11.57.14:415][  0]LogWindows: Failed to load 'OVRPlugin.dll' (GetLastError=126)
[2021.02.05-11.57.14:415][  0]LogWindows: File 'OVRPlugin.dll' does not exist
[2021.02.05-11.57.14:671][  0]LogEngine: Initializing Engine...
[2021.02.05-11.57.14:672][  0]LogHMD: Failed to initialize OpenVR with code 110
[2021.02.05-11.57.14:672][  0]LogMagicLeap: Warning: VR disabled because ZI is not enabled.  To enable, in the editor, Edit -> Project Settings -> Plugins -> Magic Leap Plugin -> Enable Zero Iteration
[2021.02.05-11.57.14:673][  0]LogStats: UGameplayTagsManager::InitializeManager -  0.000 s
[2021.02.05-11.57.14:774][  0]LogInit: Initializing FReadOnlyCVARCache
[2021.02.05-11.57.14:782][  0]LogAIModule: Creating AISystem for world Untitled
[2021.02.05-11.57.14:782][  0]LogAISub: UAISubsystem::UAISubsystem EnvQueryManager (0000013F74DB9200), frame # 0
[2021.02.05-11.57.14:782][  0]LogAISub: UAISubsystem::UAISubsystem AIPerceptionSystem (0000013F74DC9F80), frame # 0
[2021.02.05-11.57.14:796][  0]LogAudioMixer: Display: Audio Mixer Platform Settings:
[2021.02.05-11.57.14:796][  0]LogAudioMixer: Display: 	Sample Rate:						  48000
[2021.02.05-11.57.14:796][  0]LogAudioMixer: Display: 	Callback Buffer Frame Size Requested: 1024
[2021.02.05-11.57.14:796][  0]LogAudioMixer: Display: 	Callback Buffer Frame Size To Use:	  1024
[2021.02.05-11.57.14:796][  0]LogAudioMixer: Display: 	Number of buffers to queue:			  2
[2021.02.05-11.57.14:796][  0]LogAudioMixer: Display: 	Max Channels (voices):				  32
[2021.02.05-11.57.14:796][  0]LogAudioMixer: Display: 	Number of Async Source Workers:		  0
[2021.02.05-11.57.14:797][  0]LogAudio: Display: AudioDevice MaxSources: 32
[2021.02.05-11.57.14:797][  0]LogAudio: Display: Using built-in audio occlusion.
[2021.02.05-11.57.14:797][  0]LogAudioMixer: Display: Initializing audio mixer.
[2021.02.05-11.57.14:812][  0]LogAudioMixer: Display: 0: FrontLeft
[2021.02.05-11.57.14:812][  0]LogAudioMixer: Display: 1: FrontRight
[2021.02.05-11.57.15:037][  0]LogAudioMixer: Display: Using Audio Device Speakers (Realtek(R) Audio)
[2021.02.05-11.57.15:038][  0]LogAudioMixer: Display: Initializing Sound Submixes...
[2021.02.05-11.57.15:040][  0]LogAudioMixer: Display: Creating Master Submix 'MasterSubmixDefault'
[2021.02.05-11.57.15:040][  0]LogAudioMixer: Display: Creating Master Submix 'MasterReverbSubmixDefault'
[2021.02.05-11.57.15:041][  0]LogAudioMixer: Display: Creating Master Submix 'MasterEQSubmixDefault'
[2021.02.05-11.57.15:042][  0]LogInit: FAudioDevice initialized.
[2021.02.05-11.57.15:043][  0]LogNetVersion: Set ProjectVersion to 1.0.0.0. Version Checksum will be recalculated on next use.
[2021.02.05-11.57.15:085][  0]LogDerivedDataCache: Saved boot cache 0.04s 80MB C:/Users/Morgan/AppData/Local/UnrealEngine/4.25/DerivedDataCache/Boot.ddc.
[2021.02.05-11.57.15:086][  0]LogInit: Texture streaming: Enabled
[2021.02.05-11.57.15:106][  0]LogEngineSessionManager: EngineSessionManager initialized
[2021.02.05-11.57.15:106][  0]LogEngineSessionManager: EngineSessionManager sent abnormal shutdown report. Type=Debugger, SessionId={F933BCD4-45F1-7412-4FC1-08A1F27451AA}
[2021.02.05-11.57.15:106][  0]LogEditorSessionSummary: Verbose: Initializing EditorSessionSummaryWriter for editor session tracking
[2021.02.05-11.57.15:108][  0]LogEditorSessionSummary: EditorSessionSummaryWriter initialized
[2021.02.05-11.57.15:122][  0]LogInit: Transaction tracking system initialized
[2021.02.05-11.57.15:150][  0]BlueprintLog: New page: Editor Load
[2021.02.05-11.57.15:243][  0]LocalizationService: Localization service is disabled
[2021.02.05-11.57.15:409][  0]LogCook: Display: Max memory allowance for cook 16384mb min free memory 0mb
[2021.02.05-11.57.15:409][  0]LogCook: Display: Mobile HDR setting 1
[2021.02.05-11.57.15:451][  0]LogFileCache: Scanning file cache for directory 'C:/Users/Morgan/Desktop/UnrealAnimationPracticeVids/UnrealAnimationPracticeVids/MyProject/Content/' took 0.01s
[2021.02.05-11.57.15:724][  0]SourceControl: Source control is disabled
[2021.02.05-11.57.15:724][  0]LogUnrealEdMisc: Loading editor; pre map load, took 7.245
[2021.02.05-11.57.15:724][  0]LightingResults: New page: Lighting Build
[2021.02.05-11.57.15:725][  0]LogWorld: UWorld::CleanupWorld for Untitled, bSessionEnded=true, bCleanupResources=true
[2021.02.05-11.57.15:725][  0]LogSlate: InvalidateAllWidgets triggered.  All widgets were invalidated
[2021.02.05-11.57.15:725][  0]MapCheck: New page: Map Check
[2021.02.05-11.57.15:725][  0]LightingResults: New page: Lighting Build
[2021.02.05-11.57.15:738][  0]LogAISub: UAISubsystem::~UAISubsystem EnvQueryManager (0000013F74DB9200), frame # 0
[2021.02.05-11.57.15:739][  0]LogAISub: UAISubsystem::~UAISubsystem AIPerceptionSystem (0000013F74DC9F80), frame # 0
[2021.02.05-11.57.15:739][  0]LogUObjectHash: Compacting FUObjectHashTables data took   0.74ms
[2021.02.05-11.57.15:811][  0]LogAIModule: Creating AISystem for world ThirdPersonExampleMap
[2021.02.05-11.57.15:812][  0]LogAISub: UAISubsystem::UAISubsystem EnvQueryManager (0000013F022F3E00), frame # 0
[2021.02.05-11.57.15:812][  0]LogAISub: UAISubsystem::UAISubsystem AIPerceptionSystem (0000013F70E34CC0), frame # 0
[2021.02.05-11.57.15:827][  0]LogEditorServer: Finished looking for orphan Actors (0.000 secs)
[2021.02.05-11.57.15:842][  0]LogUObjectHash: Compacting FUObjectHashTables data took   0.72ms
[2021.02.05-11.57.15:842][  0]Cmd: MAP CHECKDEP NOCLEARLOG
[2021.02.05-11.57.15:842][  0]MapCheck: Map check complete: 0 Error(s), 0 Warning(s), took 0.174ms to complete.
[2021.02.05-11.57.15:842][  0]LogFileHelpers: Loading map 'ThirdPersonExampleMap' took 0.119
[2021.02.05-11.57.15:845][  0]LogUnrealEdMisc: Total Editor Startup Time, took 7.366
[2021.02.05-11.57.15:971][  0]LogSlate: Updating window title bar state: overlay mode, drag disabled, window buttons hidden, title bar hidden
[2021.02.05-11.57.15:977][  0]LogSlate: Updating window title bar state: overlay mode, drag disabled, window buttons hidden, title bar hidden
[2021.02.05-11.57.15:983][  0]LogSlate: Updating window title bar state: overlay mode, drag disabled, window buttons hidden, title bar hidden
[2021.02.05-11.57.15:989][  0]LogSlate: Updating window title bar state: overlay mode, drag disabled, window buttons hidden, title bar hidden
[2021.02.05-11.57.15:997][  0]LogCollectionManager: Loaded 0 collections in 0.001513 seconds
[2021.02.05-11.57.16:015][  0]LogFileCache: Scanning file cache for directory 'C:/Users/Morgan/Desktop/UnrealAnimationPracticeVids/UnrealAnimationPracticeVids/MyProject/Saved/Collections/' took 0.00s
[2021.02.05-11.57.16:015][  0]LogFileCache: Scanning file cache for directory 'C:/Users/Morgan/Desktop/UnrealAnimationPracticeVids/UnrealAnimationPracticeVids/MyProject/Content/Developers/Morgan/Collections/' took 0.00s
[2021.02.05-11.57.16:015][  0]LogFileCache: Scanning file cache for directory 'C:/Users/Morgan/Desktop/UnrealAnimationPracticeVids/UnrealAnimationPracticeVids/MyProject/Content/Collections/' took 0.00s
[2021.02.05-11.57.16:015][  0]LogContentBrowser: Native class hierarchy populated in 0.0085 seconds. Added 3447 classes and 837 folders.
[2021.02.05-11.57.16:018][  0]LogContentBrowser: Native class hierarchy updated for 'WidgetCarousel' in 0.0004 seconds. Added 0 classes and 0 folders.
[2021.02.05-11.57.16:067][  0]LogContentBrowser: Native class hierarchy updated for 'AddContentDialog' in 0.0004 seconds. Added 0 classes and 0 folders.
[2021.02.05-11.57.16:068][  0]LogContentBrowser: Native class hierarchy updated for 'SceneOutliner' in 0.0003 seconds. Added 2 classes and 0 folders.
[2021.02.05-11.57.16:102][  0]LogSlate: Took 0.000331 seconds to synchronously load lazily loaded font '../../../Engine/Content/Slate/Fonts/Roboto-Regular.ttf' (155K)
[2021.02.05-11.57.16:106][  0]LogSlate: Took 0.000126 seconds to synchronously load lazily loaded font '../../../Engine/Content/Editor/Slate/Fonts/FontAwesome.ttf' (139K)
[2021.02.05-11.57.16:162][  0]LogRenderer: Reallocating scene render targets to support 2040x928 Format 10 NumSamples 1 (Frame:1).
[2021.02.05-11.57.16:291][  0]LogContentBrowser: Native class hierarchy updated for 'HierarchicalLODOutliner' in 0.0005 seconds. Added 0 classes and 0 folders.
[2021.02.05-11.57.16:292][  0]LogLoad: (Engine Initialization) Total time: 7.81 seconds
[2021.02.05-11.57.16:292][  0]LogLoad: (Engine Initialization) Total Blueprint compile time: 0.00 seconds
[2021.02.05-11.57.16:327][  0]LogAssetRegistry: Asset discovery search completed in 3.8458 seconds
[2021.02.05-11.57.16:331][  0]LogCollectionManager: Fixed up redirectors for 0 collections in 0.000002 seconds (updated 0 objects)
[2021.02.05-11.57.16:332][  0]LogContentStreaming: Texture pool size now 1000 MB
[2021.02.05-11.57.17:385][ 58]LogTemp: Repeating last play command: New Editor Window (PIE)
[2021.02.05-11.57.17:401][ 58]LogPlayLevel: PlayLevel: No blueprints needed recompiling
[2021.02.05-11.57.17:402][ 58]PIE: New page: PIE session: ThirdPersonExampleMap (5 Feb 2021, 11:57:17)
[2021.02.05-11.57.17:403][ 58]LogOnline: OSS: Creating online subsystem instance for: NULL
[2021.02.05-11.57.17:405][ 58]LogOnline: OSS: TryLoadSubsystemAndSetDefault: Loaded subsystem for module [NULL]
[2021.02.05-11.57.17:405][ 58]LogPlayLevel: Creating play world package: /Game/ThirdPersonCPP/Maps/UEDPIE_0_ThirdPersonExampleMap
[2021.02.05-11.57.17:416][ 58]LogPlayLevel: PIE: StaticDuplicateObject took: (0.011215s)
[2021.02.05-11.57.17:417][ 58]LogAIModule: Creating AISystem for world ThirdPersonExampleMap
[2021.02.05-11.57.17:417][ 58]LogAISub: UAISubsystem::UAISubsystem EnvQueryManager (0000013F4D22C800), frame # 58
[2021.02.05-11.57.17:417][ 58]LogAISub: UAISubsystem::UAISubsystem AIPerceptionSystem (0000013F4D223D80), frame # 58
[2021.02.05-11.57.17:417][ 58]LogPlayLevel: PIE: World Init took: (0.001479s)
[2021.02.05-11.57.17:417][ 58]LogPlayLevel: PIE: Created PIE world by copying editor world from /Game/ThirdPersonCPP/Maps/ThirdPersonExampleMap.ThirdPersonExampleMap to /Game/ThirdPersonCPP/Maps/UEDPIE_0_ThirdPersonExampleMap.ThirdPersonExampleMap (0.013054s)
[2021.02.05-11.57.17:440][ 58]LogUObjectHash: Compacting FUObjectHashTables data took   0.56ms
[2021.02.05-11.57.17:442][ 58]LogAudioMixer: Display: Audio Mixer Platform Settings:
[2021.02.05-11.57.17:443][ 58]LogAudioMixer: Display: 	Sample Rate:						  48000
[2021.02.05-11.57.17:443][ 58]LogAudioMixer: Display: 	Callback Buffer Frame Size Requested: 1024
[2021.02.05-11.57.17:443][ 58]LogAudioMixer: Display: 	Callback Buffer Frame Size To Use:	  1024
[2021.02.05-11.57.17:443][ 58]LogAudioMixer: Display: 	Number of buffers to queue:			  2
[2021.02.05-11.57.17:443][ 58]LogAudioMixer: Display: 	Max Channels (voices):				  32
[2021.02.05-11.57.17:443][ 58]LogAudioMixer: Display: 	Number of Async Source Workers:		  0
[2021.02.05-11.57.17:443][ 58]LogAudio: Display: AudioDevice MaxSources: 32
[2021.02.05-11.57.17:443][ 58]LogAudio: Display: Using built-in audio occlusion.
[2021.02.05-11.57.17:444][ 58]LogAudioMixer: Display: Initializing audio mixer.
[2021.02.05-11.57.17:447][ 58]LogAudioMixer: Display: 0: FrontLeft
[2021.02.05-11.57.17:447][ 58]LogAudioMixer: Display: 1: FrontRight
[2021.02.05-11.57.17:524][ 58]LogAudioMixer: Display: Using Audio Device Speakers (Realtek(R) Audio)
[2021.02.05-11.57.17:524][ 58]LogAudioMixer: Display: Initializing Sound Submixes...
[2021.02.05-11.57.17:524][ 58]LogAudioMixer: Display: Creating Master Submix 'MasterSubmixDefault'
[2021.02.05-11.57.17:524][ 58]LogAudioMixer: Display: Creating Master Submix 'MasterReverbSubmixDefault'
[2021.02.05-11.57.17:524][ 58]LogAudioMixer: Display: Creating Master Submix 'MasterEQSubmixDefault'
[2021.02.05-11.57.17:536][ 58]LogInit: FAudioDevice initialized.
[2021.02.05-11.57.17:573][ 58]LogSlate: Updating window title bar state: overlay mode, drag disabled, window buttons hidden, title bar hidden
[2021.02.05-11.57.17:573][ 58]LogLoad: Game class is 'BP_GameMode_C'
[2021.02.05-11.57.17:575][ 58]LogWorld: Bringing World /Game/ThirdPersonCPP/Maps/UEDPIE_0_ThirdPersonExampleMap.ThirdPersonExampleMap up for play (max tick rate 0) at 2021.02.05-11.57.17
[2021.02.05-11.57.17:575][ 58]LogWorld: Bringing up level for play took: 0.001226
[2021.02.05-11.57.17:575][ 58]LogOnline: OSS: Creating online subsystem instance for: :Context_2
[2021.02.05-11.57.17:579][ 58]LogContentBrowser: Native class hierarchy updated for 'MovieSceneCapture' in 0.0004 seconds. Added 20 classes and 0 folders.
[2021.02.05-11.57.17:581][ 58]PIE: Server logged in
[2021.02.05-11.57.17:582][ 58]PIE: Play in editor total start time 0.182 seconds.
[2021.02.05-11.57.56:308][376]LogSlate: Updating window title bar state: overlay mode, drag disabled, window buttons hidden, title bar hidden
[2021.02.05-11.57.56:308][376]LogWorld: BeginTearingDown for /Game/ThirdPersonCPP/Maps/UEDPIE_0_ThirdPersonExampleMap
[2021.02.05-11.57.56:308][376]LogSlate: Window 'MyProject Preview [NetMode: Standalone] (64-bit/Windows) ' being destroyed
[2021.02.05-11.57.56:311][376]LogWorld: UWorld::CleanupWorld for ThirdPersonExampleMap, bSessionEnded=true, bCleanupResources=true
[2021.02.05-11.57.56:312][376]LogSlate: InvalidateAllWidgets triggered.  All widgets were invalidated
[2021.02.05-11.57.56:322][376]LogPlayLevel: Display: Shutting down PIE online subsystems
[2021.02.05-11.57.56:324][376]LogSlate: InvalidateAllWidgets triggered.  All widgets were invalidated
[2021.02.05-11.57.56:361][376]LogAISub: UAISubsystem::~UAISubsystem AIPerceptionSystem (0000013F4D223D80), frame # 2376
[2021.02.05-11.57.56:361][376]LogAISub: UAISubsystem::~UAISubsystem EnvQueryManager (0000013F4D22C800), frame # 2376
[2021.02.05-11.57.56:362][376]LogUObjectHash: Compacting FUObjectHashTables data took   0.58ms
[2021.02.05-11.57.56:388][377]LogPlayLevel: Display: Destroying online subsystem :Context_2
[2021.02.05-11.57.57:089][418]LogSlate: Took 0.000139 seconds to synchronously load lazily loaded font '../../../Engine/Content/Slate/Fonts/Roboto-Light.ttf' (167K)
[2021.02.05-11.57.57:126][418]LogUObjectHash: Compacting FUObjectHashTables data took   0.55ms
[2021.02.05-11.57.57:156][418]LogSavePackage: Moving '../../../../../../Users/Morgan/Desktop/UnrealAnimationPracticeVids/UnrealAnimationPracticeVids/MyProject/Saved/ThirdPersonExampleMap6F50D9AD4F2B3BCD3A06949EC4E74AB5.tmp' to '../../../../../../Users/Morgan/Desktop/UnrealAnimationPracticeVids/UnrealAnimationPracticeVids/MyProject/Content/ThirdPersonCPP/Maps/ThirdPersonExampleMap.umap'
[2021.02.05-11.57.57:273][418]LogSavePackage: Moving '../../../../../../Users/Morgan/Desktop/UnrealAnimationPracticeVids/UnrealAnimationPracticeVids/MyProject/Saved/ThirdPersonExampleMap_BuiltDataF267B79249FAE35030E208BDAC344920.tmp' to '../../../../../../Users/Morgan/Desktop/UnrealAnimationPracticeVids/UnrealAnimationPracticeVids/MyProject/Content/ThirdPersonCPP/Maps/ThirdPersonExampleMap_BuiltData.uasset'
[2021.02.05-11.57.57:285][418]AssetCheck: New page: Asset Save: multiple assets
[2021.02.05-11.57.57:286][418]LogContentValidation: Display: Validating World /Game/ThirdPersonCPP/Maps/ThirdPersonExampleMap.ThirdPersonExampleMap
[2021.02.05-11.57.57:286][418]LogContentValidation: Display: Validating MapBuildDataRegistry /Game/ThirdPersonCPP/Maps/ThirdPersonExampleMap_BuiltData.ThirdPersonExampleMap_BuiltData
[2021.02.05-11.58.24:843][600]LogEditorViewport: Clicking on Actor (LMB): ThirdPersonCharacter_C (ThirdPersonCharacter2)
[2021.02.05-11.58.25:279][617]LogAssetEditorSubsystem: Opening Asset editor for Blueprint /Game/ThirdPersonCPP/Blueprints/ThirdPersonCharacter.ThirdPersonCharacter
[2021.02.05-11.58.25:456][617]LogContentBrowser: Native class hierarchy updated for 'BlueprintGraph' in 0.0006 seconds. Added 125 classes and 0 folders.
[2021.02.05-11.58.26:253][617]LogSlate: Took 0.000156 seconds to synchronously load lazily loaded font '../../../Engine/Content/Slate/Fonts/Roboto-BoldCondensed.ttf' (158K)
[2021.02.05-11.58.26:307][618]LogSlate: Took 0.000189 seconds to synchronously load lazily loaded font '../../../Engine/Content/Slate/Fonts/Roboto-Italic.ttf' (157K)
[2021.02.05-11.58.36:816][241]LogSavePackage: Moving '../../../../../../Users/Morgan/Desktop/UnrealAnimationPracticeVids/UnrealAnimationPracticeVids/MyProject/Saved/ThirdPersonCharacterCDE7230A4887B560DD5373A82BA59E07.tmp' to '../../../../../../Users/Morgan/Desktop/UnrealAnimationPracticeVids/UnrealAnimationPracticeVids/MyProject/Content/ThirdPersonCPP/Blueprints/ThirdPersonCharacter.uasset'
[2021.02.05-11.58.36:829][241]AssetCheck: New page: Asset Save: ThirdPersonCharacter
[2021.02.05-11.58.36:829][241]LogContentValidation: Display: Validating Blueprint /Game/ThirdPersonCPP/Blueprints/ThirdPersonCharacter.ThirdPersonCharacter
[2021.02.05-11.58.37:470][281]LogTemp: Repeating last play command: New Editor Window (PIE)
[2021.02.05-11.58.37:488][281]BlueprintLog: New page: Pre-Play auto-recompile
[2021.02.05-11.58.37:488][281]LogPlayLevel: [PlayLevel] Compiling ThirdPersonCharacter before play...
[2021.02.05-11.58.37:722][281]LogUObjectHash: Compacting FUObjectHashTables data took   2.15ms
[2021.02.05-11.58.37:723][281]LogPlayLevel: PlayLevel: Blueprint regeneration took 235 ms (1 blueprints)
[2021.02.05-11.58.37:723][281]PIE: New page: PIE session: ThirdPersonExampleMap (5 Feb 2021, 11:58:37)
[2021.02.05-11.58.37:724][281]LogPlayLevel: Creating play world package: /Game/ThirdPersonCPP/Maps/UEDPIE_0_ThirdPersonExampleMap
[2021.02.05-11.58.37:733][281]LogPlayLevel: PIE: StaticDuplicateObject took: (0.008777s)
[2021.02.05-11.58.37:734][281]LogAIModule: Creating AISystem for world ThirdPersonExampleMap
[2021.02.05-11.58.37:734][281]LogAISub: UAISubsystem::UAISubsystem EnvQueryManager (0000013FC13A4A00), frame # 3281
[2021.02.05-11.58.37:734][281]LogAISub: UAISubsystem::UAISubsystem AIPerceptionSystem (0000013FC13CA700), frame # 3281
[2021.02.05-11.58.37:734][281]LogPlayLevel: PIE: World Init took: (0.001150s)
[2021.02.05-11.58.37:734][281]LogPlayLevel: PIE: Created PIE world by copying editor world from /Game/ThirdPersonCPP/Maps/ThirdPersonExampleMap.ThirdPersonExampleMap to /Game/ThirdPersonCPP/Maps/UEDPIE_0_ThirdPersonExampleMap.ThirdPersonExampleMap (0.010336s)
[2021.02.05-11.58.37:755][281]LogUObjectHash: Compacting FUObjectHashTables data took   1.95ms
[2021.02.05-11.58.37:757][281]LogAudioMixer: Display: Audio Mixer Platform Settings:
[2021.02.05-11.58.37:757][281]LogAudioMixer: Display: 	Sample Rate:						  48000
[2021.02.05-11.58.37:757][281]LogAudioMixer: Display: 	Callback Buffer Frame Size Requested: 1024
[2021.02.05-11.58.37:757][281]LogAudioMixer: Display: 	Callback Buffer Frame Size To Use:	  1024
[2021.02.05-11.58.37:757][281]LogAudioMixer: Display: 	Number of buffers to queue:			  2
[2021.02.05-11.58.37:757][281]LogAudioMixer: Display: 	Max Channels (voices):				  32
[2021.02.05-11.58.37:757][281]LogAudioMixer: Display: 	Number of Async Source Workers:		  0
[2021.02.05-11.58.37:757][281]LogAudio: Display: AudioDevice MaxSources: 32
[2021.02.05-11.58.37:758][281]LogAudio: Display: Using built-in audio occlusion.
[2021.02.05-11.58.37:758][281]LogAudioMixer: Display: Initializing audio mixer.
[2021.02.05-11.58.37:762][281]LogAudioMixer: Display: 0: FrontLeft
[2021.02.05-11.58.37:762][281]LogAudioMixer: Display: 1: FrontRight
[2021.02.05-11.58.37:840][281]LogAudioMixer: Display: Using Audio Device Speakers (Realtek(R) Audio)
[2021.02.05-11.58.37:840][281]LogAudioMixer: Display: Initializing Sound Submixes...
[2021.02.05-11.58.37:840][281]LogAudioMixer: Display: Creating Master Submix 'MasterSubmixDefault'
[2021.02.05-11.58.37:841][281]LogAudioMixer: Display: Creating Master Submix 'MasterReverbSubmixDefault'
[2021.02.05-11.58.37:841][281]LogAudioMixer: Display: Creating Master Submix 'MasterEQSubmixDefault'
[2021.02.05-11.58.37:853][281]LogInit: FAudioDevice initialized.
[2021.02.05-11.58.37:907][281]LogSlate: Updating window title bar state: overlay mode, drag disabled, window buttons hidden, title bar hidden
[2021.02.05-11.58.37:907][281]LogLoad: Game class is 'BP_GameMode_C'
[2021.02.05-11.58.37:909][281]LogWorld: Bringing World /Game/ThirdPersonCPP/Maps/UEDPIE_0_ThirdPersonExampleMap.ThirdPersonExampleMap up for play (max tick rate 0) at 2021.02.05-11.58.37
[2021.02.05-11.58.37:909][281]LogWorld: Bringing up level for play took: 0.001201
[2021.02.05-11.58.37:909][281]LogOnline: OSS: Creating online subsystem instance for: :Context_7
[2021.02.05-11.58.37:914][281]PIE: Server logged in
[2021.02.05-11.58.37:916][281]PIE: Play in editor total start time 0.429 seconds.
[2021.02.05-11.59.09:357][155]LogSlate: Updating window title bar state: overlay mode, drag disabled, window buttons hidden, title bar hidden
[2021.02.05-11.59.09:358][155]LogWorld: BeginTearingDown for /Game/ThirdPersonCPP/Maps/UEDPIE_0_ThirdPersonExampleMap
[2021.02.05-11.59.09:358][155]LogSlate: Window 'MyProject Preview [NetMode: Standalone] (64-bit/Windows) ' being destroyed
[2021.02.05-11.59.09:362][155]LogWorld: UWorld::CleanupWorld for ThirdPersonExampleMap, bSessionEnded=true, bCleanupResources=true
[2021.02.05-11.59.09:363][155]LogSlate: InvalidateAllWidgets triggered.  All widgets were invalidated
[2021.02.05-11.59.09:375][155]LogPlayLevel: Display: Shutting down PIE online subsystems
[2021.02.05-11.59.09:378][155]LogSlate: InvalidateAllWidgets triggered.  All widgets were invalidated
[2021.02.05-11.59.09:424][155]LogAISub: UAISubsystem::~UAISubsystem AIPerceptionSystem (0000013FC13CA700), frame # 5155
[2021.02.05-11.59.09:424][155]LogAISub: UAISubsystem::~UAISubsystem EnvQueryManager (0000013FC13A4A00), frame # 5155
[2021.02.05-11.59.09:426][155]LogUObjectHash: Compacting FUObjectHashTables data took   1.58ms
[2021.02.05-11.59.09:496][156]LogPlayLevel: Display: Destroying online subsystem :Context_7
[2021.02.05-11.59.15:331][501]LogSavePackage: Moving '../../../../../../Users/Morgan/Desktop/UnrealAnimationPracticeVids/UnrealAnimationPracticeVids/MyProject/Saved/ThirdPersonCharacter12E1B0F544CABDD9C560C38FD7FFF976.tmp' to '../../../../../../Users/Morgan/Desktop/UnrealAnimationPracticeVids/UnrealAnimationPracticeVids/MyProject/Content/ThirdPersonCPP/Blueprints/ThirdPersonCharacter.uasset'
[2021.02.05-11.59.15:340][501]AssetCheck: New page: Asset Save: ThirdPersonCharacter
[2021.02.05-11.59.15:340][501]LogContentValidation: Display: Validating Blueprint /Game/ThirdPersonCPP/Blueprints/ThirdPersonCharacter.ThirdPersonCharacter
[2021.02.05-11.59.26:100][134]LogUObjectHash: Compacting FUObjectHashTables data took   1.59ms
[2021.02.05-11.59.26:136][134]LogUObjectHash: Compacting FUObjectHashTables data took   0.47ms
[2021.02.05-11.59.26:161][134]LogSavePackage: Moving '../../../../../../Users/Morgan/Desktop/UnrealAnimationPracticeVids/UnrealAnimationPracticeVids/MyProject/Saved/ThirdPersonExampleMap4A8F879E4E53D38AA9F5008885105BA0.tmp' to '../../../../../../Users/Morgan/Desktop/UnrealAnimationPracticeVids/UnrealAnimationPracticeVids/MyProject/Content/ThirdPersonCPP/Maps/ThirdPersonExampleMap.umap'
[2021.02.05-11.59.26:195][134]LogFileHelpers: Saving map 'ThirdPersonExampleMap' took 0.079
[2021.02.05-11.59.26:241][134]LogSavePackage: Moving '../../../../../../Users/Morgan/Desktop/UnrealAnimationPracticeVids/UnrealAnimationPracticeVids/MyProject/Saved/ThirdPersonExampleMap_BuiltDataAD6ECC1D4D4B682884E74F8FDC3CF257.tmp' to '../../../../../../Users/Morgan/Desktop/UnrealAnimationPracticeVids/UnrealAnimationPracticeVids/MyProject/Content/ThirdPersonCPP/Maps/ThirdPersonExampleMap_BuiltData.uasset'
[2021.02.05-11.59.26:259][134]AssetCheck: New page: Asset Save: multiple assets
[2021.02.05-11.59.26:259][134]LogContentValidation: Display: Validating World /Game/ThirdPersonCPP/Maps/ThirdPersonExampleMap.ThirdPersonExampleMap
[2021.02.05-11.59.26:259][134]LogContentValidation: Display: Validating MapBuildDataRegistry /Game/ThirdPersonCPP/Maps/ThirdPersonExampleMap_BuiltData.ThirdPersonExampleMap_BuiltData
[2021.02.05-11.59.27:162][189]BlueprintLog: New page: Compile ThirdPersonCharacter
[2021.02.05-11.59.27:220][189]LogUObjectHash: Compacting FUObjectHashTables data took   1.78ms
[2021.02.05-11.59.27:251][189]LogSlate: Took 0.000644 seconds to synchronously load lazily loaded font '../../../Engine/Content/Slate/Fonts/DroidSansMono.ttf' (77K)
[2021.02.05-11.59.28:080][239]LogSlate: Window 'ThirdPersonCharacter' being destroyed
[2021.02.05-11.59.28:105][239]LogWorld: UWorld::CleanupWorld for World_3, bSessionEnded=true, bCleanupResources=true
[2021.02.05-11.59.28:105][239]LogSlate: InvalidateAllWidgets triggered.  All widgets were invalidated
[2021.02.05-12.09.26:475][509]LogUObjectHash: Compacting FUObjectHashTables data took   2.24ms
[2021.02.05-12.09.26:517][509]LogSavePackage: Moving '../../../../../../Users/Morgan/Desktop/UnrealAnimationPracticeVids/UnrealAnimationPracticeVids/MyProject/Saved/ThirdPersonExampleMap_Auto19EA88A9B421631ED2F0EF9B6170C3EBE.tmp' to '../../../../../../Users/Morgan/Desktop/UnrealAnimationPracticeVids/UnrealAnimationPracticeVids/MyProject/Saved/Autosaves/Game/ThirdPersonCPP/Maps/ThirdPersonExampleMap_Auto1.umap'
[2021.02.05-12.09.26:520][509]LogFileHelpers: Editor autosave (incl. sublevels) for '/Game/ThirdPersonCPP/Maps/ThirdPersonExampleMap' took 0.066
[2021.02.05-12.09.26:520][509]LogFileHelpers: Editor autosave (incl. sublevels) for all levels took 0.066
[2021.02.05-12.40.32:970][437]LogEditorViewport: Clicking on Actor (LMB): ThirdPersonCharacter_C (ThirdPersonCharacter2)
[2021.02.05-12.40.33:948][480]LogAssetEditorSubsystem: Opening Asset editor for Blueprint /Game/ThirdPersonCPP/Blueprints/ThirdPersonCharacter.ThirdPersonCharacter
[2021.02.05-12.40.39:633][798]BlueprintLog: New page: Compile ThirdPersonCharacter
[2021.02.05-12.40.39:849][798]LogUObjectHash: Compacting FUObjectHashTables data took   1.99ms
[2021.02.05-12.40.39:933][798]LogSavePackage: Moving '../../../../../../Users/Morgan/Desktop/UnrealAnimationPracticeVids/UnrealAnimationPracticeVids/MyProject/Saved/ThirdPersonCharacter74CC31414E64C337FA2F1DA8F94E2568.tmp' to '../../../../../../Users/Morgan/Desktop/UnrealAnimationPracticeVids/UnrealAnimationPracticeVids/MyProject/Content/ThirdPersonCPP/Blueprints/ThirdPersonCharacter.uasset'
[2021.02.05-12.40.39:943][798]AssetCheck: New page: Asset Save: ThirdPersonCharacter
[2021.02.05-12.40.39:944][798]LogContentValidation: Display: Validating Blueprint /Game/ThirdPersonCPP/Blueprints/ThirdPersonCharacter.ThirdPersonCharacter
[2021.02.05-12.40.41:501][886]LogSlate: Window 'ThirdPersonCharacter' being destroyed
[2021.02.05-12.40.41:522][886]LogWorld: UWorld::CleanupWorld for World_5, bSessionEnded=true, bCleanupResources=true
[2021.02.05-12.40.41:522][886]LogSlate: InvalidateAllWidgets triggered.  All widgets were invalidated
[2021.02.05-12.40.42:333][934]LogTemp: Repeating last play command: New Editor Window (PIE)
[2021.02.05-12.40.42:351][934]LogPlayLevel: PlayLevel: No blueprints needed recompiling
[2021.02.05-12.40.42:351][934]PIE: New page: PIE session: ThirdPersonExampleMap (5 Feb 2021, 12:40:42)
[2021.02.05-12.40.42:351][934]LogPlayLevel: Creating play world package: /Game/ThirdPersonCPP/Maps/UEDPIE_0_ThirdPersonExampleMap
[2021.02.05-12.40.42:361][934]LogPlayLevel: PIE: StaticDuplicateObject took: (0.009424s)
[2021.02.05-12.40.42:362][934]LogAIModule: Creating AISystem for world ThirdPersonExampleMap
[2021.02.05-12.40.42:362][934]LogAISub: UAISubsystem::UAISubsystem EnvQueryManager (0000013F618CAE00), frame # 38934
[2021.02.05-12.40.42:362][934]LogAISub: UAISubsystem::UAISubsystem AIPerceptionSystem (0000013F831196C0), frame # 38934
[2021.02.05-12.40.42:363][934]LogPlayLevel: PIE: World Init took: (0.001556s)
[2021.02.05-12.40.42:363][934]LogPlayLevel: PIE: Created PIE world by copying editor world from /Game/ThirdPersonCPP/Maps/ThirdPersonExampleMap.ThirdPersonExampleMap to /Game/ThirdPersonCPP/Maps/UEDPIE_0_ThirdPersonExampleMap.ThirdPersonExampleMap (0.011377s)
[2021.02.05-12.40.42:384][934]LogUObjectHash: Compacting FUObjectHashTables data took   1.89ms
[2021.02.05-12.40.42:386][934]LogAudioMixer: Display: Audio Mixer Platform Settings:
[2021.02.05-12.40.42:386][934]LogAudioMixer: Display: 	Sample Rate:						  48000
[2021.02.05-12.40.42:386][934]LogAudioMixer: Display: 	Callback Buffer Frame Size Requested: 1024
[2021.02.05-12.40.42:386][934]LogAudioMixer: Display: 	Callback Buffer Frame Size To Use:	  1024
[2021.02.05-12.40.42:386][934]LogAudioMixer: Display: 	Number of buffers to queue:			  2
[2021.02.05-12.40.42:386][934]LogAudioMixer: Display: 	Max Channels (voices):				  32
[2021.02.05-12.40.42:386][934]LogAudioMixer: Display: 	Number of Async Source Workers:		  0
[2021.02.05-12.40.42:386][934]LogAudio: Display: AudioDevice MaxSources: 32
[2021.02.05-12.40.42:387][934]LogAudio: Display: Using built-in audio occlusion.
[2021.02.05-12.40.42:387][934]LogAudioMixer: Display: Initializing audio mixer.
[2021.02.05-12.40.42:390][934]LogAudioMixer: Display: 0: FrontLeft
[2021.02.05-12.40.42:390][934]LogAudioMixer: Display: 1: FrontRight
[2021.02.05-12.40.42:472][934]LogAudioMixer: Display: Using Audio Device Speakers (Realtek(R) Audio)
[2021.02.05-12.40.42:472][934]LogAudioMixer: Display: Initializing Sound Submixes...
[2021.02.05-12.40.42:473][934]LogAudioMixer: Display: Creating Master Submix 'MasterSubmixDefault'
[2021.02.05-12.40.42:473][934]LogAudioMixer: Display: Creating Master Submix 'MasterReverbSubmixDefault'
[2021.02.05-12.40.42:473][934]LogAudioMixer: Display: Creating Master Submix 'MasterEQSubmixDefault'
[2021.02.05-12.40.42:486][934]LogInit: FAudioDevice initialized.
[2021.02.05-12.40.42:537][934]LogSlate: Updating window title bar state: overlay mode, drag disabled, window buttons hidden, title bar hidden
[2021.02.05-12.40.42:538][934]LogLoad: Game class is 'BP_GameMode_C'
[2021.02.05-12.40.42:539][934]LogWorld: Bringing World /Game/ThirdPersonCPP/Maps/UEDPIE_0_ThirdPersonExampleMap.ThirdPersonExampleMap up for play (max tick rate 0) at 2021.02.05-12.40.42
[2021.02.05-12.40.42:540][934]LogWorld: Bringing up level for play took: 0.001185
[2021.02.05-12.40.42:540][934]LogOnline: OSS: Creating online subsystem instance for: :Context_9
[2021.02.05-12.40.42:544][934]PIE: Server logged in
[2021.02.05-12.40.42:545][934]PIE: Play in editor total start time 0.196 seconds.
[2021.02.05-12.41.22:187][306]LogSlate: Updating window title bar state: overlay mode, drag disabled, window buttons hidden, title bar hidden
[2021.02.05-12.41.22:187][306]LogWorld: BeginTearingDown for /Game/ThirdPersonCPP/Maps/UEDPIE_0_ThirdPersonExampleMap
[2021.02.05-12.41.22:188][306]LogSlate: Window 'MyProject Preview [NetMode: Standalone] (64-bit/Windows) ' being destroyed
[2021.02.05-12.41.22:191][306]LogWorld: UWorld::CleanupWorld for ThirdPersonExampleMap, bSessionEnded=true, bCleanupResources=true
[2021.02.05-12.41.22:191][306]LogSlate: InvalidateAllWidgets triggered.  All widgets were invalidated
[2021.02.05-12.41.22:204][306]LogPlayLevel: Display: Shutting down PIE online subsystems
[2021.02.05-12.41.22:206][306]LogSlate: InvalidateAllWidgets triggered.  All widgets were invalidated
[2021.02.05-12.41.22:253][306]LogAISub: UAISubsystem::~UAISubsystem AIPerceptionSystem (0000013F831196C0), frame # 41306
[2021.02.05-12.41.22:253][306]LogAISub: UAISubsystem::~UAISubsystem EnvQueryManager (0000013F618CAE00), frame # 41306
[2021.02.05-12.41.22:255][306]LogUObjectHash: Compacting FUObjectHashTables data took   1.72ms
[2021.02.05-12.41.22:291][307]LogPlayLevel: Display: Destroying online subsystem :Context_9
[2021.02.05-12.41.33:343][942]LogSlate: Window 'Editor Preferences' being destroyed
[2021.02.05-12.42.06:982][479]LogUObjectHash: Compacting FUObjectHashTables data took   2.77ms
[2021.02.05-12.42.07:016][479]LogSavePackage: Moving '../../../../../../Users/Morgan/Desktop/UnrealAnimationPracticeVids/UnrealAnimationPracticeVids/MyProject/Saved/ThirdPersonExampleMap_Auto20DABD4BC4C5F5309DA3369A619AEA6F3.tmp' to '../../../../../../Users/Morgan/Desktop/UnrealAnimationPracticeVids/UnrealAnimationPracticeVids/MyProject/Saved/Autosaves/Game/ThirdPersonCPP/Maps/ThirdPersonExampleMap_Auto2.umap'
[2021.02.05-12.42.07:019][479]LogFileHelpers: Editor autosave (incl. sublevels) for '/Game/ThirdPersonCPP/Maps/ThirdPersonExampleMap' took 0.091
[2021.02.05-12.42.07:019][479]LogFileHelpers: Editor autosave (incl. sublevels) for all levels took 0.091
