Log file open, 11/19/20 12:57:53
LogWindows: Failed to load 'aqProf.dll' (GetLastError=126)
LogWindows: File 'aqProf.dll' does not exist
LogWindows: Failed to load 'VtuneApi.dll' (GetLastError=126)
LogWindows: File 'VtuneApi.dll' does not exist
LogWindows: Failed to load 'VtuneApi32e.dll' (GetLastError=126)
LogWindows: File 'VtuneApi32e.dll' does not exist
LogConsoleResponse: Display: Failed to find resolution value strings in scalability ini. Falling back to default.
LogInit: Display: Running engine for game: MyProject
LogPakFile: Registered encryption key '00000000000000000000000000000000': 0 pak files mounted, 0 remain pending
LogPlatformFile: Not using cached read wrapper
LogTaskGraph: Started task graph with 5 named threads and 47 total threads with 3 sets of task threads.
LogStats: Stats thread started at 0.621788
LogD3D11RHI: Loaded GFSDK_Aftermath_Lib.x64.dll
LogICUInternationalization: ICU TimeZone Detection - Raw Offset: +0:00, Platform Override: ''
LogPluginManager: Mounting plugin Paper2D
LogPluginManager: Mounting plugin AISupport
LogPluginManager: Mounting plugin LightPropagationVolume
LogPluginManager: Mounting plugin ActorLayerUtilities
LogPluginManager: Mounting plugin AnimationSharing
LogPluginManager: Mounting plugin CLionSourceCodeAccess
LogPluginManager: Mounting plugin CodeLiteSourceCodeAccess
LogPluginManager: Mounting plugin GitSourceControl
LogPluginManager: Mounting plugin KDevelopSourceCodeAccess
LogPluginManager: Mounting plugin NullSourceCodeAccess
LogPluginManager: Mounting plugin PerforceSourceControl
LogPluginManager: Mounting plugin SubversionSourceControl
LogPluginManager: Mounting plugin UObjectPlugin
LogPluginManager: Mounting plugin VisualStudioCodeSourceCodeAccess
LogPluginManager: Mounting plugin VisualStudioSourceCodeAccess
LogPluginManager: Mounting plugin XCodeSourceCodeAccess
LogPluginManager: Mounting plugin AssetManagerEditor
LogPluginManager: Mounting plugin CryptoKeys
LogPluginManager: Mounting plugin DataValidation
LogPluginManager: Mounting plugin FacialAnimation
LogPluginManager: Mounting plugin GameplayTagsEditor
LogPluginManager: Mounting plugin MacGraphicsSwitching
LogPluginManager: Mounting plugin MaterialAnalyzer
LogPluginManager: Mounting plugin MobileLauncherProfileWizard
LogPluginManager: Mounting plugin PluginBrowser
LogPluginManager: Mounting plugin SpeedTreeImporter
LogPluginManager: Mounting plugin DatasmithContent
LogPluginManager: Mounting plugin VariantManagerContent
LogPluginManager: Mounting plugin AlembicImporter
LogPluginManager: Mounting plugin AppleImageUtils
LogPluginManager: Mounting plugin AppleVision
LogPluginManager: Mounting plugin BackChannel
LogPluginManager: Mounting plugin CharacterAI
LogPluginManager: Mounting plugin GeometryCache
LogPluginManager: Mounting plugin HTML5Networking
LogPluginManager: Mounting plugin ProxyLODPlugin
LogPluginManager: Mounting plugin SkeletalReduction
LogPluginManager: Mounting plugin MagicLeap
LogPluginManager: Mounting plugin MagicLeapMedia
LogPluginManager: Mounting plugin AndroidMedia
LogPluginManager: Mounting plugin AvfMedia
LogPluginManager: Mounting plugin ImgMedia
LogPluginManager: Mounting plugin LinearTimecode
LogPluginManager: Mounting plugin MediaCompositing
LogPluginManager: Mounting plugin MediaPlayerEditor
LogPluginManager: Mounting plugin WebMMedia
LogPluginManager: Mounting plugin WmfMedia
LogPluginManager: Mounting plugin TcpMessaging
LogPluginManager: Mounting plugin UdpMessaging
LogPluginManager: Mounting plugin ActorSequence
LogPluginManager: Mounting plugin LevelSequenceEditor
LogPluginManager: Mounting plugin MatineeToLevelSequence
LogPluginManager: Mounting plugin NetcodeUnitTest
LogPluginManager: Mounting plugin NUTUnrealEngine4
LogPluginManager: Mounting plugin OnlineSubsystemGooglePlay
LogPluginManager: Mounting plugin OnlineSubsystemIOS
LogPluginManager: Mounting plugin OnlineSubsystem
LogPluginManager: Mounting plugin OnlineSubsystemNull
LogPluginManager: Mounting plugin OnlineSubsystemUtils
LogPluginManager: Mounting plugin LauncherChunkInstaller
LogPluginManager: Mounting plugin AndroidDeviceProfileSelector
LogPluginManager: Mounting plugin AndroidMoviePlayer
LogPluginManager: Mounting plugin AndroidPermission
LogPluginManager: Mounting plugin AppleMoviePlayer
LogPluginManager: Mounting plugin ArchVisCharacter
LogPluginManager: Mounting plugin AudioCapture
LogPluginManager: Mounting plugin CableComponent
LogPluginManager: Mounting plugin CustomMeshComponent
LogPluginManager: Mounting plugin EditableMesh
LogPluginManager: Mounting plugin ExampleDeviceProfileSelector
LogPluginManager: Mounting plugin Firebase
LogPluginManager: Mounting plugin GoogleCloudMessaging
LogPluginManager: Mounting plugin IOSDeviceProfileSelector
LogPluginManager: Mounting plugin LinuxDeviceProfileSelector
LogPluginManager: Mounting plugin LocationServicesBPLibrary
LogPluginManager: Mounting plugin MobilePatchingUtils
LogPluginManager: Mounting plugin OculusVR
LogPluginManager: Mounting plugin PhysXVehicles
LogPluginManager: Mounting plugin ProceduralMeshComponent
LogPluginManager: Mounting plugin RuntimePhysXCooking
LogPluginManager: Mounting plugin SignificanceManager
LogPluginManager: Mounting plugin SteamVR
LogPluginManager: Mounting plugin WebMMoviePlayer
LogPluginManager: Mounting plugin WindowsMoviePlayer
LogInit: Using libcurl 7.55.1-DEV
LogInit:  - built for x86_64-pc-win32
LogInit:  - supports SSL with OpenSSL/1.1.1
LogInit:  - supports HTTP deflate (compression) using libz 1.2.8
LogInit:  - other features:
LogInit:      CURL_VERSION_SSL
LogInit:      CURL_VERSION_LIBZ
LogInit:      CURL_VERSION_IPV6
LogInit:      CURL_VERSION_ASYNCHDNS
LogInit:      CURL_VERSION_LARGEFILE
LogInit:      CURL_VERSION_IDN
LogInit:  CurlRequestOptions (configurable via config and command line):
LogInit:  - bVerifyPeer = true  - Libcurl will verify peer certificate
LogInit:  - bUseHttpProxy = false  - Libcurl will NOT use HTTP proxy
LogInit:  - bDontReuseConnections = false  - Libcurl will reuse connections
LogInit:  - MaxHostConnections = 16  - Libcurl will limit the number of connections to a host
LogInit:  - LocalHostAddr = Default
LogInit:  - BufferSize = 65536
LogInit: WinSock: version 1.1 (2.2), MaxSocks=32767, MaxUdp=65467
LogInit: Build: ++UE4+Release-4.22-CL-7053642
LogInit: Engine Version: 4.22.3-7053642+++UE4+Release-4.22
LogInit: Compatible Engine Version: 4.22.0-5660361+++UE4+Release-4.22
LogInit: Net CL: 5660361
LogInit: OS: Windows 10 (Release 1903) (), CPU: Intel(R) Core(TM) i9-9900K CPU @ 3.60GHz, GPU: NVIDIA GeForce RTX 2080
LogInit: Compiled (64-bit): Jun 18 2019 03:09:11
LogInit: Compiled with Visual C++: 19.16.27025.01
LogInit: Build Configuration: Development
LogInit: Branch Name: ++UE4+Release-4.22
LogInit: Command Line:  -skipcompile
LogInit: Base Directory: C:/UE_4.22/UE_4.22/Engine/Binaries/Win64/
LogInit: Installed Engine Build: 1
LogDevObjectVersion: Number of dev versions registered: 23
LogDevObjectVersion:   Dev-Blueprints (B0D832E4-1F89-4F0D-ACCF-7EB736FD4AA2): 10
LogDevObjectVersion:   Dev-Build (E1C64328-A22C-4D53-A36C-8E866417BD8C): 0
LogDevObjectVersion:   Dev-Core (375EC13C-06E4-48FB-B500-84F0262A717E): 3
LogDevObjectVersion:   Dev-Editor (E4B068ED-F494-42E9-A231-DA0B2E46BB41): 30
LogDevObjectVersion:   Dev-Framework (CFFC743F-43B0-4480-9391-14DF171D2073): 35
LogDevObjectVersion:   Dev-Mobile (B02B49B5-BB20-44E9-A304-32B752E40360): 2
LogDevObjectVersion:   Dev-Networking (A4E4105C-59A1-49B5-A7C5-40C4547EDFEE): 0
LogDevObjectVersion:   Dev-Online (39C831C9-5AE6-47DC-9A44-9C173E1C8E7C): 0
LogDevObjectVersion:   Dev-Physics (78F01B33-EBEA-4F98-B9B4-84EACCB95AA2): 0
LogDevObjectVersion:   Dev-Platform (6631380F-2D4D-43E0-8009-CF276956A95A): 0
LogDevObjectVersion:   Dev-Rendering (12F88B9F-8875-4AFC-A67C-D90C383ABD29): 28
LogDevObjectVersion:   Dev-Sequencer (7B5AE74C-D270-4C10-A958-57980B212A5A): 11
LogDevObjectVersion:   Dev-VR (D7296918-1DD6-4BDD-9DE2-64A83CC13884): 2
LogDevObjectVersion:   Dev-LoadTimes (C2A15278-BFE7-4AFE-6C17-90FF531DF755): 1
LogDevObjectVersion:   Private-Geometry (6EACA3D4-40EC-4CC1-B786-8BED09428FC5): 3
LogDevObjectVersion:   Dev-AnimPhys (29E575DD-E0A3-4627-9D10-D276232CDCEA): 17
LogDevObjectVersion:   Dev-Anim (AF43A65D-7FD3-4947-9873-3E8ED9C1BB05): 2
LogDevObjectVersion:   Dev-ReflectionCapture (6B266CEC-1EC7-4B8F-A30B-E4D90942FC07): 1
LogDevObjectVersion:   Dev-Automation (0DF73D61-A23F-47EA-B727-89E90C41499A): 1
LogDevObjectVersion:   FortniteMain (601D1886-AC64-4F84-AA16-D3DE0DEAC7D6): 25
LogDevObjectVersion:   Dev-Enterprise (9DFFBCD6-494F-0158-E221-12823C92A888): 6
LogDevObjectVersion:   Dev-Niagara (F2AED0AC-9AFE-416F-8664-AA7FFA26D6FC): 1
LogDevObjectVersion:   Dev-Destruction (174F1F0B-B4C6-45A5-B13F-2EE8D0FB917D): 2
LogInit: Presizing for max 16777216 objects, including 0 objects not considered by GC, pre-allocating 0 bytes for permanent pool.
LogInit: Object subsystem initialized
LogConfig: Setting CVar [[con.DebugEarlyDefault:1]]
LogConfig: Setting CVar [[r.setres:1280x720]]
[2020.11.19-12.57.54:208][  0]LogConfig: Setting CVar [[r.VSync:0]]
[2020.11.19-12.57.54:208][  0]LogConfig: Setting CVar [[r.RHICmdBypass:0]]
[2020.11.19-12.57.54:208][  0]LogConfig: Applying CVar settings from Section [/Script/Engine.RendererSettings] File [C:/Users/1804824/Desktop/UnrealYouTubeRepo/UnrealAnimationPracticeVids/MyProject/Saved/Config/Windows/Engine.ini]
[2020.11.19-12.57.54:208][  0]LogConfig: Setting CVar [[r.GPUCrashDebugging:0]]
[2020.11.19-12.57.54:208][  0]LogConfig: Applying CVar settings from Section [/Script/Engine.RendererOverrideSettings] File [C:/Users/1804824/Desktop/UnrealYouTubeRepo/UnrealAnimationPracticeVids/MyProject/Saved/Config/Windows/Engine.ini]
[2020.11.19-12.57.54:208][  0]LogConfig: Applying CVar settings from Section [/Script/Engine.StreamingSettings] File [C:/Users/1804824/Desktop/UnrealYouTubeRepo/UnrealAnimationPracticeVids/MyProject/Saved/Config/Windows/Engine.ini]
[2020.11.19-12.57.54:208][  0]LogConfig: Setting CVar [[s.MinBulkDataSizeForAsyncLoading:131072]]
[2020.11.19-12.57.54:208][  0]LogConfig: Setting CVar [[s.AsyncLoadingThreadEnabled:0]]
[2020.11.19-12.57.54:208][  0]LogConfig: Setting CVar [[s.EventDrivenLoaderEnabled:1]]
[2020.11.19-12.57.54:209][  0]LogConfig: Setting CVar [[s.WarnIfTimeLimitExceeded:0]]
[2020.11.19-12.57.54:209][  0]LogConfig: Setting CVar [[s.TimeLimitExceededMultiplier:1.5]]
[2020.11.19-12.57.54:209][  0]LogConfig: Setting CVar [[s.TimeLimitExceededMinTime:0.005]]
[2020.11.19-12.57.54:209][  0]LogConfig: Setting CVar [[s.UseBackgroundLevelStreaming:1]]
[2020.11.19-12.57.54:209][  0]LogConfig: Setting CVar [[s.PriorityAsyncLoadingExtraTime:15.0]]
[2020.11.19-12.57.54:209][  0]LogConfig: Setting CVar [[s.LevelStreamingActorsUpdateTimeLimit:5.0]]
[2020.11.19-12.57.54:209][  0]LogConfig: Setting CVar [[s.PriorityLevelStreamingActorsUpdateExtraTime:5.0]]
[2020.11.19-12.57.54:209][  0]LogConfig: Setting CVar [[s.LevelStreamingComponentsRegistrationGranularity:10]]
[2020.11.19-12.57.54:209][  0]LogConfig: Setting CVar [[s.UnregisterComponentsTimeLimit:1.0]]
[2020.11.19-12.57.54:209][  0]LogConfig: Setting CVar [[s.LevelStreamingComponentsUnregistrationGranularity:5]]
[2020.11.19-12.57.54:209][  0]LogConfig: Applying CVar settings from Section [/Script/Engine.GarbageCollectionSettings] File [C:/Users/1804824/Desktop/UnrealYouTubeRepo/UnrealAnimationPracticeVids/MyProject/Saved/Config/Windows/Engine.ini]
[2020.11.19-12.57.54:209][  0]LogConfig: Setting CVar [[gc.MaxObjectsNotConsideredByGC:1]]
[2020.11.19-12.57.54:209][  0]LogConfig: Setting CVar [[gc.SizeOfPermanentObjectPool:0]]
[2020.11.19-12.57.54:210][  0]LogConfig: Setting CVar [[gc.FlushStreamingOnGC:0]]
[2020.11.19-12.57.54:210][  0]LogConfig: Setting CVar [[gc.NumRetriesBeforeForcingGC:10]]
[2020.11.19-12.57.54:210][  0]LogConfig: Setting CVar [[gc.AllowParallelGC:1]]
[2020.11.19-12.57.54:210][  0]LogConfig: Setting CVar [[gc.TimeBetweenPurgingPendingKillObjects:61.1]]
[2020.11.19-12.57.54:210][  0]LogConfig: Setting CVar [[gc.MaxObjectsInEditor:16777216]]
[2020.11.19-12.57.54:210][  0]LogConfig: Setting CVar [[gc.IncrementalBeginDestroyEnabled:1]]
[2020.11.19-12.57.54:210][  0]LogConfig: Setting CVar [[gc.CreateGCClusters:1]]
[2020.11.19-12.57.54:210][  0]LogConfig: Setting CVar [[gc.MinGCClusterSize:5]]
[2020.11.19-12.57.54:210][  0]LogConfig: Setting CVar [[gc.ActorClusteringEnabled:0]]
[2020.11.19-12.57.54:210][  0]LogConfig: Setting CVar [[gc.BlueprintClusteringEnabled:0]]
[2020.11.19-12.57.54:210][  0]LogConfig: Setting CVar [[gc.UseDisregardForGCOnDedicatedServers:0]]
[2020.11.19-12.57.54:210][  0]LogConfig: Applying CVar settings from Section [/Script/Engine.NetworkSettings] File [C:/Users/1804824/Desktop/UnrealYouTubeRepo/UnrealAnimationPracticeVids/MyProject/Saved/Config/Windows/Engine.ini]
[2020.11.19-12.57.54:210][  0]LogConfig: Applying CVar settings from Section [/Script/UnrealEd.CookerSettings] File [C:/Users/1804824/Desktop/UnrealYouTubeRepo/UnrealAnimationPracticeVids/MyProject/Saved/Config/Windows/Engine.ini]
[2020.11.19-12.57.54:217][  0]LogConfig: Applying CVar settings from Section [ViewDistanceQuality@3] File [C:/Users/1804824/Desktop/UnrealYouTubeRepo/UnrealAnimationPracticeVids/MyProject/Saved/Config/Windows/Scalability.ini]
[2020.11.19-12.57.54:217][  0]LogConfig: Setting CVar [[r.SkeletalMeshLODBias:0]]
[2020.11.19-12.57.54:217][  0]LogConfig: Setting CVar [[r.ViewDistanceScale:1.0]]
[2020.11.19-12.57.54:217][  0]LogConfig: Applying CVar settings from Section [AntiAliasingQuality@3] File [C:/Users/1804824/Desktop/UnrealYouTubeRepo/UnrealAnimationPracticeVids/MyProject/Saved/Config/Windows/Scalability.ini]
[2020.11.19-12.57.54:217][  0]LogConfig: Setting CVar [[r.PostProcessAAQuality:4]]
[2020.11.19-12.57.54:217][  0]LogConfig: Applying CVar settings from Section [ShadowQuality@3] File [C:/Users/1804824/Desktop/UnrealYouTubeRepo/UnrealAnimationPracticeVids/MyProject/Saved/Config/Windows/Scalability.ini]
[2020.11.19-12.57.54:217][  0]LogConfig: Setting CVar [[r.LightFunctionQuality:1]]
[2020.11.19-12.57.54:217][  0]LogConfig: Setting CVar [[r.ShadowQuality:5]]
[2020.11.19-12.57.54:217][  0]LogConfig: Setting CVar [[r.Shadow.CSM.MaxCascades:10]]
[2020.11.19-12.57.54:218][  0]LogConfig: Setting CVar [[r.Shadow.MaxResolution:2048]]
[2020.11.19-12.57.54:218][  0]LogConfig: Setting CVar [[r.Shadow.MaxCSMResolution:2048]]
[2020.11.19-12.57.54:218][  0]LogConfig: Setting CVar [[r.Shadow.RadiusThreshold:0.01]]
[2020.11.19-12.57.54:218][  0]LogConfig: Setting CVar [[r.Shadow.DistanceScale:1.0]]
[2020.11.19-12.57.54:218][  0]LogConfig: Setting CVar [[r.Shadow.CSM.TransitionScale:1.0]]
[2020.11.19-12.57.54:218][  0]LogConfig: Setting CVar [[r.Shadow.PreShadowResolutionFactor:1.0]]
[2020.11.19-12.57.54:218][  0]LogConfig: Setting CVar [[r.DistanceFieldShadowing:1]]
[2020.11.19-12.57.54:218][  0]LogConfig: Setting CVar [[r.DistanceFieldAO:1]]
[2020.11.19-12.57.54:218][  0]LogConfig: Setting CVar [[r.AOQuality:2]]
[2020.11.19-12.57.54:218][  0]LogConfig: Setting CVar [[r.VolumetricFog:1]]
[2020.11.19-12.57.54:218][  0]LogConfig: Setting CVar [[r.VolumetricFog.GridPixelSize:8]]
[2020.11.19-12.57.54:218][  0]LogConfig: Setting CVar [[r.VolumetricFog.GridSizeZ:128]]
[2020.11.19-12.57.54:218][  0]LogConfig: Setting CVar [[r.VolumetricFog.HistoryMissSupersampleCount:4]]
[2020.11.19-12.57.54:219][  0]LogConfig: Setting CVar [[r.LightMaxDrawDistanceScale:1]]
[2020.11.19-12.57.54:219][  0]LogConfig: Setting CVar [[r.CapsuleShadows:1]]
[2020.11.19-12.57.54:219][  0]LogConfig: Applying CVar settings from Section [PostProcessQuality@3] File [C:/Users/1804824/Desktop/UnrealYouTubeRepo/UnrealAnimationPracticeVids/MyProject/Saved/Config/Windows/Scalability.ini]
[2020.11.19-12.57.54:219][  0]LogConfig: Setting CVar [[r.MotionBlurQuality:4]]
[2020.11.19-12.57.54:219][  0]LogConfig: Setting CVar [[r.AmbientOcclusionMipLevelFactor:0.4]]
[2020.11.19-12.57.54:219][  0]LogConfig: Setting CVar [[r.AmbientOcclusionMaxQuality:100]]
[2020.11.19-12.57.54:219][  0]LogConfig: Setting CVar [[r.AmbientOcclusionLevels:-1]]
[2020.11.19-12.57.54:219][  0]LogConfig: Setting CVar [[r.AmbientOcclusionRadiusScale:1.0]]
[2020.11.19-12.57.54:219][  0]LogConfig: Setting CVar [[r.DepthOfFieldQuality:2]]
[2020.11.19-12.57.54:219][  0]LogConfig: Setting CVar [[r.RenderTargetPoolMin:400]]
[2020.11.19-12.57.54:219][  0]LogConfig: Setting CVar [[r.LensFlareQuality:2]]
[2020.11.19-12.57.54:219][  0]LogConfig: Setting CVar [[r.SceneColorFringeQuality:1]]
[2020.11.19-12.57.54:219][  0]LogConfig: Setting CVar [[r.EyeAdaptationQuality:2]]
[2020.11.19-12.57.54:219][  0]LogConfig: Setting CVar [[r.BloomQuality:5]]
[2020.11.19-12.57.54:219][  0]LogConfig: Setting CVar [[r.FastBlurThreshold:100]]
[2020.11.19-12.57.54:219][  0]LogConfig: Setting CVar [[r.Upscale.Quality:3]]
[2020.11.19-12.57.54:219][  0]LogConfig: Setting CVar [[r.Tonemapper.GrainQuantization:1]]
[2020.11.19-12.57.54:219][  0]LogConfig: Setting CVar [[r.LightShaftQuality:1]]
[2020.11.19-12.57.54:219][  0]LogConfig: Setting CVar [[r.Filter.SizeScale:1]]
[2020.11.19-12.57.54:219][  0]LogConfig: Setting CVar [[r.Tonemapper.Quality:5]]
[2020.11.19-12.57.54:219][  0]LogConfig: Setting CVar [[r.DOF.Gather.AccumulatorQuality:1        ; higher gathering accumulator quality]]
[2020.11.19-12.57.54:219][  0]LogConfig: Setting CVar [[r.DOF.Gather.PostfilterMethod:1          ; Median3x3 postfilering method]]
[2020.11.19-12.57.54:219][  0]LogConfig: Setting CVar [[r.DOF.Gather.EnableBokehSettings:0       ; no bokeh simulation when gathering]]
[2020.11.19-12.57.54:219][  0]LogConfig: Setting CVar [[r.DOF.Gather.RingCount:4                 ; medium number of samples when gathering]]
[2020.11.19-12.57.54:219][  0]LogConfig: Setting CVar [[r.DOF.Scatter.ForegroundCompositing:1    ; additive foreground scattering]]
[2020.11.19-12.57.54:219][  0]LogConfig: Setting CVar [[r.DOF.Scatter.BackgroundCompositing:2    ; additive background scattering]]
[2020.11.19-12.57.54:219][  0]LogConfig: Setting CVar [[r.DOF.Scatter.EnableBokehSettings:1      ; bokeh simulation when scattering]]
[2020.11.19-12.57.54:219][  0]LogConfig: Setting CVar [[r.DOF.Scatter.MaxSpriteRatio:0.1         ; only a maximum of 10% of scattered bokeh]]
[2020.11.19-12.57.54:219][  0]LogConfig: Setting CVar [[r.DOF.Recombine.Quality:1                ; cheap slight out of focus]]
[2020.11.19-12.57.54:220][  0]LogConfig: Setting CVar [[r.DOF.Recombine.EnableBokehSettings:0    ; no bokeh simulation on slight out of focus]]
[2020.11.19-12.57.54:220][  0]LogConfig: Setting CVar [[r.DOF.TemporalAAQuality:1                ; more stable temporal accumulation]]
[2020.11.19-12.57.54:220][  0]LogConfig: Setting CVar [[r.DOF.Kernel.MaxForegroundRadius:0.025]]
[2020.11.19-12.57.54:220][  0]LogConfig: Setting CVar [[r.DOF.Kernel.MaxBackgroundRadius:0.025]]
[2020.11.19-12.57.54:220][  0]LogConfig: Applying CVar settings from Section [TextureQuality@3] File [C:/Users/1804824/Desktop/UnrealYouTubeRepo/UnrealAnimationPracticeVids/MyProject/Saved/Config/Windows/Scalability.ini]
[2020.11.19-12.57.54:220][  0]LogConfig: Setting CVar [[r.Streaming.MipBias:0]]
[2020.11.19-12.57.54:220][  0]LogConfig: Setting CVar [[r.Streaming.AmortizeCPUToGPUCopy:0]]
[2020.11.19-12.57.54:220][  0]LogConfig: Setting CVar [[r.Streaming.MaxNumTexturesToStreamPerFrame:0]]
[2020.11.19-12.57.54:220][  0]LogConfig: Setting CVar [[r.Streaming.Boost:1]]
[2020.11.19-12.57.54:220][  0]LogConfig: Setting CVar [[r.MaxAnisotropy:8]]
[2020.11.19-12.57.54:220][  0]LogConfig: Setting CVar [[r.Streaming.LimitPoolSizeToVRAM:0]]
[2020.11.19-12.57.54:220][  0]LogConfig: Setting CVar [[r.Streaming.PoolSize:1000]]
[2020.11.19-12.57.54:220][  0]LogConfig: Setting CVar [[r.Streaming.MaxEffectiveScreenSize:0]]
[2020.11.19-12.57.54:220][  0]LogConfig: Applying CVar settings from Section [EffectsQuality@3] File [C:/Users/1804824/Desktop/UnrealYouTubeRepo/UnrealAnimationPracticeVids/MyProject/Saved/Config/Windows/Scalability.ini]
[2020.11.19-12.57.54:220][  0]LogConfig: Setting CVar [[r.TranslucencyLightingVolumeDim:64]]
[2020.11.19-12.57.54:220][  0]LogConfig: Setting CVar [[r.RefractionQuality:2]]
[2020.11.19-12.57.54:220][  0]LogConfig: Setting CVar [[r.SSR.Quality:3]]
[2020.11.19-12.57.54:220][  0]LogConfig: Setting CVar [[r.SceneColorFormat:4]]
[2020.11.19-12.57.54:220][  0]LogConfig: Setting CVar [[r.DetailMode:2]]
[2020.11.19-12.57.54:220][  0]LogConfig: Setting CVar [[r.TranslucencyVolumeBlur:1]]
[2020.11.19-12.57.54:220][  0]LogConfig: Setting CVar [[r.MaterialQualityLevel:1 ; High quality]]
[2020.11.19-12.57.54:220][  0]LogConfig: Setting CVar [[r.SSS.Scale:1]]
[2020.11.19-12.57.54:220][  0]LogConfig: Setting CVar [[r.SSS.SampleSet:2]]
[2020.11.19-12.57.54:220][  0]LogConfig: Setting CVar [[r.SSS.Quality:1]]
[2020.11.19-12.57.54:220][  0]LogConfig: Setting CVar [[r.SSS.HalfRes:1]]
[2020.11.19-12.57.54:220][  0]LogConfig: Setting CVar [[r.EmitterSpawnRateScale:1.0]]
[2020.11.19-12.57.54:220][  0]LogConfig: Setting CVar [[r.ParticleLightQuality:2]]
[2020.11.19-12.57.54:220][  0]LogConfig: Applying CVar settings from Section [FoliageQuality@3] File [C:/Users/1804824/Desktop/UnrealYouTubeRepo/UnrealAnimationPracticeVids/MyProject/Saved/Config/Windows/Scalability.ini]
[2020.11.19-12.57.54:220][  0]LogConfig: Setting CVar [[foliage.DensityScale:1.0]]
[2020.11.19-12.57.54:220][  0]LogConfig: Setting CVar [[grass.DensityScale:1.0]]
[2020.11.19-12.57.54:221][  0]LogInit: Selected Device Profile: [Windows]
[2020.11.19-12.57.54:221][  0]LogInit: Applying CVar settings loaded from the selected device profile: [Windows]
[2020.11.19-12.57.54:229][  0]LogHAL: Display: Platform has ~ 32 GB [34169503744 / 34359738368 / 32], which maps to Largest [LargestMinGB=32, LargerMinGB=12, DefaultMinGB=8, SmallerMinGB=6, SmallestMinGB=0)
[2020.11.19-12.57.54:229][  0]LogConfig: Setting CVar [[r.Vulkan.UseRealUBs:0		; Required until we fix HLR fall-out]]
[2020.11.19-12.57.54:229][  0]LogInit: Going up to parent DeviceProfile []
[2020.11.19-12.57.54:229][  0]LogConfig: Applying CVar settings from Section [ViewDistanceQuality@3] File [C:/Users/1804824/Desktop/UnrealYouTubeRepo/UnrealAnimationPracticeVids/MyProject/Saved/Config/Windows/Scalability.ini]
[2020.11.19-12.57.54:229][  0]LogConfig: Setting CVar [[r.SkeletalMeshLODBias:0]]
[2020.11.19-12.57.54:229][  0]LogConfig: Setting CVar [[r.ViewDistanceScale:1.0]]
[2020.11.19-12.57.54:229][  0]LogConfig: Applying CVar settings from Section [AntiAliasingQuality@3] File [C:/Users/1804824/Desktop/UnrealYouTubeRepo/UnrealAnimationPracticeVids/MyProject/Saved/Config/Windows/Scalability.ini]
[2020.11.19-12.57.54:229][  0]LogConfig: Setting CVar [[r.PostProcessAAQuality:4]]
[2020.11.19-12.57.54:229][  0]LogConfig: Applying CVar settings from Section [ShadowQuality@3] File [C:/Users/1804824/Desktop/UnrealYouTubeRepo/UnrealAnimationPracticeVids/MyProject/Saved/Config/Windows/Scalability.ini]
[2020.11.19-12.57.54:230][  0]LogConfig: Setting CVar [[r.LightFunctionQuality:1]]
[2020.11.19-12.57.54:230][  0]LogConfig: Setting CVar [[r.ShadowQuality:5]]
[2020.11.19-12.57.54:230][  0]LogConfig: Setting CVar [[r.Shadow.CSM.MaxCascades:10]]
[2020.11.19-12.57.54:230][  0]LogConfig: Setting CVar [[r.Shadow.MaxResolution:2048]]
[2020.11.19-12.57.54:230][  0]LogConfig: Setting CVar [[r.Shadow.MaxCSMResolution:2048]]
[2020.11.19-12.57.54:230][  0]LogConfig: Setting CVar [[r.Shadow.RadiusThreshold:0.01]]
[2020.11.19-12.57.54:230][  0]LogConfig: Setting CVar [[r.Shadow.DistanceScale:1.0]]
[2020.11.19-12.57.54:230][  0]LogConfig: Setting CVar [[r.Shadow.CSM.TransitionScale:1.0]]
[2020.11.19-12.57.54:230][  0]LogConfig: Setting CVar [[r.Shadow.PreShadowResolutionFactor:1.0]]
[2020.11.19-12.57.54:230][  0]LogConfig: Setting CVar [[r.DistanceFieldShadowing:1]]
[2020.11.19-12.57.54:230][  0]LogConfig: Setting CVar [[r.DistanceFieldAO:1]]
[2020.11.19-12.57.54:230][  0]LogConfig: Setting CVar [[r.AOQuality:2]]
[2020.11.19-12.57.54:230][  0]LogConfig: Setting CVar [[r.VolumetricFog:1]]
[2020.11.19-12.57.54:230][  0]LogConfig: Setting CVar [[r.VolumetricFog.GridPixelSize:8]]
[2020.11.19-12.57.54:231][  0]LogConfig: Setting CVar [[r.VolumetricFog.GridSizeZ:128]]
[2020.11.19-12.57.54:231][  0]LogConfig: Setting CVar [[r.VolumetricFog.HistoryMissSupersampleCount:4]]
[2020.11.19-12.57.54:231][  0]LogConfig: Setting CVar [[r.LightMaxDrawDistanceScale:1]]
[2020.11.19-12.57.54:231][  0]LogConfig: Setting CVar [[r.CapsuleShadows:1]]
[2020.11.19-12.57.54:231][  0]LogConfig: Applying CVar settings from Section [PostProcessQuality@3] File [C:/Users/1804824/Desktop/UnrealYouTubeRepo/UnrealAnimationPracticeVids/MyProject/Saved/Config/Windows/Scalability.ini]
[2020.11.19-12.57.54:231][  0]LogConfig: Setting CVar [[r.MotionBlurQuality:4]]
[2020.11.19-12.57.54:231][  0]LogConfig: Setting CVar [[r.AmbientOcclusionMipLevelFactor:0.4]]
[2020.11.19-12.57.54:231][  0]LogConfig: Setting CVar [[r.AmbientOcclusionMaxQuality:100]]
[2020.11.19-12.57.54:231][  0]LogConfig: Setting CVar [[r.AmbientOcclusionLevels:-1]]
[2020.11.19-12.57.54:231][  0]LogConfig: Setting CVar [[r.AmbientOcclusionRadiusScale:1.0]]
[2020.11.19-12.57.54:231][  0]LogConfig: Setting CVar [[r.DepthOfFieldQuality:2]]
[2020.11.19-12.57.54:231][  0]LogConfig: Setting CVar [[r.RenderTargetPoolMin:400]]
[2020.11.19-12.57.54:231][  0]LogConfig: Setting CVar [[r.LensFlareQuality:2]]
[2020.11.19-12.57.54:231][  0]LogConfig: Setting CVar [[r.SceneColorFringeQuality:1]]
[2020.11.19-12.57.54:231][  0]LogConfig: Setting CVar [[r.EyeAdaptationQuality:2]]
[2020.11.19-12.57.54:231][  0]LogConfig: Setting CVar [[r.BloomQuality:5]]
[2020.11.19-12.57.54:231][  0]LogConfig: Setting CVar [[r.FastBlurThreshold:100]]
[2020.11.19-12.57.54:231][  0]LogConfig: Setting CVar [[r.Upscale.Quality:3]]
[2020.11.19-12.57.54:231][  0]LogConfig: Setting CVar [[r.Tonemapper.GrainQuantization:1]]
[2020.11.19-12.57.54:231][  0]LogConfig: Setting CVar [[r.LightShaftQuality:1]]
[2020.11.19-12.57.54:231][  0]LogConfig: Setting CVar [[r.Filter.SizeScale:1]]
[2020.11.19-12.57.54:231][  0]LogConfig: Setting CVar [[r.Tonemapper.Quality:5]]
[2020.11.19-12.57.54:231][  0]LogConfig: Setting CVar [[r.DOF.Gather.AccumulatorQuality:1        ; higher gathering accumulator quality]]
[2020.11.19-12.57.54:231][  0]LogConfig: Setting CVar [[r.DOF.Gather.PostfilterMethod:1          ; Median3x3 postfilering method]]
[2020.11.19-12.57.54:231][  0]LogConfig: Setting CVar [[r.DOF.Gather.EnableBokehSettings:0       ; no bokeh simulation when gathering]]
[2020.11.19-12.57.54:231][  0]LogConfig: Setting CVar [[r.DOF.Gather.RingCount:4                 ; medium number of samples when gathering]]
[2020.11.19-12.57.54:232][  0]LogConfig: Setting CVar [[r.DOF.Scatter.ForegroundCompositing:1    ; additive foreground scattering]]
[2020.11.19-12.57.54:232][  0]LogConfig: Setting CVar [[r.DOF.Scatter.BackgroundCompositing:2    ; additive background scattering]]
[2020.11.19-12.57.54:232][  0]LogConfig: Setting CVar [[r.DOF.Scatter.EnableBokehSettings:1      ; bokeh simulation when scattering]]
[2020.11.19-12.57.54:232][  0]LogConfig: Setting CVar [[r.DOF.Scatter.MaxSpriteRatio:0.1         ; only a maximum of 10% of scattered bokeh]]
[2020.11.19-12.57.54:232][  0]LogConfig: Setting CVar [[r.DOF.Recombine.Quality:1                ; cheap slight out of focus]]
[2020.11.19-12.57.54:232][  0]LogConfig: Setting CVar [[r.DOF.Recombine.EnableBokehSettings:0    ; no bokeh simulation on slight out of focus]]
[2020.11.19-12.57.54:232][  0]LogConfig: Setting CVar [[r.DOF.TemporalAAQuality:1                ; more stable temporal accumulation]]
[2020.11.19-12.57.54:232][  0]LogConfig: Setting CVar [[r.DOF.Kernel.MaxForegroundRadius:0.025]]
[2020.11.19-12.57.54:232][  0]LogConfig: Setting CVar [[r.DOF.Kernel.MaxBackgroundRadius:0.025]]
[2020.11.19-12.57.54:232][  0]LogConfig: Applying CVar settings from Section [TextureQuality@3] File [C:/Users/1804824/Desktop/UnrealYouTubeRepo/UnrealAnimationPracticeVids/MyProject/Saved/Config/Windows/Scalability.ini]
[2020.11.19-12.57.54:232][  0]LogConfig: Setting CVar [[r.Streaming.MipBias:0]]
[2020.11.19-12.57.54:232][  0]LogConfig: Setting CVar [[r.Streaming.AmortizeCPUToGPUCopy:0]]
[2020.11.19-12.57.54:232][  0]LogConfig: Setting CVar [[r.Streaming.MaxNumTexturesToStreamPerFrame:0]]
[2020.11.19-12.57.54:232][  0]LogConfig: Setting CVar [[r.Streaming.Boost:1]]
[2020.11.19-12.57.54:232][  0]LogConfig: Setting CVar [[r.MaxAnisotropy:8]]
[2020.11.19-12.57.54:232][  0]LogConfig: Setting CVar [[r.Streaming.LimitPoolSizeToVRAM:0]]
[2020.11.19-12.57.54:232][  0]LogConfig: Setting CVar [[r.Streaming.PoolSize:1000]]
[2020.11.19-12.57.54:232][  0]LogConfig: Setting CVar [[r.Streaming.MaxEffectiveScreenSize:0]]
[2020.11.19-12.57.54:232][  0]LogConfig: Applying CVar settings from Section [EffectsQuality@3] File [C:/Users/1804824/Desktop/UnrealYouTubeRepo/UnrealAnimationPracticeVids/MyProject/Saved/Config/Windows/Scalability.ini]
[2020.11.19-12.57.54:232][  0]LogConfig: Setting CVar [[r.TranslucencyLightingVolumeDim:64]]
[2020.11.19-12.57.54:232][  0]LogConfig: Setting CVar [[r.RefractionQuality:2]]
[2020.11.19-12.57.54:233][  0]LogConfig: Setting CVar [[r.SSR.Quality:3]]
[2020.11.19-12.57.54:233][  0]LogConfig: Setting CVar [[r.SceneColorFormat:4]]
[2020.11.19-12.57.54:233][  0]LogConfig: Setting CVar [[r.DetailMode:2]]
[2020.11.19-12.57.54:233][  0]LogConfig: Setting CVar [[r.TranslucencyVolumeBlur:1]]
[2020.11.19-12.57.54:233][  0]LogConfig: Setting CVar [[r.MaterialQualityLevel:1 ; High quality]]
[2020.11.19-12.57.54:233][  0]LogConfig: Setting CVar [[r.SSS.Scale:1]]
[2020.11.19-12.57.54:233][  0]LogConfig: Setting CVar [[r.SSS.SampleSet:2]]
[2020.11.19-12.57.54:233][  0]LogConfig: Setting CVar [[r.SSS.Quality:1]]
[2020.11.19-12.57.54:233][  0]LogConfig: Setting CVar [[r.SSS.HalfRes:1]]
[2020.11.19-12.57.54:233][  0]LogConfig: Setting CVar [[r.EmitterSpawnRateScale:1.0]]
[2020.11.19-12.57.54:233][  0]LogConfig: Setting CVar [[r.ParticleLightQuality:2]]
[2020.11.19-12.57.54:233][  0]LogConfig: Applying CVar settings from Section [FoliageQuality@3] File [C:/Users/1804824/Desktop/UnrealYouTubeRepo/UnrealAnimationPracticeVids/MyProject/Saved/Config/Windows/Scalability.ini]
[2020.11.19-12.57.54:233][  0]LogConfig: Setting CVar [[foliage.DensityScale:1.0]]
[2020.11.19-12.57.54:233][  0]LogConfig: Setting CVar [[grass.DensityScale:1.0]]
[2020.11.19-12.57.54:233][  0]LogConfig: Applying CVar settings from Section [Startup] File [../../../Engine/Config/ConsoleVariables.ini]
[2020.11.19-12.57.54:233][  0]LogConfig: Setting CVar [[net.UseAdaptiveNetUpdateFrequency:0]]
[2020.11.19-12.57.54:233][  0]LogConfig: Setting CVar [[p.chaos.AllowCreatePhysxBodies:1]]
[2020.11.19-12.57.54:233][  0]LogConfig: Applying CVar settings from Section [ConsoleVariables] File [C:/Users/1804824/Desktop/UnrealYouTubeRepo/UnrealAnimationPracticeVids/MyProject/Saved/Config/Windows/Engine.ini]
[2020.11.19-12.57.54:233][  0]LogInit: Computer: UL04PCJL11D-18
[2020.11.19-12.57.54:234][  0]LogInit: User: 1804824
[2020.11.19-12.57.54:234][  0]LogInit: CPU Page size=4096, Cores=8
[2020.11.19-12.57.54:234][  0]LogInit: High frequency timer resolution =10.000000 MHz
[2020.11.19-12.57.54:234][  0]LogMemory: Memory total: Physical=31.8GB (32GB approx)
[2020.11.19-12.57.54:234][  0]LogMemory: Platform Memory Stats for Windows
[2020.11.19-12.57.54:234][  0]LogMemory: Process Physical Memory: 100.72 MB used, 100.73 MB peak
[2020.11.19-12.57.54:234][  0]LogMemory: Process Virtual Memory: 96.02 MB used, 96.02 MB peak
[2020.11.19-12.57.54:234][  0]LogMemory: Physical Memory: 11734.95 MB used,  20851.63 MB free, 32586.58 MB total
[2020.11.19-12.57.54:234][  0]LogMemory: Virtual Memory: 4668.33 MB used,  134213056.00 MB free, 134217728.00 MB total
[2020.11.19-12.57.54:407][  0]LogInit: Using OS detected language (en-US).
[2020.11.19-12.57.54:407][  0]LogInit: Using OS detected locale (en-GB).
[2020.11.19-12.57.54:408][  0]LogTextLocalizationManager: No specific localization for 'en-US' exists, so the 'en' localization will be used.
[2020.11.19-12.57.54:515][  0]LogInit: Setting process to per monitor DPI aware
[2020.11.19-12.57.54:557][  0]LogSlate: New Slate User Created.  User Index 0, Is Virtual User: 0
[2020.11.19-12.57.54:557][  0]LogSlate: Slate User Registered.  User Index 0, Is Virtual User: 0
[2020.11.19-12.57.54:808][  0]LogHMD: Failed to initialize OpenVR with code 110
[2020.11.19-12.57.54:808][  0]LogD3D11RHI: D3D11 adapters:
[2020.11.19-12.57.54:893][  0]LogD3D11RHI:    0. 'NVIDIA GeForce RTX 2080' (Feature Level 11_0)
[2020.11.19-12.57.54:893][  0]LogD3D11RHI:       8010/0/16293 MB DedicatedVideo/DedicatedSystem/SharedSystem, Outputs:2, VendorId:0x10de
[2020.11.19-12.57.54:931][  0]LogD3D11RHI:    1. 'Intel(R) UHD Graphics 630' (Feature Level 11_0)
[2020.11.19-12.57.54:931][  0]LogD3D11RHI:       128/0/16293 MB DedicatedVideo/DedicatedSystem/SharedSystem, Outputs:0, VendorId:0x8086
[2020.11.19-12.57.54:935][  0]LogD3D11RHI:    2. 'Microsoft Basic Render Driver' (Feature Level 11_0)
[2020.11.19-12.57.54:935][  0]LogD3D11RHI:       0/0/16293 MB DedicatedVideo/DedicatedSystem/SharedSystem, Outputs:0, VendorId:0x1414
[2020.11.19-12.57.54:935][  0]LogD3D11RHI: Chosen D3D11 Adapter: 0
[2020.11.19-12.57.54:946][  0]LogD3D11RHI: Creating new Direct3DDevice
[2020.11.19-12.57.54:946][  0]LogD3D11RHI:     GPU DeviceId: 0x1e87 (for the marketing name, search the web for "GPU Device Id")
[2020.11.19-12.57.54:947][  0]LogWindows: EnumDisplayDevices:
[2020.11.19-12.57.54:947][  0]LogWindows:    0. 'NVIDIA GeForce RTX 2080' (P:1 D:1)
[2020.11.19-12.57.54:947][  0]LogWindows:    1. 'NVIDIA GeForce RTX 2080' (P:0 D:1)
[2020.11.19-12.57.54:947][  0]LogWindows:    2. 'NVIDIA GeForce RTX 2080' (P:0 D:0)
[2020.11.19-12.57.54:948][  0]LogWindows:    3. 'NVIDIA GeForce RTX 2080' (P:0 D:0)
[2020.11.19-12.57.54:948][  0]LogWindows:    4. 'Intel(R) UHD Graphics 630' (P:0 D:0)
[2020.11.19-12.57.54:948][  0]LogWindows:    5. 'Intel(R) UHD Graphics 630' (P:0 D:0)
[2020.11.19-12.57.54:948][  0]LogWindows:    6. 'Intel(R) UHD Graphics 630' (P:0 D:0)
[2020.11.19-12.57.54:949][  0]LogWindows: DebugString: PrimaryIsNotTheChoosenAdapter PrimaryIsNotTheChoosenAdapter PrimaryIsNotTheChoosenAdapter FoundDriverCount:4 
[2020.11.19-12.57.54:949][  0]LogD3D11RHI:     Adapter Name: NVIDIA GeForce RTX 2080
[2020.11.19-12.57.54:949][  0]LogD3D11RHI:   Driver Version: 436.15 (internal:26.21.14.3615, unified:436.15)
[2020.11.19-12.57.54:949][  0]LogD3D11RHI:      Driver Date: 8-24-2019
[2020.11.19-12.57.54:949][  0]LogRHI: Texture pool is 5607 MB (70% of 8010 MB)
[2020.11.19-12.57.54:998][  0]LogD3D11RHI: Async texture creation enabled
[2020.11.19-12.57.55:001][  0]LogRendererCore: FGlobalReadBuffer::InitRHI
[2020.11.19-12.57.55:002][  0]LogRendererCore: FGlobalReadBuffer::InitRHI
[2020.11.19-12.57.55:002][  0]LogRendererCore: FGlobalReadBuffer::InitRHI
[2020.11.19-12.57.55:009][  0]LogD3D11RHI: GPU Timing Frequency: 1000.000000 (Debug: 2 1)
[2020.11.19-12.57.55:308][  0]LogTemp: Display: Module 'AllDesktopTargetPlatform' loaded TargetPlatform 'AllDesktop'
[2020.11.19-12.57.55:320][  0]LogTemp: Display: Module 'MacClientTargetPlatform' loaded TargetPlatform 'MacClient'
[2020.11.19-12.57.55:333][  0]LogTemp: Display: Module 'MacNoEditorTargetPlatform' loaded TargetPlatform 'MacNoEditor'
[2020.11.19-12.57.55:345][  0]LogTemp: Display: Module 'MacServerTargetPlatform' loaded TargetPlatform 'MacServer'
[2020.11.19-12.57.55:358][  0]LogTemp: Display: Module 'MacTargetPlatform' loaded TargetPlatform 'Mac'
[2020.11.19-12.57.55:370][  0]LogTemp: Display: Module 'WindowsClientTargetPlatform' loaded TargetPlatform 'WindowsClient'
[2020.11.19-12.57.55:383][  0]LogTemp: Display: Module 'WindowsNoEditorTargetPlatform' loaded TargetPlatform 'WindowsNoEditor'
[2020.11.19-12.57.55:396][  0]LogTemp: Display: Module 'WindowsServerTargetPlatform' loaded TargetPlatform 'WindowsServer'
[2020.11.19-12.57.55:402][  0]LogTemp: Display: Module 'WindowsTargetPlatform' loaded TargetPlatform 'Windows'
[2020.11.19-12.57.55:463][  0]LogTemp: Display: Module 'AndroidTargetPlatform' loaded TargetPlatform 'Android'
[2020.11.19-12.57.55:463][  0]LogTemp: Display: Module 'AndroidTargetPlatform' loaded TargetPlatform 'Android_ASTC'
[2020.11.19-12.57.55:463][  0]LogTemp: Display: Module 'AndroidTargetPlatform' loaded TargetPlatform 'Android_ATC'
[2020.11.19-12.57.55:463][  0]LogTemp: Display: Module 'AndroidTargetPlatform' loaded TargetPlatform 'Android_DXT'
[2020.11.19-12.57.55:463][  0]LogTemp: Display: Module 'AndroidTargetPlatform' loaded TargetPlatform 'Android_ETC1'
[2020.11.19-12.57.55:463][  0]LogTemp: Display: Module 'AndroidTargetPlatform' loaded TargetPlatform 'Android_ETC1a'
[2020.11.19-12.57.55:463][  0]LogTemp: Display: Module 'AndroidTargetPlatform' loaded TargetPlatform 'Android_ETC2'
[2020.11.19-12.57.55:463][  0]LogTemp: Display: Module 'AndroidTargetPlatform' loaded TargetPlatform 'Android_PVRTC'
[2020.11.19-12.57.55:463][  0]LogTemp: Display: Module 'AndroidTargetPlatform' loaded TargetPlatform 'AndroidClient'
[2020.11.19-12.57.55:463][  0]LogTemp: Display: Module 'AndroidTargetPlatform' loaded TargetPlatform 'Android_ASTCClient'
[2020.11.19-12.57.55:463][  0]LogTemp: Display: Module 'AndroidTargetPlatform' loaded TargetPlatform 'Android_ATCClient'
[2020.11.19-12.57.55:463][  0]LogTemp: Display: Module 'AndroidTargetPlatform' loaded TargetPlatform 'Android_DXTClient'
[2020.11.19-12.57.55:464][  0]LogTemp: Display: Module 'AndroidTargetPlatform' loaded TargetPlatform 'Android_ETC1Client'
[2020.11.19-12.57.55:464][  0]LogTemp: Display: Module 'AndroidTargetPlatform' loaded TargetPlatform 'Android_ETC1aClient'
[2020.11.19-12.57.55:464][  0]LogTemp: Display: Module 'AndroidTargetPlatform' loaded TargetPlatform 'Android_ETC2Client'
[2020.11.19-12.57.55:464][  0]LogTemp: Display: Module 'AndroidTargetPlatform' loaded TargetPlatform 'Android_PVRTCClient'
[2020.11.19-12.57.55:464][  0]LogTemp: Display: Module 'AndroidTargetPlatform' loaded TargetPlatform 'Android_Multi'
[2020.11.19-12.57.55:464][  0]LogTemp: Display: Module 'AndroidTargetPlatform' loaded TargetPlatform 'Android_MultiClient'
[2020.11.19-12.57.55:467][  0]LogTemp: Display: Module 'HTML5TargetPlatform' loaded TargetPlatform 'HTML5'
[2020.11.19-12.57.55:517][  0]LogTemp: Display: Module 'IOSTargetPlatform' loaded TargetPlatform 'IOSClient'
[2020.11.19-12.57.55:517][  0]LogTemp: Display: Module 'IOSTargetPlatform' loaded TargetPlatform 'IOS'
[2020.11.19-12.57.55:537][  0]LogTemp: Display: Module 'TVOSTargetPlatform' loaded TargetPlatform 'TVOSClient'
[2020.11.19-12.57.55:537][  0]LogTemp: Display: Module 'TVOSTargetPlatform' loaded TargetPlatform 'TVOS'
[2020.11.19-12.57.55:549][  0]LogTemp: Display: Module 'LinuxClientTargetPlatform' loaded TargetPlatform 'LinuxClient'
[2020.11.19-12.57.55:560][  0]LogTemp: Display: Module 'LinuxNoEditorTargetPlatform' loaded TargetPlatform 'LinuxNoEditor'
[2020.11.19-12.57.55:572][  0]LogTemp: Display: Module 'LinuxServerTargetPlatform' loaded TargetPlatform 'LinuxServer'
[2020.11.19-12.57.55:584][  0]LogTemp: Display: Module 'LinuxTargetPlatform' loaded TargetPlatform 'Linux'
[2020.11.19-12.57.55:622][  0]LogTemp: Display: Module 'LuminTargetPlatform' loaded TargetPlatform 'Lumin'
[2020.11.19-12.57.55:622][  0]LogTemp: Display: Module 'LuminTargetPlatform' loaded TargetPlatform 'LuminClient'
[2020.11.19-12.57.55:622][  0]LogTargetPlatformManager: Display: Building Assets For Windows
[2020.11.19-12.57.55:635][  0]LogAudioDebug: Display: Lib vorbis DLL was dynamically loaded.
[2020.11.19-12.57.55:699][  0]LogShaderCompilers: Guid format shader working directory is -44 characters bigger than the processId version (../../../../../Users/1804824/Desktop/UnrealYouTubeRepo/UnrealAnimationPracticeVids/MyProject/Intermediate/Shaders/WorkingDirectory/3596/).
[2020.11.19-12.57.55:699][  0]LogShaderCompilers: Cleaned the shader compiler working directory 'C:/Users/1804824/AppData/Local/Temp/UnrealShaderWorkingDir/C49E87C0429B68876F00F086B9560684/'.
[2020.11.19-12.57.55:701][  0]LogXGEController: Cannot use XGE Controller as Incredibuild is not installed on this machine.
[2020.11.19-12.57.55:701][  0]LogShaderCompilers: Cannot use XGE Shader Compiler as Incredibuild is not installed on this machine.
[2020.11.19-12.57.55:701][  0]LogShaderCompilers: Display: Using Local Shader Compiler.
[2020.11.19-12.57.56:163][  0]LogDerivedDataCache: Display: Max Cache Size: 512 MB
[2020.11.19-12.57.56:199][  0]LogDerivedDataCache: Loaded boot cache 0.04s 76MB C:/Users/1804824/AppData/Local/UnrealEngine/4.22/DerivedDataCache/Boot.ddc.
[2020.11.19-12.57.56:200][  0]LogDerivedDataCache: Display: Loaded Boot cache: C:/Users/1804824/AppData/Local/UnrealEngine/4.22/DerivedDataCache/Boot.ddc
[2020.11.19-12.57.56:200][  0]LogDerivedDataCache: FDerivedDataBackendGraph:  Pak pak cache file ../../../../../Users/1804824/Desktop/UnrealYouTubeRepo/UnrealAnimationPracticeVids/MyProject/DerivedDataCache/DDC.ddp not found, will not use a pak cache.
[2020.11.19-12.57.56:200][  0]LogDerivedDataCache: Unable to find inner node Pak for hierarchical cache Hierarchy.
[2020.11.19-12.57.56:200][  0]LogDerivedDataCache: FDerivedDataBackendGraph:  CompressedPak pak cache file ../../../../../Users/1804824/Desktop/UnrealYouTubeRepo/UnrealAnimationPracticeVids/MyProject/DerivedDataCache/Compressed.ddp not found, will not use a pak cache.
[2020.11.19-12.57.56:200][  0]LogDerivedDataCache: Unable to find inner node CompressedPak for hierarchical cache Hierarchy.
[2020.11.19-12.57.56:210][  0]LogDerivedDataCache: Display: Pak cache opened for reading ../../../Engine/DerivedDataCache/Compressed.ddp.
[2020.11.19-12.57.56:210][  0]LogDerivedDataCache: FDerivedDataBackendGraph:  EnterprisePak pak cache file ../../../Enterprise/DerivedDataCache/Compressed.ddp not found, will not use a pak cache.
[2020.11.19-12.57.56:210][  0]LogDerivedDataCache: Unable to find inner node EnterprisePak for hierarchical cache Hierarchy.
[2020.11.19-12.57.56:223][  0]LogDerivedDataCache: Using Local data cache path C:/Users/1804824/AppData/Local/UnrealEngine/Common/DerivedDataCache: Writable
[2020.11.19-12.57.56:223][  0]LogDerivedDataCache: Shared data cache path not found in *engine.ini, will not use an Shared cache.
[2020.11.19-12.57.56:223][  0]LogDerivedDataCache: Unable to find inner node Shared for hierarchical cache Hierarchy.
[2020.11.19-12.57.56:238][  0]LogMaterial: Verifying Global Shaders for PCD3D_SM5
[2020.11.19-12.57.56:240][  0]LogSlate: Using FreeType 2.6.0
[2020.11.19-12.57.56:240][  0]LogSlate: SlateFontServices - WITH_FREETYPE: 1, WITH_HARFBUZZ: 1
[2020.11.19-12.57.56:337][  0]LogAssetRegistry: FAssetRegistry took 0.0336 seconds to start up
[2020.11.19-12.57.56:579][  0]LogInit: Selected Device Profile: [Windows]
[2020.11.19-12.57.56:694][  0]LogMeshReduction: Using QuadricMeshReduction for automatic static mesh reduction
[2020.11.19-12.57.56:694][  0]LogMeshReduction: Using SimplygonMeshReduction for automatic skeletal mesh reduction
[2020.11.19-12.57.56:694][  0]LogMeshReduction: Using ProxyLODMeshReduction for automatic mesh merging
[2020.11.19-12.57.56:694][  0]LogMeshReduction: No distributed automatic mesh merging module available
[2020.11.19-12.57.56:694][  0]LogMeshMerging: No distributed automatic mesh merging module available
[2020.11.19-12.57.56:703][  0]LogNetVersion: MyProject 1.0.0, NetCL: 5660361, EngineNetVer: 10, GameNetVer: 0 (Checksum: 2788865488)
[2020.11.19-12.57.56:985][  0]LogPackageLocalizationCache: Processed 10 localized package path(s) for 1 prioritized culture(s) in 0.024880 seconds
[2020.11.19-12.57.56:989][  0]LogUObjectArray: 42205 objects as part of root set at end of initial load.
[2020.11.19-12.57.56:989][  0]LogUObjectAllocator: 7325032 out of 0 bytes used by permanent object pool.
[2020.11.19-12.57.56:989][  0]LogUObjectArray: CloseDisregardForGC: 0/0 objects in disregard for GC pool
[2020.11.19-12.57.57:948][  0]LogTcpMessaging: Initializing TcpMessaging bridge
[2020.11.19-12.57.57:964][  0]LogUdpMessaging: Initializing bridge on interface 0.0.0.0:0 to multicast group 230.0.0.1:6666.
[2020.11.19-12.57.58:203][  0]SourceControl: Source control is disabled
[2020.11.19-12.57.58:203][  0]SourceControl: Source control is disabled
[2020.11.19-12.57.58:206][  0]SourceControl: Source control is disabled
[2020.11.19-12.57.58:208][  0]SourceControl: Source control is disabled
[2020.11.19-12.57.58:319][  0]LogAndroidPermission: UAndroidPermissionCallbackProxy::GetInstance
[2020.11.19-12.57.58:540][  0]LogOcInput: OculusInput pre-init called
[2020.11.19-12.57.59:364][  0]LogEngine: Initializing Engine...
[2020.11.19-12.57.59:365][  0]LogHMD: Failed to initialize OpenVR with code 110
[2020.11.19-12.57.59:366][  0]LogStats: UGameplayTagsManager::InitializeManager -  0.000 s
[2020.11.19-12.57.59:518][  0]LogInit: Initializing FReadOnlyCVARCache
[2020.11.19-12.57.59:529][  0]LogAIModule: Creating AISystem for world Untitled
[2020.11.19-12.57.59:583][  0]LogInit: XAudio2 using 'Headphones (HD 4.40BT Stereo)' : 2 channels at 44.1 kHz using 16 bits per sample (channel mask 0x3)
[2020.11.19-12.57.59:615][  0]LogInit: FAudioDevice initialized.
[2020.11.19-12.57.59:615][  0]LogNetVersion: Set ProjectVersion to 1.0.0.0. Version Checksum will be recalculated on next use.
[2020.11.19-12.57.59:701][  0]LogDerivedDataCache: Saved boot cache 0.09s 76MB C:/Users/1804824/AppData/Local/UnrealEngine/4.22/DerivedDataCache/Boot.ddc.
[2020.11.19-12.57.59:704][  0]LogInit: Texture streaming: Enabled
[2020.11.19-12.57.59:723][  0]LogEngineSessionManager: EngineSessionManager initialized
[2020.11.19-12.57.59:739][  0]LogInit: Transaction tracking system initialized
[2020.11.19-12.57.59:765][  0]BlueprintLog: New page: Editor Load
[2020.11.19-12.57.59:854][  0]LocalizationService: Localization service is disabled
[2020.11.19-12.58.00:108][  0]LogFileCache: Scanning file cache for directory 'C:/Users/1804824/Desktop/UnrealYouTubeRepo/UnrealAnimationPracticeVids/MyProject/Content/' took 0.02s
[2020.11.19-12.58.00:108][  0]LogCook: Display: Max memory allowance for cook 16384mb min free memory 0mb
[2020.11.19-12.58.00:108][  0]LogCook: Display: Mobile HDR setting 1
[2020.11.19-12.58.00:312][  0]SourceControl: Source control is disabled
[2020.11.19-12.58.00:312][  0]LightingResults: New page: Lighting Build
[2020.11.19-12.58.00:315][  0]MapCheck: New page: Map Check
[2020.11.19-12.58.00:315][  0]LightingResults: New page: Lighting Build
[2020.11.19-12.58.00:342][  0]LogUObjectHash: Compacting FUObjectHashTables data took   1.37ms
[2020.11.19-12.58.00:405][  0]LogAIModule: Creating AISystem for world ThirdPersonExampleMap
[2020.11.19-12.58.00:413][  0]LogEditorServer: Finished looking for orphan Actors (0.000 secs)
[2020.11.19-12.58.00:439][  0]LogUObjectHash: Compacting FUObjectHashTables data took   1.38ms
[2020.11.19-12.58.00:440][  0]Cmd: MAP CHECKDEP NOCLEARLOG
[2020.11.19-12.58.00:440][  0]MapCheck: Map check complete: 0 Error(s), 0 Warning(s), took 0.137ms to complete.
[2020.11.19-12.58.00:440][  0]LogFileHelpers: Loading map 'ThirdPersonExampleMap' took 0.128
[2020.11.19-12.58.00:532][  0]LogSlate: Updating window title bar state: overlay mode, drag disabled, window buttons hidden, title bar hidden
[2020.11.19-12.58.00:538][  0]LogSlate: Updating window title bar state: overlay mode, drag disabled, window buttons hidden, title bar hidden
[2020.11.19-12.58.00:545][  0]LogSlate: Updating window title bar state: overlay mode, drag disabled, window buttons hidden, title bar hidden
[2020.11.19-12.58.00:550][  0]LogSlate: Updating window title bar state: overlay mode, drag disabled, window buttons hidden, title bar hidden
[2020.11.19-12.58.00:557][  0]LogCollectionManager: Loaded 0 collections in 0.001327 seconds
[2020.11.19-12.58.00:601][  0]LogFileCache: Scanning file cache for directory 'C:/Users/1804824/Desktop/UnrealYouTubeRepo/UnrealAnimationPracticeVids/MyProject/Saved/Collections/' took 0.01s
[2020.11.19-12.58.00:601][  0]LogFileCache: Scanning file cache for directory 'C:/Users/1804824/Desktop/UnrealYouTubeRepo/UnrealAnimationPracticeVids/MyProject/Content/Developers/1804824/Collections/' took 0.01s
[2020.11.19-12.58.00:601][  0]LogFileCache: Scanning file cache for directory 'C:/Users/1804824/Desktop/UnrealYouTubeRepo/UnrealAnimationPracticeVids/MyProject/Content/Collections/' took 0.01s
[2020.11.19-12.58.00:601][  0]LogCollectionManager: Rebuilt the GUID cache for 0 collections in 0.000000 seconds
[2020.11.19-12.58.00:608][  0]LogContentBrowser: Native class hierarchy populated in 0.0066 seconds. Added 2735 classes and 661 folders.
[2020.11.19-12.58.00:613][  0]LogContentBrowser: Native class hierarchy updated for 'WidgetCarousel' in 0.0003 seconds. Added 0 classes and 0 folders.
[2020.11.19-12.58.00:614][  0]LogPakFile: Registered encryption key '00000000000000000000000000000000': 0 pak files mounted, 0 remain pending
[2020.11.19-12.58.00:616][  0]LogPakFile: Registered encryption key '00000000000000000000000000000000': 0 pak files mounted, 0 remain pending
[2020.11.19-12.58.00:617][  0]LogPakFile: Registered encryption key '00000000000000000000000000000000': 0 pak files mounted, 0 remain pending
[2020.11.19-12.58.00:617][  0]LogPakFile: Registered encryption key '00000000000000000000000000000000': 0 pak files mounted, 0 remain pending
[2020.11.19-12.58.00:618][  0]LogPakFile: Registered encryption key '00000000000000000000000000000000': 0 pak files mounted, 0 remain pending
[2020.11.19-12.58.00:619][  0]LogPakFile: Registered encryption key '00000000000000000000000000000000': 0 pak files mounted, 0 remain pending
[2020.11.19-12.58.00:619][  0]LogPakFile: Registered encryption key '00000000000000000000000000000000': 0 pak files mounted, 0 remain pending
[2020.11.19-12.58.00:620][  0]LogPakFile: Registered encryption key '00000000000000000000000000000000': 0 pak files mounted, 0 remain pending
[2020.11.19-12.58.00:621][  0]LogPakFile: Registered encryption key '00000000000000000000000000000000': 0 pak files mounted, 0 remain pending
[2020.11.19-12.58.00:621][  0]LogPakFile: Registered encryption key '00000000000000000000000000000000': 0 pak files mounted, 0 remain pending
[2020.11.19-12.58.00:622][  0]LogPakFile: Registered encryption key '00000000000000000000000000000000': 0 pak files mounted, 0 remain pending
[2020.11.19-12.58.00:623][  0]LogPakFile: Registered encryption key '00000000000000000000000000000000': 0 pak files mounted, 0 remain pending
[2020.11.19-12.58.00:623][  0]LogPakFile: Registered encryption key '00000000000000000000000000000000': 0 pak files mounted, 0 remain pending
[2020.11.19-12.58.00:624][  0]LogPakFile: Registered encryption key '00000000000000000000000000000000': 0 pak files mounted, 0 remain pending
[2020.11.19-12.58.00:625][  0]LogPakFile: Registered encryption key '00000000000000000000000000000000': 0 pak files mounted, 0 remain pending
[2020.11.19-12.58.00:625][  0]LogPakFile: Registered encryption key '00000000000000000000000000000000': 0 pak files mounted, 0 remain pending
[2020.11.19-12.58.00:626][  0]LogPakFile: Registered encryption key '00000000000000000000000000000000': 0 pak files mounted, 0 remain pending
[2020.11.19-12.58.00:627][  0]LogPakFile: Registered encryption key '00000000000000000000000000000000': 0 pak files mounted, 0 remain pending
[2020.11.19-12.58.00:627][  0]LogPakFile: Registered encryption key '00000000000000000000000000000000': 0 pak files mounted, 0 remain pending
[2020.11.19-12.58.00:628][  0]LogPakFile: Registered encryption key '00000000000000000000000000000000': 0 pak files mounted, 0 remain pending
[2020.11.19-12.58.00:629][  0]LogPakFile: Registered encryption key '00000000000000000000000000000000': 0 pak files mounted, 0 remain pending
[2020.11.19-12.58.00:629][  0]LogPakFile: Registered encryption key '00000000000000000000000000000000': 0 pak files mounted, 0 remain pending
[2020.11.19-12.58.00:630][  0]LogPakFile: Registered encryption key '00000000000000000000000000000000': 0 pak files mounted, 0 remain pending
[2020.11.19-12.58.00:631][  0]LogPakFile: Registered encryption key '00000000000000000000000000000000': 0 pak files mounted, 0 remain pending
[2020.11.19-12.58.00:631][  0]LogPakFile: Registered encryption key '00000000000000000000000000000000': 0 pak files mounted, 0 remain pending
[2020.11.19-12.58.00:632][  0]LogPakFile: Registered encryption key '00000000000000000000000000000000': 0 pak files mounted, 0 remain pending
[2020.11.19-12.58.00:664][  0]LogContentBrowser: Native class hierarchy updated for 'AddContentDialog' in 0.0003 seconds. Added 0 classes and 0 folders.
[2020.11.19-12.58.00:670][  0]LogContentBrowser: Native class hierarchy updated for 'SceneOutliner' in 0.0003 seconds. Added 1 classes and 2 folders.
[2020.11.19-12.58.00:682][  0]LogSlate: Took 0.000234 seconds to synchronously load lazily loaded font '../../../Engine/Content/Slate/Fonts/Roboto-Regular.ttf' (155K)
[2020.11.19-12.58.00:684][  0]LogSlate: Took 0.000257 seconds to synchronously load lazily loaded font '../../../Engine/Content/Slate/Fonts/Roboto-Bold.ttf' (160K)
[2020.11.19-12.58.00:687][  0]LogSlate: Took 0.000223 seconds to synchronously load lazily loaded font '../../../Engine/Content/Editor/Slate/Fonts/FontAwesome.ttf' (139K)
[2020.11.19-12.58.00:735][  0]LogRenderer: Reallocating scene render targets to support 1616x808 Format 10 NumSamples 1 (Frame:1).
[2020.11.19-12.58.00:841][  0]LogContentBrowser: Native class hierarchy updated for 'HierarchicalLODOutliner' in 0.0003 seconds. Added 0 classes and 0 folders.
[2020.11.19-12.58.00:841][  0]LogLoad: (Engine Initialization) Total time: 8.89 seconds
[2020.11.19-12.58.00:841][  0]LogLoad: (Engine Initialization) Total Blueprint compile time: 0.00 seconds
[2020.11.19-12.58.00:868][  0]LogAssetRegistry: Asset discovery search completed in 4.5547 seconds
[2020.11.19-12.58.00:870][  0]LogCollectionManager: Rebuilt the object cache for 0 collections in 0.000000 seconds (found 0 objects)
[2020.11.19-12.58.00:870][  0]LogCollectionManager: Fixed up redirectors for 0 collections in 0.000164 seconds (updated 0 objects)
[2020.11.19-12.58.00:871][  0]LogContentStreaming: Texture pool size now 1000 MB
[2020.11.19-12.58.03:409][287]LogSlate: FSceneViewport::OnFocusLost() reason 0
[2020.11.19-12.58.03:451][292]LogTemp: Repeating last play command: New Editor Window (PIE)
[2020.11.19-12.58.03:460][292]LogBlueprintUserMessages: Early PlayInEditor Detection: Level '/Game/ThirdPersonCPP/Maps/ThirdPersonExampleMap.ThirdPersonExampleMap:PersistentLevel' has LevelScriptBlueprint '/Game/ThirdPersonCPP/Maps/ThirdPersonExampleMap.ThirdPersonExampleMap:PersistentLevel.ThirdPersonExampleMap' with GeneratedClass '/Game/ThirdPersonCPP/Maps/ThirdPersonExampleMap.ThirdPersonExampleMap_C' with ClassGeneratedBy '/Game/ThirdPersonCPP/Maps/ThirdPersonExampleMap.ThirdPersonExampleMap:PersistentLevel.ThirdPersonExampleMap'
[2020.11.19-12.58.03:460][292]LogPlayLevel: PlayLevel: No blueprints needed recompiling
[2020.11.19-12.58.03:460][292]PIE: New page: PIE session: ThirdPersonExampleMap (19 Nov 2020 12:58:03)
[2020.11.19-12.58.03:473][292]LogPlayLevel: Creating play world package: /Game/ThirdPersonCPP/Maps/UEDPIE_0_ThirdPersonExampleMap
[2020.11.19-12.58.03:483][292]LogPlayLevel: PIE: StaticDuplicateObject took: (0.010004s)
[2020.11.19-12.58.03:484][292]LogAIModule: Creating AISystem for world ThirdPersonExampleMap
[2020.11.19-12.58.03:485][292]LogPlayLevel: PIE: World Init took: (0.000605s)
[2020.11.19-12.58.03:485][292]LogPlayLevel: PIE: Created PIE world by copying editor world from /Game/ThirdPersonCPP/Maps/ThirdPersonExampleMap.ThirdPersonExampleMap to /Game/ThirdPersonCPP/Maps/UEDPIE_0_ThirdPersonExampleMap.ThirdPersonExampleMap (0.011203s)
[2020.11.19-12.58.03:509][292]LogUObjectHash: Compacting FUObjectHashTables data took   0.81ms
[2020.11.19-12.58.03:552][292]LogInit: XAudio2 using 'Headphones (HD 4.40BT Stereo)' : 2 channels at 44.1 kHz using 16 bits per sample (channel mask 0x3)
[2020.11.19-12.58.03:561][292]LogInit: FAudioDevice initialized.
[2020.11.19-12.58.03:568][292]LogSlate: Updating window title bar state: overlay mode, drag disabled, window buttons hidden, title bar hidden
[2020.11.19-12.58.03:617][292]LogLoad: Game class is 'MyProjectGameMode'
[2020.11.19-12.58.03:619][292]LogWorld: Bringing World /Game/ThirdPersonCPP/Maps/UEDPIE_0_ThirdPersonExampleMap.ThirdPersonExampleMap up for play (max tick rate 0) at 2020.11.19-12.58.03
[2020.11.19-12.58.03:620][292]LogWorld: Bringing up level for play took: 0.001431
[2020.11.19-12.58.03:637][292]LogContentBrowser: Native class hierarchy updated for 'MovieSceneCapture' in 0.0004 seconds. Added 20 classes and 0 folders.
[2020.11.19-12.58.03:639][292]PIE: Play in editor start time for /Game/ThirdPersonCPP/Maps/UEDPIE_0_ThirdPersonExampleMap 0.699
[2020.11.19-12.58.03:639][292]LogBlueprintUserMessages: Late PlayInEditor Detection: Level '/Game/ThirdPersonCPP/Maps/ThirdPersonExampleMap.ThirdPersonExampleMap:PersistentLevel' has LevelScriptBlueprint '/Game/ThirdPersonCPP/Maps/ThirdPersonExampleMap.ThirdPersonExampleMap:PersistentLevel.ThirdPersonExampleMap' with GeneratedClass '/Game/ThirdPersonCPP/Maps/ThirdPersonExampleMap.ThirdPersonExampleMap_C' with ClassGeneratedBy '/Game/ThirdPersonCPP/Maps/ThirdPersonExampleMap.ThirdPersonExampleMap:PersistentLevel.ThirdPersonExampleMap'
[2020.11.19-12.58.13:090][424]LogBlueprintUserMessages: [ThirdPersonCharacter_2] Left Hit Event
[2020.11.19-12.58.13:097][425]LogBlueprintUserMessages: [ThirdPersonCharacter_2] Left Hit Event
[2020.11.19-12.58.13:106][426]LogBlueprintUserMessages: [ThirdPersonCharacter_2] Left Hit Event
[2020.11.19-12.58.13:114][427]LogBlueprintUserMessages: [ThirdPersonCharacter_2] Left Hit Event
[2020.11.19-12.58.13:122][428]LogBlueprintUserMessages: [ThirdPersonCharacter_2] Left Hit Event
[2020.11.19-12.58.13:131][429]LogBlueprintUserMessages: [ThirdPersonCharacter_2] Left Hit Event
[2020.11.19-12.58.13:139][430]LogBlueprintUserMessages: [ThirdPersonCharacter_2] Left Hit Event
[2020.11.19-12.58.25:006][854]LogBlueprintUserMessages: [ThirdPersonCharacter_2] Right hit event
[2020.11.19-12.58.25:015][855]LogBlueprintUserMessages: [ThirdPersonCharacter_2] Right hit event
[2020.11.19-12.58.26:973][ 90]LogBlueprintUserMessages: [ThirdPersonCharacter_2] Right hit event
[2020.11.19-12.58.26:981][ 91]LogBlueprintUserMessages: [ThirdPersonCharacter_2] Right hit event
[2020.11.19-12.58.26:990][ 92]LogBlueprintUserMessages: [ThirdPersonCharacter_2] Right hit event
[2020.11.19-12.58.26:998][ 93]LogBlueprintUserMessages: [ThirdPersonCharacter_2] Right hit event
[2020.11.19-12.58.27:006][ 94]LogBlueprintUserMessages: [ThirdPersonCharacter_2] Right hit event
[2020.11.19-12.58.27:014][ 95]LogBlueprintUserMessages: [ThirdPersonCharacter_2] Right hit event
[2020.11.19-12.58.27:023][ 96]LogBlueprintUserMessages: [ThirdPersonCharacter_2] Right hit event
[2020.11.19-12.58.27:031][ 97]LogBlueprintUserMessages: [ThirdPersonCharacter_2] Right hit event
[2020.11.19-12.58.31:132][589]LogBlueprintUserMessages: [ThirdPersonCharacter_2] Right hit event
[2020.11.19-12.58.33:740][902]LogBlueprintUserMessages: [ThirdPersonCharacter_2] Left Hit Event
[2020.11.19-12.58.35:682][135]LogBlueprintUserMessages: [ThirdPersonCharacter_2] Left Hit Event
[2020.11.19-12.58.40:899][761]LogBlueprintUserMessages: Early EndPlayMap Detection: Level '/Game/ThirdPersonCPP/Maps/ThirdPersonExampleMap.ThirdPersonExampleMap:PersistentLevel' has LevelScriptBlueprint '/Game/ThirdPersonCPP/Maps/ThirdPersonExampleMap.ThirdPersonExampleMap:PersistentLevel.ThirdPersonExampleMap' with GeneratedClass '/Game/ThirdPersonCPP/Maps/ThirdPersonExampleMap.ThirdPersonExampleMap_C' with ClassGeneratedBy '/Game/ThirdPersonCPP/Maps/ThirdPersonExampleMap.ThirdPersonExampleMap:PersistentLevel.ThirdPersonExampleMap'
[2020.11.19-12.58.40:899][761]LogSlate: Updating window title bar state: overlay mode, drag disabled, window buttons hidden, title bar hidden
[2020.11.19-12.58.40:908][761]LogSlate: Window 'MyProject Game Preview Standalone (64-bit/PCD3D_SM5)' being destroyed
[2020.11.19-12.58.40:942][761]LogPlayLevel: Display: Shutting down PIE online subsystems
[2020.11.19-12.58.40:943][761]LogBlueprintUserMessages: Late EndPlayMap Detection: Level '/Game/ThirdPersonCPP/Maps/ThirdPersonExampleMap.ThirdPersonExampleMap:PersistentLevel' has LevelScriptBlueprint '/Game/ThirdPersonCPP/Maps/ThirdPersonExampleMap.ThirdPersonExampleMap:PersistentLevel.ThirdPersonExampleMap' with GeneratedClass '/Game/ThirdPersonCPP/Maps/ThirdPersonExampleMap.ThirdPersonExampleMap_C' with ClassGeneratedBy '/Game/ThirdPersonCPP/Maps/ThirdPersonExampleMap.ThirdPersonExampleMap:PersistentLevel.ThirdPersonExampleMap'
[2020.11.19-12.58.40:974][761]LogUObjectHash: Compacting FUObjectHashTables data took   0.97ms
[2020.11.19-12.58.41:017][763]LogPlayLevel: Display: Destroying online subsystem :Context_1
[2020.11.19-12.58.42:711][963]Candidate modules for hot reload:
[2020.11.19-12.58.42:712][963]  MyProject
[2020.11.19-12.58.42:712][963]Launching UnrealBuildTool... [C:/UE_4.22/UE_4.22/Engine/Binaries/DotNET/UnrealBuildTool.exe  -ModuleWithSuffix=MyProject,6544 Win64 Development -TargetType=Editor -Project="C:/Users/1804824/Desktop/UnrealYouTubeRepo/UnrealAnimationPracticeVids/MyProject/MyProject.uproject" "C:/Users/1804824/Desktop/UnrealYouTubeRepo/UnrealAnimationPracticeVids/MyProject/MyProject.uproject"  -IgnoreJunk]
[2020.11.19-12.58.42:714][963]Warning: Starting HotReload took  0.0s.
[2020.11.19-12.58.45:264][269]LogEditorViewport: Clicking on Actor (LMB): ThirdPersonCharacter_C (ThirdPersonCharacter)
[2020.11.19-12.58.46:077][347]LogSlate: FSceneViewport::OnFocusLost() reason 5
[2020.11.19-12.58.46:079][347]LogSlate: Took 0.000224 seconds to synchronously load lazily loaded font '../../../Engine/Content/Slate/Fonts/Roboto-Light.ttf' (167K)
[2020.11.19-12.58.46:085][347]LogAssetEditorManager: Opening Asset editor for Blueprint /Game/ThirdPersonCPP/Blueprints/ThirdPersonCharacter.ThirdPersonCharacter
[2020.11.19-12.58.46:286][347]LogContentBrowser: Native class hierarchy updated for 'BlueprintGraph' in 0.0005 seconds. Added 121 classes and 0 folders.
[2020.11.19-12.58.46:918][347]LogSlate: Took 0.000310 seconds to synchronously load lazily loaded font '../../../Engine/Content/Slate/Fonts/Roboto-BoldCondensed.ttf' (158K)
[2020.11.19-12.58.50:132][616]CompilerResultsLog: New page: Compilation - 19 Nov 2020 12:58:50
[2020.11.19-12.58.50:132][616]CompilerResultsLog: Using 'git status' to determine working set for adaptive non-unity build (C:\Users\1804824\Desktop\UnrealYouTubeRepo\UnrealAnimationPracticeVids).
[2020.11.19-12.58.50:132][616]CompilerResultsLog: Creating makefile for MyProjectEditor (ini files are newer than makefile)
[2020.11.19-12.58.50:132][616]CompilerResultsLog: Parsing headers for MyProjectEditor
[2020.11.19-12.58.50:133][616]CompilerResultsLog:   Running UnrealHeaderTool "C:\Users\1804824\Desktop\UnrealYouTubeRepo\UnrealAnimationPracticeVids\MyProject\MyProject.uproject" "C:\Users\1804824\Desktop\UnrealYouTubeRepo\UnrealAnimationPracticeVids\MyProject\Intermediate\Build\Win64\MyProjectEditor\Development\MyProjectEditor.uhtmanifest" -LogCmds="loginit warning, logexit warning, logdatabase error" -Unattended -WarningsAsErrors -installed
[2020.11.19-12.58.50:133][616]CompilerResultsLog: Reflection code generated for MyProjectEditor in 5.2427841 seconds
[2020.11.19-12.58.50:133][616]CompilerResultsLog: Using Visual Studio 2019 14.23.28105 toolchain (C:\Program Files (x86)\Microsoft Visual Studio\2019\Community\VC\Tools\MSVC\14.23.28105) and Windows 10.0.18362.0 SDK (C:\Program Files (x86)\Windows Kits\10).
[2020.11.19-12.58.50:133][616]CompilerResultsLog: Building 3 actions with 16 processes...
[2020.11.19-12.58.50:133][616]CompilerResultsLog:   [1/3] UE4Editor-MyProject-6544.lib
[2020.11.19-12.58.50:133][616]CompilerResultsLog:      Creating library C:\Users\1804824\Desktop\UnrealYouTubeRepo\UnrealAnimationPracticeVids\MyProject\Intermediate\Build\Win64\UE4Editor\Development\MyProject\UE4Editor-MyProject-6544.lib and object C:\Users\1804824\Desktop\UnrealYouTubeRepo\UnrealAnimationPracticeVids\MyProject\Intermediate\Build\Win64\UE4Editor\Development\MyProject\UE4Editor-MyProject-6544.exp
[2020.11.19-12.58.50:133][616]CompilerResultsLog:   [2/3] UE4Editor-MyProject-6544.dll
[2020.11.19-12.58.50:133][616]CompilerResultsLog:      Creating library C:\Users\1804824\Desktop\UnrealYouTubeRepo\UnrealAnimationPracticeVids\MyProject\Intermediate\Build\Win64\UE4Editor\Development\MyProject\UE4Editor-MyProject-6544.suppressed.lib and object C:\Users\1804824\Desktop\UnrealYouTubeRepo\UnrealAnimationPracticeVids\MyProject\Intermediate\Build\Win64\UE4Editor\Development\MyProject\UE4Editor-MyProject-6544.suppressed.exp
[2020.11.19-12.58.50:133][616]CompilerResultsLog:   [3/3] MyProjectEditor.target
[2020.11.19-12.58.50:133][616]CompilerResultsLog: Total time in Parallel executor: 0.68 seconds
[2020.11.19-12.58.50:133][616]CompilerResultsLog: Total execution time: 7.34 seconds
[2020.11.19-12.58.50:133][616]LogMainFrame: MainFrame: Module compiling took 7.424 seconds
[2020.11.19-12.58.50:163][616]LogUObjectHash: Compacting FUObjectHashTables data took   2.19ms
[2020.11.19-12.58.50:163][616]LogBlueprintActionDatabase: Requesting refresh due to module change: MyProject (unloaded)
[2020.11.19-12.58.50:262][616]LogClass: EAttackType HotReload.
[2020.11.19-12.58.50:262][616]LogClass: ELogOutput HotReload.
[2020.11.19-12.58.50:262][616]LogClass: ELogLevel HotReload.
[2020.11.19-12.58.50:268][616]LogBlueprintActionDatabase: Requesting refresh due to module change: MyProject (loaded)
[2020.11.19-12.58.50:268][616]LogContentBrowser: Native class hierarchy updated for 'MyProject' in 0.0004 seconds. Added 3 classes and 2 folders.
[2020.11.19-12.58.50:272][616]Display: HotReload successful (1 functions remapped  0 scriptstructs remapped)
[2020.11.19-12.58.50:489][616]LogUObjectHash: Compacting FUObjectHashTables data took   1.15ms
[2020.11.19-12.58.50:489][616]LogBlueprintActionDatabase: Requesting refresh due to hot reload
[2020.11.19-12.58.50:501][616]LogContentBrowser: Native class hierarchy populated in 0.0063 seconds. Added 2736 classes and 663 folders.
[2020.11.19-12.58.50:501][616]Display: HotReload took  7.8s.
[2020.11.19-12.58.51:992][757]BlueprintLog: New page: Compile ThirdPersonCharacter
[2020.11.19-12.58.52:293][757]LogUObjectHash: Compacting FUObjectHashTables data took   3.84ms
[2020.11.19-12.58.52:347][757]LogSavePackage: Moving '../../../../../Users/1804824/Desktop/UnrealYouTubeRepo/UnrealAnimationPracticeVids/MyProject/Saved/ThirdPersonCharacter27F6A1D04BFF3B859F764CBF4E50571B.tmp' to '../../../../../Users/1804824/Desktop/UnrealYouTubeRepo/UnrealAnimationPracticeVids/MyProject/Content/ThirdPersonCPP/Blueprints/ThirdPersonCharacter.uasset'
[2020.11.19-12.58.53:742][852]LogSlate: Window 'ThirdPersonCharacter' being destroyed
[2020.11.19-12.58.53:746][852]LogSlate: Window 'ThirdPersonCharacter' being destroyed
[2020.11.19-13.06.31:772][117]LogTemp: Repeating last play command: New Editor Window (PIE)
[2020.11.19-13.06.31:783][117]LogBlueprintUserMessages: Early PlayInEditor Detection: Level '/Game/ThirdPersonCPP/Maps/ThirdPersonExampleMap.ThirdPersonExampleMap:PersistentLevel' has LevelScriptBlueprint '/Game/ThirdPersonCPP/Maps/ThirdPersonExampleMap.ThirdPersonExampleMap:PersistentLevel.ThirdPersonExampleMap' with GeneratedClass '/Game/ThirdPersonCPP/Maps/ThirdPersonExampleMap.ThirdPersonExampleMap_C' with ClassGeneratedBy '/Game/ThirdPersonCPP/Maps/ThirdPersonExampleMap.ThirdPersonExampleMap:PersistentLevel.ThirdPersonExampleMap'
[2020.11.19-13.06.31:784][117]LogPlayLevel: PlayLevel: No blueprints needed recompiling
[2020.11.19-13.06.31:784][117]PIE: New page: PIE session: ThirdPersonExampleMap (19 Nov 2020 13:06:31)
[2020.11.19-13.06.31:784][117]LogPlayLevel: Creating play world package: /Game/ThirdPersonCPP/Maps/UEDPIE_0_ThirdPersonExampleMap
[2020.11.19-13.06.31:793][117]LogPlayLevel: PIE: StaticDuplicateObject took: (0.008728s)
[2020.11.19-13.06.31:794][117]LogAIModule: Creating AISystem for world ThirdPersonExampleMap
[2020.11.19-13.06.31:794][117]LogPlayLevel: PIE: World Init took: (0.000840s)
[2020.11.19-13.06.31:794][117]LogPlayLevel: PIE: Created PIE world by copying editor world from /Game/ThirdPersonCPP/Maps/ThirdPersonExampleMap.ThirdPersonExampleMap to /Game/ThirdPersonCPP/Maps/UEDPIE_0_ThirdPersonExampleMap.ThirdPersonExampleMap (0.010053s)
[2020.11.19-13.06.31:844][117]LogUObjectHash: Compacting FUObjectHashTables data took   3.34ms
[2020.11.19-13.06.31:890][117]LogInit: XAudio2 using 'Headphones (HD 4.40BT Stereo)' : 2 channels at 44.1 kHz using 16 bits per sample (channel mask 0x3)
[2020.11.19-13.06.31:900][117]LogInit: FAudioDevice initialized.
[2020.11.19-13.06.31:906][117]LogSlate: Updating window title bar state: overlay mode, drag disabled, window buttons hidden, title bar hidden
[2020.11.19-13.06.31:939][117]LogLoad: Game class is 'MyProjectGameMode'
[2020.11.19-13.06.31:941][117]LogWorld: Bringing World /Game/ThirdPersonCPP/Maps/UEDPIE_0_ThirdPersonExampleMap.ThirdPersonExampleMap up for play (max tick rate 0) at 2020.11.19-13.06.31
[2020.11.19-13.06.31:942][117]LogWorld: Bringing up level for play took: 0.001458
[2020.11.19-13.06.31:957][117]PIE: Play in editor start time for /Game/ThirdPersonCPP/Maps/UEDPIE_0_ThirdPersonExampleMap 1.017
[2020.11.19-13.06.31:957][117]LogBlueprintUserMessages: Late PlayInEditor Detection: Level '/Game/ThirdPersonCPP/Maps/ThirdPersonExampleMap.ThirdPersonExampleMap:PersistentLevel' has LevelScriptBlueprint '/Game/ThirdPersonCPP/Maps/ThirdPersonExampleMap.ThirdPersonExampleMap:PersistentLevel.ThirdPersonExampleMap' with GeneratedClass '/Game/ThirdPersonCPP/Maps/ThirdPersonExampleMap.ThirdPersonExampleMap_C' with ClassGeneratedBy '/Game/ThirdPersonCPP/Maps/ThirdPersonExampleMap.ThirdPersonExampleMap:PersistentLevel.ThirdPersonExampleMap'
[2020.11.19-13.07.13:925][144]LogBlueprintUserMessages: Early EndPlayMap Detection: Level '/Game/ThirdPersonCPP/Maps/ThirdPersonExampleMap.ThirdPersonExampleMap:PersistentLevel' has LevelScriptBlueprint '/Game/ThirdPersonCPP/Maps/ThirdPersonExampleMap.ThirdPersonExampleMap:PersistentLevel.ThirdPersonExampleMap' with GeneratedClass '/Game/ThirdPersonCPP/Maps/ThirdPersonExampleMap.ThirdPersonExampleMap_C' with ClassGeneratedBy '/Game/ThirdPersonCPP/Maps/ThirdPersonExampleMap.ThirdPersonExampleMap:PersistentLevel.ThirdPersonExampleMap'
[2020.11.19-13.07.13:925][144]LogSlate: Updating window title bar state: overlay mode, drag disabled, window buttons hidden, title bar hidden
[2020.11.19-13.07.13:934][144]LogSlate: Window 'MyProject Game Preview Standalone (64-bit/PCD3D_SM5)' being destroyed
[2020.11.19-13.07.13:969][144]LogPlayLevel: Display: Shutting down PIE online subsystems
[2020.11.19-13.07.13:970][144]LogBlueprintUserMessages: Late EndPlayMap Detection: Level '/Game/ThirdPersonCPP/Maps/ThirdPersonExampleMap.ThirdPersonExampleMap:PersistentLevel' has LevelScriptBlueprint '/Game/ThirdPersonCPP/Maps/ThirdPersonExampleMap.ThirdPersonExampleMap:PersistentLevel.ThirdPersonExampleMap' with GeneratedClass '/Game/ThirdPersonCPP/Maps/ThirdPersonExampleMap.ThirdPersonExampleMap_C' with ClassGeneratedBy '/Game/ThirdPersonCPP/Maps/ThirdPersonExampleMap.ThirdPersonExampleMap:PersistentLevel.ThirdPersonExampleMap'
[2020.11.19-13.07.14:003][144]LogUObjectHash: Compacting FUObjectHashTables data took   2.24ms
[2020.11.19-13.07.14:025][145]LogPlayLevel: Display: Destroying online subsystem :Context_7
[2020.11.19-13.07.20:835][959]Candidate modules for hot reload:
[2020.11.19-13.07.20:835][959]  MyProject
[2020.11.19-13.07.20:835][959]Launching UnrealBuildTool... [C:/UE_4.22/UE_4.22/Engine/Binaries/DotNET/UnrealBuildTool.exe  -ModuleWithSuffix=MyProject,8605 Win64 Development -TargetType=Editor -Project="C:/Users/1804824/Desktop/UnrealYouTubeRepo/UnrealAnimationPracticeVids/MyProject/MyProject.uproject" "C:/Users/1804824/Desktop/UnrealYouTubeRepo/UnrealAnimationPracticeVids/MyProject/MyProject.uproject"  -IgnoreJunk]
[2020.11.19-13.07.20:838][959]Warning: Starting HotReload took  0.0s.
[2020.11.19-13.07.28:164][839]CompilerResultsLog: New page: Compilation - 19 Nov 2020 13:07:28
[2020.11.19-13.07.28:164][839]CompilerResultsLog: Using 'git status' to determine working set for adaptive non-unity build (C:\Users\1804824\Desktop\UnrealYouTubeRepo\UnrealAnimationPracticeVids).
[2020.11.19-13.07.28:165][839]CompilerResultsLog: Creating makefile for MyProjectEditor (ini files are newer than makefile)
[2020.11.19-13.07.28:165][839]CompilerResultsLog: Parsing headers for MyProjectEditor
[2020.11.19-13.07.28:165][839]CompilerResultsLog:   Running UnrealHeaderTool "C:\Users\1804824\Desktop\UnrealYouTubeRepo\UnrealAnimationPracticeVids\MyProject\MyProject.uproject" "C:\Users\1804824\Desktop\UnrealYouTubeRepo\UnrealAnimationPracticeVids\MyProject\Intermediate\Build\Win64\MyProjectEditor\Development\MyProjectEditor.uhtmanifest" -LogCmds="loginit warning, logexit warning, logdatabase error" -Unattended -WarningsAsErrors -installed
[2020.11.19-13.07.28:165][839]CompilerResultsLog: Reflection code generated for MyProjectEditor in 5.1665043 seconds
[2020.11.19-13.07.28:165][839]CompilerResultsLog: Using Visual Studio 2019 14.23.28105 toolchain (C:\Program Files (x86)\Microsoft Visual Studio\2019\Community\VC\Tools\MSVC\14.23.28105) and Windows 10.0.18362.0 SDK (C:\Program Files (x86)\Windows Kits\10).
[2020.11.19-13.07.28:165][839]CompilerResultsLog: Building 3 actions with 16 processes...
[2020.11.19-13.07.28:165][839]CompilerResultsLog:   [1/3] UE4Editor-MyProject-8605.lib
[2020.11.19-13.07.28:165][839]CompilerResultsLog:      Creating library C:\Users\1804824\Desktop\UnrealYouTubeRepo\UnrealAnimationPracticeVids\MyProject\Intermediate\Build\Win64\UE4Editor\Development\MyProject\UE4Editor-MyProject-8605.lib and object C:\Users\1804824\Desktop\UnrealYouTubeRepo\UnrealAnimationPracticeVids\MyProject\Intermediate\Build\Win64\UE4Editor\Development\MyProject\UE4Editor-MyProject-8605.exp
[2020.11.19-13.07.28:165][839]CompilerResultsLog:   [2/3] UE4Editor-MyProject-8605.dll
[2020.11.19-13.07.28:165][839]CompilerResultsLog:      Creating library C:\Users\1804824\Desktop\UnrealYouTubeRepo\UnrealAnimationPracticeVids\MyProject\Intermediate\Build\Win64\UE4Editor\Development\MyProject\UE4Editor-MyProject-8605.suppressed.lib and object C:\Users\1804824\Desktop\UnrealYouTubeRepo\UnrealAnimationPracticeVids\MyProject\Intermediate\Build\Win64\UE4Editor\Development\MyProject\UE4Editor-MyProject-8605.suppressed.exp
[2020.11.19-13.07.28:166][839]CompilerResultsLog:   [3/3] MyProjectEditor.target
[2020.11.19-13.07.28:166][839]CompilerResultsLog: Total time in Parallel executor: 0.69 seconds
[2020.11.19-13.07.28:166][839]CompilerResultsLog: Total execution time: 7.25 seconds
[2020.11.19-13.07.28:166][839]LogMainFrame: MainFrame: Module compiling took 7.333 seconds
[2020.11.19-13.07.28:190][839]LogUObjectHash: Compacting FUObjectHashTables data took   0.65ms
[2020.11.19-13.07.28:190][839]LogBlueprintActionDatabase: Requesting refresh due to module change: MyProject (unloaded)
[2020.11.19-13.07.28:298][839]LogClass: EAttackType HotReload.
[2020.11.19-13.07.28:298][839]LogClass: ELogOutput HotReload.
[2020.11.19-13.07.28:298][839]LogClass: ELogLevel HotReload.
[2020.11.19-13.07.28:302][839]LogBlueprintActionDatabase: Requesting refresh due to module change: MyProject (loaded)
[2020.11.19-13.07.28:303][839]LogContentBrowser: Native class hierarchy updated for 'MyProject' in 0.0004 seconds. Added 3 classes and 2 folders.
[2020.11.19-13.07.28:306][839]Display: HotReload successful (1 functions remapped  0 scriptstructs remapped)
[2020.11.19-13.07.28:354][839]LogUObjectHash: Compacting FUObjectHashTables data took   1.22ms
[2020.11.19-13.07.28:355][839]LogBlueprintActionDatabase: Requesting refresh due to hot reload
[2020.11.19-13.07.28:367][839]LogContentBrowser: Native class hierarchy populated in 0.0069 seconds. Added 2736 classes and 663 folders.
[2020.11.19-13.07.28:367][839]Display: HotReload took  7.5s.
[2020.11.19-13.07.37:317][889]LogEditorViewport: Clicking on Actor (LMB): ThirdPersonCharacter_C (ThirdPersonCharacter)
[2020.11.19-13.07.38:085][965]LogSlate: FSceneViewport::OnFocusLost() reason 5
[2020.11.19-13.07.38:092][965]LogAssetEditorManager: Opening Asset editor for Blueprint /Game/ThirdPersonCPP/Blueprints/ThirdPersonCharacter.ThirdPersonCharacter
[2020.11.19-13.07.42:382][372]LogSlate: Took 0.000268 seconds to synchronously load lazily loaded font '../../../Engine/Content/Slate/Fonts/Roboto-Italic.ttf' (157K)
[2020.11.19-13.07.47:917][748]LogTemp: Repeating last play command: New Editor Window (PIE)
[2020.11.19-13.07.47:928][748]LogBlueprintUserMessages: Early PlayInEditor Detection: Level '/Game/ThirdPersonCPP/Maps/ThirdPersonExampleMap.ThirdPersonExampleMap:PersistentLevel' has LevelScriptBlueprint '/Game/ThirdPersonCPP/Maps/ThirdPersonExampleMap.ThirdPersonExampleMap:PersistentLevel.ThirdPersonExampleMap' with GeneratedClass '/Game/ThirdPersonCPP/Maps/ThirdPersonExampleMap.ThirdPersonExampleMap_C' with ClassGeneratedBy '/Game/ThirdPersonCPP/Maps/ThirdPersonExampleMap.ThirdPersonExampleMap:PersistentLevel.ThirdPersonExampleMap'
[2020.11.19-13.07.47:928][748]LogPlayLevel: PlayLevel: No blueprints needed recompiling
[2020.11.19-13.07.47:928][748]PIE: New page: PIE session: ThirdPersonExampleMap (19 Nov 2020 13:07:47)
[2020.11.19-13.07.47:928][748]LogPlayLevel: Creating play world package: /Game/ThirdPersonCPP/Maps/UEDPIE_0_ThirdPersonExampleMap
[2020.11.19-13.07.47:937][748]LogPlayLevel: PIE: StaticDuplicateObject took: (0.008719s)
[2020.11.19-13.07.47:938][748]LogAIModule: Creating AISystem for world ThirdPersonExampleMap
[2020.11.19-13.07.47:938][748]LogPlayLevel: PIE: World Init took: (0.000776s)
[2020.11.19-13.07.47:939][748]LogPlayLevel: PIE: Created PIE world by copying editor world from /Game/ThirdPersonCPP/Maps/ThirdPersonExampleMap.ThirdPersonExampleMap to /Game/ThirdPersonCPP/Maps/UEDPIE_0_ThirdPersonExampleMap.ThirdPersonExampleMap (0.009939s)
[2020.11.19-13.07.47:998][748]LogUObjectHash: Compacting FUObjectHashTables data took   3.64ms
[2020.11.19-13.07.48:042][748]LogInit: XAudio2 using 'Headphones (HD 4.40BT Stereo)' : 2 channels at 44.1 kHz using 16 bits per sample (channel mask 0x3)
[2020.11.19-13.07.48:053][748]LogInit: FAudioDevice initialized.
[2020.11.19-13.07.48:059][748]LogSlate: Updating window title bar state: overlay mode, drag disabled, window buttons hidden, title bar hidden
[2020.11.19-13.07.48:092][748]LogLoad: Game class is 'MyProjectGameMode'
[2020.11.19-13.07.48:094][748]LogWorld: Bringing World /Game/ThirdPersonCPP/Maps/UEDPIE_0_ThirdPersonExampleMap.ThirdPersonExampleMap up for play (max tick rate 0) at 2020.11.19-13.07.48
[2020.11.19-13.07.48:094][748]LogWorld: Bringing up level for play took: 0.001268
[2020.11.19-13.07.48:110][748]PIE: Play in editor start time for /Game/ThirdPersonCPP/Maps/UEDPIE_0_ThirdPersonExampleMap 1.168
[2020.11.19-13.07.48:111][748]LogBlueprintUserMessages: Late PlayInEditor Detection: Level '/Game/ThirdPersonCPP/Maps/ThirdPersonExampleMap.ThirdPersonExampleMap:PersistentLevel' has LevelScriptBlueprint '/Game/ThirdPersonCPP/Maps/ThirdPersonExampleMap.ThirdPersonExampleMap:PersistentLevel.ThirdPersonExampleMap' with GeneratedClass '/Game/ThirdPersonCPP/Maps/ThirdPersonExampleMap.ThirdPersonExampleMap_C' with ClassGeneratedBy '/Game/ThirdPersonCPP/Maps/ThirdPersonExampleMap.ThirdPersonExampleMap:PersistentLevel.ThirdPersonExampleMap'
[2020.11.19-13.08.12:448][663]LogBlueprintUserMessages: Early EndPlayMap Detection: Level '/Game/ThirdPersonCPP/Maps/ThirdPersonExampleMap.ThirdPersonExampleMap:PersistentLevel' has LevelScriptBlueprint '/Game/ThirdPersonCPP/Maps/ThirdPersonExampleMap.ThirdPersonExampleMap:PersistentLevel.ThirdPersonExampleMap' with GeneratedClass '/Game/ThirdPersonCPP/Maps/ThirdPersonExampleMap.ThirdPersonExampleMap_C' with ClassGeneratedBy '/Game/ThirdPersonCPP/Maps/ThirdPersonExampleMap.ThirdPersonExampleMap:PersistentLevel.ThirdPersonExampleMap'
[2020.11.19-13.08.12:448][663]LogSlate: Updating window title bar state: overlay mode, drag disabled, window buttons hidden, title bar hidden
[2020.11.19-13.08.12:457][663]LogSlate: Window 'MyProject Game Preview Standalone (64-bit/PCD3D_SM5)' being destroyed
[2020.11.19-13.08.12:494][663]LogPlayLevel: Display: Shutting down PIE online subsystems
[2020.11.19-13.08.12:495][663]LogBlueprintUserMessages: Late EndPlayMap Detection: Level '/Game/ThirdPersonCPP/Maps/ThirdPersonExampleMap.ThirdPersonExampleMap:PersistentLevel' has LevelScriptBlueprint '/Game/ThirdPersonCPP/Maps/ThirdPersonExampleMap.ThirdPersonExampleMap:PersistentLevel.ThirdPersonExampleMap' with GeneratedClass '/Game/ThirdPersonCPP/Maps/ThirdPersonExampleMap.ThirdPersonExampleMap_C' with ClassGeneratedBy '/Game/ThirdPersonCPP/Maps/ThirdPersonExampleMap.ThirdPersonExampleMap:PersistentLevel.ThirdPersonExampleMap'
[2020.11.19-13.08.12:541][663]LogUObjectHash: Compacting FUObjectHashTables data took   2.07ms
[2020.11.19-13.08.12:562][664]LogPlayLevel: Display: Destroying online subsystem :Context_9
[2020.11.19-13.08.13:506][770]LogUObjectHash: Compacting FUObjectHashTables data took   0.66ms
[2020.11.19-13.08.13:543][770]LogUObjectHash: Compacting FUObjectHashTables data took   0.68ms
[2020.11.19-13.08.13:676][770]LogSavePackage: Moving '../../../../../Users/1804824/Desktop/UnrealYouTubeRepo/UnrealAnimationPracticeVids/MyProject/Saved/ThirdPersonExampleMapA38AAAA744B29B4B2D1CC39E0CE7F56A.tmp' to '../../../../../Users/1804824/Desktop/UnrealYouTubeRepo/UnrealAnimationPracticeVids/MyProject/Content/ThirdPersonCPP/Maps/ThirdPersonExampleMap.umap'
[2020.11.19-13.08.13:697][770]LogFileHelpers: Saving map 'ThirdPersonExampleMap' took 0.182
