Log file open, 02/05/21 13:08:55
LogInit: Display: Running engine for game: MyProject
LogPlatformFile: Not using cached read wrapper
LogTaskGraph: Started task graph with 5 named threads and 59 total threads with 3 sets of task threads.
LogStats: Stats thread started at 0.284880
LogD3D11RHI: Loaded GFSDK_Aftermath_Lib.x64.dll
LogICUInternationalization: ICU TimeZone Detection - Raw Offset: +0:00, Platform Override: ''
LogPluginManager: Mounting plugin Paper2D
LogPluginManager: Mounting plugin AISupport
LogPluginManager: Mounting plugin LightPropagationVolume
LogPluginManager: Mounting plugin CameraShakePreviewer
LogPluginManager: Mounting plugin ActorLayerUtilities
LogPluginManager: Mounting plugin AnimationSharing
LogPluginManager: Mounting plugin CLionSourceCodeAccess
LogPluginManager: Mounting plugin CodeLiteSourceCodeAccess
LogPluginManager: Mounting plugin GitSourceControl
LogPluginManager: Mounting plugin KDevelopSourceCodeAccess
LogPluginManager: Mounting plugin NullSourceCodeAccess
LogPluginManager: Mounting plugin PerforceSourceControl
LogPluginManager: Mounting plugin PlasticSourceControl
LogPluginManager: Mounting plugin RiderSourceCodeAccess
LogPluginManager: Mounting plugin SubversionSourceControl
LogPluginManager: Mounting plugin UObjectPlugin
LogPluginManager: Mounting plugin VisualStudioCodeSourceCodeAccess
LogPluginManager: Mounting plugin VisualStudioSourceCodeAccess
LogPluginManager: Mounting plugin XCodeSourceCodeAccess
LogPluginManager: Mounting plugin AssetManagerEditor
LogPluginManager: Mounting plugin CryptoKeys
LogPluginManager: Mounting plugin CurveEditorTools
LogPluginManager: Mounting plugin DataValidation
LogPluginManager: Mounting plugin EditorScriptingUtilities
LogPluginManager: Mounting plugin FacialAnimation
LogPluginManager: Mounting plugin GameplayTagsEditor
LogPluginManager: Mounting plugin GeometryMode
LogPluginManager: Mounting plugin MacGraphicsSwitching
LogPluginManager: Mounting plugin MaterialAnalyzer
LogPluginManager: Mounting plugin MobileLauncherProfileWizard
LogPluginManager: Mounting plugin PluginBrowser
LogPluginManager: Mounting plugin SpeedTreeImporter
LogPluginManager: Mounting plugin DatasmithContent
LogPluginManager: Mounting plugin VariantManagerContent
LogPluginManager: Mounting plugin AlembicImporter
LogPluginManager: Mounting plugin AutomationUtils
LogPluginManager: Mounting plugin BackChannel
LogPluginManager: Mounting plugin ChaosCloth
LogPluginManager: Mounting plugin ChaosClothEditor
LogPluginManager: Mounting plugin ChaosEditor
LogPluginManager: Mounting plugin ChaosNiagara
LogPluginManager: Mounting plugin ChaosSolverPlugin
LogPluginManager: Mounting plugin CharacterAI
LogPluginManager: Mounting plugin GeometryCache
LogPluginManager: Mounting plugin GeometryCollectionPlugin
LogPluginManager: Mounting plugin GeometryProcessing
LogPluginManager: Mounting plugin PlanarCut
LogPluginManager: Mounting plugin PlatformCrypto
LogPluginManager: Mounting plugin ProxyLODPlugin
LogPluginManager: Mounting plugin SkeletalReduction
LogPluginManager: Mounting plugin Niagara
LogPluginManager: Mounting plugin MagicLeap
LogPluginManager: Mounting plugin MagicLeapLightEstimation
LogPluginManager: Mounting plugin MagicLeapMedia
LogPluginManager: Mounting plugin MagicLeapPassableWorld
LogPluginManager: Mounting plugin MLSDK
LogPluginManager: Mounting plugin DarkerNodes
LogPluginManager: Mounting plugin ElectronicNodes
LogPluginManager: Mounting plugin AndroidMedia
LogPluginManager: Mounting plugin AvfMedia
LogPluginManager: Mounting plugin ImgMedia
LogPluginManager: Mounting plugin MediaCompositing
LogPluginManager: Mounting plugin MediaPlayerEditor
LogPluginManager: Mounting plugin WebMMedia
LogPluginManager: Mounting plugin WmfMedia
LogPluginManager: Mounting plugin MeshPainting
LogPluginManager: Mounting plugin TcpMessaging
LogPluginManager: Mounting plugin UdpMessaging
LogPluginManager: Mounting plugin ActorSequence
LogPluginManager: Mounting plugin LevelSequenceEditor
LogPluginManager: Mounting plugin MatineeToLevelSequence
LogPluginManager: Mounting plugin MovieRenderPipeline
LogPluginManager: Mounting plugin TemplateSequence
LogPluginManager: Mounting plugin NetcodeUnitTest
LogPluginManager: Mounting plugin NUTUnrealEngine4
LogPluginManager: Mounting plugin OnlineSubsystemGooglePlay
LogPluginManager: Mounting plugin OnlineSubsystemIOS
LogPluginManager: Mounting plugin OnlineSubsystem
LogPluginManager: Mounting plugin OnlineSubsystemNull
LogPluginManager: Mounting plugin OnlineSubsystemUtils
LogPluginManager: Mounting plugin LauncherChunkInstaller
LogPluginManager: Mounting plugin AndroidDeviceProfileSelector
LogPluginManager: Mounting plugin AndroidMoviePlayer
LogPluginManager: Mounting plugin AndroidPermission
LogPluginManager: Mounting plugin ApexDestruction
LogPluginManager: Mounting plugin AppleImageUtils
LogPluginManager: Mounting plugin AppleMoviePlayer
LogPluginManager: Mounting plugin ArchVisCharacter
LogPluginManager: Mounting plugin AssetTags
LogPluginManager: Mounting plugin AudioCapture
LogPluginManager: Mounting plugin CableComponent
LogPluginManager: Mounting plugin CustomMeshComponent
LogPluginManager: Mounting plugin EditableMesh
LogPluginManager: Mounting plugin ExampleDeviceProfileSelector
LogPluginManager: Mounting plugin GoogleCloudMessaging
LogPluginManager: Mounting plugin GooglePAD
LogPluginManager: Mounting plugin IOSDeviceProfileSelector
LogPluginManager: Mounting plugin LinuxDeviceProfileSelector
LogPluginManager: Mounting plugin LocationServicesBPLibrary
LogPluginManager: Mounting plugin MobilePatchingUtils
LogPluginManager: Mounting plugin OculusVR
LogPluginManager: Mounting plugin PhysXVehicles
LogPluginManager: Mounting plugin PostSplashScreen
LogPluginManager: Mounting plugin ProceduralMeshComponent
LogPluginManager: Mounting plugin RuntimePhysXCooking
LogPluginManager: Mounting plugin SignificanceManager
LogPluginManager: Mounting plugin SoundFields
LogPluginManager: Mounting plugin SteamVR
LogPluginManager: Mounting plugin Synthesis
LogPluginManager: Mounting plugin WebMMoviePlayer
LogPluginManager: Mounting plugin WindowsMoviePlayer
LogPluginManager: Mounting plugin ScreenshotTools
LogInit: Using libcurl 7.55.1-DEV
LogInit:  - built for x86_64-pc-win32
LogInit:  - supports SSL with OpenSSL/1.1.1
LogInit:  - supports HTTP deflate (compression) using libz 1.2.8
LogInit:  - other features:
LogInit:      CURL_VERSION_SSL
LogInit:      CURL_VERSION_LIBZ
LogInit:      CURL_VERSION_IPV6
LogInit:      CURL_VERSION_ASYNCHDNS
LogInit:      CURL_VERSION_LARGEFILE
LogInit:      CURL_VERSION_IDN
LogInit:  CurlRequestOptions (configurable via config and command line):
LogInit:  - bVerifyPeer = true  - Libcurl will verify peer certificate
LogInit:  - bUseHttpProxy = false  - Libcurl will NOT use HTTP proxy
LogInit:  - bDontReuseConnections = false  - Libcurl will reuse connections
LogInit:  - MaxHostConnections = 16  - Libcurl will limit the number of connections to a host
LogInit:  - LocalHostAddr = Default
LogInit:  - BufferSize = 65536
LogOnline: OSS: Creating online subsystem instance for: NULL
LogInit: WinSock: version 1.1 (2.2), MaxSocks=32767, MaxUdp=65467
LogOnline: OSS: TryLoadSubsystemAndSetDefault: Loaded subsystem for module [NULL]
LogInit: Build: ++UE4+Release-4.25-CL-14469661
LogInit: Engine Version: 4.25.4-14469661+++UE4+Release-4.25
LogInit: Compatible Engine Version: 4.25.0-13144385+++UE4+Release-4.25
LogInit: Net CL: 13144385
LogInit: OS: Windows 10 (Release 2009) (), CPU: Intel(R) Core(TM) i9-10850K CPU @ 3.60GHz, GPU: NVIDIA GeForce RTX 3090
LogInit: Compiled (64-bit): Oct 11 2020 08:10:49
LogInit: Compiled with Visual C++: 19.24.28315.00
LogInit: Build Configuration: Development
LogInit: Branch Name: ++UE4+Release-4.25
LogInit: Command Line:  -skipcompile
LogInit: Base Directory: C:/Program Files/Epic Games/UE_4.25/Engine/Binaries/Win64/
LogInit: Allocator: TBB
LogInit: Installed Engine Build: 1
LogDevObjectVersion: Number of dev versions registered: 26
LogDevObjectVersion:   Dev-Blueprints (B0D832E4-1F89-4F0D-ACCF-7EB736FD4AA2): 10
LogDevObjectVersion:   Dev-Build (E1C64328-A22C-4D53-A36C-8E866417BD8C): 0
LogDevObjectVersion:   Dev-Core (375EC13C-06E4-48FB-B500-84F0262A717E): 4
LogDevObjectVersion:   Dev-Editor (E4B068ED-F494-42E9-A231-DA0B2E46BB41): 38
LogDevObjectVersion:   Dev-Framework (CFFC743F-43B0-4480-9391-14DF171D2073): 37
LogDevObjectVersion:   Dev-Mobile (B02B49B5-BB20-44E9-A304-32B752E40360): 2
LogDevObjectVersion:   Dev-Networking (A4E4105C-59A1-49B5-A7C5-40C4547EDFEE): 0
LogDevObjectVersion:   Dev-Online (39C831C9-5AE6-47DC-9A44-9C173E1C8E7C): 0
LogDevObjectVersion:   Dev-Physics (78F01B33-EBEA-4F98-B9B4-84EACCB95AA2): 4
LogDevObjectVersion:   Dev-Platform (6631380F-2D4D-43E0-8009-CF276956A95A): 0
LogDevObjectVersion:   Dev-Rendering (12F88B9F-8875-4AFC-A67C-D90C383ABD29): 43
LogDevObjectVersion:   Dev-Sequencer (7B5AE74C-D270-4C10-A958-57980B212A5A): 12
LogDevObjectVersion:   Dev-VR (D7296918-1DD6-4BDD-9DE2-64A83CC13884): 3
LogDevObjectVersion:   Dev-LoadTimes (C2A15278-BFE7-4AFE-6C17-90FF531DF755): 1
LogDevObjectVersion:   Private-Geometry (6EACA3D4-40EC-4CC1-B786-8BED09428FC5): 3
LogDevObjectVersion:   Dev-AnimPhys (29E575DD-E0A3-4627-9D10-D276232CDCEA): 17
LogDevObjectVersion:   Dev-Anim (AF43A65D-7FD3-4947-9873-3E8ED9C1BB05): 7
LogDevObjectVersion:   Dev-ReflectionCapture (6B266CEC-1EC7-4B8F-A30B-E4D90942FC07): 1
LogDevObjectVersion:   Dev-Automation (0DF73D61-A23F-47EA-B727-89E90C41499A): 1
LogDevObjectVersion:   FortniteMain (601D1886-AC64-4F84-AA16-D3DE0DEAC7D6): 31
LogDevObjectVersion:   Dev-Enterprise (9DFFBCD6-494F-0158-E221-12823C92A888): 10
LogDevObjectVersion:   Dev-Niagara (F2AED0AC-9AFE-416F-8664-AA7FFA26D6FC): 1
LogDevObjectVersion:   Dev-Destruction (174F1F0B-B4C6-45A5-B13F-2EE8D0FB917D): 10
LogDevObjectVersion:   Dev-Physics-Ext (35F94A83-E258-406C-A318-09F59610247C): 37
LogDevObjectVersion:   Dev-PhysicsMaterial-Chaos (B68FC16E-8B1B-42E2-B453-215C058844FE): 1
LogDevObjectVersion:   Dev-CineCamera (B2E18506-4273-CFC2-A54E-F4BB758BBA07): 1
LogInit: Presizing for max 25165824 objects, including 0 objects not considered by GC, pre-allocating 0 bytes for permanent pool.
LogConfig: Applying CVar settings from Section [/Script/Engine.StreamingSettings] File [C:/Users/Morgan/Desktop/UnrealAnimationPracticeVids/UnrealAnimationPracticeVids/MyProject/Saved/Config/Windows/Engine.ini]
LogConfig: Setting CVar [[s.MinBulkDataSizeForAsyncLoading:131072]]
LogConfig: Setting CVar [[s.AsyncLoadingThreadEnabled:0]]
LogConfig: Setting CVar [[s.EventDrivenLoaderEnabled:1]]
LogConfig: Setting CVar [[s.WarnIfTimeLimitExceeded:0]]
LogConfig: Setting CVar [[s.TimeLimitExceededMultiplier:1.5]]
LogConfig: Setting CVar [[s.TimeLimitExceededMinTime:0.005]]
LogConfig: Setting CVar [[s.UseBackgroundLevelStreaming:1]]
LogConfig: Setting CVar [[s.PriorityAsyncLoadingExtraTime:15.0]]
LogConfig: Setting CVar [[s.LevelStreamingActorsUpdateTimeLimit:5.0]]
LogConfig: Setting CVar [[s.PriorityLevelStreamingActorsUpdateExtraTime:5.0]]
LogConfig: Setting CVar [[s.LevelStreamingComponentsRegistrationGranularity:10]]
LogConfig: Setting CVar [[s.UnregisterComponentsTimeLimit:1.0]]
LogConfig: Setting CVar [[s.LevelStreamingComponentsUnregistrationGranularity:5]]
LogConfig: Setting CVar [[s.FlushStreamingOnExit:1]]
LogInit: Object subsystem initialized
LogConfig: Setting CVar [[con.DebugEarlyDefault:1]]
LogConfig: Setting CVar [[r.setres:1280x720]]
[2021.02.05-13.08.55:743][  0]LogConfig: Setting CVar [[r.VSync:0]]
[2021.02.05-13.08.55:743][  0]LogConfig: Setting CVar [[r.RHICmdBypass:0]]
[2021.02.05-13.08.55:743][  0]LogConfig: Applying CVar settings from Section [/Script/Engine.RendererSettings] File [C:/Users/Morgan/Desktop/UnrealAnimationPracticeVids/UnrealAnimationPracticeVids/MyProject/Saved/Config/Windows/Engine.ini]
[2021.02.05-13.08.55:743][  0]LogConfig: Setting CVar [[r.GPUCrashDebugging:0]]
[2021.02.05-13.08.55:743][  0]LogConfig: Applying CVar settings from Section [/Script/Engine.RendererOverrideSettings] File [C:/Users/Morgan/Desktop/UnrealAnimationPracticeVids/UnrealAnimationPracticeVids/MyProject/Saved/Config/Windows/Engine.ini]
[2021.02.05-13.08.55:743][  0]LogConfig: Applying CVar settings from Section [/Script/Engine.StreamingSettings] File [C:/Users/Morgan/Desktop/UnrealAnimationPracticeVids/UnrealAnimationPracticeVids/MyProject/Saved/Config/Windows/Engine.ini]
[2021.02.05-13.08.55:743][  0]LogConfig: Setting CVar [[s.MinBulkDataSizeForAsyncLoading:131072]]
[2021.02.05-13.08.55:743][  0]LogConfig: Setting CVar [[s.AsyncLoadingThreadEnabled:0]]
[2021.02.05-13.08.55:743][  0]LogConfig: Setting CVar [[s.EventDrivenLoaderEnabled:1]]
[2021.02.05-13.08.55:743][  0]LogConfig: Setting CVar [[s.WarnIfTimeLimitExceeded:0]]
[2021.02.05-13.08.55:743][  0]LogConfig: Setting CVar [[s.TimeLimitExceededMultiplier:1.5]]
[2021.02.05-13.08.55:743][  0]LogConfig: Setting CVar [[s.TimeLimitExceededMinTime:0.005]]
[2021.02.05-13.08.55:743][  0]LogConfig: Setting CVar [[s.UseBackgroundLevelStreaming:1]]
[2021.02.05-13.08.55:743][  0]LogConfig: Setting CVar [[s.PriorityAsyncLoadingExtraTime:15.0]]
[2021.02.05-13.08.55:743][  0]LogConfig: Setting CVar [[s.LevelStreamingActorsUpdateTimeLimit:5.0]]
[2021.02.05-13.08.55:744][  0]LogConfig: Setting CVar [[s.PriorityLevelStreamingActorsUpdateExtraTime:5.0]]
[2021.02.05-13.08.55:744][  0]LogConfig: Setting CVar [[s.LevelStreamingComponentsRegistrationGranularity:10]]
[2021.02.05-13.08.55:744][  0]LogConfig: Setting CVar [[s.UnregisterComponentsTimeLimit:1.0]]
[2021.02.05-13.08.55:744][  0]LogConfig: Setting CVar [[s.LevelStreamingComponentsUnregistrationGranularity:5]]
[2021.02.05-13.08.55:744][  0]LogConfig: Setting CVar [[s.FlushStreamingOnExit:1]]
[2021.02.05-13.08.55:744][  0]LogConfig: Applying CVar settings from Section [/Script/Engine.GarbageCollectionSettings] File [C:/Users/Morgan/Desktop/UnrealAnimationPracticeVids/UnrealAnimationPracticeVids/MyProject/Saved/Config/Windows/Engine.ini]
[2021.02.05-13.08.55:744][  0]LogConfig: Setting CVar [[gc.MaxObjectsNotConsideredByGC:1]]
[2021.02.05-13.08.55:744][  0]LogConfig: Setting CVar [[gc.SizeOfPermanentObjectPool:0]]
[2021.02.05-13.08.55:744][  0]LogConfig: Setting CVar [[gc.FlushStreamingOnGC:0]]
[2021.02.05-13.08.55:744][  0]LogConfig: Setting CVar [[gc.NumRetriesBeforeForcingGC:10]]
[2021.02.05-13.08.55:744][  0]LogConfig: Setting CVar [[gc.AllowParallelGC:1]]
[2021.02.05-13.08.55:744][  0]LogConfig: Setting CVar [[gc.TimeBetweenPurgingPendingKillObjects:61.1]]
[2021.02.05-13.08.55:744][  0]LogConfig: Setting CVar [[gc.MaxObjectsInEditor:25165824]]
[2021.02.05-13.08.55:744][  0]LogConfig: Setting CVar [[gc.IncrementalBeginDestroyEnabled:1]]
[2021.02.05-13.08.55:745][  0]LogConfig: Setting CVar [[gc.CreateGCClusters:1]]
[2021.02.05-13.08.55:745][  0]LogConfig: Setting CVar [[gc.MinGCClusterSize:5]]
[2021.02.05-13.08.55:745][  0]LogConfig: Setting CVar [[gc.ActorClusteringEnabled:0]]
[2021.02.05-13.08.55:745][  0]LogConfig: Setting CVar [[gc.BlueprintClusteringEnabled:0]]
[2021.02.05-13.08.55:745][  0]LogConfig: Setting CVar [[gc.UseDisregardForGCOnDedicatedServers:0]]
[2021.02.05-13.08.55:745][  0]LogConfig: Applying CVar settings from Section [/Script/Engine.NetworkSettings] File [C:/Users/Morgan/Desktop/UnrealAnimationPracticeVids/UnrealAnimationPracticeVids/MyProject/Saved/Config/Windows/Engine.ini]
[2021.02.05-13.08.55:745][  0]LogConfig: Applying CVar settings from Section [/Script/UnrealEd.CookerSettings] File [C:/Users/Morgan/Desktop/UnrealAnimationPracticeVids/UnrealAnimationPracticeVids/MyProject/Saved/Config/Windows/Engine.ini]
[2021.02.05-13.08.55:754][  0]LogConfig: Applying CVar settings from Section [ViewDistanceQuality@3] File [C:/Users/Morgan/Desktop/UnrealAnimationPracticeVids/UnrealAnimationPracticeVids/MyProject/Saved/Config/Windows/Scalability.ini]
[2021.02.05-13.08.55:754][  0]LogConfig: Setting CVar [[r.SkeletalMeshLODBias:0]]
[2021.02.05-13.08.55:754][  0]LogConfig: Setting CVar [[r.ViewDistanceScale:1.0]]
[2021.02.05-13.08.55:754][  0]LogConfig: Applying CVar settings from Section [AntiAliasingQuality@3] File [C:/Users/Morgan/Desktop/UnrealAnimationPracticeVids/UnrealAnimationPracticeVids/MyProject/Saved/Config/Windows/Scalability.ini]
[2021.02.05-13.08.55:754][  0]LogConfig: Setting CVar [[r.PostProcessAAQuality:4]]
[2021.02.05-13.08.55:754][  0]LogConfig: Applying CVar settings from Section [ShadowQuality@3] File [C:/Users/Morgan/Desktop/UnrealAnimationPracticeVids/UnrealAnimationPracticeVids/MyProject/Saved/Config/Windows/Scalability.ini]
[2021.02.05-13.08.55:754][  0]LogConfig: Setting CVar [[r.LightFunctionQuality:1]]
[2021.02.05-13.08.55:754][  0]LogConfig: Setting CVar [[r.ShadowQuality:5]]
[2021.02.05-13.08.55:754][  0]LogConfig: Setting CVar [[r.Shadow.CSM.MaxCascades:10]]
[2021.02.05-13.08.55:754][  0]LogConfig: Setting CVar [[r.Shadow.MaxResolution:2048]]
[2021.02.05-13.08.55:754][  0]LogConfig: Setting CVar [[r.Shadow.MaxCSMResolution:2048]]
[2021.02.05-13.08.55:754][  0]LogConfig: Setting CVar [[r.Shadow.RadiusThreshold:0.01]]
[2021.02.05-13.08.55:754][  0]LogConfig: Setting CVar [[r.Shadow.DistanceScale:1.0]]
[2021.02.05-13.08.55:754][  0]LogConfig: Setting CVar [[r.Shadow.CSM.TransitionScale:1.0]]
[2021.02.05-13.08.55:754][  0]LogConfig: Setting CVar [[r.Shadow.PreShadowResolutionFactor:1.0]]
[2021.02.05-13.08.55:754][  0]LogConfig: Setting CVar [[r.DistanceFieldShadowing:1]]
[2021.02.05-13.08.55:754][  0]LogConfig: Setting CVar [[r.DistanceFieldAO:1]]
[2021.02.05-13.08.55:755][  0]LogConfig: Setting CVar [[r.AOQuality:2]]
[2021.02.05-13.08.55:755][  0]LogConfig: Setting CVar [[r.VolumetricFog:1]]
[2021.02.05-13.08.55:755][  0]LogConfig: Setting CVar [[r.VolumetricFog.GridPixelSize:8]]
[2021.02.05-13.08.55:755][  0]LogConfig: Setting CVar [[r.VolumetricFog.GridSizeZ:128]]
[2021.02.05-13.08.55:755][  0]LogConfig: Setting CVar [[r.VolumetricFog.HistoryMissSupersampleCount:4]]
[2021.02.05-13.08.55:755][  0]LogConfig: Setting CVar [[r.LightMaxDrawDistanceScale:1]]
[2021.02.05-13.08.55:755][  0]LogConfig: Setting CVar [[r.CapsuleShadows:1]]
[2021.02.05-13.08.55:755][  0]LogConfig: Applying CVar settings from Section [PostProcessQuality@3] File [C:/Users/Morgan/Desktop/UnrealAnimationPracticeVids/UnrealAnimationPracticeVids/MyProject/Saved/Config/Windows/Scalability.ini]
[2021.02.05-13.08.55:755][  0]LogConfig: Setting CVar [[r.MotionBlurQuality:4]]
[2021.02.05-13.08.55:755][  0]LogConfig: Setting CVar [[r.AmbientOcclusionMipLevelFactor:0.4]]
[2021.02.05-13.08.55:755][  0]LogConfig: Setting CVar [[r.AmbientOcclusionMaxQuality:100]]
[2021.02.05-13.08.55:755][  0]LogConfig: Setting CVar [[r.AmbientOcclusionLevels:-1]]
[2021.02.05-13.08.55:755][  0]LogConfig: Setting CVar [[r.AmbientOcclusionRadiusScale:1.0]]
[2021.02.05-13.08.55:755][  0]LogConfig: Setting CVar [[r.DepthOfFieldQuality:2]]
[2021.02.05-13.08.55:755][  0]LogConfig: Setting CVar [[r.RenderTargetPoolMin:400]]
[2021.02.05-13.08.55:755][  0]LogConfig: Setting CVar [[r.LensFlareQuality:2]]
[2021.02.05-13.08.55:755][  0]LogConfig: Setting CVar [[r.SceneColorFringeQuality:1]]
[2021.02.05-13.08.55:755][  0]LogConfig: Setting CVar [[r.EyeAdaptationQuality:2]]
[2021.02.05-13.08.55:755][  0]LogConfig: Setting CVar [[r.BloomQuality:5]]
[2021.02.05-13.08.55:755][  0]LogConfig: Setting CVar [[r.FastBlurThreshold:100]]
[2021.02.05-13.08.55:756][  0]LogConfig: Setting CVar [[r.Upscale.Quality:3]]
[2021.02.05-13.08.55:756][  0]LogConfig: Setting CVar [[r.Tonemapper.GrainQuantization:1]]
[2021.02.05-13.08.55:756][  0]LogConfig: Setting CVar [[r.LightShaftQuality:1]]
[2021.02.05-13.08.55:756][  0]LogConfig: Setting CVar [[r.Filter.SizeScale:1]]
[2021.02.05-13.08.55:756][  0]LogConfig: Setting CVar [[r.Tonemapper.Quality:5]]
[2021.02.05-13.08.55:756][  0]LogConfig: Setting CVar [[r.DOF.Gather.AccumulatorQuality:1        ; higher gathering accumulator quality]]
[2021.02.05-13.08.55:756][  0]LogConfig: Setting CVar [[r.DOF.Gather.PostfilterMethod:1          ; Median3x3 postfilering method]]
[2021.02.05-13.08.55:756][  0]LogConfig: Setting CVar [[r.DOF.Gather.EnableBokehSettings:0       ; no bokeh simulation when gathering]]
[2021.02.05-13.08.55:756][  0]LogConfig: Setting CVar [[r.DOF.Gather.RingCount:4                 ; medium number of samples when gathering]]
[2021.02.05-13.08.55:756][  0]LogConfig: Setting CVar [[r.DOF.Scatter.ForegroundCompositing:1    ; additive foreground scattering]]
[2021.02.05-13.08.55:756][  0]LogConfig: Setting CVar [[r.DOF.Scatter.BackgroundCompositing:2    ; additive background scattering]]
[2021.02.05-13.08.55:756][  0]LogConfig: Setting CVar [[r.DOF.Scatter.EnableBokehSettings:1      ; bokeh simulation when scattering]]
[2021.02.05-13.08.55:756][  0]LogConfig: Setting CVar [[r.DOF.Scatter.MaxSpriteRatio:0.1         ; only a maximum of 10% of scattered bokeh]]
[2021.02.05-13.08.55:756][  0]LogConfig: Setting CVar [[r.DOF.Recombine.Quality:1                ; cheap slight out of focus]]
[2021.02.05-13.08.55:756][  0]LogConfig: Setting CVar [[r.DOF.Recombine.EnableBokehSettings:0    ; no bokeh simulation on slight out of focus]]
[2021.02.05-13.08.55:756][  0]LogConfig: Setting CVar [[r.DOF.TemporalAAQuality:1                ; more stable temporal accumulation]]
[2021.02.05-13.08.55:756][  0]LogConfig: Setting CVar [[r.DOF.Kernel.MaxForegroundRadius:0.025]]
[2021.02.05-13.08.55:756][  0]LogConfig: Setting CVar [[r.DOF.Kernel.MaxBackgroundRadius:0.025]]
[2021.02.05-13.08.55:756][  0]LogConfig: Applying CVar settings from Section [TextureQuality@3] File [C:/Users/Morgan/Desktop/UnrealAnimationPracticeVids/UnrealAnimationPracticeVids/MyProject/Saved/Config/Windows/Scalability.ini]
[2021.02.05-13.08.55:756][  0]LogConfig: Setting CVar [[r.Streaming.MipBias:0]]
[2021.02.05-13.08.55:757][  0]LogConfig: Setting CVar [[r.Streaming.AmortizeCPUToGPUCopy:0]]
[2021.02.05-13.08.55:757][  0]LogConfig: Setting CVar [[r.Streaming.MaxNumTexturesToStreamPerFrame:0]]
[2021.02.05-13.08.55:757][  0]LogConfig: Setting CVar [[r.Streaming.Boost:1]]
[2021.02.05-13.08.55:757][  0]LogConfig: Setting CVar [[r.MaxAnisotropy:8]]
[2021.02.05-13.08.55:757][  0]LogConfig: Setting CVar [[r.VT.MaxAnisotropy:8]]
[2021.02.05-13.08.55:757][  0]LogConfig: Setting CVar [[r.Streaming.LimitPoolSizeToVRAM:0]]
[2021.02.05-13.08.55:757][  0]LogConfig: Setting CVar [[r.Streaming.PoolSize:1000]]
[2021.02.05-13.08.55:757][  0]LogConfig: Setting CVar [[r.Streaming.MaxEffectiveScreenSize:0]]
[2021.02.05-13.08.55:757][  0]LogConfig: Applying CVar settings from Section [EffectsQuality@3] File [C:/Users/Morgan/Desktop/UnrealAnimationPracticeVids/UnrealAnimationPracticeVids/MyProject/Saved/Config/Windows/Scalability.ini]
[2021.02.05-13.08.55:757][  0]LogConfig: Setting CVar [[r.TranslucencyLightingVolumeDim:64]]
[2021.02.05-13.08.55:757][  0]LogConfig: Setting CVar [[r.RefractionQuality:2]]
[2021.02.05-13.08.55:757][  0]LogConfig: Setting CVar [[r.SSR.Quality:3]]
[2021.02.05-13.08.55:757][  0]LogConfig: Setting CVar [[r.SSR.HalfResSceneColor:0]]
[2021.02.05-13.08.55:757][  0]LogConfig: Setting CVar [[r.SceneColorFormat:4]]
[2021.02.05-13.08.55:757][  0]LogConfig: Setting CVar [[r.DetailMode:2]]
[2021.02.05-13.08.55:757][  0]LogConfig: Setting CVar [[r.TranslucencyVolumeBlur:1]]
[2021.02.05-13.08.55:757][  0]LogConfig: Setting CVar [[r.MaterialQualityLevel:1 ; High quality]]
[2021.02.05-13.08.55:757][  0]LogConfig: Setting CVar [[r.SSS.Scale:1]]
[2021.02.05-13.08.55:757][  0]LogConfig: Setting CVar [[r.SSS.SampleSet:2]]
[2021.02.05-13.08.55:757][  0]LogConfig: Setting CVar [[r.SSS.Quality:1]]
[2021.02.05-13.08.55:757][  0]LogConfig: Setting CVar [[r.SSS.HalfRes:0]]
[2021.02.05-13.08.55:758][  0]LogConfig: Setting CVar [[r.SSGI.Quality:3]]
[2021.02.05-13.08.55:758][  0]LogConfig: Setting CVar [[r.EmitterSpawnRateScale:1.0]]
[2021.02.05-13.08.55:758][  0]LogConfig: Setting CVar [[r.ParticleLightQuality:2]]
[2021.02.05-13.08.55:758][  0]LogConfig: Setting CVar [[r.SkyAtmosphere.AerialPerspectiveLUT.FastApplyOnOpaque:1 ; Always have FastSkyLUT 1 in this case to avoid wrong sky]]
[2021.02.05-13.08.55:758][  0]LogConfig: Setting CVar [[r.SkyAtmosphere.AerialPerspectiveLUT.SampleCountPerSlice:1]]
[2021.02.05-13.08.55:758][  0]LogConfig: Setting CVar [[r.SkyAtmosphere.AerialPerspectiveLUT.DepthResolution:16.0]]
[2021.02.05-13.08.55:758][  0]LogConfig: Setting CVar [[r.SkyAtmosphere.FastSkyLUT:1]]
[2021.02.05-13.08.55:758][  0]LogConfig: Setting CVar [[r.SkyAtmosphere.FastSkyLUT.SampleCountMin:4.0]]
[2021.02.05-13.08.55:758][  0]LogConfig: Setting CVar [[r.SkyAtmosphere.FastSkyLUT.SampleCountMax:32.0]]
[2021.02.05-13.08.55:758][  0]LogConfig: Setting CVar [[r.SkyAtmosphere.SampleCountMin:4.0]]
[2021.02.05-13.08.55:758][  0]LogConfig: Setting CVar [[r.SkyAtmosphere.SampleCountMax:32.0]]
[2021.02.05-13.08.55:758][  0]LogConfig: Setting CVar [[r.SkyAtmosphere.TransmittanceLUT.UseSmallFormat:0]]
[2021.02.05-13.08.55:758][  0]LogConfig: Setting CVar [[r.SkyAtmosphere.TransmittanceLUT.SampleCount:10.0]]
[2021.02.05-13.08.55:758][  0]LogConfig: Setting CVar [[r.SkyAtmosphere.MultiScatteringLUT.SampleCount:15.0]]
[2021.02.05-13.08.55:758][  0]LogConfig: Applying CVar settings from Section [FoliageQuality@3] File [C:/Users/Morgan/Desktop/UnrealAnimationPracticeVids/UnrealAnimationPracticeVids/MyProject/Saved/Config/Windows/Scalability.ini]
[2021.02.05-13.08.55:758][  0]LogConfig: Setting CVar [[foliage.DensityScale:1.0]]
[2021.02.05-13.08.55:758][  0]LogConfig: Setting CVar [[grass.DensityScale:1.0]]
[2021.02.05-13.08.55:758][  0]LogConfig: Applying CVar settings from Section [ShadingQuality@3] File [C:/Users/Morgan/Desktop/UnrealAnimationPracticeVids/UnrealAnimationPracticeVids/MyProject/Saved/Config/Windows/Scalability.ini]
[2021.02.05-13.08.55:758][  0]LogConfig: Setting CVar [[r.HairStrands.SkyLighting.SampleCount:16]]
[2021.02.05-13.08.55:758][  0]LogConfig: Setting CVar [[r.HairStrands.SkyLighting.JitterIntegration:0]]
[2021.02.05-13.08.55:758][  0]LogConfig: Setting CVar [[r.HairStrands.SkyAO.SampleCount:16]]
[2021.02.05-13.08.55:758][  0]LogConfig: Setting CVar [[r.HairStrands.DeepShadow.SuperSampling:0]]
[2021.02.05-13.08.55:759][  0]LogConfig: Setting CVar [[r.HairStrands.VisibilityPPLL:0]]
[2021.02.05-13.08.55:759][  0]LogConfig: Setting CVar [[r.HairStrands.RasterizationScale:0.5]]
[2021.02.05-13.08.55:759][  0]LogConfig: Setting CVar [[r.HairStrands.VelocityRasterizationScale:1]]
[2021.02.05-13.08.55:759][  0]LogInit: Selected Device Profile: [Windows]
[2021.02.05-13.08.55:759][  0]LogInit: Applying CVar settings loaded from the selected device profile: [Windows]
[2021.02.05-13.08.55:759][  0]LogHAL: Display: Platform has ~ 32 GB [34252365824 / 34359738368 / 32], which maps to Largest [LargestMinGB=32, LargerMinGB=12, DefaultMinGB=8, SmallerMinGB=6, SmallestMinGB=0)
[2021.02.05-13.08.55:759][  0]LogInit: Going up to parent DeviceProfile []
[2021.02.05-13.08.55:759][  0]LogConfig: Applying CVar settings from Section [ViewDistanceQuality@3] File [C:/Users/Morgan/Desktop/UnrealAnimationPracticeVids/UnrealAnimationPracticeVids/MyProject/Saved/Config/Windows/Scalability.ini]
[2021.02.05-13.08.55:759][  0]LogConfig: Setting CVar [[r.SkeletalMeshLODBias:0]]
[2021.02.05-13.08.55:759][  0]LogConfig: Setting CVar [[r.ViewDistanceScale:1.0]]
[2021.02.05-13.08.55:759][  0]LogConfig: Applying CVar settings from Section [AntiAliasingQuality@3] File [C:/Users/Morgan/Desktop/UnrealAnimationPracticeVids/UnrealAnimationPracticeVids/MyProject/Saved/Config/Windows/Scalability.ini]
[2021.02.05-13.08.55:759][  0]LogConfig: Setting CVar [[r.PostProcessAAQuality:4]]
[2021.02.05-13.08.55:759][  0]LogConfig: Applying CVar settings from Section [ShadowQuality@3] File [C:/Users/Morgan/Desktop/UnrealAnimationPracticeVids/UnrealAnimationPracticeVids/MyProject/Saved/Config/Windows/Scalability.ini]
[2021.02.05-13.08.55:759][  0]LogConfig: Setting CVar [[r.LightFunctionQuality:1]]
[2021.02.05-13.08.55:759][  0]LogConfig: Setting CVar [[r.ShadowQuality:5]]
[2021.02.05-13.08.55:759][  0]LogConfig: Setting CVar [[r.Shadow.CSM.MaxCascades:10]]
[2021.02.05-13.08.55:759][  0]LogConfig: Setting CVar [[r.Shadow.MaxResolution:2048]]
[2021.02.05-13.08.55:759][  0]LogConfig: Setting CVar [[r.Shadow.MaxCSMResolution:2048]]
[2021.02.05-13.08.55:759][  0]LogConfig: Setting CVar [[r.Shadow.RadiusThreshold:0.01]]
[2021.02.05-13.08.55:759][  0]LogConfig: Setting CVar [[r.Shadow.DistanceScale:1.0]]
[2021.02.05-13.08.55:759][  0]LogConfig: Setting CVar [[r.Shadow.CSM.TransitionScale:1.0]]
[2021.02.05-13.08.55:760][  0]LogConfig: Setting CVar [[r.Shadow.PreShadowResolutionFactor:1.0]]
[2021.02.05-13.08.55:760][  0]LogConfig: Setting CVar [[r.DistanceFieldShadowing:1]]
[2021.02.05-13.08.55:760][  0]LogConfig: Setting CVar [[r.DistanceFieldAO:1]]
[2021.02.05-13.08.55:760][  0]LogConfig: Setting CVar [[r.AOQuality:2]]
[2021.02.05-13.08.55:760][  0]LogConfig: Setting CVar [[r.VolumetricFog:1]]
[2021.02.05-13.08.55:760][  0]LogConfig: Setting CVar [[r.VolumetricFog.GridPixelSize:8]]
[2021.02.05-13.08.55:760][  0]LogConfig: Setting CVar [[r.VolumetricFog.GridSizeZ:128]]
[2021.02.05-13.08.55:760][  0]LogConfig: Setting CVar [[r.VolumetricFog.HistoryMissSupersampleCount:4]]
[2021.02.05-13.08.55:760][  0]LogConfig: Setting CVar [[r.LightMaxDrawDistanceScale:1]]
[2021.02.05-13.08.55:760][  0]LogConfig: Setting CVar [[r.CapsuleShadows:1]]
[2021.02.05-13.08.55:760][  0]LogConfig: Applying CVar settings from Section [PostProcessQuality@3] File [C:/Users/Morgan/Desktop/UnrealAnimationPracticeVids/UnrealAnimationPracticeVids/MyProject/Saved/Config/Windows/Scalability.ini]
[2021.02.05-13.08.55:760][  0]LogConfig: Setting CVar [[r.MotionBlurQuality:4]]
[2021.02.05-13.08.55:760][  0]LogConfig: Setting CVar [[r.AmbientOcclusionMipLevelFactor:0.4]]
[2021.02.05-13.08.55:760][  0]LogConfig: Setting CVar [[r.AmbientOcclusionMaxQuality:100]]
[2021.02.05-13.08.55:760][  0]LogConfig: Setting CVar [[r.AmbientOcclusionLevels:-1]]
[2021.02.05-13.08.55:760][  0]LogConfig: Setting CVar [[r.AmbientOcclusionRadiusScale:1.0]]
[2021.02.05-13.08.55:760][  0]LogConfig: Setting CVar [[r.DepthOfFieldQuality:2]]
[2021.02.05-13.08.55:760][  0]LogConfig: Setting CVar [[r.RenderTargetPoolMin:400]]
[2021.02.05-13.08.55:760][  0]LogConfig: Setting CVar [[r.LensFlareQuality:2]]
[2021.02.05-13.08.55:760][  0]LogConfig: Setting CVar [[r.SceneColorFringeQuality:1]]
[2021.02.05-13.08.55:760][  0]LogConfig: Setting CVar [[r.EyeAdaptationQuality:2]]
[2021.02.05-13.08.55:760][  0]LogConfig: Setting CVar [[r.BloomQuality:5]]
[2021.02.05-13.08.55:760][  0]LogConfig: Setting CVar [[r.FastBlurThreshold:100]]
[2021.02.05-13.08.55:760][  0]LogConfig: Setting CVar [[r.Upscale.Quality:3]]
[2021.02.05-13.08.55:760][  0]LogConfig: Setting CVar [[r.Tonemapper.GrainQuantization:1]]
[2021.02.05-13.08.55:760][  0]LogConfig: Setting CVar [[r.LightShaftQuality:1]]
[2021.02.05-13.08.55:760][  0]LogConfig: Setting CVar [[r.Filter.SizeScale:1]]
[2021.02.05-13.08.55:760][  0]LogConfig: Setting CVar [[r.Tonemapper.Quality:5]]
[2021.02.05-13.08.55:760][  0]LogConfig: Setting CVar [[r.DOF.Gather.AccumulatorQuality:1        ; higher gathering accumulator quality]]
[2021.02.05-13.08.55:760][  0]LogConfig: Setting CVar [[r.DOF.Gather.PostfilterMethod:1          ; Median3x3 postfilering method]]
[2021.02.05-13.08.55:760][  0]LogConfig: Setting CVar [[r.DOF.Gather.EnableBokehSettings:0       ; no bokeh simulation when gathering]]
[2021.02.05-13.08.55:760][  0]LogConfig: Setting CVar [[r.DOF.Gather.RingCount:4                 ; medium number of samples when gathering]]
[2021.02.05-13.08.55:760][  0]LogConfig: Setting CVar [[r.DOF.Scatter.ForegroundCompositing:1    ; additive foreground scattering]]
[2021.02.05-13.08.55:760][  0]LogConfig: Setting CVar [[r.DOF.Scatter.BackgroundCompositing:2    ; additive background scattering]]
[2021.02.05-13.08.55:760][  0]LogConfig: Setting CVar [[r.DOF.Scatter.EnableBokehSettings:1      ; bokeh simulation when scattering]]
[2021.02.05-13.08.55:761][  0]LogConfig: Setting CVar [[r.DOF.Scatter.MaxSpriteRatio:0.1         ; only a maximum of 10% of scattered bokeh]]
[2021.02.05-13.08.55:761][  0]LogConfig: Setting CVar [[r.DOF.Recombine.Quality:1                ; cheap slight out of focus]]
[2021.02.05-13.08.55:761][  0]LogConfig: Setting CVar [[r.DOF.Recombine.EnableBokehSettings:0    ; no bokeh simulation on slight out of focus]]
[2021.02.05-13.08.55:761][  0]LogConfig: Setting CVar [[r.DOF.TemporalAAQuality:1                ; more stable temporal accumulation]]
[2021.02.05-13.08.55:761][  0]LogConfig: Setting CVar [[r.DOF.Kernel.MaxForegroundRadius:0.025]]
[2021.02.05-13.08.55:761][  0]LogConfig: Setting CVar [[r.DOF.Kernel.MaxBackgroundRadius:0.025]]
[2021.02.05-13.08.55:761][  0]LogConfig: Applying CVar settings from Section [TextureQuality@3] File [C:/Users/Morgan/Desktop/UnrealAnimationPracticeVids/UnrealAnimationPracticeVids/MyProject/Saved/Config/Windows/Scalability.ini]
[2021.02.05-13.08.55:761][  0]LogConfig: Setting CVar [[r.Streaming.MipBias:0]]
[2021.02.05-13.08.55:761][  0]LogConfig: Setting CVar [[r.Streaming.AmortizeCPUToGPUCopy:0]]
[2021.02.05-13.08.55:761][  0]LogConfig: Setting CVar [[r.Streaming.MaxNumTexturesToStreamPerFrame:0]]
[2021.02.05-13.08.55:761][  0]LogConfig: Setting CVar [[r.Streaming.Boost:1]]
[2021.02.05-13.08.55:761][  0]LogConfig: Setting CVar [[r.MaxAnisotropy:8]]
[2021.02.05-13.08.55:761][  0]LogConfig: Setting CVar [[r.VT.MaxAnisotropy:8]]
[2021.02.05-13.08.55:761][  0]LogConfig: Setting CVar [[r.Streaming.LimitPoolSizeToVRAM:0]]
[2021.02.05-13.08.55:761][  0]LogConfig: Setting CVar [[r.Streaming.PoolSize:1000]]
[2021.02.05-13.08.55:761][  0]LogConfig: Setting CVar [[r.Streaming.MaxEffectiveScreenSize:0]]
[2021.02.05-13.08.55:761][  0]LogConfig: Applying CVar settings from Section [EffectsQuality@3] File [C:/Users/Morgan/Desktop/UnrealAnimationPracticeVids/UnrealAnimationPracticeVids/MyProject/Saved/Config/Windows/Scalability.ini]
[2021.02.05-13.08.55:761][  0]LogConfig: Setting CVar [[r.TranslucencyLightingVolumeDim:64]]
[2021.02.05-13.08.55:761][  0]LogConfig: Setting CVar [[r.RefractionQuality:2]]
[2021.02.05-13.08.55:761][  0]LogConfig: Setting CVar [[r.SSR.Quality:3]]
[2021.02.05-13.08.55:761][  0]LogConfig: Setting CVar [[r.SSR.HalfResSceneColor:0]]
[2021.02.05-13.08.55:761][  0]LogConfig: Setting CVar [[r.SceneColorFormat:4]]
[2021.02.05-13.08.55:762][  0]LogConfig: Setting CVar [[r.DetailMode:2]]
[2021.02.05-13.08.55:762][  0]LogConfig: Setting CVar [[r.TranslucencyVolumeBlur:1]]
[2021.02.05-13.08.55:762][  0]LogConfig: Setting CVar [[r.MaterialQualityLevel:1 ; High quality]]
[2021.02.05-13.08.55:762][  0]LogConfig: Setting CVar [[r.SSS.Scale:1]]
[2021.02.05-13.08.55:762][  0]LogConfig: Setting CVar [[r.SSS.SampleSet:2]]
[2021.02.05-13.08.55:762][  0]LogConfig: Setting CVar [[r.SSS.Quality:1]]
[2021.02.05-13.08.55:762][  0]LogConfig: Setting CVar [[r.SSS.HalfRes:0]]
[2021.02.05-13.08.55:762][  0]LogConfig: Setting CVar [[r.SSGI.Quality:3]]
[2021.02.05-13.08.55:762][  0]LogConfig: Setting CVar [[r.EmitterSpawnRateScale:1.0]]
[2021.02.05-13.08.55:762][  0]LogConfig: Setting CVar [[r.ParticleLightQuality:2]]
[2021.02.05-13.08.55:762][  0]LogConfig: Setting CVar [[r.SkyAtmosphere.AerialPerspectiveLUT.FastApplyOnOpaque:1 ; Always have FastSkyLUT 1 in this case to avoid wrong sky]]
[2021.02.05-13.08.55:762][  0]LogConfig: Setting CVar [[r.SkyAtmosphere.AerialPerspectiveLUT.SampleCountPerSlice:1]]
[2021.02.05-13.08.55:762][  0]LogConfig: Setting CVar [[r.SkyAtmosphere.AerialPerspectiveLUT.DepthResolution:16.0]]
[2021.02.05-13.08.55:762][  0]LogConfig: Setting CVar [[r.SkyAtmosphere.FastSkyLUT:1]]
[2021.02.05-13.08.55:762][  0]LogConfig: Setting CVar [[r.SkyAtmosphere.FastSkyLUT.SampleCountMin:4.0]]
[2021.02.05-13.08.55:762][  0]LogConfig: Setting CVar [[r.SkyAtmosphere.FastSkyLUT.SampleCountMax:32.0]]
[2021.02.05-13.08.55:762][  0]LogConfig: Setting CVar [[r.SkyAtmosphere.SampleCountMin:4.0]]
[2021.02.05-13.08.55:762][  0]LogConfig: Setting CVar [[r.SkyAtmosphere.SampleCountMax:32.0]]
[2021.02.05-13.08.55:762][  0]LogConfig: Setting CVar [[r.SkyAtmosphere.TransmittanceLUT.UseSmallFormat:0]]
[2021.02.05-13.08.55:762][  0]LogConfig: Setting CVar [[r.SkyAtmosphere.TransmittanceLUT.SampleCount:10.0]]
[2021.02.05-13.08.55:762][  0]LogConfig: Setting CVar [[r.SkyAtmosphere.MultiScatteringLUT.SampleCount:15.0]]
[2021.02.05-13.08.55:763][  0]LogConfig: Applying CVar settings from Section [FoliageQuality@3] File [C:/Users/Morgan/Desktop/UnrealAnimationPracticeVids/UnrealAnimationPracticeVids/MyProject/Saved/Config/Windows/Scalability.ini]
[2021.02.05-13.08.55:763][  0]LogConfig: Setting CVar [[foliage.DensityScale:1.0]]
[2021.02.05-13.08.55:763][  0]LogConfig: Setting CVar [[grass.DensityScale:1.0]]
[2021.02.05-13.08.55:763][  0]LogConfig: Applying CVar settings from Section [ShadingQuality@3] File [C:/Users/Morgan/Desktop/UnrealAnimationPracticeVids/UnrealAnimationPracticeVids/MyProject/Saved/Config/Windows/Scalability.ini]
[2021.02.05-13.08.55:763][  0]LogConfig: Setting CVar [[r.HairStrands.SkyLighting.SampleCount:16]]
[2021.02.05-13.08.55:763][  0]LogConfig: Setting CVar [[r.HairStrands.SkyLighting.JitterIntegration:0]]
[2021.02.05-13.08.55:763][  0]LogConfig: Setting CVar [[r.HairStrands.SkyAO.SampleCount:16]]
[2021.02.05-13.08.55:763][  0]LogConfig: Setting CVar [[r.HairStrands.DeepShadow.SuperSampling:0]]
[2021.02.05-13.08.55:763][  0]LogConfig: Setting CVar [[r.HairStrands.VisibilityPPLL:0]]
[2021.02.05-13.08.55:763][  0]LogConfig: Setting CVar [[r.HairStrands.RasterizationScale:0.5]]
[2021.02.05-13.08.55:763][  0]LogConfig: Setting CVar [[r.HairStrands.VelocityRasterizationScale:1]]
[2021.02.05-13.08.55:763][  0]LogConfig: Applying CVar settings from Section [Startup] File [../../../Engine/Config/ConsoleVariables.ini]
[2021.02.05-13.08.55:763][  0]LogConfig: Setting CVar [[net.UseAdaptiveNetUpdateFrequency:0]]
[2021.02.05-13.08.55:763][  0]LogConfig: Setting CVar [[p.chaos.AllowCreatePhysxBodies:1]]
[2021.02.05-13.08.55:763][  0]LogConfig: Setting CVar [[fx.SkipVectorVMBackendOptimizations:1]]
[2021.02.05-13.08.55:763][  0]LogConfig: Applying CVar settings from Section [ConsoleVariables] File [C:/Users/Morgan/Desktop/UnrealAnimationPracticeVids/UnrealAnimationPracticeVids/MyProject/Saved/Config/Windows/Engine.ini]
[2021.02.05-13.08.55:764][  0]LogInit: Computer: DESKTOP-A1LV5LA
[2021.02.05-13.08.55:764][  0]LogInit: User: Morgan
[2021.02.05-13.08.55:764][  0]LogInit: CPU Page size=4096, Cores=10
[2021.02.05-13.08.55:764][  0]LogInit: High frequency timer resolution =10.000000 MHz
[2021.02.05-13.08.55:764][  0]LogMemory: Memory total: Physical=31.9GB (32GB approx)
[2021.02.05-13.08.55:764][  0]LogMemory: Platform Memory Stats for Windows
[2021.02.05-13.08.55:764][  0]LogMemory: Process Physical Memory: 118.73 MB used, 118.73 MB peak
[2021.02.05-13.08.55:764][  0]LogMemory: Process Virtual Memory: 107.28 MB used, 107.28 MB peak
[2021.02.05-13.08.55:764][  0]LogMemory: Physical Memory: 11869.96 MB used,  20795.64 MB free, 32665.60 MB total
[2021.02.05-13.08.55:764][  0]LogMemory: Virtual Memory: 5217.39 MB used,  134212512.00 MB free, 134217728.00 MB total
[2021.02.05-13.08.55:774][  0]LogWindows: WindowsPlatformFeatures enabled
[2021.02.05-13.08.55:976][  0]LogInit: Physics initialised using underlying interface: PhysX
[2021.02.05-13.08.55:977][  0]LogInit: Using OS detected language (en-GB).
[2021.02.05-13.08.55:977][  0]LogInit: Using OS detected locale (en-GB).
[2021.02.05-13.08.55:981][  0]LogTextLocalizationManager: No specific localization for 'en-GB' exists, so the 'en' localization will be used.
[2021.02.05-13.08.56:146][  0]LogInit: Setting process to per monitor DPI aware
[2021.02.05-13.08.56:190][  0]LogSlate: New Slate User Created.  User Index 0, Is Virtual User: 0
[2021.02.05-13.08.56:190][  0]LogSlate: Slate User Registered.  User Index 0, Is Virtual User: 0
[2021.02.05-13.08.56:335][  0]LogHMD: Failed to initialize OpenVR with code 110
[2021.02.05-13.08.56:335][  0]LogD3D11RHI: D3D11 min allowed feature level: 11_0
[2021.02.05-13.08.56:335][  0]LogD3D11RHI: D3D11 max allowed feature level: 11_0
[2021.02.05-13.08.56:335][  0]LogD3D11RHI: D3D11 adapters:
[2021.02.05-13.08.56:456][  0]LogD3D11RHI:    0. 'NVIDIA GeForce RTX 3090' (Feature Level 11_0)
[2021.02.05-13.08.56:456][  0]LogD3D11RHI:       24348/0/16332 MB DedicatedVideo/DedicatedSystem/SharedSystem, Outputs:2, VendorId:0x10de
[2021.02.05-13.08.56:460][  0]LogD3D11RHI:    1. 'Microsoft Basic Render Driver' (Feature Level 11_0)
[2021.02.05-13.08.56:460][  0]LogD3D11RHI:       0/0/16332 MB DedicatedVideo/DedicatedSystem/SharedSystem, Outputs:0, VendorId:0x1414
[2021.02.05-13.08.56:460][  0]LogD3D11RHI: Chosen D3D11 Adapter: 0
[2021.02.05-13.08.56:466][  0]LogD3D11RHI: Creating new Direct3DDevice
[2021.02.05-13.08.56:466][  0]LogD3D11RHI:     GPU DeviceId: 0x2204 (for the marketing name, search the web for "GPU Device Id")
[2021.02.05-13.08.56:466][  0]LogWindows: EnumDisplayDevices:
[2021.02.05-13.08.56:466][  0]LogWindows:    0. 'NVIDIA GeForce RTX 3090' (P:1 D:1)
[2021.02.05-13.08.56:467][  0]LogWindows:    1. 'NVIDIA GeForce RTX 3090' (P:0 D:1)
[2021.02.05-13.08.56:467][  0]LogWindows:    2. 'NVIDIA GeForce RTX 3090' (P:0 D:0)
[2021.02.05-13.08.56:467][  0]LogWindows:    3. 'NVIDIA GeForce RTX 3090' (P:0 D:0)
[2021.02.05-13.08.56:468][  0]LogWindows: DebugString: FoundDriverCount:4 
[2021.02.05-13.08.56:468][  0]LogD3D11RHI:     Adapter Name: NVIDIA GeForce RTX 3090
[2021.02.05-13.08.56:468][  0]LogD3D11RHI:   Driver Version: 460.89 (internal:27.21.14.6089, unified:460.89)
[2021.02.05-13.08.56:468][  0]LogD3D11RHI:      Driver Date: 12-11-2020
[2021.02.05-13.08.56:468][  0]LogRHI: Texture pool is 17043 MB (70% of 24348 MB)
[2021.02.05-13.08.56:555][  0]LogD3D11RHI: RHI has support for 64 bit atomics
[2021.02.05-13.08.56:555][  0]LogD3D11RHI: Async texture creation enabled
[2021.02.05-13.08.56:555][  0]LogD3D11RHI: Array index from any shader is supported
[2021.02.05-13.08.56:570][  0]LogD3D11RHI: GPU Timing Frequency: 1000.000000 (Debug: 2 1)
[2021.02.05-13.08.56:856][  0]LogTargetPlatformManager: Display: Loaded TargetPlatform 'AllDesktop'
[2021.02.05-13.08.56:879][  0]LogTargetPlatformManager: Display: Loaded TargetPlatform 'Android'
[2021.02.05-13.08.56:879][  0]LogTargetPlatformManager: Display: Loaded TargetPlatform 'Android_ASTC'
[2021.02.05-13.08.56:879][  0]LogTargetPlatformManager: Display: Loaded TargetPlatform 'Android_DXT'
[2021.02.05-13.08.56:879][  0]LogTargetPlatformManager: Display: Loaded TargetPlatform 'Android_ETC2'
[2021.02.05-13.08.56:879][  0]LogTargetPlatformManager: Display: Loaded TargetPlatform 'AndroidClient'
[2021.02.05-13.08.56:879][  0]LogTargetPlatformManager: Display: Loaded TargetPlatform 'Android_ASTCClient'
[2021.02.05-13.08.56:879][  0]LogTargetPlatformManager: Display: Loaded TargetPlatform 'Android_DXTClient'
[2021.02.05-13.08.56:879][  0]LogTargetPlatformManager: Display: Loaded TargetPlatform 'Android_ETC2Client'
[2021.02.05-13.08.56:879][  0]LogTargetPlatformManager: Display: Loaded TargetPlatform 'Android_Multi'
[2021.02.05-13.08.56:879][  0]LogTargetPlatformManager: Display: Loaded TargetPlatform 'Android_MultiClient'
[2021.02.05-13.08.56:908][  0]LogTargetPlatformManager: Display: Loaded TargetPlatform 'IOSClient'
[2021.02.05-13.08.56:908][  0]LogTargetPlatformManager: Display: Loaded TargetPlatform 'IOS'
[2021.02.05-13.08.56:920][  0]LogTargetPlatformManager: Display: Loaded TargetPlatform 'Linux'
[2021.02.05-13.08.56:931][  0]LogTargetPlatformManager: Display: Loaded TargetPlatform 'LinuxNoEditor'
[2021.02.05-13.08.56:942][  0]LogTargetPlatformManager: Display: Loaded TargetPlatform 'LinuxClient'
[2021.02.05-13.08.56:953][  0]LogTargetPlatformManager: Display: Loaded TargetPlatform 'LinuxServer'
[2021.02.05-13.08.56:963][  0]LogTargetPlatformManager: Display: Loaded TargetPlatform 'LinuxAArch64NoEditor'
[2021.02.05-13.08.56:974][  0]LogTargetPlatformManager: Display: Loaded TargetPlatform 'LinuxAArch64Client'
[2021.02.05-13.08.56:985][  0]LogTargetPlatformManager: Display: Loaded TargetPlatform 'LinuxAArch64Server'
[2021.02.05-13.08.57:012][  0]LogTargetPlatformManager: Display: Loaded TargetPlatform 'Lumin'
[2021.02.05-13.08.57:012][  0]LogTargetPlatformManager: Display: Loaded TargetPlatform 'LuminClient'
[2021.02.05-13.08.57:032][  0]LogTargetPlatformManager: Display: Loaded TargetPlatform 'TVOSClient'
[2021.02.05-13.08.57:032][  0]LogTargetPlatformManager: Display: Loaded TargetPlatform 'TVOS'
[2021.02.05-13.08.57:042][  0]LogTargetPlatformManager: Display: Loaded TargetPlatform 'WindowsNoEditor'
[2021.02.05-13.08.57:054][  0]LogTargetPlatformManager: Display: Loaded TargetPlatform 'Windows'
[2021.02.05-13.08.57:065][  0]LogTargetPlatformManager: Display: Loaded TargetPlatform 'WindowsClient'
[2021.02.05-13.08.57:075][  0]LogTargetPlatformManager: Display: Loaded TargetPlatform 'WindowsServer'
[2021.02.05-13.08.57:075][  0]LogTargetPlatformManager: Display: Building Assets For Windows
[2021.02.05-13.08.57:088][  0]LogAudioDebug: Display: Lib vorbis DLL was dynamically loaded.
[2021.02.05-13.08.57:173][  0]LogShaderCompilers: Guid format shader working directory is -58 characters bigger than the processId version (../../../../../../Users/Morgan/Desktop/UnrealAnimationPracticeVids/UnrealAnimationPracticeVids/MyProject/Intermediate/Shaders/WorkingDirectory/20492/).
[2021.02.05-13.08.57:174][  0]LogShaderCompilers: Cleaned the shader compiler working directory 'C:/Users/Morgan/AppData/Local/Temp/UnrealShaderWorkingDir/0538517547A428E66DC7A4A1A39C8370/'.
[2021.02.05-13.08.57:174][  0]LogXGEController: Cleaning working directory: C:/Users/Morgan/AppData/Local/Temp/UnrealXGEWorkingDir/
[2021.02.05-13.08.57:174][  0]LogXGEController: Cannot use XGE Controller as Incredibuild is not installed on this machine.
[2021.02.05-13.08.57:175][  0]LogShaderCompilers: Cannot use XGE Shader Compiler as Incredibuild is not installed on this machine.
[2021.02.05-13.08.57:175][  0]LogShaderCompilers: Display: Using Local Shader Compiler.
[2021.02.05-13.08.57:923][  0]LogDerivedDataCache: Display: Max Cache Size: 512 MB
[2021.02.05-13.08.57:970][  0]LogDerivedDataCache: Loaded boot cache 0.05s 80MB C:/Users/Morgan/AppData/Local/UnrealEngine/4.25/DerivedDataCache/Boot.ddc.
[2021.02.05-13.08.57:970][  0]LogDerivedDataCache: Display: Loaded Boot cache: C:/Users/Morgan/AppData/Local/UnrealEngine/4.25/DerivedDataCache/Boot.ddc
[2021.02.05-13.08.57:970][  0]LogDerivedDataCache: FDerivedDataBackendGraph:  Pak pak cache file ../../../../../../Users/Morgan/Desktop/UnrealAnimationPracticeVids/UnrealAnimationPracticeVids/MyProject/DerivedDataCache/DDC.ddp not found, will not use a pak cache.
[2021.02.05-13.08.57:970][  0]LogDerivedDataCache: Unable to find inner node Pak for hierarchical cache Hierarchy.
[2021.02.05-13.08.57:970][  0]LogDerivedDataCache: FDerivedDataBackendGraph:  CompressedPak pak cache file ../../../../../../Users/Morgan/Desktop/UnrealAnimationPracticeVids/UnrealAnimationPracticeVids/MyProject/DerivedDataCache/Compressed.ddp not found, will not use a pak cache.
[2021.02.05-13.08.57:970][  0]LogDerivedDataCache: Unable to find inner node CompressedPak for hierarchical cache Hierarchy.
[2021.02.05-13.08.57:980][  0]LogDerivedDataCache: Display: Pak cache opened for reading ../../../Engine/DerivedDataCache/Compressed.ddp.
[2021.02.05-13.08.57:980][  0]LogDerivedDataCache: FDerivedDataBackendGraph:  EnterprisePak pak cache file ../../../Enterprise/DerivedDataCache/Compressed.ddp not found, will not use a pak cache.
[2021.02.05-13.08.57:980][  0]LogDerivedDataCache: Unable to find inner node EnterprisePak for hierarchical cache Hierarchy.
[2021.02.05-13.08.57:982][  0]LogDerivedDataCache: Using Local data cache path C:/Users/Morgan/AppData/Local/UnrealEngine/Common/DerivedDataCache: Writable
[2021.02.05-13.08.57:982][  0]LogDerivedDataCache: Shared data cache path not found in *engine.ini, will not use an Shared cache.
[2021.02.05-13.08.57:982][  0]LogDerivedDataCache: Unable to find inner node Shared for hierarchical cache Hierarchy.
[2021.02.05-13.08.58:033][  0]LogSlate: Using FreeType 2.10.0
[2021.02.05-13.08.58:033][  0]LogSlate: SlateFontServices - WITH_FREETYPE: 1, WITH_HARFBUZZ: 1
[2021.02.05-13.08.58:064][  0]LogAssetRegistry: FAssetRegistry took 0.0035 seconds to start up
[2021.02.05-13.08.58:268][  0]LogInit: Selected Device Profile: [Windows]
[2021.02.05-13.08.58:393][  0]LogMeshReduction: Using QuadricMeshReduction for automatic static mesh reduction
[2021.02.05-13.08.58:393][  0]LogMeshReduction: Using SimplygonMeshReduction for automatic skeletal mesh reduction
[2021.02.05-13.08.58:393][  0]LogMeshReduction: Using ProxyLODMeshReduction for automatic mesh merging
[2021.02.05-13.08.58:393][  0]LogMeshReduction: No distributed automatic mesh merging module available
[2021.02.05-13.08.58:393][  0]LogMeshMerging: No distributed automatic mesh merging module available
[2021.02.05-13.08.58:409][  0]LogNetVersion: MyProject 1.0.0, NetCL: 13144385, EngineNetVer: 14, GameNetVer: 0 (Checksum: 709303259)
[2021.02.05-13.08.58:767][  0]LogAISub: UAISubsystem::UAISubsystem AISubsystem (00000227BD88DCC0), frame # 0
[2021.02.05-13.08.58:767][  0]LogAISub: UAISubsystem::UAISubsystem AIPerceptionSystem (00000227BD7E51C0), frame # 0
[2021.02.05-13.08.58:769][  0]LogAISub: UAISubsystem::UAISubsystem EnvQueryManager (00000227BD84C800), frame # 0
[2021.02.05-13.08.58:828][  0]LogPackageLocalizationCache: Processed 20 localized package path(s) for 1 prioritized culture(s) in 0.053973 seconds
[2021.02.05-13.08.58:832][  0]LogUObjectArray: 15913 objects as part of root set at end of initial load.
[2021.02.05-13.08.58:833][  0]LogUObjectAllocator: 3964304 out of 0 bytes used by permanent object pool.
[2021.02.05-13.08.58:833][  0]LogUObjectArray: CloseDisregardForGC: 0/0 objects in disregard for GC pool
[2021.02.05-13.08.59:255][  0]LogTcpMessaging: Initializing TcpMessaging bridge
[2021.02.05-13.08.59:261][  0]LogUdpMessaging: Initializing bridge on interface 0.0.0.0:0 to multicast group 230.0.0.1:6666.
[2021.02.05-13.08.59:545][  0]SourceControl: Source control is disabled
[2021.02.05-13.08.59:545][  0]SourceControl: Source control is disabled
[2021.02.05-13.08.59:550][  0]SourceControl: Source control is disabled
[2021.02.05-13.08.59:554][  0]SourceControl: Source control is disabled
[2021.02.05-13.08.59:562][  0]SourceControl: Source control is disabled
[2021.02.05-13.08.59:886][  0]LogAndroidPermission: UAndroidPermissionCallbackProxy::GetInstance
[2021.02.05-13.08.59:913][  0]LogAudioCaptureCore: Display: No Audio Capture implementations found. Audio input will be silent.
[2021.02.05-13.08.59:913][  0]LogAudioCaptureCore: Display: No Audio Capture implementations found. Audio input will be silent.
[2021.02.05-13.08.59:969][  0]LogOcInput: OculusInput pre-init called
[2021.02.05-13.08.59:982][  0]LogWindows: Failed to load 'OVRPlugin.dll' (GetLastError=126)
[2021.02.05-13.08.59:982][  0]LogWindows: File 'OVRPlugin.dll' does not exist
[2021.02.05-13.09.00:242][  0]LogEngine: Initializing Engine...
[2021.02.05-13.09.00:243][  0]LogHMD: Failed to initialize OpenVR with code 110
[2021.02.05-13.09.00:243][  0]LogMagicLeap: Warning: VR disabled because ZI is not enabled.  To enable, in the editor, Edit -> Project Settings -> Plugins -> Magic Leap Plugin -> Enable Zero Iteration
[2021.02.05-13.09.00:244][  0]LogStats: UGameplayTagsManager::InitializeManager -  0.000 s
[2021.02.05-13.09.00:347][  0]LogInit: Initializing FReadOnlyCVARCache
[2021.02.05-13.09.00:356][  0]LogAIModule: Creating AISystem for world Untitled
[2021.02.05-13.09.00:356][  0]LogAISub: UAISubsystem::UAISubsystem EnvQueryManager (00000227C5F19200), frame # 0
[2021.02.05-13.09.00:356][  0]LogAISub: UAISubsystem::UAISubsystem AIPerceptionSystem (00000227C5F1DF80), frame # 0
[2021.02.05-13.09.00:370][  0]LogAudioMixer: Display: Audio Mixer Platform Settings:
[2021.02.05-13.09.00:370][  0]LogAudioMixer: Display: 	Sample Rate:						  48000
[2021.02.05-13.09.00:370][  0]LogAudioMixer: Display: 	Callback Buffer Frame Size Requested: 1024
[2021.02.05-13.09.00:370][  0]LogAudioMixer: Display: 	Callback Buffer Frame Size To Use:	  1024
[2021.02.05-13.09.00:370][  0]LogAudioMixer: Display: 	Number of buffers to queue:			  2
[2021.02.05-13.09.00:370][  0]LogAudioMixer: Display: 	Max Channels (voices):				  32
[2021.02.05-13.09.00:370][  0]LogAudioMixer: Display: 	Number of Async Source Workers:		  0
[2021.02.05-13.09.00:370][  0]LogAudio: Display: AudioDevice MaxSources: 32
[2021.02.05-13.09.00:371][  0]LogAudio: Display: Using built-in audio occlusion.
[2021.02.05-13.09.00:371][  0]LogAudioMixer: Display: Initializing audio mixer.
[2021.02.05-13.09.00:387][  0]LogAudioMixer: Display: 0: FrontLeft
[2021.02.05-13.09.00:388][  0]LogAudioMixer: Display: 1: FrontRight
[2021.02.05-13.09.00:615][  0]LogAudioMixer: Display: Using Audio Device Speakers (Realtek(R) Audio)
[2021.02.05-13.09.00:616][  0]LogAudioMixer: Display: Initializing Sound Submixes...
[2021.02.05-13.09.00:619][  0]LogAudioMixer: Display: Creating Master Submix 'MasterSubmixDefault'
[2021.02.05-13.09.00:619][  0]LogAudioMixer: Display: Creating Master Submix 'MasterReverbSubmixDefault'
[2021.02.05-13.09.00:620][  0]LogAudioMixer: Display: Creating Master Submix 'MasterEQSubmixDefault'
[2021.02.05-13.09.00:621][  0]LogInit: FAudioDevice initialized.
[2021.02.05-13.09.00:621][  0]LogNetVersion: Set ProjectVersion to 1.0.0.0. Version Checksum will be recalculated on next use.
[2021.02.05-13.09.00:661][  0]LogDerivedDataCache: Saved boot cache 0.04s 80MB C:/Users/Morgan/AppData/Local/UnrealEngine/4.25/DerivedDataCache/Boot.ddc.
[2021.02.05-13.09.00:664][  0]LogInit: Texture streaming: Enabled
[2021.02.05-13.09.00:685][  0]LogEngineSessionManager: EngineSessionManager initialized
[2021.02.05-13.09.00:685][  0]LogEngineSessionManager: EngineSessionManager sent abnormal shutdown report. Type=Debugger, SessionId={6F5F837A-4191-8B9A-5991-ACA3A4FF6229}
[2021.02.05-13.09.00:685][  0]LogEditorSessionSummary: Verbose: Initializing EditorSessionSummaryWriter for editor session tracking
[2021.02.05-13.09.00:688][  0]LogEditorSessionSummary: EditorSessionSummaryWriter initialized
[2021.02.05-13.09.00:702][  0]LogInit: Transaction tracking system initialized
[2021.02.05-13.09.00:731][  0]BlueprintLog: New page: Editor Load
[2021.02.05-13.09.00:817][  0]LocalizationService: Localization service is disabled
[2021.02.05-13.09.00:985][  0]LogCook: Display: Max memory allowance for cook 16384mb min free memory 0mb
[2021.02.05-13.09.00:985][  0]LogCook: Display: Mobile HDR setting 1
[2021.02.05-13.09.01:027][  0]LogFileCache: Scanning file cache for directory 'C:/Users/Morgan/Desktop/UnrealAnimationPracticeVids/UnrealAnimationPracticeVids/MyProject/Content/' took 0.01s
[2021.02.05-13.09.01:304][  0]SourceControl: Source control is disabled
[2021.02.05-13.09.01:305][  0]LogUnrealEdMisc: Loading editor; pre map load, took 7.490
[2021.02.05-13.09.01:305][  0]LightingResults: New page: Lighting Build
[2021.02.05-13.09.01:306][  0]LogWorld: UWorld::CleanupWorld for Untitled, bSessionEnded=true, bCleanupResources=true
[2021.02.05-13.09.01:306][  0]LogSlate: InvalidateAllWidgets triggered.  All widgets were invalidated
[2021.02.05-13.09.01:306][  0]MapCheck: New page: Map Check
[2021.02.05-13.09.01:306][  0]LightingResults: New page: Lighting Build
[2021.02.05-13.09.01:318][  0]LogAISub: UAISubsystem::~UAISubsystem EnvQueryManager (00000227C5F19200), frame # 0
[2021.02.05-13.09.01:319][  0]LogAISub: UAISubsystem::~UAISubsystem AIPerceptionSystem (00000227C5F1DF80), frame # 0
[2021.02.05-13.09.01:319][  0]LogUObjectHash: Compacting FUObjectHashTables data took   0.71ms
[2021.02.05-13.09.01:393][  0]LogAIModule: Creating AISystem for world ThirdPersonExampleMap
[2021.02.05-13.09.01:393][  0]LogAISub: UAISubsystem::UAISubsystem EnvQueryManager (00000227B4694C00), frame # 0
[2021.02.05-13.09.01:393][  0]LogAISub: UAISubsystem::UAISubsystem AIPerceptionSystem (00000227C226CCC0), frame # 0
[2021.02.05-13.09.01:404][  0]LogEditorServer: Finished looking for orphan Actors (0.000 secs)
[2021.02.05-13.09.01:418][  0]LogUObjectHash: Compacting FUObjectHashTables data took   0.72ms
[2021.02.05-13.09.01:418][  0]Cmd: MAP CHECKDEP NOCLEARLOG
[2021.02.05-13.09.01:418][  0]MapCheck: Map check complete: 0 Error(s), 0 Warning(s), took 0.142ms to complete.
[2021.02.05-13.09.01:418][  0]LogFileHelpers: Loading map 'ThirdPersonExampleMap' took 0.113
[2021.02.05-13.09.01:421][  0]LogUnrealEdMisc: Total Editor Startup Time, took 7.606
[2021.02.05-13.09.01:562][  0]LogSlate: Updating window title bar state: overlay mode, drag disabled, window buttons hidden, title bar hidden
[2021.02.05-13.09.01:567][  0]LogSlate: Updating window title bar state: overlay mode, drag disabled, window buttons hidden, title bar hidden
[2021.02.05-13.09.01:573][  0]LogSlate: Updating window title bar state: overlay mode, drag disabled, window buttons hidden, title bar hidden
[2021.02.05-13.09.01:579][  0]LogSlate: Updating window title bar state: overlay mode, drag disabled, window buttons hidden, title bar hidden
[2021.02.05-13.09.01:587][  0]LogCollectionManager: Loaded 0 collections in 0.001442 seconds
[2021.02.05-13.09.01:603][  0]LogFileCache: Scanning file cache for directory 'C:/Users/Morgan/Desktop/UnrealAnimationPracticeVids/UnrealAnimationPracticeVids/MyProject/Saved/Collections/' took 0.00s
[2021.02.05-13.09.01:603][  0]LogFileCache: Scanning file cache for directory 'C:/Users/Morgan/Desktop/UnrealAnimationPracticeVids/UnrealAnimationPracticeVids/MyProject/Content/Developers/Morgan/Collections/' took 0.00s
[2021.02.05-13.09.01:603][  0]LogFileCache: Scanning file cache for directory 'C:/Users/Morgan/Desktop/UnrealAnimationPracticeVids/UnrealAnimationPracticeVids/MyProject/Content/Collections/' took 0.00s
[2021.02.05-13.09.01:603][  0]LogContentBrowser: Native class hierarchy populated in 0.0083 seconds. Added 3447 classes and 837 folders.
[2021.02.05-13.09.01:606][  0]LogContentBrowser: Native class hierarchy updated for 'WidgetCarousel' in 0.0003 seconds. Added 0 classes and 0 folders.
[2021.02.05-13.09.01:661][  0]LogContentBrowser: Native class hierarchy updated for 'AddContentDialog' in 0.0003 seconds. Added 0 classes and 0 folders.
[2021.02.05-13.09.01:662][  0]LogContentBrowser: Native class hierarchy updated for 'SceneOutliner' in 0.0003 seconds. Added 2 classes and 0 folders.
[2021.02.05-13.09.01:691][  0]LogSlate: Took 0.000168 seconds to synchronously load lazily loaded font '../../../Engine/Content/Slate/Fonts/Roboto-Regular.ttf' (155K)
[2021.02.05-13.09.01:694][  0]LogSlate: Took 0.000175 seconds to synchronously load lazily loaded font '../../../Engine/Content/Editor/Slate/Fonts/FontAwesome.ttf' (139K)
[2021.02.05-13.09.01:752][  0]LogRenderer: Reallocating scene render targets to support 2040x928 Format 10 NumSamples 1 (Frame:1).
[2021.02.05-13.09.01:833][  0]LogContentBrowser: Native class hierarchy updated for 'HierarchicalLODOutliner' in 0.0004 seconds. Added 0 classes and 0 folders.
[2021.02.05-13.09.01:833][  0]LogLoad: (Engine Initialization) Total time: 8.02 seconds
[2021.02.05-13.09.01:833][  0]LogLoad: (Engine Initialization) Total Blueprint compile time: 0.00 seconds
[2021.02.05-13.09.01:868][  0]LogAssetRegistry: Asset discovery search completed in 3.8067 seconds
[2021.02.05-13.09.01:872][  0]LogCollectionManager: Fixed up redirectors for 0 collections in 0.000002 seconds (updated 0 objects)
[2021.02.05-13.09.01:873][  0]LogContentStreaming: Texture pool size now 1000 MB
[2021.02.05-13.09.06:913][299]Candidate modules for hot reload:
[2021.02.05-13.09.06:913][299]  MyProject
[2021.02.05-13.09.06:913][299]Launching UnrealBuildTool... [C:/Program Files/Epic Games/UE_4.25/Engine/Binaries/DotNET/UnrealBuildTool.exe  -ModuleWithSuffix=MyProject,161 MyProjectEditor Win64 Development -Project="C:/Users/Morgan/Desktop/UnrealAnimationPracticeVids/UnrealAnimationPracticeVids/MyProject/MyProject.uproject" "C:/Users/Morgan/Desktop/UnrealAnimationPracticeVids/UnrealAnimationPracticeVids/MyProject/MyProject.uproject"  -IgnoreJunk]
[2021.02.05-13.09.06:949][299]Warning: Starting HotReload took  0.1s.
[2021.02.05-13.09.08:614][386]CompilerResultsLog: New page: Compilation - 5 Feb 2021, 13:09:08
[2021.02.05-13.09.08:614][386]CompilerResultsLog: Using 'git status' to determine working set for adaptive non-unity build (C:\Users\Morgan\Desktop\UnrealAnimationPracticeVids\UnrealAnimationPracticeVids).
[2021.02.05-13.09.08:614][386]CompilerResultsLog: Building MyProjectEditor...
[2021.02.05-13.09.08:614][386]CompilerResultsLog: Using Visual Studio 2019 14.28.29336 toolchain (C:\Program Files (x86)\Microsoft Visual Studio\2019\Community\VC\Tools\MSVC\14.28.29333) and Windows 10.0.18362.0 SDK (C:\Program Files (x86)\Windows Kits\10).
[2021.02.05-13.09.08:614][386]CompilerResultsLog: [Upgrade]
[2021.02.05-13.09.08:614][386]CompilerResultsLog: [Upgrade] Using backward-compatible build settings. The latest version of UE4 sets the following values by default, which may require code changes:
[2021.02.05-13.09.08:615][386]CompilerResultsLog: [Upgrade]     bLegacyPublicIncludePaths = false                 => Omits subfolders from public include paths to reduce compiler command line length. (Previously: true).
[2021.02.05-13.09.08:615][386]CompilerResultsLog: [Upgrade]     ShadowVariableWarningLevel = WarningLevel.Error   => Treats shadowed variable warnings as errors. (Previously: WarningLevel.Warning).
[2021.02.05-13.09.08:615][386]CompilerResultsLog: [Upgrade]     PCHUsage = PCHUsageMode.UseExplicitOrSharedPCHs   => Set in build.cs files to enables IWYU-style PCH model. See https://docs.unrealengine.com/en-US/Programming/BuildTools/UnrealBuildTool/IWYU/index.html. (Previously: PCHUsageMode.UseSharedPCHs).
[2021.02.05-13.09.08:615][386]CompilerResultsLog: [Upgrade] Suppress this message by setting 'DefaultBuildSettings = BuildSettingsVersion.V2;' in MyProjectEditor.Target.cs, and explicitly overriding settings that differ from the new defaults.
[2021.02.05-13.09.08:615][386]CompilerResultsLog: [Upgrade]
[2021.02.05-13.09.08:615][386]CompilerResultsLog: Building 3 actions with 20 processes...
[2021.02.05-13.09.08:615][386]CompilerResultsLog:   [1/3] UE4Editor-MyProject-0161.lib
[2021.02.05-13.09.08:615][386]CompilerResultsLog:      Creating library C:\Users\Morgan\Desktop\UnrealAnimationPracticeVids\UnrealAnimationPracticeVids\MyProject\Intermediate\Build\Win64\UE4Editor\Development\MyProject\UE4Editor-MyProject-0161.lib and object C:\Users\Morgan\Desktop\UnrealAnimationPracticeVids\UnrealAnimationPracticeVids\MyProject\Intermediate\Build\Win64\UE4Editor\Development\MyProject\UE4Editor-MyProject-0161.exp
[2021.02.05-13.09.08:615][386]CompilerResultsLog:   [2/3] UE4Editor-MyProject-0161.dll
[2021.02.05-13.09.08:615][386]CompilerResultsLog:      Creating library C:\Users\Morgan\Desktop\UnrealAnimationPracticeVids\UnrealAnimationPracticeVids\MyProject\Intermediate\Build\Win64\UE4Editor\Development\MyProject\UE4Editor-MyProject-0161.suppressed.lib and object C:\Users\Morgan\Desktop\UnrealAnimationPracticeVids\UnrealAnimationPracticeVids\MyProject\Intermediate\Build\Win64\UE4Editor\Development\MyProject\UE4Editor-MyProject-0161.suppressed.exp
[2021.02.05-13.09.08:615][386]CompilerResultsLog:   [3/3] MyProjectEditor.target
[2021.02.05-13.09.08:615][386]CompilerResultsLog: Total time in Parallel executor: 0.91 seconds
[2021.02.05-13.09.08:615][386]CompilerResultsLog: Total execution time: 1.58 seconds
[2021.02.05-13.09.08:615][386]LogMainFrame: MainFrame: Module compiling took 1.710 seconds
[2021.02.05-13.09.08:628][386]LogContentBrowser: Native class hierarchy populated in 0.0079 seconds. Added 3447 classes and 837 folders.
[2021.02.05-13.09.08:628][386]Display: HotReload took  1.7s.
[2021.02.05-13.09.08:654][387]LogTemp: Repeating last play command: New Editor Window (PIE)
[2021.02.05-13.09.08:673][387]LogPlayLevel: PlayLevel: No blueprints needed recompiling
[2021.02.05-13.09.08:674][387]PIE: New page: PIE session: ThirdPersonExampleMap (5 Feb 2021, 13:09:08)
[2021.02.05-13.09.08:706][387]LogOnline: OSS: Creating online subsystem instance for: NULL
[2021.02.05-13.09.08:708][387]LogOnline: OSS: TryLoadSubsystemAndSetDefault: Loaded subsystem for module [NULL]
[2021.02.05-13.09.08:708][387]LogPlayLevel: Creating play world package: /Game/ThirdPersonCPP/Maps/UEDPIE_0_ThirdPersonExampleMap
[2021.02.05-13.09.08:719][387]LogPlayLevel: PIE: StaticDuplicateObject took: (0.011105s)
[2021.02.05-13.09.08:720][387]LogAIModule: Creating AISystem for world ThirdPersonExampleMap
[2021.02.05-13.09.08:720][387]LogAISub: UAISubsystem::UAISubsystem EnvQueryManager (00000227FF13D600), frame # 387
[2021.02.05-13.09.08:720][387]LogAISub: UAISubsystem::UAISubsystem AIPerceptionSystem (00000227FF814540), frame # 387
[2021.02.05-13.09.08:721][387]LogPlayLevel: PIE: World Init took: (0.001329s)
[2021.02.05-13.09.08:721][387]LogPlayLevel: PIE: Created PIE world by copying editor world from /Game/ThirdPersonCPP/Maps/ThirdPersonExampleMap.ThirdPersonExampleMap to /Game/ThirdPersonCPP/Maps/UEDPIE_0_ThirdPersonExampleMap.ThirdPersonExampleMap (0.012789s)
[2021.02.05-13.09.08:742][387]LogUObjectHash: Compacting FUObjectHashTables data took   0.56ms
[2021.02.05-13.09.08:743][387]LogAudioMixer: Display: Audio Mixer Platform Settings:
[2021.02.05-13.09.08:743][387]LogAudioMixer: Display: 	Sample Rate:						  48000
[2021.02.05-13.09.08:743][387]LogAudioMixer: Display: 	Callback Buffer Frame Size Requested: 1024
[2021.02.05-13.09.08:743][387]LogAudioMixer: Display: 	Callback Buffer Frame Size To Use:	  1024
[2021.02.05-13.09.08:744][387]LogAudioMixer: Display: 	Number of buffers to queue:			  2
[2021.02.05-13.09.08:744][387]LogAudioMixer: Display: 	Max Channels (voices):				  32
[2021.02.05-13.09.08:744][387]LogAudioMixer: Display: 	Number of Async Source Workers:		  0
[2021.02.05-13.09.08:744][387]LogAudio: Display: AudioDevice MaxSources: 32
[2021.02.05-13.09.08:744][387]LogAudio: Display: Using built-in audio occlusion.
[2021.02.05-13.09.08:744][387]LogAudioMixer: Display: Initializing audio mixer.
[2021.02.05-13.09.08:747][387]LogAudioMixer: Display: 0: FrontLeft
[2021.02.05-13.09.08:747][387]LogAudioMixer: Display: 1: FrontRight
[2021.02.05-13.09.08:818][387]LogAudioMixer: Display: Using Audio Device Speakers (Realtek(R) Audio)
[2021.02.05-13.09.08:818][387]LogAudioMixer: Display: Initializing Sound Submixes...
[2021.02.05-13.09.08:818][387]LogAudioMixer: Display: Creating Master Submix 'MasterSubmixDefault'
[2021.02.05-13.09.08:818][387]LogAudioMixer: Display: Creating Master Submix 'MasterReverbSubmixDefault'
[2021.02.05-13.09.08:819][387]LogAudioMixer: Display: Creating Master Submix 'MasterEQSubmixDefault'
[2021.02.05-13.09.08:831][387]LogInit: FAudioDevice initialized.
[2021.02.05-13.09.08:884][387]LogSlate: Updating window title bar state: overlay mode, drag disabled, window buttons hidden, title bar hidden
[2021.02.05-13.09.08:884][387]LogLoad: Game class is 'BP_GameMode_C'
[2021.02.05-13.09.08:886][387]LogWorld: Bringing World /Game/ThirdPersonCPP/Maps/UEDPIE_0_ThirdPersonExampleMap.ThirdPersonExampleMap up for play (max tick rate 0) at 2021.02.05-13.09.08
[2021.02.05-13.09.08:886][387]LogWorld: Bringing up level for play took: 0.001195
[2021.02.05-13.09.08:887][387]LogOnline: OSS: Creating online subsystem instance for: :Context_2
[2021.02.05-13.09.08:914][387]LogContentBrowser: Native class hierarchy updated for 'MovieSceneCapture' in 0.0004 seconds. Added 20 classes and 0 folders.
[2021.02.05-13.09.08:917][387]PIE: Server logged in
[2021.02.05-13.09.08:918][387]PIE: Play in editor total start time 0.248 seconds.
[2021.02.05-13.09.19:046][991]LogSlate: Updating window title bar state: overlay mode, drag disabled, window buttons hidden, title bar hidden
[2021.02.05-13.09.19:046][991]LogWorld: BeginTearingDown for /Game/ThirdPersonCPP/Maps/UEDPIE_0_ThirdPersonExampleMap
[2021.02.05-13.09.19:047][991]LogSlate: Window 'MyProject Preview [NetMode: Standalone] (64-bit/Windows) ' being destroyed
[2021.02.05-13.09.19:050][991]LogWorld: UWorld::CleanupWorld for ThirdPersonExampleMap, bSessionEnded=true, bCleanupResources=true
[2021.02.05-13.09.19:051][991]LogSlate: InvalidateAllWidgets triggered.  All widgets were invalidated
[2021.02.05-13.09.19:060][991]LogPlayLevel: Display: Shutting down PIE online subsystems
[2021.02.05-13.09.19:061][991]LogSlate: InvalidateAllWidgets triggered.  All widgets were invalidated
[2021.02.05-13.09.19:103][991]LogAISub: UAISubsystem::~UAISubsystem AIPerceptionSystem (00000227FF814540), frame # 991
[2021.02.05-13.09.19:103][991]LogAISub: UAISubsystem::~UAISubsystem EnvQueryManager (00000227FF13D600), frame # 991
[2021.02.05-13.09.19:104][991]LogUObjectHash: Compacting FUObjectHashTables data took   0.57ms
[2021.02.05-13.09.19:141][992]LogPlayLevel: Display: Destroying online subsystem :Context_2
[2021.02.05-13.09.20:157][ 52]LogEditorViewport: Clicking on Actor (LMB): ThirdPersonCharacter_C (ThirdPersonCharacter2)
[2021.02.05-13.09.20:630][ 73]LogSlate: Took 0.000175 seconds to synchronously load lazily loaded font '../../../Engine/Content/Slate/Fonts/Roboto-Light.ttf' (167K)
[2021.02.05-13.09.20:651][ 73]LogAssetEditorSubsystem: Opening Asset editor for Blueprint /Game/ThirdPersonCPP/Blueprints/ThirdPersonCharacter.ThirdPersonCharacter
[2021.02.05-13.09.20:804][ 73]LogContentBrowser: Native class hierarchy updated for 'BlueprintGraph' in 0.0006 seconds. Added 125 classes and 0 folders.
[2021.02.05-13.09.21:598][ 73]LogSlate: Took 0.000169 seconds to synchronously load lazily loaded font '../../../Engine/Content/Slate/Fonts/Roboto-BoldCondensed.ttf' (158K)
[2021.02.05-13.09.21:652][ 74]LogSlate: Took 0.000183 seconds to synchronously load lazily loaded font '../../../Engine/Content/Slate/Fonts/Roboto-Italic.ttf' (157K)
[2021.02.05-13.09.28:097][457]BlueprintLog: New page: Compile ThirdPersonCharacter
[2021.02.05-13.09.28:326][457]LogUObjectHash: Compacting FUObjectHashTables data took   1.86ms
[2021.02.05-13.09.28:411][457]LogSavePackage: Moving '../../../../../../Users/Morgan/Desktop/UnrealAnimationPracticeVids/UnrealAnimationPracticeVids/MyProject/Saved/ThirdPersonCharacter77CD00B34B24C7A2CD29F88359B8AA7A.tmp' to '../../../../../../Users/Morgan/Desktop/UnrealAnimationPracticeVids/UnrealAnimationPracticeVids/MyProject/Content/ThirdPersonCPP/Blueprints/ThirdPersonCharacter.uasset'
[2021.02.05-13.09.28:424][457]AssetCheck: New page: Asset Save: ThirdPersonCharacter
[2021.02.05-13.09.28:424][457]LogContentValidation: Display: Validating Blueprint /Game/ThirdPersonCPP/Blueprints/ThirdPersonCharacter.ThirdPersonCharacter
[2021.02.05-13.09.28:486][457]LogSlate: Took 0.000151 seconds to synchronously load lazily loaded font '../../../Engine/Content/Slate/Fonts/DroidSansMono.ttf' (77K)
[2021.02.05-13.09.30:932][603]LogSlate: Window 'ThirdPersonCharacter' being destroyed
[2021.02.05-13.09.30:954][603]LogSlate: Window 'ThirdPersonCharacter' being destroyed
[2021.02.05-13.09.30:955][603]LogWorld: UWorld::CleanupWorld for World_3, bSessionEnded=true, bCleanupResources=true
[2021.02.05-13.09.30:955][603]LogSlate: InvalidateAllWidgets triggered.  All widgets were invalidated
[2021.02.05-13.09.31:633][643]LogTemp: Repeating last play command: New Editor Window (PIE)
[2021.02.05-13.09.31:649][643]LogPlayLevel: PlayLevel: No blueprints needed recompiling
[2021.02.05-13.09.31:650][643]PIE: New page: PIE session: ThirdPersonExampleMap (5 Feb 2021, 13:09:31)
[2021.02.05-13.09.31:650][643]LogPlayLevel: Creating play world package: /Game/ThirdPersonCPP/Maps/UEDPIE_0_ThirdPersonExampleMap
[2021.02.05-13.09.31:658][643]LogPlayLevel: PIE: StaticDuplicateObject took: (0.008543s)
[2021.02.05-13.09.31:659][643]LogAIModule: Creating AISystem for world ThirdPersonExampleMap
[2021.02.05-13.09.31:660][643]LogAISub: UAISubsystem::UAISubsystem EnvQueryManager (000002283B9ACC00), frame # 1643
[2021.02.05-13.09.31:660][643]LogAISub: UAISubsystem::UAISubsystem AIPerceptionSystem (0000022838AC0540), frame # 1643
[2021.02.05-13.09.31:660][643]LogPlayLevel: PIE: World Init took: (0.001353s)
[2021.02.05-13.09.31:660][643]LogPlayLevel: PIE: Created PIE world by copying editor world from /Game/ThirdPersonCPP/Maps/ThirdPersonExampleMap.ThirdPersonExampleMap to /Game/ThirdPersonCPP/Maps/UEDPIE_0_ThirdPersonExampleMap.ThirdPersonExampleMap (0.010274s)
[2021.02.05-13.09.31:680][643]LogUObjectHash: Compacting FUObjectHashTables data took   1.86ms
[2021.02.05-13.09.31:681][643]LogAudioMixer: Display: Audio Mixer Platform Settings:
[2021.02.05-13.09.31:682][643]LogAudioMixer: Display: 	Sample Rate:						  48000
[2021.02.05-13.09.31:682][643]LogAudioMixer: Display: 	Callback Buffer Frame Size Requested: 1024
[2021.02.05-13.09.31:682][643]LogAudioMixer: Display: 	Callback Buffer Frame Size To Use:	  1024
[2021.02.05-13.09.31:682][643]LogAudioMixer: Display: 	Number of buffers to queue:			  2
[2021.02.05-13.09.31:682][643]LogAudioMixer: Display: 	Max Channels (voices):				  32
[2021.02.05-13.09.31:682][643]LogAudioMixer: Display: 	Number of Async Source Workers:		  0
[2021.02.05-13.09.31:682][643]LogAudio: Display: AudioDevice MaxSources: 32
[2021.02.05-13.09.31:682][643]LogAudio: Display: Using built-in audio occlusion.
[2021.02.05-13.09.31:682][643]LogAudioMixer: Display: Initializing audio mixer.
[2021.02.05-13.09.31:685][643]LogAudioMixer: Display: 0: FrontLeft
[2021.02.05-13.09.31:686][643]LogAudioMixer: Display: 1: FrontRight
[2021.02.05-13.09.31:759][643]LogAudioMixer: Display: Using Audio Device Speakers (Realtek(R) Audio)
[2021.02.05-13.09.31:759][643]LogAudioMixer: Display: Initializing Sound Submixes...
[2021.02.05-13.09.31:759][643]LogAudioMixer: Display: Creating Master Submix 'MasterSubmixDefault'
[2021.02.05-13.09.31:759][643]LogAudioMixer: Display: Creating Master Submix 'MasterReverbSubmixDefault'
[2021.02.05-13.09.31:759][643]LogAudioMixer: Display: Creating Master Submix 'MasterEQSubmixDefault'
[2021.02.05-13.09.31:772][643]LogInit: FAudioDevice initialized.
[2021.02.05-13.09.31:820][643]LogSlate: Updating window title bar state: overlay mode, drag disabled, window buttons hidden, title bar hidden
[2021.02.05-13.09.31:820][643]LogLoad: Game class is 'BP_GameMode_C'
[2021.02.05-13.09.31:822][643]LogWorld: Bringing World /Game/ThirdPersonCPP/Maps/UEDPIE_0_ThirdPersonExampleMap.ThirdPersonExampleMap up for play (max tick rate 0) at 2021.02.05-13.09.31
[2021.02.05-13.09.31:822][643]LogWorld: Bringing up level for play took: 0.001439
[2021.02.05-13.09.31:823][643]LogOnline: OSS: Creating online subsystem instance for: :Context_7
[2021.02.05-13.09.31:827][643]PIE: Server logged in
[2021.02.05-13.09.31:828][643]PIE: Play in editor total start time 0.179 seconds.
[2021.02.05-13.09.55:596][ 64]LogSlate: Updating window title bar state: overlay mode, drag disabled, window buttons hidden, title bar hidden
[2021.02.05-13.09.55:596][ 64]LogWorld: BeginTearingDown for /Game/ThirdPersonCPP/Maps/UEDPIE_0_ThirdPersonExampleMap
[2021.02.05-13.09.55:597][ 64]LogSlate: Window 'MyProject Preview [NetMode: Standalone] (64-bit/Windows) ' being destroyed
[2021.02.05-13.09.55:601][ 64]LogWorld: UWorld::CleanupWorld for ThirdPersonExampleMap, bSessionEnded=true, bCleanupResources=true
[2021.02.05-13.09.55:601][ 64]LogSlate: InvalidateAllWidgets triggered.  All widgets were invalidated
[2021.02.05-13.09.55:614][ 64]LogPlayLevel: Display: Shutting down PIE online subsystems
[2021.02.05-13.09.55:616][ 64]LogSlate: InvalidateAllWidgets triggered.  All widgets were invalidated
[2021.02.05-13.09.55:661][ 64]LogAISub: UAISubsystem::~UAISubsystem AIPerceptionSystem (0000022838AC0540), frame # 3064
[2021.02.05-13.09.55:661][ 64]LogAISub: UAISubsystem::~UAISubsystem EnvQueryManager (000002283B9ACC00), frame # 3064
[2021.02.05-13.09.55:663][ 64]LogUObjectHash: Compacting FUObjectHashTables data took   1.58ms
[2021.02.05-13.09.55:701][ 65]LogPlayLevel: Display: Destroying online subsystem :Context_7
