Log file open, 11/28/20 13:15:08
LogWindows: Failed to load 'aqProf.dll' (GetLastError=126)
LogWindows: File 'aqProf.dll' does not exist
LogWindows: Failed to load 'VtuneApi.dll' (GetLastError=126)
LogWindows: File 'VtuneApi.dll' does not exist
LogWindows: Failed to load 'VtuneApi32e.dll' (GetLastError=126)
LogWindows: File 'VtuneApi32e.dll' does not exist
LogConsoleResponse: Display: Failed to find resolution value strings in scalability ini. Falling back to default.
LogInit: Display: Running engine for game: MyProject
LogPakFile: Registered encryption key '00000000000000000000000000000000': 0 pak files mounted, 0 remain pending
LogPlatformFile: Not using cached read wrapper
LogTaskGraph: Started task graph with 5 named threads and 35 total threads with 3 sets of task threads.
LogStats: Stats thread started at 1.530898
LogD3D11RHI: Loaded GFSDK_Aftermath_Lib.x64.dll
LogICUInternationalization: ICU TimeZone Detection - Raw Offset: +0:00, Platform Override: ''
LogPluginManager: Mounting plugin Paper2D
LogPluginManager: Mounting plugin AISupport
LogPluginManager: Mounting plugin LightPropagationVolume
LogPluginManager: Mounting plugin ActorLayerUtilities
LogPluginManager: Mounting plugin AnimationSharing
LogPluginManager: Mounting plugin CLionSourceCodeAccess
LogPluginManager: Mounting plugin CodeLiteSourceCodeAccess
LogPluginManager: Mounting plugin GitSourceControl
LogPluginManager: Mounting plugin KDevelopSourceCodeAccess
LogPluginManager: Mounting plugin NullSourceCodeAccess
LogPluginManager: Mounting plugin PerforceSourceControl
LogPluginManager: Mounting plugin SubversionSourceControl
LogPluginManager: Mounting plugin UObjectPlugin
LogPluginManager: Mounting plugin VisualStudioCodeSourceCodeAccess
LogPluginManager: Mounting plugin VisualStudioSourceCodeAccess
LogPluginManager: Mounting plugin XCodeSourceCodeAccess
LogPluginManager: Mounting plugin AssetManagerEditor
LogPluginManager: Mounting plugin CryptoKeys
LogPluginManager: Mounting plugin DataValidation
LogPluginManager: Mounting plugin FacialAnimation
LogPluginManager: Mounting plugin GameplayTagsEditor
LogPluginManager: Mounting plugin MacGraphicsSwitching
LogPluginManager: Mounting plugin MaterialAnalyzer
LogPluginManager: Mounting plugin MobileLauncherProfileWizard
LogPluginManager: Mounting plugin PluginBrowser
LogPluginManager: Mounting plugin SpeedTreeImporter
LogPluginManager: Mounting plugin DatasmithContent
LogPluginManager: Mounting plugin VariantManagerContent
LogPluginManager: Mounting plugin AlembicImporter
LogPluginManager: Mounting plugin AppleImageUtils
LogPluginManager: Mounting plugin AppleVision
LogPluginManager: Mounting plugin BackChannel
LogPluginManager: Mounting plugin CharacterAI
LogPluginManager: Mounting plugin GeometryCache
LogPluginManager: Mounting plugin HTML5Networking
LogPluginManager: Mounting plugin ProxyLODPlugin
LogPluginManager: Mounting plugin SkeletalReduction
LogPluginManager: Mounting plugin MagicLeap
LogPluginManager: Mounting plugin MagicLeapMedia
LogPluginManager: Mounting plugin AndroidMedia
LogPluginManager: Mounting plugin AvfMedia
LogPluginManager: Mounting plugin ImgMedia
LogPluginManager: Mounting plugin LinearTimecode
LogPluginManager: Mounting plugin MediaCompositing
LogPluginManager: Mounting plugin MediaPlayerEditor
LogPluginManager: Mounting plugin WebMMedia
LogPluginManager: Mounting plugin WmfMedia
LogPluginManager: Mounting plugin TcpMessaging
LogPluginManager: Mounting plugin UdpMessaging
LogPluginManager: Mounting plugin ActorSequence
LogPluginManager: Mounting plugin LevelSequenceEditor
LogPluginManager: Mounting plugin MatineeToLevelSequence
LogPluginManager: Mounting plugin NetcodeUnitTest
LogPluginManager: Mounting plugin NUTUnrealEngine4
LogPluginManager: Mounting plugin OnlineSubsystemGooglePlay
LogPluginManager: Mounting plugin OnlineSubsystemIOS
LogPluginManager: Mounting plugin OnlineSubsystem
LogPluginManager: Mounting plugin OnlineSubsystemNull
LogPluginManager: Mounting plugin OnlineSubsystemUtils
LogPluginManager: Mounting plugin LauncherChunkInstaller
LogPluginManager: Mounting plugin AndroidDeviceProfileSelector
LogPluginManager: Mounting plugin AndroidMoviePlayer
LogPluginManager: Mounting plugin AndroidPermission
LogPluginManager: Mounting plugin ApexDestruction
LogPluginManager: Mounting plugin AppleMoviePlayer
LogPluginManager: Mounting plugin ArchVisCharacter
LogPluginManager: Mounting plugin AudioCapture
LogPluginManager: Mounting plugin CableComponent
LogPluginManager: Mounting plugin CustomMeshComponent
LogPluginManager: Mounting plugin EditableMesh
LogPluginManager: Mounting plugin ExampleDeviceProfileSelector
LogPluginManager: Mounting plugin Firebase
LogPluginManager: Mounting plugin GoogleCloudMessaging
LogPluginManager: Mounting plugin IOSDeviceProfileSelector
LogPluginManager: Mounting plugin LinuxDeviceProfileSelector
LogPluginManager: Mounting plugin LocationServicesBPLibrary
LogPluginManager: Mounting plugin MobilePatchingUtils
LogPluginManager: Mounting plugin OculusVR
LogPluginManager: Mounting plugin PhysXVehicles
LogPluginManager: Mounting plugin ProceduralMeshComponent
LogPluginManager: Mounting plugin RuntimePhysXCooking
LogPluginManager: Mounting plugin SignificanceManager
LogPluginManager: Mounting plugin SteamVR
LogPluginManager: Mounting plugin WebMMoviePlayer
LogPluginManager: Mounting plugin WindowsMoviePlayer
LogInit: Using libcurl 7.55.1-DEV
LogInit:  - built for x86_64-pc-win32
LogInit:  - supports SSL with OpenSSL/1.1.1
LogInit:  - supports HTTP deflate (compression) using libz 1.2.8
LogInit:  - other features:
LogInit:      CURL_VERSION_SSL
LogInit:      CURL_VERSION_LIBZ
LogInit:      CURL_VERSION_IPV6
LogInit:      CURL_VERSION_ASYNCHDNS
LogInit:      CURL_VERSION_LARGEFILE
LogInit:      CURL_VERSION_IDN
LogInit:  CurlRequestOptions (configurable via config and command line):
LogInit:  - bVerifyPeer = true  - Libcurl will verify peer certificate
LogInit:  - bUseHttpProxy = false  - Libcurl will NOT use HTTP proxy
LogInit:  - bDontReuseConnections = false  - Libcurl will reuse connections
LogInit:  - MaxHostConnections = 16  - Libcurl will limit the number of connections to a host
LogInit:  - LocalHostAddr = Default
LogInit:  - BufferSize = 65536
LogInit: WinSock: version 1.1 (2.2), MaxSocks=32767, MaxUdp=65467
LogInit: Build: ++UE4+Release-4.22-CL-7053642
LogInit: Engine Version: 4.22.3-7053642+++UE4+Release-4.22
LogInit: Compatible Engine Version: 4.22.0-5660361+++UE4+Release-4.22
LogInit: Net CL: 5660361
LogInit: OS: Windows 10 (Release 2004) (), CPU: Intel(R) Core(TM) i7-8750H CPU @ 2.20GHz, GPU: Intel(R) UHD Graphics 630
LogInit: Compiled (64-bit): Jun 18 2019 03:09:11
LogInit: Compiled with Visual C++: 19.16.27025.01
LogInit: Build Configuration: Development
LogInit: Branch Name: ++UE4+Release-4.22
LogInit: Command Line:  -skipcompile
LogInit: Base Directory: C:/Program Files/Epic Games/UE_4.22/Engine/Binaries/Win64/
LogInit: Installed Engine Build: 1
LogDevObjectVersion: Number of dev versions registered: 23
LogDevObjectVersion:   Dev-Blueprints (B0D832E4-1F89-4F0D-ACCF-7EB736FD4AA2): 10
LogDevObjectVersion:   Dev-Build (E1C64328-A22C-4D53-A36C-8E866417BD8C): 0
LogDevObjectVersion:   Dev-Core (375EC13C-06E4-48FB-B500-84F0262A717E): 3
LogDevObjectVersion:   Dev-Editor (E4B068ED-F494-42E9-A231-DA0B2E46BB41): 30
LogDevObjectVersion:   Dev-Framework (CFFC743F-43B0-4480-9391-14DF171D2073): 35
LogDevObjectVersion:   Dev-Mobile (B02B49B5-BB20-44E9-A304-32B752E40360): 2
LogDevObjectVersion:   Dev-Networking (A4E4105C-59A1-49B5-A7C5-40C4547EDFEE): 0
LogDevObjectVersion:   Dev-Online (39C831C9-5AE6-47DC-9A44-9C173E1C8E7C): 0
LogDevObjectVersion:   Dev-Physics (78F01B33-EBEA-4F98-B9B4-84EACCB95AA2): 0
LogDevObjectVersion:   Dev-Platform (6631380F-2D4D-43E0-8009-CF276956A95A): 0
LogDevObjectVersion:   Dev-Rendering (12F88B9F-8875-4AFC-A67C-D90C383ABD29): 28
LogDevObjectVersion:   Dev-Sequencer (7B5AE74C-D270-4C10-A958-57980B212A5A): 11
LogDevObjectVersion:   Dev-VR (D7296918-1DD6-4BDD-9DE2-64A83CC13884): 2
LogDevObjectVersion:   Dev-LoadTimes (C2A15278-BFE7-4AFE-6C17-90FF531DF755): 1
LogDevObjectVersion:   Private-Geometry (6EACA3D4-40EC-4CC1-B786-8BED09428FC5): 3
LogDevObjectVersion:   Dev-AnimPhys (29E575DD-E0A3-4627-9D10-D276232CDCEA): 17
LogDevObjectVersion:   Dev-Anim (AF43A65D-7FD3-4947-9873-3E8ED9C1BB05): 2
LogDevObjectVersion:   Dev-ReflectionCapture (6B266CEC-1EC7-4B8F-A30B-E4D90942FC07): 1
LogDevObjectVersion:   Dev-Automation (0DF73D61-A23F-47EA-B727-89E90C41499A): 1
LogDevObjectVersion:   FortniteMain (601D1886-AC64-4F84-AA16-D3DE0DEAC7D6): 25
LogDevObjectVersion:   Dev-Enterprise (9DFFBCD6-494F-0158-E221-12823C92A888): 6
LogDevObjectVersion:   Dev-Niagara (F2AED0AC-9AFE-416F-8664-AA7FFA26D6FC): 1
LogDevObjectVersion:   Dev-Destruction (174F1F0B-B4C6-45A5-B13F-2EE8D0FB917D): 2
LogInit: Presizing for max 16777216 objects, including 0 objects not considered by GC, pre-allocating 0 bytes for permanent pool.
LogInit: Object subsystem initialized
LogConfig: Setting CVar [[con.DebugEarlyDefault:1]]
LogConfig: Setting CVar [[r.setres:1280x720]]
[2020.11.28-13.15.10:250][  0]LogConfig: Setting CVar [[r.VSync:0]]
[2020.11.28-13.15.10:250][  0]LogConfig: Setting CVar [[r.RHICmdBypass:0]]
[2020.11.28-13.15.10:250][  0]LogConfig: Applying CVar settings from Section [/Script/Engine.RendererSettings] File [C:/Users/Morgan/Desktop/UnrealAnimationPracticeVids/UnrealAnimationPracticeVids/MyProject/Saved/Config/Windows/Engine.ini]
[2020.11.28-13.15.10:251][  0]LogConfig: Setting CVar [[r.GPUCrashDebugging:0]]
[2020.11.28-13.15.10:251][  0]LogConfig: Applying CVar settings from Section [/Script/Engine.RendererOverrideSettings] File [C:/Users/Morgan/Desktop/UnrealAnimationPracticeVids/UnrealAnimationPracticeVids/MyProject/Saved/Config/Windows/Engine.ini]
[2020.11.28-13.15.10:251][  0]LogConfig: Applying CVar settings from Section [/Script/Engine.StreamingSettings] File [C:/Users/Morgan/Desktop/UnrealAnimationPracticeVids/UnrealAnimationPracticeVids/MyProject/Saved/Config/Windows/Engine.ini]
[2020.11.28-13.15.10:251][  0]LogConfig: Setting CVar [[s.MinBulkDataSizeForAsyncLoading:131072]]
[2020.11.28-13.15.10:251][  0]LogConfig: Setting CVar [[s.AsyncLoadingThreadEnabled:0]]
[2020.11.28-13.15.10:251][  0]LogConfig: Setting CVar [[s.EventDrivenLoaderEnabled:1]]
[2020.11.28-13.15.10:252][  0]LogConfig: Setting CVar [[s.WarnIfTimeLimitExceeded:0]]
[2020.11.28-13.15.10:252][  0]LogConfig: Setting CVar [[s.TimeLimitExceededMultiplier:1.5]]
[2020.11.28-13.15.10:252][  0]LogConfig: Setting CVar [[s.TimeLimitExceededMinTime:0.005]]
[2020.11.28-13.15.10:252][  0]LogConfig: Setting CVar [[s.UseBackgroundLevelStreaming:1]]
[2020.11.28-13.15.10:252][  0]LogConfig: Setting CVar [[s.PriorityAsyncLoadingExtraTime:15.0]]
[2020.11.28-13.15.10:252][  0]LogConfig: Setting CVar [[s.LevelStreamingActorsUpdateTimeLimit:5.0]]
[2020.11.28-13.15.10:252][  0]LogConfig: Setting CVar [[s.PriorityLevelStreamingActorsUpdateExtraTime:5.0]]
[2020.11.28-13.15.10:253][  0]LogConfig: Setting CVar [[s.LevelStreamingComponentsRegistrationGranularity:10]]
[2020.11.28-13.15.10:253][  0]LogConfig: Setting CVar [[s.UnregisterComponentsTimeLimit:1.0]]
[2020.11.28-13.15.10:253][  0]LogConfig: Setting CVar [[s.LevelStreamingComponentsUnregistrationGranularity:5]]
[2020.11.28-13.15.10:253][  0]LogConfig: Applying CVar settings from Section [/Script/Engine.GarbageCollectionSettings] File [C:/Users/Morgan/Desktop/UnrealAnimationPracticeVids/UnrealAnimationPracticeVids/MyProject/Saved/Config/Windows/Engine.ini]
[2020.11.28-13.15.10:253][  0]LogConfig: Setting CVar [[gc.MaxObjectsNotConsideredByGC:1]]
[2020.11.28-13.15.10:253][  0]LogConfig: Setting CVar [[gc.SizeOfPermanentObjectPool:0]]
[2020.11.28-13.15.10:253][  0]LogConfig: Setting CVar [[gc.FlushStreamingOnGC:0]]
[2020.11.28-13.15.10:253][  0]LogConfig: Setting CVar [[gc.NumRetriesBeforeForcingGC:10]]
[2020.11.28-13.15.10:254][  0]LogConfig: Setting CVar [[gc.AllowParallelGC:1]]
[2020.11.28-13.15.10:254][  0]LogConfig: Setting CVar [[gc.TimeBetweenPurgingPendingKillObjects:61.1]]
[2020.11.28-13.15.10:254][  0]LogConfig: Setting CVar [[gc.MaxObjectsInEditor:16777216]]
[2020.11.28-13.15.10:254][  0]LogConfig: Setting CVar [[gc.IncrementalBeginDestroyEnabled:1]]
[2020.11.28-13.15.10:254][  0]LogConfig: Setting CVar [[gc.CreateGCClusters:1]]
[2020.11.28-13.15.10:254][  0]LogConfig: Setting CVar [[gc.MinGCClusterSize:5]]
[2020.11.28-13.15.10:255][  0]LogConfig: Setting CVar [[gc.ActorClusteringEnabled:0]]
[2020.11.28-13.15.10:255][  0]LogConfig: Setting CVar [[gc.BlueprintClusteringEnabled:0]]
[2020.11.28-13.15.10:255][  0]LogConfig: Setting CVar [[gc.UseDisregardForGCOnDedicatedServers:0]]
[2020.11.28-13.15.10:255][  0]LogConfig: Applying CVar settings from Section [/Script/Engine.NetworkSettings] File [C:/Users/Morgan/Desktop/UnrealAnimationPracticeVids/UnrealAnimationPracticeVids/MyProject/Saved/Config/Windows/Engine.ini]
[2020.11.28-13.15.10:256][  0]LogConfig: Applying CVar settings from Section [/Script/UnrealEd.CookerSettings] File [C:/Users/Morgan/Desktop/UnrealAnimationPracticeVids/UnrealAnimationPracticeVids/MyProject/Saved/Config/Windows/Engine.ini]
[2020.11.28-13.15.10:280][  0]LogConfig: Applying CVar settings from Section [ViewDistanceQuality@3] File [C:/Users/Morgan/Desktop/UnrealAnimationPracticeVids/UnrealAnimationPracticeVids/MyProject/Saved/Config/Windows/Scalability.ini]
[2020.11.28-13.15.10:280][  0]LogConfig: Setting CVar [[r.SkeletalMeshLODBias:0]]
[2020.11.28-13.15.10:280][  0]LogConfig: Setting CVar [[r.ViewDistanceScale:1.0]]
[2020.11.28-13.15.10:281][  0]LogConfig: Applying CVar settings from Section [AntiAliasingQuality@3] File [C:/Users/Morgan/Desktop/UnrealAnimationPracticeVids/UnrealAnimationPracticeVids/MyProject/Saved/Config/Windows/Scalability.ini]
[2020.11.28-13.15.10:281][  0]LogConfig: Setting CVar [[r.PostProcessAAQuality:4]]
[2020.11.28-13.15.10:281][  0]LogConfig: Applying CVar settings from Section [ShadowQuality@3] File [C:/Users/Morgan/Desktop/UnrealAnimationPracticeVids/UnrealAnimationPracticeVids/MyProject/Saved/Config/Windows/Scalability.ini]
[2020.11.28-13.15.10:282][  0]LogConfig: Setting CVar [[r.LightFunctionQuality:1]]
[2020.11.28-13.15.10:283][  0]LogConfig: Setting CVar [[r.ShadowQuality:5]]
[2020.11.28-13.15.10:284][  0]LogConfig: Setting CVar [[r.Shadow.CSM.MaxCascades:10]]
[2020.11.28-13.15.10:284][  0]LogConfig: Setting CVar [[r.Shadow.MaxResolution:2048]]
[2020.11.28-13.15.10:284][  0]LogConfig: Setting CVar [[r.Shadow.MaxCSMResolution:2048]]
[2020.11.28-13.15.10:284][  0]LogConfig: Setting CVar [[r.Shadow.RadiusThreshold:0.01]]
[2020.11.28-13.15.10:284][  0]LogConfig: Setting CVar [[r.Shadow.DistanceScale:1.0]]
[2020.11.28-13.15.10:285][  0]LogConfig: Setting CVar [[r.Shadow.CSM.TransitionScale:1.0]]
[2020.11.28-13.15.10:285][  0]LogConfig: Setting CVar [[r.Shadow.PreShadowResolutionFactor:1.0]]
[2020.11.28-13.15.10:285][  0]LogConfig: Setting CVar [[r.DistanceFieldShadowing:1]]
[2020.11.28-13.15.10:285][  0]LogConfig: Setting CVar [[r.DistanceFieldAO:1]]
[2020.11.28-13.15.10:285][  0]LogConfig: Setting CVar [[r.AOQuality:2]]
[2020.11.28-13.15.10:285][  0]LogConfig: Setting CVar [[r.VolumetricFog:1]]
[2020.11.28-13.15.10:285][  0]LogConfig: Setting CVar [[r.VolumetricFog.GridPixelSize:8]]
[2020.11.28-13.15.10:286][  0]LogConfig: Setting CVar [[r.VolumetricFog.GridSizeZ:128]]
[2020.11.28-13.15.10:286][  0]LogConfig: Setting CVar [[r.VolumetricFog.HistoryMissSupersampleCount:4]]
[2020.11.28-13.15.10:286][  0]LogConfig: Setting CVar [[r.LightMaxDrawDistanceScale:1]]
[2020.11.28-13.15.10:286][  0]LogConfig: Setting CVar [[r.CapsuleShadows:1]]
[2020.11.28-13.15.10:287][  0]LogConfig: Applying CVar settings from Section [PostProcessQuality@3] File [C:/Users/Morgan/Desktop/UnrealAnimationPracticeVids/UnrealAnimationPracticeVids/MyProject/Saved/Config/Windows/Scalability.ini]
[2020.11.28-13.15.10:287][  0]LogConfig: Setting CVar [[r.MotionBlurQuality:4]]
[2020.11.28-13.15.10:287][  0]LogConfig: Setting CVar [[r.AmbientOcclusionMipLevelFactor:0.4]]
[2020.11.28-13.15.10:287][  0]LogConfig: Setting CVar [[r.AmbientOcclusionMaxQuality:100]]
[2020.11.28-13.15.10:288][  0]LogConfig: Setting CVar [[r.AmbientOcclusionLevels:-1]]
[2020.11.28-13.15.10:289][  0]LogConfig: Setting CVar [[r.AmbientOcclusionRadiusScale:1.0]]
[2020.11.28-13.15.10:289][  0]LogConfig: Setting CVar [[r.DepthOfFieldQuality:2]]
[2020.11.28-13.15.10:289][  0]LogConfig: Setting CVar [[r.RenderTargetPoolMin:400]]
[2020.11.28-13.15.10:289][  0]LogConfig: Setting CVar [[r.LensFlareQuality:2]]
[2020.11.28-13.15.10:289][  0]LogConfig: Setting CVar [[r.SceneColorFringeQuality:1]]
[2020.11.28-13.15.10:290][  0]LogConfig: Setting CVar [[r.EyeAdaptationQuality:2]]
[2020.11.28-13.15.10:290][  0]LogConfig: Setting CVar [[r.BloomQuality:5]]
[2020.11.28-13.15.10:290][  0]LogConfig: Setting CVar [[r.FastBlurThreshold:100]]
[2020.11.28-13.15.10:290][  0]LogConfig: Setting CVar [[r.Upscale.Quality:3]]
[2020.11.28-13.15.10:290][  0]LogConfig: Setting CVar [[r.Tonemapper.GrainQuantization:1]]
[2020.11.28-13.15.10:290][  0]LogConfig: Setting CVar [[r.LightShaftQuality:1]]
[2020.11.28-13.15.10:291][  0]LogConfig: Setting CVar [[r.Filter.SizeScale:1]]
[2020.11.28-13.15.10:291][  0]LogConfig: Setting CVar [[r.Tonemapper.Quality:5]]
[2020.11.28-13.15.10:291][  0]LogConfig: Setting CVar [[r.DOF.Gather.AccumulatorQuality:1        ; higher gathering accumulator quality]]
[2020.11.28-13.15.10:291][  0]LogConfig: Setting CVar [[r.DOF.Gather.PostfilterMethod:1          ; Median3x3 postfilering method]]
[2020.11.28-13.15.10:291][  0]LogConfig: Setting CVar [[r.DOF.Gather.EnableBokehSettings:0       ; no bokeh simulation when gathering]]
[2020.11.28-13.15.10:291][  0]LogConfig: Setting CVar [[r.DOF.Gather.RingCount:4                 ; medium number of samples when gathering]]
[2020.11.28-13.15.10:291][  0]LogConfig: Setting CVar [[r.DOF.Scatter.ForegroundCompositing:1    ; additive foreground scattering]]
[2020.11.28-13.15.10:291][  0]LogConfig: Setting CVar [[r.DOF.Scatter.BackgroundCompositing:2    ; additive background scattering]]
[2020.11.28-13.15.10:292][  0]LogConfig: Setting CVar [[r.DOF.Scatter.EnableBokehSettings:1      ; bokeh simulation when scattering]]
[2020.11.28-13.15.10:292][  0]LogConfig: Setting CVar [[r.DOF.Scatter.MaxSpriteRatio:0.1         ; only a maximum of 10% of scattered bokeh]]
[2020.11.28-13.15.10:292][  0]LogConfig: Setting CVar [[r.DOF.Recombine.Quality:1                ; cheap slight out of focus]]
[2020.11.28-13.15.10:292][  0]LogConfig: Setting CVar [[r.DOF.Recombine.EnableBokehSettings:0    ; no bokeh simulation on slight out of focus]]
[2020.11.28-13.15.10:292][  0]LogConfig: Setting CVar [[r.DOF.TemporalAAQuality:1                ; more stable temporal accumulation]]
[2020.11.28-13.15.10:292][  0]LogConfig: Setting CVar [[r.DOF.Kernel.MaxForegroundRadius:0.025]]
[2020.11.28-13.15.10:292][  0]LogConfig: Setting CVar [[r.DOF.Kernel.MaxBackgroundRadius:0.025]]
[2020.11.28-13.15.10:293][  0]LogConfig: Applying CVar settings from Section [TextureQuality@3] File [C:/Users/Morgan/Desktop/UnrealAnimationPracticeVids/UnrealAnimationPracticeVids/MyProject/Saved/Config/Windows/Scalability.ini]
[2020.11.28-13.15.10:293][  0]LogConfig: Setting CVar [[r.Streaming.MipBias:0]]
[2020.11.28-13.15.10:293][  0]LogConfig: Setting CVar [[r.Streaming.AmortizeCPUToGPUCopy:0]]
[2020.11.28-13.15.10:293][  0]LogConfig: Setting CVar [[r.Streaming.MaxNumTexturesToStreamPerFrame:0]]
[2020.11.28-13.15.10:293][  0]LogConfig: Setting CVar [[r.Streaming.Boost:1]]
[2020.11.28-13.15.10:293][  0]LogConfig: Setting CVar [[r.MaxAnisotropy:8]]
[2020.11.28-13.15.10:293][  0]LogConfig: Setting CVar [[r.Streaming.LimitPoolSizeToVRAM:0]]
[2020.11.28-13.15.10:293][  0]LogConfig: Setting CVar [[r.Streaming.PoolSize:1000]]
[2020.11.28-13.15.10:294][  0]LogConfig: Setting CVar [[r.Streaming.MaxEffectiveScreenSize:0]]
[2020.11.28-13.15.10:294][  0]LogConfig: Applying CVar settings from Section [EffectsQuality@3] File [C:/Users/Morgan/Desktop/UnrealAnimationPracticeVids/UnrealAnimationPracticeVids/MyProject/Saved/Config/Windows/Scalability.ini]
[2020.11.28-13.15.10:294][  0]LogConfig: Setting CVar [[r.TranslucencyLightingVolumeDim:64]]
[2020.11.28-13.15.10:294][  0]LogConfig: Setting CVar [[r.RefractionQuality:2]]
[2020.11.28-13.15.10:294][  0]LogConfig: Setting CVar [[r.SSR.Quality:3]]
[2020.11.28-13.15.10:294][  0]LogConfig: Setting CVar [[r.SceneColorFormat:4]]
[2020.11.28-13.15.10:294][  0]LogConfig: Setting CVar [[r.DetailMode:2]]
[2020.11.28-13.15.10:294][  0]LogConfig: Setting CVar [[r.TranslucencyVolumeBlur:1]]
[2020.11.28-13.15.10:295][  0]LogConfig: Setting CVar [[r.MaterialQualityLevel:1 ; High quality]]
[2020.11.28-13.15.10:295][  0]LogConfig: Setting CVar [[r.SSS.Scale:1]]
[2020.11.28-13.15.10:295][  0]LogConfig: Setting CVar [[r.SSS.SampleSet:2]]
[2020.11.28-13.15.10:295][  0]LogConfig: Setting CVar [[r.SSS.Quality:1]]
[2020.11.28-13.15.10:295][  0]LogConfig: Setting CVar [[r.SSS.HalfRes:1]]
[2020.11.28-13.15.10:295][  0]LogConfig: Setting CVar [[r.EmitterSpawnRateScale:1.0]]
[2020.11.28-13.15.10:295][  0]LogConfig: Setting CVar [[r.ParticleLightQuality:2]]
[2020.11.28-13.15.10:295][  0]LogConfig: Applying CVar settings from Section [FoliageQuality@3] File [C:/Users/Morgan/Desktop/UnrealAnimationPracticeVids/UnrealAnimationPracticeVids/MyProject/Saved/Config/Windows/Scalability.ini]
[2020.11.28-13.15.10:296][  0]LogConfig: Setting CVar [[foliage.DensityScale:1.0]]
[2020.11.28-13.15.10:296][  0]LogConfig: Setting CVar [[grass.DensityScale:1.0]]
[2020.11.28-13.15.10:296][  0]LogInit: Selected Device Profile: [Windows]
[2020.11.28-13.15.10:296][  0]LogInit: Applying CVar settings loaded from the selected device profile: [Windows]
[2020.11.28-13.15.10:340][  0]LogHAL: Display: Platform has ~ 16 GB [16903135232 / 17179869184 / 16], which maps to Larger [LargestMinGB=32, LargerMinGB=12, DefaultMinGB=8, SmallerMinGB=6, SmallestMinGB=0)
[2020.11.28-13.15.10:340][  0]LogConfig: Setting CVar [[r.Vulkan.UseRealUBs:0		; Required until we fix HLR fall-out]]
[2020.11.28-13.15.10:341][  0]LogInit: Going up to parent DeviceProfile []
[2020.11.28-13.15.10:341][  0]LogConfig: Applying CVar settings from Section [ViewDistanceQuality@3] File [C:/Users/Morgan/Desktop/UnrealAnimationPracticeVids/UnrealAnimationPracticeVids/MyProject/Saved/Config/Windows/Scalability.ini]
[2020.11.28-13.15.10:341][  0]LogConfig: Setting CVar [[r.SkeletalMeshLODBias:0]]
[2020.11.28-13.15.10:341][  0]LogConfig: Setting CVar [[r.ViewDistanceScale:1.0]]
[2020.11.28-13.15.10:341][  0]LogConfig: Applying CVar settings from Section [AntiAliasingQuality@3] File [C:/Users/Morgan/Desktop/UnrealAnimationPracticeVids/UnrealAnimationPracticeVids/MyProject/Saved/Config/Windows/Scalability.ini]
[2020.11.28-13.15.10:342][  0]LogConfig: Setting CVar [[r.PostProcessAAQuality:4]]
[2020.11.28-13.15.10:342][  0]LogConfig: Applying CVar settings from Section [ShadowQuality@3] File [C:/Users/Morgan/Desktop/UnrealAnimationPracticeVids/UnrealAnimationPracticeVids/MyProject/Saved/Config/Windows/Scalability.ini]
[2020.11.28-13.15.10:342][  0]LogConfig: Setting CVar [[r.LightFunctionQuality:1]]
[2020.11.28-13.15.10:342][  0]LogConfig: Setting CVar [[r.ShadowQuality:5]]
[2020.11.28-13.15.10:342][  0]LogConfig: Setting CVar [[r.Shadow.CSM.MaxCascades:10]]
[2020.11.28-13.15.10:342][  0]LogConfig: Setting CVar [[r.Shadow.MaxResolution:2048]]
[2020.11.28-13.15.10:342][  0]LogConfig: Setting CVar [[r.Shadow.MaxCSMResolution:2048]]
[2020.11.28-13.15.10:343][  0]LogConfig: Setting CVar [[r.Shadow.RadiusThreshold:0.01]]
[2020.11.28-13.15.10:343][  0]LogConfig: Setting CVar [[r.Shadow.DistanceScale:1.0]]
[2020.11.28-13.15.10:343][  0]LogConfig: Setting CVar [[r.Shadow.CSM.TransitionScale:1.0]]
[2020.11.28-13.15.10:343][  0]LogConfig: Setting CVar [[r.Shadow.PreShadowResolutionFactor:1.0]]
[2020.11.28-13.15.10:343][  0]LogConfig: Setting CVar [[r.DistanceFieldShadowing:1]]
[2020.11.28-13.15.10:343][  0]LogConfig: Setting CVar [[r.DistanceFieldAO:1]]
[2020.11.28-13.15.10:343][  0]LogConfig: Setting CVar [[r.AOQuality:2]]
[2020.11.28-13.15.10:344][  0]LogConfig: Setting CVar [[r.VolumetricFog:1]]
[2020.11.28-13.15.10:344][  0]LogConfig: Setting CVar [[r.VolumetricFog.GridPixelSize:8]]
[2020.11.28-13.15.10:344][  0]LogConfig: Setting CVar [[r.VolumetricFog.GridSizeZ:128]]
[2020.11.28-13.15.10:344][  0]LogConfig: Setting CVar [[r.VolumetricFog.HistoryMissSupersampleCount:4]]
[2020.11.28-13.15.10:344][  0]LogConfig: Setting CVar [[r.LightMaxDrawDistanceScale:1]]
[2020.11.28-13.15.10:344][  0]LogConfig: Setting CVar [[r.CapsuleShadows:1]]
[2020.11.28-13.15.10:344][  0]LogConfig: Applying CVar settings from Section [PostProcessQuality@3] File [C:/Users/Morgan/Desktop/UnrealAnimationPracticeVids/UnrealAnimationPracticeVids/MyProject/Saved/Config/Windows/Scalability.ini]
[2020.11.28-13.15.10:344][  0]LogConfig: Setting CVar [[r.MotionBlurQuality:4]]
[2020.11.28-13.15.10:344][  0]LogConfig: Setting CVar [[r.AmbientOcclusionMipLevelFactor:0.4]]
[2020.11.28-13.15.10:345][  0]LogConfig: Setting CVar [[r.AmbientOcclusionMaxQuality:100]]
[2020.11.28-13.15.10:345][  0]LogConfig: Setting CVar [[r.AmbientOcclusionLevels:-1]]
[2020.11.28-13.15.10:345][  0]LogConfig: Setting CVar [[r.AmbientOcclusionRadiusScale:1.0]]
[2020.11.28-13.15.10:345][  0]LogConfig: Setting CVar [[r.DepthOfFieldQuality:2]]
[2020.11.28-13.15.10:345][  0]LogConfig: Setting CVar [[r.RenderTargetPoolMin:400]]
[2020.11.28-13.15.10:345][  0]LogConfig: Setting CVar [[r.LensFlareQuality:2]]
[2020.11.28-13.15.10:345][  0]LogConfig: Setting CVar [[r.SceneColorFringeQuality:1]]
[2020.11.28-13.15.10:346][  0]LogConfig: Setting CVar [[r.EyeAdaptationQuality:2]]
[2020.11.28-13.15.10:346][  0]LogConfig: Setting CVar [[r.BloomQuality:5]]
[2020.11.28-13.15.10:346][  0]LogConfig: Setting CVar [[r.FastBlurThreshold:100]]
[2020.11.28-13.15.10:346][  0]LogConfig: Setting CVar [[r.Upscale.Quality:3]]
[2020.11.28-13.15.10:346][  0]LogConfig: Setting CVar [[r.Tonemapper.GrainQuantization:1]]
[2020.11.28-13.15.10:346][  0]LogConfig: Setting CVar [[r.LightShaftQuality:1]]
[2020.11.28-13.15.10:346][  0]LogConfig: Setting CVar [[r.Filter.SizeScale:1]]
[2020.11.28-13.15.10:346][  0]LogConfig: Setting CVar [[r.Tonemapper.Quality:5]]
[2020.11.28-13.15.10:347][  0]LogConfig: Setting CVar [[r.DOF.Gather.AccumulatorQuality:1        ; higher gathering accumulator quality]]
[2020.11.28-13.15.10:347][  0]LogConfig: Setting CVar [[r.DOF.Gather.PostfilterMethod:1          ; Median3x3 postfilering method]]
[2020.11.28-13.15.10:347][  0]LogConfig: Setting CVar [[r.DOF.Gather.EnableBokehSettings:0       ; no bokeh simulation when gathering]]
[2020.11.28-13.15.10:347][  0]LogConfig: Setting CVar [[r.DOF.Gather.RingCount:4                 ; medium number of samples when gathering]]
[2020.11.28-13.15.10:347][  0]LogConfig: Setting CVar [[r.DOF.Scatter.ForegroundCompositing:1    ; additive foreground scattering]]
[2020.11.28-13.15.10:347][  0]LogConfig: Setting CVar [[r.DOF.Scatter.BackgroundCompositing:2    ; additive background scattering]]
[2020.11.28-13.15.10:347][  0]LogConfig: Setting CVar [[r.DOF.Scatter.EnableBokehSettings:1      ; bokeh simulation when scattering]]
[2020.11.28-13.15.10:347][  0]LogConfig: Setting CVar [[r.DOF.Scatter.MaxSpriteRatio:0.1         ; only a maximum of 10% of scattered bokeh]]
[2020.11.28-13.15.10:348][  0]LogConfig: Setting CVar [[r.DOF.Recombine.Quality:1                ; cheap slight out of focus]]
[2020.11.28-13.15.10:348][  0]LogConfig: Setting CVar [[r.DOF.Recombine.EnableBokehSettings:0    ; no bokeh simulation on slight out of focus]]
[2020.11.28-13.15.10:348][  0]LogConfig: Setting CVar [[r.DOF.TemporalAAQuality:1                ; more stable temporal accumulation]]
[2020.11.28-13.15.10:348][  0]LogConfig: Setting CVar [[r.DOF.Kernel.MaxForegroundRadius:0.025]]
[2020.11.28-13.15.10:348][  0]LogConfig: Setting CVar [[r.DOF.Kernel.MaxBackgroundRadius:0.025]]
[2020.11.28-13.15.10:348][  0]LogConfig: Applying CVar settings from Section [TextureQuality@3] File [C:/Users/Morgan/Desktop/UnrealAnimationPracticeVids/UnrealAnimationPracticeVids/MyProject/Saved/Config/Windows/Scalability.ini]
[2020.11.28-13.15.10:348][  0]LogConfig: Setting CVar [[r.Streaming.MipBias:0]]
[2020.11.28-13.15.10:348][  0]LogConfig: Setting CVar [[r.Streaming.AmortizeCPUToGPUCopy:0]]
[2020.11.28-13.15.10:348][  0]LogConfig: Setting CVar [[r.Streaming.MaxNumTexturesToStreamPerFrame:0]]
[2020.11.28-13.15.10:349][  0]LogConfig: Setting CVar [[r.Streaming.Boost:1]]
[2020.11.28-13.15.10:349][  0]LogConfig: Setting CVar [[r.MaxAnisotropy:8]]
[2020.11.28-13.15.10:349][  0]LogConfig: Setting CVar [[r.Streaming.LimitPoolSizeToVRAM:0]]
[2020.11.28-13.15.10:349][  0]LogConfig: Setting CVar [[r.Streaming.PoolSize:1000]]
[2020.11.28-13.15.10:349][  0]LogConfig: Setting CVar [[r.Streaming.MaxEffectiveScreenSize:0]]
[2020.11.28-13.15.10:349][  0]LogConfig: Applying CVar settings from Section [EffectsQuality@3] File [C:/Users/Morgan/Desktop/UnrealAnimationPracticeVids/UnrealAnimationPracticeVids/MyProject/Saved/Config/Windows/Scalability.ini]
[2020.11.28-13.15.10:349][  0]LogConfig: Setting CVar [[r.TranslucencyLightingVolumeDim:64]]
[2020.11.28-13.15.10:350][  0]LogConfig: Setting CVar [[r.RefractionQuality:2]]
[2020.11.28-13.15.10:350][  0]LogConfig: Setting CVar [[r.SSR.Quality:3]]
[2020.11.28-13.15.10:350][  0]LogConfig: Setting CVar [[r.SceneColorFormat:4]]
[2020.11.28-13.15.10:350][  0]LogConfig: Setting CVar [[r.DetailMode:2]]
[2020.11.28-13.15.10:350][  0]LogConfig: Setting CVar [[r.TranslucencyVolumeBlur:1]]
[2020.11.28-13.15.10:350][  0]LogConfig: Setting CVar [[r.MaterialQualityLevel:1 ; High quality]]
[2020.11.28-13.15.10:350][  0]LogConfig: Setting CVar [[r.SSS.Scale:1]]
[2020.11.28-13.15.10:350][  0]LogConfig: Setting CVar [[r.SSS.SampleSet:2]]
[2020.11.28-13.15.10:351][  0]LogConfig: Setting CVar [[r.SSS.Quality:1]]
[2020.11.28-13.15.10:351][  0]LogConfig: Setting CVar [[r.SSS.HalfRes:1]]
[2020.11.28-13.15.10:351][  0]LogConfig: Setting CVar [[r.EmitterSpawnRateScale:1.0]]
[2020.11.28-13.15.10:351][  0]LogConfig: Setting CVar [[r.ParticleLightQuality:2]]
[2020.11.28-13.15.10:351][  0]LogConfig: Applying CVar settings from Section [FoliageQuality@3] File [C:/Users/Morgan/Desktop/UnrealAnimationPracticeVids/UnrealAnimationPracticeVids/MyProject/Saved/Config/Windows/Scalability.ini]
[2020.11.28-13.15.10:351][  0]LogConfig: Setting CVar [[foliage.DensityScale:1.0]]
[2020.11.28-13.15.10:351][  0]LogConfig: Setting CVar [[grass.DensityScale:1.0]]
[2020.11.28-13.15.10:351][  0]LogConfig: Applying CVar settings from Section [Startup] File [../../../Engine/Config/ConsoleVariables.ini]
[2020.11.28-13.15.10:352][  0]LogConfig: Setting CVar [[net.UseAdaptiveNetUpdateFrequency:0]]
[2020.11.28-13.15.10:352][  0]LogConfig: Setting CVar [[p.chaos.AllowCreatePhysxBodies:1]]
[2020.11.28-13.15.10:352][  0]LogConfig: Applying CVar settings from Section [ConsoleVariables] File [C:/Users/Morgan/Desktop/UnrealAnimationPracticeVids/UnrealAnimationPracticeVids/MyProject/Saved/Config/Windows/Engine.ini]
[2020.11.28-13.15.10:353][  0]LogInit: Computer: DESKTOP-MDFF10R
[2020.11.28-13.15.10:353][  0]LogInit: User: Morgan
[2020.11.28-13.15.10:354][  0]LogInit: CPU Page size=4096, Cores=6
[2020.11.28-13.15.10:354][  0]LogInit: High frequency timer resolution =10.000000 MHz
[2020.11.28-13.15.10:356][  0]LogMemory: Memory total: Physical=15.7GB (16GB approx)
[2020.11.28-13.15.10:356][  0]LogMemory: Platform Memory Stats for Windows
[2020.11.28-13.15.10:356][  0]LogMemory: Process Physical Memory: 105.86 MB used, 105.86 MB peak
[2020.11.28-13.15.10:356][  0]LogMemory: Process Virtual Memory: 89.80 MB used, 89.80 MB peak
[2020.11.28-13.15.10:356][  0]LogMemory: Physical Memory: 9295.95 MB used,  6824.14 MB free, 16120.09 MB total
[2020.11.28-13.15.10:356][  0]LogMemory: Virtual Memory: 4660.81 MB used,  134213064.00 MB free, 134217728.00 MB total
[2020.11.28-13.15.11:028][  0]LogInit: Using OS detected language (en-US).
[2020.11.28-13.15.11:028][  0]LogInit: Using OS detected locale (en-GB).
[2020.11.28-13.15.11:033][  0]LogTextLocalizationManager: No specific localization for 'en-US' exists, so the 'en' localization will be used.
[2020.11.28-13.15.11:538][  0]LogInit: Setting process to per monitor DPI aware
[2020.11.28-13.15.11:663][  0]LogSlate: New Slate User Created.  User Index 0, Is Virtual User: 0
[2020.11.28-13.15.11:663][  0]LogSlate: Slate User Registered.  User Index 0, Is Virtual User: 0
[2020.11.28-13.15.13:835][  0]LogHMD: Failed to initialize OpenVR with code 110
[2020.11.28-13.15.13:835][  0]LogD3D11RHI: D3D11 adapters:
[2020.11.28-13.15.15:020][  0]LogD3D11RHI:    0. 'NVIDIA GeForce GTX 1050 Ti with Max-Q Design' (Feature Level 11_0)
[2020.11.28-13.15.15:020][  0]LogD3D11RHI:       4021/0/8060 MB DedicatedVideo/DedicatedSystem/SharedSystem, Outputs:2, VendorId:0x10de
[2020.11.28-13.15.15:075][  0]LogD3D11RHI:    1. 'Intel(R) UHD Graphics 630' (Feature Level 11_0)
[2020.11.28-13.15.15:076][  0]LogD3D11RHI:       128/0/8060 MB DedicatedVideo/DedicatedSystem/SharedSystem, Outputs:0, VendorId:0x8086
[2020.11.28-13.15.15:095][  0]LogD3D11RHI:    2. 'Microsoft Basic Render Driver' (Feature Level 11_0)
[2020.11.28-13.15.15:095][  0]LogD3D11RHI:       0/0/8060 MB DedicatedVideo/DedicatedSystem/SharedSystem, Outputs:0, VendorId:0x1414
[2020.11.28-13.15.15:096][  0]LogD3D11RHI: Chosen D3D11 Adapter: 0
[2020.11.28-13.15.15:171][  0]LogD3D11RHI: Creating new Direct3DDevice
[2020.11.28-13.15.15:172][  0]LogD3D11RHI:     GPU DeviceId: 0x1c8c (for the marketing name, search the web for "GPU Device Id")
[2020.11.28-13.15.15:172][  0]LogWindows: EnumDisplayDevices:
[2020.11.28-13.15.15:172][  0]LogWindows:    0. 'Intel(R) UHD Graphics 630' (P:1 D:1)
[2020.11.28-13.15.15:173][  0]LogWindows:    1. 'Intel(R) UHD Graphics 630' (P:0 D:1)
[2020.11.28-13.15.15:174][  0]LogWindows:    2. 'Intel(R) UHD Graphics 630' (P:0 D:0)
[2020.11.28-13.15.15:175][  0]LogWindows: DebugString: PrimaryIsNotTheChoosenAdapter PrimaryIsNotTheChoosenAdapter PrimaryIsNotTheChoosenAdapter FoundDriverCount:0 
[2020.11.28-13.15.15:175][  0]LogD3D11RHI:     Adapter Name: NVIDIA GeForce GTX 1050 Ti with Max-Q Design
[2020.11.28-13.15.15:175][  0]LogD3D11RHI:   Driver Version: Unknown (internal:Unknown, unified:Unknown)
[2020.11.28-13.15.15:175][  0]LogD3D11RHI:      Driver Date: Unknown
[2020.11.28-13.15.15:176][  0]LogRHI: Texture pool is 2814 MB (70% of 4021 MB)
[2020.11.28-13.15.15:316][  0]LogD3D11RHI: Async texture creation enabled
[2020.11.28-13.15.15:328][  0]LogRendererCore: FGlobalReadBuffer::InitRHI
[2020.11.28-13.15.15:329][  0]LogRendererCore: FGlobalReadBuffer::InitRHI
[2020.11.28-13.15.15:330][  0]LogRendererCore: FGlobalReadBuffer::InitRHI
[2020.11.28-13.15.15:341][  0]LogD3D11RHI: GPU Timing Frequency: 1000.000000 (Debug: 2 1)
[2020.11.28-13.15.16:036][  0]LogTemp: Display: Module 'AllDesktopTargetPlatform' loaded TargetPlatform 'AllDesktop'
[2020.11.28-13.15.16:081][  0]LogTemp: Display: Module 'MacClientTargetPlatform' loaded TargetPlatform 'MacClient'
[2020.11.28-13.15.16:123][  0]LogTemp: Display: Module 'MacNoEditorTargetPlatform' loaded TargetPlatform 'MacNoEditor'
[2020.11.28-13.15.16:168][  0]LogTemp: Display: Module 'MacServerTargetPlatform' loaded TargetPlatform 'MacServer'
[2020.11.28-13.15.16:217][  0]LogTemp: Display: Module 'MacTargetPlatform' loaded TargetPlatform 'Mac'
[2020.11.28-13.15.16:260][  0]LogTemp: Display: Module 'WindowsClientTargetPlatform' loaded TargetPlatform 'WindowsClient'
[2020.11.28-13.15.16:314][  0]LogTemp: Display: Module 'WindowsNoEditorTargetPlatform' loaded TargetPlatform 'WindowsNoEditor'
[2020.11.28-13.15.16:364][  0]LogTemp: Display: Module 'WindowsServerTargetPlatform' loaded TargetPlatform 'WindowsServer'
[2020.11.28-13.15.16:396][  0]LogTemp: Display: Module 'WindowsTargetPlatform' loaded TargetPlatform 'Windows'
[2020.11.28-13.15.16:613][  0]LogTemp: Display: Module 'AndroidTargetPlatform' loaded TargetPlatform 'Android'
[2020.11.28-13.15.16:613][  0]LogTemp: Display: Module 'AndroidTargetPlatform' loaded TargetPlatform 'Android_ASTC'
[2020.11.28-13.15.16:613][  0]LogTemp: Display: Module 'AndroidTargetPlatform' loaded TargetPlatform 'Android_ATC'
[2020.11.28-13.15.16:613][  0]LogTemp: Display: Module 'AndroidTargetPlatform' loaded TargetPlatform 'Android_DXT'
[2020.11.28-13.15.16:613][  0]LogTemp: Display: Module 'AndroidTargetPlatform' loaded TargetPlatform 'Android_ETC1'
[2020.11.28-13.15.16:614][  0]LogTemp: Display: Module 'AndroidTargetPlatform' loaded TargetPlatform 'Android_ETC1a'
[2020.11.28-13.15.16:614][  0]LogTemp: Display: Module 'AndroidTargetPlatform' loaded TargetPlatform 'Android_ETC2'
[2020.11.28-13.15.16:614][  0]LogTemp: Display: Module 'AndroidTargetPlatform' loaded TargetPlatform 'Android_PVRTC'
[2020.11.28-13.15.16:614][  0]LogTemp: Display: Module 'AndroidTargetPlatform' loaded TargetPlatform 'AndroidClient'
[2020.11.28-13.15.16:614][  0]LogTemp: Display: Module 'AndroidTargetPlatform' loaded TargetPlatform 'Android_ASTCClient'
[2020.11.28-13.15.16:614][  0]LogTemp: Display: Module 'AndroidTargetPlatform' loaded TargetPlatform 'Android_ATCClient'
[2020.11.28-13.15.16:614][  0]LogTemp: Display: Module 'AndroidTargetPlatform' loaded TargetPlatform 'Android_DXTClient'
[2020.11.28-13.15.16:614][  0]LogTemp: Display: Module 'AndroidTargetPlatform' loaded TargetPlatform 'Android_ETC1Client'
[2020.11.28-13.15.16:614][  0]LogTemp: Display: Module 'AndroidTargetPlatform' loaded TargetPlatform 'Android_ETC1aClient'
[2020.11.28-13.15.16:615][  0]LogTemp: Display: Module 'AndroidTargetPlatform' loaded TargetPlatform 'Android_ETC2Client'
[2020.11.28-13.15.16:615][  0]LogTemp: Display: Module 'AndroidTargetPlatform' loaded TargetPlatform 'Android_PVRTCClient'
[2020.11.28-13.15.16:615][  0]LogTemp: Display: Module 'AndroidTargetPlatform' loaded TargetPlatform 'Android_Multi'
[2020.11.28-13.15.16:615][  0]LogTemp: Display: Module 'AndroidTargetPlatform' loaded TargetPlatform 'Android_MultiClient'
[2020.11.28-13.15.16:642][  0]LogTemp: Display: Module 'HTML5TargetPlatform' loaded TargetPlatform 'HTML5'
[2020.11.28-13.15.16:807][  0]LogTemp: Display: Module 'IOSTargetPlatform' loaded TargetPlatform 'IOSClient'
[2020.11.28-13.15.16:807][  0]LogTemp: Display: Module 'IOSTargetPlatform' loaded TargetPlatform 'IOS'
[2020.11.28-13.15.16:881][  0]LogTemp: Display: Module 'TVOSTargetPlatform' loaded TargetPlatform 'TVOSClient'
[2020.11.28-13.15.16:881][  0]LogTemp: Display: Module 'TVOSTargetPlatform' loaded TargetPlatform 'TVOS'
[2020.11.28-13.15.16:927][  0]LogTemp: Display: Module 'LinuxClientTargetPlatform' loaded TargetPlatform 'LinuxClient'
[2020.11.28-13.15.16:984][  0]LogTemp: Display: Module 'LinuxNoEditorTargetPlatform' loaded TargetPlatform 'LinuxNoEditor'
[2020.11.28-13.15.17:033][  0]LogTemp: Display: Module 'LinuxServerTargetPlatform' loaded TargetPlatform 'LinuxServer'
[2020.11.28-13.15.17:089][  0]LogTemp: Display: Module 'LinuxTargetPlatform' loaded TargetPlatform 'Linux'
[2020.11.28-13.15.17:199][  0]LogTemp: Display: Module 'LuminTargetPlatform' loaded TargetPlatform 'Lumin'
[2020.11.28-13.15.17:200][  0]LogTemp: Display: Module 'LuminTargetPlatform' loaded TargetPlatform 'LuminClient'
[2020.11.28-13.15.17:200][  0]LogTargetPlatformManager: Display: Building Assets For Windows
[2020.11.28-13.15.17:274][  0]LogAudioDebug: Display: Lib vorbis DLL was dynamically loaded.
[2020.11.28-13.15.17:795][  0]LogShaderCompilers: Guid format shader working directory is -58 characters bigger than the processId version (../../../../../../Users/Morgan/Desktop/UnrealAnimationPracticeVids/UnrealAnimationPracticeVids/MyProject/Intermediate/Shaders/WorkingDirectory/10252/).
[2020.11.28-13.15.17:795][  0]LogShaderCompilers: Cleaned the shader compiler working directory 'C:/Users/Morgan/AppData/Local/Temp/UnrealShaderWorkingDir/CB7C6C004BF068BE1533ACA5D730789D/'.
[2020.11.28-13.15.17:799][  0]LogXGEController: Cleaning working directory: C:/Users/Morgan/AppData/Local/Temp/UnrealXGEWorkingDir/
[2020.11.28-13.15.17:800][  0]LogXGEController: Cannot use XGE Controller as Incredibuild is not installed on this machine.
[2020.11.28-13.15.17:801][  0]LogShaderCompilers: Cannot use XGE Shader Compiler as Incredibuild is not installed on this machine.
[2020.11.28-13.15.17:801][  0]LogShaderCompilers: Display: Using Local Shader Compiler.
[2020.11.28-13.15.20:197][  0]LogDerivedDataCache: Display: Max Cache Size: 512 MB
[2020.11.28-13.15.20:341][  0]LogDerivedDataCache: Loaded boot cache 0.14s 76MB C:/Users/Morgan/AppData/Local/UnrealEngine/4.22/DerivedDataCache/Boot.ddc.
[2020.11.28-13.15.20:341][  0]LogDerivedDataCache: Display: Loaded Boot cache: C:/Users/Morgan/AppData/Local/UnrealEngine/4.22/DerivedDataCache/Boot.ddc
[2020.11.28-13.15.20:341][  0]LogDerivedDataCache: FDerivedDataBackendGraph:  Pak pak cache file ../../../../../../Users/Morgan/Desktop/UnrealAnimationPracticeVids/UnrealAnimationPracticeVids/MyProject/DerivedDataCache/DDC.ddp not found, will not use a pak cache.
[2020.11.28-13.15.20:341][  0]LogDerivedDataCache: Unable to find inner node Pak for hierarchical cache Hierarchy.
[2020.11.28-13.15.20:342][  0]LogDerivedDataCache: FDerivedDataBackendGraph:  CompressedPak pak cache file ../../../../../../Users/Morgan/Desktop/UnrealAnimationPracticeVids/UnrealAnimationPracticeVids/MyProject/DerivedDataCache/Compressed.ddp not found, will not use a pak cache.
[2020.11.28-13.15.20:342][  0]LogDerivedDataCache: Unable to find inner node CompressedPak for hierarchical cache Hierarchy.
[2020.11.28-13.15.20:368][  0]LogDerivedDataCache: Display: Pak cache opened for reading ../../../Engine/DerivedDataCache/Compressed.ddp.
[2020.11.28-13.15.20:368][  0]LogDerivedDataCache: FDerivedDataBackendGraph:  EnterprisePak pak cache file ../../../Enterprise/DerivedDataCache/Compressed.ddp not found, will not use a pak cache.
[2020.11.28-13.15.20:368][  0]LogDerivedDataCache: Unable to find inner node EnterprisePak for hierarchical cache Hierarchy.
[2020.11.28-13.15.20:383][  0]LogDerivedDataCache: Using Local data cache path C:/Users/Morgan/AppData/Local/UnrealEngine/Common/DerivedDataCache: Writable
[2020.11.28-13.15.20:383][  0]LogDerivedDataCache: Shared data cache path not found in *engine.ini, will not use an Shared cache.
[2020.11.28-13.15.20:383][  0]LogDerivedDataCache: Unable to find inner node Shared for hierarchical cache Hierarchy.
[2020.11.28-13.15.20:422][  0]LogMaterial: Verifying Global Shaders for PCD3D_SM5
[2020.11.28-13.15.20:427][  0]LogSlate: Using FreeType 2.6.0
[2020.11.28-13.15.20:438][  0]LogSlate: SlateFontServices - WITH_FREETYPE: 1, WITH_HARFBUZZ: 1
[2020.11.28-13.15.20:873][  0]LogAssetRegistry: FAssetRegistry took 0.0475 seconds to start up
[2020.11.28-13.15.21:613][  0]LogInit: Selected Device Profile: [Windows]
[2020.11.28-13.15.22:185][  0]LogMeshReduction: Using QuadricMeshReduction for automatic static mesh reduction
[2020.11.28-13.15.22:185][  0]LogMeshReduction: Using SimplygonMeshReduction for automatic skeletal mesh reduction
[2020.11.28-13.15.22:186][  0]LogMeshReduction: Using ProxyLODMeshReduction for automatic mesh merging
[2020.11.28-13.15.22:186][  0]LogMeshReduction: No distributed automatic mesh merging module available
[2020.11.28-13.15.22:187][  0]LogMeshMerging: No distributed automatic mesh merging module available
[2020.11.28-13.15.22:229][  0]LogNetVersion: MyProject 1.0.0, NetCL: 5660361, EngineNetVer: 10, GameNetVer: 0 (Checksum: 2788865488)
[2020.11.28-13.15.23:470][  0]LogPackageLocalizationCache: Processed 10 localized package path(s) for 1 prioritized culture(s) in 0.115158 seconds
[2020.11.28-13.15.23:482][  0]LogUObjectArray: 42205 objects as part of root set at end of initial load.
[2020.11.28-13.15.23:482][  0]LogUObjectAllocator: 7325032 out of 0 bytes used by permanent object pool.
[2020.11.28-13.15.23:482][  0]LogUObjectArray: CloseDisregardForGC: 0/0 objects in disregard for GC pool
[2020.11.28-13.15.29:915][  0]LogTcpMessaging: Initializing TcpMessaging bridge
[2020.11.28-13.15.29:959][  0]LogUdpMessaging: Initializing bridge on interface 0.0.0.0:0 to multicast group 230.0.0.1:6666.
[2020.11.28-13.15.31:327][  0]SourceControl: Source control is disabled
[2020.11.28-13.15.31:327][  0]SourceControl: Source control is disabled
[2020.11.28-13.15.31:381][  0]SourceControl: Source control is disabled
[2020.11.28-13.15.31:408][  0]SourceControl: Source control is disabled
[2020.11.28-13.15.32:549][  0]LogAndroidPermission: UAndroidPermissionCallbackProxy::GetInstance
[2020.11.28-13.15.33:374][  0]LogOcInput: OculusInput pre-init called
[2020.11.28-13.15.34:550][  0]LogTemp: IOS device listing is disabled (to many failed attempts)!
[2020.11.28-13.15.35:156][  0]LogEngine: Initializing Engine...
[2020.11.28-13.15.35:159][  0]LogHMD: Failed to initialize OpenVR with code 110
[2020.11.28-13.15.35:161][  0]LogStats: UGameplayTagsManager::InitializeManager -  0.000 s
[2020.11.28-13.15.35:740][  0]LogInit: Initializing FReadOnlyCVARCache
[2020.11.28-13.15.35:797][  0]LogAIModule: Creating AISystem for world Untitled
[2020.11.28-13.15.35:861][  0]LogInit: XAudio2 using 'Headphones (HD 4.40BT Stereo)' : 2 channels at 44.1 kHz using 16 bits per sample (channel mask 0x3)
[2020.11.28-13.15.35:924][  0]LogInit: FAudioDevice initialized.
[2020.11.28-13.15.35:924][  0]LogNetVersion: Set ProjectVersion to 1.0.0.0. Version Checksum will be recalculated on next use.
[2020.11.28-13.15.36:081][  0]LogDerivedDataCache: Saved boot cache 0.16s 76MB C:/Users/Morgan/AppData/Local/UnrealEngine/4.22/DerivedDataCache/Boot.ddc.
[2020.11.28-13.15.36:085][  0]LogInit: Texture streaming: Enabled
[2020.11.28-13.15.36:216][  0]LogEngineSessionManager: EngineSessionManager initialized
[2020.11.28-13.15.36:216][  0]LogEngineSessionManager: EngineSessionManager sent abnormal shutdown report. Type=Debugger, SessionId={171BEFA4-481E-F784-D2D2-3D9D43E1F662}
[2020.11.28-13.15.36:216][  0]LogEngineSessionManager: EngineSessionManager sent abnormal shutdown report. Type=Debugger, SessionId={AD83BBB3-4D7C-D73E-529F-75B792AC262A}
[2020.11.28-13.15.36:297][  0]LogInit: Transaction tracking system initialized
[2020.11.28-13.15.36:474][  0]BlueprintLog: New page: Editor Load
[2020.11.28-13.15.37:346][  0]LocalizationService: Localization service is disabled
[2020.11.28-13.15.38:707][  0]LogFileCache: Scanning file cache for directory 'C:/Users/Morgan/Desktop/UnrealAnimationPracticeVids/UnrealAnimationPracticeVids/MyProject/Content/' took 0.03s
[2020.11.28-13.15.38:708][  0]LogCook: Display: Max memory allowance for cook 16384mb min free memory 0mb
[2020.11.28-13.15.38:709][  0]LogCook: Display: Mobile HDR setting 1
[2020.11.28-13.15.40:295][  0]SourceControl: Source control is disabled
[2020.11.28-13.15.40:301][  0]LightingResults: New page: Lighting Build
[2020.11.28-13.15.40:307][  0]MapCheck: New page: Map Check
[2020.11.28-13.15.40:308][  0]LightingResults: New page: Lighting Build
[2020.11.28-13.15.40:360][  0]LogUObjectHash: Compacting FUObjectHashTables data took   3.36ms
[2020.11.28-13.15.40:738][  0]LogAIModule: Creating AISystem for world ThirdPersonExampleMap
[2020.11.28-13.15.40:789][  0]LogEditorServer: Finished looking for orphan Actors (0.000 secs)
[2020.11.28-13.15.40:845][  0]LogUObjectHash: Compacting FUObjectHashTables data took   3.35ms
[2020.11.28-13.15.40:845][  0]Cmd: MAP CHECKDEP NOCLEARLOG
[2020.11.28-13.15.40:846][  0]MapCheck: Map check complete: 0 Error(s), 0 Warning(s), took 0.445ms to complete.
[2020.11.28-13.15.40:846][  0]LogFileHelpers: Loading map 'ThirdPersonExampleMap' took 0.551
[2020.11.28-13.15.41:056][  0]LogSlate: Updating window title bar state: overlay mode, drag disabled, window buttons hidden, title bar hidden
[2020.11.28-13.15.41:070][  0]LogSlate: Updating window title bar state: overlay mode, drag disabled, window buttons hidden, title bar hidden
[2020.11.28-13.15.41:085][  0]LogSlate: Updating window title bar state: overlay mode, drag disabled, window buttons hidden, title bar hidden
[2020.11.28-13.15.41:100][  0]LogSlate: Updating window title bar state: overlay mode, drag disabled, window buttons hidden, title bar hidden
[2020.11.28-13.15.41:141][  0]LogCollectionManager: Loaded 0 collections in 0.003454 seconds
[2020.11.28-13.15.41:184][  0]LogFileCache: Scanning file cache for directory 'C:/Users/Morgan/Desktop/UnrealAnimationPracticeVids/UnrealAnimationPracticeVids/MyProject/Saved/Collections/' took 0.01s
[2020.11.28-13.15.41:184][  0]LogFileCache: Scanning file cache for directory 'C:/Users/Morgan/Desktop/UnrealAnimationPracticeVids/UnrealAnimationPracticeVids/MyProject/Content/Developers/Morgan/Collections/' took 0.02s
[2020.11.28-13.15.41:184][  0]LogFileCache: Scanning file cache for directory 'C:/Users/Morgan/Desktop/UnrealAnimationPracticeVids/UnrealAnimationPracticeVids/MyProject/Content/Collections/' took 0.00s
[2020.11.28-13.15.41:184][  0]LogCollectionManager: Rebuilt the GUID cache for 0 collections in 0.000001 seconds
[2020.11.28-13.15.41:206][  0]LogContentBrowser: Native class hierarchy populated in 0.0206 seconds. Added 2748 classes and 667 folders.
[2020.11.28-13.15.41:221][  0]LogContentBrowser: Native class hierarchy updated for 'WidgetCarousel' in 0.0009 seconds. Added 0 classes and 0 folders.
[2020.11.28-13.15.41:236][  0]LogPakFile: Registered encryption key '00000000000000000000000000000000': 0 pak files mounted, 0 remain pending
[2020.11.28-13.15.41:244][  0]LogPakFile: Registered encryption key '00000000000000000000000000000000': 0 pak files mounted, 0 remain pending
[2020.11.28-13.15.41:249][  0]LogPakFile: Registered encryption key '00000000000000000000000000000000': 0 pak files mounted, 0 remain pending
[2020.11.28-13.15.41:254][  0]LogPakFile: Registered encryption key '00000000000000000000000000000000': 0 pak files mounted, 0 remain pending
[2020.11.28-13.15.41:260][  0]LogPakFile: Registered encryption key '00000000000000000000000000000000': 0 pak files mounted, 0 remain pending
[2020.11.28-13.15.41:266][  0]LogPakFile: Registered encryption key '00000000000000000000000000000000': 0 pak files mounted, 0 remain pending
[2020.11.28-13.15.41:271][  0]LogPakFile: Registered encryption key '00000000000000000000000000000000': 0 pak files mounted, 0 remain pending
[2020.11.28-13.15.41:277][  0]LogPakFile: Registered encryption key '00000000000000000000000000000000': 0 pak files mounted, 0 remain pending
[2020.11.28-13.15.41:283][  0]LogPakFile: Registered encryption key '00000000000000000000000000000000': 0 pak files mounted, 0 remain pending
[2020.11.28-13.15.41:288][  0]LogPakFile: Registered encryption key '00000000000000000000000000000000': 0 pak files mounted, 0 remain pending
[2020.11.28-13.15.41:294][  0]LogPakFile: Registered encryption key '00000000000000000000000000000000': 0 pak files mounted, 0 remain pending
[2020.11.28-13.15.41:299][  0]LogPakFile: Registered encryption key '00000000000000000000000000000000': 0 pak files mounted, 0 remain pending
[2020.11.28-13.15.41:305][  0]LogPakFile: Registered encryption key '00000000000000000000000000000000': 0 pak files mounted, 0 remain pending
[2020.11.28-13.15.41:311][  0]LogPakFile: Registered encryption key '00000000000000000000000000000000': 0 pak files mounted, 0 remain pending
[2020.11.28-13.15.41:318][  0]LogPakFile: Registered encryption key '00000000000000000000000000000000': 0 pak files mounted, 0 remain pending
[2020.11.28-13.15.41:323][  0]LogPakFile: Registered encryption key '00000000000000000000000000000000': 0 pak files mounted, 0 remain pending
[2020.11.28-13.15.41:329][  0]LogPakFile: Registered encryption key '00000000000000000000000000000000': 0 pak files mounted, 0 remain pending
[2020.11.28-13.15.41:335][  0]LogPakFile: Registered encryption key '00000000000000000000000000000000': 0 pak files mounted, 0 remain pending
[2020.11.28-13.15.41:341][  0]LogPakFile: Registered encryption key '00000000000000000000000000000000': 0 pak files mounted, 0 remain pending
[2020.11.28-13.15.41:346][  0]LogPakFile: Registered encryption key '00000000000000000000000000000000': 0 pak files mounted, 0 remain pending
[2020.11.28-13.15.41:352][  0]LogPakFile: Registered encryption key '00000000000000000000000000000000': 0 pak files mounted, 0 remain pending
[2020.11.28-13.15.41:358][  0]LogPakFile: Registered encryption key '00000000000000000000000000000000': 0 pak files mounted, 0 remain pending
[2020.11.28-13.15.41:367][  0]LogPakFile: Registered encryption key '00000000000000000000000000000000': 0 pak files mounted, 0 remain pending
[2020.11.28-13.15.41:373][  0]LogPakFile: Registered encryption key '00000000000000000000000000000000': 0 pak files mounted, 0 remain pending
[2020.11.28-13.15.41:379][  0]LogPakFile: Registered encryption key '00000000000000000000000000000000': 0 pak files mounted, 0 remain pending
[2020.11.28-13.15.41:384][  0]LogPakFile: Registered encryption key '00000000000000000000000000000000': 0 pak files mounted, 0 remain pending
[2020.11.28-13.15.41:701][  0]LogContentBrowser: Native class hierarchy updated for 'AddContentDialog' in 0.0008 seconds. Added 0 classes and 0 folders.
[2020.11.28-13.15.41:757][  0]LogContentBrowser: Native class hierarchy updated for 'SceneOutliner' in 0.0009 seconds. Added 1 classes and 2 folders.
[2020.11.28-13.15.41:807][  0]LogSlate: Took 0.004554 seconds to synchronously load lazily loaded font '../../../Engine/Content/Slate/Fonts/Roboto-Regular.ttf' (155K)
[2020.11.28-13.15.41:816][  0]LogSlate: Took 0.003080 seconds to synchronously load lazily loaded font '../../../Engine/Content/Slate/Fonts/Roboto-Bold.ttf' (160K)
[2020.11.28-13.15.41:823][  0]LogSlate: Took 0.003133 seconds to synchronously load lazily loaded font '../../../Engine/Content/Editor/Slate/Fonts/FontAwesome.ttf' (139K)
[2020.11.28-13.15.41:938][  0]LogRenderer: Reallocating scene render targets to support 1224x436 Format 10 NumSamples 1 (Frame:1).
[2020.11.28-13.15.42:224][  0]LogContentBrowser: Native class hierarchy updated for 'HierarchicalLODOutliner' in 0.0007 seconds. Added 0 classes and 0 folders.
[2020.11.28-13.15.42:224][  0]LogLoad: (Engine Initialization) Total time: 38.13 seconds
[2020.11.28-13.15.42:224][  0]LogLoad: (Engine Initialization) Total Blueprint compile time: 0.00 seconds
[2020.11.28-13.15.42:284][  0]LogAssetRegistry: Asset discovery search completed in 21.4374 seconds
[2020.11.28-13.15.42:289][  0]LogCollectionManager: Rebuilt the object cache for 0 collections in 0.000000 seconds (found 0 objects)
[2020.11.28-13.15.42:289][  0]LogCollectionManager: Fixed up redirectors for 0 collections in 0.000335 seconds (updated 0 objects)
[2020.11.28-13.15.42:292][  0]LogContentStreaming: Texture pool size now 1000 MB
[2020.11.28-13.15.42:346][  0]LogSlate: Took 0.006045 seconds to synchronously load lazily loaded font '../../../Engine/Content/Slate/Fonts/Roboto-Light.ttf' (167K)
[2020.11.28-13.21.50:684][145]LogRenderer: Reallocating scene render targets to support 1528x572 Format 10 NumSamples 1 (Frame:53).
[2020.11.28-13.21.52:269][274]LogSlate: FSceneViewport::OnFocusLost() reason 0
[2020.11.28-13.21.52:365][285]LogTemp: Repeating last play command: New Editor Window (PIE)
[2020.11.28-13.21.52:388][285]LogBlueprintUserMessages: Early PlayInEditor Detection: Level '/Game/ThirdPersonCPP/Maps/ThirdPersonExampleMap.ThirdPersonExampleMap:PersistentLevel' has LevelScriptBlueprint '/Game/ThirdPersonCPP/Maps/ThirdPersonExampleMap.ThirdPersonExampleMap:PersistentLevel.ThirdPersonExampleMap' with GeneratedClass '/Game/ThirdPersonCPP/Maps/ThirdPersonExampleMap.ThirdPersonExampleMap_C' with ClassGeneratedBy '/Game/ThirdPersonCPP/Maps/ThirdPersonExampleMap.ThirdPersonExampleMap:PersistentLevel.ThirdPersonExampleMap'
[2020.11.28-13.21.52:388][285]LogPlayLevel: PlayLevel: No blueprints needed recompiling
[2020.11.28-13.21.52:390][285]PIE: New page: PIE session: ThirdPersonExampleMap (28 Nov 2020 13:21:52)
[2020.11.28-13.21.52:406][285]LogPlayLevel: Creating play world package: /Game/ThirdPersonCPP/Maps/UEDPIE_0_ThirdPersonExampleMap
[2020.11.28-13.21.52:429][285]LogPlayLevel: PIE: StaticDuplicateObject took: (0.022434s)
[2020.11.28-13.21.52:431][285]LogAIModule: Creating AISystem for world ThirdPersonExampleMap
[2020.11.28-13.21.52:432][285]LogPlayLevel: PIE: World Init took: (0.002599s)
[2020.11.28-13.21.52:432][285]LogPlayLevel: PIE: Created PIE world by copying editor world from /Game/ThirdPersonCPP/Maps/ThirdPersonExampleMap.ThirdPersonExampleMap to /Game/ThirdPersonCPP/Maps/UEDPIE_0_ThirdPersonExampleMap.ThirdPersonExampleMap (0.026448s)
[2020.11.28-13.21.52:487][285]LogUObjectHash: Compacting FUObjectHashTables data took   1.89ms
[2020.11.28-13.21.52:523][285]LogInit: XAudio2 using 'Headphones (HD 4.40BT Stereo)' : 2 channels at 44.1 kHz using 16 bits per sample (channel mask 0x3)
[2020.11.28-13.21.52:546][285]LogInit: FAudioDevice initialized.
[2020.11.28-13.21.52:572][285]LogSlate: Updating window title bar state: overlay mode, drag disabled, window buttons hidden, title bar hidden
[2020.11.28-13.21.52:630][285]LogLoad: Game class is 'BP_GameMode_C'
[2020.11.28-13.21.52:638][285]LogWorld: Bringing World /Game/ThirdPersonCPP/Maps/UEDPIE_0_ThirdPersonExampleMap.ThirdPersonExampleMap up for play (max tick rate 0) at 2020.11.28-13.21.52
[2020.11.28-13.21.52:639][285]LogWorld: Bringing up level for play took: 0.005136
[2020.11.28-13.21.52:668][285]LogContentBrowser: Native class hierarchy updated for 'MovieSceneCapture' in 0.0010 seconds. Added 20 classes and 0 folders.
[2020.11.28-13.21.52:673][285]PIE: Play in editor start time for /Game/ThirdPersonCPP/Maps/UEDPIE_0_ThirdPersonExampleMap 0.636
[2020.11.28-13.21.52:674][285]LogBlueprintUserMessages: Late PlayInEditor Detection: Level '/Game/ThirdPersonCPP/Maps/ThirdPersonExampleMap.ThirdPersonExampleMap:PersistentLevel' has LevelScriptBlueprint '/Game/ThirdPersonCPP/Maps/ThirdPersonExampleMap.ThirdPersonExampleMap:PersistentLevel.ThirdPersonExampleMap' with GeneratedClass '/Game/ThirdPersonCPP/Maps/ThirdPersonExampleMap.ThirdPersonExampleMap_C' with ClassGeneratedBy '/Game/ThirdPersonCPP/Maps/ThirdPersonExampleMap.ThirdPersonExampleMap:PersistentLevel.ThirdPersonExampleMap'
[2020.11.28-13.21.52:710][286]LogRenderer: Reallocating scene render targets to support 1528x688 Format 10 NumSamples 1 (Frame:1).
[2020.11.28-13.24.01:552][332]LogBlueprintUserMessages: Early EndPlayMap Detection: Level '/Game/ThirdPersonCPP/Maps/ThirdPersonExampleMap.ThirdPersonExampleMap:PersistentLevel' has LevelScriptBlueprint '/Game/ThirdPersonCPP/Maps/ThirdPersonExampleMap.ThirdPersonExampleMap:PersistentLevel.ThirdPersonExampleMap' with GeneratedClass '/Game/ThirdPersonCPP/Maps/ThirdPersonExampleMap.ThirdPersonExampleMap_C' with ClassGeneratedBy '/Game/ThirdPersonCPP/Maps/ThirdPersonExampleMap.ThirdPersonExampleMap:PersistentLevel.ThirdPersonExampleMap'
[2020.11.28-13.24.01:553][332]LogSlate: Updating window title bar state: overlay mode, drag disabled, window buttons hidden, title bar hidden
[2020.11.28-13.24.01:577][332]LogSlate: Window 'MyProject Game Preview Standalone (64-bit/PCD3D_SM5)' being destroyed
[2020.11.28-13.24.01:631][332]LogPlayLevel: Display: Shutting down PIE online subsystems
[2020.11.28-13.24.01:631][332]LogBlueprintUserMessages: Late EndPlayMap Detection: Level '/Game/ThirdPersonCPP/Maps/ThirdPersonExampleMap.ThirdPersonExampleMap:PersistentLevel' has LevelScriptBlueprint '/Game/ThirdPersonCPP/Maps/ThirdPersonExampleMap.ThirdPersonExampleMap:PersistentLevel.ThirdPersonExampleMap' with GeneratedClass '/Game/ThirdPersonCPP/Maps/ThirdPersonExampleMap.ThirdPersonExampleMap_C' with ClassGeneratedBy '/Game/ThirdPersonCPP/Maps/ThirdPersonExampleMap.ThirdPersonExampleMap:PersistentLevel.ThirdPersonExampleMap'
[2020.11.28-13.24.01:694][332]LogUObjectHash: Compacting FUObjectHashTables data took   2.17ms
[2020.11.28-13.24.01:759][333]LogPlayLevel: Display: Destroying online subsystem :Context_2
[2020.11.28-13.24.02:714][427]LogEditorViewport: Clicking on Actor (LMB): StaticMeshActor (1M_Cube_Chamfer)
[2020.11.28-13.24.03:612][499]LogSlate: FSceneViewport::OnFocusLost() reason 5
[2020.11.28-13.24.03:617][499]LogSlate: Took 0.000343 seconds to synchronously load lazily loaded font '../../../Engine/Content/Slate/Fonts/Roboto-Light.ttf' (167K)
[2020.11.28-13.24.03:639][499]LogAssetEditorManager: Opening Asset editor for StaticMesh /Game/Geometry/Meshes/1M_Cube_Chamfer.1M_Cube_Chamfer
[2020.11.28-13.24.04:526][499]LogRenderer: Reallocating scene render targets to support 1528x708 Format 10 NumSamples 1 (Frame:1).
[2020.11.28-13.24.04:526][499]LogSlate: Took 0.003380 seconds to synchronously load lazily loaded font '../../../Engine/Content/Slate/Fonts/Roboto-Italic.ttf' (157K)
[2020.11.28-13.24.07:556][680]LogSlate: Window '1M_Cube_Chamfer' being destroyed
[2020.11.28-13.24.10:364][873]LogSlate: Window 'Select Path' being destroyed
[2020.11.28-13.24.13:917][219]Cmd: DELETE
[2020.11.28-13.24.13:918][219]Cmd: ACTOR DELETE
[2020.11.28-13.24.13:926][219]LogEditorActor: Deleted Actor: StaticMeshActor
[2020.11.28-13.24.13:975][219]LogUObjectHash: Compacting FUObjectHashTables data took   2.71ms
[2020.11.28-13.24.13:975][219]LogEditorActor: Deleted 1 Actors (0.055 secs)
[2020.11.28-13.24.23:015][ 72]LogSlate: FSceneViewport::OnFocusLost() reason 0
[2020.11.28-13.24.23:106][ 78]LogTemp: Repeating last play command: New Editor Window (PIE)
[2020.11.28-13.24.23:132][ 78]LogBlueprintUserMessages: Early PlayInEditor Detection: Level '/Game/ThirdPersonCPP/Maps/ThirdPersonExampleMap.ThirdPersonExampleMap:PersistentLevel' has LevelScriptBlueprint '/Game/ThirdPersonCPP/Maps/ThirdPersonExampleMap.ThirdPersonExampleMap:PersistentLevel.ThirdPersonExampleMap' with GeneratedClass '/Game/ThirdPersonCPP/Maps/ThirdPersonExampleMap.ThirdPersonExampleMap_C' with ClassGeneratedBy '/Game/ThirdPersonCPP/Maps/ThirdPersonExampleMap.ThirdPersonExampleMap:PersistentLevel.ThirdPersonExampleMap'
[2020.11.28-13.24.23:133][ 78]LogPlayLevel: PlayLevel: No blueprints needed recompiling
[2020.11.28-13.24.23:133][ 78]PIE: New page: PIE session: ThirdPersonExampleMap (28 Nov 2020 13:24:23)
[2020.11.28-13.24.23:134][ 78]LogPlayLevel: Creating play world package: /Game/ThirdPersonCPP/Maps/UEDPIE_0_ThirdPersonExampleMap
[2020.11.28-13.24.23:160][ 78]LogPlayLevel: PIE: StaticDuplicateObject took: (0.025148s)
[2020.11.28-13.24.23:161][ 78]LogAIModule: Creating AISystem for world ThirdPersonExampleMap
[2020.11.28-13.24.23:161][ 78]LogPlayLevel: PIE: World Init took: (0.000975s)
[2020.11.28-13.24.23:162][ 78]LogPlayLevel: PIE: Created PIE world by copying editor world from /Game/ThirdPersonCPP/Maps/ThirdPersonExampleMap.ThirdPersonExampleMap to /Game/ThirdPersonCPP/Maps/UEDPIE_0_ThirdPersonExampleMap.ThirdPersonExampleMap (0.027280s)
[2020.11.28-13.24.23:215][ 78]LogUObjectHash: Compacting FUObjectHashTables data took   2.73ms
[2020.11.28-13.24.23:255][ 78]LogInit: XAudio2 using 'Headphones (HD 4.40BT Stereo)' : 2 channels at 44.1 kHz using 16 bits per sample (channel mask 0x3)
[2020.11.28-13.24.23:277][ 78]LogInit: FAudioDevice initialized.
[2020.11.28-13.24.23:301][ 78]LogSlate: Updating window title bar state: overlay mode, drag disabled, window buttons hidden, title bar hidden
[2020.11.28-13.24.23:353][ 78]LogLoad: Game class is 'BP_GameMode_C'
[2020.11.28-13.24.23:358][ 78]LogWorld: Bringing World /Game/ThirdPersonCPP/Maps/UEDPIE_0_ThirdPersonExampleMap.ThirdPersonExampleMap up for play (max tick rate 0) at 2020.11.28-13.24.23
[2020.11.28-13.24.23:359][ 78]LogWorld: Bringing up level for play took: 0.003747
[2020.11.28-13.24.23:382][ 78]PIE: Play in editor start time for /Game/ThirdPersonCPP/Maps/UEDPIE_0_ThirdPersonExampleMap -0.655
[2020.11.28-13.24.23:383][ 78]LogBlueprintUserMessages: Late PlayInEditor Detection: Level '/Game/ThirdPersonCPP/Maps/ThirdPersonExampleMap.ThirdPersonExampleMap:PersistentLevel' has LevelScriptBlueprint '/Game/ThirdPersonCPP/Maps/ThirdPersonExampleMap.ThirdPersonExampleMap:PersistentLevel.ThirdPersonExampleMap' with GeneratedClass '/Game/ThirdPersonCPP/Maps/ThirdPersonExampleMap.ThirdPersonExampleMap_C' with ClassGeneratedBy '/Game/ThirdPersonCPP/Maps/ThirdPersonExampleMap.ThirdPersonExampleMap:PersistentLevel.ThirdPersonExampleMap'
[2020.11.28-13.24.37:260][453]LogBlueprintUserMessages: Early EndPlayMap Detection: Level '/Game/ThirdPersonCPP/Maps/ThirdPersonExampleMap.ThirdPersonExampleMap:PersistentLevel' has LevelScriptBlueprint '/Game/ThirdPersonCPP/Maps/ThirdPersonExampleMap.ThirdPersonExampleMap:PersistentLevel.ThirdPersonExampleMap' with GeneratedClass '/Game/ThirdPersonCPP/Maps/ThirdPersonExampleMap.ThirdPersonExampleMap_C' with ClassGeneratedBy '/Game/ThirdPersonCPP/Maps/ThirdPersonExampleMap.ThirdPersonExampleMap:PersistentLevel.ThirdPersonExampleMap'
[2020.11.28-13.24.37:261][453]LogSlate: Updating window title bar state: overlay mode, drag disabled, window buttons hidden, title bar hidden
[2020.11.28-13.24.37:283][453]LogSlate: Window 'MyProject Game Preview Standalone (64-bit/PCD3D_SM5)' being destroyed
[2020.11.28-13.24.37:340][453]LogPlayLevel: Display: Shutting down PIE online subsystems
[2020.11.28-13.24.37:341][453]LogBlueprintUserMessages: Late EndPlayMap Detection: Level '/Game/ThirdPersonCPP/Maps/ThirdPersonExampleMap.ThirdPersonExampleMap:PersistentLevel' has LevelScriptBlueprint '/Game/ThirdPersonCPP/Maps/ThirdPersonExampleMap.ThirdPersonExampleMap:PersistentLevel.ThirdPersonExampleMap' with GeneratedClass '/Game/ThirdPersonCPP/Maps/ThirdPersonExampleMap.ThirdPersonExampleMap_C' with ClassGeneratedBy '/Game/ThirdPersonCPP/Maps/ThirdPersonExampleMap.ThirdPersonExampleMap:PersistentLevel.ThirdPersonExampleMap'
[2020.11.28-13.24.37:397][453]LogUObjectHash: Compacting FUObjectHashTables data took   3.22ms
[2020.11.28-13.24.37:425][454]LogPlayLevel: Display: Destroying online subsystem :Context_7
[2020.11.28-13.24.44:381][693]MapCheck: New page: Map Check
[2020.11.28-13.24.44:408][693]Cmd: MAP REBUILD ALLVISIBLE
[2020.11.28-13.24.44:409][693]LogEditorServer: Rebuildmap Clear paths rebuilt
[2020.11.28-13.24.44:486][693]LogUObjectHash: Compacting FUObjectHashTables data took   1.89ms
[2020.11.28-13.24.44:523][693]LogMaterial: Display: Missing cached shader map for material DebugViewMode MaterialTexCoordScale, compiling. 
[2020.11.28-13.24.44:540][693]LogMaterial: Display: Missing cached shader map for material DebugViewMode MaterialTexCoordScale, compiling. 
[2020.11.28-13.24.44:554][693]LogMaterial: Display: Missing cached shader map for material DebugViewMode MaterialTexCoordScale, compiling. 
[2020.11.28-13.24.44:566][693]LogMaterial: Display: Missing cached shader map for material DebugViewMode MaterialTexCoordScale, compiling. 
[2020.11.28-13.24.44:578][693]LogMaterial: Display: Missing cached shader map for material DebugViewMode MaterialTexCoordScale, compiling. 
[2020.11.28-13.24.44:592][693]LogMaterial: Display: Missing cached shader map for material DebugViewMode MaterialTexCoordScale, compiling. 
[2020.11.28-13.24.44:609][693]LogMaterial: Display: Missing cached shader map for material DebugViewMode MaterialTexCoordScale, compiling. 
[2020.11.28-13.24.44:624][693]LogMaterial: Display: Missing cached shader map for material DebugViewMode MaterialTexCoordScale, compiling. 
[2020.11.28-13.24.46:471][693]LogShaderCompilers: Display: Shaders left to compile 10
[2020.11.28-13.24.46:471][693]TextureStreamingBuild: Display: Compiling optional shaders took 1.959 seconds.
[2020.11.28-13.24.46:489][693]LogLevel: Display: Export Material TexCoord Scales took 0.019 seconds.
[2020.11.28-13.24.46:510][693]TextureStreamingBuild: Display: Build Texture Streaming took 0.019 seconds.
[2020.11.28-13.24.46:557][693]LogUObjectHash: Compacting FUObjectHashTables data took   0.93ms
[2020.11.28-13.24.46:557][693]LightingResults: New page: Lighting Build - 28 Nov 2020 13:24:46
[2020.11.28-13.24.46:705][693]LogSwarmInterface: [OpenConnection] Registering TCP channel ...
[2020.11.28-13.24.47:032][693]LogSwarmInterface: [OpenConnection] Connecting to agent ...
[2020.11.28-13.24.47:073][693]LogSwarmInterface: [TryOpenConnection] Testing the Agent
[2020.11.28-13.24.48:118][693]LogSwarmInterface: [TryOpenConnection] Opening Connection to Agent
[2020.11.28-13.24.48:118][693]LogSwarmInterface: [TryOpenConnection] Local Process ID is 10252
[2020.11.28-13.24.51:731][693]LogStaticLightingSystem: Running Lightmass w/ ImmediateImport mode ENABLED
[2020.11.28-13.24.51:731][693]LogStaticLightingSystem: Running Lightmass w/ ImmediateProcess mode ENABLED
[2020.11.28-13.24.51:732][693]LogStaticLightingSystem: Running Lightmass w/ Sorting mode ENABLED
[2020.11.28-13.24.51:732][693]LogStaticLightingSystem: Running Lightmass w/ Mapping paddings ENABLED
[2020.11.28-13.24.51:732][693]LogStaticLightingSystem: Running Lightmass w/ Mapping debug paddings DISABLED
[2020.11.28-13.24.52:120][693]Cmd: MAP CHECK DONTDISPLAYDIALOG
[2020.11.28-13.24.52:121][693]MapCheck: New page: ThirdPersonExampleMap - 28 Nov 2020 13:24:52
[2020.11.28-13.24.52:122][693]MapCheck: Map check complete: 0 Error(s), 0 Warning(s), took 0.987ms to complete.
[2020.11.28-13.24.52:149][693]LogEditorBuildUtils: Build time 0:07
[2020.11.28-13.24.52:760][697]LogUObjectHash: Compacting FUObjectHashTables data took   0.86ms
[2020.11.28-13.24.58:996][944]Job is a success!
[2020.11.28-13.24.59:136][945]LogVolumetricLightmapImport: Imported Volumetric Lightmap in 0.021s
[2020.11.28-13.24.59:136][945]LogVolumetricLightmapImport:      Indirection Texture 16x16x16 = 0.0Mb
[2020.11.28-13.24.59:136][945]LogVolumetricLightmapImport:      BrickData 240x5x5 = 0.2Mb (trimmed 0.0Mb due to 0.010000 MinBrickError)
[2020.11.28-13.24.59:136][945]LogVolumetricLightmapImport:      Bricks at Level
[2020.11.28-13.24.59:137][945]LogVolumetricLightmapImport:          0: 2.1% covering 100.0% of volume
[2020.11.28-13.24.59:137][945]LogVolumetricLightmapImport:          1: 8.3% covering 6.3% of volume
[2020.11.28-13.24.59:137][945]LogVolumetricLightmapImport:          2: 89.6% covering 1.0% of volume
[2020.11.28-13.24.59:808][945]LogTexture: Display: Building textures: HQ_Lightmap1_1 (AutoDXT, 1024X1024)
[2020.11.28-13.24.59:808][945]LogTexture: Display: Building textures: SkyOcclusion1_1 (AutoDXT, 1024X512)
[2020.11.28-13.24.59:808][945]LogTexture: Display: Building textures: HQ_Lightmap1_2 (AutoDXT, 512X512)
[2020.11.28-13.24.59:808][945]LogTexture: Display: Building textures: LQ_Lightmap_1_1 (DXT1, 1024X1024)
[2020.11.28-13.24.59:809][945]LogTexture: Display: Building textures: SkyOcclusion1_2 (AutoDXT, 512X256)
[2020.11.28-13.24.59:809][945]LogTexture: Display: Building textures: LQ_Lightmap_1_3 (DXT1, 64X64)
[2020.11.28-13.24.59:809][945]LogTexture: Display: Building textures: HQ_Lightmap1_3 (AutoDXT, 64X64)
[2020.11.28-13.24.59:809][945]LogTexture: Display: Building textures: LQ_Lightmap_1_2 (DXT1, 512X512)
[2020.11.28-13.24.59:809][945]LogTexture: Display: Building textures: SkyOcclusion1_3 (AutoDXT, 64X32)
[2020.11.28-13.25.00:006][945]LogTexture: Display: Building textures: ShadowMapTexture2D_1 (G8, 32X32)
[2020.11.28-13.25.00:208][945]LogTexture: Display: Building textures: ShadowMapTexture2D_0 (G8, 1024X1024)
[2020.11.28-13.25.00:272][945]Lightmass on DESKTOP-MDFF10R: 6.37 sec total, 292 ms importing, 7 ms setup, 1.87 sec photons, 4.14 sec processing, 0 ms extra exporting [11/11 mappings]. Threads: 44.8 sec total, 10.9 sec processing.
[2020.11.28-13.25.00:283][945]LogStaticLightingSystem: ThirdPersonExampleMap_BuiltData storing lightmap data for 11 meshes in 3 LightmapResourceClusters (3.7 Meshes per cluster).
[2020.11.28-13.25.00:336][945]LogUObjectHash: Compacting FUObjectHashTables data took   2.98ms
[2020.11.28-13.25.00:360][945]LogStaticLightingSystem: Illumination: 13.7 sec (588 ms encoding lightmaps, 387 ms encoding shadowmaps)
[2020.11.28-13.25.00:361][945]LogStaticLightingSystem: Lightmap texture memory:  3.3 MB (3.3 MB streaming, 0.0 MB non-streaming), 6 textures
[2020.11.28-13.25.00:361][945]LogStaticLightingSystem: Shadowmap texture memory: 1.3 MB (1.3 MB streaming, 0.0 MB non-streaming), 2 textures
[2020.11.28-13.25.00:758][945]DumpUnbuiltLightIteractions
[2020.11.28-13.25.00:758][945]Lights with unbuilt interactions: 0
[2020.11.28-13.25.00:759][945]
[2020.11.28-13.25.00:759][945]Primitives with unbuilt interactions: 0
[2020.11.28-13.25.00:994][946]Cmd: MAP CHECK NOTIFYRESULTS
[2020.11.28-13.25.00:995][946]MapCheck: New page: ThirdPersonExampleMap - 28 Nov 2020 13:25:00
[2020.11.28-13.25.00:997][946]MapCheck: Map check complete: 0 Error(s), 0 Warning(s), took 1.674ms to complete.
[2020.11.28-13.25.01:931][  0]LogUObjectHash: Compacting FUObjectHashTables data took   1.56ms
[2020.11.28-13.25.03:253][  0]LogSlate: Window 'Save Content' being destroyed
[2020.11.28-13.25.03:359][  0]LogUObjectHash: Compacting FUObjectHashTables data took   0.94ms
[2020.11.28-13.25.03:641][  0]LogSavePackage: Moving '../../../../../../Users/Morgan/Desktop/UnrealAnimationPracticeVids/UnrealAnimationPracticeVids/MyProject/Saved/ThirdPersonExampleMap55669D5E4B977AF25DF02CB975E65E6E.tmp' to '../../../../../../Users/Morgan/Desktop/UnrealAnimationPracticeVids/UnrealAnimationPracticeVids/MyProject/Content/ThirdPersonCPP/Maps/ThirdPersonExampleMap.umap'
[2020.11.28-13.25.03:705][  0]LogFileHelpers: Saving map 'ThirdPersonExampleMap' took 0.396
[2020.11.28-13.25.03:923][  0]LogSavePackage: Moving '../../../../../../Users/Morgan/Desktop/UnrealAnimationPracticeVids/UnrealAnimationPracticeVids/MyProject/Saved/ThirdPersonExampleMap_BuiltData88042E5948375C3F2C213D8B0C43E289.tmp' to '../../../../../../Users/Morgan/Desktop/UnrealAnimationPracticeVids/UnrealAnimationPracticeVids/MyProject/Content/ThirdPersonCPP/Maps/ThirdPersonExampleMap_BuiltData.uasset'
[2020.11.28-13.25.04:109][  0]LogSlate: Window 'MyProject - Unreal Editor' being destroyed
[2020.11.28-13.25.04:111][  0]LogWindowsTextInputMethodSystem: Display: IME system now deactivated.
[2020.11.28-13.25.04:434][  1]Cmd: QUIT_EDITOR
[2020.11.28-13.25.04:732][  1]LogExit: Preparing to exit.
[2020.11.28-13.25.05:639][  1]LogDirectoryWatcher: A directory notification failed for 'C:/Users/Morgan/Desktop/UnrealAnimationPracticeVids/UnrealAnimationPracticeVids/MyProject/Content/', and we were unable to create a new request.
[2020.11.28-13.25.05:654][  1]LogExit: Editor shut down
[2020.11.28-13.25.05:654][  1]LogExit: Transaction tracking system shut down
[2020.11.28-13.25.05:928][  1]LogExit: Object subsystem successfully closed.
[2020.11.28-13.25.06:009][  1]LogShaderCompilers: Display: Shaders left to compile 0
[2020.11.28-13.25.06:015][  1]LogD3D11RHI: Shutdown
[2020.11.28-13.25.06:015][  1]LogD3D11RHI: CleanupD3DDevice
[2020.11.28-13.25.06:016][  1]LogRendererCore: FGlobalReadBuffer::ReleaseRHI
[2020.11.28-13.25.06:016][  1]LogRendererCore: FGlobalDynamicReadBuffer::Cleanup()
[2020.11.28-13.25.06:016][  1]LogRendererCore: FGlobalReadBuffer::ReleaseRHI
[2020.11.28-13.25.06:016][  1]LogRendererCore: FGlobalDynamicReadBuffer::Cleanup()
[2020.11.28-13.25.06:016][  1]LogRendererCore: FGlobalReadBuffer::ReleaseRHI
[2020.11.28-13.25.06:017][  1]LogRendererCore: FGlobalDynamicReadBuffer::Cleanup()
