Log file open, 02/05/21 11:51:39
LogInit: Display: Running engine for game: MyProject
LogPlatformFile: Not using cached read wrapper
LogTaskGraph: Started task graph with 5 named threads and 59 total threads with 3 sets of task threads.
LogStats: Stats thread started at 0.274553
LogD3D11RHI: Loaded GFSDK_Aftermath_Lib.x64.dll
LogICUInternationalization: ICU TimeZone Detection - Raw Offset: +0:00, Platform Override: ''
LogPluginManager: Mounting plugin Paper2D
LogPluginManager: Mounting plugin AISupport
LogPluginManager: Mounting plugin LightPropagationVolume
LogPluginManager: Mounting plugin CameraShakePreviewer
LogPluginManager: Mounting plugin ActorLayerUtilities
LogPluginManager: Mounting plugin AnimationSharing
LogPluginManager: Mounting plugin CLionSourceCodeAccess
LogPluginManager: Mounting plugin CodeLiteSourceCodeAccess
LogPluginManager: Mounting plugin GitSourceControl
LogPluginManager: Mounting plugin KDevelopSourceCodeAccess
LogPluginManager: Mounting plugin NullSourceCodeAccess
LogPluginManager: Mounting plugin PerforceSourceControl
LogPluginManager: Mounting plugin PlasticSourceControl
LogPluginManager: Mounting plugin RiderSourceCodeAccess
LogPluginManager: Mounting plugin SubversionSourceControl
LogPluginManager: Mounting plugin UObjectPlugin
LogPluginManager: Mounting plugin VisualStudioCodeSourceCodeAccess
LogPluginManager: Mounting plugin VisualStudioSourceCodeAccess
LogPluginManager: Mounting plugin XCodeSourceCodeAccess
LogPluginManager: Mounting plugin AssetManagerEditor
LogPluginManager: Mounting plugin CryptoKeys
LogPluginManager: Mounting plugin CurveEditorTools
LogPluginManager: Mounting plugin DataValidation
LogPluginManager: Mounting plugin EditorScriptingUtilities
LogPluginManager: Mounting plugin FacialAnimation
LogPluginManager: Mounting plugin GameplayTagsEditor
LogPluginManager: Mounting plugin GeometryMode
LogPluginManager: Mounting plugin MacGraphicsSwitching
LogPluginManager: Mounting plugin MaterialAnalyzer
LogPluginManager: Mounting plugin MobileLauncherProfileWizard
LogPluginManager: Mounting plugin PluginBrowser
LogPluginManager: Mounting plugin SpeedTreeImporter
LogPluginManager: Mounting plugin DatasmithContent
LogPluginManager: Mounting plugin VariantManagerContent
LogPluginManager: Mounting plugin AlembicImporter
LogPluginManager: Mounting plugin AutomationUtils
LogPluginManager: Mounting plugin BackChannel
LogPluginManager: Mounting plugin ChaosCloth
LogPluginManager: Mounting plugin ChaosClothEditor
LogPluginManager: Mounting plugin ChaosEditor
LogPluginManager: Mounting plugin ChaosNiagara
LogPluginManager: Mounting plugin ChaosSolverPlugin
LogPluginManager: Mounting plugin CharacterAI
LogPluginManager: Mounting plugin GeometryCache
LogPluginManager: Mounting plugin GeometryCollectionPlugin
LogPluginManager: Mounting plugin GeometryProcessing
LogPluginManager: Mounting plugin PlanarCut
LogPluginManager: Mounting plugin PlatformCrypto
LogPluginManager: Mounting plugin ProxyLODPlugin
LogPluginManager: Mounting plugin SkeletalReduction
LogPluginManager: Mounting plugin Niagara
LogPluginManager: Mounting plugin MagicLeap
LogPluginManager: Mounting plugin MagicLeapLightEstimation
LogPluginManager: Mounting plugin MagicLeapMedia
LogPluginManager: Mounting plugin MagicLeapPassableWorld
LogPluginManager: Mounting plugin MLSDK
LogPluginManager: Mounting plugin DarkerNodes
LogPluginManager: Mounting plugin ElectronicNodes
LogPluginManager: Mounting plugin AndroidMedia
LogPluginManager: Mounting plugin AvfMedia
LogPluginManager: Mounting plugin ImgMedia
LogPluginManager: Mounting plugin MediaCompositing
LogPluginManager: Mounting plugin MediaPlayerEditor
LogPluginManager: Mounting plugin WebMMedia
LogPluginManager: Mounting plugin WmfMedia
LogPluginManager: Mounting plugin MeshPainting
LogPluginManager: Mounting plugin TcpMessaging
LogPluginManager: Mounting plugin UdpMessaging
LogPluginManager: Mounting plugin ActorSequence
LogPluginManager: Mounting plugin LevelSequenceEditor
LogPluginManager: Mounting plugin MatineeToLevelSequence
LogPluginManager: Mounting plugin MovieRenderPipeline
LogPluginManager: Mounting plugin TemplateSequence
LogPluginManager: Mounting plugin NetcodeUnitTest
LogPluginManager: Mounting plugin NUTUnrealEngine4
LogPluginManager: Mounting plugin OnlineSubsystemGooglePlay
LogPluginManager: Mounting plugin OnlineSubsystemIOS
LogPluginManager: Mounting plugin OnlineSubsystem
LogPluginManager: Mounting plugin OnlineSubsystemNull
LogPluginManager: Mounting plugin OnlineSubsystemUtils
LogPluginManager: Mounting plugin LauncherChunkInstaller
LogPluginManager: Mounting plugin AndroidDeviceProfileSelector
LogPluginManager: Mounting plugin AndroidMoviePlayer
LogPluginManager: Mounting plugin AndroidPermission
LogPluginManager: Mounting plugin ApexDestruction
LogPluginManager: Mounting plugin AppleImageUtils
LogPluginManager: Mounting plugin AppleMoviePlayer
LogPluginManager: Mounting plugin ArchVisCharacter
LogPluginManager: Mounting plugin AssetTags
LogPluginManager: Mounting plugin AudioCapture
LogPluginManager: Mounting plugin CableComponent
LogPluginManager: Mounting plugin CustomMeshComponent
LogPluginManager: Mounting plugin EditableMesh
LogPluginManager: Mounting plugin ExampleDeviceProfileSelector
LogPluginManager: Mounting plugin GoogleCloudMessaging
LogPluginManager: Mounting plugin GooglePAD
LogPluginManager: Mounting plugin IOSDeviceProfileSelector
LogPluginManager: Mounting plugin LinuxDeviceProfileSelector
LogPluginManager: Mounting plugin LocationServicesBPLibrary
LogPluginManager: Mounting plugin MobilePatchingUtils
LogPluginManager: Mounting plugin OculusVR
LogPluginManager: Mounting plugin PhysXVehicles
LogPluginManager: Mounting plugin PostSplashScreen
LogPluginManager: Mounting plugin ProceduralMeshComponent
LogPluginManager: Mounting plugin RuntimePhysXCooking
LogPluginManager: Mounting plugin SignificanceManager
LogPluginManager: Mounting plugin SoundFields
LogPluginManager: Mounting plugin SteamVR
LogPluginManager: Mounting plugin Synthesis
LogPluginManager: Mounting plugin WebMMoviePlayer
LogPluginManager: Mounting plugin WindowsMoviePlayer
LogPluginManager: Mounting plugin ScreenshotTools
LogInit: Using libcurl 7.55.1-DEV
LogInit:  - built for x86_64-pc-win32
LogInit:  - supports SSL with OpenSSL/1.1.1
LogInit:  - supports HTTP deflate (compression) using libz 1.2.8
LogInit:  - other features:
LogInit:      CURL_VERSION_SSL
LogInit:      CURL_VERSION_LIBZ
LogInit:      CURL_VERSION_IPV6
LogInit:      CURL_VERSION_ASYNCHDNS
LogInit:      CURL_VERSION_LARGEFILE
LogInit:      CURL_VERSION_IDN
LogInit:  CurlRequestOptions (configurable via config and command line):
LogInit:  - bVerifyPeer = true  - Libcurl will verify peer certificate
LogInit:  - bUseHttpProxy = false  - Libcurl will NOT use HTTP proxy
LogInit:  - bDontReuseConnections = false  - Libcurl will reuse connections
LogInit:  - MaxHostConnections = 16  - Libcurl will limit the number of connections to a host
LogInit:  - LocalHostAddr = Default
LogInit:  - BufferSize = 65536
LogOnline: OSS: Creating online subsystem instance for: NULL
LogInit: WinSock: version 1.1 (2.2), MaxSocks=32767, MaxUdp=65467
LogOnline: OSS: TryLoadSubsystemAndSetDefault: Loaded subsystem for module [NULL]
LogInit: Build: ++UE4+Release-4.25-CL-14469661
LogInit: Engine Version: 4.25.4-14469661+++UE4+Release-4.25
LogInit: Compatible Engine Version: 4.25.0-13144385+++UE4+Release-4.25
LogInit: Net CL: 13144385
LogInit: OS: Windows 10 (Release 2009) (), CPU: Intel(R) Core(TM) i9-10850K CPU @ 3.60GHz, GPU: NVIDIA GeForce RTX 3090
LogInit: Compiled (64-bit): Oct 11 2020 08:10:49
LogInit: Compiled with Visual C++: 19.24.28315.00
LogInit: Build Configuration: Development
LogInit: Branch Name: ++UE4+Release-4.25
LogInit: Command Line:  -skipcompile
LogInit: Base Directory: C:/Program Files/Epic Games/UE_4.25/Engine/Binaries/Win64/
LogInit: Allocator: TBB
LogInit: Installed Engine Build: 1
LogDevObjectVersion: Number of dev versions registered: 26
LogDevObjectVersion:   Dev-Blueprints (B0D832E4-1F89-4F0D-ACCF-7EB736FD4AA2): 10
LogDevObjectVersion:   Dev-Build (E1C64328-A22C-4D53-A36C-8E866417BD8C): 0
LogDevObjectVersion:   Dev-Core (375EC13C-06E4-48FB-B500-84F0262A717E): 4
LogDevObjectVersion:   Dev-Editor (E4B068ED-F494-42E9-A231-DA0B2E46BB41): 38
LogDevObjectVersion:   Dev-Framework (CFFC743F-43B0-4480-9391-14DF171D2073): 37
LogDevObjectVersion:   Dev-Mobile (B02B49B5-BB20-44E9-A304-32B752E40360): 2
LogDevObjectVersion:   Dev-Networking (A4E4105C-59A1-49B5-A7C5-40C4547EDFEE): 0
LogDevObjectVersion:   Dev-Online (39C831C9-5AE6-47DC-9A44-9C173E1C8E7C): 0
LogDevObjectVersion:   Dev-Physics (78F01B33-EBEA-4F98-B9B4-84EACCB95AA2): 4
LogDevObjectVersion:   Dev-Platform (6631380F-2D4D-43E0-8009-CF276956A95A): 0
LogDevObjectVersion:   Dev-Rendering (12F88B9F-8875-4AFC-A67C-D90C383ABD29): 43
LogDevObjectVersion:   Dev-Sequencer (7B5AE74C-D270-4C10-A958-57980B212A5A): 12
LogDevObjectVersion:   Dev-VR (D7296918-1DD6-4BDD-9DE2-64A83CC13884): 3
LogDevObjectVersion:   Dev-LoadTimes (C2A15278-BFE7-4AFE-6C17-90FF531DF755): 1
LogDevObjectVersion:   Private-Geometry (6EACA3D4-40EC-4CC1-B786-8BED09428FC5): 3
LogDevObjectVersion:   Dev-AnimPhys (29E575DD-E0A3-4627-9D10-D276232CDCEA): 17
LogDevObjectVersion:   Dev-Anim (AF43A65D-7FD3-4947-9873-3E8ED9C1BB05): 7
LogDevObjectVersion:   Dev-ReflectionCapture (6B266CEC-1EC7-4B8F-A30B-E4D90942FC07): 1
LogDevObjectVersion:   Dev-Automation (0DF73D61-A23F-47EA-B727-89E90C41499A): 1
LogDevObjectVersion:   FortniteMain (601D1886-AC64-4F84-AA16-D3DE0DEAC7D6): 31
LogDevObjectVersion:   Dev-Enterprise (9DFFBCD6-494F-0158-E221-12823C92A888): 10
LogDevObjectVersion:   Dev-Niagara (F2AED0AC-9AFE-416F-8664-AA7FFA26D6FC): 1
LogDevObjectVersion:   Dev-Destruction (174F1F0B-B4C6-45A5-B13F-2EE8D0FB917D): 10
LogDevObjectVersion:   Dev-Physics-Ext (35F94A83-E258-406C-A318-09F59610247C): 37
LogDevObjectVersion:   Dev-PhysicsMaterial-Chaos (B68FC16E-8B1B-42E2-B453-215C058844FE): 1
LogDevObjectVersion:   Dev-CineCamera (B2E18506-4273-CFC2-A54E-F4BB758BBA07): 1
LogInit: Presizing for max 25165824 objects, including 0 objects not considered by GC, pre-allocating 0 bytes for permanent pool.
LogConfig: Applying CVar settings from Section [/Script/Engine.StreamingSettings] File [C:/Users/Morgan/Desktop/UnrealAnimationPracticeVids/UnrealAnimationPracticeVids/MyProject/Saved/Config/Windows/Engine.ini]
LogConfig: Setting CVar [[s.MinBulkDataSizeForAsyncLoading:131072]]
LogConfig: Setting CVar [[s.AsyncLoadingThreadEnabled:0]]
LogConfig: Setting CVar [[s.EventDrivenLoaderEnabled:1]]
LogConfig: Setting CVar [[s.WarnIfTimeLimitExceeded:0]]
LogConfig: Setting CVar [[s.TimeLimitExceededMultiplier:1.5]]
LogConfig: Setting CVar [[s.TimeLimitExceededMinTime:0.005]]
LogConfig: Setting CVar [[s.UseBackgroundLevelStreaming:1]]
LogConfig: Setting CVar [[s.PriorityAsyncLoadingExtraTime:15.0]]
LogConfig: Setting CVar [[s.LevelStreamingActorsUpdateTimeLimit:5.0]]
LogConfig: Setting CVar [[s.PriorityLevelStreamingActorsUpdateExtraTime:5.0]]
LogConfig: Setting CVar [[s.LevelStreamingComponentsRegistrationGranularity:10]]
LogConfig: Setting CVar [[s.UnregisterComponentsTimeLimit:1.0]]
LogConfig: Setting CVar [[s.LevelStreamingComponentsUnregistrationGranularity:5]]
LogConfig: Setting CVar [[s.FlushStreamingOnExit:1]]
LogInit: Object subsystem initialized
LogConfig: Setting CVar [[con.DebugEarlyDefault:1]]
LogConfig: Setting CVar [[r.setres:1280x720]]
[2021.02.05-11.51.40:058][  0]LogConfig: Setting CVar [[r.VSync:0]]
[2021.02.05-11.51.40:058][  0]LogConfig: Setting CVar [[r.RHICmdBypass:0]]
[2021.02.05-11.51.40:058][  0]LogConfig: Applying CVar settings from Section [/Script/Engine.RendererSettings] File [C:/Users/Morgan/Desktop/UnrealAnimationPracticeVids/UnrealAnimationPracticeVids/MyProject/Saved/Config/Windows/Engine.ini]
[2021.02.05-11.51.40:058][  0]LogConfig: Setting CVar [[r.GPUCrashDebugging:0]]
[2021.02.05-11.51.40:058][  0]LogConfig: Applying CVar settings from Section [/Script/Engine.RendererOverrideSettings] File [C:/Users/Morgan/Desktop/UnrealAnimationPracticeVids/UnrealAnimationPracticeVids/MyProject/Saved/Config/Windows/Engine.ini]
[2021.02.05-11.51.40:058][  0]LogConfig: Applying CVar settings from Section [/Script/Engine.StreamingSettings] File [C:/Users/Morgan/Desktop/UnrealAnimationPracticeVids/UnrealAnimationPracticeVids/MyProject/Saved/Config/Windows/Engine.ini]
[2021.02.05-11.51.40:058][  0]LogConfig: Setting CVar [[s.MinBulkDataSizeForAsyncLoading:131072]]
[2021.02.05-11.51.40:058][  0]LogConfig: Setting CVar [[s.AsyncLoadingThreadEnabled:0]]
[2021.02.05-11.51.40:058][  0]LogConfig: Setting CVar [[s.EventDrivenLoaderEnabled:1]]
[2021.02.05-11.51.40:058][  0]LogConfig: Setting CVar [[s.WarnIfTimeLimitExceeded:0]]
[2021.02.05-11.51.40:058][  0]LogConfig: Setting CVar [[s.TimeLimitExceededMultiplier:1.5]]
[2021.02.05-11.51.40:058][  0]LogConfig: Setting CVar [[s.TimeLimitExceededMinTime:0.005]]
[2021.02.05-11.51.40:058][  0]LogConfig: Setting CVar [[s.UseBackgroundLevelStreaming:1]]
[2021.02.05-11.51.40:058][  0]LogConfig: Setting CVar [[s.PriorityAsyncLoadingExtraTime:15.0]]
[2021.02.05-11.51.40:058][  0]LogConfig: Setting CVar [[s.LevelStreamingActorsUpdateTimeLimit:5.0]]
[2021.02.05-11.51.40:058][  0]LogConfig: Setting CVar [[s.PriorityLevelStreamingActorsUpdateExtraTime:5.0]]
[2021.02.05-11.51.40:058][  0]LogConfig: Setting CVar [[s.LevelStreamingComponentsRegistrationGranularity:10]]
[2021.02.05-11.51.40:058][  0]LogConfig: Setting CVar [[s.UnregisterComponentsTimeLimit:1.0]]
[2021.02.05-11.51.40:058][  0]LogConfig: Setting CVar [[s.LevelStreamingComponentsUnregistrationGranularity:5]]
[2021.02.05-11.51.40:058][  0]LogConfig: Setting CVar [[s.FlushStreamingOnExit:1]]
[2021.02.05-11.51.40:058][  0]LogConfig: Applying CVar settings from Section [/Script/Engine.GarbageCollectionSettings] File [C:/Users/Morgan/Desktop/UnrealAnimationPracticeVids/UnrealAnimationPracticeVids/MyProject/Saved/Config/Windows/Engine.ini]
[2021.02.05-11.51.40:058][  0]LogConfig: Setting CVar [[gc.MaxObjectsNotConsideredByGC:1]]
[2021.02.05-11.51.40:059][  0]LogConfig: Setting CVar [[gc.SizeOfPermanentObjectPool:0]]
[2021.02.05-11.51.40:059][  0]LogConfig: Setting CVar [[gc.FlushStreamingOnGC:0]]
[2021.02.05-11.51.40:059][  0]LogConfig: Setting CVar [[gc.NumRetriesBeforeForcingGC:10]]
[2021.02.05-11.51.40:059][  0]LogConfig: Setting CVar [[gc.AllowParallelGC:1]]
[2021.02.05-11.51.40:059][  0]LogConfig: Setting CVar [[gc.TimeBetweenPurgingPendingKillObjects:61.1]]
[2021.02.05-11.51.40:059][  0]LogConfig: Setting CVar [[gc.MaxObjectsInEditor:25165824]]
[2021.02.05-11.51.40:059][  0]LogConfig: Setting CVar [[gc.IncrementalBeginDestroyEnabled:1]]
[2021.02.05-11.51.40:059][  0]LogConfig: Setting CVar [[gc.CreateGCClusters:1]]
[2021.02.05-11.51.40:059][  0]LogConfig: Setting CVar [[gc.MinGCClusterSize:5]]
[2021.02.05-11.51.40:059][  0]LogConfig: Setting CVar [[gc.ActorClusteringEnabled:0]]
[2021.02.05-11.51.40:059][  0]LogConfig: Setting CVar [[gc.BlueprintClusteringEnabled:0]]
[2021.02.05-11.51.40:059][  0]LogConfig: Setting CVar [[gc.UseDisregardForGCOnDedicatedServers:0]]
[2021.02.05-11.51.40:059][  0]LogConfig: Applying CVar settings from Section [/Script/Engine.NetworkSettings] File [C:/Users/Morgan/Desktop/UnrealAnimationPracticeVids/UnrealAnimationPracticeVids/MyProject/Saved/Config/Windows/Engine.ini]
[2021.02.05-11.51.40:059][  0]LogConfig: Applying CVar settings from Section [/Script/UnrealEd.CookerSettings] File [C:/Users/Morgan/Desktop/UnrealAnimationPracticeVids/UnrealAnimationPracticeVids/MyProject/Saved/Config/Windows/Engine.ini]
[2021.02.05-11.51.40:065][  0]LogConfig: Applying CVar settings from Section [ViewDistanceQuality@3] File [C:/Users/Morgan/Desktop/UnrealAnimationPracticeVids/UnrealAnimationPracticeVids/MyProject/Saved/Config/Windows/Scalability.ini]
[2021.02.05-11.51.40:066][  0]LogConfig: Setting CVar [[r.SkeletalMeshLODBias:0]]
[2021.02.05-11.51.40:066][  0]LogConfig: Setting CVar [[r.ViewDistanceScale:1.0]]
[2021.02.05-11.51.40:066][  0]LogConfig: Applying CVar settings from Section [AntiAliasingQuality@3] File [C:/Users/Morgan/Desktop/UnrealAnimationPracticeVids/UnrealAnimationPracticeVids/MyProject/Saved/Config/Windows/Scalability.ini]
[2021.02.05-11.51.40:066][  0]LogConfig: Setting CVar [[r.PostProcessAAQuality:4]]
[2021.02.05-11.51.40:066][  0]LogConfig: Applying CVar settings from Section [ShadowQuality@3] File [C:/Users/Morgan/Desktop/UnrealAnimationPracticeVids/UnrealAnimationPracticeVids/MyProject/Saved/Config/Windows/Scalability.ini]
[2021.02.05-11.51.40:066][  0]LogConfig: Setting CVar [[r.LightFunctionQuality:1]]
[2021.02.05-11.51.40:066][  0]LogConfig: Setting CVar [[r.ShadowQuality:5]]
[2021.02.05-11.51.40:066][  0]LogConfig: Setting CVar [[r.Shadow.CSM.MaxCascades:10]]
[2021.02.05-11.51.40:066][  0]LogConfig: Setting CVar [[r.Shadow.MaxResolution:2048]]
[2021.02.05-11.51.40:066][  0]LogConfig: Setting CVar [[r.Shadow.MaxCSMResolution:2048]]
[2021.02.05-11.51.40:066][  0]LogConfig: Setting CVar [[r.Shadow.RadiusThreshold:0.01]]
[2021.02.05-11.51.40:066][  0]LogConfig: Setting CVar [[r.Shadow.DistanceScale:1.0]]
[2021.02.05-11.51.40:066][  0]LogConfig: Setting CVar [[r.Shadow.CSM.TransitionScale:1.0]]
[2021.02.05-11.51.40:066][  0]LogConfig: Setting CVar [[r.Shadow.PreShadowResolutionFactor:1.0]]
[2021.02.05-11.51.40:066][  0]LogConfig: Setting CVar [[r.DistanceFieldShadowing:1]]
[2021.02.05-11.51.40:066][  0]LogConfig: Setting CVar [[r.DistanceFieldAO:1]]
[2021.02.05-11.51.40:066][  0]LogConfig: Setting CVar [[r.AOQuality:2]]
[2021.02.05-11.51.40:066][  0]LogConfig: Setting CVar [[r.VolumetricFog:1]]
[2021.02.05-11.51.40:066][  0]LogConfig: Setting CVar [[r.VolumetricFog.GridPixelSize:8]]
[2021.02.05-11.51.40:066][  0]LogConfig: Setting CVar [[r.VolumetricFog.GridSizeZ:128]]
[2021.02.05-11.51.40:066][  0]LogConfig: Setting CVar [[r.VolumetricFog.HistoryMissSupersampleCount:4]]
[2021.02.05-11.51.40:066][  0]LogConfig: Setting CVar [[r.LightMaxDrawDistanceScale:1]]
[2021.02.05-11.51.40:066][  0]LogConfig: Setting CVar [[r.CapsuleShadows:1]]
[2021.02.05-11.51.40:067][  0]LogConfig: Applying CVar settings from Section [PostProcessQuality@3] File [C:/Users/Morgan/Desktop/UnrealAnimationPracticeVids/UnrealAnimationPracticeVids/MyProject/Saved/Config/Windows/Scalability.ini]
[2021.02.05-11.51.40:067][  0]LogConfig: Setting CVar [[r.MotionBlurQuality:4]]
[2021.02.05-11.51.40:067][  0]LogConfig: Setting CVar [[r.AmbientOcclusionMipLevelFactor:0.4]]
[2021.02.05-11.51.40:067][  0]LogConfig: Setting CVar [[r.AmbientOcclusionMaxQuality:100]]
[2021.02.05-11.51.40:067][  0]LogConfig: Setting CVar [[r.AmbientOcclusionLevels:-1]]
[2021.02.05-11.51.40:067][  0]LogConfig: Setting CVar [[r.AmbientOcclusionRadiusScale:1.0]]
[2021.02.05-11.51.40:067][  0]LogConfig: Setting CVar [[r.DepthOfFieldQuality:2]]
[2021.02.05-11.51.40:067][  0]LogConfig: Setting CVar [[r.RenderTargetPoolMin:400]]
[2021.02.05-11.51.40:067][  0]LogConfig: Setting CVar [[r.LensFlareQuality:2]]
[2021.02.05-11.51.40:067][  0]LogConfig: Setting CVar [[r.SceneColorFringeQuality:1]]
[2021.02.05-11.51.40:067][  0]LogConfig: Setting CVar [[r.EyeAdaptationQuality:2]]
[2021.02.05-11.51.40:067][  0]LogConfig: Setting CVar [[r.BloomQuality:5]]
[2021.02.05-11.51.40:067][  0]LogConfig: Setting CVar [[r.FastBlurThreshold:100]]
[2021.02.05-11.51.40:067][  0]LogConfig: Setting CVar [[r.Upscale.Quality:3]]
[2021.02.05-11.51.40:067][  0]LogConfig: Setting CVar [[r.Tonemapper.GrainQuantization:1]]
[2021.02.05-11.51.40:067][  0]LogConfig: Setting CVar [[r.LightShaftQuality:1]]
[2021.02.05-11.51.40:067][  0]LogConfig: Setting CVar [[r.Filter.SizeScale:1]]
[2021.02.05-11.51.40:067][  0]LogConfig: Setting CVar [[r.Tonemapper.Quality:5]]
[2021.02.05-11.51.40:067][  0]LogConfig: Setting CVar [[r.DOF.Gather.AccumulatorQuality:1        ; higher gathering accumulator quality]]
[2021.02.05-11.51.40:067][  0]LogConfig: Setting CVar [[r.DOF.Gather.PostfilterMethod:1          ; Median3x3 postfilering method]]
[2021.02.05-11.51.40:067][  0]LogConfig: Setting CVar [[r.DOF.Gather.EnableBokehSettings:0       ; no bokeh simulation when gathering]]
[2021.02.05-11.51.40:067][  0]LogConfig: Setting CVar [[r.DOF.Gather.RingCount:4                 ; medium number of samples when gathering]]
[2021.02.05-11.51.40:067][  0]LogConfig: Setting CVar [[r.DOF.Scatter.ForegroundCompositing:1    ; additive foreground scattering]]
[2021.02.05-11.51.40:067][  0]LogConfig: Setting CVar [[r.DOF.Scatter.BackgroundCompositing:2    ; additive background scattering]]
[2021.02.05-11.51.40:068][  0]LogConfig: Setting CVar [[r.DOF.Scatter.EnableBokehSettings:1      ; bokeh simulation when scattering]]
[2021.02.05-11.51.40:068][  0]LogConfig: Setting CVar [[r.DOF.Scatter.MaxSpriteRatio:0.1         ; only a maximum of 10% of scattered bokeh]]
[2021.02.05-11.51.40:068][  0]LogConfig: Setting CVar [[r.DOF.Recombine.Quality:1                ; cheap slight out of focus]]
[2021.02.05-11.51.40:068][  0]LogConfig: Setting CVar [[r.DOF.Recombine.EnableBokehSettings:0    ; no bokeh simulation on slight out of focus]]
[2021.02.05-11.51.40:068][  0]LogConfig: Setting CVar [[r.DOF.TemporalAAQuality:1                ; more stable temporal accumulation]]
[2021.02.05-11.51.40:068][  0]LogConfig: Setting CVar [[r.DOF.Kernel.MaxForegroundRadius:0.025]]
[2021.02.05-11.51.40:068][  0]LogConfig: Setting CVar [[r.DOF.Kernel.MaxBackgroundRadius:0.025]]
[2021.02.05-11.51.40:068][  0]LogConfig: Applying CVar settings from Section [TextureQuality@3] File [C:/Users/Morgan/Desktop/UnrealAnimationPracticeVids/UnrealAnimationPracticeVids/MyProject/Saved/Config/Windows/Scalability.ini]
[2021.02.05-11.51.40:068][  0]LogConfig: Setting CVar [[r.Streaming.MipBias:0]]
[2021.02.05-11.51.40:068][  0]LogConfig: Setting CVar [[r.Streaming.AmortizeCPUToGPUCopy:0]]
[2021.02.05-11.51.40:068][  0]LogConfig: Setting CVar [[r.Streaming.MaxNumTexturesToStreamPerFrame:0]]
[2021.02.05-11.51.40:068][  0]LogConfig: Setting CVar [[r.Streaming.Boost:1]]
[2021.02.05-11.51.40:068][  0]LogConfig: Setting CVar [[r.MaxAnisotropy:8]]
[2021.02.05-11.51.40:068][  0]LogConfig: Setting CVar [[r.VT.MaxAnisotropy:8]]
[2021.02.05-11.51.40:068][  0]LogConfig: Setting CVar [[r.Streaming.LimitPoolSizeToVRAM:0]]
[2021.02.05-11.51.40:068][  0]LogConfig: Setting CVar [[r.Streaming.PoolSize:1000]]
[2021.02.05-11.51.40:068][  0]LogConfig: Setting CVar [[r.Streaming.MaxEffectiveScreenSize:0]]
[2021.02.05-11.51.40:068][  0]LogConfig: Applying CVar settings from Section [EffectsQuality@3] File [C:/Users/Morgan/Desktop/UnrealAnimationPracticeVids/UnrealAnimationPracticeVids/MyProject/Saved/Config/Windows/Scalability.ini]
[2021.02.05-11.51.40:068][  0]LogConfig: Setting CVar [[r.TranslucencyLightingVolumeDim:64]]
[2021.02.05-11.51.40:068][  0]LogConfig: Setting CVar [[r.RefractionQuality:2]]
[2021.02.05-11.51.40:068][  0]LogConfig: Setting CVar [[r.SSR.Quality:3]]
[2021.02.05-11.51.40:068][  0]LogConfig: Setting CVar [[r.SSR.HalfResSceneColor:0]]
[2021.02.05-11.51.40:068][  0]LogConfig: Setting CVar [[r.SceneColorFormat:4]]
[2021.02.05-11.51.40:068][  0]LogConfig: Setting CVar [[r.DetailMode:2]]
[2021.02.05-11.51.40:068][  0]LogConfig: Setting CVar [[r.TranslucencyVolumeBlur:1]]
[2021.02.05-11.51.40:069][  0]LogConfig: Setting CVar [[r.MaterialQualityLevel:1 ; High quality]]
[2021.02.05-11.51.40:069][  0]LogConfig: Setting CVar [[r.SSS.Scale:1]]
[2021.02.05-11.51.40:069][  0]LogConfig: Setting CVar [[r.SSS.SampleSet:2]]
[2021.02.05-11.51.40:069][  0]LogConfig: Setting CVar [[r.SSS.Quality:1]]
[2021.02.05-11.51.40:069][  0]LogConfig: Setting CVar [[r.SSS.HalfRes:0]]
[2021.02.05-11.51.40:069][  0]LogConfig: Setting CVar [[r.SSGI.Quality:3]]
[2021.02.05-11.51.40:069][  0]LogConfig: Setting CVar [[r.EmitterSpawnRateScale:1.0]]
[2021.02.05-11.51.40:069][  0]LogConfig: Setting CVar [[r.ParticleLightQuality:2]]
[2021.02.05-11.51.40:069][  0]LogConfig: Setting CVar [[r.SkyAtmosphere.AerialPerspectiveLUT.FastApplyOnOpaque:1 ; Always have FastSkyLUT 1 in this case to avoid wrong sky]]
[2021.02.05-11.51.40:069][  0]LogConfig: Setting CVar [[r.SkyAtmosphere.AerialPerspectiveLUT.SampleCountPerSlice:1]]
[2021.02.05-11.51.40:069][  0]LogConfig: Setting CVar [[r.SkyAtmosphere.AerialPerspectiveLUT.DepthResolution:16.0]]
[2021.02.05-11.51.40:069][  0]LogConfig: Setting CVar [[r.SkyAtmosphere.FastSkyLUT:1]]
[2021.02.05-11.51.40:069][  0]LogConfig: Setting CVar [[r.SkyAtmosphere.FastSkyLUT.SampleCountMin:4.0]]
[2021.02.05-11.51.40:069][  0]LogConfig: Setting CVar [[r.SkyAtmosphere.FastSkyLUT.SampleCountMax:32.0]]
[2021.02.05-11.51.40:069][  0]LogConfig: Setting CVar [[r.SkyAtmosphere.SampleCountMin:4.0]]
[2021.02.05-11.51.40:069][  0]LogConfig: Setting CVar [[r.SkyAtmosphere.SampleCountMax:32.0]]
[2021.02.05-11.51.40:069][  0]LogConfig: Setting CVar [[r.SkyAtmosphere.TransmittanceLUT.UseSmallFormat:0]]
[2021.02.05-11.51.40:069][  0]LogConfig: Setting CVar [[r.SkyAtmosphere.TransmittanceLUT.SampleCount:10.0]]
[2021.02.05-11.51.40:069][  0]LogConfig: Setting CVar [[r.SkyAtmosphere.MultiScatteringLUT.SampleCount:15.0]]
[2021.02.05-11.51.40:069][  0]LogConfig: Applying CVar settings from Section [FoliageQuality@3] File [C:/Users/Morgan/Desktop/UnrealAnimationPracticeVids/UnrealAnimationPracticeVids/MyProject/Saved/Config/Windows/Scalability.ini]
[2021.02.05-11.51.40:069][  0]LogConfig: Setting CVar [[foliage.DensityScale:1.0]]
[2021.02.05-11.51.40:069][  0]LogConfig: Setting CVar [[grass.DensityScale:1.0]]
[2021.02.05-11.51.40:070][  0]LogConfig: Applying CVar settings from Section [ShadingQuality@3] File [C:/Users/Morgan/Desktop/UnrealAnimationPracticeVids/UnrealAnimationPracticeVids/MyProject/Saved/Config/Windows/Scalability.ini]
[2021.02.05-11.51.40:070][  0]LogConfig: Setting CVar [[r.HairStrands.SkyLighting.SampleCount:16]]
[2021.02.05-11.51.40:070][  0]LogConfig: Setting CVar [[r.HairStrands.SkyLighting.JitterIntegration:0]]
[2021.02.05-11.51.40:070][  0]LogConfig: Setting CVar [[r.HairStrands.SkyAO.SampleCount:16]]
[2021.02.05-11.51.40:070][  0]LogConfig: Setting CVar [[r.HairStrands.DeepShadow.SuperSampling:0]]
[2021.02.05-11.51.40:070][  0]LogConfig: Setting CVar [[r.HairStrands.VisibilityPPLL:0]]
[2021.02.05-11.51.40:070][  0]LogConfig: Setting CVar [[r.HairStrands.RasterizationScale:0.5]]
[2021.02.05-11.51.40:070][  0]LogConfig: Setting CVar [[r.HairStrands.VelocityRasterizationScale:1]]
[2021.02.05-11.51.40:070][  0]LogInit: Selected Device Profile: [Windows]
[2021.02.05-11.51.40:070][  0]LogInit: Applying CVar settings loaded from the selected device profile: [Windows]
[2021.02.05-11.51.40:070][  0]LogHAL: Display: Platform has ~ 32 GB [34252365824 / 34359738368 / 32], which maps to Largest [LargestMinGB=32, LargerMinGB=12, DefaultMinGB=8, SmallerMinGB=6, SmallestMinGB=0)
[2021.02.05-11.51.40:070][  0]LogInit: Going up to parent DeviceProfile []
[2021.02.05-11.51.40:070][  0]LogConfig: Applying CVar settings from Section [ViewDistanceQuality@3] File [C:/Users/Morgan/Desktop/UnrealAnimationPracticeVids/UnrealAnimationPracticeVids/MyProject/Saved/Config/Windows/Scalability.ini]
[2021.02.05-11.51.40:070][  0]LogConfig: Setting CVar [[r.SkeletalMeshLODBias:0]]
[2021.02.05-11.51.40:070][  0]LogConfig: Setting CVar [[r.ViewDistanceScale:1.0]]
[2021.02.05-11.51.40:070][  0]LogConfig: Applying CVar settings from Section [AntiAliasingQuality@3] File [C:/Users/Morgan/Desktop/UnrealAnimationPracticeVids/UnrealAnimationPracticeVids/MyProject/Saved/Config/Windows/Scalability.ini]
[2021.02.05-11.51.40:070][  0]LogConfig: Setting CVar [[r.PostProcessAAQuality:4]]
[2021.02.05-11.51.40:070][  0]LogConfig: Applying CVar settings from Section [ShadowQuality@3] File [C:/Users/Morgan/Desktop/UnrealAnimationPracticeVids/UnrealAnimationPracticeVids/MyProject/Saved/Config/Windows/Scalability.ini]
[2021.02.05-11.51.40:070][  0]LogConfig: Setting CVar [[r.LightFunctionQuality:1]]
[2021.02.05-11.51.40:071][  0]LogConfig: Setting CVar [[r.ShadowQuality:5]]
[2021.02.05-11.51.40:071][  0]LogConfig: Setting CVar [[r.Shadow.CSM.MaxCascades:10]]
[2021.02.05-11.51.40:071][  0]LogConfig: Setting CVar [[r.Shadow.MaxResolution:2048]]
[2021.02.05-11.51.40:071][  0]LogConfig: Setting CVar [[r.Shadow.MaxCSMResolution:2048]]
[2021.02.05-11.51.40:071][  0]LogConfig: Setting CVar [[r.Shadow.RadiusThreshold:0.01]]
[2021.02.05-11.51.40:071][  0]LogConfig: Setting CVar [[r.Shadow.DistanceScale:1.0]]
[2021.02.05-11.51.40:071][  0]LogConfig: Setting CVar [[r.Shadow.CSM.TransitionScale:1.0]]
[2021.02.05-11.51.40:071][  0]LogConfig: Setting CVar [[r.Shadow.PreShadowResolutionFactor:1.0]]
[2021.02.05-11.51.40:071][  0]LogConfig: Setting CVar [[r.DistanceFieldShadowing:1]]
[2021.02.05-11.51.40:071][  0]LogConfig: Setting CVar [[r.DistanceFieldAO:1]]
[2021.02.05-11.51.40:071][  0]LogConfig: Setting CVar [[r.AOQuality:2]]
[2021.02.05-11.51.40:071][  0]LogConfig: Setting CVar [[r.VolumetricFog:1]]
[2021.02.05-11.51.40:071][  0]LogConfig: Setting CVar [[r.VolumetricFog.GridPixelSize:8]]
[2021.02.05-11.51.40:071][  0]LogConfig: Setting CVar [[r.VolumetricFog.GridSizeZ:128]]
[2021.02.05-11.51.40:071][  0]LogConfig: Setting CVar [[r.VolumetricFog.HistoryMissSupersampleCount:4]]
[2021.02.05-11.51.40:071][  0]LogConfig: Setting CVar [[r.LightMaxDrawDistanceScale:1]]
[2021.02.05-11.51.40:071][  0]LogConfig: Setting CVar [[r.CapsuleShadows:1]]
[2021.02.05-11.51.40:071][  0]LogConfig: Applying CVar settings from Section [PostProcessQuality@3] File [C:/Users/Morgan/Desktop/UnrealAnimationPracticeVids/UnrealAnimationPracticeVids/MyProject/Saved/Config/Windows/Scalability.ini]
[2021.02.05-11.51.40:071][  0]LogConfig: Setting CVar [[r.MotionBlurQuality:4]]
[2021.02.05-11.51.40:071][  0]LogConfig: Setting CVar [[r.AmbientOcclusionMipLevelFactor:0.4]]
[2021.02.05-11.51.40:071][  0]LogConfig: Setting CVar [[r.AmbientOcclusionMaxQuality:100]]
[2021.02.05-11.51.40:072][  0]LogConfig: Setting CVar [[r.AmbientOcclusionLevels:-1]]
[2021.02.05-11.51.40:072][  0]LogConfig: Setting CVar [[r.AmbientOcclusionRadiusScale:1.0]]
[2021.02.05-11.51.40:072][  0]LogConfig: Setting CVar [[r.DepthOfFieldQuality:2]]
[2021.02.05-11.51.40:072][  0]LogConfig: Setting CVar [[r.RenderTargetPoolMin:400]]
[2021.02.05-11.51.40:072][  0]LogConfig: Setting CVar [[r.LensFlareQuality:2]]
[2021.02.05-11.51.40:072][  0]LogConfig: Setting CVar [[r.SceneColorFringeQuality:1]]
[2021.02.05-11.51.40:072][  0]LogConfig: Setting CVar [[r.EyeAdaptationQuality:2]]
[2021.02.05-11.51.40:072][  0]LogConfig: Setting CVar [[r.BloomQuality:5]]
[2021.02.05-11.51.40:072][  0]LogConfig: Setting CVar [[r.FastBlurThreshold:100]]
[2021.02.05-11.51.40:072][  0]LogConfig: Setting CVar [[r.Upscale.Quality:3]]
[2021.02.05-11.51.40:072][  0]LogConfig: Setting CVar [[r.Tonemapper.GrainQuantization:1]]
[2021.02.05-11.51.40:072][  0]LogConfig: Setting CVar [[r.LightShaftQuality:1]]
[2021.02.05-11.51.40:072][  0]LogConfig: Setting CVar [[r.Filter.SizeScale:1]]
[2021.02.05-11.51.40:072][  0]LogConfig: Setting CVar [[r.Tonemapper.Quality:5]]
[2021.02.05-11.51.40:072][  0]LogConfig: Setting CVar [[r.DOF.Gather.AccumulatorQuality:1        ; higher gathering accumulator quality]]
[2021.02.05-11.51.40:072][  0]LogConfig: Setting CVar [[r.DOF.Gather.PostfilterMethod:1          ; Median3x3 postfilering method]]
[2021.02.05-11.51.40:072][  0]LogConfig: Setting CVar [[r.DOF.Gather.EnableBokehSettings:0       ; no bokeh simulation when gathering]]
[2021.02.05-11.51.40:072][  0]LogConfig: Setting CVar [[r.DOF.Gather.RingCount:4                 ; medium number of samples when gathering]]
[2021.02.05-11.51.40:072][  0]LogConfig: Setting CVar [[r.DOF.Scatter.ForegroundCompositing:1    ; additive foreground scattering]]
[2021.02.05-11.51.40:072][  0]LogConfig: Setting CVar [[r.DOF.Scatter.BackgroundCompositing:2    ; additive background scattering]]
[2021.02.05-11.51.40:072][  0]LogConfig: Setting CVar [[r.DOF.Scatter.EnableBokehSettings:1      ; bokeh simulation when scattering]]
[2021.02.05-11.51.40:072][  0]LogConfig: Setting CVar [[r.DOF.Scatter.MaxSpriteRatio:0.1         ; only a maximum of 10% of scattered bokeh]]
[2021.02.05-11.51.40:073][  0]LogConfig: Setting CVar [[r.DOF.Recombine.Quality:1                ; cheap slight out of focus]]
[2021.02.05-11.51.40:073][  0]LogConfig: Setting CVar [[r.DOF.Recombine.EnableBokehSettings:0    ; no bokeh simulation on slight out of focus]]
[2021.02.05-11.51.40:073][  0]LogConfig: Setting CVar [[r.DOF.TemporalAAQuality:1                ; more stable temporal accumulation]]
[2021.02.05-11.51.40:073][  0]LogConfig: Setting CVar [[r.DOF.Kernel.MaxForegroundRadius:0.025]]
[2021.02.05-11.51.40:073][  0]LogConfig: Setting CVar [[r.DOF.Kernel.MaxBackgroundRadius:0.025]]
[2021.02.05-11.51.40:073][  0]LogConfig: Applying CVar settings from Section [TextureQuality@3] File [C:/Users/Morgan/Desktop/UnrealAnimationPracticeVids/UnrealAnimationPracticeVids/MyProject/Saved/Config/Windows/Scalability.ini]
[2021.02.05-11.51.40:073][  0]LogConfig: Setting CVar [[r.Streaming.MipBias:0]]
[2021.02.05-11.51.40:073][  0]LogConfig: Setting CVar [[r.Streaming.AmortizeCPUToGPUCopy:0]]
[2021.02.05-11.51.40:073][  0]LogConfig: Setting CVar [[r.Streaming.MaxNumTexturesToStreamPerFrame:0]]
[2021.02.05-11.51.40:073][  0]LogConfig: Setting CVar [[r.Streaming.Boost:1]]
[2021.02.05-11.51.40:073][  0]LogConfig: Setting CVar [[r.MaxAnisotropy:8]]
[2021.02.05-11.51.40:073][  0]LogConfig: Setting CVar [[r.VT.MaxAnisotropy:8]]
[2021.02.05-11.51.40:073][  0]LogConfig: Setting CVar [[r.Streaming.LimitPoolSizeToVRAM:0]]
[2021.02.05-11.51.40:073][  0]LogConfig: Setting CVar [[r.Streaming.PoolSize:1000]]
[2021.02.05-11.51.40:073][  0]LogConfig: Setting CVar [[r.Streaming.MaxEffectiveScreenSize:0]]
[2021.02.05-11.51.40:073][  0]LogConfig: Applying CVar settings from Section [EffectsQuality@3] File [C:/Users/Morgan/Desktop/UnrealAnimationPracticeVids/UnrealAnimationPracticeVids/MyProject/Saved/Config/Windows/Scalability.ini]
[2021.02.05-11.51.40:073][  0]LogConfig: Setting CVar [[r.TranslucencyLightingVolumeDim:64]]
[2021.02.05-11.51.40:073][  0]LogConfig: Setting CVar [[r.RefractionQuality:2]]
[2021.02.05-11.51.40:073][  0]LogConfig: Setting CVar [[r.SSR.Quality:3]]
[2021.02.05-11.51.40:073][  0]LogConfig: Setting CVar [[r.SSR.HalfResSceneColor:0]]
[2021.02.05-11.51.40:073][  0]LogConfig: Setting CVar [[r.SceneColorFormat:4]]
[2021.02.05-11.51.40:073][  0]LogConfig: Setting CVar [[r.DetailMode:2]]
[2021.02.05-11.51.40:073][  0]LogConfig: Setting CVar [[r.TranslucencyVolumeBlur:1]]
[2021.02.05-11.51.40:073][  0]LogConfig: Setting CVar [[r.MaterialQualityLevel:1 ; High quality]]
[2021.02.05-11.51.40:074][  0]LogConfig: Setting CVar [[r.SSS.Scale:1]]
[2021.02.05-11.51.40:074][  0]LogConfig: Setting CVar [[r.SSS.SampleSet:2]]
[2021.02.05-11.51.40:074][  0]LogConfig: Setting CVar [[r.SSS.Quality:1]]
[2021.02.05-11.51.40:074][  0]LogConfig: Setting CVar [[r.SSS.HalfRes:0]]
[2021.02.05-11.51.40:074][  0]LogConfig: Setting CVar [[r.SSGI.Quality:3]]
[2021.02.05-11.51.40:074][  0]LogConfig: Setting CVar [[r.EmitterSpawnRateScale:1.0]]
[2021.02.05-11.51.40:074][  0]LogConfig: Setting CVar [[r.ParticleLightQuality:2]]
[2021.02.05-11.51.40:074][  0]LogConfig: Setting CVar [[r.SkyAtmosphere.AerialPerspectiveLUT.FastApplyOnOpaque:1 ; Always have FastSkyLUT 1 in this case to avoid wrong sky]]
[2021.02.05-11.51.40:074][  0]LogConfig: Setting CVar [[r.SkyAtmosphere.AerialPerspectiveLUT.SampleCountPerSlice:1]]
[2021.02.05-11.51.40:074][  0]LogConfig: Setting CVar [[r.SkyAtmosphere.AerialPerspectiveLUT.DepthResolution:16.0]]
[2021.02.05-11.51.40:074][  0]LogConfig: Setting CVar [[r.SkyAtmosphere.FastSkyLUT:1]]
[2021.02.05-11.51.40:074][  0]LogConfig: Setting CVar [[r.SkyAtmosphere.FastSkyLUT.SampleCountMin:4.0]]
[2021.02.05-11.51.40:074][  0]LogConfig: Setting CVar [[r.SkyAtmosphere.FastSkyLUT.SampleCountMax:32.0]]
[2021.02.05-11.51.40:074][  0]LogConfig: Setting CVar [[r.SkyAtmosphere.SampleCountMin:4.0]]
[2021.02.05-11.51.40:074][  0]LogConfig: Setting CVar [[r.SkyAtmosphere.SampleCountMax:32.0]]
[2021.02.05-11.51.40:074][  0]LogConfig: Setting CVar [[r.SkyAtmosphere.TransmittanceLUT.UseSmallFormat:0]]
[2021.02.05-11.51.40:074][  0]LogConfig: Setting CVar [[r.SkyAtmosphere.TransmittanceLUT.SampleCount:10.0]]
[2021.02.05-11.51.40:074][  0]LogConfig: Setting CVar [[r.SkyAtmosphere.MultiScatteringLUT.SampleCount:15.0]]
[2021.02.05-11.51.40:074][  0]LogConfig: Applying CVar settings from Section [FoliageQuality@3] File [C:/Users/Morgan/Desktop/UnrealAnimationPracticeVids/UnrealAnimationPracticeVids/MyProject/Saved/Config/Windows/Scalability.ini]
[2021.02.05-11.51.40:074][  0]LogConfig: Setting CVar [[foliage.DensityScale:1.0]]
[2021.02.05-11.51.40:074][  0]LogConfig: Setting CVar [[grass.DensityScale:1.0]]
[2021.02.05-11.51.40:074][  0]LogConfig: Applying CVar settings from Section [ShadingQuality@3] File [C:/Users/Morgan/Desktop/UnrealAnimationPracticeVids/UnrealAnimationPracticeVids/MyProject/Saved/Config/Windows/Scalability.ini]
[2021.02.05-11.51.40:075][  0]LogConfig: Setting CVar [[r.HairStrands.SkyLighting.SampleCount:16]]
[2021.02.05-11.51.40:075][  0]LogConfig: Setting CVar [[r.HairStrands.SkyLighting.JitterIntegration:0]]
[2021.02.05-11.51.40:075][  0]LogConfig: Setting CVar [[r.HairStrands.SkyAO.SampleCount:16]]
[2021.02.05-11.51.40:075][  0]LogConfig: Setting CVar [[r.HairStrands.DeepShadow.SuperSampling:0]]
[2021.02.05-11.51.40:075][  0]LogConfig: Setting CVar [[r.HairStrands.VisibilityPPLL:0]]
[2021.02.05-11.51.40:075][  0]LogConfig: Setting CVar [[r.HairStrands.RasterizationScale:0.5]]
[2021.02.05-11.51.40:075][  0]LogConfig: Setting CVar [[r.HairStrands.VelocityRasterizationScale:1]]
[2021.02.05-11.51.40:075][  0]LogConfig: Applying CVar settings from Section [Startup] File [../../../Engine/Config/ConsoleVariables.ini]
[2021.02.05-11.51.40:075][  0]LogConfig: Setting CVar [[net.UseAdaptiveNetUpdateFrequency:0]]
[2021.02.05-11.51.40:075][  0]LogConfig: Setting CVar [[p.chaos.AllowCreatePhysxBodies:1]]
[2021.02.05-11.51.40:075][  0]LogConfig: Setting CVar [[fx.SkipVectorVMBackendOptimizations:1]]
[2021.02.05-11.51.40:075][  0]LogConfig: Applying CVar settings from Section [ConsoleVariables] File [C:/Users/Morgan/Desktop/UnrealAnimationPracticeVids/UnrealAnimationPracticeVids/MyProject/Saved/Config/Windows/Engine.ini]
[2021.02.05-11.51.40:075][  0]LogInit: Computer: DESKTOP-A1LV5LA
[2021.02.05-11.51.40:075][  0]LogInit: User: Morgan
[2021.02.05-11.51.40:075][  0]LogInit: CPU Page size=4096, Cores=10
[2021.02.05-11.51.40:076][  0]LogInit: High frequency timer resolution =10.000000 MHz
[2021.02.05-11.51.40:076][  0]LogMemory: Memory total: Physical=31.9GB (32GB approx)
[2021.02.05-11.51.40:076][  0]LogMemory: Platform Memory Stats for Windows
[2021.02.05-11.51.40:076][  0]LogMemory: Process Physical Memory: 118.62 MB used, 118.62 MB peak
[2021.02.05-11.51.40:076][  0]LogMemory: Process Virtual Memory: 101.06 MB used, 101.06 MB peak
[2021.02.05-11.51.40:076][  0]LogMemory: Physical Memory: 12030.46 MB used,  20635.14 MB free, 32665.60 MB total
[2021.02.05-11.51.40:076][  0]LogMemory: Virtual Memory: 5211.20 MB used,  134212520.00 MB free, 134217728.00 MB total
[2021.02.05-11.51.40:084][  0]LogWindows: WindowsPlatformFeatures enabled
[2021.02.05-11.51.40:287][  0]LogInit: Physics initialised using underlying interface: PhysX
[2021.02.05-11.51.40:288][  0]LogInit: Using OS detected language (en-GB).
[2021.02.05-11.51.40:288][  0]LogInit: Using OS detected locale (en-GB).
[2021.02.05-11.51.40:291][  0]LogTextLocalizationManager: No specific localization for 'en-GB' exists, so the 'en' localization will be used.
[2021.02.05-11.51.40:446][  0]LogInit: Setting process to per monitor DPI aware
[2021.02.05-11.51.40:483][  0]LogSlate: New Slate User Created.  User Index 0, Is Virtual User: 0
[2021.02.05-11.51.40:483][  0]LogSlate: Slate User Registered.  User Index 0, Is Virtual User: 0
[2021.02.05-11.51.40:616][  0]LogHMD: Failed to initialize OpenVR with code 110
[2021.02.05-11.51.40:616][  0]LogD3D11RHI: D3D11 min allowed feature level: 11_0
[2021.02.05-11.51.40:616][  0]LogD3D11RHI: D3D11 max allowed feature level: 11_0
[2021.02.05-11.51.40:616][  0]LogD3D11RHI: D3D11 adapters:
[2021.02.05-11.51.40:761][  0]LogD3D11RHI:    0. 'NVIDIA GeForce RTX 3090' (Feature Level 11_0)
[2021.02.05-11.51.40:761][  0]LogD3D11RHI:       24348/0/16332 MB DedicatedVideo/DedicatedSystem/SharedSystem, Outputs:2, VendorId:0x10de
[2021.02.05-11.51.40:765][  0]LogD3D11RHI:    1. 'Microsoft Basic Render Driver' (Feature Level 11_0)
[2021.02.05-11.51.40:765][  0]LogD3D11RHI:       0/0/16332 MB DedicatedVideo/DedicatedSystem/SharedSystem, Outputs:0, VendorId:0x1414
[2021.02.05-11.51.40:765][  0]LogD3D11RHI: Chosen D3D11 Adapter: 0
[2021.02.05-11.51.40:772][  0]LogD3D11RHI: Creating new Direct3DDevice
[2021.02.05-11.51.40:773][  0]LogD3D11RHI:     GPU DeviceId: 0x2204 (for the marketing name, search the web for "GPU Device Id")
[2021.02.05-11.51.40:773][  0]LogWindows: EnumDisplayDevices:
[2021.02.05-11.51.40:773][  0]LogWindows:    0. 'NVIDIA GeForce RTX 3090' (P:1 D:1)
[2021.02.05-11.51.40:773][  0]LogWindows:    1. 'NVIDIA GeForce RTX 3090' (P:0 D:1)
[2021.02.05-11.51.40:773][  0]LogWindows:    2. 'NVIDIA GeForce RTX 3090' (P:0 D:0)
[2021.02.05-11.51.40:774][  0]LogWindows:    3. 'NVIDIA GeForce RTX 3090' (P:0 D:0)
[2021.02.05-11.51.40:774][  0]LogWindows: DebugString: FoundDriverCount:4 
[2021.02.05-11.51.40:774][  0]LogD3D11RHI:     Adapter Name: NVIDIA GeForce RTX 3090
[2021.02.05-11.51.40:774][  0]LogD3D11RHI:   Driver Version: 460.89 (internal:27.21.14.6089, unified:460.89)
[2021.02.05-11.51.40:774][  0]LogD3D11RHI:      Driver Date: 12-11-2020
[2021.02.05-11.51.40:774][  0]LogRHI: Texture pool is 17043 MB (70% of 24348 MB)
[2021.02.05-11.51.40:863][  0]LogD3D11RHI: RHI has support for 64 bit atomics
[2021.02.05-11.51.40:863][  0]LogD3D11RHI: Async texture creation enabled
[2021.02.05-11.51.40:863][  0]LogD3D11RHI: Array index from any shader is supported
[2021.02.05-11.51.40:884][  0]LogD3D11RHI: GPU Timing Frequency: 1000.000000 (Debug: 2 2)
[2021.02.05-11.51.41:182][  0]LogTargetPlatformManager: Display: Loaded TargetPlatform 'AllDesktop'
[2021.02.05-11.51.41:206][  0]LogTargetPlatformManager: Display: Loaded TargetPlatform 'Android'
[2021.02.05-11.51.41:206][  0]LogTargetPlatformManager: Display: Loaded TargetPlatform 'Android_ASTC'
[2021.02.05-11.51.41:206][  0]LogTargetPlatformManager: Display: Loaded TargetPlatform 'Android_DXT'
[2021.02.05-11.51.41:206][  0]LogTargetPlatformManager: Display: Loaded TargetPlatform 'Android_ETC2'
[2021.02.05-11.51.41:206][  0]LogTargetPlatformManager: Display: Loaded TargetPlatform 'AndroidClient'
[2021.02.05-11.51.41:206][  0]LogTargetPlatformManager: Display: Loaded TargetPlatform 'Android_ASTCClient'
[2021.02.05-11.51.41:206][  0]LogTargetPlatformManager: Display: Loaded TargetPlatform 'Android_DXTClient'
[2021.02.05-11.51.41:206][  0]LogTargetPlatformManager: Display: Loaded TargetPlatform 'Android_ETC2Client'
[2021.02.05-11.51.41:206][  0]LogTargetPlatformManager: Display: Loaded TargetPlatform 'Android_Multi'
[2021.02.05-11.51.41:206][  0]LogTargetPlatformManager: Display: Loaded TargetPlatform 'Android_MultiClient'
[2021.02.05-11.51.41:239][  0]LogTargetPlatformManager: Display: Loaded TargetPlatform 'IOSClient'
[2021.02.05-11.51.41:239][  0]LogTargetPlatformManager: Display: Loaded TargetPlatform 'IOS'
[2021.02.05-11.51.41:251][  0]LogTargetPlatformManager: Display: Loaded TargetPlatform 'Linux'
[2021.02.05-11.51.41:262][  0]LogTargetPlatformManager: Display: Loaded TargetPlatform 'LinuxNoEditor'
[2021.02.05-11.51.41:274][  0]LogTargetPlatformManager: Display: Loaded TargetPlatform 'LinuxClient'
[2021.02.05-11.51.41:286][  0]LogTargetPlatformManager: Display: Loaded TargetPlatform 'LinuxServer'
[2021.02.05-11.51.41:297][  0]LogTargetPlatformManager: Display: Loaded TargetPlatform 'LinuxAArch64NoEditor'
[2021.02.05-11.51.41:308][  0]LogTargetPlatformManager: Display: Loaded TargetPlatform 'LinuxAArch64Client'
[2021.02.05-11.51.41:319][  0]LogTargetPlatformManager: Display: Loaded TargetPlatform 'LinuxAArch64Server'
[2021.02.05-11.51.41:348][  0]LogTargetPlatformManager: Display: Loaded TargetPlatform 'Lumin'
[2021.02.05-11.51.41:348][  0]LogTargetPlatformManager: Display: Loaded TargetPlatform 'LuminClient'
[2021.02.05-11.51.41:367][  0]LogTargetPlatformManager: Display: Loaded TargetPlatform 'TVOSClient'
[2021.02.05-11.51.41:367][  0]LogTargetPlatformManager: Display: Loaded TargetPlatform 'TVOS'
[2021.02.05-11.51.41:378][  0]LogTargetPlatformManager: Display: Loaded TargetPlatform 'WindowsNoEditor'
[2021.02.05-11.51.41:390][  0]LogTargetPlatformManager: Display: Loaded TargetPlatform 'Windows'
[2021.02.05-11.51.41:401][  0]LogTargetPlatformManager: Display: Loaded TargetPlatform 'WindowsClient'
[2021.02.05-11.51.41:412][  0]LogTargetPlatformManager: Display: Loaded TargetPlatform 'WindowsServer'
[2021.02.05-11.51.41:412][  0]LogTargetPlatformManager: Display: Building Assets For Windows
[2021.02.05-11.51.41:426][  0]LogAudioDebug: Display: Lib vorbis DLL was dynamically loaded.
[2021.02.05-11.51.41:519][  0]LogShaderCompilers: Guid format shader working directory is -58 characters bigger than the processId version (../../../../../../Users/Morgan/Desktop/UnrealAnimationPracticeVids/UnrealAnimationPracticeVids/MyProject/Intermediate/Shaders/WorkingDirectory/35356/).
[2021.02.05-11.51.41:519][  0]LogShaderCompilers: Cleaned the shader compiler working directory 'C:/Users/Morgan/AppData/Local/Temp/UnrealShaderWorkingDir/B216DD614ADAA07E3BC2DDAF46EA6D56/'.
[2021.02.05-11.51.41:519][  0]LogXGEController: Cleaning working directory: C:/Users/Morgan/AppData/Local/Temp/UnrealXGEWorkingDir/
[2021.02.05-11.51.41:520][  0]LogXGEController: Cannot use XGE Controller as Incredibuild is not installed on this machine.
[2021.02.05-11.51.41:520][  0]LogShaderCompilers: Cannot use XGE Shader Compiler as Incredibuild is not installed on this machine.
[2021.02.05-11.51.41:520][  0]LogShaderCompilers: Display: Using Local Shader Compiler.
[2021.02.05-11.51.42:266][  0]LogDerivedDataCache: Display: Max Cache Size: 512 MB
[2021.02.05-11.51.42:314][  0]LogDerivedDataCache: Loaded boot cache 0.05s 80MB C:/Users/Morgan/AppData/Local/UnrealEngine/4.25/DerivedDataCache/Boot.ddc.
[2021.02.05-11.51.42:314][  0]LogDerivedDataCache: Display: Loaded Boot cache: C:/Users/Morgan/AppData/Local/UnrealEngine/4.25/DerivedDataCache/Boot.ddc
[2021.02.05-11.51.42:314][  0]LogDerivedDataCache: FDerivedDataBackendGraph:  Pak pak cache file ../../../../../../Users/Morgan/Desktop/UnrealAnimationPracticeVids/UnrealAnimationPracticeVids/MyProject/DerivedDataCache/DDC.ddp not found, will not use a pak cache.
[2021.02.05-11.51.42:314][  0]LogDerivedDataCache: Unable to find inner node Pak for hierarchical cache Hierarchy.
[2021.02.05-11.51.42:314][  0]LogDerivedDataCache: FDerivedDataBackendGraph:  CompressedPak pak cache file ../../../../../../Users/Morgan/Desktop/UnrealAnimationPracticeVids/UnrealAnimationPracticeVids/MyProject/DerivedDataCache/Compressed.ddp not found, will not use a pak cache.
[2021.02.05-11.51.42:314][  0]LogDerivedDataCache: Unable to find inner node CompressedPak for hierarchical cache Hierarchy.
[2021.02.05-11.51.42:324][  0]LogDerivedDataCache: Display: Pak cache opened for reading ../../../Engine/DerivedDataCache/Compressed.ddp.
[2021.02.05-11.51.42:325][  0]LogDerivedDataCache: FDerivedDataBackendGraph:  EnterprisePak pak cache file ../../../Enterprise/DerivedDataCache/Compressed.ddp not found, will not use a pak cache.
[2021.02.05-11.51.42:325][  0]LogDerivedDataCache: Unable to find inner node EnterprisePak for hierarchical cache Hierarchy.
[2021.02.05-11.51.42:326][  0]LogDerivedDataCache: Using Local data cache path C:/Users/Morgan/AppData/Local/UnrealEngine/Common/DerivedDataCache: Writable
[2021.02.05-11.51.42:326][  0]LogDerivedDataCache: Shared data cache path not found in *engine.ini, will not use an Shared cache.
[2021.02.05-11.51.42:326][  0]LogDerivedDataCache: Unable to find inner node Shared for hierarchical cache Hierarchy.
[2021.02.05-11.51.42:375][  0]LogSlate: Using FreeType 2.10.0
[2021.02.05-11.51.42:376][  0]LogSlate: SlateFontServices - WITH_FREETYPE: 1, WITH_HARFBUZZ: 1
[2021.02.05-11.51.42:400][  0]LogAssetRegistry: FAssetRegistry took 0.0034 seconds to start up
[2021.02.05-11.51.42:608][  0]LogInit: Selected Device Profile: [Windows]
[2021.02.05-11.51.42:731][  0]LogMeshReduction: Using QuadricMeshReduction for automatic static mesh reduction
[2021.02.05-11.51.42:731][  0]LogMeshReduction: Using SimplygonMeshReduction for automatic skeletal mesh reduction
[2021.02.05-11.51.42:731][  0]LogMeshReduction: Using ProxyLODMeshReduction for automatic mesh merging
[2021.02.05-11.51.42:731][  0]LogMeshReduction: No distributed automatic mesh merging module available
[2021.02.05-11.51.42:731][  0]LogMeshMerging: No distributed automatic mesh merging module available
[2021.02.05-11.51.42:747][  0]LogNetVersion: MyProject 1.0.0, NetCL: 13144385, EngineNetVer: 14, GameNetVer: 0 (Checksum: 709303259)
[2021.02.05-11.51.43:116][  0]LogAISub: UAISubsystem::UAISubsystem AISubsystem (000001A16ED31CC0), frame # 0
[2021.02.05-11.51.43:116][  0]LogAISub: UAISubsystem::UAISubsystem AIPerceptionSystem (000001A16EC891C0), frame # 0
[2021.02.05-11.51.43:118][  0]LogAISub: UAISubsystem::UAISubsystem EnvQueryManager (000001A16ECF4800), frame # 0
[2021.02.05-11.51.43:176][  0]LogPackageLocalizationCache: Processed 20 localized package path(s) for 1 prioritized culture(s) in 0.053543 seconds
[2021.02.05-11.51.43:180][  0]LogUObjectArray: 15913 objects as part of root set at end of initial load.
[2021.02.05-11.51.43:181][  0]LogUObjectAllocator: 3964304 out of 0 bytes used by permanent object pool.
[2021.02.05-11.51.43:181][  0]LogUObjectArray: CloseDisregardForGC: 0/0 objects in disregard for GC pool
[2021.02.05-11.51.43:594][  0]LogTcpMessaging: Initializing TcpMessaging bridge
[2021.02.05-11.51.43:600][  0]LogUdpMessaging: Initializing bridge on interface 0.0.0.0:0 to multicast group 230.0.0.1:6666.
[2021.02.05-11.51.43:895][  0]SourceControl: Source control is disabled
[2021.02.05-11.51.43:895][  0]SourceControl: Source control is disabled
[2021.02.05-11.51.43:899][  0]SourceControl: Source control is disabled
[2021.02.05-11.51.43:904][  0]SourceControl: Source control is disabled
[2021.02.05-11.51.43:914][  0]SourceControl: Source control is disabled
[2021.02.05-11.51.44:253][  0]LogAndroidPermission: UAndroidPermissionCallbackProxy::GetInstance
[2021.02.05-11.51.44:283][  0]LogAudioCaptureCore: Display: No Audio Capture implementations found. Audio input will be silent.
[2021.02.05-11.51.44:283][  0]LogAudioCaptureCore: Display: No Audio Capture implementations found. Audio input will be silent.
[2021.02.05-11.51.44:350][  0]LogOcInput: OculusInput pre-init called
[2021.02.05-11.51.44:365][  0]LogWindows: Failed to load 'OVRPlugin.dll' (GetLastError=126)
[2021.02.05-11.51.44:365][  0]LogWindows: File 'OVRPlugin.dll' does not exist
[2021.02.05-11.51.44:628][  0]LogEngine: Initializing Engine...
[2021.02.05-11.51.44:629][  0]LogHMD: Failed to initialize OpenVR with code 110
[2021.02.05-11.51.44:629][  0]LogMagicLeap: Warning: VR disabled because ZI is not enabled.  To enable, in the editor, Edit -> Project Settings -> Plugins -> Magic Leap Plugin -> Enable Zero Iteration
[2021.02.05-11.51.44:630][  0]LogStats: UGameplayTagsManager::InitializeManager -  0.000 s
[2021.02.05-11.51.44:735][  0]LogInit: Initializing FReadOnlyCVARCache
[2021.02.05-11.51.44:743][  0]LogAIModule: Creating AISystem for world Untitled
[2021.02.05-11.51.44:743][  0]LogAISub: UAISubsystem::UAISubsystem EnvQueryManager (000001A176B29200), frame # 0
[2021.02.05-11.51.44:743][  0]LogAISub: UAISubsystem::UAISubsystem AIPerceptionSystem (000001A176B2DF80), frame # 0
[2021.02.05-11.51.44:759][  0]LogAudioMixer: Display: Audio Mixer Platform Settings:
[2021.02.05-11.51.44:759][  0]LogAudioMixer: Display: 	Sample Rate:						  48000
[2021.02.05-11.51.44:759][  0]LogAudioMixer: Display: 	Callback Buffer Frame Size Requested: 1024
[2021.02.05-11.51.44:759][  0]LogAudioMixer: Display: 	Callback Buffer Frame Size To Use:	  1024
[2021.02.05-11.51.44:759][  0]LogAudioMixer: Display: 	Number of buffers to queue:			  2
[2021.02.05-11.51.44:759][  0]LogAudioMixer: Display: 	Max Channels (voices):				  32
[2021.02.05-11.51.44:759][  0]LogAudioMixer: Display: 	Number of Async Source Workers:		  0
[2021.02.05-11.51.44:759][  0]LogAudio: Display: AudioDevice MaxSources: 32
[2021.02.05-11.51.44:760][  0]LogAudio: Display: Using built-in audio occlusion.
[2021.02.05-11.51.44:760][  0]LogAudioMixer: Display: Initializing audio mixer.
[2021.02.05-11.51.44:777][  0]LogAudioMixer: Display: 0: FrontLeft
[2021.02.05-11.51.44:777][  0]LogAudioMixer: Display: 1: FrontRight
[2021.02.05-11.51.44:825][  0]LogAudioMixer: Display: Using Audio Device BenQ GL2580 (NVIDIA High Definition Audio)
[2021.02.05-11.51.44:826][  0]LogAudioMixer: Display: Initializing Sound Submixes...
[2021.02.05-11.51.44:828][  0]LogAudioMixer: Display: Creating Master Submix 'MasterSubmixDefault'
[2021.02.05-11.51.44:828][  0]LogAudioMixer: Display: Creating Master Submix 'MasterReverbSubmixDefault'
[2021.02.05-11.51.44:828][  0]LogAudioMixer: Display: Creating Master Submix 'MasterEQSubmixDefault'
[2021.02.05-11.51.44:830][  0]LogInit: FAudioDevice initialized.
[2021.02.05-11.51.44:830][  0]LogNetVersion: Set ProjectVersion to 1.0.0.0. Version Checksum will be recalculated on next use.
[2021.02.05-11.51.44:871][  0]LogDerivedDataCache: Saved boot cache 0.04s 80MB C:/Users/Morgan/AppData/Local/UnrealEngine/4.25/DerivedDataCache/Boot.ddc.
[2021.02.05-11.51.44:874][  0]LogInit: Texture streaming: Enabled
[2021.02.05-11.51.44:895][  0]LogEngineSessionManager: EngineSessionManager initialized
[2021.02.05-11.51.44:895][  0]LogEditorSessionSummary: Verbose: Initializing EditorSessionSummaryWriter for editor session tracking
[2021.02.05-11.51.44:897][  0]LogEditorSessionSummary: EditorSessionSummaryWriter initialized
[2021.02.05-11.51.44:911][  0]LogInit: Transaction tracking system initialized
[2021.02.05-11.51.44:940][  0]BlueprintLog: New page: Editor Load
[2021.02.05-11.51.45:033][  0]LocalizationService: Localization service is disabled
[2021.02.05-11.51.45:206][  0]LogCook: Display: Max memory allowance for cook 16384mb min free memory 0mb
[2021.02.05-11.51.45:206][  0]LogCook: Display: Mobile HDR setting 1
[2021.02.05-11.51.45:382][  0]LogFileCache: Scanning file cache for directory 'C:/Users/Morgan/Desktop/UnrealAnimationPracticeVids/UnrealAnimationPracticeVids/MyProject/Content/' took 0.01s
[2021.02.05-11.51.45:549][  0]SourceControl: Source control is disabled
[2021.02.05-11.51.45:549][  0]LogUnrealEdMisc: Loading editor; pre map load, took 7.300
[2021.02.05-11.51.45:550][  0]LightingResults: New page: Lighting Build
[2021.02.05-11.51.45:550][  0]LogWorld: UWorld::CleanupWorld for Untitled, bSessionEnded=true, bCleanupResources=true
[2021.02.05-11.51.45:550][  0]LogSlate: InvalidateAllWidgets triggered.  All widgets were invalidated
[2021.02.05-11.51.45:550][  0]MapCheck: New page: Map Check
[2021.02.05-11.51.45:551][  0]LightingResults: New page: Lighting Build
[2021.02.05-11.51.45:566][  0]LogAISub: UAISubsystem::~UAISubsystem EnvQueryManager (000001A176B29200), frame # 0
[2021.02.05-11.51.45:566][  0]LogAISub: UAISubsystem::~UAISubsystem AIPerceptionSystem (000001A176B2DF80), frame # 0
[2021.02.05-11.51.45:567][  0]LogUObjectHash: Compacting FUObjectHashTables data took   0.76ms
[2021.02.05-11.51.45:645][  0]LogAIModule: Creating AISystem for world ThirdPersonExampleMap
[2021.02.05-11.51.45:645][  0]LogAISub: UAISubsystem::UAISubsystem EnvQueryManager (000001A16532B600), frame # 0
[2021.02.05-11.51.45:645][  0]LogAISub: UAISubsystem::UAISubsystem AIPerceptionSystem (000001A1728ACCC0), frame # 0
[2021.02.05-11.51.45:663][  0]LogEditorServer: Finished looking for orphan Actors (0.000 secs)
[2021.02.05-11.51.45:677][  0]LogUObjectHash: Compacting FUObjectHashTables data took   0.73ms
[2021.02.05-11.51.45:677][  0]Cmd: MAP CHECKDEP NOCLEARLOG
[2021.02.05-11.51.45:677][  0]MapCheck: Map check complete: 0 Error(s), 0 Warning(s), took 0.174ms to complete.
[2021.02.05-11.51.45:677][  0]LogFileHelpers: Loading map 'ThirdPersonExampleMap' took 0.128
[2021.02.05-11.51.45:680][  0]LogUnrealEdMisc: Total Editor Startup Time, took 7.431
[2021.02.05-11.51.45:830][  0]LogSlate: Updating window title bar state: overlay mode, drag disabled, window buttons hidden, title bar hidden
[2021.02.05-11.51.45:837][  0]LogSlate: Updating window title bar state: overlay mode, drag disabled, window buttons hidden, title bar hidden
[2021.02.05-11.51.45:843][  0]LogSlate: Updating window title bar state: overlay mode, drag disabled, window buttons hidden, title bar hidden
[2021.02.05-11.51.45:849][  0]LogSlate: Updating window title bar state: overlay mode, drag disabled, window buttons hidden, title bar hidden
[2021.02.05-11.51.45:857][  0]LogCollectionManager: Loaded 0 collections in 0.001481 seconds
[2021.02.05-11.51.45:874][  0]LogFileCache: Scanning file cache for directory 'C:/Users/Morgan/Desktop/UnrealAnimationPracticeVids/UnrealAnimationPracticeVids/MyProject/Saved/Collections/' took 0.00s
[2021.02.05-11.51.45:874][  0]LogFileCache: Scanning file cache for directory 'C:/Users/Morgan/Desktop/UnrealAnimationPracticeVids/UnrealAnimationPracticeVids/MyProject/Content/Developers/Morgan/Collections/' took 0.00s
[2021.02.05-11.51.45:874][  0]LogFileCache: Scanning file cache for directory 'C:/Users/Morgan/Desktop/UnrealAnimationPracticeVids/UnrealAnimationPracticeVids/MyProject/Content/Collections/' took 0.00s
[2021.02.05-11.51.45:874][  0]LogContentBrowser: Native class hierarchy populated in 0.0084 seconds. Added 3447 classes and 837 folders.
[2021.02.05-11.51.45:876][  0]LogContentBrowser: Native class hierarchy updated for 'WidgetCarousel' in 0.0004 seconds. Added 0 classes and 0 folders.
[2021.02.05-11.51.45:927][  0]LogContentBrowser: Native class hierarchy updated for 'AddContentDialog' in 0.0004 seconds. Added 0 classes and 0 folders.
[2021.02.05-11.51.45:928][  0]LogContentBrowser: Native class hierarchy updated for 'SceneOutliner' in 0.0003 seconds. Added 2 classes and 0 folders.
[2021.02.05-11.51.45:958][  0]LogSlate: Took 0.000186 seconds to synchronously load lazily loaded font '../../../Engine/Content/Slate/Fonts/Roboto-Regular.ttf' (155K)
[2021.02.05-11.51.45:963][  0]LogSlate: Took 0.000151 seconds to synchronously load lazily loaded font '../../../Engine/Content/Editor/Slate/Fonts/FontAwesome.ttf' (139K)
[2021.02.05-11.51.46:021][  0]LogRenderer: Reallocating scene render targets to support 2040x928 Format 10 NumSamples 1 (Frame:1).
[2021.02.05-11.51.46:099][  0]LogContentBrowser: Native class hierarchy updated for 'HierarchicalLODOutliner' in 0.0004 seconds. Added 0 classes and 0 folders.
[2021.02.05-11.51.46:099][  0]LogLoad: (Engine Initialization) Total time: 7.85 seconds
[2021.02.05-11.51.46:099][  0]LogLoad: (Engine Initialization) Total Blueprint compile time: 0.00 seconds
[2021.02.05-11.51.46:140][  0]LogAssetRegistry: Asset discovery search completed in 3.7423 seconds
[2021.02.05-11.51.46:145][  0]LogCollectionManager: Fixed up redirectors for 0 collections in 0.000002 seconds (updated 0 objects)
[2021.02.05-11.51.46:146][  0]LogContentStreaming: Texture pool size now 1000 MB
[2021.02.05-11.51.58:753][149]LogEditorViewport: Clicking on Actor (LMB): StaticMeshActor (1M_Cube_Chamfer)
[2021.02.05-11.52.01:054][283]LogTemp: Repeating last play command: New Editor Window (PIE)
[2021.02.05-11.52.01:069][283]LogPlayLevel: PlayLevel: No blueprints needed recompiling
[2021.02.05-11.52.01:069][283]PIE: New page: PIE session: ThirdPersonExampleMap (5 Feb 2021, 11:52:01)
[2021.02.05-11.52.01:071][283]LogOnline: OSS: Creating online subsystem instance for: NULL
[2021.02.05-11.52.01:073][283]LogOnline: OSS: TryLoadSubsystemAndSetDefault: Loaded subsystem for module [NULL]
[2021.02.05-11.52.01:073][283]LogPlayLevel: Creating play world package: /Game/ThirdPersonCPP/Maps/UEDPIE_0_ThirdPersonExampleMap
[2021.02.05-11.52.01:085][283]LogPlayLevel: PIE: StaticDuplicateObject took: (0.011635s)
[2021.02.05-11.52.01:086][283]LogAIModule: Creating AISystem for world ThirdPersonExampleMap
[2021.02.05-11.52.01:086][283]LogAISub: UAISubsystem::UAISubsystem EnvQueryManager (000001A108AABE00), frame # 283
[2021.02.05-11.52.01:086][283]LogAISub: UAISubsystem::UAISubsystem AIPerceptionSystem (000001A130355440), frame # 283
[2021.02.05-11.52.01:086][283]LogPlayLevel: PIE: World Init took: (0.001565s)
[2021.02.05-11.52.01:087][283]LogPlayLevel: PIE: Created PIE world by copying editor world from /Game/ThirdPersonCPP/Maps/ThirdPersonExampleMap.ThirdPersonExampleMap to /Game/ThirdPersonCPP/Maps/UEDPIE_0_ThirdPersonExampleMap.ThirdPersonExampleMap (0.013551s)
[2021.02.05-11.52.01:105][283]LogUObjectHash: Compacting FUObjectHashTables data took   0.58ms
[2021.02.05-11.52.01:106][283]LogAudioMixer: Display: Audio Mixer Platform Settings:
[2021.02.05-11.52.01:106][283]LogAudioMixer: Display: 	Sample Rate:						  48000
[2021.02.05-11.52.01:106][283]LogAudioMixer: Display: 	Callback Buffer Frame Size Requested: 1024
[2021.02.05-11.52.01:106][283]LogAudioMixer: Display: 	Callback Buffer Frame Size To Use:	  1024
[2021.02.05-11.52.01:107][283]LogAudioMixer: Display: 	Number of buffers to queue:			  2
[2021.02.05-11.52.01:107][283]LogAudioMixer: Display: 	Max Channels (voices):				  32
[2021.02.05-11.52.01:107][283]LogAudioMixer: Display: 	Number of Async Source Workers:		  0
[2021.02.05-11.52.01:107][283]LogAudio: Display: AudioDevice MaxSources: 32
[2021.02.05-11.52.01:107][283]LogAudio: Display: Using built-in audio occlusion.
[2021.02.05-11.52.01:107][283]LogAudioMixer: Display: Initializing audio mixer.
[2021.02.05-11.52.01:110][283]LogAudioMixer: Display: 0: FrontLeft
[2021.02.05-11.52.01:110][283]LogAudioMixer: Display: 1: FrontRight
[2021.02.05-11.52.01:136][283]LogAudioMixer: Display: Using Audio Device BenQ GL2580 (NVIDIA High Definition Audio)
[2021.02.05-11.52.01:136][283]LogAudioMixer: Display: Initializing Sound Submixes...
[2021.02.05-11.52.01:136][283]LogAudioMixer: Display: Creating Master Submix 'MasterSubmixDefault'
[2021.02.05-11.52.01:137][283]LogAudioMixer: Display: Creating Master Submix 'MasterReverbSubmixDefault'
[2021.02.05-11.52.01:137][283]LogAudioMixer: Display: Creating Master Submix 'MasterEQSubmixDefault'
[2021.02.05-11.52.01:150][283]LogInit: FAudioDevice initialized.
[2021.02.05-11.52.01:191][283]LogSlate: Updating window title bar state: overlay mode, drag disabled, window buttons hidden, title bar hidden
[2021.02.05-11.52.01:191][283]LogLoad: Game class is 'BP_GameMode_C'
[2021.02.05-11.52.01:193][283]LogWorld: Bringing World /Game/ThirdPersonCPP/Maps/UEDPIE_0_ThirdPersonExampleMap.ThirdPersonExampleMap up for play (max tick rate 0) at 2021.02.05-11.52.01
[2021.02.05-11.52.01:193][283]LogWorld: Bringing up level for play took: 0.001276
[2021.02.05-11.52.01:193][283]LogOnline: OSS: Creating online subsystem instance for: :Context_4
[2021.02.05-11.52.01:197][283]LogContentBrowser: Native class hierarchy updated for 'MovieSceneCapture' in 0.0004 seconds. Added 20 classes and 0 folders.
[2021.02.05-11.52.01:200][283]PIE: Server logged in
[2021.02.05-11.52.01:201][283]PIE: Play in editor total start time 0.133 seconds.
[2021.02.05-11.52.13:454][ 13]LogSlate: Updating window title bar state: overlay mode, drag disabled, window buttons hidden, title bar hidden
[2021.02.05-11.52.13:454][ 13]LogWorld: BeginTearingDown for /Game/ThirdPersonCPP/Maps/UEDPIE_0_ThirdPersonExampleMap
[2021.02.05-11.52.13:454][ 13]LogSlate: Window 'MyProject Preview [NetMode: Standalone] (64-bit/Windows) ' being destroyed
[2021.02.05-11.52.13:458][ 13]LogWorld: UWorld::CleanupWorld for ThirdPersonExampleMap, bSessionEnded=true, bCleanupResources=true
[2021.02.05-11.52.13:458][ 13]LogSlate: InvalidateAllWidgets triggered.  All widgets were invalidated
[2021.02.05-11.52.13:466][ 13]LogPlayLevel: Display: Shutting down PIE online subsystems
[2021.02.05-11.52.13:467][ 13]LogSlate: InvalidateAllWidgets triggered.  All widgets were invalidated
[2021.02.05-11.52.13:507][ 13]LogAISub: UAISubsystem::~UAISubsystem EnvQueryManager (000001A108AABE00), frame # 1013
[2021.02.05-11.52.13:507][ 13]LogAISub: UAISubsystem::~UAISubsystem AIPerceptionSystem (000001A130355440), frame # 1013
[2021.02.05-11.52.13:507][ 13]LogUObjectHash: Compacting FUObjectHashTables data took   0.58ms
[2021.02.05-11.52.13:534][ 14]LogPlayLevel: Display: Destroying online subsystem :Context_4
[2021.02.05-11.52.14:956][ 99]LogSlate: Took 0.000146 seconds to synchronously load lazily loaded font '../../../Engine/Content/Slate/Fonts/Roboto-Light.ttf' (167K)
[2021.02.05-11.52.14:988][ 99]LogUObjectHash: Compacting FUObjectHashTables data took   0.55ms
[2021.02.05-11.52.15:013][ 99]LogSavePackage: Moving '../../../../../../Users/Morgan/Desktop/UnrealAnimationPracticeVids/UnrealAnimationPracticeVids/MyProject/Saved/ThirdPersonExampleMap7CA80D5048EE64AF0098B88148ABC266.tmp' to '../../../../../../Users/Morgan/Desktop/UnrealAnimationPracticeVids/UnrealAnimationPracticeVids/MyProject/Content/ThirdPersonCPP/Maps/ThirdPersonExampleMap.umap'
[2021.02.05-11.52.15:126][ 99]LogSavePackage: Moving '../../../../../../Users/Morgan/Desktop/UnrealAnimationPracticeVids/UnrealAnimationPracticeVids/MyProject/Saved/ThirdPersonExampleMap_BuiltData29CDF8E34F6590C1208F76A88976E6EB.tmp' to '../../../../../../Users/Morgan/Desktop/UnrealAnimationPracticeVids/UnrealAnimationPracticeVids/MyProject/Content/ThirdPersonCPP/Maps/ThirdPersonExampleMap_BuiltData.uasset'
[2021.02.05-11.52.15:138][ 99]AssetCheck: New page: Asset Save: multiple assets
[2021.02.05-11.52.15:139][ 99]LogContentValidation: Display: Validating World /Game/ThirdPersonCPP/Maps/ThirdPersonExampleMap.ThirdPersonExampleMap
[2021.02.05-11.52.15:139][ 99]LogContentValidation: Display: Validating MapBuildDataRegistry /Game/ThirdPersonCPP/Maps/ThirdPersonExampleMap_BuiltData.ThirdPersonExampleMap_BuiltData
[2021.02.05-11.52.15:885][146]LogEditorViewport: Clicking on Actor (LMB): ThirdPersonCharacter_C (ThirdPersonCharacter2)
[2021.02.05-11.52.16:470][175]LogEditorViewport: Clicking on Actor (LMB): StaticMeshActor (Floor)
[2021.02.05-11.52.17:087][210]LogEditorViewport: Clicking on Actor (LMB): StaticMeshActor (Bump_StaticMesh)
[2021.02.05-11.52.30:046][622]Candidate modules for hot reload:
[2021.02.05-11.52.30:046][622]  MyProject
[2021.02.05-11.52.30:046][622]Launching UnrealBuildTool... [C:/Program Files/Epic Games/UE_4.25/Engine/Binaries/DotNET/UnrealBuildTool.exe  -ModuleWithSuffix=MyProject,304 MyProjectEditor Win64 Development -Project="C:/Users/Morgan/Desktop/UnrealAnimationPracticeVids/UnrealAnimationPracticeVids/MyProject/MyProject.uproject" "C:/Users/Morgan/Desktop/UnrealAnimationPracticeVids/UnrealAnimationPracticeVids/MyProject/MyProject.uproject"  -IgnoreJunk]
[2021.02.05-11.52.30:083][622]Warning: Starting HotReload took  0.1s.
[2021.02.05-11.52.35:366][926]LogEditorViewport: Clicking on Actor (LMB): StaticMeshActor (LeftArm_StaticMesh)
[2021.02.05-11.52.37:017][ 24]LogEditorViewport: Clicking on Actor (LMB): StaticMeshActor (Bump_StaticMesh)
[2021.02.05-11.52.43:339][402]CompilerResultsLog: New page: Compilation - 5 Feb 2021, 11:52:43
[2021.02.05-11.52.43:339][402]CompilerResultsLog: Using 'git status' to determine working set for adaptive non-unity build (C:\Users\Morgan\Desktop\UnrealAnimationPracticeVids\UnrealAnimationPracticeVids).
[2021.02.05-11.52.43:339][402]CompilerResultsLog: Building MyProjectEditor...
[2021.02.05-11.52.43:339][402]CompilerResultsLog: Using Visual Studio 2019 14.28.29336 toolchain (C:\Program Files (x86)\Microsoft Visual Studio\2019\Community\VC\Tools\MSVC\14.28.29333) and Windows 10.0.18362.0 SDK (C:\Program Files (x86)\Windows Kits\10).
[2021.02.05-11.52.43:340][402]CompilerResultsLog: [Upgrade]
[2021.02.05-11.52.43:340][402]CompilerResultsLog: [Upgrade] Using backward-compatible build settings. The latest version of UE4 sets the following values by default, which may require code changes:
[2021.02.05-11.52.43:340][402]CompilerResultsLog: [Upgrade]     bLegacyPublicIncludePaths = false                 => Omits subfolders from public include paths to reduce compiler command line length. (Previously: true).
[2021.02.05-11.52.43:340][402]CompilerResultsLog: [Upgrade]     ShadowVariableWarningLevel = WarningLevel.Error   => Treats shadowed variable warnings as errors. (Previously: WarningLevel.Warning).
[2021.02.05-11.52.43:340][402]CompilerResultsLog: [Upgrade]     PCHUsage = PCHUsageMode.UseExplicitOrSharedPCHs   => Set in build.cs files to enables IWYU-style PCH model. See https://docs.unrealengine.com/en-US/Programming/BuildTools/UnrealBuildTool/IWYU/index.html. (Previously: PCHUsageMode.UseSharedPCHs).
[2021.02.05-11.52.43:340][402]CompilerResultsLog: [Upgrade] Suppress this message by setting 'DefaultBuildSettings = BuildSettingsVersion.V2;' in MyProjectEditor.Target.cs, and explicitly overriding settings that differ from the new defaults.
[2021.02.05-11.52.43:340][402]CompilerResultsLog: [Upgrade]
[2021.02.05-11.52.43:340][402]CompilerResultsLog: Building 4 actions with 20 processes...
[2021.02.05-11.52.43:340][402]CompilerResultsLog:   [1/4] MyProjectCharacter.cpp
[2021.02.05-11.52.43:340][402]CompilerResultsLog:   C:\Users\Morgan\Desktop\UnrealAnimationPracticeVids\UnrealAnimationPracticeVids\MyProject\Source\MyProject\MyProjectCharacter.cpp(538): warning C4459: declaration of 'LogLevel' hides global declaration
[2021.02.05-11.52.43:340][402]CompilerResultsLog:   C:\Program Files\Epic Games\UE_4.25\Engine\Source\Runtime\Engine\Public\EngineLogs.h(18): note: see declaration of 'LogLevel'
[2021.02.05-11.52.43:340][402]CompilerResultsLog:   C:\Users\Morgan\Desktop\UnrealAnimationPracticeVids\UnrealAnimationPracticeVids\MyProject\Source\MyProject\MyProjectCharacter.cpp(543): warning C4459: declaration of 'LogLevel' hides global declaration
[2021.02.05-11.52.43:340][402]CompilerResultsLog:   C:\Program Files\Epic Games\UE_4.25\Engine\Source\Runtime\Engine\Public\EngineLogs.h(18): note: see declaration of 'LogLevel'
[2021.02.05-11.52.43:341][402]CompilerResultsLog:   [2/4] UE4Editor-MyProject-0304.lib
[2021.02.05-11.52.43:341][402]CompilerResultsLog:      Creating library C:\Users\Morgan\Desktop\UnrealAnimationPracticeVids\UnrealAnimationPracticeVids\MyProject\Intermediate\Build\Win64\UE4Editor\Development\MyProject\UE4Editor-MyProject-0304.lib and object C:\Users\Morgan\Desktop\UnrealAnimationPracticeVids\UnrealAnimationPracticeVids\MyProject\Intermediate\Build\Win64\UE4Editor\Development\MyProject\UE4Editor-MyProject-0304.exp
[2021.02.05-11.52.43:341][402]CompilerResultsLog:   [3/4] UE4Editor-MyProject-0304.dll
[2021.02.05-11.52.43:341][402]CompilerResultsLog:      Creating library C:\Users\Morgan\Desktop\UnrealAnimationPracticeVids\UnrealAnimationPracticeVids\MyProject\Intermediate\Build\Win64\UE4Editor\Development\MyProject\UE4Editor-MyProject-0304.suppressed.lib and object C:\Users\Morgan\Desktop\UnrealAnimationPracticeVids\UnrealAnimationPracticeVids\MyProject\Intermediate\Build\Win64\UE4Editor\Development\MyProject\UE4Editor-MyProject-0304.suppressed.exp
[2021.02.05-11.52.43:341][402]CompilerResultsLog:   [4/4] MyProjectEditor.target
[2021.02.05-11.52.43:341][402]CompilerResultsLog: Total time in Parallel executor: 12.49 seconds
[2021.02.05-11.52.43:341][402]CompilerResultsLog: Total execution time: 13.16 seconds
[2021.02.05-11.52.43:341][402]LogMainFrame: MainFrame: Module compiling took 13.300 seconds
[2021.02.05-11.52.43:354][402]LogContentBrowser: Native class hierarchy populated in 0.0082 seconds. Added 3447 classes and 837 folders.
[2021.02.05-11.52.43:355][402]Display: HotReload took 13.3s.
[2021.02.05-11.52.44:874][494]LogTemp: Repeating last play command: New Editor Window (PIE)
[2021.02.05-11.52.44:892][494]LogPlayLevel: PlayLevel: No blueprints needed recompiling
[2021.02.05-11.52.44:892][494]PIE: New page: PIE session: ThirdPersonExampleMap (5 Feb 2021, 11:52:44)
[2021.02.05-11.52.44:892][494]LogPlayLevel: Creating play world package: /Game/ThirdPersonCPP/Maps/UEDPIE_0_ThirdPersonExampleMap
[2021.02.05-11.52.44:901][494]LogPlayLevel: PIE: StaticDuplicateObject took: (0.008446s)
[2021.02.05-11.52.44:902][494]LogAIModule: Creating AISystem for world ThirdPersonExampleMap
[2021.02.05-11.52.44:902][494]LogAISub: UAISubsystem::UAISubsystem EnvQueryManager (000001A12B3C4E00), frame # 2494
[2021.02.05-11.52.44:902][494]LogAISub: UAISubsystem::UAISubsystem AIPerceptionSystem (000001A10895D940), frame # 2494
[2021.02.05-11.52.44:903][494]LogPlayLevel: PIE: World Init took: (0.001482s)
[2021.02.05-11.52.44:903][494]LogPlayLevel: PIE: Created PIE world by copying editor world from /Game/ThirdPersonCPP/Maps/ThirdPersonExampleMap.ThirdPersonExampleMap to /Game/ThirdPersonCPP/Maps/UEDPIE_0_ThirdPersonExampleMap.ThirdPersonExampleMap (0.010344s)
[2021.02.05-11.52.44:923][494]LogUObjectHash: Compacting FUObjectHashTables data took   0.63ms
[2021.02.05-11.52.44:925][494]LogAudioMixer: Display: Audio Mixer Platform Settings:
[2021.02.05-11.52.44:925][494]LogAudioMixer: Display: 	Sample Rate:						  48000
[2021.02.05-11.52.44:925][494]LogAudioMixer: Display: 	Callback Buffer Frame Size Requested: 1024
[2021.02.05-11.52.44:925][494]LogAudioMixer: Display: 	Callback Buffer Frame Size To Use:	  1024
[2021.02.05-11.52.44:925][494]LogAudioMixer: Display: 	Number of buffers to queue:			  2
[2021.02.05-11.52.44:925][494]LogAudioMixer: Display: 	Max Channels (voices):				  32
[2021.02.05-11.52.44:925][494]LogAudioMixer: Display: 	Number of Async Source Workers:		  0
[2021.02.05-11.52.44:925][494]LogAudio: Display: AudioDevice MaxSources: 32
[2021.02.05-11.52.44:925][494]LogAudio: Display: Using built-in audio occlusion.
[2021.02.05-11.52.44:926][494]LogAudioMixer: Display: Initializing audio mixer.
[2021.02.05-11.52.44:929][494]LogAudioMixer: Display: 0: FrontLeft
[2021.02.05-11.52.44:929][494]LogAudioMixer: Display: 1: FrontRight
[2021.02.05-11.52.44:954][494]LogAudioMixer: Display: Using Audio Device BenQ GL2580 (NVIDIA High Definition Audio)
[2021.02.05-11.52.44:954][494]LogAudioMixer: Display: Initializing Sound Submixes...
[2021.02.05-11.52.44:954][494]LogAudioMixer: Display: Creating Master Submix 'MasterSubmixDefault'
[2021.02.05-11.52.44:954][494]LogAudioMixer: Display: Creating Master Submix 'MasterReverbSubmixDefault'
[2021.02.05-11.52.44:955][494]LogAudioMixer: Display: Creating Master Submix 'MasterEQSubmixDefault'
[2021.02.05-11.52.44:967][494]LogInit: FAudioDevice initialized.
[2021.02.05-11.52.45:011][494]LogSlate: Updating window title bar state: overlay mode, drag disabled, window buttons hidden, title bar hidden
[2021.02.05-11.52.45:011][494]LogLoad: Game class is 'BP_GameMode_C'
[2021.02.05-11.52.45:013][494]LogWorld: Bringing World /Game/ThirdPersonCPP/Maps/UEDPIE_0_ThirdPersonExampleMap.ThirdPersonExampleMap up for play (max tick rate 0) at 2021.02.05-11.52.45
[2021.02.05-11.52.45:013][494]LogWorld: Bringing up level for play took: 0.001196
[2021.02.05-11.52.45:013][494]LogOnline: OSS: Creating online subsystem instance for: :Context_6
[2021.02.05-11.52.45:017][494]PIE: Server logged in
[2021.02.05-11.52.45:019][494]PIE: Play in editor total start time 0.13 seconds.
[2021.02.05-11.52.53:604][  5]LogSlate: Updating window title bar state: overlay mode, drag disabled, window buttons hidden, title bar hidden
[2021.02.05-11.52.53:605][  5]LogWorld: BeginTearingDown for /Game/ThirdPersonCPP/Maps/UEDPIE_0_ThirdPersonExampleMap
[2021.02.05-11.52.53:605][  5]LogSlate: Window 'MyProject Preview [NetMode: Standalone] (64-bit/Windows) ' being destroyed
[2021.02.05-11.52.53:608][  5]LogWorld: UWorld::CleanupWorld for ThirdPersonExampleMap, bSessionEnded=true, bCleanupResources=true
[2021.02.05-11.52.53:608][  5]LogSlate: InvalidateAllWidgets triggered.  All widgets were invalidated
[2021.02.05-11.52.53:617][  5]LogPlayLevel: Display: Shutting down PIE online subsystems
[2021.02.05-11.52.53:618][  5]LogSlate: InvalidateAllWidgets triggered.  All widgets were invalidated
[2021.02.05-11.52.53:658][  5]LogAISub: UAISubsystem::~UAISubsystem AIPerceptionSystem (000001A10895D940), frame # 3005
[2021.02.05-11.52.53:658][  5]LogAISub: UAISubsystem::~UAISubsystem EnvQueryManager (000001A12B3C4E00), frame # 3005
[2021.02.05-11.52.53:659][  5]LogUObjectHash: Compacting FUObjectHashTables data took   0.58ms
[2021.02.05-11.52.53:685][  6]LogPlayLevel: Display: Destroying online subsystem :Context_6
[2021.02.05-11.52.54:600][ 62]LogEditorViewport: Clicking on Actor (LMB): StaticMeshActor (LeftArm_StaticMesh)
[2021.02.05-11.52.55:135][ 93]LogEditorViewport: Clicking on Actor (CTRL LMB): StaticMeshActor (Bump_StaticMesh)
[2021.02.05-11.52.55:519][115]LogEditorViewport: Clicking on Actor (CTRL LMB): StaticMeshActor (Linear_Stair_StaticMesh)
[2021.02.05-11.52.56:036][145]LogEditorViewport: Clicking on Actor (CTRL LMB): StaticMeshActor (RightArm_StaticMesh)
[2021.02.05-11.52.57:621][239]LogEditorViewport: Clicking on Actor (CTRL LMB): StaticMeshActor (Ramp_StaticMesh)
[2021.02.05-11.53.21:588][646]LogSlate: Window 'Project Settings' being destroyed
[2021.02.05-11.53.21:610][646]LogSlate: Window 'Project Settings' being destroyed
[2021.02.05-11.53.28:210][ 42]LogTemp: Repeating last play command: New Editor Window (PIE)
[2021.02.05-11.53.28:227][ 42]LogPlayLevel: PlayLevel: No blueprints needed recompiling
[2021.02.05-11.53.28:227][ 42]PIE: New page: PIE session: ThirdPersonExampleMap (5 Feb 2021, 11:53:28)
[2021.02.05-11.53.28:227][ 42]LogPlayLevel: Creating play world package: /Game/ThirdPersonCPP/Maps/UEDPIE_0_ThirdPersonExampleMap
[2021.02.05-11.53.28:236][ 42]LogPlayLevel: PIE: StaticDuplicateObject took: (0.008903s)
[2021.02.05-11.53.28:237][ 42]LogAIModule: Creating AISystem for world ThirdPersonExampleMap
[2021.02.05-11.53.28:237][ 42]LogAISub: UAISubsystem::UAISubsystem EnvQueryManager (000001A128352C00), frame # 5042
[2021.02.05-11.53.28:237][ 42]LogAISub: UAISubsystem::UAISubsystem AIPerceptionSystem (000001A10895D300), frame # 5042
[2021.02.05-11.53.28:238][ 42]LogPlayLevel: PIE: World Init took: (0.001465s)
[2021.02.05-11.53.28:238][ 42]LogPlayLevel: PIE: Created PIE world by copying editor world from /Game/ThirdPersonCPP/Maps/ThirdPersonExampleMap.ThirdPersonExampleMap to /Game/ThirdPersonCPP/Maps/UEDPIE_0_ThirdPersonExampleMap.ThirdPersonExampleMap (0.010797s)
[2021.02.05-11.53.28:252][ 42]LogUObjectHash: Compacting FUObjectHashTables data took   0.56ms
[2021.02.05-11.53.28:254][ 42]LogAudioMixer: Display: Audio Mixer Platform Settings:
[2021.02.05-11.53.28:254][ 42]LogAudioMixer: Display: 	Sample Rate:						  48000
[2021.02.05-11.53.28:254][ 42]LogAudioMixer: Display: 	Callback Buffer Frame Size Requested: 1024
[2021.02.05-11.53.28:254][ 42]LogAudioMixer: Display: 	Callback Buffer Frame Size To Use:	  1024
[2021.02.05-11.53.28:254][ 42]LogAudioMixer: Display: 	Number of buffers to queue:			  2
[2021.02.05-11.53.28:254][ 42]LogAudioMixer: Display: 	Max Channels (voices):				  32
[2021.02.05-11.53.28:254][ 42]LogAudioMixer: Display: 	Number of Async Source Workers:		  0
[2021.02.05-11.53.28:254][ 42]LogAudio: Display: AudioDevice MaxSources: 32
[2021.02.05-11.53.28:255][ 42]LogAudio: Display: Using built-in audio occlusion.
[2021.02.05-11.53.28:255][ 42]LogAudioMixer: Display: Initializing audio mixer.
[2021.02.05-11.53.28:258][ 42]LogAudioMixer: Display: 0: FrontLeft
[2021.02.05-11.53.28:258][ 42]LogAudioMixer: Display: 1: FrontRight
[2021.02.05-11.53.28:286][ 42]LogAudioMixer: Display: Using Audio Device BenQ GL2580 (NVIDIA High Definition Audio)
[2021.02.05-11.53.28:286][ 42]LogAudioMixer: Display: Initializing Sound Submixes...
[2021.02.05-11.53.28:286][ 42]LogAudioMixer: Display: Creating Master Submix 'MasterSubmixDefault'
[2021.02.05-11.53.28:286][ 42]LogAudioMixer: Display: Creating Master Submix 'MasterReverbSubmixDefault'
[2021.02.05-11.53.28:287][ 42]LogAudioMixer: Display: Creating Master Submix 'MasterEQSubmixDefault'
[2021.02.05-11.53.28:299][ 42]LogInit: FAudioDevice initialized.
[2021.02.05-11.53.28:348][ 42]LogSlate: Updating window title bar state: overlay mode, drag disabled, window buttons hidden, title bar hidden
[2021.02.05-11.53.28:348][ 42]LogLoad: Game class is 'BP_GameMode_C'
[2021.02.05-11.53.28:349][ 42]LogWorld: Bringing World /Game/ThirdPersonCPP/Maps/UEDPIE_0_ThirdPersonExampleMap.ThirdPersonExampleMap up for play (max tick rate 0) at 2021.02.05-11.53.28
[2021.02.05-11.53.28:350][ 42]LogWorld: Bringing up level for play took: 0.001198
[2021.02.05-11.53.28:350][ 42]LogOnline: OSS: Creating online subsystem instance for: :Context_7
[2021.02.05-11.53.28:354][ 42]PIE: Server logged in
[2021.02.05-11.53.28:356][ 42]PIE: Play in editor total start time 0.13 seconds.
[2021.02.05-11.53.34:104][383]LogSlate: Updating window title bar state: overlay mode, drag disabled, window buttons hidden, title bar hidden
[2021.02.05-11.53.34:105][383]LogWorld: BeginTearingDown for /Game/ThirdPersonCPP/Maps/UEDPIE_0_ThirdPersonExampleMap
[2021.02.05-11.53.34:105][383]LogSlate: Window 'MyProject Preview [NetMode: Standalone] (64-bit/Windows) ' being destroyed
[2021.02.05-11.53.34:109][383]LogWorld: UWorld::CleanupWorld for ThirdPersonExampleMap, bSessionEnded=true, bCleanupResources=true
[2021.02.05-11.53.34:109][383]LogSlate: InvalidateAllWidgets triggered.  All widgets were invalidated
[2021.02.05-11.53.34:118][383]LogPlayLevel: Display: Shutting down PIE online subsystems
[2021.02.05-11.53.34:120][383]LogSlate: InvalidateAllWidgets triggered.  All widgets were invalidated
[2021.02.05-11.53.34:160][383]LogAISub: UAISubsystem::~UAISubsystem AIPerceptionSystem (000001A10895D300), frame # 5383
[2021.02.05-11.53.34:160][383]LogAISub: UAISubsystem::~UAISubsystem EnvQueryManager (000001A128352C00), frame # 5383
[2021.02.05-11.53.34:161][383]LogUObjectHash: Compacting FUObjectHashTables data took   0.59ms
[2021.02.05-11.53.34:188][384]LogPlayLevel: Display: Destroying online subsystem :Context_7
[2021.02.05-11.53.35:001][433]LogEditorViewport: Clicking on Actor (LMB): StaticMeshActor (LeftArm_StaticMesh)
[2021.02.05-11.53.35:569][466]LogEditorViewport: Clicking on Actor (CTRL LMB): StaticMeshActor (Ramp_StaticMesh)
[2021.02.05-11.53.35:919][486]LogEditorViewport: Clicking on Actor (CTRL LMB): StaticMeshActor (Bump_StaticMesh)
[2021.02.05-11.53.36:286][507]LogEditorViewport: Clicking on Actor (CTRL LMB): StaticMeshActor (Linear_Stair_StaticMesh)
[2021.02.05-11.53.36:786][536]LogEditorViewport: Clicking on Actor (CTRL LMB): StaticMeshActor (RightArm_StaticMesh)
[2021.02.05-11.53.43:110][911]LogUObjectHash: Compacting FUObjectHashTables data took   0.62ms
[2021.02.05-11.53.43:136][911]LogSavePackage: Moving '../../../../../../Users/Morgan/Desktop/UnrealAnimationPracticeVids/UnrealAnimationPracticeVids/MyProject/Saved/ThirdPersonExampleMap4E254D554F998B5847000C87B0A0839E.tmp' to '../../../../../../Users/Morgan/Desktop/UnrealAnimationPracticeVids/UnrealAnimationPracticeVids/MyProject/Content/ThirdPersonCPP/Maps/ThirdPersonExampleMap.umap'
[2021.02.05-11.53.43:217][911]LogSavePackage: Moving '../../../../../../Users/Morgan/Desktop/UnrealAnimationPracticeVids/UnrealAnimationPracticeVids/MyProject/Saved/ThirdPersonExampleMap_BuiltDataDE94082842D8BDFD6ABEA8A547788435.tmp' to '../../../../../../Users/Morgan/Desktop/UnrealAnimationPracticeVids/UnrealAnimationPracticeVids/MyProject/Content/ThirdPersonCPP/Maps/ThirdPersonExampleMap_BuiltData.uasset'
[2021.02.05-11.53.43:228][911]AssetCheck: New page: Asset Save: multiple assets
[2021.02.05-11.53.43:228][911]LogContentValidation: Display: Validating World /Game/ThirdPersonCPP/Maps/ThirdPersonExampleMap.ThirdPersonExampleMap
[2021.02.05-11.53.43:228][911]LogContentValidation: Display: Validating MapBuildDataRegistry /Game/ThirdPersonCPP/Maps/ThirdPersonExampleMap_BuiltData.ThirdPersonExampleMap_BuiltData
[2021.02.05-11.53.45:678][ 58]Candidate modules for hot reload:
[2021.02.05-11.53.45:678][ 58]  MyProject
[2021.02.05-11.53.45:678][ 58]Launching UnrealBuildTool... [C:/Program Files/Epic Games/UE_4.25/Engine/Binaries/DotNET/UnrealBuildTool.exe  -ModuleWithSuffix=MyProject,494 MyProjectEditor Win64 Development -Project="C:/Users/Morgan/Desktop/UnrealAnimationPracticeVids/UnrealAnimationPracticeVids/MyProject/MyProject.uproject" "C:/Users/Morgan/Desktop/UnrealAnimationPracticeVids/UnrealAnimationPracticeVids/MyProject/MyProject.uproject"  -IgnoreJunk]
[2021.02.05-11.53.45:713][ 58]Warning: Starting HotReload took  0.1s.
[2021.02.05-11.53.47:393][146]CompilerResultsLog: New page: Compilation - 5 Feb 2021, 11:53:47
[2021.02.05-11.53.47:393][146]CompilerResultsLog: Using 'git status' to determine working set for adaptive non-unity build (C:\Users\Morgan\Desktop\UnrealAnimationPracticeVids\UnrealAnimationPracticeVids).
[2021.02.05-11.53.47:393][146]CompilerResultsLog: Building MyProjectEditor...
[2021.02.05-11.53.47:393][146]CompilerResultsLog: Using Visual Studio 2019 14.28.29336 toolchain (C:\Program Files (x86)\Microsoft Visual Studio\2019\Community\VC\Tools\MSVC\14.28.29333) and Windows 10.0.18362.0 SDK (C:\Program Files (x86)\Windows Kits\10).
[2021.02.05-11.53.47:393][146]CompilerResultsLog: [Upgrade]
[2021.02.05-11.53.47:393][146]CompilerResultsLog: [Upgrade] Using backward-compatible build settings. The latest version of UE4 sets the following values by default, which may require code changes:
[2021.02.05-11.53.47:393][146]CompilerResultsLog: [Upgrade]     bLegacyPublicIncludePaths = false                 => Omits subfolders from public include paths to reduce compiler command line length. (Previously: true).
[2021.02.05-11.53.47:394][146]CompilerResultsLog: [Upgrade]     ShadowVariableWarningLevel = WarningLevel.Error   => Treats shadowed variable warnings as errors. (Previously: WarningLevel.Warning).
[2021.02.05-11.53.47:394][146]CompilerResultsLog: [Upgrade]     PCHUsage = PCHUsageMode.UseExplicitOrSharedPCHs   => Set in build.cs files to enables IWYU-style PCH model. See https://docs.unrealengine.com/en-US/Programming/BuildTools/UnrealBuildTool/IWYU/index.html. (Previously: PCHUsageMode.UseSharedPCHs).
[2021.02.05-11.53.47:394][146]CompilerResultsLog: [Upgrade] Suppress this message by setting 'DefaultBuildSettings = BuildSettingsVersion.V2;' in MyProjectEditor.Target.cs, and explicitly overriding settings that differ from the new defaults.
[2021.02.05-11.53.47:394][146]CompilerResultsLog: [Upgrade]
[2021.02.05-11.53.47:394][146]CompilerResultsLog: Building 3 actions with 20 processes...
[2021.02.05-11.53.47:394][146]CompilerResultsLog:   [1/3] UE4Editor-MyProject-0494.lib
[2021.02.05-11.53.47:394][146]CompilerResultsLog:      Creating library C:\Users\Morgan\Desktop\UnrealAnimationPracticeVids\UnrealAnimationPracticeVids\MyProject\Intermediate\Build\Win64\UE4Editor\Development\MyProject\UE4Editor-MyProject-0494.lib and object C:\Users\Morgan\Desktop\UnrealAnimationPracticeVids\UnrealAnimationPracticeVids\MyProject\Intermediate\Build\Win64\UE4Editor\Development\MyProject\UE4Editor-MyProject-0494.exp
[2021.02.05-11.53.47:394][146]CompilerResultsLog:   [2/3] UE4Editor-MyProject-0494.dll
[2021.02.05-11.53.47:394][146]CompilerResultsLog:      Creating library C:\Users\Morgan\Desktop\UnrealAnimationPracticeVids\UnrealAnimationPracticeVids\MyProject\Intermediate\Build\Win64\UE4Editor\Development\MyProject\UE4Editor-MyProject-0494.suppressed.lib and object C:\Users\Morgan\Desktop\UnrealAnimationPracticeVids\UnrealAnimationPracticeVids\MyProject\Intermediate\Build\Win64\UE4Editor\Development\MyProject\UE4Editor-MyProject-0494.suppressed.exp
[2021.02.05-11.53.47:394][146]CompilerResultsLog:   [3/3] MyProjectEditor.target
[2021.02.05-11.53.47:394][146]CompilerResultsLog: Total time in Parallel executor: 0.91 seconds
[2021.02.05-11.53.47:395][146]CompilerResultsLog: Total execution time: 1.61 seconds
[2021.02.05-11.53.47:395][146]LogMainFrame: MainFrame: Module compiling took 1.731 seconds
[2021.02.05-11.53.47:409][146]LogContentBrowser: Native class hierarchy populated in 0.0089 seconds. Added 3447 classes and 837 folders.
[2021.02.05-11.53.47:409][146]Display: HotReload took  1.8s.
[2021.02.05-11.53.52:146][418]LogUObjectHash: Compacting FUObjectHashTables data took   0.23ms
[2021.02.05-11.53.54:082][536]LogEditorViewport: Clicking on Actor (LMB): StaticMeshActor (1M_Cube_Chamfer)
[2021.02.05-11.53.54:585][566]LogEditorViewport: Clicking on Actor (LMB): StaticMeshActor (Ramp_StaticMesh)
[2021.02.05-11.53.54:919][585]LogEditorViewport: Clicking on Actor (LMB): StaticMeshActor (1M_Cube_Chamfer)
[2021.02.05-11.53.55:919][641]LogUObjectHash: Compacting FUObjectHashTables data took   0.22ms
[2021.02.05-11.53.55:945][641]LogSavePackage: Moving '../../../../../../Users/Morgan/Desktop/UnrealAnimationPracticeVids/UnrealAnimationPracticeVids/MyProject/Saved/ThirdPersonExampleMap015EBDD9472F6CAB53DAC387441274EA.tmp' to '../../../../../../Users/Morgan/Desktop/UnrealAnimationPracticeVids/UnrealAnimationPracticeVids/MyProject/Content/ThirdPersonCPP/Maps/ThirdPersonExampleMap.umap'
[2021.02.05-11.53.56:024][641]LogSavePackage: Moving '../../../../../../Users/Morgan/Desktop/UnrealAnimationPracticeVids/UnrealAnimationPracticeVids/MyProject/Saved/ThirdPersonExampleMap_BuiltDataC6A864E346CB870543BE54B048D27150.tmp' to '../../../../../../Users/Morgan/Desktop/UnrealAnimationPracticeVids/UnrealAnimationPracticeVids/MyProject/Content/ThirdPersonCPP/Maps/ThirdPersonExampleMap_BuiltData.uasset'
[2021.02.05-11.53.56:034][641]AssetCheck: New page: Asset Save: multiple assets
[2021.02.05-11.53.56:034][641]LogContentValidation: Display: Validating World /Game/ThirdPersonCPP/Maps/ThirdPersonExampleMap.ThirdPersonExampleMap
[2021.02.05-11.53.56:034][641]LogContentValidation: Display: Validating MapBuildDataRegistry /Game/ThirdPersonCPP/Maps/ThirdPersonExampleMap_BuiltData.ThirdPersonExampleMap_BuiltData
[2021.02.05-11.53.57:599][737]LogUObjectHash: Compacting FUObjectHashTables data took   0.23ms
[2021.02.05-11.53.57:670][737]LogSlate: Window 'MyProject - Unreal Editor' being destroyed
[2021.02.05-11.53.57:670][737]LogWindowsTextInputMethodSystem: Display: IME system now deactivated.
[2021.02.05-11.53.57:787][738]Cmd: QUIT_EDITOR
[2021.02.05-11.53.57:787][738]LogCore: Engine exit requested (reason: UUnrealEdEngine::CloseEditor())
[2021.02.05-11.53.57:794][738]LogCore: Engine exit requested (reason: EngineExit() was called; note: exit was already requested)
[2021.02.05-11.53.58:271][738]LogExit: Preparing to exit.
