Log file open, 01/06/21 02:38:59
LogWindows: Failed to load 'aqProf.dll' (GetLastError=126)
LogWindows: File 'aqProf.dll' does not exist
LogWindows: Failed to load 'VtuneApi.dll' (GetLastError=126)
LogWindows: File 'VtuneApi.dll' does not exist
LogWindows: Failed to load 'VtuneApi32e.dll' (GetLastError=126)
LogWindows: File 'VtuneApi32e.dll' does not exist
LogConsoleResponse: Display: Failed to find resolution value strings in scalability ini. Falling back to default.
LogInit: Display: Running engine for game: MyProject
LogPakFile: Registered encryption key '00000000000000000000000000000000': 0 pak files mounted, 0 remain pending
LogPlatformFile: Not using cached read wrapper
LogTaskGraph: Started task graph with 5 named threads and 59 total threads with 3 sets of task threads.
LogStats: Stats thread started at 1.222286
LogD3D11RHI: Loaded GFSDK_Aftermath_Lib.x64.dll
LogICUInternationalization: ICU TimeZone Detection - Raw Offset: +0:00, Platform Override: ''
LogPluginManager: Mounting plugin Paper2D
LogPluginManager: Mounting plugin AISupport
LogPluginManager: Mounting plugin LightPropagationVolume
LogPluginManager: Mounting plugin ActorLayerUtilities
LogPluginManager: Mounting plugin AnimationSharing
LogPluginManager: Mounting plugin CLionSourceCodeAccess
LogPluginManager: Mounting plugin CodeLiteSourceCodeAccess
LogPluginManager: Mounting plugin GitSourceControl
LogPluginManager: Mounting plugin KDevelopSourceCodeAccess
LogPluginManager: Mounting plugin NullSourceCodeAccess
LogPluginManager: Mounting plugin PerforceSourceControl
LogPluginManager: Mounting plugin SubversionSourceControl
LogPluginManager: Mounting plugin UObjectPlugin
LogPluginManager: Mounting plugin VisualStudioCodeSourceCodeAccess
LogPluginManager: Mounting plugin VisualStudioSourceCodeAccess
LogPluginManager: Mounting plugin XCodeSourceCodeAccess
LogPluginManager: Mounting plugin AssetManagerEditor
LogPluginManager: Mounting plugin CryptoKeys
LogPluginManager: Mounting plugin DataValidation
LogPluginManager: Mounting plugin FacialAnimation
LogPluginManager: Mounting plugin GameplayTagsEditor
LogPluginManager: Mounting plugin MacGraphicsSwitching
LogPluginManager: Mounting plugin MaterialAnalyzer
LogPluginManager: Mounting plugin MobileLauncherProfileWizard
LogPluginManager: Mounting plugin PluginBrowser
LogPluginManager: Mounting plugin SpeedTreeImporter
LogPluginManager: Mounting plugin DatasmithContent
LogPluginManager: Mounting plugin VariantManagerContent
LogPluginManager: Mounting plugin AlembicImporter
LogPluginManager: Mounting plugin AppleImageUtils
LogPluginManager: Mounting plugin AppleVision
LogPluginManager: Mounting plugin BackChannel
LogPluginManager: Mounting plugin CharacterAI
LogPluginManager: Mounting plugin GeometryCache
LogPluginManager: Mounting plugin HTML5Networking
LogPluginManager: Mounting plugin ProxyLODPlugin
LogPluginManager: Mounting plugin SkeletalReduction
LogPluginManager: Mounting plugin MagicLeap
LogPluginManager: Mounting plugin MagicLeapMedia
LogPluginManager: Mounting plugin AndroidMedia
LogPluginManager: Mounting plugin AvfMedia
LogPluginManager: Mounting plugin ImgMedia
LogPluginManager: Mounting plugin LinearTimecode
LogPluginManager: Mounting plugin MediaCompositing
LogPluginManager: Mounting plugin MediaPlayerEditor
LogPluginManager: Mounting plugin WebMMedia
LogPluginManager: Mounting plugin WmfMedia
LogPluginManager: Mounting plugin TcpMessaging
LogPluginManager: Mounting plugin UdpMessaging
LogPluginManager: Mounting plugin ActorSequence
LogPluginManager: Mounting plugin LevelSequenceEditor
LogPluginManager: Mounting plugin MatineeToLevelSequence
LogPluginManager: Mounting plugin NetcodeUnitTest
LogPluginManager: Mounting plugin NUTUnrealEngine4
LogPluginManager: Mounting plugin OnlineSubsystemGooglePlay
LogPluginManager: Mounting plugin OnlineSubsystemIOS
LogPluginManager: Mounting plugin OnlineSubsystem
LogPluginManager: Mounting plugin OnlineSubsystemNull
LogPluginManager: Mounting plugin OnlineSubsystemUtils
LogPluginManager: Mounting plugin LauncherChunkInstaller
LogPluginManager: Mounting plugin AndroidDeviceProfileSelector
LogPluginManager: Mounting plugin AndroidMoviePlayer
LogPluginManager: Mounting plugin AndroidPermission
LogPluginManager: Mounting plugin AppleMoviePlayer
LogPluginManager: Mounting plugin ArchVisCharacter
LogPluginManager: Mounting plugin AudioCapture
LogPluginManager: Mounting plugin CableComponent
LogPluginManager: Mounting plugin CustomMeshComponent
LogPluginManager: Mounting plugin EditableMesh
LogPluginManager: Mounting plugin ExampleDeviceProfileSelector
LogPluginManager: Mounting plugin Firebase
LogPluginManager: Mounting plugin GoogleCloudMessaging
LogPluginManager: Mounting plugin IOSDeviceProfileSelector
LogPluginManager: Mounting plugin LinuxDeviceProfileSelector
LogPluginManager: Mounting plugin LocationServicesBPLibrary
LogPluginManager: Mounting plugin MobilePatchingUtils
LogPluginManager: Mounting plugin OculusVR
LogPluginManager: Mounting plugin PhysXVehicles
LogPluginManager: Mounting plugin ProceduralMeshComponent
LogPluginManager: Mounting plugin RuntimePhysXCooking
LogPluginManager: Mounting plugin SignificanceManager
LogPluginManager: Mounting plugin SteamVR
LogPluginManager: Mounting plugin WebMMoviePlayer
LogPluginManager: Mounting plugin WindowsMoviePlayer
LogInit: Using libcurl 7.55.1-DEV
LogInit:  - built for x86_64-pc-win32
LogInit:  - supports SSL with OpenSSL/1.1.1
LogInit:  - supports HTTP deflate (compression) using libz 1.2.8
LogInit:  - other features:
LogInit:      CURL_VERSION_SSL
LogInit:      CURL_VERSION_LIBZ
LogInit:      CURL_VERSION_IPV6
LogInit:      CURL_VERSION_ASYNCHDNS
LogInit:      CURL_VERSION_LARGEFILE
LogInit:      CURL_VERSION_IDN
LogInit:  CurlRequestOptions (configurable via config and command line):
LogInit:  - bVerifyPeer = true  - Libcurl will verify peer certificate
LogInit:  - bUseHttpProxy = false  - Libcurl will NOT use HTTP proxy
LogInit:  - bDontReuseConnections = false  - Libcurl will reuse connections
LogInit:  - MaxHostConnections = 16  - Libcurl will limit the number of connections to a host
LogInit:  - LocalHostAddr = Default
LogInit:  - BufferSize = 65536
LogInit: WinSock: version 1.1 (2.2), MaxSocks=32767, MaxUdp=65467
LogInit: Build: ++UE4+Release-4.22-CL-7053642
LogInit: Engine Version: 4.22.3-7053642+++UE4+Release-4.22
LogInit: Compatible Engine Version: 4.22.0-5660361+++UE4+Release-4.22
LogInit: Net CL: 5660361
LogInit: OS: Windows 10 (Release 2009) (), CPU: Intel(R) Core(TM) i9-10850K CPU @ 3.60GHz, GPU: NVIDIA GeForce RTX 3090
LogInit: Compiled (64-bit): Jun 18 2019 03:09:11
LogInit: Compiled with Visual C++: 19.16.27025.01
LogInit: Build Configuration: Development
LogInit: Branch Name: ++UE4+Release-4.22
LogInit: Command Line:  -skipcompile
LogInit: Base Directory: C:/Program Files/Epic Games/UE_4.22/Engine/Binaries/Win64/
LogInit: Installed Engine Build: 1
LogDevObjectVersion: Number of dev versions registered: 23
LogDevObjectVersion:   Dev-Blueprints (B0D832E4-1F89-4F0D-ACCF-7EB736FD4AA2): 10
LogDevObjectVersion:   Dev-Build (E1C64328-A22C-4D53-A36C-8E866417BD8C): 0
LogDevObjectVersion:   Dev-Core (375EC13C-06E4-48FB-B500-84F0262A717E): 3
LogDevObjectVersion:   Dev-Editor (E4B068ED-F494-42E9-A231-DA0B2E46BB41): 30
LogDevObjectVersion:   Dev-Framework (CFFC743F-43B0-4480-9391-14DF171D2073): 35
LogDevObjectVersion:   Dev-Mobile (B02B49B5-BB20-44E9-A304-32B752E40360): 2
LogDevObjectVersion:   Dev-Networking (A4E4105C-59A1-49B5-A7C5-40C4547EDFEE): 0
LogDevObjectVersion:   Dev-Online (39C831C9-5AE6-47DC-9A44-9C173E1C8E7C): 0
LogDevObjectVersion:   Dev-Physics (78F01B33-EBEA-4F98-B9B4-84EACCB95AA2): 0
LogDevObjectVersion:   Dev-Platform (6631380F-2D4D-43E0-8009-CF276956A95A): 0
LogDevObjectVersion:   Dev-Rendering (12F88B9F-8875-4AFC-A67C-D90C383ABD29): 28
LogDevObjectVersion:   Dev-Sequencer (7B5AE74C-D270-4C10-A958-57980B212A5A): 11
LogDevObjectVersion:   Dev-VR (D7296918-1DD6-4BDD-9DE2-64A83CC13884): 2
LogDevObjectVersion:   Dev-LoadTimes (C2A15278-BFE7-4AFE-6C17-90FF531DF755): 1
LogDevObjectVersion:   Private-Geometry (6EACA3D4-40EC-4CC1-B786-8BED09428FC5): 3
LogDevObjectVersion:   Dev-AnimPhys (29E575DD-E0A3-4627-9D10-D276232CDCEA): 17
LogDevObjectVersion:   Dev-Anim (AF43A65D-7FD3-4947-9873-3E8ED9C1BB05): 2
LogDevObjectVersion:   Dev-ReflectionCapture (6B266CEC-1EC7-4B8F-A30B-E4D90942FC07): 1
LogDevObjectVersion:   Dev-Automation (0DF73D61-A23F-47EA-B727-89E90C41499A): 1
LogDevObjectVersion:   FortniteMain (601D1886-AC64-4F84-AA16-D3DE0DEAC7D6): 25
LogDevObjectVersion:   Dev-Enterprise (9DFFBCD6-494F-0158-E221-12823C92A888): 6
LogDevObjectVersion:   Dev-Niagara (F2AED0AC-9AFE-416F-8664-AA7FFA26D6FC): 1
LogDevObjectVersion:   Dev-Destruction (174F1F0B-B4C6-45A5-B13F-2EE8D0FB917D): 2
LogInit: Presizing for max 16777216 objects, including 0 objects not considered by GC, pre-allocating 0 bytes for permanent pool.
LogInit: Object subsystem initialized
LogConfig: Setting CVar [[con.DebugEarlyDefault:1]]
LogConfig: Setting CVar [[r.setres:1280x720]]
[2021.01.06-02.39.00:598][  0]LogConfig: Setting CVar [[r.VSync:0]]
[2021.01.06-02.39.00:598][  0]LogConfig: Setting CVar [[r.RHICmdBypass:0]]
[2021.01.06-02.39.00:598][  0]LogConfig: Applying CVar settings from Section [/Script/Engine.RendererSettings] File [C:/Users/Morgan/Desktop/UnrealAnimationPracticeVids/UnrealAnimationPracticeVids/MyProject/Saved/Config/Windows/Engine.ini]
[2021.01.06-02.39.00:598][  0]LogConfig: Setting CVar [[r.GPUCrashDebugging:0]]
[2021.01.06-02.39.00:598][  0]LogConfig: Applying CVar settings from Section [/Script/Engine.RendererOverrideSettings] File [C:/Users/Morgan/Desktop/UnrealAnimationPracticeVids/UnrealAnimationPracticeVids/MyProject/Saved/Config/Windows/Engine.ini]
[2021.01.06-02.39.00:598][  0]LogConfig: Applying CVar settings from Section [/Script/Engine.StreamingSettings] File [C:/Users/Morgan/Desktop/UnrealAnimationPracticeVids/UnrealAnimationPracticeVids/MyProject/Saved/Config/Windows/Engine.ini]
[2021.01.06-02.39.00:598][  0]LogConfig: Setting CVar [[s.MinBulkDataSizeForAsyncLoading:131072]]
[2021.01.06-02.39.00:598][  0]LogConfig: Setting CVar [[s.AsyncLoadingThreadEnabled:0]]
[2021.01.06-02.39.00:598][  0]LogConfig: Setting CVar [[s.EventDrivenLoaderEnabled:1]]
[2021.01.06-02.39.00:598][  0]LogConfig: Setting CVar [[s.WarnIfTimeLimitExceeded:0]]
[2021.01.06-02.39.00:598][  0]LogConfig: Setting CVar [[s.TimeLimitExceededMultiplier:1.5]]
[2021.01.06-02.39.00:598][  0]LogConfig: Setting CVar [[s.TimeLimitExceededMinTime:0.005]]
[2021.01.06-02.39.00:598][  0]LogConfig: Setting CVar [[s.UseBackgroundLevelStreaming:1]]
[2021.01.06-02.39.00:598][  0]LogConfig: Setting CVar [[s.PriorityAsyncLoadingExtraTime:15.0]]
[2021.01.06-02.39.00:598][  0]LogConfig: Setting CVar [[s.LevelStreamingActorsUpdateTimeLimit:5.0]]
[2021.01.06-02.39.00:598][  0]LogConfig: Setting CVar [[s.PriorityLevelStreamingActorsUpdateExtraTime:5.0]]
[2021.01.06-02.39.00:599][  0]LogConfig: Setting CVar [[s.LevelStreamingComponentsRegistrationGranularity:10]]
[2021.01.06-02.39.00:599][  0]LogConfig: Setting CVar [[s.UnregisterComponentsTimeLimit:1.0]]
[2021.01.06-02.39.00:599][  0]LogConfig: Setting CVar [[s.LevelStreamingComponentsUnregistrationGranularity:5]]
[2021.01.06-02.39.00:599][  0]LogConfig: Applying CVar settings from Section [/Script/Engine.GarbageCollectionSettings] File [C:/Users/Morgan/Desktop/UnrealAnimationPracticeVids/UnrealAnimationPracticeVids/MyProject/Saved/Config/Windows/Engine.ini]
[2021.01.06-02.39.00:599][  0]LogConfig: Setting CVar [[gc.MaxObjectsNotConsideredByGC:1]]
[2021.01.06-02.39.00:599][  0]LogConfig: Setting CVar [[gc.SizeOfPermanentObjectPool:0]]
[2021.01.06-02.39.00:599][  0]LogConfig: Setting CVar [[gc.FlushStreamingOnGC:0]]
[2021.01.06-02.39.00:599][  0]LogConfig: Setting CVar [[gc.NumRetriesBeforeForcingGC:10]]
[2021.01.06-02.39.00:599][  0]LogConfig: Setting CVar [[gc.AllowParallelGC:1]]
[2021.01.06-02.39.00:599][  0]LogConfig: Setting CVar [[gc.TimeBetweenPurgingPendingKillObjects:61.1]]
[2021.01.06-02.39.00:599][  0]LogConfig: Setting CVar [[gc.MaxObjectsInEditor:16777216]]
[2021.01.06-02.39.00:599][  0]LogConfig: Setting CVar [[gc.IncrementalBeginDestroyEnabled:1]]
[2021.01.06-02.39.00:599][  0]LogConfig: Setting CVar [[gc.CreateGCClusters:1]]
[2021.01.06-02.39.00:599][  0]LogConfig: Setting CVar [[gc.MinGCClusterSize:5]]
[2021.01.06-02.39.00:599][  0]LogConfig: Setting CVar [[gc.ActorClusteringEnabled:0]]
[2021.01.06-02.39.00:599][  0]LogConfig: Setting CVar [[gc.BlueprintClusteringEnabled:0]]
[2021.01.06-02.39.00:599][  0]LogConfig: Setting CVar [[gc.UseDisregardForGCOnDedicatedServers:0]]
[2021.01.06-02.39.00:599][  0]LogConfig: Applying CVar settings from Section [/Script/Engine.NetworkSettings] File [C:/Users/Morgan/Desktop/UnrealAnimationPracticeVids/UnrealAnimationPracticeVids/MyProject/Saved/Config/Windows/Engine.ini]
[2021.01.06-02.39.00:599][  0]LogConfig: Applying CVar settings from Section [/Script/UnrealEd.CookerSettings] File [C:/Users/Morgan/Desktop/UnrealAnimationPracticeVids/UnrealAnimationPracticeVids/MyProject/Saved/Config/Windows/Engine.ini]
[2021.01.06-02.39.00:606][  0]LogConfig: Applying CVar settings from Section [ViewDistanceQuality@3] File [C:/Users/Morgan/Desktop/UnrealAnimationPracticeVids/UnrealAnimationPracticeVids/MyProject/Saved/Config/Windows/Scalability.ini]
[2021.01.06-02.39.00:606][  0]LogConfig: Setting CVar [[r.SkeletalMeshLODBias:0]]
[2021.01.06-02.39.00:606][  0]LogConfig: Setting CVar [[r.ViewDistanceScale:1.0]]
[2021.01.06-02.39.00:606][  0]LogConfig: Applying CVar settings from Section [AntiAliasingQuality@3] File [C:/Users/Morgan/Desktop/UnrealAnimationPracticeVids/UnrealAnimationPracticeVids/MyProject/Saved/Config/Windows/Scalability.ini]
[2021.01.06-02.39.00:606][  0]LogConfig: Setting CVar [[r.PostProcessAAQuality:4]]
[2021.01.06-02.39.00:606][  0]LogConfig: Applying CVar settings from Section [ShadowQuality@3] File [C:/Users/Morgan/Desktop/UnrealAnimationPracticeVids/UnrealAnimationPracticeVids/MyProject/Saved/Config/Windows/Scalability.ini]
[2021.01.06-02.39.00:606][  0]LogConfig: Setting CVar [[r.LightFunctionQuality:1]]
[2021.01.06-02.39.00:606][  0]LogConfig: Setting CVar [[r.ShadowQuality:5]]
[2021.01.06-02.39.00:606][  0]LogConfig: Setting CVar [[r.Shadow.CSM.MaxCascades:10]]
[2021.01.06-02.39.00:606][  0]LogConfig: Setting CVar [[r.Shadow.MaxResolution:2048]]
[2021.01.06-02.39.00:606][  0]LogConfig: Setting CVar [[r.Shadow.MaxCSMResolution:2048]]
[2021.01.06-02.39.00:606][  0]LogConfig: Setting CVar [[r.Shadow.RadiusThreshold:0.01]]
[2021.01.06-02.39.00:607][  0]LogConfig: Setting CVar [[r.Shadow.DistanceScale:1.0]]
[2021.01.06-02.39.00:607][  0]LogConfig: Setting CVar [[r.Shadow.CSM.TransitionScale:1.0]]
[2021.01.06-02.39.00:607][  0]LogConfig: Setting CVar [[r.Shadow.PreShadowResolutionFactor:1.0]]
[2021.01.06-02.39.00:607][  0]LogConfig: Setting CVar [[r.DistanceFieldShadowing:1]]
[2021.01.06-02.39.00:607][  0]LogConfig: Setting CVar [[r.DistanceFieldAO:1]]
[2021.01.06-02.39.00:607][  0]LogConfig: Setting CVar [[r.AOQuality:2]]
[2021.01.06-02.39.00:607][  0]LogConfig: Setting CVar [[r.VolumetricFog:1]]
[2021.01.06-02.39.00:607][  0]LogConfig: Setting CVar [[r.VolumetricFog.GridPixelSize:8]]
[2021.01.06-02.39.00:607][  0]LogConfig: Setting CVar [[r.VolumetricFog.GridSizeZ:128]]
[2021.01.06-02.39.00:607][  0]LogConfig: Setting CVar [[r.VolumetricFog.HistoryMissSupersampleCount:4]]
[2021.01.06-02.39.00:607][  0]LogConfig: Setting CVar [[r.LightMaxDrawDistanceScale:1]]
[2021.01.06-02.39.00:607][  0]LogConfig: Setting CVar [[r.CapsuleShadows:1]]
[2021.01.06-02.39.00:607][  0]LogConfig: Applying CVar settings from Section [PostProcessQuality@3] File [C:/Users/Morgan/Desktop/UnrealAnimationPracticeVids/UnrealAnimationPracticeVids/MyProject/Saved/Config/Windows/Scalability.ini]
[2021.01.06-02.39.00:607][  0]LogConfig: Setting CVar [[r.MotionBlurQuality:4]]
[2021.01.06-02.39.00:607][  0]LogConfig: Setting CVar [[r.AmbientOcclusionMipLevelFactor:0.4]]
[2021.01.06-02.39.00:607][  0]LogConfig: Setting CVar [[r.AmbientOcclusionMaxQuality:100]]
[2021.01.06-02.39.00:607][  0]LogConfig: Setting CVar [[r.AmbientOcclusionLevels:-1]]
[2021.01.06-02.39.00:607][  0]LogConfig: Setting CVar [[r.AmbientOcclusionRadiusScale:1.0]]
[2021.01.06-02.39.00:607][  0]LogConfig: Setting CVar [[r.DepthOfFieldQuality:2]]
[2021.01.06-02.39.00:607][  0]LogConfig: Setting CVar [[r.RenderTargetPoolMin:400]]
[2021.01.06-02.39.00:608][  0]LogConfig: Setting CVar [[r.LensFlareQuality:2]]
[2021.01.06-02.39.00:608][  0]LogConfig: Setting CVar [[r.SceneColorFringeQuality:1]]
[2021.01.06-02.39.00:608][  0]LogConfig: Setting CVar [[r.EyeAdaptationQuality:2]]
[2021.01.06-02.39.00:608][  0]LogConfig: Setting CVar [[r.BloomQuality:5]]
[2021.01.06-02.39.00:608][  0]LogConfig: Setting CVar [[r.FastBlurThreshold:100]]
[2021.01.06-02.39.00:608][  0]LogConfig: Setting CVar [[r.Upscale.Quality:3]]
[2021.01.06-02.39.00:608][  0]LogConfig: Setting CVar [[r.Tonemapper.GrainQuantization:1]]
[2021.01.06-02.39.00:608][  0]LogConfig: Setting CVar [[r.LightShaftQuality:1]]
[2021.01.06-02.39.00:608][  0]LogConfig: Setting CVar [[r.Filter.SizeScale:1]]
[2021.01.06-02.39.00:608][  0]LogConfig: Setting CVar [[r.Tonemapper.Quality:5]]
[2021.01.06-02.39.00:608][  0]LogConfig: Setting CVar [[r.DOF.Gather.AccumulatorQuality:1        ; higher gathering accumulator quality]]
[2021.01.06-02.39.00:608][  0]LogConfig: Setting CVar [[r.DOF.Gather.PostfilterMethod:1          ; Median3x3 postfilering method]]
[2021.01.06-02.39.00:608][  0]LogConfig: Setting CVar [[r.DOF.Gather.EnableBokehSettings:0       ; no bokeh simulation when gathering]]
[2021.01.06-02.39.00:608][  0]LogConfig: Setting CVar [[r.DOF.Gather.RingCount:4                 ; medium number of samples when gathering]]
[2021.01.06-02.39.00:608][  0]LogConfig: Setting CVar [[r.DOF.Scatter.ForegroundCompositing:1    ; additive foreground scattering]]
[2021.01.06-02.39.00:608][  0]LogConfig: Setting CVar [[r.DOF.Scatter.BackgroundCompositing:2    ; additive background scattering]]
[2021.01.06-02.39.00:608][  0]LogConfig: Setting CVar [[r.DOF.Scatter.EnableBokehSettings:1      ; bokeh simulation when scattering]]
[2021.01.06-02.39.00:608][  0]LogConfig: Setting CVar [[r.DOF.Scatter.MaxSpriteRatio:0.1         ; only a maximum of 10% of scattered bokeh]]
[2021.01.06-02.39.00:608][  0]LogConfig: Setting CVar [[r.DOF.Recombine.Quality:1                ; cheap slight out of focus]]
[2021.01.06-02.39.00:608][  0]LogConfig: Setting CVar [[r.DOF.Recombine.EnableBokehSettings:0    ; no bokeh simulation on slight out of focus]]
[2021.01.06-02.39.00:609][  0]LogConfig: Setting CVar [[r.DOF.TemporalAAQuality:1                ; more stable temporal accumulation]]
[2021.01.06-02.39.00:609][  0]LogConfig: Setting CVar [[r.DOF.Kernel.MaxForegroundRadius:0.025]]
[2021.01.06-02.39.00:609][  0]LogConfig: Setting CVar [[r.DOF.Kernel.MaxBackgroundRadius:0.025]]
[2021.01.06-02.39.00:609][  0]LogConfig: Applying CVar settings from Section [TextureQuality@3] File [C:/Users/Morgan/Desktop/UnrealAnimationPracticeVids/UnrealAnimationPracticeVids/MyProject/Saved/Config/Windows/Scalability.ini]
[2021.01.06-02.39.00:609][  0]LogConfig: Setting CVar [[r.Streaming.MipBias:0]]
[2021.01.06-02.39.00:609][  0]LogConfig: Setting CVar [[r.Streaming.AmortizeCPUToGPUCopy:0]]
[2021.01.06-02.39.00:609][  0]LogConfig: Setting CVar [[r.Streaming.MaxNumTexturesToStreamPerFrame:0]]
[2021.01.06-02.39.00:609][  0]LogConfig: Setting CVar [[r.Streaming.Boost:1]]
[2021.01.06-02.39.00:609][  0]LogConfig: Setting CVar [[r.MaxAnisotropy:8]]
[2021.01.06-02.39.00:609][  0]LogConfig: Setting CVar [[r.Streaming.LimitPoolSizeToVRAM:0]]
[2021.01.06-02.39.00:609][  0]LogConfig: Setting CVar [[r.Streaming.PoolSize:1000]]
[2021.01.06-02.39.00:609][  0]LogConfig: Setting CVar [[r.Streaming.MaxEffectiveScreenSize:0]]
[2021.01.06-02.39.00:609][  0]LogConfig: Applying CVar settings from Section [EffectsQuality@3] File [C:/Users/Morgan/Desktop/UnrealAnimationPracticeVids/UnrealAnimationPracticeVids/MyProject/Saved/Config/Windows/Scalability.ini]
[2021.01.06-02.39.00:609][  0]LogConfig: Setting CVar [[r.TranslucencyLightingVolumeDim:64]]
[2021.01.06-02.39.00:609][  0]LogConfig: Setting CVar [[r.RefractionQuality:2]]
[2021.01.06-02.39.00:609][  0]LogConfig: Setting CVar [[r.SSR.Quality:3]]
[2021.01.06-02.39.00:609][  0]LogConfig: Setting CVar [[r.SceneColorFormat:4]]
[2021.01.06-02.39.00:609][  0]LogConfig: Setting CVar [[r.DetailMode:2]]
[2021.01.06-02.39.00:609][  0]LogConfig: Setting CVar [[r.TranslucencyVolumeBlur:1]]
[2021.01.06-02.39.00:609][  0]LogConfig: Setting CVar [[r.MaterialQualityLevel:1 ; High quality]]
[2021.01.06-02.39.00:610][  0]LogConfig: Setting CVar [[r.SSS.Scale:1]]
[2021.01.06-02.39.00:610][  0]LogConfig: Setting CVar [[r.SSS.SampleSet:2]]
[2021.01.06-02.39.00:610][  0]LogConfig: Setting CVar [[r.SSS.Quality:1]]
[2021.01.06-02.39.00:610][  0]LogConfig: Setting CVar [[r.SSS.HalfRes:1]]
[2021.01.06-02.39.00:610][  0]LogConfig: Setting CVar [[r.EmitterSpawnRateScale:1.0]]
[2021.01.06-02.39.00:610][  0]LogConfig: Setting CVar [[r.ParticleLightQuality:2]]
[2021.01.06-02.39.00:610][  0]LogConfig: Applying CVar settings from Section [FoliageQuality@3] File [C:/Users/Morgan/Desktop/UnrealAnimationPracticeVids/UnrealAnimationPracticeVids/MyProject/Saved/Config/Windows/Scalability.ini]
[2021.01.06-02.39.00:610][  0]LogConfig: Setting CVar [[foliage.DensityScale:1.0]]
[2021.01.06-02.39.00:610][  0]LogConfig: Setting CVar [[grass.DensityScale:1.0]]
[2021.01.06-02.39.00:610][  0]LogInit: Selected Device Profile: [Windows]
[2021.01.06-02.39.00:610][  0]LogInit: Applying CVar settings loaded from the selected device profile: [Windows]
[2021.01.06-02.39.00:624][  0]LogHAL: Display: Platform has ~ 32 GB [34252365824 / 34359738368 / 32], which maps to Largest [LargestMinGB=32, LargerMinGB=12, DefaultMinGB=8, SmallerMinGB=6, SmallestMinGB=0)
[2021.01.06-02.39.00:624][  0]LogConfig: Setting CVar [[r.Vulkan.UseRealUBs:0		; Required until we fix HLR fall-out]]
[2021.01.06-02.39.00:625][  0]LogInit: Going up to parent DeviceProfile []
[2021.01.06-02.39.00:625][  0]LogConfig: Applying CVar settings from Section [ViewDistanceQuality@3] File [C:/Users/Morgan/Desktop/UnrealAnimationPracticeVids/UnrealAnimationPracticeVids/MyProject/Saved/Config/Windows/Scalability.ini]
[2021.01.06-02.39.00:625][  0]LogConfig: Setting CVar [[r.SkeletalMeshLODBias:0]]
[2021.01.06-02.39.00:625][  0]LogConfig: Setting CVar [[r.ViewDistanceScale:1.0]]
[2021.01.06-02.39.00:625][  0]LogConfig: Applying CVar settings from Section [AntiAliasingQuality@3] File [C:/Users/Morgan/Desktop/UnrealAnimationPracticeVids/UnrealAnimationPracticeVids/MyProject/Saved/Config/Windows/Scalability.ini]
[2021.01.06-02.39.00:625][  0]LogConfig: Setting CVar [[r.PostProcessAAQuality:4]]
[2021.01.06-02.39.00:625][  0]LogConfig: Applying CVar settings from Section [ShadowQuality@3] File [C:/Users/Morgan/Desktop/UnrealAnimationPracticeVids/UnrealAnimationPracticeVids/MyProject/Saved/Config/Windows/Scalability.ini]
[2021.01.06-02.39.00:625][  0]LogConfig: Setting CVar [[r.LightFunctionQuality:1]]
[2021.01.06-02.39.00:625][  0]LogConfig: Setting CVar [[r.ShadowQuality:5]]
[2021.01.06-02.39.00:625][  0]LogConfig: Setting CVar [[r.Shadow.CSM.MaxCascades:10]]
[2021.01.06-02.39.00:625][  0]LogConfig: Setting CVar [[r.Shadow.MaxResolution:2048]]
[2021.01.06-02.39.00:625][  0]LogConfig: Setting CVar [[r.Shadow.MaxCSMResolution:2048]]
[2021.01.06-02.39.00:625][  0]LogConfig: Setting CVar [[r.Shadow.RadiusThreshold:0.01]]
[2021.01.06-02.39.00:625][  0]LogConfig: Setting CVar [[r.Shadow.DistanceScale:1.0]]
[2021.01.06-02.39.00:625][  0]LogConfig: Setting CVar [[r.Shadow.CSM.TransitionScale:1.0]]
[2021.01.06-02.39.00:625][  0]LogConfig: Setting CVar [[r.Shadow.PreShadowResolutionFactor:1.0]]
[2021.01.06-02.39.00:625][  0]LogConfig: Setting CVar [[r.DistanceFieldShadowing:1]]
[2021.01.06-02.39.00:625][  0]LogConfig: Setting CVar [[r.DistanceFieldAO:1]]
[2021.01.06-02.39.00:625][  0]LogConfig: Setting CVar [[r.AOQuality:2]]
[2021.01.06-02.39.00:626][  0]LogConfig: Setting CVar [[r.VolumetricFog:1]]
[2021.01.06-02.39.00:626][  0]LogConfig: Setting CVar [[r.VolumetricFog.GridPixelSize:8]]
[2021.01.06-02.39.00:626][  0]LogConfig: Setting CVar [[r.VolumetricFog.GridSizeZ:128]]
[2021.01.06-02.39.00:626][  0]LogConfig: Setting CVar [[r.VolumetricFog.HistoryMissSupersampleCount:4]]
[2021.01.06-02.39.00:626][  0]LogConfig: Setting CVar [[r.LightMaxDrawDistanceScale:1]]
[2021.01.06-02.39.00:626][  0]LogConfig: Setting CVar [[r.CapsuleShadows:1]]
[2021.01.06-02.39.00:626][  0]LogConfig: Applying CVar settings from Section [PostProcessQuality@3] File [C:/Users/Morgan/Desktop/UnrealAnimationPracticeVids/UnrealAnimationPracticeVids/MyProject/Saved/Config/Windows/Scalability.ini]
[2021.01.06-02.39.00:626][  0]LogConfig: Setting CVar [[r.MotionBlurQuality:4]]
[2021.01.06-02.39.00:626][  0]LogConfig: Setting CVar [[r.AmbientOcclusionMipLevelFactor:0.4]]
[2021.01.06-02.39.00:626][  0]LogConfig: Setting CVar [[r.AmbientOcclusionMaxQuality:100]]
[2021.01.06-02.39.00:626][  0]LogConfig: Setting CVar [[r.AmbientOcclusionLevels:-1]]
[2021.01.06-02.39.00:626][  0]LogConfig: Setting CVar [[r.AmbientOcclusionRadiusScale:1.0]]
[2021.01.06-02.39.00:626][  0]LogConfig: Setting CVar [[r.DepthOfFieldQuality:2]]
[2021.01.06-02.39.00:626][  0]LogConfig: Setting CVar [[r.RenderTargetPoolMin:400]]
[2021.01.06-02.39.00:626][  0]LogConfig: Setting CVar [[r.LensFlareQuality:2]]
[2021.01.06-02.39.00:626][  0]LogConfig: Setting CVar [[r.SceneColorFringeQuality:1]]
[2021.01.06-02.39.00:626][  0]LogConfig: Setting CVar [[r.EyeAdaptationQuality:2]]
[2021.01.06-02.39.00:626][  0]LogConfig: Setting CVar [[r.BloomQuality:5]]
[2021.01.06-02.39.00:626][  0]LogConfig: Setting CVar [[r.FastBlurThreshold:100]]
[2021.01.06-02.39.00:627][  0]LogConfig: Setting CVar [[r.Upscale.Quality:3]]
[2021.01.06-02.39.00:627][  0]LogConfig: Setting CVar [[r.Tonemapper.GrainQuantization:1]]
[2021.01.06-02.39.00:627][  0]LogConfig: Setting CVar [[r.LightShaftQuality:1]]
[2021.01.06-02.39.00:627][  0]LogConfig: Setting CVar [[r.Filter.SizeScale:1]]
[2021.01.06-02.39.00:627][  0]LogConfig: Setting CVar [[r.Tonemapper.Quality:5]]
[2021.01.06-02.39.00:627][  0]LogConfig: Setting CVar [[r.DOF.Gather.AccumulatorQuality:1        ; higher gathering accumulator quality]]
[2021.01.06-02.39.00:627][  0]LogConfig: Setting CVar [[r.DOF.Gather.PostfilterMethod:1          ; Median3x3 postfilering method]]
[2021.01.06-02.39.00:627][  0]LogConfig: Setting CVar [[r.DOF.Gather.EnableBokehSettings:0       ; no bokeh simulation when gathering]]
[2021.01.06-02.39.00:627][  0]LogConfig: Setting CVar [[r.DOF.Gather.RingCount:4                 ; medium number of samples when gathering]]
[2021.01.06-02.39.00:627][  0]LogConfig: Setting CVar [[r.DOF.Scatter.ForegroundCompositing:1    ; additive foreground scattering]]
[2021.01.06-02.39.00:627][  0]LogConfig: Setting CVar [[r.DOF.Scatter.BackgroundCompositing:2    ; additive background scattering]]
[2021.01.06-02.39.00:627][  0]LogConfig: Setting CVar [[r.DOF.Scatter.EnableBokehSettings:1      ; bokeh simulation when scattering]]
[2021.01.06-02.39.00:627][  0]LogConfig: Setting CVar [[r.DOF.Scatter.MaxSpriteRatio:0.1         ; only a maximum of 10% of scattered bokeh]]
[2021.01.06-02.39.00:627][  0]LogConfig: Setting CVar [[r.DOF.Recombine.Quality:1                ; cheap slight out of focus]]
[2021.01.06-02.39.00:627][  0]LogConfig: Setting CVar [[r.DOF.Recombine.EnableBokehSettings:0    ; no bokeh simulation on slight out of focus]]
[2021.01.06-02.39.00:627][  0]LogConfig: Setting CVar [[r.DOF.TemporalAAQuality:1                ; more stable temporal accumulation]]
[2021.01.06-02.39.00:627][  0]LogConfig: Setting CVar [[r.DOF.Kernel.MaxForegroundRadius:0.025]]
[2021.01.06-02.39.00:627][  0]LogConfig: Setting CVar [[r.DOF.Kernel.MaxBackgroundRadius:0.025]]
[2021.01.06-02.39.00:627][  0]LogConfig: Applying CVar settings from Section [TextureQuality@3] File [C:/Users/Morgan/Desktop/UnrealAnimationPracticeVids/UnrealAnimationPracticeVids/MyProject/Saved/Config/Windows/Scalability.ini]
[2021.01.06-02.39.00:628][  0]LogConfig: Setting CVar [[r.Streaming.MipBias:0]]
[2021.01.06-02.39.00:628][  0]LogConfig: Setting CVar [[r.Streaming.AmortizeCPUToGPUCopy:0]]
[2021.01.06-02.39.00:628][  0]LogConfig: Setting CVar [[r.Streaming.MaxNumTexturesToStreamPerFrame:0]]
[2021.01.06-02.39.00:628][  0]LogConfig: Setting CVar [[r.Streaming.Boost:1]]
[2021.01.06-02.39.00:628][  0]LogConfig: Setting CVar [[r.MaxAnisotropy:8]]
[2021.01.06-02.39.00:628][  0]LogConfig: Setting CVar [[r.Streaming.LimitPoolSizeToVRAM:0]]
[2021.01.06-02.39.00:628][  0]LogConfig: Setting CVar [[r.Streaming.PoolSize:1000]]
[2021.01.06-02.39.00:628][  0]LogConfig: Setting CVar [[r.Streaming.MaxEffectiveScreenSize:0]]
[2021.01.06-02.39.00:628][  0]LogConfig: Applying CVar settings from Section [EffectsQuality@3] File [C:/Users/Morgan/Desktop/UnrealAnimationPracticeVids/UnrealAnimationPracticeVids/MyProject/Saved/Config/Windows/Scalability.ini]
[2021.01.06-02.39.00:628][  0]LogConfig: Setting CVar [[r.TranslucencyLightingVolumeDim:64]]
[2021.01.06-02.39.00:628][  0]LogConfig: Setting CVar [[r.RefractionQuality:2]]
[2021.01.06-02.39.00:628][  0]LogConfig: Setting CVar [[r.SSR.Quality:3]]
[2021.01.06-02.39.00:628][  0]LogConfig: Setting CVar [[r.SceneColorFormat:4]]
[2021.01.06-02.39.00:628][  0]LogConfig: Setting CVar [[r.DetailMode:2]]
[2021.01.06-02.39.00:628][  0]LogConfig: Setting CVar [[r.TranslucencyVolumeBlur:1]]
[2021.01.06-02.39.00:628][  0]LogConfig: Setting CVar [[r.MaterialQualityLevel:1 ; High quality]]
[2021.01.06-02.39.00:628][  0]LogConfig: Setting CVar [[r.SSS.Scale:1]]
[2021.01.06-02.39.00:628][  0]LogConfig: Setting CVar [[r.SSS.SampleSet:2]]
[2021.01.06-02.39.00:629][  0]LogConfig: Setting CVar [[r.SSS.Quality:1]]
[2021.01.06-02.39.00:629][  0]LogConfig: Setting CVar [[r.SSS.HalfRes:1]]
[2021.01.06-02.39.00:629][  0]LogConfig: Setting CVar [[r.EmitterSpawnRateScale:1.0]]
[2021.01.06-02.39.00:629][  0]LogConfig: Setting CVar [[r.ParticleLightQuality:2]]
[2021.01.06-02.39.00:629][  0]LogConfig: Applying CVar settings from Section [FoliageQuality@3] File [C:/Users/Morgan/Desktop/UnrealAnimationPracticeVids/UnrealAnimationPracticeVids/MyProject/Saved/Config/Windows/Scalability.ini]
[2021.01.06-02.39.00:629][  0]LogConfig: Setting CVar [[foliage.DensityScale:1.0]]
[2021.01.06-02.39.00:629][  0]LogConfig: Setting CVar [[grass.DensityScale:1.0]]
[2021.01.06-02.39.00:629][  0]LogConfig: Applying CVar settings from Section [Startup] File [../../../Engine/Config/ConsoleVariables.ini]
[2021.01.06-02.39.00:629][  0]LogConfig: Setting CVar [[net.UseAdaptiveNetUpdateFrequency:0]]
[2021.01.06-02.39.00:629][  0]LogConfig: Setting CVar [[p.chaos.AllowCreatePhysxBodies:1]]
[2021.01.06-02.39.00:629][  0]LogConfig: Applying CVar settings from Section [ConsoleVariables] File [C:/Users/Morgan/Desktop/UnrealAnimationPracticeVids/UnrealAnimationPracticeVids/MyProject/Saved/Config/Windows/Engine.ini]
[2021.01.06-02.39.00:629][  0]LogInit: Computer: DESKTOP-A1LV5LA
[2021.01.06-02.39.00:630][  0]LogInit: User: Morgan
[2021.01.06-02.39.00:630][  0]LogInit: CPU Page size=4096, Cores=10
[2021.01.06-02.39.00:630][  0]LogInit: High frequency timer resolution =10.000000 MHz
[2021.01.06-02.39.00:630][  0]LogMemory: Memory total: Physical=31.9GB (32GB approx)
[2021.01.06-02.39.00:630][  0]LogMemory: Platform Memory Stats for Windows
[2021.01.06-02.39.00:630][  0]LogMemory: Process Physical Memory: 100.90 MB used, 100.91 MB peak
[2021.01.06-02.39.00:630][  0]LogMemory: Process Virtual Memory: 91.62 MB used, 91.62 MB peak
[2021.01.06-02.39.00:630][  0]LogMemory: Physical Memory: 12645.88 MB used,  20019.72 MB free, 32665.60 MB total
[2021.01.06-02.39.00:630][  0]LogMemory: Virtual Memory: 4696.39 MB used,  134213032.00 MB free, 134217728.00 MB total
[2021.01.06-02.39.00:971][  0]LogInit: Using OS detected language (en-GB).
[2021.01.06-02.39.00:971][  0]LogInit: Using OS detected locale (en-GB).
[2021.01.06-02.39.00:973][  0]LogTextLocalizationManager: No specific localization for 'en-GB' exists, so the 'en' localization will be used.
[2021.01.06-02.39.01:223][  0]LogInit: Setting process to per monitor DPI aware
[2021.01.06-02.39.01:281][  0]LogSlate: New Slate User Created.  User Index 0, Is Virtual User: 0
[2021.01.06-02.39.01:281][  0]LogSlate: Slate User Registered.  User Index 0, Is Virtual User: 0
[2021.01.06-02.39.02:135][  0]LogHMD: Failed to initialize OpenVR with code 110
[2021.01.06-02.39.02:135][  0]LogD3D11RHI: D3D11 adapters:
[2021.01.06-02.39.02:254][  0]LogD3D11RHI:    0. 'NVIDIA GeForce RTX 3090' (Feature Level 11_0)
[2021.01.06-02.39.02:254][  0]LogD3D11RHI:       24348/0/16332 MB DedicatedVideo/DedicatedSystem/SharedSystem, Outputs:2, VendorId:0x10de
[2021.01.06-02.39.02:260][  0]LogD3D11RHI:    1. 'Microsoft Basic Render Driver' (Feature Level 11_0)
[2021.01.06-02.39.02:260][  0]LogD3D11RHI:       0/0/16332 MB DedicatedVideo/DedicatedSystem/SharedSystem, Outputs:0, VendorId:0x1414
[2021.01.06-02.39.02:260][  0]LogD3D11RHI: Chosen D3D11 Adapter: 0
[2021.01.06-02.39.02:267][  0]LogD3D11RHI: Creating new Direct3DDevice
[2021.01.06-02.39.02:267][  0]LogD3D11RHI:     GPU DeviceId: 0x2204 (for the marketing name, search the web for "GPU Device Id")
[2021.01.06-02.39.02:267][  0]LogWindows: EnumDisplayDevices:
[2021.01.06-02.39.02:268][  0]LogWindows:    0. 'NVIDIA GeForce RTX 3090' (P:0 D:1)
[2021.01.06-02.39.02:268][  0]LogWindows:    1. 'NVIDIA GeForce RTX 3090' (P:1 D:1)
[2021.01.06-02.39.02:268][  0]LogWindows:    2. 'NVIDIA GeForce RTX 3090' (P:0 D:0)
[2021.01.06-02.39.02:268][  0]LogWindows:    3. 'NVIDIA GeForce RTX 3090' (P:0 D:0)
[2021.01.06-02.39.02:269][  0]LogWindows: DebugString: FoundDriverCount:4 
[2021.01.06-02.39.02:269][  0]LogD3D11RHI:     Adapter Name: NVIDIA GeForce RTX 3090
[2021.01.06-02.39.02:269][  0]LogD3D11RHI:   Driver Version: 460.89 (internal:27.21.14.6089, unified:460.89)
[2021.01.06-02.39.02:269][  0]LogD3D11RHI:      Driver Date: 12-11-2020
[2021.01.06-02.39.02:269][  0]LogRHI: Texture pool is 17043 MB (70% of 24348 MB)
[2021.01.06-02.39.02:357][  0]LogD3D11RHI: Async texture creation enabled
[2021.01.06-02.39.02:364][  0]LogRendererCore: FGlobalReadBuffer::InitRHI
[2021.01.06-02.39.02:365][  0]LogRendererCore: FGlobalReadBuffer::InitRHI
[2021.01.06-02.39.02:365][  0]LogRendererCore: FGlobalReadBuffer::InitRHI
[2021.01.06-02.39.02:379][  0]LogD3D11RHI: GPU Timing Frequency: 1000.000000 (Debug: 2 2)
[2021.01.06-02.39.02:659][  0]LogTemp: Display: Module 'AllDesktopTargetPlatform' loaded TargetPlatform 'AllDesktop'
[2021.01.06-02.39.02:681][  0]LogTemp: Display: Module 'MacClientTargetPlatform' loaded TargetPlatform 'MacClient'
[2021.01.06-02.39.02:704][  0]LogTemp: Display: Module 'MacNoEditorTargetPlatform' loaded TargetPlatform 'MacNoEditor'
[2021.01.06-02.39.02:727][  0]LogTemp: Display: Module 'MacServerTargetPlatform' loaded TargetPlatform 'MacServer'
[2021.01.06-02.39.02:751][  0]LogTemp: Display: Module 'MacTargetPlatform' loaded TargetPlatform 'Mac'
[2021.01.06-02.39.02:774][  0]LogTemp: Display: Module 'WindowsClientTargetPlatform' loaded TargetPlatform 'WindowsClient'
[2021.01.06-02.39.02:797][  0]LogTemp: Display: Module 'WindowsNoEditorTargetPlatform' loaded TargetPlatform 'WindowsNoEditor'
[2021.01.06-02.39.02:821][  0]LogTemp: Display: Module 'WindowsServerTargetPlatform' loaded TargetPlatform 'WindowsServer'
[2021.01.06-02.39.02:838][  0]LogTemp: Display: Module 'WindowsTargetPlatform' loaded TargetPlatform 'Windows'
[2021.01.06-02.39.02:929][  0]LogTemp: Display: Module 'AndroidTargetPlatform' loaded TargetPlatform 'Android'
[2021.01.06-02.39.02:929][  0]LogTemp: Display: Module 'AndroidTargetPlatform' loaded TargetPlatform 'Android_ASTC'
[2021.01.06-02.39.02:929][  0]LogTemp: Display: Module 'AndroidTargetPlatform' loaded TargetPlatform 'Android_ATC'
[2021.01.06-02.39.02:929][  0]LogTemp: Display: Module 'AndroidTargetPlatform' loaded TargetPlatform 'Android_DXT'
[2021.01.06-02.39.02:929][  0]LogTemp: Display: Module 'AndroidTargetPlatform' loaded TargetPlatform 'Android_ETC1'
[2021.01.06-02.39.02:929][  0]LogTemp: Display: Module 'AndroidTargetPlatform' loaded TargetPlatform 'Android_ETC1a'
[2021.01.06-02.39.02:929][  0]LogTemp: Display: Module 'AndroidTargetPlatform' loaded TargetPlatform 'Android_ETC2'
[2021.01.06-02.39.02:929][  0]LogTemp: Display: Module 'AndroidTargetPlatform' loaded TargetPlatform 'Android_PVRTC'
[2021.01.06-02.39.02:930][  0]LogTemp: Display: Module 'AndroidTargetPlatform' loaded TargetPlatform 'AndroidClient'
[2021.01.06-02.39.02:930][  0]LogTemp: Display: Module 'AndroidTargetPlatform' loaded TargetPlatform 'Android_ASTCClient'
[2021.01.06-02.39.02:930][  0]LogTemp: Display: Module 'AndroidTargetPlatform' loaded TargetPlatform 'Android_ATCClient'
[2021.01.06-02.39.02:930][  0]LogTemp: Display: Module 'AndroidTargetPlatform' loaded TargetPlatform 'Android_DXTClient'
[2021.01.06-02.39.02:930][  0]LogTemp: Display: Module 'AndroidTargetPlatform' loaded TargetPlatform 'Android_ETC1Client'
[2021.01.06-02.39.02:930][  0]LogTemp: Display: Module 'AndroidTargetPlatform' loaded TargetPlatform 'Android_ETC1aClient'
[2021.01.06-02.39.02:930][  0]LogTemp: Display: Module 'AndroidTargetPlatform' loaded TargetPlatform 'Android_ETC2Client'
[2021.01.06-02.39.02:930][  0]LogTemp: Display: Module 'AndroidTargetPlatform' loaded TargetPlatform 'Android_PVRTCClient'
[2021.01.06-02.39.02:930][  0]LogTemp: Display: Module 'AndroidTargetPlatform' loaded TargetPlatform 'Android_Multi'
[2021.01.06-02.39.02:930][  0]LogTemp: Display: Module 'AndroidTargetPlatform' loaded TargetPlatform 'Android_MultiClient'
[2021.01.06-02.39.02:942][  0]LogTemp: Display: Module 'HTML5TargetPlatform' loaded TargetPlatform 'HTML5'
[2021.01.06-02.39.03:025][  0]LogTemp: Display: Module 'IOSTargetPlatform' loaded TargetPlatform 'IOSClient'
[2021.01.06-02.39.03:025][  0]LogTemp: Display: Module 'IOSTargetPlatform' loaded TargetPlatform 'IOS'
[2021.01.06-02.39.03:058][  0]LogTemp: Display: Module 'TVOSTargetPlatform' loaded TargetPlatform 'TVOSClient'
[2021.01.06-02.39.03:058][  0]LogTemp: Display: Module 'TVOSTargetPlatform' loaded TargetPlatform 'TVOS'
[2021.01.06-02.39.03:081][  0]LogTemp: Display: Module 'LinuxClientTargetPlatform' loaded TargetPlatform 'LinuxClient'
[2021.01.06-02.39.03:103][  0]LogTemp: Display: Module 'LinuxNoEditorTargetPlatform' loaded TargetPlatform 'LinuxNoEditor'
[2021.01.06-02.39.03:124][  0]LogTemp: Display: Module 'LinuxServerTargetPlatform' loaded TargetPlatform 'LinuxServer'
[2021.01.06-02.39.03:151][  0]LogTemp: Display: Module 'LinuxTargetPlatform' loaded TargetPlatform 'Linux'
[2021.01.06-02.39.03:205][  0]LogTemp: Display: Module 'LuminTargetPlatform' loaded TargetPlatform 'Lumin'
[2021.01.06-02.39.03:206][  0]LogTemp: Display: Module 'LuminTargetPlatform' loaded TargetPlatform 'LuminClient'
[2021.01.06-02.39.03:206][  0]LogTargetPlatformManager: Display: Building Assets For Windows
[2021.01.06-02.39.03:239][  0]LogAudioDebug: Display: Lib vorbis DLL was dynamically loaded.
[2021.01.06-02.39.03:484][  0]LogShaderCompilers: Guid format shader working directory is -58 characters bigger than the processId version (../../../../../../Users/Morgan/Desktop/UnrealAnimationPracticeVids/UnrealAnimationPracticeVids/MyProject/Intermediate/Shaders/WorkingDirectory/19532/).
[2021.01.06-02.39.03:485][  0]LogShaderCompilers: Cleaned the shader compiler working directory 'C:/Users/Morgan/AppData/Local/Temp/UnrealShaderWorkingDir/2107FDC040848CB1EC2DE2A940F976C7/'.
[2021.01.06-02.39.03:487][  0]LogXGEController: Cleaning working directory: C:/Users/Morgan/AppData/Local/Temp/UnrealXGEWorkingDir/
[2021.01.06-02.39.03:487][  0]LogXGEController: Cannot use XGE Controller as Incredibuild is not installed on this machine.
[2021.01.06-02.39.03:487][  0]LogShaderCompilers: Cannot use XGE Shader Compiler as Incredibuild is not installed on this machine.
[2021.01.06-02.39.03:487][  0]LogShaderCompilers: Display: Using Local Shader Compiler.
[2021.01.06-02.39.04:529][  0]LogDerivedDataCache: Display: Max Cache Size: 512 MB
[2021.01.06-02.39.04:610][  0]LogDerivedDataCache: Loaded boot cache 0.08s 73MB C:/Users/Morgan/AppData/Local/UnrealEngine/4.22/DerivedDataCache/Boot.ddc.
[2021.01.06-02.39.04:610][  0]LogDerivedDataCache: Display: Loaded Boot cache: C:/Users/Morgan/AppData/Local/UnrealEngine/4.22/DerivedDataCache/Boot.ddc
[2021.01.06-02.39.04:610][  0]LogDerivedDataCache: FDerivedDataBackendGraph:  Pak pak cache file ../../../../../../Users/Morgan/Desktop/UnrealAnimationPracticeVids/UnrealAnimationPracticeVids/MyProject/DerivedDataCache/DDC.ddp not found, will not use a pak cache.
[2021.01.06-02.39.04:610][  0]LogDerivedDataCache: Unable to find inner node Pak for hierarchical cache Hierarchy.
[2021.01.06-02.39.04:611][  0]LogDerivedDataCache: FDerivedDataBackendGraph:  CompressedPak pak cache file ../../../../../../Users/Morgan/Desktop/UnrealAnimationPracticeVids/UnrealAnimationPracticeVids/MyProject/DerivedDataCache/Compressed.ddp not found, will not use a pak cache.
[2021.01.06-02.39.04:611][  0]LogDerivedDataCache: Unable to find inner node CompressedPak for hierarchical cache Hierarchy.
[2021.01.06-02.39.04:626][  0]LogDerivedDataCache: Display: Pak cache opened for reading ../../../Engine/DerivedDataCache/Compressed.ddp.
[2021.01.06-02.39.04:626][  0]LogDerivedDataCache: FDerivedDataBackendGraph:  EnterprisePak pak cache file ../../../Enterprise/DerivedDataCache/Compressed.ddp not found, will not use a pak cache.
[2021.01.06-02.39.04:626][  0]LogDerivedDataCache: Unable to find inner node EnterprisePak for hierarchical cache Hierarchy.
[2021.01.06-02.39.04:639][  0]LogDerivedDataCache: Using Local data cache path C:/Users/Morgan/AppData/Local/UnrealEngine/Common/DerivedDataCache: Writable
[2021.01.06-02.39.04:639][  0]LogDerivedDataCache: Shared data cache path not found in *engine.ini, will not use an Shared cache.
[2021.01.06-02.39.04:639][  0]LogDerivedDataCache: Unable to find inner node Shared for hierarchical cache Hierarchy.
[2021.01.06-02.39.04:659][  0]LogMaterial: Verifying Global Shaders for PCD3D_SM5
[2021.01.06-02.39.04:660][  0]LogSlate: Using FreeType 2.6.0
[2021.01.06-02.39.04:665][  0]LogSlate: SlateFontServices - WITH_FREETYPE: 1, WITH_HARFBUZZ: 1
[2021.01.06-02.39.04:900][  0]LogAssetRegistry: FAssetRegistry took 0.0355 seconds to start up
[2021.01.06-02.39.05:243][  0]LogInit: Selected Device Profile: [Windows]
[2021.01.06-02.39.05:503][  0]LogMeshReduction: Using QuadricMeshReduction for automatic static mesh reduction
[2021.01.06-02.39.05:504][  0]LogMeshReduction: Using SimplygonMeshReduction for automatic skeletal mesh reduction
[2021.01.06-02.39.05:504][  0]LogMeshReduction: Using ProxyLODMeshReduction for automatic mesh merging
[2021.01.06-02.39.05:504][  0]LogMeshReduction: No distributed automatic mesh merging module available
[2021.01.06-02.39.05:504][  0]LogMeshMerging: No distributed automatic mesh merging module available
[2021.01.06-02.39.05:520][  0]LogNetVersion: MyProject 1.0.0, NetCL: 5660361, EngineNetVer: 10, GameNetVer: 0 (Checksum: 2788865488)
[2021.01.06-02.39.05:947][  0]LogPackageLocalizationCache: Processed 10 localized package path(s) for 1 prioritized culture(s) in 0.041248 seconds
[2021.01.06-02.39.05:953][  0]LogUObjectArray: 42205 objects as part of root set at end of initial load.
[2021.01.06-02.39.05:953][  0]LogUObjectAllocator: 7325032 out of 0 bytes used by permanent object pool.
[2021.01.06-02.39.05:953][  0]LogUObjectArray: CloseDisregardForGC: 0/0 objects in disregard for GC pool
[2021.01.06-02.39.08:502][  0]LogTcpMessaging: Initializing TcpMessaging bridge
[2021.01.06-02.39.08:529][  0]LogUdpMessaging: Initializing bridge on interface 0.0.0.0:0 to multicast group 230.0.0.1:6666.
[2021.01.06-02.39.08:689][  0]LogAnimationCompression: Building Anim DDC data for AnimSequence /Game/Anim/Animations/Slow_Right_Hook.Slow_Right_Hook
[2021.01.06-02.39.08:690][  0]LogAnimationCompression: Recompressing (AnimSequence /Game/Anim/Animations/Slow_Right_Hook.Slow_Right_Hook) using current/default (AnimCompress_BitwiseCompressOnly_4) bFirstRecompressUsingCurrentOrDefault(1) bTryAlternateCompressor(0) IsCompressedDataValid(0)
[2021.01.06-02.39.08:718][  0]LogAnimationCompression: Building Anim DDC data for AnimSequence /Game/Anim/Animations/Medium_Right_Jab.Medium_Right_Jab
[2021.01.06-02.39.08:718][  0]LogAnimationCompression: Recompressing (AnimSequence /Game/Anim/Animations/Medium_Right_Jab.Medium_Right_Jab) using current/default (AnimCompress_BitwiseCompressOnly_4) bFirstRecompressUsingCurrentOrDefault(1) bTryAlternateCompressor(0) IsCompressedDataValid(0)
[2021.01.06-02.39.08:719][  0]LogAnimationCompression: Building Anim DDC data for AnimSequence /Game/Anim/Animations/Fast_Left_Hook.Fast_Left_Hook
[2021.01.06-02.39.08:719][  0]LogAnimationCompression: Recompressing (AnimSequence /Game/Anim/Animations/Fast_Left_Hook.Fast_Left_Hook) using current/default (AnimCompress_BitwiseCompressOnly_4) bFirstRecompressUsingCurrentOrDefault(1) bTryAlternateCompressor(0) IsCompressedDataValid(0)
[2021.01.06-02.39.08:848][  0]LogAnimationCompression: Building Anim DDC data for AnimSequence /Game/Mannequin/Animations/ThirdPersonWalk.ThirdPersonWalk
[2021.01.06-02.39.08:848][  0]LogAnimationCompression: Recompressing (AnimSequence /Game/Mannequin/Animations/ThirdPersonWalk.ThirdPersonWalk) using current/default (AnimCompress_RemoveLinearKeys_5) bFirstRecompressUsingCurrentOrDefault(1) bTryAlternateCompressor(0) IsCompressedDataValid(0)
[2021.01.06-02.39.08:876][  0]LogAnimationCompression: Building Anim DDC data for AnimSequence /Game/Mannequin/Animations/ThirdPersonRun.ThirdPersonRun
[2021.01.06-02.39.08:876][  0]LogAnimationCompression: Recompressing (AnimSequence /Game/Mannequin/Animations/ThirdPersonRun.ThirdPersonRun) using current/default (AnimCompress_RemoveLinearKeys_4) bFirstRecompressUsingCurrentOrDefault(1) bTryAlternateCompressor(0) IsCompressedDataValid(0)
[2021.01.06-02.39.08:891][  0]LogAnimationCompression: Building Anim DDC data for AnimSequence /Game/Mannequin/Animations/ThirdPersonJump_Loop.ThirdPersonJump_Loop
[2021.01.06-02.39.08:891][  0]LogAnimationCompression: Recompressing (AnimSequence /Game/Mannequin/Animations/ThirdPersonJump_Loop.ThirdPersonJump_Loop) using current/default (AnimCompress_RemoveLinearKeys_2) bFirstRecompressUsingCurrentOrDefault(1) bTryAlternateCompressor(0) IsCompressedDataValid(0)
[2021.01.06-02.39.08:907][  0]LogAnimationCompression: Building Anim DDC data for AnimSequence /Game/Mannequin/Animations/ThirdPerson_Jump.ThirdPerson_Jump
[2021.01.06-02.39.08:908][  0]LogAnimationCompression: Recompressing (AnimSequence /Game/Mannequin/Animations/ThirdPerson_Jump.ThirdPerson_Jump) using current/default (AnimCompress_RemoveLinearKeys_0) bFirstRecompressUsingCurrentOrDefault(1) bTryAlternateCompressor(0) IsCompressedDataValid(0)
[2021.01.06-02.39.08:914][  0]LogAnimationCompression: Building Anim DDC data for AnimSequence /Game/Mannequin/Animations/ThirdPersonIdle.ThirdPersonIdle
[2021.01.06-02.39.08:914][  0]LogAnimationCompression: Recompressing (AnimSequence /Game/Mannequin/Animations/ThirdPersonIdle.ThirdPersonIdle) using current/default (AnimCompress_RemoveLinearKeys_1) bFirstRecompressUsingCurrentOrDefault(1) bTryAlternateCompressor(0) IsCompressedDataValid(0)
[2021.01.06-02.39.08:968][  0]LogAnimationCompression: Building Anim DDC data for AnimSequence /Game/Mannequin/Animations/ThirdPersonJump_Start.ThirdPersonJump_Start
[2021.01.06-02.39.08:968][  0]LogAnimationCompression: Recompressing (AnimSequence /Game/Mannequin/Animations/ThirdPersonJump_Start.ThirdPersonJump_Start) using current/default (AnimCompress_RemoveLinearKeys_3) bFirstRecompressUsingCurrentOrDefault(1) bTryAlternateCompressor(0) IsCompressedDataValid(0)
[2021.01.06-02.39.09:153][  0]SourceControl: Source control is disabled
[2021.01.06-02.39.09:154][  0]SourceControl: Source control is disabled
[2021.01.06-02.39.09:174][  0]SourceControl: Source control is disabled
[2021.01.06-02.39.09:188][  0]SourceControl: Source control is disabled
[2021.01.06-02.39.09:680][  0]LogAndroidPermission: UAndroidPermissionCallbackProxy::GetInstance
[2021.01.06-02.39.09:957][  0]LogOcInput: OculusInput pre-init called
[2021.01.06-02.39.10:661][  0]LogEngine: Initializing Engine...
[2021.01.06-02.39.10:662][  0]LogHMD: Failed to initialize OpenVR with code 110
[2021.01.06-02.39.10:663][  0]LogStats: UGameplayTagsManager::InitializeManager -  0.000 s
[2021.01.06-02.39.10:857][  0]LogInit: Initializing FReadOnlyCVARCache
[2021.01.06-02.39.10:883][  0]LogAIModule: Creating AISystem for world Untitled
[2021.01.06-02.39.10:908][  0]LogInit: XAudio2 using 'Speakers (Realtek(R) Audio)' : 2 channels at 48 kHz using 32 bits per sample (channel mask 0x3)
[2021.01.06-02.39.10:980][  0]LogInit: FAudioDevice initialized.
[2021.01.06-02.39.10:980][  0]LogNetVersion: Set ProjectVersion to 1.0.0.0. Version Checksum will be recalculated on next use.
[2021.01.06-02.39.11:018][  0]LogDerivedDataCache: Saved boot cache 0.04s 78MB C:/Users/Morgan/AppData/Local/UnrealEngine/4.22/DerivedDataCache/Boot.ddc.
[2021.01.06-02.39.11:024][  0]LogInit: Texture streaming: Enabled
[2021.01.06-02.39.11:079][  0]LogEngineSessionManager: EngineSessionManager initialized
[2021.01.06-02.39.11:116][  0]LogInit: Transaction tracking system initialized
[2021.01.06-02.39.11:197][  0]BlueprintLog: New page: Editor Load
[2021.01.06-02.39.11:561][  0]LocalizationService: Localization service is disabled
[2021.01.06-02.39.12:063][  0]LogFileCache: Scanning file cache for directory 'C:/Users/Morgan/Desktop/UnrealAnimationPracticeVids/UnrealAnimationPracticeVids/MyProject/Content/' took 0.02s
[2021.01.06-02.39.12:063][  0]LogCook: Display: Max memory allowance for cook 16384mb min free memory 0mb
[2021.01.06-02.39.12:063][  0]LogCook: Display: Mobile HDR setting 1
[2021.01.06-02.39.12:678][  0]SourceControl: Source control is disabled
[2021.01.06-02.39.12:678][  0]LightingResults: New page: Lighting Build
[2021.01.06-02.39.12:681][  0]MapCheck: New page: Map Check
[2021.01.06-02.39.12:681][  0]LightingResults: New page: Lighting Build
[2021.01.06-02.39.12:718][  0]LogUObjectHash: Compacting FUObjectHashTables data took   1.75ms
[2021.01.06-02.39.12:752][  0]LogLinker: Warning: Can't find file '/Game/ThirdPersonCPP/Maps/ThirdPersonExampleMap_BuiltData'
[2021.01.06-02.39.12:753][  0]LogLinker: Warning: Can't find file for asset '/Game/ThirdPersonCPP/Maps/ThirdPersonExampleMap_BuiltData' while loading NULL.
[2021.01.06-02.39.12:762][  0]LogLinker: Warning: Can't find file '/Game/ThirdPersonCPP/Maps/ThirdPersonExampleMap_BuiltData'
[2021.01.06-02.39.12:762][  0]LogLinker: Warning: Can't find file for asset '/Game/ThirdPersonCPP/Maps/ThirdPersonExampleMap_BuiltData' while loading NULL.
[2021.01.06-02.39.12:764][  0]LogLinker: Warning: Can't find file '/Game/ThirdPersonCPP/Maps/ThirdPersonExampleMap_BuiltData'
[2021.01.06-02.39.12:764][  0]LogLinker: Warning: Can't find file for asset '/Game/ThirdPersonCPP/Maps/ThirdPersonExampleMap_BuiltData' while loading NULL.
[2021.01.06-02.39.12:764][  0]LogLinker: Warning: Can't find file '/Game/ThirdPersonCPP/Maps/ThirdPersonExampleMap_BuiltData'
[2021.01.06-02.39.12:765][  0]LogLinker: Warning: Can't find file for asset '/Game/ThirdPersonCPP/Maps/ThirdPersonExampleMap_BuiltData' while loading NULL.
[2021.01.06-02.39.12:773][  0]LogLinker: Warning: Can't find file '/Game/ThirdPersonCPP/Maps/ThirdPersonExampleMap_BuiltData'
[2021.01.06-02.39.12:773][  0]LoadErrors: Failed to load /Game/ThirdPersonCPP/Maps/ThirdPersonExampleMap_BuiltData.ThirdPersonExampleMap_BuiltData Referenced by PersistentLevel
[2021.01.06-02.39.12:773][  0]LogLinker: Warning: Can't find file for asset '/Game/ThirdPersonCPP/Maps/ThirdPersonExampleMap_BuiltData' while loading NULL.
[2021.01.06-02.39.12:802][  0]LogStaticMesh: Building static mesh 1M_Cube_Chamfer...
[2021.01.06-02.39.12:810][  0]LogStaticMesh: Built static mesh [0.01s] /Game/Geometry/Meshes/1M_Cube_Chamfer.1M_Cube_Chamfer
[2021.01.06-02.39.12:837][  0]LogAIModule: Creating AISystem for world ThirdPersonExampleMap
[2021.01.06-02.39.12:849][  0]LogEditorServer: Finished looking for orphan Actors (0.000 secs)
[2021.01.06-02.39.12:886][  0]LogUObjectHash: Compacting FUObjectHashTables data took   1.72ms
[2021.01.06-02.39.12:886][  0]Cmd: MAP CHECKDEP NOCLEARLOG
[2021.01.06-02.39.12:886][  0]MapCheck: Map check complete: 0 Error(s), 0 Warning(s), took 0.166ms to complete.
[2021.01.06-02.39.12:886][  0]LogFileHelpers: Loading map 'ThirdPersonExampleMap' took 0.208
[2021.01.06-02.39.13:005][  0]LogSlate: Updating window title bar state: overlay mode, drag disabled, window buttons hidden, title bar hidden
[2021.01.06-02.39.13:012][  0]LogSlate: Updating window title bar state: overlay mode, drag disabled, window buttons hidden, title bar hidden
[2021.01.06-02.39.13:018][  0]LogSlate: Updating window title bar state: overlay mode, drag disabled, window buttons hidden, title bar hidden
[2021.01.06-02.39.13:024][  0]LogSlate: Updating window title bar state: overlay mode, drag disabled, window buttons hidden, title bar hidden
[2021.01.06-02.39.13:042][  0]LogCollectionManager: Loaded 0 collections in 0.001333 seconds
[2021.01.06-02.39.13:086][  0]LogFileCache: Scanning file cache for directory 'C:/Users/Morgan/Desktop/UnrealAnimationPracticeVids/UnrealAnimationPracticeVids/MyProject/Saved/Collections/' took 0.01s
[2021.01.06-02.39.13:086][  0]LogFileCache: Scanning file cache for directory 'C:/Users/Morgan/Desktop/UnrealAnimationPracticeVids/UnrealAnimationPracticeVids/MyProject/Content/Developers/Morgan/Collections/' took 0.01s
[2021.01.06-02.39.13:086][  0]LogFileCache: Scanning file cache for directory 'C:/Users/Morgan/Desktop/UnrealAnimationPracticeVids/UnrealAnimationPracticeVids/MyProject/Content/Collections/' took 0.01s
[2021.01.06-02.39.13:086][  0]LogCollectionManager: Rebuilt the GUID cache for 0 collections in 0.000000 seconds
[2021.01.06-02.39.13:094][  0]LogContentBrowser: Native class hierarchy populated in 0.0078 seconds. Added 2735 classes and 661 folders.
[2021.01.06-02.39.13:100][  0]LogContentBrowser: Native class hierarchy updated for 'WidgetCarousel' in 0.0003 seconds. Added 0 classes and 0 folders.
[2021.01.06-02.39.13:107][  0]LogPakFile: Registered encryption key '00000000000000000000000000000000': 0 pak files mounted, 0 remain pending
[2021.01.06-02.39.13:111][  0]LogPakFile: Registered encryption key '00000000000000000000000000000000': 0 pak files mounted, 0 remain pending
[2021.01.06-02.39.13:113][  0]LogPakFile: Registered encryption key '00000000000000000000000000000000': 0 pak files mounted, 0 remain pending
[2021.01.06-02.39.13:116][  0]LogPakFile: Registered encryption key '00000000000000000000000000000000': 0 pak files mounted, 0 remain pending
[2021.01.06-02.39.13:118][  0]LogPakFile: Registered encryption key '00000000000000000000000000000000': 0 pak files mounted, 0 remain pending
[2021.01.06-02.39.13:120][  0]LogPakFile: Registered encryption key '00000000000000000000000000000000': 0 pak files mounted, 0 remain pending
[2021.01.06-02.39.13:122][  0]LogPakFile: Registered encryption key '00000000000000000000000000000000': 0 pak files mounted, 0 remain pending
[2021.01.06-02.39.13:125][  0]LogPakFile: Registered encryption key '00000000000000000000000000000000': 0 pak files mounted, 0 remain pending
[2021.01.06-02.39.13:127][  0]LogPakFile: Registered encryption key '00000000000000000000000000000000': 0 pak files mounted, 0 remain pending
[2021.01.06-02.39.13:129][  0]LogPakFile: Registered encryption key '00000000000000000000000000000000': 0 pak files mounted, 0 remain pending
[2021.01.06-02.39.13:131][  0]LogPakFile: Registered encryption key '00000000000000000000000000000000': 0 pak files mounted, 0 remain pending
[2021.01.06-02.39.13:133][  0]LogPakFile: Registered encryption key '00000000000000000000000000000000': 0 pak files mounted, 0 remain pending
[2021.01.06-02.39.13:136][  0]LogPakFile: Registered encryption key '00000000000000000000000000000000': 0 pak files mounted, 0 remain pending
[2021.01.06-02.39.13:138][  0]LogPakFile: Registered encryption key '00000000000000000000000000000000': 0 pak files mounted, 0 remain pending
[2021.01.06-02.39.13:140][  0]LogPakFile: Registered encryption key '00000000000000000000000000000000': 0 pak files mounted, 0 remain pending
[2021.01.06-02.39.13:142][  0]LogPakFile: Registered encryption key '00000000000000000000000000000000': 0 pak files mounted, 0 remain pending
[2021.01.06-02.39.13:144][  0]LogPakFile: Registered encryption key '00000000000000000000000000000000': 0 pak files mounted, 0 remain pending
[2021.01.06-02.39.13:146][  0]LogPakFile: Registered encryption key '00000000000000000000000000000000': 0 pak files mounted, 0 remain pending
[2021.01.06-02.39.13:148][  0]LogPakFile: Registered encryption key '00000000000000000000000000000000': 0 pak files mounted, 0 remain pending
[2021.01.06-02.39.13:150][  0]LogPakFile: Registered encryption key '00000000000000000000000000000000': 0 pak files mounted, 0 remain pending
[2021.01.06-02.39.13:152][  0]LogPakFile: Registered encryption key '00000000000000000000000000000000': 0 pak files mounted, 0 remain pending
[2021.01.06-02.39.13:154][  0]LogPakFile: Registered encryption key '00000000000000000000000000000000': 0 pak files mounted, 0 remain pending
[2021.01.06-02.39.13:157][  0]LogPakFile: Registered encryption key '00000000000000000000000000000000': 0 pak files mounted, 0 remain pending
[2021.01.06-02.39.13:160][  0]LogPakFile: Registered encryption key '00000000000000000000000000000000': 0 pak files mounted, 0 remain pending
[2021.01.06-02.39.13:161][  0]LogPakFile: Registered encryption key '00000000000000000000000000000000': 0 pak files mounted, 0 remain pending
[2021.01.06-02.39.13:163][  0]LogPakFile: Registered encryption key '00000000000000000000000000000000': 0 pak files mounted, 0 remain pending
[2021.01.06-02.39.13:276][  0]LogContentBrowser: Native class hierarchy updated for 'AddContentDialog' in 0.0003 seconds. Added 0 classes and 0 folders.
[2021.01.06-02.39.13:298][  0]LogContentBrowser: Native class hierarchy updated for 'SceneOutliner' in 0.0003 seconds. Added 1 classes and 2 folders.
[2021.01.06-02.39.13:318][  0]LogSlate: Took 0.001474 seconds to synchronously load lazily loaded font '../../../Engine/Content/Slate/Fonts/Roboto-Regular.ttf' (155K)
[2021.01.06-02.39.13:321][  0]LogSlate: Took 0.001506 seconds to synchronously load lazily loaded font '../../../Engine/Content/Slate/Fonts/Roboto-Bold.ttf' (160K)
[2021.01.06-02.39.13:326][  0]LogSlate: Took 0.001223 seconds to synchronously load lazily loaded font '../../../Engine/Content/Editor/Slate/Fonts/FontAwesome.ttf' (139K)
[2021.01.06-02.39.13:393][  0]LogRenderer: Reallocating scene render targets to support 1616x808 Format 10 NumSamples 1 (Frame:1).
[2021.01.06-02.39.13:541][  0]LogSlate: FSceneViewport::OnFocusLost() reason 2
[2021.01.06-02.39.13:553][  0]LogSlate: Window 'Tutorials' being destroyed
[2021.01.06-02.39.13:600][  0]LogContentBrowser: Native class hierarchy updated for 'HierarchicalLODOutliner' in 0.0003 seconds. Added 0 classes and 0 folders.
[2021.01.06-02.39.13:600][  0]LogLoad: (Engine Initialization) Total time: 16.69 seconds
[2021.01.06-02.39.13:601][  0]LogLoad: (Engine Initialization) Total Blueprint compile time: 0.00 seconds
[2021.01.06-02.39.13:632][  0]LogAssetRegistry: Asset discovery search completed in 8.7561 seconds
[2021.01.06-02.39.13:634][  0]LogCollectionManager: Rebuilt the object cache for 0 collections in 0.000000 seconds (found 0 objects)
[2021.01.06-02.39.13:634][  0]LogCollectionManager: Fixed up redirectors for 0 collections in 0.000086 seconds (updated 0 objects)
[2021.01.06-02.39.13:638][  0]LogContentStreaming: Texture pool size now 1000 MB
[2021.01.06-02.39.13:647][  0]LogSlate: FSceneViewport::OnFocusLost() reason 2
[2021.01.06-02.40.02:691][866]LogSlate: Window 'Message Log' being destroyed
[2021.01.06-02.40.02:694][866]LogSlate: Window 'Message Log' being destroyed
[2021.01.06-02.40.05:018][144]LogSlate: FSceneViewport::OnFocusLost() reason 0
[2021.01.06-02.40.05:097][150]LogRenderer: Reallocating scene render targets to support 2040x808 Format 10 NumSamples 1 (Frame:6141).
[2021.01.06-02.40.05:913][243]LogUObjectHash: Compacting FUObjectHashTables data took   1.16ms
[2021.01.06-02.40.15:145][340]LogSlate: FSceneViewport::OnFocusLost() reason 2
[2021.01.06-02.40.16:464][498]LogSlate: FSceneViewport::OnFocusLost() reason 2
[2021.01.06-02.40.17:356][498]LogSlate: Only BGRA pngs, bmps or icos are supported in by External Image Picker
[2021.01.06-02.40.19:466][734]LogSlate: Window 'Project Settings' being destroyed
[2021.01.06-02.40.19:469][734]LogSlate: Window 'Project Settings' being destroyed
[2021.01.06-02.40.20:587][867]LogSlate: FSceneViewport::OnFocusLost() reason 0
[2021.01.06-02.40.20:665][872]LogUObjectHash: Compacting FUObjectHashTables data took   0.56ms
[2021.01.06-02.40.20:723][872]LogSlate: Window 'MyProject - Unreal Editor' being destroyed
[2021.01.06-02.40.20:724][872]LogWindowsTextInputMethodSystem: Display: IME system now deactivated.
[2021.01.06-02.40.20:907][873]Cmd: QUIT_EDITOR
[2021.01.06-02.40.20:931][873]LogExit: Preparing to exit.
[2021.01.06-02.40.21:889][873]LogExit: Editor shut down
[2021.01.06-02.40.21:889][873]LogExit: Transaction tracking system shut down
[2021.01.06-02.40.21:989][873]LogExit: Object subsystem successfully closed.
[2021.01.06-02.40.22:028][873]LogShaderCompilers: Display: Shaders left to compile 0
[2021.01.06-02.40.22:031][873]LogD3D11RHI: Shutdown
[2021.01.06-02.40.22:031][873]LogD3D11RHI: CleanupD3DDevice
[2021.01.06-02.40.22:032][873]LogRendererCore: FGlobalReadBuffer::ReleaseRHI
[2021.01.06-02.40.22:032][873]LogRendererCore: FGlobalDynamicReadBuffer::Cleanup()
[2021.01.06-02.40.22:032][873]LogRendererCore: FGlobalReadBuffer::ReleaseRHI
[2021.01.06-02.40.22:032][873]LogRendererCore: FGlobalDynamicReadBuffer::Cleanup()
[2021.01.06-02.40.22:032][873]LogRendererCore: FGlobalReadBuffer::ReleaseRHI
[2021.01.06-02.40.22:032][873]LogRendererCore: FGlobalDynamicReadBuffer::Cleanup()
[2021.01.06-02.40.22:099][873]LogD3D11RHI: ~FD3D11DynamicRHI
[2021.01.06-02.40.22:133][873]LogModuleManager: Shutting down and abandoning module ExternalImagePicker (648)
[2021.01.06-02.40.22:133][873]LogModuleManager: Shutting down and abandoning module HierarchicalLODOutliner (646)
[2021.01.06-02.40.22:133][873]LogModuleManager: Shutting down and abandoning module SceneOutliner (644)
[2021.01.06-02.40.22:133][873]LogModuleManager: Shutting down and abandoning module AddContentDialog (642)
[2021.01.06-02.40.22:134][873]LogModuleManager: Shutting down and abandoning module WidgetCarousel (641)
[2021.01.06-02.40.22:134][873]LogModuleManager: Shutting down and abandoning module EditorWidgets (638)
[2021.01.06-02.40.22:134][873]LogModuleManager: Shutting down and abandoning module CollectionManager (636)
[2021.01.06-02.40.22:134][873]LogModuleManager: Shutting down and abandoning module MeshBuilder (634)
[2021.01.06-02.40.22:134][873]LogModuleManager: Shutting down and abandoning module StatsViewer (632)
[2021.01.06-02.40.22:134][873]LogModuleManager: Shutting down and abandoning module FoliageEdit (630)
[2021.01.06-02.40.22:134][873]LogModuleManager: Shutting down and abandoning module LandscapeEditor (628)
[2021.01.06-02.40.22:134][873]LogModuleManager: Shutting down and abandoning module MeshPaintMode (626)
[2021.01.06-02.40.22:135][873]LogModuleManager: Shutting down and abandoning module SceneDepthPickerMode (624)
[2021.01.06-02.40.22:135][873]LogModuleManager: Shutting down and abandoning module ActorPickerMode (622)
[2021.01.06-02.40.22:135][873]LogModuleManager: Shutting down and abandoning module GeometryMode (620)
[2021.01.06-02.40.22:135][873]LogModuleManager: Shutting down and abandoning module TextureAlignMode (618)
[2021.01.06-02.40.22:135][873]LogModuleManager: Shutting down and abandoning module BspMode (616)
[2021.01.06-02.40.22:135][873]LogModuleManager: Shutting down and abandoning module PIEPreviewDeviceProfileSelector (614)
[2021.01.06-02.40.22:135][873]LogModuleManager: Shutting down and abandoning module SequenceRecorderSections (612)
[2021.01.06-02.40.22:135][873]LogModuleManager: Shutting down and abandoning module AutomationWorker (610)
[2021.01.06-02.40.22:135][873]LogModuleManager: Shutting down and abandoning module OculusMR (608)
[2021.01.06-02.40.22:135][873]LogModuleManager: Shutting down and abandoning module AudioCaptureEditor (606)
[2021.01.06-02.40.22:135][873]LogModuleManager: Shutting down and abandoning module MatineeToLevelSequence (604)
[2021.01.06-02.40.22:136][873]LogModuleManager: Shutting down and abandoning module LevelSequenceEditor (602)
[2021.01.06-02.40.22:136][873]LogModuleManager: Shutting down and abandoning module PlacementMode (601)
[2021.01.06-02.40.22:136][873]LogModuleManager: Shutting down and abandoning module MaterialEditor (600)
[2021.01.06-02.40.22:136][873]LogModuleManager: Shutting down and abandoning module ActorSequenceEditor (596)
[2021.01.06-02.40.22:136][873]LogModuleManager: Shutting down and abandoning module WmfMediaFactory (594)
[2021.01.06-02.40.22:136][873]LogModuleManager: Shutting down and abandoning module WmfMediaEditor (592)
[2021.01.06-02.40.22:137][873]LogModuleManager: Shutting down and abandoning module WebMMediaFactory (590)
[2021.01.06-02.40.22:137][873]LogModuleManager: Shutting down and abandoning module WebMMediaEditor (588)
[2021.01.06-02.40.22:137][873]LogModuleManager: Shutting down and abandoning module WebMMedia (586)
[2021.01.06-02.40.22:137][873]LogModuleManager: Shutting down and abandoning module MediaPlayerEditor (584)
[2021.01.06-02.40.22:137][873]LogModuleManager: Shutting down and abandoning module MediaCompositingEditor (582)
[2021.01.06-02.40.22:137][873]LogModuleManager: Shutting down and abandoning module SequenceRecorder (581)
[2021.01.06-02.40.22:137][873]LogModuleManager: Shutting down and abandoning module OpenExrWrapper (578)
[2021.01.06-02.40.22:137][873]LogModuleManager: Shutting down and abandoning module ImgMediaFactory (576)
[2021.01.06-02.40.22:137][873]LogModuleManager: Shutting down and abandoning module ImgMediaEditor (574)
[2021.01.06-02.40.22:137][873]LogModuleManager: Shutting down and abandoning module AvfMediaFactory (572)
[2021.01.06-02.40.22:137][873]LogModuleManager: Shutting down and abandoning module AvfMediaEditor (570)
[2021.01.06-02.40.22:137][873]LogModuleManager: Shutting down and abandoning module AndroidMediaFactory (568)
[2021.01.06-02.40.22:137][873]LogModuleManager: Shutting down and abandoning module AndroidMediaEditor (566)
[2021.01.06-02.40.22:137][873]LogModuleManager: Shutting down and abandoning module MagicLeapCameraPreviewFactory (564)
[2021.01.06-02.40.22:137][873]LogModuleManager: Shutting down and abandoning module MagicLeapMediaCodecFactory (562)
[2021.01.06-02.40.22:137][873]LogModuleManager: Shutting down and abandoning module MagicLeapMediaFactory (560)
[2021.01.06-02.40.22:137][873]LogModuleManager: Shutting down and abandoning module MagicLeapMediaEditor (558)
[2021.01.06-02.40.22:137][873]LogModuleManager: Shutting down and abandoning module CharacterAI (556)
[2021.01.06-02.40.22:138][873]LogModuleManager: Shutting down and abandoning module SmartSnapping (554)
[2021.01.06-02.40.22:138][873]LogModuleManager: Shutting down and abandoning module SessionServices (552)
[2021.01.06-02.40.22:138][873]LogModuleManager: Shutting down and abandoning module MeshPaint (550)
[2021.01.06-02.40.22:138][873]LogModuleManager: Shutting down and abandoning module ViewportSnapping (548)
[2021.01.06-02.40.22:138][873]LogModuleManager: Shutting down and abandoning module ViewportInteraction (546)
[2021.01.06-02.40.22:138][873]LogModuleManager: Shutting down and abandoning module ClothPainter (544)
[2021.01.06-02.40.22:138][873]LogModuleManager: Shutting down and abandoning module SkeletalMeshEditor (543)
[2021.01.06-02.40.22:138][873]LogModuleManager: Shutting down and abandoning module LogVisualizer (540)
[2021.01.06-02.40.22:138][873]LogModuleManager: Shutting down and abandoning module IntroTutorials (538)
[2021.01.06-02.40.22:138][873]LogModuleManager: Shutting down and abandoning module GameProjectGeneration (537)
[2021.01.06-02.40.22:138][873]LogModuleManager: Shutting down and abandoning module LuminPlatformEditor (534)
[2021.01.06-02.40.22:138][873]LogModuleManager: Shutting down and abandoning module IOSPlatformEditor (532)
[2021.01.06-02.40.22:138][873]LogModuleManager: Shutting down and abandoning module HTML5PlatformEditor (530)
[2021.01.06-02.40.22:138][873]LogModuleManager: Shutting down and abandoning module AndroidPlatformEditor (528)
[2021.01.06-02.40.22:138][873]LogModuleManager: Shutting down and abandoning module AndroidDeviceDetection (527)
[2021.01.06-02.40.22:949][873]LogModuleManager: Shutting down and abandoning module WindowsPlatformEditor (524)
[2021.01.06-02.40.22:949][873]LogModuleManager: Shutting down and abandoning module LuminRuntimeSettings (522)
[2021.01.06-02.40.22:949][873]LogModuleManager: Shutting down and abandoning module IOSRuntimeSettings (520)
[2021.01.06-02.40.22:949][873]LogModuleManager: Shutting down and abandoning module AndroidRuntimeSettings (518)
[2021.01.06-02.40.22:949][873]LogModuleManager: Shutting down and abandoning module TimeManagementEditor (516)
[2021.01.06-02.40.22:949][873]LogModuleManager: Shutting down and abandoning module InputBindingEditor (514)
[2021.01.06-02.40.22:951][873]LogModuleManager: Shutting down and abandoning module MergeActors (512)
[2021.01.06-02.40.22:951][873]LogModuleManager: Shutting down and abandoning module LocalizationDashboard (510)
[2021.01.06-02.40.22:951][873]LogModuleManager: Shutting down and abandoning module LocalizationService (509)
[2021.01.06-02.40.22:951][873]LogModuleManager: Shutting down and abandoning module HardwareTargeting (506)
[2021.01.06-02.40.22:951][873]LogModuleManager: Shutting down and abandoning module DeviceProfileEditor (504)
[2021.01.06-02.40.22:951][873]LogModuleManager: Shutting down and abandoning module UndoHistory (502)
[2021.01.06-02.40.22:951][873]LogModuleManager: Shutting down and abandoning module XmlParser (500)
[2021.01.06-02.40.22:951][873]LogModuleManager: Shutting down and abandoning module Blutility (498)
[2021.01.06-02.40.22:951][873]LogModuleManager: Shutting down and abandoning module ProjectSettingsViewer (496)
[2021.01.06-02.40.22:951][873]LogModuleManager: Shutting down and abandoning module ProjectTargetPlatformEditor (495)
[2021.01.06-02.40.22:952][873]LogModuleManager: Shutting down and abandoning module EditorSettingsViewer (492)
[2021.01.06-02.40.22:952][873]LogModuleManager: Shutting down and abandoning module SettingsEditor (490)
[2021.01.06-02.40.22:952][873]LogModuleManager: Shutting down and abandoning module ProjectLauncher (488)
[2021.01.06-02.40.22:952][873]LogModuleManager: Shutting down and abandoning module SessionFrontend (486)
[2021.01.06-02.40.22:952][873]LogModuleManager: Shutting down and abandoning module ProfilerClient (484)
[2021.01.06-02.40.22:952][873]LogModuleManager: Shutting down and abandoning module DeviceManager (482)
[2021.01.06-02.40.22:952][873]LogModuleManager: Shutting down and abandoning module TargetDeviceServices (481)
[2021.01.06-02.40.22:985][873]LogModuleManager: Shutting down and abandoning module AutomationController (478)
[2021.01.06-02.40.22:986][873]LogModuleManager: Shutting down and abandoning module AutomationWindow (476)
[2021.01.06-02.40.22:986][873]LogModuleManager: Shutting down and abandoning module Layers (474)
[2021.01.06-02.40.22:986][873]LogModuleManager: Shutting down and abandoning module ComponentVisualizers (472)
[2021.01.06-02.40.22:986][873]LogModuleManager: Shutting down and abandoning module DetailCustomizations (470)
[2021.01.06-02.40.22:986][873]LogModuleManager: Shutting down and abandoning module PackagesDialog (468)
[2021.01.06-02.40.22:987][873]LogModuleManager: Shutting down and abandoning module AnimationBlueprintEditor (466)
[2021.01.06-02.40.22:987][873]LogModuleManager: Shutting down and abandoning module Persona (464)
[2021.01.06-02.40.22:987][873]LogModuleManager: Shutting down and abandoning module AdvancedPreviewScene (463)
[2021.01.06-02.40.22:987][873]LogModuleManager: Shutting down and abandoning module AnimGraph (461)
[2021.01.06-02.40.22:987][873]LogModuleManager: Shutting down and abandoning module Kismet (458)
[2021.01.06-02.40.22:987][873]LogModuleManager: Shutting down and abandoning module GraphEditor (456)
[2021.01.06-02.40.22:987][873]LogModuleManager: Shutting down and abandoning module ClassViewer (454)
[2021.01.06-02.40.22:987][873]LogModuleManager: Shutting down and abandoning module Toolbox (452)
[2021.01.06-02.40.22:987][873]LogModuleManager: Shutting down and abandoning module DesktopPlatform (451)
[2021.01.06-02.40.22:988][873]LogModuleManager: Shutting down and abandoning module ModuleUI (448)
[2021.01.06-02.40.22:988][873]LogModuleManager: Shutting down and abandoning module MovieSceneTools (446)
[2021.01.06-02.40.22:988][873]LogModuleManager: Shutting down and abandoning module OutputLog (444)
[2021.01.06-02.40.22:988][873]LogModuleManager: Shutting down and abandoning module GammaUI (442)
[2021.01.06-02.40.22:988][873]LogModuleManager: Shutting down and abandoning module Documentation (440)
[2021.01.06-02.40.22:988][873]LogModuleManager: Shutting down and abandoning module LiveCoding (438)
[2021.01.06-02.40.22:989][873]LogModuleManager: Shutting down and abandoning module LevelSequence (436)
[2021.01.06-02.40.22:989][873]LogModuleManager: Shutting down and abandoning module MovieSceneTracks (434)
[2021.01.06-02.40.22:989][873]LogModuleManager: Shutting down and abandoning module MovieScene (432)
[2021.01.06-02.40.22:989][873]LogModuleManager: Shutting down and abandoning module StreamingPauseRendering (430)
[2021.01.06-02.40.22:989][873]LogModuleManager: Shutting down and abandoning module LauncherPlatform (428)
[2021.01.06-02.40.22:989][873]LogModuleManager: Shutting down and abandoning module AnalyticsET (426)
[2021.01.06-02.40.22:989][873]LogModuleManager: Shutting down and abandoning module PortalServices (424)
[2021.01.06-02.40.22:989][873]LogModuleManager: Shutting down and abandoning module PortalRpc (422)
[2021.01.06-02.40.22:989][873]LogModuleManager: Shutting down and abandoning module MessagingRpc (420)
[2021.01.06-02.40.22:989][873]LogModuleManager: Shutting down and abandoning module AIModule (418)
[2021.01.06-02.40.22:989][873]LogModuleManager: Shutting down and abandoning module GameplayDebugger (417)
[2021.01.06-02.40.22:989][873]LogModuleManager: Shutting down and abandoning module AITestSuite (415)
[2021.01.06-02.40.22:989][873]LogModuleManager: Shutting down and abandoning module NavigationSystem (413)
[2021.01.06-02.40.22:989][873]LogModuleManager: Shutting down and abandoning module ImageWriteQueue (410)
[2021.01.06-02.40.22:993][873]LogModuleManager: Shutting down and abandoning module ProfilerService (408)
