Log file open, 11/27/20 18:01:20
LogWindows: Failed to load 'aqProf.dll' (GetLastError=126)
LogWindows: File 'aqProf.dll' does not exist
LogWindows: Failed to load 'VtuneApi.dll' (GetLastError=126)
LogWindows: File 'VtuneApi.dll' does not exist
LogWindows: Failed to load 'VtuneApi32e.dll' (GetLastError=126)
LogWindows: File 'VtuneApi32e.dll' does not exist
LogConsoleResponse: Display: Failed to find resolution value strings in scalability ini. Falling back to default.
LogInit: Display: Running engine for game: MyProject
LogPakFile: Registered encryption key '00000000000000000000000000000000': 0 pak files mounted, 0 remain pending
LogPlatformFile: Not using cached read wrapper
LogTaskGraph: Started task graph with 5 named threads and 47 total threads with 3 sets of task threads.
LogStats: Stats thread started at 0.617521
LogD3D11RHI: Loaded GFSDK_Aftermath_Lib.x64.dll
LogICUInternationalization: ICU TimeZone Detection - Raw Offset: +0:00, Platform Override: ''
LogPluginManager: Mounting plugin Paper2D
LogPluginManager: Mounting plugin AISupport
LogPluginManager: Mounting plugin LightPropagationVolume
LogPluginManager: Mounting plugin ActorLayerUtilities
LogPluginManager: Mounting plugin AnimationSharing
LogPluginManager: Mounting plugin CLionSourceCodeAccess
LogPluginManager: Mounting plugin CodeLiteSourceCodeAccess
LogPluginManager: Mounting plugin GitSourceControl
LogPluginManager: Mounting plugin KDevelopSourceCodeAccess
LogPluginManager: Mounting plugin NullSourceCodeAccess
LogPluginManager: Mounting plugin PerforceSourceControl
LogPluginManager: Mounting plugin SubversionSourceControl
LogPluginManager: Mounting plugin UObjectPlugin
LogPluginManager: Mounting plugin VisualStudioCodeSourceCodeAccess
LogPluginManager: Mounting plugin VisualStudioSourceCodeAccess
LogPluginManager: Mounting plugin XCodeSourceCodeAccess
LogPluginManager: Mounting plugin AssetManagerEditor
LogPluginManager: Mounting plugin CryptoKeys
LogPluginManager: Mounting plugin DataValidation
LogPluginManager: Mounting plugin FacialAnimation
LogPluginManager: Mounting plugin GameplayTagsEditor
LogPluginManager: Mounting plugin MacGraphicsSwitching
LogPluginManager: Mounting plugin MaterialAnalyzer
LogPluginManager: Mounting plugin MobileLauncherProfileWizard
LogPluginManager: Mounting plugin PluginBrowser
LogPluginManager: Mounting plugin SpeedTreeImporter
LogPluginManager: Mounting plugin DatasmithContent
LogPluginManager: Mounting plugin VariantManagerContent
LogPluginManager: Mounting plugin AlembicImporter
LogPluginManager: Mounting plugin AppleImageUtils
LogPluginManager: Mounting plugin AppleVision
LogPluginManager: Mounting plugin BackChannel
LogPluginManager: Mounting plugin CharacterAI
LogPluginManager: Mounting plugin GeometryCache
LogPluginManager: Mounting plugin HTML5Networking
LogPluginManager: Mounting plugin ProxyLODPlugin
LogPluginManager: Mounting plugin SkeletalReduction
LogPluginManager: Mounting plugin MagicLeap
LogPluginManager: Mounting plugin MagicLeapMedia
LogPluginManager: Mounting plugin AndroidMedia
LogPluginManager: Mounting plugin AvfMedia
LogPluginManager: Mounting plugin ImgMedia
LogPluginManager: Mounting plugin LinearTimecode
LogPluginManager: Mounting plugin MediaCompositing
LogPluginManager: Mounting plugin MediaPlayerEditor
LogPluginManager: Mounting plugin WebMMedia
LogPluginManager: Mounting plugin WmfMedia
LogPluginManager: Mounting plugin TcpMessaging
LogPluginManager: Mounting plugin UdpMessaging
LogPluginManager: Mounting plugin ActorSequence
LogPluginManager: Mounting plugin LevelSequenceEditor
LogPluginManager: Mounting plugin MatineeToLevelSequence
LogPluginManager: Mounting plugin NetcodeUnitTest
LogPluginManager: Mounting plugin NUTUnrealEngine4
LogPluginManager: Mounting plugin OnlineSubsystemGooglePlay
LogPluginManager: Mounting plugin OnlineSubsystemIOS
LogPluginManager: Mounting plugin OnlineSubsystem
LogPluginManager: Mounting plugin OnlineSubsystemNull
LogPluginManager: Mounting plugin OnlineSubsystemUtils
LogPluginManager: Mounting plugin LauncherChunkInstaller
LogPluginManager: Mounting plugin AndroidDeviceProfileSelector
LogPluginManager: Mounting plugin AndroidMoviePlayer
LogPluginManager: Mounting plugin AndroidPermission
LogPluginManager: Mounting plugin ApexDestruction
LogPluginManager: Mounting plugin AppleMoviePlayer
LogPluginManager: Mounting plugin ArchVisCharacter
LogPluginManager: Mounting plugin AudioCapture
LogPluginManager: Mounting plugin CableComponent
LogPluginManager: Mounting plugin CustomMeshComponent
LogPluginManager: Mounting plugin EditableMesh
LogPluginManager: Mounting plugin ExampleDeviceProfileSelector
LogPluginManager: Mounting plugin Firebase
LogPluginManager: Mounting plugin GoogleCloudMessaging
LogPluginManager: Mounting plugin IOSDeviceProfileSelector
LogPluginManager: Mounting plugin LinuxDeviceProfileSelector
LogPluginManager: Mounting plugin LocationServicesBPLibrary
LogPluginManager: Mounting plugin MobilePatchingUtils
LogPluginManager: Mounting plugin OculusVR
LogPluginManager: Mounting plugin PhysXVehicles
LogPluginManager: Mounting plugin ProceduralMeshComponent
LogPluginManager: Mounting plugin RuntimePhysXCooking
LogPluginManager: Mounting plugin SignificanceManager
LogPluginManager: Mounting plugin SteamVR
LogPluginManager: Mounting plugin WebMMoviePlayer
LogPluginManager: Mounting plugin WindowsMoviePlayer
LogInit: Using libcurl 7.55.1-DEV
LogInit:  - built for x86_64-pc-win32
LogInit:  - supports SSL with OpenSSL/1.1.1
LogInit:  - supports HTTP deflate (compression) using libz 1.2.8
LogInit:  - other features:
LogInit:      CURL_VERSION_SSL
LogInit:      CURL_VERSION_LIBZ
LogInit:      CURL_VERSION_IPV6
LogInit:      CURL_VERSION_ASYNCHDNS
LogInit:      CURL_VERSION_LARGEFILE
LogInit:      CURL_VERSION_IDN
LogInit:  CurlRequestOptions (configurable via config and command line):
LogInit:  - bVerifyPeer = true  - Libcurl will verify peer certificate
LogInit:  - bUseHttpProxy = false  - Libcurl will NOT use HTTP proxy
LogInit:  - bDontReuseConnections = false  - Libcurl will reuse connections
LogInit:  - MaxHostConnections = 16  - Libcurl will limit the number of connections to a host
LogInit:  - LocalHostAddr = Default
LogInit:  - BufferSize = 65536
LogInit: WinSock: version 1.1 (2.2), MaxSocks=32767, MaxUdp=65467
LogHMD: Failed initializing OVRPlugin 1.32.0
LogInit: Build: ++UE4+Release-4.22-CL-7053642
LogInit: Engine Version: 4.22.3-7053642+++UE4+Release-4.22
LogInit: Compatible Engine Version: 4.22.0-5660361+++UE4+Release-4.22
LogInit: Net CL: 5660361
LogInit: OS: Windows 10 (Release 1903) (), CPU: Intel(R) Core(TM) i9-9900K CPU @ 3.60GHz, GPU: NVIDIA GeForce RTX 2080
LogInit: Compiled (64-bit): Jun 18 2019 03:09:11
LogInit: Compiled with Visual C++: 19.16.27025.01
LogInit: Build Configuration: Development
LogInit: Branch Name: ++UE4+Release-4.22
LogInit: Command Line:  -skipcompile
LogInit: Base Directory: C:/UE_4.22/UE_4.22/Engine/Binaries/Win64/
LogInit: Installed Engine Build: 1
LogDevObjectVersion: Number of dev versions registered: 23
LogDevObjectVersion:   Dev-Blueprints (B0D832E4-1F89-4F0D-ACCF-7EB736FD4AA2): 10
LogDevObjectVersion:   Dev-Build (E1C64328-A22C-4D53-A36C-8E866417BD8C): 0
LogDevObjectVersion:   Dev-Core (375EC13C-06E4-48FB-B500-84F0262A717E): 3
LogDevObjectVersion:   Dev-Editor (E4B068ED-F494-42E9-A231-DA0B2E46BB41): 30
LogDevObjectVersion:   Dev-Framework (CFFC743F-43B0-4480-9391-14DF171D2073): 35
LogDevObjectVersion:   Dev-Mobile (B02B49B5-BB20-44E9-A304-32B752E40360): 2
LogDevObjectVersion:   Dev-Networking (A4E4105C-59A1-49B5-A7C5-40C4547EDFEE): 0
LogDevObjectVersion:   Dev-Online (39C831C9-5AE6-47DC-9A44-9C173E1C8E7C): 0
LogDevObjectVersion:   Dev-Physics (78F01B33-EBEA-4F98-B9B4-84EACCB95AA2): 0
LogDevObjectVersion:   Dev-Platform (6631380F-2D4D-43E0-8009-CF276956A95A): 0
LogDevObjectVersion:   Dev-Rendering (12F88B9F-8875-4AFC-A67C-D90C383ABD29): 28
LogDevObjectVersion:   Dev-Sequencer (7B5AE74C-D270-4C10-A958-57980B212A5A): 11
LogDevObjectVersion:   Dev-VR (D7296918-1DD6-4BDD-9DE2-64A83CC13884): 2
LogDevObjectVersion:   Dev-LoadTimes (C2A15278-BFE7-4AFE-6C17-90FF531DF755): 1
LogDevObjectVersion:   Private-Geometry (6EACA3D4-40EC-4CC1-B786-8BED09428FC5): 3
LogDevObjectVersion:   Dev-AnimPhys (29E575DD-E0A3-4627-9D10-D276232CDCEA): 17
LogDevObjectVersion:   Dev-Anim (AF43A65D-7FD3-4947-9873-3E8ED9C1BB05): 2
LogDevObjectVersion:   Dev-ReflectionCapture (6B266CEC-1EC7-4B8F-A30B-E4D90942FC07): 1
LogDevObjectVersion:   Dev-Automation (0DF73D61-A23F-47EA-B727-89E90C41499A): 1
LogDevObjectVersion:   FortniteMain (601D1886-AC64-4F84-AA16-D3DE0DEAC7D6): 25
LogDevObjectVersion:   Dev-Enterprise (9DFFBCD6-494F-0158-E221-12823C92A888): 6
LogDevObjectVersion:   Dev-Niagara (F2AED0AC-9AFE-416F-8664-AA7FFA26D6FC): 1
LogDevObjectVersion:   Dev-Destruction (174F1F0B-B4C6-45A5-B13F-2EE8D0FB917D): 2
LogInit: Presizing for max 16777216 objects, including 0 objects not considered by GC, pre-allocating 0 bytes for permanent pool.
LogInit: Object subsystem initialized
LogConfig: Setting CVar [[con.DebugEarlyDefault:1]]
LogConfig: Setting CVar [[r.setres:1280x720]]
[2020.11.27-18.01.21:494][  0]LogConfig: Setting CVar [[r.VSync:0]]
[2020.11.27-18.01.21:494][  0]LogConfig: Setting CVar [[r.RHICmdBypass:0]]
[2020.11.27-18.01.21:494][  0]LogConfig: Applying CVar settings from Section [/Script/Engine.RendererSettings] File [C:/Users/1804824/Desktop/UnrealYouTubeRepo/UnrealAnimationPracticeVids/MyProject/Saved/Config/Windows/Engine.ini]
[2020.11.27-18.01.21:494][  0]LogConfig: Setting CVar [[r.GPUCrashDebugging:0]]
[2020.11.27-18.01.21:494][  0]LogConfig: Applying CVar settings from Section [/Script/Engine.RendererOverrideSettings] File [C:/Users/1804824/Desktop/UnrealYouTubeRepo/UnrealAnimationPracticeVids/MyProject/Saved/Config/Windows/Engine.ini]
[2020.11.27-18.01.21:494][  0]LogConfig: Applying CVar settings from Section [/Script/Engine.StreamingSettings] File [C:/Users/1804824/Desktop/UnrealYouTubeRepo/UnrealAnimationPracticeVids/MyProject/Saved/Config/Windows/Engine.ini]
[2020.11.27-18.01.21:494][  0]LogConfig: Setting CVar [[s.MinBulkDataSizeForAsyncLoading:131072]]
[2020.11.27-18.01.21:494][  0]LogConfig: Setting CVar [[s.AsyncLoadingThreadEnabled:0]]
[2020.11.27-18.01.21:495][  0]LogConfig: Setting CVar [[s.EventDrivenLoaderEnabled:1]]
[2020.11.27-18.01.21:495][  0]LogConfig: Setting CVar [[s.WarnIfTimeLimitExceeded:0]]
[2020.11.27-18.01.21:495][  0]LogConfig: Setting CVar [[s.TimeLimitExceededMultiplier:1.5]]
[2020.11.27-18.01.21:495][  0]LogConfig: Setting CVar [[s.TimeLimitExceededMinTime:0.005]]
[2020.11.27-18.01.21:495][  0]LogConfig: Setting CVar [[s.UseBackgroundLevelStreaming:1]]
[2020.11.27-18.01.21:495][  0]LogConfig: Setting CVar [[s.PriorityAsyncLoadingExtraTime:15.0]]
[2020.11.27-18.01.21:495][  0]LogConfig: Setting CVar [[s.LevelStreamingActorsUpdateTimeLimit:5.0]]
[2020.11.27-18.01.21:495][  0]LogConfig: Setting CVar [[s.PriorityLevelStreamingActorsUpdateExtraTime:5.0]]
[2020.11.27-18.01.21:495][  0]LogConfig: Setting CVar [[s.LevelStreamingComponentsRegistrationGranularity:10]]
[2020.11.27-18.01.21:495][  0]LogConfig: Setting CVar [[s.UnregisterComponentsTimeLimit:1.0]]
[2020.11.27-18.01.21:495][  0]LogConfig: Setting CVar [[s.LevelStreamingComponentsUnregistrationGranularity:5]]
[2020.11.27-18.01.21:495][  0]LogConfig: Applying CVar settings from Section [/Script/Engine.GarbageCollectionSettings] File [C:/Users/1804824/Desktop/UnrealYouTubeRepo/UnrealAnimationPracticeVids/MyProject/Saved/Config/Windows/Engine.ini]
[2020.11.27-18.01.21:495][  0]LogConfig: Setting CVar [[gc.MaxObjectsNotConsideredByGC:1]]
[2020.11.27-18.01.21:495][  0]LogConfig: Setting CVar [[gc.SizeOfPermanentObjectPool:0]]
[2020.11.27-18.01.21:495][  0]LogConfig: Setting CVar [[gc.FlushStreamingOnGC:0]]
[2020.11.27-18.01.21:496][  0]LogConfig: Setting CVar [[gc.NumRetriesBeforeForcingGC:10]]
[2020.11.27-18.01.21:496][  0]LogConfig: Setting CVar [[gc.AllowParallelGC:1]]
[2020.11.27-18.01.21:496][  0]LogConfig: Setting CVar [[gc.TimeBetweenPurgingPendingKillObjects:61.1]]
[2020.11.27-18.01.21:496][  0]LogConfig: Setting CVar [[gc.MaxObjectsInEditor:16777216]]
[2020.11.27-18.01.21:496][  0]LogConfig: Setting CVar [[gc.IncrementalBeginDestroyEnabled:1]]
[2020.11.27-18.01.21:496][  0]LogConfig: Setting CVar [[gc.CreateGCClusters:1]]
[2020.11.27-18.01.21:496][  0]LogConfig: Setting CVar [[gc.MinGCClusterSize:5]]
[2020.11.27-18.01.21:496][  0]LogConfig: Setting CVar [[gc.ActorClusteringEnabled:0]]
[2020.11.27-18.01.21:496][  0]LogConfig: Setting CVar [[gc.BlueprintClusteringEnabled:0]]
[2020.11.27-18.01.21:496][  0]LogConfig: Setting CVar [[gc.UseDisregardForGCOnDedicatedServers:0]]
[2020.11.27-18.01.21:496][  0]LogConfig: Applying CVar settings from Section [/Script/Engine.NetworkSettings] File [C:/Users/1804824/Desktop/UnrealYouTubeRepo/UnrealAnimationPracticeVids/MyProject/Saved/Config/Windows/Engine.ini]
[2020.11.27-18.01.21:496][  0]LogConfig: Applying CVar settings from Section [/Script/UnrealEd.CookerSettings] File [C:/Users/1804824/Desktop/UnrealYouTubeRepo/UnrealAnimationPracticeVids/MyProject/Saved/Config/Windows/Engine.ini]
[2020.11.27-18.01.21:502][  0]LogConfig: Applying CVar settings from Section [ViewDistanceQuality@3] File [C:/Users/1804824/Desktop/UnrealYouTubeRepo/UnrealAnimationPracticeVids/MyProject/Saved/Config/Windows/Scalability.ini]
[2020.11.27-18.01.21:502][  0]LogConfig: Setting CVar [[r.SkeletalMeshLODBias:0]]
[2020.11.27-18.01.21:502][  0]LogConfig: Setting CVar [[r.ViewDistanceScale:1.0]]
[2020.11.27-18.01.21:502][  0]LogConfig: Applying CVar settings from Section [AntiAliasingQuality@3] File [C:/Users/1804824/Desktop/UnrealYouTubeRepo/UnrealAnimationPracticeVids/MyProject/Saved/Config/Windows/Scalability.ini]
[2020.11.27-18.01.21:502][  0]LogConfig: Setting CVar [[r.PostProcessAAQuality:4]]
[2020.11.27-18.01.21:502][  0]LogConfig: Applying CVar settings from Section [ShadowQuality@3] File [C:/Users/1804824/Desktop/UnrealYouTubeRepo/UnrealAnimationPracticeVids/MyProject/Saved/Config/Windows/Scalability.ini]
[2020.11.27-18.01.21:503][  0]LogConfig: Setting CVar [[r.LightFunctionQuality:1]]
[2020.11.27-18.01.21:503][  0]LogConfig: Setting CVar [[r.ShadowQuality:5]]
[2020.11.27-18.01.21:503][  0]LogConfig: Setting CVar [[r.Shadow.CSM.MaxCascades:10]]
[2020.11.27-18.01.21:503][  0]LogConfig: Setting CVar [[r.Shadow.MaxResolution:2048]]
[2020.11.27-18.01.21:503][  0]LogConfig: Setting CVar [[r.Shadow.MaxCSMResolution:2048]]
[2020.11.27-18.01.21:503][  0]LogConfig: Setting CVar [[r.Shadow.RadiusThreshold:0.01]]
[2020.11.27-18.01.21:503][  0]LogConfig: Setting CVar [[r.Shadow.DistanceScale:1.0]]
[2020.11.27-18.01.21:503][  0]LogConfig: Setting CVar [[r.Shadow.CSM.TransitionScale:1.0]]
[2020.11.27-18.01.21:503][  0]LogConfig: Setting CVar [[r.Shadow.PreShadowResolutionFactor:1.0]]
[2020.11.27-18.01.21:503][  0]LogConfig: Setting CVar [[r.DistanceFieldShadowing:1]]
[2020.11.27-18.01.21:503][  0]LogConfig: Setting CVar [[r.DistanceFieldAO:1]]
[2020.11.27-18.01.21:503][  0]LogConfig: Setting CVar [[r.AOQuality:2]]
[2020.11.27-18.01.21:503][  0]LogConfig: Setting CVar [[r.VolumetricFog:1]]
[2020.11.27-18.01.21:503][  0]LogConfig: Setting CVar [[r.VolumetricFog.GridPixelSize:8]]
[2020.11.27-18.01.21:503][  0]LogConfig: Setting CVar [[r.VolumetricFog.GridSizeZ:128]]
[2020.11.27-18.01.21:503][  0]LogConfig: Setting CVar [[r.VolumetricFog.HistoryMissSupersampleCount:4]]
[2020.11.27-18.01.21:504][  0]LogConfig: Setting CVar [[r.LightMaxDrawDistanceScale:1]]
[2020.11.27-18.01.21:504][  0]LogConfig: Setting CVar [[r.CapsuleShadows:1]]
[2020.11.27-18.01.21:504][  0]LogConfig: Applying CVar settings from Section [PostProcessQuality@3] File [C:/Users/1804824/Desktop/UnrealYouTubeRepo/UnrealAnimationPracticeVids/MyProject/Saved/Config/Windows/Scalability.ini]
[2020.11.27-18.01.21:504][  0]LogConfig: Setting CVar [[r.MotionBlurQuality:4]]
[2020.11.27-18.01.21:504][  0]LogConfig: Setting CVar [[r.AmbientOcclusionMipLevelFactor:0.4]]
[2020.11.27-18.01.21:504][  0]LogConfig: Setting CVar [[r.AmbientOcclusionMaxQuality:100]]
[2020.11.27-18.01.21:504][  0]LogConfig: Setting CVar [[r.AmbientOcclusionLevels:-1]]
[2020.11.27-18.01.21:504][  0]LogConfig: Setting CVar [[r.AmbientOcclusionRadiusScale:1.0]]
[2020.11.27-18.01.21:504][  0]LogConfig: Setting CVar [[r.DepthOfFieldQuality:2]]
[2020.11.27-18.01.21:504][  0]LogConfig: Setting CVar [[r.RenderTargetPoolMin:400]]
[2020.11.27-18.01.21:504][  0]LogConfig: Setting CVar [[r.LensFlareQuality:2]]
[2020.11.27-18.01.21:504][  0]LogConfig: Setting CVar [[r.SceneColorFringeQuality:1]]
[2020.11.27-18.01.21:504][  0]LogConfig: Setting CVar [[r.EyeAdaptationQuality:2]]
[2020.11.27-18.01.21:504][  0]LogConfig: Setting CVar [[r.BloomQuality:5]]
[2020.11.27-18.01.21:504][  0]LogConfig: Setting CVar [[r.FastBlurThreshold:100]]
[2020.11.27-18.01.21:504][  0]LogConfig: Setting CVar [[r.Upscale.Quality:3]]
[2020.11.27-18.01.21:504][  0]LogConfig: Setting CVar [[r.Tonemapper.GrainQuantization:1]]
[2020.11.27-18.01.21:504][  0]LogConfig: Setting CVar [[r.LightShaftQuality:1]]
[2020.11.27-18.01.21:504][  0]LogConfig: Setting CVar [[r.Filter.SizeScale:1]]
[2020.11.27-18.01.21:504][  0]LogConfig: Setting CVar [[r.Tonemapper.Quality:5]]
[2020.11.27-18.01.21:504][  0]LogConfig: Setting CVar [[r.DOF.Gather.AccumulatorQuality:1        ; higher gathering accumulator quality]]
[2020.11.27-18.01.21:504][  0]LogConfig: Setting CVar [[r.DOF.Gather.PostfilterMethod:1          ; Median3x3 postfilering method]]
[2020.11.27-18.01.21:504][  0]LogConfig: Setting CVar [[r.DOF.Gather.EnableBokehSettings:0       ; no bokeh simulation when gathering]]
[2020.11.27-18.01.21:504][  0]LogConfig: Setting CVar [[r.DOF.Gather.RingCount:4                 ; medium number of samples when gathering]]
[2020.11.27-18.01.21:504][  0]LogConfig: Setting CVar [[r.DOF.Scatter.ForegroundCompositing:1    ; additive foreground scattering]]
[2020.11.27-18.01.21:505][  0]LogConfig: Setting CVar [[r.DOF.Scatter.BackgroundCompositing:2    ; additive background scattering]]
[2020.11.27-18.01.21:505][  0]LogConfig: Setting CVar [[r.DOF.Scatter.EnableBokehSettings:1      ; bokeh simulation when scattering]]
[2020.11.27-18.01.21:505][  0]LogConfig: Setting CVar [[r.DOF.Scatter.MaxSpriteRatio:0.1         ; only a maximum of 10% of scattered bokeh]]
[2020.11.27-18.01.21:505][  0]LogConfig: Setting CVar [[r.DOF.Recombine.Quality:1                ; cheap slight out of focus]]
[2020.11.27-18.01.21:505][  0]LogConfig: Setting CVar [[r.DOF.Recombine.EnableBokehSettings:0    ; no bokeh simulation on slight out of focus]]
[2020.11.27-18.01.21:505][  0]LogConfig: Setting CVar [[r.DOF.TemporalAAQuality:1                ; more stable temporal accumulation]]
[2020.11.27-18.01.21:505][  0]LogConfig: Setting CVar [[r.DOF.Kernel.MaxForegroundRadius:0.025]]
[2020.11.27-18.01.21:505][  0]LogConfig: Setting CVar [[r.DOF.Kernel.MaxBackgroundRadius:0.025]]
[2020.11.27-18.01.21:505][  0]LogConfig: Applying CVar settings from Section [TextureQuality@3] File [C:/Users/1804824/Desktop/UnrealYouTubeRepo/UnrealAnimationPracticeVids/MyProject/Saved/Config/Windows/Scalability.ini]
[2020.11.27-18.01.21:505][  0]LogConfig: Setting CVar [[r.Streaming.MipBias:0]]
[2020.11.27-18.01.21:505][  0]LogConfig: Setting CVar [[r.Streaming.AmortizeCPUToGPUCopy:0]]
[2020.11.27-18.01.21:505][  0]LogConfig: Setting CVar [[r.Streaming.MaxNumTexturesToStreamPerFrame:0]]
[2020.11.27-18.01.21:505][  0]LogConfig: Setting CVar [[r.Streaming.Boost:1]]
[2020.11.27-18.01.21:505][  0]LogConfig: Setting CVar [[r.MaxAnisotropy:8]]
[2020.11.27-18.01.21:505][  0]LogConfig: Setting CVar [[r.Streaming.LimitPoolSizeToVRAM:0]]
[2020.11.27-18.01.21:505][  0]LogConfig: Setting CVar [[r.Streaming.PoolSize:1000]]
[2020.11.27-18.01.21:505][  0]LogConfig: Setting CVar [[r.Streaming.MaxEffectiveScreenSize:0]]
[2020.11.27-18.01.21:505][  0]LogConfig: Applying CVar settings from Section [EffectsQuality@3] File [C:/Users/1804824/Desktop/UnrealYouTubeRepo/UnrealAnimationPracticeVids/MyProject/Saved/Config/Windows/Scalability.ini]
[2020.11.27-18.01.21:505][  0]LogConfig: Setting CVar [[r.TranslucencyLightingVolumeDim:64]]
[2020.11.27-18.01.21:505][  0]LogConfig: Setting CVar [[r.RefractionQuality:2]]
[2020.11.27-18.01.21:505][  0]LogConfig: Setting CVar [[r.SSR.Quality:3]]
[2020.11.27-18.01.21:505][  0]LogConfig: Setting CVar [[r.SceneColorFormat:4]]
[2020.11.27-18.01.21:505][  0]LogConfig: Setting CVar [[r.DetailMode:2]]
[2020.11.27-18.01.21:505][  0]LogConfig: Setting CVar [[r.TranslucencyVolumeBlur:1]]
[2020.11.27-18.01.21:506][  0]LogConfig: Setting CVar [[r.MaterialQualityLevel:1 ; High quality]]
[2020.11.27-18.01.21:506][  0]LogConfig: Setting CVar [[r.SSS.Scale:1]]
[2020.11.27-18.01.21:506][  0]LogConfig: Setting CVar [[r.SSS.SampleSet:2]]
[2020.11.27-18.01.21:506][  0]LogConfig: Setting CVar [[r.SSS.Quality:1]]
[2020.11.27-18.01.21:506][  0]LogConfig: Setting CVar [[r.SSS.HalfRes:1]]
[2020.11.27-18.01.21:506][  0]LogConfig: Setting CVar [[r.EmitterSpawnRateScale:1.0]]
[2020.11.27-18.01.21:506][  0]LogConfig: Setting CVar [[r.ParticleLightQuality:2]]
[2020.11.27-18.01.21:506][  0]LogConfig: Applying CVar settings from Section [FoliageQuality@3] File [C:/Users/1804824/Desktop/UnrealYouTubeRepo/UnrealAnimationPracticeVids/MyProject/Saved/Config/Windows/Scalability.ini]
[2020.11.27-18.01.21:506][  0]LogConfig: Setting CVar [[foliage.DensityScale:1.0]]
[2020.11.27-18.01.21:506][  0]LogConfig: Setting CVar [[grass.DensityScale:1.0]]
[2020.11.27-18.01.21:506][  0]LogInit: Selected Device Profile: [Windows]
[2020.11.27-18.01.21:506][  0]LogInit: Applying CVar settings loaded from the selected device profile: [Windows]
[2020.11.27-18.01.21:514][  0]LogHAL: Display: Platform has ~ 32 GB [34169503744 / 34359738368 / 32], which maps to Largest [LargestMinGB=32, LargerMinGB=12, DefaultMinGB=8, SmallerMinGB=6, SmallestMinGB=0)
[2020.11.27-18.01.21:514][  0]LogConfig: Setting CVar [[r.Vulkan.UseRealUBs:0		; Required until we fix HLR fall-out]]
[2020.11.27-18.01.21:515][  0]LogInit: Going up to parent DeviceProfile []
[2020.11.27-18.01.21:515][  0]LogConfig: Applying CVar settings from Section [ViewDistanceQuality@3] File [C:/Users/1804824/Desktop/UnrealYouTubeRepo/UnrealAnimationPracticeVids/MyProject/Saved/Config/Windows/Scalability.ini]
[2020.11.27-18.01.21:515][  0]LogConfig: Setting CVar [[r.SkeletalMeshLODBias:0]]
[2020.11.27-18.01.21:515][  0]LogConfig: Setting CVar [[r.ViewDistanceScale:1.0]]
[2020.11.27-18.01.21:515][  0]LogConfig: Applying CVar settings from Section [AntiAliasingQuality@3] File [C:/Users/1804824/Desktop/UnrealYouTubeRepo/UnrealAnimationPracticeVids/MyProject/Saved/Config/Windows/Scalability.ini]
[2020.11.27-18.01.21:515][  0]LogConfig: Setting CVar [[r.PostProcessAAQuality:4]]
[2020.11.27-18.01.21:515][  0]LogConfig: Applying CVar settings from Section [ShadowQuality@3] File [C:/Users/1804824/Desktop/UnrealYouTubeRepo/UnrealAnimationPracticeVids/MyProject/Saved/Config/Windows/Scalability.ini]
[2020.11.27-18.01.21:515][  0]LogConfig: Setting CVar [[r.LightFunctionQuality:1]]
[2020.11.27-18.01.21:515][  0]LogConfig: Setting CVar [[r.ShadowQuality:5]]
[2020.11.27-18.01.21:516][  0]LogConfig: Setting CVar [[r.Shadow.CSM.MaxCascades:10]]
[2020.11.27-18.01.21:516][  0]LogConfig: Setting CVar [[r.Shadow.MaxResolution:2048]]
[2020.11.27-18.01.21:516][  0]LogConfig: Setting CVar [[r.Shadow.MaxCSMResolution:2048]]
[2020.11.27-18.01.21:516][  0]LogConfig: Setting CVar [[r.Shadow.RadiusThreshold:0.01]]
[2020.11.27-18.01.21:516][  0]LogConfig: Setting CVar [[r.Shadow.DistanceScale:1.0]]
[2020.11.27-18.01.21:516][  0]LogConfig: Setting CVar [[r.Shadow.CSM.TransitionScale:1.0]]
[2020.11.27-18.01.21:516][  0]LogConfig: Setting CVar [[r.Shadow.PreShadowResolutionFactor:1.0]]
[2020.11.27-18.01.21:516][  0]LogConfig: Setting CVar [[r.DistanceFieldShadowing:1]]
[2020.11.27-18.01.21:516][  0]LogConfig: Setting CVar [[r.DistanceFieldAO:1]]
[2020.11.27-18.01.21:516][  0]LogConfig: Setting CVar [[r.AOQuality:2]]
[2020.11.27-18.01.21:516][  0]LogConfig: Setting CVar [[r.VolumetricFog:1]]
[2020.11.27-18.01.21:516][  0]LogConfig: Setting CVar [[r.VolumetricFog.GridPixelSize:8]]
[2020.11.27-18.01.21:516][  0]LogConfig: Setting CVar [[r.VolumetricFog.GridSizeZ:128]]
[2020.11.27-18.01.21:516][  0]LogConfig: Setting CVar [[r.VolumetricFog.HistoryMissSupersampleCount:4]]
[2020.11.27-18.01.21:516][  0]LogConfig: Setting CVar [[r.LightMaxDrawDistanceScale:1]]
[2020.11.27-18.01.21:516][  0]LogConfig: Setting CVar [[r.CapsuleShadows:1]]
[2020.11.27-18.01.21:516][  0]LogConfig: Applying CVar settings from Section [PostProcessQuality@3] File [C:/Users/1804824/Desktop/UnrealYouTubeRepo/UnrealAnimationPracticeVids/MyProject/Saved/Config/Windows/Scalability.ini]
[2020.11.27-18.01.21:516][  0]LogConfig: Setting CVar [[r.MotionBlurQuality:4]]
[2020.11.27-18.01.21:516][  0]LogConfig: Setting CVar [[r.AmbientOcclusionMipLevelFactor:0.4]]
[2020.11.27-18.01.21:516][  0]LogConfig: Setting CVar [[r.AmbientOcclusionMaxQuality:100]]
[2020.11.27-18.01.21:517][  0]LogConfig: Setting CVar [[r.AmbientOcclusionLevels:-1]]
[2020.11.27-18.01.21:517][  0]LogConfig: Setting CVar [[r.AmbientOcclusionRadiusScale:1.0]]
[2020.11.27-18.01.21:517][  0]LogConfig: Setting CVar [[r.DepthOfFieldQuality:2]]
[2020.11.27-18.01.21:517][  0]LogConfig: Setting CVar [[r.RenderTargetPoolMin:400]]
[2020.11.27-18.01.21:517][  0]LogConfig: Setting CVar [[r.LensFlareQuality:2]]
[2020.11.27-18.01.21:517][  0]LogConfig: Setting CVar [[r.SceneColorFringeQuality:1]]
[2020.11.27-18.01.21:517][  0]LogConfig: Setting CVar [[r.EyeAdaptationQuality:2]]
[2020.11.27-18.01.21:517][  0]LogConfig: Setting CVar [[r.BloomQuality:5]]
[2020.11.27-18.01.21:517][  0]LogConfig: Setting CVar [[r.FastBlurThreshold:100]]
[2020.11.27-18.01.21:517][  0]LogConfig: Setting CVar [[r.Upscale.Quality:3]]
[2020.11.27-18.01.21:517][  0]LogConfig: Setting CVar [[r.Tonemapper.GrainQuantization:1]]
[2020.11.27-18.01.21:517][  0]LogConfig: Setting CVar [[r.LightShaftQuality:1]]
[2020.11.27-18.01.21:517][  0]LogConfig: Setting CVar [[r.Filter.SizeScale:1]]
[2020.11.27-18.01.21:517][  0]LogConfig: Setting CVar [[r.Tonemapper.Quality:5]]
[2020.11.27-18.01.21:517][  0]LogConfig: Setting CVar [[r.DOF.Gather.AccumulatorQuality:1        ; higher gathering accumulator quality]]
[2020.11.27-18.01.21:517][  0]LogConfig: Setting CVar [[r.DOF.Gather.PostfilterMethod:1          ; Median3x3 postfilering method]]
[2020.11.27-18.01.21:517][  0]LogConfig: Setting CVar [[r.DOF.Gather.EnableBokehSettings:0       ; no bokeh simulation when gathering]]
[2020.11.27-18.01.21:517][  0]LogConfig: Setting CVar [[r.DOF.Gather.RingCount:4                 ; medium number of samples when gathering]]
[2020.11.27-18.01.21:517][  0]LogConfig: Setting CVar [[r.DOF.Scatter.ForegroundCompositing:1    ; additive foreground scattering]]
[2020.11.27-18.01.21:517][  0]LogConfig: Setting CVar [[r.DOF.Scatter.BackgroundCompositing:2    ; additive background scattering]]
[2020.11.27-18.01.21:517][  0]LogConfig: Setting CVar [[r.DOF.Scatter.EnableBokehSettings:1      ; bokeh simulation when scattering]]
[2020.11.27-18.01.21:517][  0]LogConfig: Setting CVar [[r.DOF.Scatter.MaxSpriteRatio:0.1         ; only a maximum of 10% of scattered bokeh]]
[2020.11.27-18.01.21:517][  0]LogConfig: Setting CVar [[r.DOF.Recombine.Quality:1                ; cheap slight out of focus]]
[2020.11.27-18.01.21:517][  0]LogConfig: Setting CVar [[r.DOF.Recombine.EnableBokehSettings:0    ; no bokeh simulation on slight out of focus]]
[2020.11.27-18.01.21:518][  0]LogConfig: Setting CVar [[r.DOF.TemporalAAQuality:1                ; more stable temporal accumulation]]
[2020.11.27-18.01.21:518][  0]LogConfig: Setting CVar [[r.DOF.Kernel.MaxForegroundRadius:0.025]]
[2020.11.27-18.01.21:518][  0]LogConfig: Setting CVar [[r.DOF.Kernel.MaxBackgroundRadius:0.025]]
[2020.11.27-18.01.21:518][  0]LogConfig: Applying CVar settings from Section [TextureQuality@3] File [C:/Users/1804824/Desktop/UnrealYouTubeRepo/UnrealAnimationPracticeVids/MyProject/Saved/Config/Windows/Scalability.ini]
[2020.11.27-18.01.21:518][  0]LogConfig: Setting CVar [[r.Streaming.MipBias:0]]
[2020.11.27-18.01.21:518][  0]LogConfig: Setting CVar [[r.Streaming.AmortizeCPUToGPUCopy:0]]
[2020.11.27-18.01.21:518][  0]LogConfig: Setting CVar [[r.Streaming.MaxNumTexturesToStreamPerFrame:0]]
[2020.11.27-18.01.21:518][  0]LogConfig: Setting CVar [[r.Streaming.Boost:1]]
[2020.11.27-18.01.21:518][  0]LogConfig: Setting CVar [[r.MaxAnisotropy:8]]
[2020.11.27-18.01.21:518][  0]LogConfig: Setting CVar [[r.Streaming.LimitPoolSizeToVRAM:0]]
[2020.11.27-18.01.21:518][  0]LogConfig: Setting CVar [[r.Streaming.PoolSize:1000]]
[2020.11.27-18.01.21:518][  0]LogConfig: Setting CVar [[r.Streaming.MaxEffectiveScreenSize:0]]
[2020.11.27-18.01.21:518][  0]LogConfig: Applying CVar settings from Section [EffectsQuality@3] File [C:/Users/1804824/Desktop/UnrealYouTubeRepo/UnrealAnimationPracticeVids/MyProject/Saved/Config/Windows/Scalability.ini]
[2020.11.27-18.01.21:518][  0]LogConfig: Setting CVar [[r.TranslucencyLightingVolumeDim:64]]
[2020.11.27-18.01.21:518][  0]LogConfig: Setting CVar [[r.RefractionQuality:2]]
[2020.11.27-18.01.21:518][  0]LogConfig: Setting CVar [[r.SSR.Quality:3]]
[2020.11.27-18.01.21:518][  0]LogConfig: Setting CVar [[r.SceneColorFormat:4]]
[2020.11.27-18.01.21:518][  0]LogConfig: Setting CVar [[r.DetailMode:2]]
[2020.11.27-18.01.21:518][  0]LogConfig: Setting CVar [[r.TranslucencyVolumeBlur:1]]
[2020.11.27-18.01.21:518][  0]LogConfig: Setting CVar [[r.MaterialQualityLevel:1 ; High quality]]
[2020.11.27-18.01.21:518][  0]LogConfig: Setting CVar [[r.SSS.Scale:1]]
[2020.11.27-18.01.21:518][  0]LogConfig: Setting CVar [[r.SSS.SampleSet:2]]
[2020.11.27-18.01.21:518][  0]LogConfig: Setting CVar [[r.SSS.Quality:1]]
[2020.11.27-18.01.21:519][  0]LogConfig: Setting CVar [[r.SSS.HalfRes:1]]
[2020.11.27-18.01.21:519][  0]LogConfig: Setting CVar [[r.EmitterSpawnRateScale:1.0]]
[2020.11.27-18.01.21:519][  0]LogConfig: Setting CVar [[r.ParticleLightQuality:2]]
[2020.11.27-18.01.21:519][  0]LogConfig: Applying CVar settings from Section [FoliageQuality@3] File [C:/Users/1804824/Desktop/UnrealYouTubeRepo/UnrealAnimationPracticeVids/MyProject/Saved/Config/Windows/Scalability.ini]
[2020.11.27-18.01.21:519][  0]LogConfig: Setting CVar [[foliage.DensityScale:1.0]]
[2020.11.27-18.01.21:519][  0]LogConfig: Setting CVar [[grass.DensityScale:1.0]]
[2020.11.27-18.01.21:519][  0]LogConfig: Applying CVar settings from Section [Startup] File [../../../Engine/Config/ConsoleVariables.ini]
[2020.11.27-18.01.21:519][  0]LogConfig: Setting CVar [[net.UseAdaptiveNetUpdateFrequency:0]]
[2020.11.27-18.01.21:519][  0]LogConfig: Setting CVar [[p.chaos.AllowCreatePhysxBodies:1]]
[2020.11.27-18.01.21:519][  0]LogConfig: Applying CVar settings from Section [ConsoleVariables] File [C:/Users/1804824/Desktop/UnrealYouTubeRepo/UnrealAnimationPracticeVids/MyProject/Saved/Config/Windows/Engine.ini]
[2020.11.27-18.01.21:519][  0]LogInit: Computer: UL04PCJL11D-18
[2020.11.27-18.01.21:519][  0]LogInit: User: 1804824
[2020.11.27-18.01.21:519][  0]LogInit: CPU Page size=4096, Cores=8
[2020.11.27-18.01.21:519][  0]LogInit: High frequency timer resolution =10.000000 MHz
[2020.11.27-18.01.21:520][  0]LogMemory: Memory total: Physical=31.8GB (32GB approx)
[2020.11.27-18.01.21:520][  0]LogMemory: Platform Memory Stats for Windows
[2020.11.27-18.01.21:520][  0]LogMemory: Process Physical Memory: 103.06 MB used, 103.07 MB peak
[2020.11.27-18.01.21:520][  0]LogMemory: Process Virtual Memory: 97.32 MB used, 97.32 MB peak
[2020.11.27-18.01.21:520][  0]LogMemory: Physical Memory: 13177.87 MB used,  19408.71 MB free, 32586.58 MB total
[2020.11.27-18.01.21:520][  0]LogMemory: Virtual Memory: 4682.67 MB used,  134213048.00 MB free, 134217728.00 MB total
[2020.11.27-18.01.21:695][  0]LogInit: Using OS detected language (en-US).
[2020.11.27-18.01.21:695][  0]LogInit: Using OS detected locale (en-GB).
[2020.11.27-18.01.21:696][  0]LogTextLocalizationManager: No specific localization for 'en-US' exists, so the 'en' localization will be used.
[2020.11.27-18.01.21:810][  0]LogInit: Setting process to per monitor DPI aware
[2020.11.27-18.01.21:846][  0]LogSlate: New Slate User Created.  User Index 0, Is Virtual User: 0
[2020.11.27-18.01.21:846][  0]LogSlate: Slate User Registered.  User Index 0, Is Virtual User: 0
[2020.11.27-18.01.22:095][  0]LogHMD: Failed to initialize OpenVR with code 110
[2020.11.27-18.01.22:095][  0]LogD3D11RHI: D3D11 adapters:
[2020.11.27-18.01.22:185][  0]LogD3D11RHI:    0. 'NVIDIA GeForce RTX 2080' (Feature Level 11_0)
[2020.11.27-18.01.22:185][  0]LogD3D11RHI:       8010/0/16293 MB DedicatedVideo/DedicatedSystem/SharedSystem, Outputs:2, VendorId:0x10de
[2020.11.27-18.01.22:221][  0]LogD3D11RHI:    1. 'Intel(R) UHD Graphics 630' (Feature Level 11_0)
[2020.11.27-18.01.22:221][  0]LogD3D11RHI:       128/0/16293 MB DedicatedVideo/DedicatedSystem/SharedSystem, Outputs:0, VendorId:0x8086
[2020.11.27-18.01.22:225][  0]LogD3D11RHI:    2. 'Microsoft Basic Render Driver' (Feature Level 11_0)
[2020.11.27-18.01.22:225][  0]LogD3D11RHI:       0/0/16293 MB DedicatedVideo/DedicatedSystem/SharedSystem, Outputs:0, VendorId:0x1414
[2020.11.27-18.01.22:225][  0]LogD3D11RHI: Chosen D3D11 Adapter: 0
[2020.11.27-18.01.22:236][  0]LogD3D11RHI: Creating new Direct3DDevice
[2020.11.27-18.01.22:237][  0]LogD3D11RHI:     GPU DeviceId: 0x1e87 (for the marketing name, search the web for "GPU Device Id")
[2020.11.27-18.01.22:237][  0]LogWindows: EnumDisplayDevices:
[2020.11.27-18.01.22:237][  0]LogWindows:    0. 'NVIDIA GeForce RTX 2080' (P:1 D:1)
[2020.11.27-18.01.22:237][  0]LogWindows:    1. 'NVIDIA GeForce RTX 2080' (P:0 D:1)
[2020.11.27-18.01.22:238][  0]LogWindows:    2. 'NVIDIA GeForce RTX 2080' (P:0 D:0)
[2020.11.27-18.01.22:238][  0]LogWindows:    3. 'NVIDIA GeForce RTX 2080' (P:0 D:0)
[2020.11.27-18.01.22:238][  0]LogWindows:    4. 'Intel(R) UHD Graphics 630' (P:0 D:0)
[2020.11.27-18.01.22:238][  0]LogWindows:    5. 'Intel(R) UHD Graphics 630' (P:0 D:0)
[2020.11.27-18.01.22:239][  0]LogWindows:    6. 'Intel(R) UHD Graphics 630' (P:0 D:0)
[2020.11.27-18.01.22:239][  0]LogWindows: DebugString: PrimaryIsNotTheChoosenAdapter PrimaryIsNotTheChoosenAdapter PrimaryIsNotTheChoosenAdapter FoundDriverCount:4 
[2020.11.27-18.01.22:239][  0]LogD3D11RHI:     Adapter Name: NVIDIA GeForce RTX 2080
[2020.11.27-18.01.22:239][  0]LogD3D11RHI:   Driver Version: 436.15 (internal:26.21.14.3615, unified:436.15)
[2020.11.27-18.01.22:239][  0]LogD3D11RHI:      Driver Date: 8-24-2019
[2020.11.27-18.01.22:239][  0]LogRHI: Texture pool is 5607 MB (70% of 8010 MB)
[2020.11.27-18.01.22:281][  0]LogD3D11RHI: Async texture creation enabled
[2020.11.27-18.01.22:283][  0]LogRendererCore: FGlobalReadBuffer::InitRHI
[2020.11.27-18.01.22:284][  0]LogRendererCore: FGlobalReadBuffer::InitRHI
[2020.11.27-18.01.22:284][  0]LogRendererCore: FGlobalReadBuffer::InitRHI
[2020.11.27-18.01.22:291][  0]LogD3D11RHI: GPU Timing Frequency: 1000.000000 (Debug: 2 1)
[2020.11.27-18.01.22:600][  0]LogTemp: Display: Module 'AllDesktopTargetPlatform' loaded TargetPlatform 'AllDesktop'
[2020.11.27-18.01.22:613][  0]LogTemp: Display: Module 'MacClientTargetPlatform' loaded TargetPlatform 'MacClient'
[2020.11.27-18.01.22:625][  0]LogTemp: Display: Module 'MacNoEditorTargetPlatform' loaded TargetPlatform 'MacNoEditor'
[2020.11.27-18.01.22:638][  0]LogTemp: Display: Module 'MacServerTargetPlatform' loaded TargetPlatform 'MacServer'
[2020.11.27-18.01.22:651][  0]LogTemp: Display: Module 'MacTargetPlatform' loaded TargetPlatform 'Mac'
[2020.11.27-18.01.22:663][  0]LogTemp: Display: Module 'WindowsClientTargetPlatform' loaded TargetPlatform 'WindowsClient'
[2020.11.27-18.01.22:676][  0]LogTemp: Display: Module 'WindowsNoEditorTargetPlatform' loaded TargetPlatform 'WindowsNoEditor'
[2020.11.27-18.01.22:689][  0]LogTemp: Display: Module 'WindowsServerTargetPlatform' loaded TargetPlatform 'WindowsServer'
[2020.11.27-18.01.22:696][  0]LogTemp: Display: Module 'WindowsTargetPlatform' loaded TargetPlatform 'Windows'
[2020.11.27-18.01.22:758][  0]LogTemp: Display: Module 'AndroidTargetPlatform' loaded TargetPlatform 'Android'
[2020.11.27-18.01.22:758][  0]LogTemp: Display: Module 'AndroidTargetPlatform' loaded TargetPlatform 'Android_ASTC'
[2020.11.27-18.01.22:758][  0]LogTemp: Display: Module 'AndroidTargetPlatform' loaded TargetPlatform 'Android_ATC'
[2020.11.27-18.01.22:758][  0]LogTemp: Display: Module 'AndroidTargetPlatform' loaded TargetPlatform 'Android_DXT'
[2020.11.27-18.01.22:758][  0]LogTemp: Display: Module 'AndroidTargetPlatform' loaded TargetPlatform 'Android_ETC1'
[2020.11.27-18.01.22:758][  0]LogTemp: Display: Module 'AndroidTargetPlatform' loaded TargetPlatform 'Android_ETC1a'
[2020.11.27-18.01.22:759][  0]LogTemp: Display: Module 'AndroidTargetPlatform' loaded TargetPlatform 'Android_ETC2'
[2020.11.27-18.01.22:759][  0]LogTemp: Display: Module 'AndroidTargetPlatform' loaded TargetPlatform 'Android_PVRTC'
[2020.11.27-18.01.22:759][  0]LogTemp: Display: Module 'AndroidTargetPlatform' loaded TargetPlatform 'AndroidClient'
[2020.11.27-18.01.22:759][  0]LogTemp: Display: Module 'AndroidTargetPlatform' loaded TargetPlatform 'Android_ASTCClient'
[2020.11.27-18.01.22:759][  0]LogTemp: Display: Module 'AndroidTargetPlatform' loaded TargetPlatform 'Android_ATCClient'
[2020.11.27-18.01.22:759][  0]LogTemp: Display: Module 'AndroidTargetPlatform' loaded TargetPlatform 'Android_DXTClient'
[2020.11.27-18.01.22:759][  0]LogTemp: Display: Module 'AndroidTargetPlatform' loaded TargetPlatform 'Android_ETC1Client'
[2020.11.27-18.01.22:759][  0]LogTemp: Display: Module 'AndroidTargetPlatform' loaded TargetPlatform 'Android_ETC1aClient'
[2020.11.27-18.01.22:759][  0]LogTemp: Display: Module 'AndroidTargetPlatform' loaded TargetPlatform 'Android_ETC2Client'
[2020.11.27-18.01.22:759][  0]LogTemp: Display: Module 'AndroidTargetPlatform' loaded TargetPlatform 'Android_PVRTCClient'
[2020.11.27-18.01.22:759][  0]LogTemp: Display: Module 'AndroidTargetPlatform' loaded TargetPlatform 'Android_Multi'
[2020.11.27-18.01.22:760][  0]LogTemp: Display: Module 'AndroidTargetPlatform' loaded TargetPlatform 'Android_MultiClient'
[2020.11.27-18.01.22:762][  0]LogTemp: Display: Module 'HTML5TargetPlatform' loaded TargetPlatform 'HTML5'
[2020.11.27-18.01.22:813][  0]LogTemp: Display: Module 'IOSTargetPlatform' loaded TargetPlatform 'IOSClient'
[2020.11.27-18.01.22:813][  0]LogTemp: Display: Module 'IOSTargetPlatform' loaded TargetPlatform 'IOS'
[2020.11.27-18.01.22:834][  0]LogTemp: Display: Module 'TVOSTargetPlatform' loaded TargetPlatform 'TVOSClient'
[2020.11.27-18.01.22:834][  0]LogTemp: Display: Module 'TVOSTargetPlatform' loaded TargetPlatform 'TVOS'
[2020.11.27-18.01.22:846][  0]LogTemp: Display: Module 'LinuxClientTargetPlatform' loaded TargetPlatform 'LinuxClient'
[2020.11.27-18.01.22:858][  0]LogTemp: Display: Module 'LinuxNoEditorTargetPlatform' loaded TargetPlatform 'LinuxNoEditor'
[2020.11.27-18.01.22:870][  0]LogTemp: Display: Module 'LinuxServerTargetPlatform' loaded TargetPlatform 'LinuxServer'
[2020.11.27-18.01.22:882][  0]LogTemp: Display: Module 'LinuxTargetPlatform' loaded TargetPlatform 'Linux'
[2020.11.27-18.01.22:919][  0]LogTemp: Display: Module 'LuminTargetPlatform' loaded TargetPlatform 'Lumin'
[2020.11.27-18.01.22:919][  0]LogTemp: Display: Module 'LuminTargetPlatform' loaded TargetPlatform 'LuminClient'
[2020.11.27-18.01.22:919][  0]LogTargetPlatformManager: Display: Building Assets For Windows
[2020.11.27-18.01.22:933][  0]LogAudioDebug: Display: Lib vorbis DLL was dynamically loaded.
[2020.11.27-18.01.23:002][  0]LogShaderCompilers: Guid format shader working directory is -45 characters bigger than the processId version (../../../../../Users/1804824/Desktop/UnrealYouTubeRepo/UnrealAnimationPracticeVids/MyProject/Intermediate/Shaders/WorkingDirectory/27332/).
[2020.11.27-18.01.23:002][  0]LogShaderCompilers: Cleaned the shader compiler working directory 'C:/Users/1804824/AppData/Local/Temp/UnrealShaderWorkingDir/637E0AC74CA810BC310406B000EED4CA/'.
[2020.11.27-18.01.23:004][  0]LogXGEController: Cleaning working directory: C:/Users/1804824/AppData/Local/Temp/UnrealXGEWorkingDir/
[2020.11.27-18.01.23:004][  0]LogXGEController: Cannot use XGE Controller as Incredibuild is not installed on this machine.
[2020.11.27-18.01.23:004][  0]LogShaderCompilers: Cannot use XGE Shader Compiler as Incredibuild is not installed on this machine.
[2020.11.27-18.01.23:004][  0]LogShaderCompilers: Display: Using Local Shader Compiler.
[2020.11.27-18.01.23:461][  0]LogDerivedDataCache: Display: Max Cache Size: 512 MB
[2020.11.27-18.01.23:499][  0]LogDerivedDataCache: Loaded boot cache 0.04s 80MB C:/Users/1804824/AppData/Local/UnrealEngine/4.22/DerivedDataCache/Boot.ddc.
[2020.11.27-18.01.23:499][  0]LogDerivedDataCache: Display: Loaded Boot cache: C:/Users/1804824/AppData/Local/UnrealEngine/4.22/DerivedDataCache/Boot.ddc
[2020.11.27-18.01.23:500][  0]LogDerivedDataCache: FDerivedDataBackendGraph:  Pak pak cache file ../../../../../Users/1804824/Desktop/UnrealYouTubeRepo/UnrealAnimationPracticeVids/MyProject/DerivedDataCache/DDC.ddp not found, will not use a pak cache.
[2020.11.27-18.01.23:500][  0]LogDerivedDataCache: Unable to find inner node Pak for hierarchical cache Hierarchy.
[2020.11.27-18.01.23:500][  0]LogDerivedDataCache: FDerivedDataBackendGraph:  CompressedPak pak cache file ../../../../../Users/1804824/Desktop/UnrealYouTubeRepo/UnrealAnimationPracticeVids/MyProject/DerivedDataCache/Compressed.ddp not found, will not use a pak cache.
[2020.11.27-18.01.23:500][  0]LogDerivedDataCache: Unable to find inner node CompressedPak for hierarchical cache Hierarchy.
[2020.11.27-18.01.23:509][  0]LogDerivedDataCache: Display: Pak cache opened for reading ../../../Engine/DerivedDataCache/Compressed.ddp.
[2020.11.27-18.01.23:510][  0]LogDerivedDataCache: FDerivedDataBackendGraph:  EnterprisePak pak cache file ../../../Enterprise/DerivedDataCache/Compressed.ddp not found, will not use a pak cache.
[2020.11.27-18.01.23:510][  0]LogDerivedDataCache: Unable to find inner node EnterprisePak for hierarchical cache Hierarchy.
[2020.11.27-18.01.23:522][  0]LogDerivedDataCache: Using Local data cache path C:/Users/1804824/AppData/Local/UnrealEngine/Common/DerivedDataCache: Writable
[2020.11.27-18.01.23:522][  0]LogDerivedDataCache: Shared data cache path not found in *engine.ini, will not use an Shared cache.
[2020.11.27-18.01.23:522][  0]LogDerivedDataCache: Unable to find inner node Shared for hierarchical cache Hierarchy.
[2020.11.27-18.01.23:538][  0]LogMaterial: Verifying Global Shaders for PCD3D_SM5
[2020.11.27-18.01.23:539][  0]LogSlate: Using FreeType 2.6.0
[2020.11.27-18.01.23:540][  0]LogSlate: SlateFontServices - WITH_FREETYPE: 1, WITH_HARFBUZZ: 1
[2020.11.27-18.01.23:638][  0]LogAssetRegistry: FAssetRegistry took 0.0341 seconds to start up
[2020.11.27-18.01.23:882][  0]LogInit: Selected Device Profile: [Windows]
[2020.11.27-18.01.23:999][  0]LogMeshReduction: Using QuadricMeshReduction for automatic static mesh reduction
[2020.11.27-18.01.23:999][  0]LogMeshReduction: Using SimplygonMeshReduction for automatic skeletal mesh reduction
[2020.11.27-18.01.23:999][  0]LogMeshReduction: Using ProxyLODMeshReduction for automatic mesh merging
[2020.11.27-18.01.23:999][  0]LogMeshReduction: No distributed automatic mesh merging module available
[2020.11.27-18.01.23:999][  0]LogMeshMerging: No distributed automatic mesh merging module available
[2020.11.27-18.01.24:006][  0]LogNetVersion: MyProject 1.0.0, NetCL: 5660361, EngineNetVer: 10, GameNetVer: 0 (Checksum: 2788865488)
[2020.11.27-18.01.24:314][  0]LogPackageLocalizationCache: Processed 10 localized package path(s) for 1 prioritized culture(s) in 0.033063 seconds
[2020.11.27-18.01.24:319][  0]LogUObjectArray: 42205 objects as part of root set at end of initial load.
[2020.11.27-18.01.24:319][  0]LogUObjectAllocator: 7325032 out of 0 bytes used by permanent object pool.
[2020.11.27-18.01.24:319][  0]LogUObjectArray: CloseDisregardForGC: 0/0 objects in disregard for GC pool
[2020.11.27-18.01.25:296][  0]LogTcpMessaging: Initializing TcpMessaging bridge
[2020.11.27-18.01.25:312][  0]LogUdpMessaging: Initializing bridge on interface 0.0.0.0:0 to multicast group 230.0.0.1:6666.
[2020.11.27-18.01.25:612][  0]SourceControl: Source control is disabled
[2020.11.27-18.01.25:612][  0]SourceControl: Source control is disabled
[2020.11.27-18.01.25:614][  0]SourceControl: Source control is disabled
[2020.11.27-18.01.25:617][  0]SourceControl: Source control is disabled
[2020.11.27-18.01.25:737][  0]LogAndroidPermission: UAndroidPermissionCallbackProxy::GetInstance
[2020.11.27-18.01.25:938][  0]LogOcInput: OculusInput pre-init called
[2020.11.27-18.01.26:757][  0]LogEngine: Initializing Engine...
[2020.11.27-18.01.26:758][  0]LogHMD: Failed to initialize OpenVR with code 110
[2020.11.27-18.01.26:759][  0]LogStats: UGameplayTagsManager::InitializeManager -  0.000 s
[2020.11.27-18.01.26:911][  0]LogInit: Initializing FReadOnlyCVARCache
[2020.11.27-18.01.26:923][  0]LogAIModule: Creating AISystem for world Untitled
[2020.11.27-18.01.26:969][  0]LogInit: XAudio2 using 'Speakers/Headphones (Realtek(R) Audio)' : 2 channels at 48 kHz using 32 bits per sample (channel mask 0x3)
[2020.11.27-18.01.27:035][  0]LogInit: FAudioDevice initialized.
[2020.11.27-18.01.27:036][  0]LogNetVersion: Set ProjectVersion to 1.0.0.0. Version Checksum will be recalculated on next use.
[2020.11.27-18.01.27:078][  0]LogDerivedDataCache: Saved boot cache 0.04s 80MB C:/Users/1804824/AppData/Local/UnrealEngine/4.22/DerivedDataCache/Boot.ddc.
[2020.11.27-18.01.27:081][  0]LogInit: Texture streaming: Enabled
[2020.11.27-18.01.27:103][  0]LogEngineSessionManager: EngineSessionManager initialized
[2020.11.27-18.01.27:103][  0]LogEngineSessionManager: EngineSessionManager sent abnormal shutdown report. Type=Debugger, SessionId={A0748E23-47AD-6DA1-1DFE-9F9718CC0597}
[2020.11.27-18.01.27:118][  0]LogInit: Transaction tracking system initialized
[2020.11.27-18.01.27:146][  0]BlueprintLog: New page: Editor Load
[2020.11.27-18.01.27:246][  0]LocalizationService: Localization service is disabled
[2020.11.27-18.01.27:516][  0]LogFileCache: Scanning file cache for directory 'C:/Users/1804824/Desktop/UnrealYouTubeRepo/UnrealAnimationPracticeVids/MyProject/Content/' took 0.02s
[2020.11.27-18.01.27:516][  0]LogCook: Display: Max memory allowance for cook 16384mb min free memory 0mb
[2020.11.27-18.01.27:516][  0]LogCook: Display: Mobile HDR setting 1
[2020.11.27-18.01.27:716][  0]SourceControl: Source control is disabled
[2020.11.27-18.01.27:716][  0]LightingResults: New page: Lighting Build
[2020.11.27-18.01.27:718][  0]MapCheck: New page: Map Check
[2020.11.27-18.01.27:718][  0]LightingResults: New page: Lighting Build
[2020.11.27-18.01.27:746][  0]LogUObjectHash: Compacting FUObjectHashTables data took   1.48ms
[2020.11.27-18.01.27:818][  0]LogAIModule: Creating AISystem for world ThirdPersonExampleMap
[2020.11.27-18.01.27:827][  0]LogEditorServer: Finished looking for orphan Actors (0.000 secs)
[2020.11.27-18.01.27:852][  0]LogUObjectHash: Compacting FUObjectHashTables data took   1.40ms
[2020.11.27-18.01.27:853][  0]Cmd: MAP CHECKDEP NOCLEARLOG
[2020.11.27-18.01.27:853][  0]MapCheck: Map check complete: 0 Error(s), 0 Warning(s), took 0.129ms to complete.
[2020.11.27-18.01.27:853][  0]LogFileHelpers: Loading map 'ThirdPersonExampleMap' took 0.137
[2020.11.27-18.01.27:946][  0]LogSlate: Updating window title bar state: overlay mode, drag disabled, window buttons hidden, title bar hidden
[2020.11.27-18.01.27:952][  0]LogSlate: Updating window title bar state: overlay mode, drag disabled, window buttons hidden, title bar hidden
[2020.11.27-18.01.27:957][  0]LogSlate: Updating window title bar state: overlay mode, drag disabled, window buttons hidden, title bar hidden
[2020.11.27-18.01.27:963][  0]LogSlate: Updating window title bar state: overlay mode, drag disabled, window buttons hidden, title bar hidden
[2020.11.27-18.01.27:970][  0]LogCollectionManager: Loaded 0 collections in 0.001192 seconds
[2020.11.27-18.01.28:013][  0]LogFileCache: Scanning file cache for directory 'C:/Users/1804824/Desktop/UnrealYouTubeRepo/UnrealAnimationPracticeVids/MyProject/Saved/Collections/' took 0.01s
[2020.11.27-18.01.28:013][  0]LogFileCache: Scanning file cache for directory 'C:/Users/1804824/Desktop/UnrealYouTubeRepo/UnrealAnimationPracticeVids/MyProject/Content/Developers/1804824/Collections/' took 0.01s
[2020.11.27-18.01.28:013][  0]LogFileCache: Scanning file cache for directory 'C:/Users/1804824/Desktop/UnrealYouTubeRepo/UnrealAnimationPracticeVids/MyProject/Content/Collections/' took 0.01s
[2020.11.27-18.01.28:013][  0]LogCollectionManager: Rebuilt the GUID cache for 0 collections in 0.000000 seconds
[2020.11.27-18.01.28:020][  0]LogContentBrowser: Native class hierarchy populated in 0.0065 seconds. Added 2748 classes and 667 folders.
[2020.11.27-18.01.28:024][  0]LogContentBrowser: Native class hierarchy updated for 'WidgetCarousel' in 0.0003 seconds. Added 0 classes and 0 folders.
[2020.11.27-18.01.28:027][  0]LogPakFile: Registered encryption key '00000000000000000000000000000000': 0 pak files mounted, 0 remain pending
[2020.11.27-18.01.28:027][  0]LogPakFile: Registered encryption key '00000000000000000000000000000000': 0 pak files mounted, 0 remain pending
[2020.11.27-18.01.28:028][  0]LogPakFile: Registered encryption key '00000000000000000000000000000000': 0 pak files mounted, 0 remain pending
[2020.11.27-18.01.28:029][  0]LogPakFile: Registered encryption key '00000000000000000000000000000000': 0 pak files mounted, 0 remain pending
[2020.11.27-18.01.28:029][  0]LogPakFile: Registered encryption key '00000000000000000000000000000000': 0 pak files mounted, 0 remain pending
[2020.11.27-18.01.28:030][  0]LogPakFile: Registered encryption key '00000000000000000000000000000000': 0 pak files mounted, 0 remain pending
[2020.11.27-18.01.28:031][  0]LogPakFile: Registered encryption key '00000000000000000000000000000000': 0 pak files mounted, 0 remain pending
[2020.11.27-18.01.28:031][  0]LogPakFile: Registered encryption key '00000000000000000000000000000000': 0 pak files mounted, 0 remain pending
[2020.11.27-18.01.28:032][  0]LogPakFile: Registered encryption key '00000000000000000000000000000000': 0 pak files mounted, 0 remain pending
[2020.11.27-18.01.28:033][  0]LogPakFile: Registered encryption key '00000000000000000000000000000000': 0 pak files mounted, 0 remain pending
[2020.11.27-18.01.28:033][  0]LogPakFile: Registered encryption key '00000000000000000000000000000000': 0 pak files mounted, 0 remain pending
[2020.11.27-18.01.28:034][  0]LogPakFile: Registered encryption key '00000000000000000000000000000000': 0 pak files mounted, 0 remain pending
[2020.11.27-18.01.28:035][  0]LogPakFile: Registered encryption key '00000000000000000000000000000000': 0 pak files mounted, 0 remain pending
[2020.11.27-18.01.28:035][  0]LogPakFile: Registered encryption key '00000000000000000000000000000000': 0 pak files mounted, 0 remain pending
[2020.11.27-18.01.28:036][  0]LogPakFile: Registered encryption key '00000000000000000000000000000000': 0 pak files mounted, 0 remain pending
[2020.11.27-18.01.28:037][  0]LogPakFile: Registered encryption key '00000000000000000000000000000000': 0 pak files mounted, 0 remain pending
[2020.11.27-18.01.28:037][  0]LogPakFile: Registered encryption key '00000000000000000000000000000000': 0 pak files mounted, 0 remain pending
[2020.11.27-18.01.28:038][  0]LogPakFile: Registered encryption key '00000000000000000000000000000000': 0 pak files mounted, 0 remain pending
[2020.11.27-18.01.28:039][  0]LogPakFile: Registered encryption key '00000000000000000000000000000000': 0 pak files mounted, 0 remain pending
[2020.11.27-18.01.28:039][  0]LogPakFile: Registered encryption key '00000000000000000000000000000000': 0 pak files mounted, 0 remain pending
[2020.11.27-18.01.28:040][  0]LogPakFile: Registered encryption key '00000000000000000000000000000000': 0 pak files mounted, 0 remain pending
[2020.11.27-18.01.28:040][  0]LogPakFile: Registered encryption key '00000000000000000000000000000000': 0 pak files mounted, 0 remain pending
[2020.11.27-18.01.28:041][  0]LogPakFile: Registered encryption key '00000000000000000000000000000000': 0 pak files mounted, 0 remain pending
[2020.11.27-18.01.28:042][  0]LogPakFile: Registered encryption key '00000000000000000000000000000000': 0 pak files mounted, 0 remain pending
[2020.11.27-18.01.28:042][  0]LogPakFile: Registered encryption key '00000000000000000000000000000000': 0 pak files mounted, 0 remain pending
[2020.11.27-18.01.28:043][  0]LogPakFile: Registered encryption key '00000000000000000000000000000000': 0 pak files mounted, 0 remain pending
[2020.11.27-18.01.28:078][  0]LogContentBrowser: Native class hierarchy updated for 'AddContentDialog' in 0.0003 seconds. Added 0 classes and 0 folders.
[2020.11.27-18.01.28:086][  0]LogContentBrowser: Native class hierarchy updated for 'SceneOutliner' in 0.0003 seconds. Added 1 classes and 2 folders.
[2020.11.27-18.01.28:126][  0]LogContentBrowser: Native class hierarchy updated for 'HierarchicalLODOutliner' in 0.0003 seconds. Added 0 classes and 0 folders.
[2020.11.27-18.01.28:126][  0]LogLoad: (Engine Initialization) Total time: 9.40 seconds
[2020.11.27-18.01.28:126][  0]LogLoad: (Engine Initialization) Total Blueprint compile time: 0.00 seconds
[2020.11.27-18.01.28:154][  0]LogAssetRegistry: Asset discovery search completed in 4.5412 seconds
[2020.11.27-18.01.28:156][  0]LogCollectionManager: Rebuilt the object cache for 0 collections in 0.000000 seconds (found 0 objects)
[2020.11.27-18.01.28:156][  0]LogCollectionManager: Fixed up redirectors for 0 collections in 0.000138 seconds (updated 0 objects)
[2020.11.27-18.01.28:157][  0]LogContentStreaming: Texture pool size now 1000 MB
[2020.11.27-18.01.28:163][  0]LogSlate: Took 0.000269 seconds to synchronously load lazily loaded font '../../../Engine/Content/Slate/Fonts/Roboto-Regular.ttf' (155K)
[2020.11.27-18.01.28:166][  0]LogSlate: Took 0.000242 seconds to synchronously load lazily loaded font '../../../Engine/Content/Slate/Fonts/Roboto-Bold.ttf' (160K)
[2020.11.27-18.01.28:168][  0]LogSlate: Took 0.000374 seconds to synchronously load lazily loaded font '../../../Engine/Content/Editor/Slate/Fonts/FontAwesome.ttf' (139K)
[2020.11.27-18.01.28:316][  2]LogRenderer: Reallocating scene render targets to support 628x176 Format 10 NumSamples 1 (Frame:1).
[2020.11.27-18.01.31:008][319]LogSlate: FSceneViewport::OnFocusLost() reason 0
[2020.11.27-18.01.31:125][328]LogRenderer: Reallocating scene render targets to support 2040x808 Format 10 NumSamples 1 (Frame:320).
[2020.11.27-18.01.35:409][826]LogBlueprint: Error: [Compiler BP_ComboWidget] Internal Compiler Error: Tried to create a property TxtBoxCombo in scope SKEL_BP_ComboWidget_C, but another object (ObjectProperty /Script/MyProject.ComboWidget:TxtBoxCombo) already exists there.
[2020.11.27-18.01.35:410][826]LogBlueprint: Error: [Compiler BP_ComboWidget] A required widget binding "TxtBoxCombo" of type  Text  was not found.
[2020.11.27-18.01.35:410][826]LogBlueprint: Error: [Compiler BP_ComboWidget] Internal Compiler Error: Tried to create a property TxtBoxCombo in scope BP_ComboWidget_C, but another object (ObjectProperty /Script/MyProject.ComboWidget:TxtBoxCombo) already exists there.
[2020.11.27-18.01.35:411][826]LogBlueprint: Error: [Compiler BP_ComboWidget] A required widget binding "TxtBoxCombo" of type  Text  was not found.
[2020.11.27-18.01.35:411][826]LogBlueprint: Warning: [Compiler BP_ComboWidget] [0016.69] Compile of BP_ComboWidget failed. 4 Fatal Issue(s) 0 Warning(s) [in 2 ms] (/Game/Anim/Ui/BP_ComboWidget.BP_ComboWidget)
[2020.11.27-18.01.35:413][826]LogSlate: Took 0.000262 seconds to synchronously load lazily loaded font '../../../Engine/Content/Slate/Fonts/Roboto-Light.ttf' (167K)
[2020.11.27-18.01.35:420][826]LogAssetEditorManager: Opening Asset editor for WidgetBlueprint /Game/Anim/Ui/BP_ComboWidget.BP_ComboWidget
[2020.11.27-18.01.35:593][826]LogContentBrowser: Native class hierarchy updated for 'BlueprintGraph' in 0.0006 seconds. Added 121 classes and 0 folders.
[2020.11.27-18.01.36:134][826]LogBlueprintActionDatabase: Requesting refresh due to module change: SequencerWidgets (loaded)
[2020.11.27-18.01.36:384][826]LogSlate: Took 0.000283 seconds to synchronously load lazily loaded font '../../../Engine/Content/Slate/Fonts/Roboto-BoldCondensed.ttf' (158K)
[2020.11.27-18.01.37:969][  8]LogBlueprint: Error: [Compiler BP_ComboWidget] A required widget binding "TxtBoxCombo" of type  Text  was not found.
[2020.11.27-18.01.37:969][  8]LogBlueprint: Warning: [Compiler BP_ComboWidget] [0019.24] Compile of BP_ComboWidget failed. 1 Fatal Issue(s) 0 Warning(s) [in 0 ms] (/Game/Anim/Ui/BP_ComboWidget.BP_ComboWidget)
[2020.11.27-18.01.39:817][228]BlueprintLog: New page: Compile BP_ComboWidget
[2020.11.27-18.01.39:818][228]LogBlueprint: Error: [Compiler BP_ComboWidget] A required widget binding "TxtBoxCombo" of type  Text  was not found.
[2020.11.27-18.01.39:863][228]LogUObjectHash: Compacting FUObjectHashTables data took   4.27ms
[2020.11.27-18.01.39:866][228]LogBlueprint: Warning: [Compiler BP_ComboWidget] [0021.14] Compile of BP_ComboWidget failed. 1 Fatal Issue(s) 0 Warning(s) [in 48 ms] (/Game/Anim/Ui/BP_ComboWidget.BP_ComboWidget)
[2020.11.27-18.01.41:421][412]LogBlueprint: Warning: Unknown type of hyperlinked object (TextBlock), cannot focus it
[2020.11.27-18.01.45:826][936]LogBlueprint: Error: [Compiler BP_ComboWidget] A required widget binding "TxtBoxCombo" of type  Text  was not found.
[2020.11.27-18.01.45:827][936]LogBlueprint: Warning: [Compiler BP_ComboWidget] [0027.10] Compile of BP_ComboWidget failed. 1 Fatal Issue(s) 0 Warning(s) [in 0 ms] (/Game/Anim/Ui/BP_ComboWidget.BP_ComboWidget)
[2020.11.27-18.02.22:360][383]BlueprintLog: New page: Compile BP_ComboWidget
[2020.11.27-18.02.22:391][383]LogUObjectHash: Compacting FUObjectHashTables data took   2.59ms
[2020.11.27-18.02.22:437][383]LogSavePackage: Moving '../../../../../Users/1804824/Desktop/UnrealYouTubeRepo/UnrealAnimationPracticeVids/MyProject/Saved/BP_ComboWidget2EC6DC18467101AECBF115BEDFCFCD2F.tmp' to '../../../../../Users/1804824/Desktop/UnrealYouTubeRepo/UnrealAnimationPracticeVids/MyProject/Content/Anim/Ui/BP_ComboWidget.uasset'
[2020.11.27-18.02.35:726][965]BlueprintLog: New page: Compile BP_ComboWidget
[2020.11.27-18.02.35:760][965]LogUObjectHash: Compacting FUObjectHashTables data took   2.57ms
[2020.11.27-18.02.35:805][965]LogSavePackage: Moving '../../../../../Users/1804824/Desktop/UnrealYouTubeRepo/UnrealAnimationPracticeVids/MyProject/Saved/BP_ComboWidget892AE653457B82B6D6E0A2AC525380F2.tmp' to '../../../../../Users/1804824/Desktop/UnrealYouTubeRepo/UnrealAnimationPracticeVids/MyProject/Content/Anim/Ui/BP_ComboWidget.uasset'
[2020.11.27-18.03.03:854][315]LogEditorTransaction: Undo Rename Widget
[2020.11.27-18.03.03:855][315]LogBlueprint: Error: [Compiler BP_ComboWidget] A required widget binding "TxtBoxCombo" of type  Text  was not found.
[2020.11.27-18.03.03:855][315]LogBlueprint: Warning: [Compiler BP_ComboWidget] [0105.13] Compile of BP_ComboWidget failed. 1 Fatal Issue(s) 0 Warning(s) [in 0 ms] (/Game/Anim/Ui/BP_ComboWidget.BP_ComboWidget)
[2020.11.27-18.03.05:810][543]LogEditorTransaction: Undo Add Widget
[2020.11.27-18.03.05:810][543]LogBlueprint: Error: [Compiler BP_ComboWidget] A required widget binding "TxtBoxCombo" of type  Text  was not found.
[2020.11.27-18.03.05:810][543]LogBlueprint: Warning: [Compiler BP_ComboWidget] [0107.08] Compile of BP_ComboWidget failed. 1 Fatal Issue(s) 0 Warning(s) [in 0 ms] (/Game/Anim/Ui/BP_ComboWidget.BP_ComboWidget)
[2020.11.27-18.03.06:031][569]LogEditorTransaction: Undo Remove Widget
[2020.11.27-18.03.06:032][569]LogBlueprint: Error: [Compiler BP_ComboWidget] Internal Compiler Error: Tried to create a property TxtBoxCombo in scope SKEL_BP_ComboWidget_C, but another object (ObjectProperty /Script/MyProject.ComboWidget:TxtBoxCombo) already exists there.
[2020.11.27-18.03.06:033][569]LogBlueprint: Error: [Compiler BP_ComboWidget] A required widget binding "TxtBoxCombo" of type  Text  was not found.
[2020.11.27-18.03.06:033][569]LogBlueprint: Warning: [Compiler BP_ComboWidget] [0107.31] Compile of BP_ComboWidget failed. 2 Fatal Issue(s) 0 Warning(s) [in 0 ms] (/Game/Anim/Ui/BP_ComboWidget.BP_ComboWidget)
[2020.11.27-18.03.17:388][648]BlueprintLog: New page: Compile BP_ComboWidget
[2020.11.27-18.03.17:389][648]LogBlueprint: Error: [Compiler BP_ComboWidget] Internal Compiler Error: Tried to create a property TxtBoxCombo in scope SKEL_BP_ComboWidget_C, but another object (ObjectProperty /Script/MyProject.ComboWidget:TxtBoxCombo) already exists there.
[2020.11.27-18.03.17:389][648]LogBlueprint: Error: [Compiler BP_ComboWidget] Internal Compiler Error: Tried to create a property TxtBoxCombo in scope BP_ComboWidget_C, but another object (ObjectProperty /Script/MyProject.ComboWidget:TxtBoxCombo) already exists there.
[2020.11.27-18.03.17:389][648]LogBlueprint: Error: [Compiler BP_ComboWidget] A required widget binding "TxtBoxCombo" of type  Text  was not found.
[2020.11.27-18.03.17:416][648]LogUObjectHash: Compacting FUObjectHashTables data took   2.66ms
[2020.11.27-18.03.17:507][648]LogBlueprint: Warning: [Compiler BP_ComboWidget] [0118.78] Compile of BP_ComboWidget failed. 3 Fatal Issue(s) 0 Warning(s) [in 119 ms] (/Game/Anim/Ui/BP_ComboWidget.BP_ComboWidget)
[2020.11.27-18.03.19:401][866]LogBlueprint: Error: [Compiler BP_ComboWidget] A required widget binding "TxtBoxCombo" of type  Text  was not found.
[2020.11.27-18.03.19:402][866]LogBlueprint: Warning: [Compiler BP_ComboWidget] [0120.68] Compile of BP_ComboWidget failed. 1 Fatal Issue(s) 0 Warning(s) [in 0 ms] (/Game/Anim/Ui/BP_ComboWidget.BP_ComboWidget)
[2020.11.27-18.03.22:562][243]LogBlueprint: Error: [Compiler BP_ComboWidget] A required widget binding "TxtBoxCombo" of type  Text  was not found.
[2020.11.27-18.03.22:563][243]LogBlueprint: Warning: [Compiler BP_ComboWidget] [0123.84] Compile of BP_ComboWidget failed. 1 Fatal Issue(s) 0 Warning(s) [in 0 ms] (/Game/Anim/Ui/BP_ComboWidget.BP_ComboWidget)
[2020.11.27-18.03.55:961][682]BlueprintLog: New page: Compile BP_ComboWidget
[2020.11.27-18.03.55:989][682]LogUObjectHash: Compacting FUObjectHashTables data took   2.44ms
[2020.11.27-18.03.56:034][682]LogSavePackage: Moving '../../../../../Users/1804824/Desktop/UnrealYouTubeRepo/UnrealAnimationPracticeVids/MyProject/Saved/BP_ComboWidget3EE7612C409D1B6BC013779E13E2274A.tmp' to '../../../../../Users/1804824/Desktop/UnrealYouTubeRepo/UnrealAnimationPracticeVids/MyProject/Content/Anim/Ui/BP_ComboWidget.uasset'
[2020.11.27-18.04.01:934][384]LogTemp: Repeating last play command: New Editor Window (PIE)
[2020.11.27-18.04.01:954][384]LogBlueprintUserMessages: Early PlayInEditor Detection: Level '/Game/ThirdPersonCPP/Maps/ThirdPersonExampleMap.ThirdPersonExampleMap:PersistentLevel' has LevelScriptBlueprint '/Game/ThirdPersonCPP/Maps/ThirdPersonExampleMap.ThirdPersonExampleMap:PersistentLevel.ThirdPersonExampleMap' with GeneratedClass '/Game/ThirdPersonCPP/Maps/ThirdPersonExampleMap.ThirdPersonExampleMap_C' with ClassGeneratedBy '/Game/ThirdPersonCPP/Maps/ThirdPersonExampleMap.ThirdPersonExampleMap:PersistentLevel.ThirdPersonExampleMap'
[2020.11.27-18.04.01:955][384]LogPlayLevel: PlayLevel: No blueprints needed recompiling
[2020.11.27-18.04.01:955][384]PIE: New page: PIE session: ThirdPersonExampleMap (27 Nov 2020 18:04:01)
[2020.11.27-18.04.01:969][384]LogPlayLevel: Creating play world package: /Game/ThirdPersonCPP/Maps/UEDPIE_0_ThirdPersonExampleMap
[2020.11.27-18.04.01:980][384]LogPlayLevel: PIE: StaticDuplicateObject took: (0.010248s)
[2020.11.27-18.04.01:980][384]LogAIModule: Creating AISystem for world ThirdPersonExampleMap
[2020.11.27-18.04.01:981][384]LogPlayLevel: PIE: World Init took: (0.000615s)
[2020.11.27-18.04.01:981][384]LogPlayLevel: PIE: Created PIE world by copying editor world from /Game/ThirdPersonCPP/Maps/ThirdPersonExampleMap.ThirdPersonExampleMap to /Game/ThirdPersonCPP/Maps/UEDPIE_0_ThirdPersonExampleMap.ThirdPersonExampleMap (0.011465s)
[2020.11.27-18.04.02:008][384]LogUObjectHash: Compacting FUObjectHashTables data took   1.96ms
[2020.11.27-18.04.02:052][384]LogInit: XAudio2 using 'Speakers/Headphones (Realtek(R) Audio)' : 2 channels at 48 kHz using 32 bits per sample (channel mask 0x3)
[2020.11.27-18.04.02:078][384]LogInit: FAudioDevice initialized.
[2020.11.27-18.04.02:084][384]LogSlate: Updating window title bar state: overlay mode, drag disabled, window buttons hidden, title bar hidden
[2020.11.27-18.04.02:125][384]LogLoad: Game class is 'BP_GameMode_C'
[2020.11.27-18.04.02:127][384]LogWorld: Bringing World /Game/ThirdPersonCPP/Maps/UEDPIE_0_ThirdPersonExampleMap.ThirdPersonExampleMap up for play (max tick rate 0) at 2020.11.27-18.04.02
[2020.11.27-18.04.02:128][384]LogWorld: Bringing up level for play took: 0.001820
[2020.11.27-18.04.02:146][384]LogBlueprintActionDatabase: Requesting refresh due to module change: Voice (loaded)
[2020.11.27-18.04.02:148][384]LogBlueprintActionDatabase: Requesting refresh due to module change: MovieSceneCapture (loaded)
[2020.11.27-18.04.02:149][384]LogContentBrowser: Native class hierarchy updated for 'MovieSceneCapture' in 0.0004 seconds. Added 20 classes and 0 folders.
[2020.11.27-18.04.02:151][384]PIE: Play in editor start time for /Game/ThirdPersonCPP/Maps/UEDPIE_0_ThirdPersonExampleMap 0.078
[2020.11.27-18.04.02:152][384]LogBlueprintUserMessages: Late PlayInEditor Detection: Level '/Game/ThirdPersonCPP/Maps/ThirdPersonExampleMap.ThirdPersonExampleMap:PersistentLevel' has LevelScriptBlueprint '/Game/ThirdPersonCPP/Maps/ThirdPersonExampleMap.ThirdPersonExampleMap:PersistentLevel.ThirdPersonExampleMap' with GeneratedClass '/Game/ThirdPersonCPP/Maps/ThirdPersonExampleMap.ThirdPersonExampleMap_C' with ClassGeneratedBy '/Game/ThirdPersonCPP/Maps/ThirdPersonExampleMap.ThirdPersonExampleMap:PersistentLevel.ThirdPersonExampleMap'
[2020.11.27-18.04.02:566][406]LogDataTable: Warning: UDataTable::FindRow : 'Player Attack Montage Context' requested row 'AnimationMontage0' not in DataTable '/Game/Anim/DataTables/EmptyDataTable.EmptyDataTable'.
[2020.11.27-18.04.03:416][508]LogDataTable: Warning: UDataTable::FindRow : 'Player Attack Montage Context' requested row 'AnimationMontage0' not in DataTable '/Game/Anim/DataTables/EmptyDataTable.EmptyDataTable'.
[2020.11.27-18.04.03:782][552]LogDataTable: Warning: UDataTable::FindRow : 'Player Attack Montage Context' requested row 'AnimationMontage0' not in DataTable '/Game/Anim/DataTables/EmptyDataTable.EmptyDataTable'.
[2020.11.27-18.04.04:108][591]LogDataTable: Warning: UDataTable::FindRow : 'Player Attack Montage Context' requested row 'AnimationMontage0' not in DataTable '/Game/Anim/DataTables/EmptyDataTable.EmptyDataTable'.
[2020.11.27-18.04.04:448][632]LogBlueprintUserMessages: Early EndPlayMap Detection: Level '/Game/ThirdPersonCPP/Maps/ThirdPersonExampleMap.ThirdPersonExampleMap:PersistentLevel' has LevelScriptBlueprint '/Game/ThirdPersonCPP/Maps/ThirdPersonExampleMap.ThirdPersonExampleMap:PersistentLevel.ThirdPersonExampleMap' with GeneratedClass '/Game/ThirdPersonCPP/Maps/ThirdPersonExampleMap.ThirdPersonExampleMap_C' with ClassGeneratedBy '/Game/ThirdPersonCPP/Maps/ThirdPersonExampleMap.ThirdPersonExampleMap:PersistentLevel.ThirdPersonExampleMap'
[2020.11.27-18.04.04:449][632]LogSlate: Updating window title bar state: overlay mode, drag disabled, window buttons hidden, title bar hidden
[2020.11.27-18.04.04:460][632]LogSlate: Window 'MyProject Game Preview Standalone (64-bit/PCD3D_SM5)' being destroyed
[2020.11.27-18.04.04:495][632]LogPlayLevel: Display: Shutting down PIE online subsystems
[2020.11.27-18.04.04:495][632]LogBlueprintUserMessages: Late EndPlayMap Detection: Level '/Game/ThirdPersonCPP/Maps/ThirdPersonExampleMap.ThirdPersonExampleMap:PersistentLevel' has LevelScriptBlueprint '/Game/ThirdPersonCPP/Maps/ThirdPersonExampleMap.ThirdPersonExampleMap:PersistentLevel.ThirdPersonExampleMap' with GeneratedClass '/Game/ThirdPersonCPP/Maps/ThirdPersonExampleMap.ThirdPersonExampleMap_C' with ClassGeneratedBy '/Game/ThirdPersonCPP/Maps/ThirdPersonExampleMap.ThirdPersonExampleMap:PersistentLevel.ThirdPersonExampleMap'
[2020.11.27-18.04.04:567][632]LogUObjectHash: Compacting FUObjectHashTables data took   3.85ms
[2020.11.27-18.04.04:592][633]LogPlayLevel: Display: Destroying online subsystem :Context_3
[2020.11.27-18.04.05:410][729]LogEditorViewport: Clicking on Actor (LMB): ThirdPersonCharacter_C (ThirdPersonCharacter)
[2020.11.27-18.04.06:537][845]LogSlate: FSceneViewport::OnFocusLost() reason 5
[2020.11.27-18.04.06:543][845]LogAssetEditorManager: Opening Asset editor for Blueprint /Game/ThirdPersonCPP/Blueprints/ThirdPersonCharacter.ThirdPersonCharacter
[2020.11.27-18.04.10:306][147]BlueprintLog: New page: Compile ThirdPersonCharacter
[2020.11.27-18.04.10:662][147]LogUObjectHash: Compacting FUObjectHashTables data took   3.37ms
[2020.11.27-18.04.10:720][147]LogSavePackage: Moving '../../../../../Users/1804824/Desktop/UnrealYouTubeRepo/UnrealAnimationPracticeVids/MyProject/Saved/ThirdPersonCharacterF42F0FEA4944C4BA81B4F898D0055F69.tmp' to '../../../../../Users/1804824/Desktop/UnrealYouTubeRepo/UnrealAnimationPracticeVids/MyProject/Content/ThirdPersonCPP/Blueprints/ThirdPersonCharacter.uasset'
[2020.11.27-18.04.12:647][335]LogTemp: Repeating last play command: New Editor Window (PIE)
[2020.11.27-18.04.12:663][335]LogBlueprintUserMessages: Early PlayInEditor Detection: Level '/Game/ThirdPersonCPP/Maps/ThirdPersonExampleMap.ThirdPersonExampleMap:PersistentLevel' has LevelScriptBlueprint '/Game/ThirdPersonCPP/Maps/ThirdPersonExampleMap.ThirdPersonExampleMap:PersistentLevel.ThirdPersonExampleMap' with GeneratedClass '/Game/ThirdPersonCPP/Maps/ThirdPersonExampleMap.ThirdPersonExampleMap_C' with ClassGeneratedBy '/Game/ThirdPersonCPP/Maps/ThirdPersonExampleMap.ThirdPersonExampleMap:PersistentLevel.ThirdPersonExampleMap'
[2020.11.27-18.04.12:663][335]LogPlayLevel: PlayLevel: No blueprints needed recompiling
[2020.11.27-18.04.12:663][335]PIE: New page: PIE session: ThirdPersonExampleMap (27 Nov 2020 18:04:12)
[2020.11.27-18.04.12:664][335]LogPlayLevel: Creating play world package: /Game/ThirdPersonCPP/Maps/UEDPIE_0_ThirdPersonExampleMap
[2020.11.27-18.04.12:672][335]LogPlayLevel: PIE: StaticDuplicateObject took: (0.008077s)
[2020.11.27-18.04.12:672][335]LogAIModule: Creating AISystem for world ThirdPersonExampleMap
[2020.11.27-18.04.12:673][335]LogPlayLevel: PIE: World Init took: (0.000657s)
[2020.11.27-18.04.12:673][335]LogPlayLevel: PIE: Created PIE world by copying editor world from /Game/ThirdPersonCPP/Maps/ThirdPersonExampleMap.ThirdPersonExampleMap to /Game/ThirdPersonCPP/Maps/UEDPIE_0_ThirdPersonExampleMap.ThirdPersonExampleMap (0.009186s)
[2020.11.27-18.04.12:702][335]LogUObjectHash: Compacting FUObjectHashTables data took   2.67ms
[2020.11.27-18.04.12:740][335]LogInit: XAudio2 using 'Speakers/Headphones (Realtek(R) Audio)' : 2 channels at 48 kHz using 32 bits per sample (channel mask 0x3)
[2020.11.27-18.04.12:766][335]LogInit: FAudioDevice initialized.
[2020.11.27-18.04.12:772][335]LogSlate: Updating window title bar state: overlay mode, drag disabled, window buttons hidden, title bar hidden
[2020.11.27-18.04.12:802][335]LogLoad: Game class is 'BP_GameMode_C'
[2020.11.27-18.04.12:804][335]LogWorld: Bringing World /Game/ThirdPersonCPP/Maps/UEDPIE_0_ThirdPersonExampleMap.ThirdPersonExampleMap up for play (max tick rate 0) at 2020.11.27-18.04.12
[2020.11.27-18.04.12:804][335]LogWorld: Bringing up level for play took: 0.001273
[2020.11.27-18.04.12:820][335]PIE: Play in editor start time for /Game/ThirdPersonCPP/Maps/UEDPIE_0_ThirdPersonExampleMap 0.746
[2020.11.27-18.04.12:820][335]LogBlueprintUserMessages: Late PlayInEditor Detection: Level '/Game/ThirdPersonCPP/Maps/ThirdPersonExampleMap.ThirdPersonExampleMap:PersistentLevel' has LevelScriptBlueprint '/Game/ThirdPersonCPP/Maps/ThirdPersonExampleMap.ThirdPersonExampleMap:PersistentLevel.ThirdPersonExampleMap' with GeneratedClass '/Game/ThirdPersonCPP/Maps/ThirdPersonExampleMap.ThirdPersonExampleMap_C' with ClassGeneratedBy '/Game/ThirdPersonCPP/Maps/ThirdPersonExampleMap.ThirdPersonExampleMap:PersistentLevel.ThirdPersonExampleMap'
[2020.11.27-18.04.22:919][540]LogBlueprintUserMessages: Early EndPlayMap Detection: Level '/Game/ThirdPersonCPP/Maps/ThirdPersonExampleMap.ThirdPersonExampleMap:PersistentLevel' has LevelScriptBlueprint '/Game/ThirdPersonCPP/Maps/ThirdPersonExampleMap.ThirdPersonExampleMap:PersistentLevel.ThirdPersonExampleMap' with GeneratedClass '/Game/ThirdPersonCPP/Maps/ThirdPersonExampleMap.ThirdPersonExampleMap_C' with ClassGeneratedBy '/Game/ThirdPersonCPP/Maps/ThirdPersonExampleMap.ThirdPersonExampleMap:PersistentLevel.ThirdPersonExampleMap'
[2020.11.27-18.04.22:920][540]LogSlate: Updating window title bar state: overlay mode, drag disabled, window buttons hidden, title bar hidden
[2020.11.27-18.04.22:931][540]LogSlate: Window 'MyProject Game Preview Standalone (64-bit/PCD3D_SM5)' being destroyed
[2020.11.27-18.04.22:965][540]LogPlayLevel: Display: Shutting down PIE online subsystems
[2020.11.27-18.04.22:966][540]LogBlueprintUserMessages: Late EndPlayMap Detection: Level '/Game/ThirdPersonCPP/Maps/ThirdPersonExampleMap.ThirdPersonExampleMap:PersistentLevel' has LevelScriptBlueprint '/Game/ThirdPersonCPP/Maps/ThirdPersonExampleMap.ThirdPersonExampleMap:PersistentLevel.ThirdPersonExampleMap' with GeneratedClass '/Game/ThirdPersonCPP/Maps/ThirdPersonExampleMap.ThirdPersonExampleMap_C' with ClassGeneratedBy '/Game/ThirdPersonCPP/Maps/ThirdPersonExampleMap.ThirdPersonExampleMap:PersistentLevel.ThirdPersonExampleMap'
[2020.11.27-18.04.23:012][540]LogUObjectHash: Compacting FUObjectHashTables data took   1.97ms
[2020.11.27-18.04.23:037][541]LogPlayLevel: Display: Destroying online subsystem :Context_9
[2020.11.27-18.04.32:890][815]LogAssetEditorManager: Opening Asset editor for Blueprint /Game/Anim/Ui/BP_InGameHUD.BP_InGameHUD
[2020.11.27-18.04.34:929][991]LogAssetEditorManager: Opening Asset editor for Blueprint /Game/Anim/Ui/BP_InGameHUD.BP_InGameHUD
[2020.11.27-18.04.38:659][407]LogSlate: Took 0.000789 seconds to synchronously load lazily loaded font '../../../Engine/Content/Slate/Fonts/Roboto-Italic.ttf' (157K)
[2020.11.27-18.04.39:110][461]BlueprintLog: New page: Compile BP_InGameHUD
[2020.11.27-18.04.39:247][461]LogUObjectHash: Compacting FUObjectHashTables data took   2.37ms
[2020.11.27-18.04.39:270][461]LogSavePackage: Moving '../../../../../Users/1804824/Desktop/UnrealYouTubeRepo/UnrealAnimationPracticeVids/MyProject/Saved/BP_InGameHUDD4C61B92457AC4440E5DFF9219458D57.tmp' to '../../../../../Users/1804824/Desktop/UnrealYouTubeRepo/UnrealAnimationPracticeVids/MyProject/Content/Anim/Ui/BP_InGameHUD.uasset'
[2020.11.27-18.04.40:406][589]LogUObjectHash: Compacting FUObjectHashTables data took   2.43ms
[2020.11.27-18.04.40:451][589]LogUObjectHash: Compacting FUObjectHashTables data took   0.66ms
[2020.11.27-18.04.40:598][589]LogSavePackage: Moving '../../../../../Users/1804824/Desktop/UnrealYouTubeRepo/UnrealAnimationPracticeVids/MyProject/Saved/ThirdPersonExampleMap3A57E97A43FD600751420DAE1576DF0B.tmp' to '../../../../../Users/1804824/Desktop/UnrealYouTubeRepo/UnrealAnimationPracticeVids/MyProject/Content/ThirdPersonCPP/Maps/ThirdPersonExampleMap.umap'
[2020.11.27-18.04.40:625][589]LogFileHelpers: Saving map 'ThirdPersonExampleMap' took 0.211
[2020.11.27-18.04.42:563][807]LogActorComponent: UnregisterComponent: (/Engine/Transient.EditorFloorComp) Not registered. Aborting.
[2020.11.27-18.04.43:102][862]LogSlate: Window 'BP_ComboWidget' being destroyed
[2020.11.27-18.04.44:020][968]LogTemp: Repeating last play command: New Editor Window (PIE)
[2020.11.27-18.04.44:034][968]LogBlueprintUserMessages: Early PlayInEditor Detection: Level '/Game/ThirdPersonCPP/Maps/ThirdPersonExampleMap.ThirdPersonExampleMap:PersistentLevel' has LevelScriptBlueprint '/Game/ThirdPersonCPP/Maps/ThirdPersonExampleMap.ThirdPersonExampleMap:PersistentLevel.ThirdPersonExampleMap' with GeneratedClass '/Game/ThirdPersonCPP/Maps/ThirdPersonExampleMap.ThirdPersonExampleMap_C' with ClassGeneratedBy '/Game/ThirdPersonCPP/Maps/ThirdPersonExampleMap.ThirdPersonExampleMap:PersistentLevel.ThirdPersonExampleMap'
[2020.11.27-18.04.44:034][968]LogPlayLevel: PlayLevel: No blueprints needed recompiling
[2020.11.27-18.04.44:034][968]PIE: New page: PIE session: ThirdPersonExampleMap (27 Nov 2020 18:04:44)
[2020.11.27-18.04.44:035][968]LogPlayLevel: Creating play world package: /Game/ThirdPersonCPP/Maps/UEDPIE_0_ThirdPersonExampleMap
[2020.11.27-18.04.44:043][968]LogPlayLevel: PIE: StaticDuplicateObject took: (0.008050s)
[2020.11.27-18.04.44:043][968]LogAIModule: Creating AISystem for world ThirdPersonExampleMap
[2020.11.27-18.04.44:044][968]LogPlayLevel: PIE: World Init took: (0.000611s)
[2020.11.27-18.04.44:044][968]LogPlayLevel: PIE: Created PIE world by copying editor world from /Game/ThirdPersonCPP/Maps/ThirdPersonExampleMap.ThirdPersonExampleMap to /Game/ThirdPersonCPP/Maps/UEDPIE_0_ThirdPersonExampleMap.ThirdPersonExampleMap (0.009232s)
[2020.11.27-18.04.44:088][968]LogUObjectHash: Compacting FUObjectHashTables data took   3.28ms
[2020.11.27-18.04.44:125][968]LogInit: XAudio2 using 'Speakers/Headphones (Realtek(R) Audio)' : 2 channels at 48 kHz using 32 bits per sample (channel mask 0x3)
[2020.11.27-18.04.44:151][968]LogInit: FAudioDevice initialized.
[2020.11.27-18.04.44:157][968]LogSlate: Updating window title bar state: overlay mode, drag disabled, window buttons hidden, title bar hidden
[2020.11.27-18.04.44:193][968]LogLoad: Game class is 'BP_GameMode_C'
[2020.11.27-18.04.44:195][968]LogWorld: Bringing World /Game/ThirdPersonCPP/Maps/UEDPIE_0_ThirdPersonExampleMap.ThirdPersonExampleMap up for play (max tick rate 0) at 2020.11.27-18.04.44
[2020.11.27-18.04.44:195][968]LogWorld: Bringing up level for play took: 0.001269
[2020.11.27-18.04.44:209][968]PIE: Play in editor start time for /Game/ThirdPersonCPP/Maps/UEDPIE_0_ThirdPersonExampleMap 0.136
[2020.11.27-18.04.44:210][968]LogBlueprintUserMessages: Late PlayInEditor Detection: Level '/Game/ThirdPersonCPP/Maps/ThirdPersonExampleMap.ThirdPersonExampleMap:PersistentLevel' has LevelScriptBlueprint '/Game/ThirdPersonCPP/Maps/ThirdPersonExampleMap.ThirdPersonExampleMap:PersistentLevel.ThirdPersonExampleMap' with GeneratedClass '/Game/ThirdPersonCPP/Maps/ThirdPersonExampleMap.ThirdPersonExampleMap_C' with ClassGeneratedBy '/Game/ThirdPersonCPP/Maps/ThirdPersonExampleMap.ThirdPersonExampleMap:PersistentLevel.ThirdPersonExampleMap'
[2020.11.27-18.05.53:748][307]LogBlueprintUserMessages: Early EndPlayMap Detection: Level '/Game/ThirdPersonCPP/Maps/ThirdPersonExampleMap.ThirdPersonExampleMap:PersistentLevel' has LevelScriptBlueprint '/Game/ThirdPersonCPP/Maps/ThirdPersonExampleMap.ThirdPersonExampleMap:PersistentLevel.ThirdPersonExampleMap' with GeneratedClass '/Game/ThirdPersonCPP/Maps/ThirdPersonExampleMap.ThirdPersonExampleMap_C' with ClassGeneratedBy '/Game/ThirdPersonCPP/Maps/ThirdPersonExampleMap.ThirdPersonExampleMap:PersistentLevel.ThirdPersonExampleMap'
[2020.11.27-18.05.53:748][307]LogSlate: Updating window title bar state: overlay mode, drag disabled, window buttons hidden, title bar hidden
[2020.11.27-18.05.53:759][307]LogSlate: Window 'MyProject Game Preview Standalone (64-bit/PCD3D_SM5)' being destroyed
[2020.11.27-18.05.53:793][307]LogPlayLevel: Display: Shutting down PIE online subsystems
[2020.11.27-18.05.53:794][307]LogBlueprintUserMessages: Late EndPlayMap Detection: Level '/Game/ThirdPersonCPP/Maps/ThirdPersonExampleMap.ThirdPersonExampleMap:PersistentLevel' has LevelScriptBlueprint '/Game/ThirdPersonCPP/Maps/ThirdPersonExampleMap.ThirdPersonExampleMap:PersistentLevel.ThirdPersonExampleMap' with GeneratedClass '/Game/ThirdPersonCPP/Maps/ThirdPersonExampleMap.ThirdPersonExampleMap_C' with ClassGeneratedBy '/Game/ThirdPersonCPP/Maps/ThirdPersonExampleMap.ThirdPersonExampleMap:PersistentLevel.ThirdPersonExampleMap'
[2020.11.27-18.05.53:846][307]LogUObjectHash: Compacting FUObjectHashTables data took   2.74ms
[2020.11.27-18.05.53:869][308]LogPlayLevel: Display: Destroying online subsystem :Context_12
[2020.11.27-18.05.54:681][399]LogUObjectHash: Compacting FUObjectHashTables data took   0.63ms
[2020.11.27-18.05.54:812][399]LogSavePackage: Moving '../../../../../Users/1804824/Desktop/UnrealYouTubeRepo/UnrealAnimationPracticeVids/MyProject/Saved/ThirdPersonExampleMap35A4F91A4973970540DF28AC7BD7A060.tmp' to '../../../../../Users/1804824/Desktop/UnrealYouTubeRepo/UnrealAnimationPracticeVids/MyProject/Content/ThirdPersonCPP/Maps/ThirdPersonExampleMap.umap'
[2020.11.27-18.05.54:923][399]LogSavePackage: Moving '../../../../../Users/1804824/Desktop/UnrealYouTubeRepo/UnrealAnimationPracticeVids/MyProject/Saved/ThirdPersonExampleMap_BuiltDataE1E5C2DE4514789528E5AE909F419274.tmp' to '../../../../../Users/1804824/Desktop/UnrealYouTubeRepo/UnrealAnimationPracticeVids/MyProject/Content/ThirdPersonCPP/Maps/ThirdPersonExampleMap_BuiltData.uasset'
[2020.11.27-18.06.01:015][540]LogTemp: Repeating last play command: New Editor Window (PIE)
[2020.11.27-18.06.01:027][540]LogBlueprintUserMessages: Early PlayInEditor Detection: Level '/Game/ThirdPersonCPP/Maps/ThirdPersonExampleMap.ThirdPersonExampleMap:PersistentLevel' has LevelScriptBlueprint '/Game/ThirdPersonCPP/Maps/ThirdPersonExampleMap.ThirdPersonExampleMap:PersistentLevel.ThirdPersonExampleMap' with GeneratedClass '/Game/ThirdPersonCPP/Maps/ThirdPersonExampleMap.ThirdPersonExampleMap_C' with ClassGeneratedBy '/Game/ThirdPersonCPP/Maps/ThirdPersonExampleMap.ThirdPersonExampleMap:PersistentLevel.ThirdPersonExampleMap'
[2020.11.27-18.06.01:027][540]LogPlayLevel: PlayLevel: No blueprints needed recompiling
[2020.11.27-18.06.01:027][540]PIE: New page: PIE session: ThirdPersonExampleMap (27 Nov 2020 18:06:01)
[2020.11.27-18.06.01:027][540]LogPlayLevel: Creating play world package: /Game/ThirdPersonCPP/Maps/UEDPIE_0_ThirdPersonExampleMap
[2020.11.27-18.06.01:035][540]LogPlayLevel: PIE: StaticDuplicateObject took: (0.007833s)
[2020.11.27-18.06.01:036][540]LogAIModule: Creating AISystem for world ThirdPersonExampleMap
[2020.11.27-18.06.01:036][540]LogPlayLevel: PIE: World Init took: (0.000690s)
[2020.11.27-18.06.01:036][540]LogPlayLevel: PIE: Created PIE world by copying editor world from /Game/ThirdPersonCPP/Maps/ThirdPersonExampleMap.ThirdPersonExampleMap to /Game/ThirdPersonCPP/Maps/UEDPIE_0_ThirdPersonExampleMap.ThirdPersonExampleMap (0.009027s)
[2020.11.27-18.06.01:060][540]LogUObjectHash: Compacting FUObjectHashTables data took   1.93ms
[2020.11.27-18.06.01:097][540]LogInit: XAudio2 using 'Speakers/Headphones (Realtek(R) Audio)' : 2 channels at 48 kHz using 32 bits per sample (channel mask 0x3)
[2020.11.27-18.06.01:122][540]LogInit: FAudioDevice initialized.
[2020.11.27-18.06.01:129][540]LogSlate: Updating window title bar state: overlay mode, drag disabled, window buttons hidden, title bar hidden
[2020.11.27-18.06.01:161][540]LogLoad: Game class is 'BP_GameMode_C'
[2020.11.27-18.06.01:163][540]LogWorld: Bringing World /Game/ThirdPersonCPP/Maps/UEDPIE_0_ThirdPersonExampleMap.ThirdPersonExampleMap up for play (max tick rate 0) at 2020.11.27-18.06.01
[2020.11.27-18.06.01:163][540]LogWorld: Bringing up level for play took: 0.001302
[2020.11.27-18.06.01:177][540]PIE: Play in editor start time for /Game/ThirdPersonCPP/Maps/UEDPIE_0_ThirdPersonExampleMap 1.104
[2020.11.27-18.06.01:178][540]LogBlueprintUserMessages: Late PlayInEditor Detection: Level '/Game/ThirdPersonCPP/Maps/ThirdPersonExampleMap.ThirdPersonExampleMap:PersistentLevel' has LevelScriptBlueprint '/Game/ThirdPersonCPP/Maps/ThirdPersonExampleMap.ThirdPersonExampleMap:PersistentLevel.ThirdPersonExampleMap' with GeneratedClass '/Game/ThirdPersonCPP/Maps/ThirdPersonExampleMap.ThirdPersonExampleMap_C' with ClassGeneratedBy '/Game/ThirdPersonCPP/Maps/ThirdPersonExampleMap.ThirdPersonExampleMap:PersistentLevel.ThirdPersonExampleMap'
[2020.11.27-18.06.02:412][667]LogBlueprintUserMessages: Early EndPlayMap Detection: Level '/Game/ThirdPersonCPP/Maps/ThirdPersonExampleMap.ThirdPersonExampleMap:PersistentLevel' has LevelScriptBlueprint '/Game/ThirdPersonCPP/Maps/ThirdPersonExampleMap.ThirdPersonExampleMap:PersistentLevel.ThirdPersonExampleMap' with GeneratedClass '/Game/ThirdPersonCPP/Maps/ThirdPersonExampleMap.ThirdPersonExampleMap_C' with ClassGeneratedBy '/Game/ThirdPersonCPP/Maps/ThirdPersonExampleMap.ThirdPersonExampleMap:PersistentLevel.ThirdPersonExampleMap'
[2020.11.27-18.06.02:412][667]LogSlate: Updating window title bar state: overlay mode, drag disabled, window buttons hidden, title bar hidden
[2020.11.27-18.06.02:423][667]LogSlate: Window 'MyProject Game Preview Standalone (64-bit/PCD3D_SM5)' being destroyed
[2020.11.27-18.06.02:461][667]LogPlayLevel: Display: Shutting down PIE online subsystems
[2020.11.27-18.06.02:462][667]LogBlueprintUserMessages: Late EndPlayMap Detection: Level '/Game/ThirdPersonCPP/Maps/ThirdPersonExampleMap.ThirdPersonExampleMap:PersistentLevel' has LevelScriptBlueprint '/Game/ThirdPersonCPP/Maps/ThirdPersonExampleMap.ThirdPersonExampleMap:PersistentLevel.ThirdPersonExampleMap' with GeneratedClass '/Game/ThirdPersonCPP/Maps/ThirdPersonExampleMap.ThirdPersonExampleMap_C' with ClassGeneratedBy '/Game/ThirdPersonCPP/Maps/ThirdPersonExampleMap.ThirdPersonExampleMap:PersistentLevel.ThirdPersonExampleMap'
[2020.11.27-18.06.02:497][667]LogUObjectHash: Compacting FUObjectHashTables data took   1.92ms
[2020.11.27-18.06.02:532][669]LogPlayLevel: Display: Destroying online subsystem :Context_13
