Log file open, 11/19/20 14:03:53
LogWindows: Failed to load 'aqProf.dll' (GetLastError=126)
LogWindows: File 'aqProf.dll' does not exist
LogWindows: Failed to load 'VtuneApi.dll' (GetLastError=126)
LogWindows: File 'VtuneApi.dll' does not exist
LogWindows: Failed to load 'VtuneApi32e.dll' (GetLastError=126)
LogWindows: File 'VtuneApi32e.dll' does not exist
LogConsoleResponse: Display: Failed to find resolution value strings in scalability ini. Falling back to default.
LogInit: Display: Running engine for game: MyProject
LogPakFile: Registered encryption key '00000000000000000000000000000000': 0 pak files mounted, 0 remain pending
LogPlatformFile: Not using cached read wrapper
LogTaskGraph: Started task graph with 5 named threads and 47 total threads with 3 sets of task threads.
LogStats: Stats thread started at 0.617110
LogD3D11RHI: Loaded GFSDK_Aftermath_Lib.x64.dll
LogICUInternationalization: ICU TimeZone Detection - Raw Offset: +0:00, Platform Override: ''
LogPluginManager: Mounting plugin Paper2D
LogPluginManager: Mounting plugin AISupport
LogPluginManager: Mounting plugin LightPropagationVolume
LogPluginManager: Mounting plugin ActorLayerUtilities
LogPluginManager: Mounting plugin AnimationSharing
LogPluginManager: Mounting plugin CLionSourceCodeAccess
LogPluginManager: Mounting plugin CodeLiteSourceCodeAccess
LogPluginManager: Mounting plugin GitSourceControl
LogPluginManager: Mounting plugin KDevelopSourceCodeAccess
LogPluginManager: Mounting plugin NullSourceCodeAccess
LogPluginManager: Mounting plugin PerforceSourceControl
LogPluginManager: Mounting plugin SubversionSourceControl
LogPluginManager: Mounting plugin UObjectPlugin
LogPluginManager: Mounting plugin VisualStudioCodeSourceCodeAccess
LogPluginManager: Mounting plugin VisualStudioSourceCodeAccess
LogPluginManager: Mounting plugin XCodeSourceCodeAccess
LogPluginManager: Mounting plugin AssetManagerEditor
LogPluginManager: Mounting plugin CryptoKeys
LogPluginManager: Mounting plugin DataValidation
LogPluginManager: Mounting plugin FacialAnimation
LogPluginManager: Mounting plugin GameplayTagsEditor
LogPluginManager: Mounting plugin MacGraphicsSwitching
LogPluginManager: Mounting plugin MaterialAnalyzer
LogPluginManager: Mounting plugin MobileLauncherProfileWizard
LogPluginManager: Mounting plugin PluginBrowser
LogPluginManager: Mounting plugin SpeedTreeImporter
LogPluginManager: Mounting plugin DatasmithContent
LogPluginManager: Mounting plugin VariantManagerContent
LogPluginManager: Mounting plugin AlembicImporter
LogPluginManager: Mounting plugin AppleImageUtils
LogPluginManager: Mounting plugin AppleVision
LogPluginManager: Mounting plugin BackChannel
LogPluginManager: Mounting plugin CharacterAI
LogPluginManager: Mounting plugin GeometryCache
LogPluginManager: Mounting plugin HTML5Networking
LogPluginManager: Mounting plugin ProxyLODPlugin
LogPluginManager: Mounting plugin SkeletalReduction
LogPluginManager: Mounting plugin MagicLeap
LogPluginManager: Mounting plugin MagicLeapMedia
LogPluginManager: Mounting plugin AndroidMedia
LogPluginManager: Mounting plugin AvfMedia
LogPluginManager: Mounting plugin ImgMedia
LogPluginManager: Mounting plugin LinearTimecode
LogPluginManager: Mounting plugin MediaCompositing
LogPluginManager: Mounting plugin MediaPlayerEditor
LogPluginManager: Mounting plugin WebMMedia
LogPluginManager: Mounting plugin WmfMedia
LogPluginManager: Mounting plugin TcpMessaging
LogPluginManager: Mounting plugin UdpMessaging
LogPluginManager: Mounting plugin ActorSequence
LogPluginManager: Mounting plugin LevelSequenceEditor
LogPluginManager: Mounting plugin MatineeToLevelSequence
LogPluginManager: Mounting plugin NetcodeUnitTest
LogPluginManager: Mounting plugin NUTUnrealEngine4
LogPluginManager: Mounting plugin OnlineSubsystemGooglePlay
LogPluginManager: Mounting plugin OnlineSubsystemIOS
LogPluginManager: Mounting plugin OnlineSubsystem
LogPluginManager: Mounting plugin OnlineSubsystemNull
LogPluginManager: Mounting plugin OnlineSubsystemUtils
LogPluginManager: Mounting plugin LauncherChunkInstaller
LogPluginManager: Mounting plugin AndroidDeviceProfileSelector
LogPluginManager: Mounting plugin AndroidMoviePlayer
LogPluginManager: Mounting plugin AndroidPermission
LogPluginManager: Mounting plugin AppleMoviePlayer
LogPluginManager: Mounting plugin ArchVisCharacter
LogPluginManager: Mounting plugin AudioCapture
LogPluginManager: Mounting plugin CableComponent
LogPluginManager: Mounting plugin CustomMeshComponent
LogPluginManager: Mounting plugin EditableMesh
LogPluginManager: Mounting plugin ExampleDeviceProfileSelector
LogPluginManager: Mounting plugin Firebase
LogPluginManager: Mounting plugin GoogleCloudMessaging
LogPluginManager: Mounting plugin IOSDeviceProfileSelector
LogPluginManager: Mounting plugin LinuxDeviceProfileSelector
LogPluginManager: Mounting plugin LocationServicesBPLibrary
LogPluginManager: Mounting plugin MobilePatchingUtils
LogPluginManager: Mounting plugin OculusVR
LogPluginManager: Mounting plugin PhysXVehicles
LogPluginManager: Mounting plugin ProceduralMeshComponent
LogPluginManager: Mounting plugin RuntimePhysXCooking
LogPluginManager: Mounting plugin SignificanceManager
LogPluginManager: Mounting plugin SteamVR
LogPluginManager: Mounting plugin WebMMoviePlayer
LogPluginManager: Mounting plugin WindowsMoviePlayer
LogInit: Using libcurl 7.55.1-DEV
LogInit:  - built for x86_64-pc-win32
LogInit:  - supports SSL with OpenSSL/1.1.1
LogInit:  - supports HTTP deflate (compression) using libz 1.2.8
LogInit:  - other features:
LogInit:      CURL_VERSION_SSL
LogInit:      CURL_VERSION_LIBZ
LogInit:      CURL_VERSION_IPV6
LogInit:      CURL_VERSION_ASYNCHDNS
LogInit:      CURL_VERSION_LARGEFILE
LogInit:      CURL_VERSION_IDN
LogInit:  CurlRequestOptions (configurable via config and command line):
LogInit:  - bVerifyPeer = true  - Libcurl will verify peer certificate
LogInit:  - bUseHttpProxy = false  - Libcurl will NOT use HTTP proxy
LogInit:  - bDontReuseConnections = false  - Libcurl will reuse connections
LogInit:  - MaxHostConnections = 16  - Libcurl will limit the number of connections to a host
LogInit:  - LocalHostAddr = Default
LogInit:  - BufferSize = 65536
LogInit: WinSock: version 1.1 (2.2), MaxSocks=32767, MaxUdp=65467
LogInit: Build: ++UE4+Release-4.22-CL-7053642
LogInit: Engine Version: 4.22.3-7053642+++UE4+Release-4.22
LogInit: Compatible Engine Version: 4.22.0-5660361+++UE4+Release-4.22
LogInit: Net CL: 5660361
LogInit: OS: Windows 10 (Release 1903) (), CPU: Intel(R) Core(TM) i9-9900K CPU @ 3.60GHz, GPU: NVIDIA GeForce RTX 2080
LogInit: Compiled (64-bit): Jun 18 2019 03:09:11
LogInit: Compiled with Visual C++: 19.16.27025.01
LogInit: Build Configuration: Development
LogInit: Branch Name: ++UE4+Release-4.22
LogInit: Command Line:  -skipcompile
LogInit: Base Directory: C:/UE_4.22/UE_4.22/Engine/Binaries/Win64/
LogInit: Installed Engine Build: 1
LogDevObjectVersion: Number of dev versions registered: 23
LogDevObjectVersion:   Dev-Blueprints (B0D832E4-1F89-4F0D-ACCF-7EB736FD4AA2): 10
LogDevObjectVersion:   Dev-Build (E1C64328-A22C-4D53-A36C-8E866417BD8C): 0
LogDevObjectVersion:   Dev-Core (375EC13C-06E4-48FB-B500-84F0262A717E): 3
LogDevObjectVersion:   Dev-Editor (E4B068ED-F494-42E9-A231-DA0B2E46BB41): 30
LogDevObjectVersion:   Dev-Framework (CFFC743F-43B0-4480-9391-14DF171D2073): 35
LogDevObjectVersion:   Dev-Mobile (B02B49B5-BB20-44E9-A304-32B752E40360): 2
LogDevObjectVersion:   Dev-Networking (A4E4105C-59A1-49B5-A7C5-40C4547EDFEE): 0
LogDevObjectVersion:   Dev-Online (39C831C9-5AE6-47DC-9A44-9C173E1C8E7C): 0
LogDevObjectVersion:   Dev-Physics (78F01B33-EBEA-4F98-B9B4-84EACCB95AA2): 0
LogDevObjectVersion:   Dev-Platform (6631380F-2D4D-43E0-8009-CF276956A95A): 0
LogDevObjectVersion:   Dev-Rendering (12F88B9F-8875-4AFC-A67C-D90C383ABD29): 28
LogDevObjectVersion:   Dev-Sequencer (7B5AE74C-D270-4C10-A958-57980B212A5A): 11
LogDevObjectVersion:   Dev-VR (D7296918-1DD6-4BDD-9DE2-64A83CC13884): 2
LogDevObjectVersion:   Dev-LoadTimes (C2A15278-BFE7-4AFE-6C17-90FF531DF755): 1
LogDevObjectVersion:   Private-Geometry (6EACA3D4-40EC-4CC1-B786-8BED09428FC5): 3
LogDevObjectVersion:   Dev-AnimPhys (29E575DD-E0A3-4627-9D10-D276232CDCEA): 17
LogDevObjectVersion:   Dev-Anim (AF43A65D-7FD3-4947-9873-3E8ED9C1BB05): 2
LogDevObjectVersion:   Dev-ReflectionCapture (6B266CEC-1EC7-4B8F-A30B-E4D90942FC07): 1
LogDevObjectVersion:   Dev-Automation (0DF73D61-A23F-47EA-B727-89E90C41499A): 1
LogDevObjectVersion:   FortniteMain (601D1886-AC64-4F84-AA16-D3DE0DEAC7D6): 25
LogDevObjectVersion:   Dev-Enterprise (9DFFBCD6-494F-0158-E221-12823C92A888): 6
LogDevObjectVersion:   Dev-Niagara (F2AED0AC-9AFE-416F-8664-AA7FFA26D6FC): 1
LogDevObjectVersion:   Dev-Destruction (174F1F0B-B4C6-45A5-B13F-2EE8D0FB917D): 2
LogInit: Presizing for max 16777216 objects, including 0 objects not considered by GC, pre-allocating 0 bytes for permanent pool.
LogInit: Object subsystem initialized
LogConfig: Setting CVar [[con.DebugEarlyDefault:1]]
LogConfig: Setting CVar [[r.setres:1280x720]]
[2020.11.19-14.03.53:439][  0]LogConfig: Setting CVar [[r.VSync:0]]
[2020.11.19-14.03.53:439][  0]LogConfig: Setting CVar [[r.RHICmdBypass:0]]
[2020.11.19-14.03.53:439][  0]LogConfig: Applying CVar settings from Section [/Script/Engine.RendererSettings] File [C:/Users/1804824/Desktop/UnrealYouTubeRepo/UnrealAnimationPracticeVids/MyProject/Saved/Config/Windows/Engine.ini]
[2020.11.19-14.03.53:439][  0]LogConfig: Setting CVar [[r.GPUCrashDebugging:0]]
[2020.11.19-14.03.53:439][  0]LogConfig: Applying CVar settings from Section [/Script/Engine.RendererOverrideSettings] File [C:/Users/1804824/Desktop/UnrealYouTubeRepo/UnrealAnimationPracticeVids/MyProject/Saved/Config/Windows/Engine.ini]
[2020.11.19-14.03.53:439][  0]LogConfig: Applying CVar settings from Section [/Script/Engine.StreamingSettings] File [C:/Users/1804824/Desktop/UnrealYouTubeRepo/UnrealAnimationPracticeVids/MyProject/Saved/Config/Windows/Engine.ini]
[2020.11.19-14.03.53:440][  0]LogConfig: Setting CVar [[s.MinBulkDataSizeForAsyncLoading:131072]]
[2020.11.19-14.03.53:440][  0]LogConfig: Setting CVar [[s.AsyncLoadingThreadEnabled:0]]
[2020.11.19-14.03.53:440][  0]LogConfig: Setting CVar [[s.EventDrivenLoaderEnabled:1]]
[2020.11.19-14.03.53:440][  0]LogConfig: Setting CVar [[s.WarnIfTimeLimitExceeded:0]]
[2020.11.19-14.03.53:440][  0]LogConfig: Setting CVar [[s.TimeLimitExceededMultiplier:1.5]]
[2020.11.19-14.03.53:440][  0]LogConfig: Setting CVar [[s.TimeLimitExceededMinTime:0.005]]
[2020.11.19-14.03.53:440][  0]LogConfig: Setting CVar [[s.UseBackgroundLevelStreaming:1]]
[2020.11.19-14.03.53:440][  0]LogConfig: Setting CVar [[s.PriorityAsyncLoadingExtraTime:15.0]]
[2020.11.19-14.03.53:440][  0]LogConfig: Setting CVar [[s.LevelStreamingActorsUpdateTimeLimit:5.0]]
[2020.11.19-14.03.53:440][  0]LogConfig: Setting CVar [[s.PriorityLevelStreamingActorsUpdateExtraTime:5.0]]
[2020.11.19-14.03.53:440][  0]LogConfig: Setting CVar [[s.LevelStreamingComponentsRegistrationGranularity:10]]
[2020.11.19-14.03.53:441][  0]LogConfig: Setting CVar [[s.UnregisterComponentsTimeLimit:1.0]]
[2020.11.19-14.03.53:441][  0]LogConfig: Setting CVar [[s.LevelStreamingComponentsUnregistrationGranularity:5]]
[2020.11.19-14.03.53:441][  0]LogConfig: Applying CVar settings from Section [/Script/Engine.GarbageCollectionSettings] File [C:/Users/1804824/Desktop/UnrealYouTubeRepo/UnrealAnimationPracticeVids/MyProject/Saved/Config/Windows/Engine.ini]
[2020.11.19-14.03.53:441][  0]LogConfig: Setting CVar [[gc.MaxObjectsNotConsideredByGC:1]]
[2020.11.19-14.03.53:441][  0]LogConfig: Setting CVar [[gc.SizeOfPermanentObjectPool:0]]
[2020.11.19-14.03.53:441][  0]LogConfig: Setting CVar [[gc.FlushStreamingOnGC:0]]
[2020.11.19-14.03.53:441][  0]LogConfig: Setting CVar [[gc.NumRetriesBeforeForcingGC:10]]
[2020.11.19-14.03.53:441][  0]LogConfig: Setting CVar [[gc.AllowParallelGC:1]]
[2020.11.19-14.03.53:441][  0]LogConfig: Setting CVar [[gc.TimeBetweenPurgingPendingKillObjects:61.1]]
[2020.11.19-14.03.53:441][  0]LogConfig: Setting CVar [[gc.MaxObjectsInEditor:16777216]]
[2020.11.19-14.03.53:441][  0]LogConfig: Setting CVar [[gc.IncrementalBeginDestroyEnabled:1]]
[2020.11.19-14.03.53:441][  0]LogConfig: Setting CVar [[gc.CreateGCClusters:1]]
[2020.11.19-14.03.53:441][  0]LogConfig: Setting CVar [[gc.MinGCClusterSize:5]]
[2020.11.19-14.03.53:441][  0]LogConfig: Setting CVar [[gc.ActorClusteringEnabled:0]]
[2020.11.19-14.03.53:441][  0]LogConfig: Setting CVar [[gc.BlueprintClusteringEnabled:0]]
[2020.11.19-14.03.53:441][  0]LogConfig: Setting CVar [[gc.UseDisregardForGCOnDedicatedServers:0]]
[2020.11.19-14.03.53:441][  0]LogConfig: Applying CVar settings from Section [/Script/Engine.NetworkSettings] File [C:/Users/1804824/Desktop/UnrealYouTubeRepo/UnrealAnimationPracticeVids/MyProject/Saved/Config/Windows/Engine.ini]
[2020.11.19-14.03.53:441][  0]LogConfig: Applying CVar settings from Section [/Script/UnrealEd.CookerSettings] File [C:/Users/1804824/Desktop/UnrealYouTubeRepo/UnrealAnimationPracticeVids/MyProject/Saved/Config/Windows/Engine.ini]
[2020.11.19-14.03.53:447][  0]LogConfig: Applying CVar settings from Section [ViewDistanceQuality@3] File [C:/Users/1804824/Desktop/UnrealYouTubeRepo/UnrealAnimationPracticeVids/MyProject/Saved/Config/Windows/Scalability.ini]
[2020.11.19-14.03.53:447][  0]LogConfig: Setting CVar [[r.SkeletalMeshLODBias:0]]
[2020.11.19-14.03.53:448][  0]LogConfig: Setting CVar [[r.ViewDistanceScale:1.0]]
[2020.11.19-14.03.53:448][  0]LogConfig: Applying CVar settings from Section [AntiAliasingQuality@3] File [C:/Users/1804824/Desktop/UnrealYouTubeRepo/UnrealAnimationPracticeVids/MyProject/Saved/Config/Windows/Scalability.ini]
[2020.11.19-14.03.53:448][  0]LogConfig: Setting CVar [[r.PostProcessAAQuality:4]]
[2020.11.19-14.03.53:448][  0]LogConfig: Applying CVar settings from Section [ShadowQuality@3] File [C:/Users/1804824/Desktop/UnrealYouTubeRepo/UnrealAnimationPracticeVids/MyProject/Saved/Config/Windows/Scalability.ini]
[2020.11.19-14.03.53:448][  0]LogConfig: Setting CVar [[r.LightFunctionQuality:1]]
[2020.11.19-14.03.53:448][  0]LogConfig: Setting CVar [[r.ShadowQuality:5]]
[2020.11.19-14.03.53:448][  0]LogConfig: Setting CVar [[r.Shadow.CSM.MaxCascades:10]]
[2020.11.19-14.03.53:448][  0]LogConfig: Setting CVar [[r.Shadow.MaxResolution:2048]]
[2020.11.19-14.03.53:448][  0]LogConfig: Setting CVar [[r.Shadow.MaxCSMResolution:2048]]
[2020.11.19-14.03.53:448][  0]LogConfig: Setting CVar [[r.Shadow.RadiusThreshold:0.01]]
[2020.11.19-14.03.53:448][  0]LogConfig: Setting CVar [[r.Shadow.DistanceScale:1.0]]
[2020.11.19-14.03.53:448][  0]LogConfig: Setting CVar [[r.Shadow.CSM.TransitionScale:1.0]]
[2020.11.19-14.03.53:448][  0]LogConfig: Setting CVar [[r.Shadow.PreShadowResolutionFactor:1.0]]
[2020.11.19-14.03.53:448][  0]LogConfig: Setting CVar [[r.DistanceFieldShadowing:1]]
[2020.11.19-14.03.53:449][  0]LogConfig: Setting CVar [[r.DistanceFieldAO:1]]
[2020.11.19-14.03.53:449][  0]LogConfig: Setting CVar [[r.AOQuality:2]]
[2020.11.19-14.03.53:449][  0]LogConfig: Setting CVar [[r.VolumetricFog:1]]
[2020.11.19-14.03.53:449][  0]LogConfig: Setting CVar [[r.VolumetricFog.GridPixelSize:8]]
[2020.11.19-14.03.53:449][  0]LogConfig: Setting CVar [[r.VolumetricFog.GridSizeZ:128]]
[2020.11.19-14.03.53:449][  0]LogConfig: Setting CVar [[r.VolumetricFog.HistoryMissSupersampleCount:4]]
[2020.11.19-14.03.53:449][  0]LogConfig: Setting CVar [[r.LightMaxDrawDistanceScale:1]]
[2020.11.19-14.03.53:449][  0]LogConfig: Setting CVar [[r.CapsuleShadows:1]]
[2020.11.19-14.03.53:449][  0]LogConfig: Applying CVar settings from Section [PostProcessQuality@3] File [C:/Users/1804824/Desktop/UnrealYouTubeRepo/UnrealAnimationPracticeVids/MyProject/Saved/Config/Windows/Scalability.ini]
[2020.11.19-14.03.53:449][  0]LogConfig: Setting CVar [[r.MotionBlurQuality:4]]
[2020.11.19-14.03.53:449][  0]LogConfig: Setting CVar [[r.AmbientOcclusionMipLevelFactor:0.4]]
[2020.11.19-14.03.53:449][  0]LogConfig: Setting CVar [[r.AmbientOcclusionMaxQuality:100]]
[2020.11.19-14.03.53:449][  0]LogConfig: Setting CVar [[r.AmbientOcclusionLevels:-1]]
[2020.11.19-14.03.53:449][  0]LogConfig: Setting CVar [[r.AmbientOcclusionRadiusScale:1.0]]
[2020.11.19-14.03.53:449][  0]LogConfig: Setting CVar [[r.DepthOfFieldQuality:2]]
[2020.11.19-14.03.53:449][  0]LogConfig: Setting CVar [[r.RenderTargetPoolMin:400]]
[2020.11.19-14.03.53:449][  0]LogConfig: Setting CVar [[r.LensFlareQuality:2]]
[2020.11.19-14.03.53:449][  0]LogConfig: Setting CVar [[r.SceneColorFringeQuality:1]]
[2020.11.19-14.03.53:449][  0]LogConfig: Setting CVar [[r.EyeAdaptationQuality:2]]
[2020.11.19-14.03.53:449][  0]LogConfig: Setting CVar [[r.BloomQuality:5]]
[2020.11.19-14.03.53:449][  0]LogConfig: Setting CVar [[r.FastBlurThreshold:100]]
[2020.11.19-14.03.53:450][  0]LogConfig: Setting CVar [[r.Upscale.Quality:3]]
[2020.11.19-14.03.53:450][  0]LogConfig: Setting CVar [[r.Tonemapper.GrainQuantization:1]]
[2020.11.19-14.03.53:450][  0]LogConfig: Setting CVar [[r.LightShaftQuality:1]]
[2020.11.19-14.03.53:450][  0]LogConfig: Setting CVar [[r.Filter.SizeScale:1]]
[2020.11.19-14.03.53:450][  0]LogConfig: Setting CVar [[r.Tonemapper.Quality:5]]
[2020.11.19-14.03.53:450][  0]LogConfig: Setting CVar [[r.DOF.Gather.AccumulatorQuality:1        ; higher gathering accumulator quality]]
[2020.11.19-14.03.53:450][  0]LogConfig: Setting CVar [[r.DOF.Gather.PostfilterMethod:1          ; Median3x3 postfilering method]]
[2020.11.19-14.03.53:450][  0]LogConfig: Setting CVar [[r.DOF.Gather.EnableBokehSettings:0       ; no bokeh simulation when gathering]]
[2020.11.19-14.03.53:450][  0]LogConfig: Setting CVar [[r.DOF.Gather.RingCount:4                 ; medium number of samples when gathering]]
[2020.11.19-14.03.53:450][  0]LogConfig: Setting CVar [[r.DOF.Scatter.ForegroundCompositing:1    ; additive foreground scattering]]
[2020.11.19-14.03.53:450][  0]LogConfig: Setting CVar [[r.DOF.Scatter.BackgroundCompositing:2    ; additive background scattering]]
[2020.11.19-14.03.53:450][  0]LogConfig: Setting CVar [[r.DOF.Scatter.EnableBokehSettings:1      ; bokeh simulation when scattering]]
[2020.11.19-14.03.53:450][  0]LogConfig: Setting CVar [[r.DOF.Scatter.MaxSpriteRatio:0.1         ; only a maximum of 10% of scattered bokeh]]
[2020.11.19-14.03.53:450][  0]LogConfig: Setting CVar [[r.DOF.Recombine.Quality:1                ; cheap slight out of focus]]
[2020.11.19-14.03.53:450][  0]LogConfig: Setting CVar [[r.DOF.Recombine.EnableBokehSettings:0    ; no bokeh simulation on slight out of focus]]
[2020.11.19-14.03.53:450][  0]LogConfig: Setting CVar [[r.DOF.TemporalAAQuality:1                ; more stable temporal accumulation]]
[2020.11.19-14.03.53:450][  0]LogConfig: Setting CVar [[r.DOF.Kernel.MaxForegroundRadius:0.025]]
[2020.11.19-14.03.53:450][  0]LogConfig: Setting CVar [[r.DOF.Kernel.MaxBackgroundRadius:0.025]]
[2020.11.19-14.03.53:450][  0]LogConfig: Applying CVar settings from Section [TextureQuality@3] File [C:/Users/1804824/Desktop/UnrealYouTubeRepo/UnrealAnimationPracticeVids/MyProject/Saved/Config/Windows/Scalability.ini]
[2020.11.19-14.03.53:450][  0]LogConfig: Setting CVar [[r.Streaming.MipBias:0]]
[2020.11.19-14.03.53:450][  0]LogConfig: Setting CVar [[r.Streaming.AmortizeCPUToGPUCopy:0]]
[2020.11.19-14.03.53:450][  0]LogConfig: Setting CVar [[r.Streaming.MaxNumTexturesToStreamPerFrame:0]]
[2020.11.19-14.03.53:450][  0]LogConfig: Setting CVar [[r.Streaming.Boost:1]]
[2020.11.19-14.03.53:451][  0]LogConfig: Setting CVar [[r.MaxAnisotropy:8]]
[2020.11.19-14.03.53:451][  0]LogConfig: Setting CVar [[r.Streaming.LimitPoolSizeToVRAM:0]]
[2020.11.19-14.03.53:451][  0]LogConfig: Setting CVar [[r.Streaming.PoolSize:1000]]
[2020.11.19-14.03.53:451][  0]LogConfig: Setting CVar [[r.Streaming.MaxEffectiveScreenSize:0]]
[2020.11.19-14.03.53:451][  0]LogConfig: Applying CVar settings from Section [EffectsQuality@3] File [C:/Users/1804824/Desktop/UnrealYouTubeRepo/UnrealAnimationPracticeVids/MyProject/Saved/Config/Windows/Scalability.ini]
[2020.11.19-14.03.53:451][  0]LogConfig: Setting CVar [[r.TranslucencyLightingVolumeDim:64]]
[2020.11.19-14.03.53:451][  0]LogConfig: Setting CVar [[r.RefractionQuality:2]]
[2020.11.19-14.03.53:451][  0]LogConfig: Setting CVar [[r.SSR.Quality:3]]
[2020.11.19-14.03.53:451][  0]LogConfig: Setting CVar [[r.SceneColorFormat:4]]
[2020.11.19-14.03.53:451][  0]LogConfig: Setting CVar [[r.DetailMode:2]]
[2020.11.19-14.03.53:451][  0]LogConfig: Setting CVar [[r.TranslucencyVolumeBlur:1]]
[2020.11.19-14.03.53:451][  0]LogConfig: Setting CVar [[r.MaterialQualityLevel:1 ; High quality]]
[2020.11.19-14.03.53:451][  0]LogConfig: Setting CVar [[r.SSS.Scale:1]]
[2020.11.19-14.03.53:451][  0]LogConfig: Setting CVar [[r.SSS.SampleSet:2]]
[2020.11.19-14.03.53:451][  0]LogConfig: Setting CVar [[r.SSS.Quality:1]]
[2020.11.19-14.03.53:451][  0]LogConfig: Setting CVar [[r.SSS.HalfRes:1]]
[2020.11.19-14.03.53:451][  0]LogConfig: Setting CVar [[r.EmitterSpawnRateScale:1.0]]
[2020.11.19-14.03.53:451][  0]LogConfig: Setting CVar [[r.ParticleLightQuality:2]]
[2020.11.19-14.03.53:451][  0]LogConfig: Applying CVar settings from Section [FoliageQuality@3] File [C:/Users/1804824/Desktop/UnrealYouTubeRepo/UnrealAnimationPracticeVids/MyProject/Saved/Config/Windows/Scalability.ini]
[2020.11.19-14.03.53:451][  0]LogConfig: Setting CVar [[foliage.DensityScale:1.0]]
[2020.11.19-14.03.53:451][  0]LogConfig: Setting CVar [[grass.DensityScale:1.0]]
[2020.11.19-14.03.53:451][  0]LogInit: Selected Device Profile: [Windows]
[2020.11.19-14.03.53:451][  0]LogInit: Applying CVar settings loaded from the selected device profile: [Windows]
[2020.11.19-14.03.53:459][  0]LogHAL: Display: Platform has ~ 32 GB [34169503744 / 34359738368 / 32], which maps to Largest [LargestMinGB=32, LargerMinGB=12, DefaultMinGB=8, SmallerMinGB=6, SmallestMinGB=0)
[2020.11.19-14.03.53:460][  0]LogConfig: Setting CVar [[r.Vulkan.UseRealUBs:0		; Required until we fix HLR fall-out]]
[2020.11.19-14.03.53:460][  0]LogInit: Going up to parent DeviceProfile []
[2020.11.19-14.03.53:460][  0]LogConfig: Applying CVar settings from Section [ViewDistanceQuality@3] File [C:/Users/1804824/Desktop/UnrealYouTubeRepo/UnrealAnimationPracticeVids/MyProject/Saved/Config/Windows/Scalability.ini]
[2020.11.19-14.03.53:460][  0]LogConfig: Setting CVar [[r.SkeletalMeshLODBias:0]]
[2020.11.19-14.03.53:460][  0]LogConfig: Setting CVar [[r.ViewDistanceScale:1.0]]
[2020.11.19-14.03.53:460][  0]LogConfig: Applying CVar settings from Section [AntiAliasingQuality@3] File [C:/Users/1804824/Desktop/UnrealYouTubeRepo/UnrealAnimationPracticeVids/MyProject/Saved/Config/Windows/Scalability.ini]
[2020.11.19-14.03.53:460][  0]LogConfig: Setting CVar [[r.PostProcessAAQuality:4]]
[2020.11.19-14.03.53:460][  0]LogConfig: Applying CVar settings from Section [ShadowQuality@3] File [C:/Users/1804824/Desktop/UnrealYouTubeRepo/UnrealAnimationPracticeVids/MyProject/Saved/Config/Windows/Scalability.ini]
[2020.11.19-14.03.53:460][  0]LogConfig: Setting CVar [[r.LightFunctionQuality:1]]
[2020.11.19-14.03.53:460][  0]LogConfig: Setting CVar [[r.ShadowQuality:5]]
[2020.11.19-14.03.53:460][  0]LogConfig: Setting CVar [[r.Shadow.CSM.MaxCascades:10]]
[2020.11.19-14.03.53:460][  0]LogConfig: Setting CVar [[r.Shadow.MaxResolution:2048]]
[2020.11.19-14.03.53:460][  0]LogConfig: Setting CVar [[r.Shadow.MaxCSMResolution:2048]]
[2020.11.19-14.03.53:460][  0]LogConfig: Setting CVar [[r.Shadow.RadiusThreshold:0.01]]
[2020.11.19-14.03.53:460][  0]LogConfig: Setting CVar [[r.Shadow.DistanceScale:1.0]]
[2020.11.19-14.03.53:460][  0]LogConfig: Setting CVar [[r.Shadow.CSM.TransitionScale:1.0]]
[2020.11.19-14.03.53:460][  0]LogConfig: Setting CVar [[r.Shadow.PreShadowResolutionFactor:1.0]]
[2020.11.19-14.03.53:460][  0]LogConfig: Setting CVar [[r.DistanceFieldShadowing:1]]
[2020.11.19-14.03.53:461][  0]LogConfig: Setting CVar [[r.DistanceFieldAO:1]]
[2020.11.19-14.03.53:461][  0]LogConfig: Setting CVar [[r.AOQuality:2]]
[2020.11.19-14.03.53:461][  0]LogConfig: Setting CVar [[r.VolumetricFog:1]]
[2020.11.19-14.03.53:461][  0]LogConfig: Setting CVar [[r.VolumetricFog.GridPixelSize:8]]
[2020.11.19-14.03.53:461][  0]LogConfig: Setting CVar [[r.VolumetricFog.GridSizeZ:128]]
[2020.11.19-14.03.53:461][  0]LogConfig: Setting CVar [[r.VolumetricFog.HistoryMissSupersampleCount:4]]
[2020.11.19-14.03.53:461][  0]LogConfig: Setting CVar [[r.LightMaxDrawDistanceScale:1]]
[2020.11.19-14.03.53:461][  0]LogConfig: Setting CVar [[r.CapsuleShadows:1]]
[2020.11.19-14.03.53:461][  0]LogConfig: Applying CVar settings from Section [PostProcessQuality@3] File [C:/Users/1804824/Desktop/UnrealYouTubeRepo/UnrealAnimationPracticeVids/MyProject/Saved/Config/Windows/Scalability.ini]
[2020.11.19-14.03.53:461][  0]LogConfig: Setting CVar [[r.MotionBlurQuality:4]]
[2020.11.19-14.03.53:461][  0]LogConfig: Setting CVar [[r.AmbientOcclusionMipLevelFactor:0.4]]
[2020.11.19-14.03.53:461][  0]LogConfig: Setting CVar [[r.AmbientOcclusionMaxQuality:100]]
[2020.11.19-14.03.53:461][  0]LogConfig: Setting CVar [[r.AmbientOcclusionLevels:-1]]
[2020.11.19-14.03.53:461][  0]LogConfig: Setting CVar [[r.AmbientOcclusionRadiusScale:1.0]]
[2020.11.19-14.03.53:461][  0]LogConfig: Setting CVar [[r.DepthOfFieldQuality:2]]
[2020.11.19-14.03.53:461][  0]LogConfig: Setting CVar [[r.RenderTargetPoolMin:400]]
[2020.11.19-14.03.53:461][  0]LogConfig: Setting CVar [[r.LensFlareQuality:2]]
[2020.11.19-14.03.53:461][  0]LogConfig: Setting CVar [[r.SceneColorFringeQuality:1]]
[2020.11.19-14.03.53:461][  0]LogConfig: Setting CVar [[r.EyeAdaptationQuality:2]]
[2020.11.19-14.03.53:461][  0]LogConfig: Setting CVar [[r.BloomQuality:5]]
[2020.11.19-14.03.53:461][  0]LogConfig: Setting CVar [[r.FastBlurThreshold:100]]
[2020.11.19-14.03.53:461][  0]LogConfig: Setting CVar [[r.Upscale.Quality:3]]
[2020.11.19-14.03.53:461][  0]LogConfig: Setting CVar [[r.Tonemapper.GrainQuantization:1]]
[2020.11.19-14.03.53:461][  0]LogConfig: Setting CVar [[r.LightShaftQuality:1]]
[2020.11.19-14.03.53:461][  0]LogConfig: Setting CVar [[r.Filter.SizeScale:1]]
[2020.11.19-14.03.53:461][  0]LogConfig: Setting CVar [[r.Tonemapper.Quality:5]]
[2020.11.19-14.03.53:461][  0]LogConfig: Setting CVar [[r.DOF.Gather.AccumulatorQuality:1        ; higher gathering accumulator quality]]
[2020.11.19-14.03.53:461][  0]LogConfig: Setting CVar [[r.DOF.Gather.PostfilterMethod:1          ; Median3x3 postfilering method]]
[2020.11.19-14.03.53:461][  0]LogConfig: Setting CVar [[r.DOF.Gather.EnableBokehSettings:0       ; no bokeh simulation when gathering]]
[2020.11.19-14.03.53:461][  0]LogConfig: Setting CVar [[r.DOF.Gather.RingCount:4                 ; medium number of samples when gathering]]
[2020.11.19-14.03.53:462][  0]LogConfig: Setting CVar [[r.DOF.Scatter.ForegroundCompositing:1    ; additive foreground scattering]]
[2020.11.19-14.03.53:462][  0]LogConfig: Setting CVar [[r.DOF.Scatter.BackgroundCompositing:2    ; additive background scattering]]
[2020.11.19-14.03.53:462][  0]LogConfig: Setting CVar [[r.DOF.Scatter.EnableBokehSettings:1      ; bokeh simulation when scattering]]
[2020.11.19-14.03.53:462][  0]LogConfig: Setting CVar [[r.DOF.Scatter.MaxSpriteRatio:0.1         ; only a maximum of 10% of scattered bokeh]]
[2020.11.19-14.03.53:462][  0]LogConfig: Setting CVar [[r.DOF.Recombine.Quality:1                ; cheap slight out of focus]]
[2020.11.19-14.03.53:462][  0]LogConfig: Setting CVar [[r.DOF.Recombine.EnableBokehSettings:0    ; no bokeh simulation on slight out of focus]]
[2020.11.19-14.03.53:462][  0]LogConfig: Setting CVar [[r.DOF.TemporalAAQuality:1                ; more stable temporal accumulation]]
[2020.11.19-14.03.53:462][  0]LogConfig: Setting CVar [[r.DOF.Kernel.MaxForegroundRadius:0.025]]
[2020.11.19-14.03.53:462][  0]LogConfig: Setting CVar [[r.DOF.Kernel.MaxBackgroundRadius:0.025]]
[2020.11.19-14.03.53:462][  0]LogConfig: Applying CVar settings from Section [TextureQuality@3] File [C:/Users/1804824/Desktop/UnrealYouTubeRepo/UnrealAnimationPracticeVids/MyProject/Saved/Config/Windows/Scalability.ini]
[2020.11.19-14.03.53:462][  0]LogConfig: Setting CVar [[r.Streaming.MipBias:0]]
[2020.11.19-14.03.53:462][  0]LogConfig: Setting CVar [[r.Streaming.AmortizeCPUToGPUCopy:0]]
[2020.11.19-14.03.53:462][  0]LogConfig: Setting CVar [[r.Streaming.MaxNumTexturesToStreamPerFrame:0]]
[2020.11.19-14.03.53:462][  0]LogConfig: Setting CVar [[r.Streaming.Boost:1]]
[2020.11.19-14.03.53:462][  0]LogConfig: Setting CVar [[r.MaxAnisotropy:8]]
[2020.11.19-14.03.53:462][  0]LogConfig: Setting CVar [[r.Streaming.LimitPoolSizeToVRAM:0]]
[2020.11.19-14.03.53:462][  0]LogConfig: Setting CVar [[r.Streaming.PoolSize:1000]]
[2020.11.19-14.03.53:462][  0]LogConfig: Setting CVar [[r.Streaming.MaxEffectiveScreenSize:0]]
[2020.11.19-14.03.53:462][  0]LogConfig: Applying CVar settings from Section [EffectsQuality@3] File [C:/Users/1804824/Desktop/UnrealYouTubeRepo/UnrealAnimationPracticeVids/MyProject/Saved/Config/Windows/Scalability.ini]
[2020.11.19-14.03.53:462][  0]LogConfig: Setting CVar [[r.TranslucencyLightingVolumeDim:64]]
[2020.11.19-14.03.53:462][  0]LogConfig: Setting CVar [[r.RefractionQuality:2]]
[2020.11.19-14.03.53:462][  0]LogConfig: Setting CVar [[r.SSR.Quality:3]]
[2020.11.19-14.03.53:462][  0]LogConfig: Setting CVar [[r.SceneColorFormat:4]]
[2020.11.19-14.03.53:462][  0]LogConfig: Setting CVar [[r.DetailMode:2]]
[2020.11.19-14.03.53:462][  0]LogConfig: Setting CVar [[r.TranslucencyVolumeBlur:1]]
[2020.11.19-14.03.53:462][  0]LogConfig: Setting CVar [[r.MaterialQualityLevel:1 ; High quality]]
[2020.11.19-14.03.53:462][  0]LogConfig: Setting CVar [[r.SSS.Scale:1]]
[2020.11.19-14.03.53:462][  0]LogConfig: Setting CVar [[r.SSS.SampleSet:2]]
[2020.11.19-14.03.53:462][  0]LogConfig: Setting CVar [[r.SSS.Quality:1]]
[2020.11.19-14.03.53:463][  0]LogConfig: Setting CVar [[r.SSS.HalfRes:1]]
[2020.11.19-14.03.53:463][  0]LogConfig: Setting CVar [[r.EmitterSpawnRateScale:1.0]]
[2020.11.19-14.03.53:463][  0]LogConfig: Setting CVar [[r.ParticleLightQuality:2]]
[2020.11.19-14.03.53:463][  0]LogConfig: Applying CVar settings from Section [FoliageQuality@3] File [C:/Users/1804824/Desktop/UnrealYouTubeRepo/UnrealAnimationPracticeVids/MyProject/Saved/Config/Windows/Scalability.ini]
[2020.11.19-14.03.53:463][  0]LogConfig: Setting CVar [[foliage.DensityScale:1.0]]
[2020.11.19-14.03.53:463][  0]LogConfig: Setting CVar [[grass.DensityScale:1.0]]
[2020.11.19-14.03.53:463][  0]LogConfig: Applying CVar settings from Section [Startup] File [../../../Engine/Config/ConsoleVariables.ini]
[2020.11.19-14.03.53:463][  0]LogConfig: Setting CVar [[net.UseAdaptiveNetUpdateFrequency:0]]
[2020.11.19-14.03.53:463][  0]LogConfig: Setting CVar [[p.chaos.AllowCreatePhysxBodies:1]]
[2020.11.19-14.03.53:463][  0]LogConfig: Applying CVar settings from Section [ConsoleVariables] File [C:/Users/1804824/Desktop/UnrealYouTubeRepo/UnrealAnimationPracticeVids/MyProject/Saved/Config/Windows/Engine.ini]
[2020.11.19-14.03.53:463][  0]LogInit: Computer: UL04PCJL11D-18
[2020.11.19-14.03.53:463][  0]LogInit: User: 1804824
[2020.11.19-14.03.53:463][  0]LogInit: CPU Page size=4096, Cores=8
[2020.11.19-14.03.53:463][  0]LogInit: High frequency timer resolution =10.000000 MHz
[2020.11.19-14.03.53:464][  0]LogMemory: Memory total: Physical=31.8GB (32GB approx)
[2020.11.19-14.03.53:464][  0]LogMemory: Platform Memory Stats for Windows
[2020.11.19-14.03.53:464][  0]LogMemory: Process Physical Memory: 100.70 MB used, 100.70 MB peak
[2020.11.19-14.03.53:464][  0]LogMemory: Process Virtual Memory: 95.82 MB used, 95.82 MB peak
[2020.11.19-14.03.53:464][  0]LogMemory: Physical Memory: 12992.81 MB used,  19593.77 MB free, 32586.58 MB total
[2020.11.19-14.03.53:464][  0]LogMemory: Virtual Memory: 4668.33 MB used,  134213056.00 MB free, 134217728.00 MB total
[2020.11.19-14.03.53:635][  0]LogInit: Using OS detected language (en-US).
[2020.11.19-14.03.53:635][  0]LogInit: Using OS detected locale (en-GB).
[2020.11.19-14.03.53:636][  0]LogTextLocalizationManager: No specific localization for 'en-US' exists, so the 'en' localization will be used.
[2020.11.19-14.03.53:743][  0]LogInit: Setting process to per monitor DPI aware
[2020.11.19-14.03.53:781][  0]LogSlate: New Slate User Created.  User Index 0, Is Virtual User: 0
[2020.11.19-14.03.53:781][  0]LogSlate: Slate User Registered.  User Index 0, Is Virtual User: 0
[2020.11.19-14.03.54:028][  0]LogHMD: Failed to initialize OpenVR with code 110
[2020.11.19-14.03.54:028][  0]LogD3D11RHI: D3D11 adapters:
[2020.11.19-14.03.54:115][  0]LogD3D11RHI:    0. 'NVIDIA GeForce RTX 2080' (Feature Level 11_0)
[2020.11.19-14.03.54:115][  0]LogD3D11RHI:       8010/0/16293 MB DedicatedVideo/DedicatedSystem/SharedSystem, Outputs:2, VendorId:0x10de
[2020.11.19-14.03.54:153][  0]LogD3D11RHI:    1. 'Intel(R) UHD Graphics 630' (Feature Level 11_0)
[2020.11.19-14.03.54:154][  0]LogD3D11RHI:       128/0/16293 MB DedicatedVideo/DedicatedSystem/SharedSystem, Outputs:0, VendorId:0x8086
[2020.11.19-14.03.54:158][  0]LogD3D11RHI:    2. 'Microsoft Basic Render Driver' (Feature Level 11_0)
[2020.11.19-14.03.54:158][  0]LogD3D11RHI:       0/0/16293 MB DedicatedVideo/DedicatedSystem/SharedSystem, Outputs:0, VendorId:0x1414
[2020.11.19-14.03.54:158][  0]LogD3D11RHI: Chosen D3D11 Adapter: 0
[2020.11.19-14.03.54:170][  0]LogD3D11RHI: Creating new Direct3DDevice
[2020.11.19-14.03.54:170][  0]LogD3D11RHI:     GPU DeviceId: 0x1e87 (for the marketing name, search the web for "GPU Device Id")
[2020.11.19-14.03.54:170][  0]LogWindows: EnumDisplayDevices:
[2020.11.19-14.03.54:170][  0]LogWindows:    0. 'NVIDIA GeForce RTX 2080' (P:1 D:1)
[2020.11.19-14.03.54:171][  0]LogWindows:    1. 'NVIDIA GeForce RTX 2080' (P:0 D:1)
[2020.11.19-14.03.54:171][  0]LogWindows:    2. 'NVIDIA GeForce RTX 2080' (P:0 D:0)
[2020.11.19-14.03.54:171][  0]LogWindows:    3. 'NVIDIA GeForce RTX 2080' (P:0 D:0)
[2020.11.19-14.03.54:172][  0]LogWindows:    4. 'Intel(R) UHD Graphics 630' (P:0 D:0)
[2020.11.19-14.03.54:172][  0]LogWindows:    5. 'Intel(R) UHD Graphics 630' (P:0 D:0)
[2020.11.19-14.03.54:172][  0]LogWindows:    6. 'Intel(R) UHD Graphics 630' (P:0 D:0)
[2020.11.19-14.03.54:172][  0]LogWindows: DebugString: PrimaryIsNotTheChoosenAdapter PrimaryIsNotTheChoosenAdapter PrimaryIsNotTheChoosenAdapter FoundDriverCount:4 
[2020.11.19-14.03.54:172][  0]LogD3D11RHI:     Adapter Name: NVIDIA GeForce RTX 2080
[2020.11.19-14.03.54:172][  0]LogD3D11RHI:   Driver Version: 436.15 (internal:26.21.14.3615, unified:436.15)
[2020.11.19-14.03.54:173][  0]LogD3D11RHI:      Driver Date: 8-24-2019
[2020.11.19-14.03.54:173][  0]LogRHI: Texture pool is 5607 MB (70% of 8010 MB)
[2020.11.19-14.03.54:216][  0]LogD3D11RHI: Async texture creation enabled
[2020.11.19-14.03.54:218][  0]LogRendererCore: FGlobalReadBuffer::InitRHI
[2020.11.19-14.03.54:218][  0]LogRendererCore: FGlobalReadBuffer::InitRHI
[2020.11.19-14.03.54:218][  0]LogRendererCore: FGlobalReadBuffer::InitRHI
[2020.11.19-14.03.54:231][  0]LogD3D11RHI: GPU Timing Frequency: 1000.000000 (Debug: 2 2)
[2020.11.19-14.03.54:541][  0]LogTemp: Display: Module 'AllDesktopTargetPlatform' loaded TargetPlatform 'AllDesktop'
[2020.11.19-14.03.54:553][  0]LogTemp: Display: Module 'MacClientTargetPlatform' loaded TargetPlatform 'MacClient'
[2020.11.19-14.03.54:566][  0]LogTemp: Display: Module 'MacNoEditorTargetPlatform' loaded TargetPlatform 'MacNoEditor'
[2020.11.19-14.03.54:578][  0]LogTemp: Display: Module 'MacServerTargetPlatform' loaded TargetPlatform 'MacServer'
[2020.11.19-14.03.54:590][  0]LogTemp: Display: Module 'MacTargetPlatform' loaded TargetPlatform 'Mac'
[2020.11.19-14.03.54:602][  0]LogTemp: Display: Module 'WindowsClientTargetPlatform' loaded TargetPlatform 'WindowsClient'
[2020.11.19-14.03.54:615][  0]LogTemp: Display: Module 'WindowsNoEditorTargetPlatform' loaded TargetPlatform 'WindowsNoEditor'
[2020.11.19-14.03.54:628][  0]LogTemp: Display: Module 'WindowsServerTargetPlatform' loaded TargetPlatform 'WindowsServer'
[2020.11.19-14.03.54:634][  0]LogTemp: Display: Module 'WindowsTargetPlatform' loaded TargetPlatform 'Windows'
[2020.11.19-14.03.54:695][  0]LogTemp: Display: Module 'AndroidTargetPlatform' loaded TargetPlatform 'Android'
[2020.11.19-14.03.54:695][  0]LogTemp: Display: Module 'AndroidTargetPlatform' loaded TargetPlatform 'Android_ASTC'
[2020.11.19-14.03.54:695][  0]LogTemp: Display: Module 'AndroidTargetPlatform' loaded TargetPlatform 'Android_ATC'
[2020.11.19-14.03.54:695][  0]LogTemp: Display: Module 'AndroidTargetPlatform' loaded TargetPlatform 'Android_DXT'
[2020.11.19-14.03.54:695][  0]LogTemp: Display: Module 'AndroidTargetPlatform' loaded TargetPlatform 'Android_ETC1'
[2020.11.19-14.03.54:695][  0]LogTemp: Display: Module 'AndroidTargetPlatform' loaded TargetPlatform 'Android_ETC1a'
[2020.11.19-14.03.54:696][  0]LogTemp: Display: Module 'AndroidTargetPlatform' loaded TargetPlatform 'Android_ETC2'
[2020.11.19-14.03.54:696][  0]LogTemp: Display: Module 'AndroidTargetPlatform' loaded TargetPlatform 'Android_PVRTC'
[2020.11.19-14.03.54:696][  0]LogTemp: Display: Module 'AndroidTargetPlatform' loaded TargetPlatform 'AndroidClient'
[2020.11.19-14.03.54:696][  0]LogTemp: Display: Module 'AndroidTargetPlatform' loaded TargetPlatform 'Android_ASTCClient'
[2020.11.19-14.03.54:696][  0]LogTemp: Display: Module 'AndroidTargetPlatform' loaded TargetPlatform 'Android_ATCClient'
[2020.11.19-14.03.54:696][  0]LogTemp: Display: Module 'AndroidTargetPlatform' loaded TargetPlatform 'Android_DXTClient'
[2020.11.19-14.03.54:696][  0]LogTemp: Display: Module 'AndroidTargetPlatform' loaded TargetPlatform 'Android_ETC1Client'
[2020.11.19-14.03.54:696][  0]LogTemp: Display: Module 'AndroidTargetPlatform' loaded TargetPlatform 'Android_ETC1aClient'
[2020.11.19-14.03.54:696][  0]LogTemp: Display: Module 'AndroidTargetPlatform' loaded TargetPlatform 'Android_ETC2Client'
[2020.11.19-14.03.54:696][  0]LogTemp: Display: Module 'AndroidTargetPlatform' loaded TargetPlatform 'Android_PVRTCClient'
[2020.11.19-14.03.54:696][  0]LogTemp: Display: Module 'AndroidTargetPlatform' loaded TargetPlatform 'Android_Multi'
[2020.11.19-14.03.54:696][  0]LogTemp: Display: Module 'AndroidTargetPlatform' loaded TargetPlatform 'Android_MultiClient'
[2020.11.19-14.03.54:699][  0]LogTemp: Display: Module 'HTML5TargetPlatform' loaded TargetPlatform 'HTML5'
[2020.11.19-14.03.54:748][  0]LogTemp: Display: Module 'IOSTargetPlatform' loaded TargetPlatform 'IOSClient'
[2020.11.19-14.03.54:749][  0]LogTemp: Display: Module 'IOSTargetPlatform' loaded TargetPlatform 'IOS'
[2020.11.19-14.03.54:769][  0]LogTemp: Display: Module 'TVOSTargetPlatform' loaded TargetPlatform 'TVOSClient'
[2020.11.19-14.03.54:769][  0]LogTemp: Display: Module 'TVOSTargetPlatform' loaded TargetPlatform 'TVOS'
[2020.11.19-14.03.54:780][  0]LogTemp: Display: Module 'LinuxClientTargetPlatform' loaded TargetPlatform 'LinuxClient'
[2020.11.19-14.03.54:792][  0]LogTemp: Display: Module 'LinuxNoEditorTargetPlatform' loaded TargetPlatform 'LinuxNoEditor'
[2020.11.19-14.03.54:803][  0]LogTemp: Display: Module 'LinuxServerTargetPlatform' loaded TargetPlatform 'LinuxServer'
[2020.11.19-14.03.54:815][  0]LogTemp: Display: Module 'LinuxTargetPlatform' loaded TargetPlatform 'Linux'
[2020.11.19-14.03.54:852][  0]LogTemp: Display: Module 'LuminTargetPlatform' loaded TargetPlatform 'Lumin'
[2020.11.19-14.03.54:852][  0]LogTemp: Display: Module 'LuminTargetPlatform' loaded TargetPlatform 'LuminClient'
[2020.11.19-14.03.54:852][  0]LogTargetPlatformManager: Display: Building Assets For Windows
[2020.11.19-14.03.54:865][  0]LogAudioDebug: Display: Lib vorbis DLL was dynamically loaded.
[2020.11.19-14.03.54:927][  0]LogShaderCompilers: Guid format shader working directory is -44 characters bigger than the processId version (../../../../../Users/1804824/Desktop/UnrealYouTubeRepo/UnrealAnimationPracticeVids/MyProject/Intermediate/Shaders/WorkingDirectory/4828/).
[2020.11.19-14.03.54:928][  0]LogShaderCompilers: Cleaned the shader compiler working directory 'C:/Users/1804824/AppData/Local/Temp/UnrealShaderWorkingDir/2F584037409E4B9F977F118AEE9B59E3/'.
[2020.11.19-14.03.54:929][  0]LogXGEController: Cleaning working directory: C:/Users/1804824/AppData/Local/Temp/UnrealXGEWorkingDir/
[2020.11.19-14.03.54:929][  0]LogXGEController: Cannot use XGE Controller as Incredibuild is not installed on this machine.
[2020.11.19-14.03.54:930][  0]LogShaderCompilers: Cannot use XGE Shader Compiler as Incredibuild is not installed on this machine.
[2020.11.19-14.03.54:930][  0]LogShaderCompilers: Display: Using Local Shader Compiler.
[2020.11.19-14.03.55:388][  0]LogDerivedDataCache: Display: Max Cache Size: 512 MB
[2020.11.19-14.03.55:425][  0]LogDerivedDataCache: Loaded boot cache 0.04s 76MB C:/Users/1804824/AppData/Local/UnrealEngine/4.22/DerivedDataCache/Boot.ddc.
[2020.11.19-14.03.55:425][  0]LogDerivedDataCache: Display: Loaded Boot cache: C:/Users/1804824/AppData/Local/UnrealEngine/4.22/DerivedDataCache/Boot.ddc
[2020.11.19-14.03.55:425][  0]LogDerivedDataCache: FDerivedDataBackendGraph:  Pak pak cache file ../../../../../Users/1804824/Desktop/UnrealYouTubeRepo/UnrealAnimationPracticeVids/MyProject/DerivedDataCache/DDC.ddp not found, will not use a pak cache.
[2020.11.19-14.03.55:425][  0]LogDerivedDataCache: Unable to find inner node Pak for hierarchical cache Hierarchy.
[2020.11.19-14.03.55:425][  0]LogDerivedDataCache: FDerivedDataBackendGraph:  CompressedPak pak cache file ../../../../../Users/1804824/Desktop/UnrealYouTubeRepo/UnrealAnimationPracticeVids/MyProject/DerivedDataCache/Compressed.ddp not found, will not use a pak cache.
[2020.11.19-14.03.55:425][  0]LogDerivedDataCache: Unable to find inner node CompressedPak for hierarchical cache Hierarchy.
[2020.11.19-14.03.55:435][  0]LogDerivedDataCache: Display: Pak cache opened for reading ../../../Engine/DerivedDataCache/Compressed.ddp.
[2020.11.19-14.03.55:435][  0]LogDerivedDataCache: FDerivedDataBackendGraph:  EnterprisePak pak cache file ../../../Enterprise/DerivedDataCache/Compressed.ddp not found, will not use a pak cache.
[2020.11.19-14.03.55:436][  0]LogDerivedDataCache: Unable to find inner node EnterprisePak for hierarchical cache Hierarchy.
[2020.11.19-14.03.55:448][  0]LogDerivedDataCache: Using Local data cache path C:/Users/1804824/AppData/Local/UnrealEngine/Common/DerivedDataCache: Writable
[2020.11.19-14.03.55:448][  0]LogDerivedDataCache: Shared data cache path not found in *engine.ini, will not use an Shared cache.
[2020.11.19-14.03.55:448][  0]LogDerivedDataCache: Unable to find inner node Shared for hierarchical cache Hierarchy.
[2020.11.19-14.03.55:464][  0]LogMaterial: Verifying Global Shaders for PCD3D_SM5
[2020.11.19-14.03.55:465][  0]LogSlate: Using FreeType 2.6.0
[2020.11.19-14.03.55:466][  0]LogSlate: SlateFontServices - WITH_FREETYPE: 1, WITH_HARFBUZZ: 1
[2020.11.19-14.03.55:562][  0]LogAssetRegistry: FAssetRegistry took 0.0336 seconds to start up
[2020.11.19-14.03.55:800][  0]LogInit: Selected Device Profile: [Windows]
[2020.11.19-14.03.55:915][  0]LogMeshReduction: Using QuadricMeshReduction for automatic static mesh reduction
[2020.11.19-14.03.55:915][  0]LogMeshReduction: Using SimplygonMeshReduction for automatic skeletal mesh reduction
[2020.11.19-14.03.55:915][  0]LogMeshReduction: Using ProxyLODMeshReduction for automatic mesh merging
[2020.11.19-14.03.55:915][  0]LogMeshReduction: No distributed automatic mesh merging module available
[2020.11.19-14.03.55:915][  0]LogMeshMerging: No distributed automatic mesh merging module available
[2020.11.19-14.03.55:923][  0]LogNetVersion: MyProject 1.0.0, NetCL: 5660361, EngineNetVer: 10, GameNetVer: 0 (Checksum: 2788865488)
[2020.11.19-14.03.56:207][  0]LogPackageLocalizationCache: Processed 10 localized package path(s) for 1 prioritized culture(s) in 0.025644 seconds
[2020.11.19-14.03.56:210][  0]LogUObjectArray: 42205 objects as part of root set at end of initial load.
[2020.11.19-14.03.56:211][  0]LogUObjectAllocator: 7325032 out of 0 bytes used by permanent object pool.
[2020.11.19-14.03.56:211][  0]LogUObjectArray: CloseDisregardForGC: 0/0 objects in disregard for GC pool
[2020.11.19-14.03.57:155][  0]LogTcpMessaging: Initializing TcpMessaging bridge
[2020.11.19-14.03.57:170][  0]LogUdpMessaging: Initializing bridge on interface 0.0.0.0:0 to multicast group 230.0.0.1:6666.
[2020.11.19-14.03.57:405][  0]SourceControl: Source control is disabled
[2020.11.19-14.03.57:405][  0]SourceControl: Source control is disabled
[2020.11.19-14.03.57:408][  0]SourceControl: Source control is disabled
[2020.11.19-14.03.57:410][  0]SourceControl: Source control is disabled
[2020.11.19-14.03.57:519][  0]LogAndroidPermission: UAndroidPermissionCallbackProxy::GetInstance
[2020.11.19-14.03.57:754][  0]LogOcInput: OculusInput pre-init called
[2020.11.19-14.03.58:566][  0]LogEngine: Initializing Engine...
[2020.11.19-14.03.58:567][  0]LogHMD: Failed to initialize OpenVR with code 110
[2020.11.19-14.03.58:568][  0]LogStats: UGameplayTagsManager::InitializeManager -  0.000 s
[2020.11.19-14.03.58:722][  0]LogInit: Initializing FReadOnlyCVARCache
[2020.11.19-14.03.58:733][  0]LogAIModule: Creating AISystem for world Untitled
[2020.11.19-14.03.58:786][  0]LogInit: XAudio2 using 'Headphones (HD 4.40BT Stereo)' : 2 channels at 44.1 kHz using 16 bits per sample (channel mask 0x3)
[2020.11.19-14.03.58:809][  0]LogInit: FAudioDevice initialized.
[2020.11.19-14.03.58:809][  0]LogNetVersion: Set ProjectVersion to 1.0.0.0. Version Checksum will be recalculated on next use.
[2020.11.19-14.03.58:887][  0]LogDerivedDataCache: Saved boot cache 0.08s 76MB C:/Users/1804824/AppData/Local/UnrealEngine/4.22/DerivedDataCache/Boot.ddc.
[2020.11.19-14.03.58:890][  0]LogInit: Texture streaming: Enabled
[2020.11.19-14.03.58:915][  0]LogEngineSessionManager: EngineSessionManager initialized
[2020.11.19-14.03.58:915][  0]LogEngineSessionManager: EngineSessionManager sent abnormal shutdown report. Type=Debugger, SessionId={2155271D-4E9C-0CC6-8969-0B8061DAE4D1}
[2020.11.19-14.03.58:931][  0]LogInit: Transaction tracking system initialized
[2020.11.19-14.03.58:956][  0]BlueprintLog: New page: Editor Load
[2020.11.19-14.03.59:047][  0]LocalizationService: Localization service is disabled
[2020.11.19-14.03.59:296][  0]LogFileCache: Scanning file cache for directory 'C:/Users/1804824/Desktop/UnrealYouTubeRepo/UnrealAnimationPracticeVids/MyProject/Content/' took 0.02s
[2020.11.19-14.03.59:296][  0]LogCook: Display: Max memory allowance for cook 16384mb min free memory 0mb
[2020.11.19-14.03.59:296][  0]LogCook: Display: Mobile HDR setting 1
[2020.11.19-14.03.59:484][  0]SourceControl: Source control is disabled
[2020.11.19-14.03.59:485][  0]LightingResults: New page: Lighting Build
[2020.11.19-14.03.59:487][  0]MapCheck: New page: Map Check
[2020.11.19-14.03.59:487][  0]LightingResults: New page: Lighting Build
[2020.11.19-14.03.59:512][  0]LogUObjectHash: Compacting FUObjectHashTables data took   1.37ms
[2020.11.19-14.03.59:579][  0]LogAIModule: Creating AISystem for world ThirdPersonExampleMap
[2020.11.19-14.03.59:587][  0]LogEditorServer: Finished looking for orphan Actors (0.000 secs)
[2020.11.19-14.03.59:611][  0]LogUObjectHash: Compacting FUObjectHashTables data took   1.35ms
[2020.11.19-14.03.59:611][  0]Cmd: MAP CHECKDEP NOCLEARLOG
[2020.11.19-14.03.59:612][  0]MapCheck: Map check complete: 0 Error(s), 0 Warning(s), took 0.118ms to complete.
[2020.11.19-14.03.59:612][  0]LogFileHelpers: Loading map 'ThirdPersonExampleMap' took 0.127
[2020.11.19-14.03.59:701][  0]LogSlate: Updating window title bar state: overlay mode, drag disabled, window buttons hidden, title bar hidden
[2020.11.19-14.03.59:706][  0]LogSlate: Updating window title bar state: overlay mode, drag disabled, window buttons hidden, title bar hidden
[2020.11.19-14.03.59:711][  0]LogSlate: Updating window title bar state: overlay mode, drag disabled, window buttons hidden, title bar hidden
[2020.11.19-14.03.59:716][  0]LogSlate: Updating window title bar state: overlay mode, drag disabled, window buttons hidden, title bar hidden
[2020.11.19-14.03.59:722][  0]LogCollectionManager: Loaded 0 collections in 0.001113 seconds
[2020.11.19-14.03.59:765][  0]LogFileCache: Scanning file cache for directory 'C:/Users/1804824/Desktop/UnrealYouTubeRepo/UnrealAnimationPracticeVids/MyProject/Saved/Collections/' took 0.01s
[2020.11.19-14.03.59:765][  0]LogFileCache: Scanning file cache for directory 'C:/Users/1804824/Desktop/UnrealYouTubeRepo/UnrealAnimationPracticeVids/MyProject/Content/Developers/1804824/Collections/' took 0.01s
[2020.11.19-14.03.59:765][  0]LogFileCache: Scanning file cache for directory 'C:/Users/1804824/Desktop/UnrealYouTubeRepo/UnrealAnimationPracticeVids/MyProject/Content/Collections/' took 0.01s
[2020.11.19-14.03.59:765][  0]LogCollectionManager: Rebuilt the GUID cache for 0 collections in 0.000000 seconds
[2020.11.19-14.03.59:772][  0]LogContentBrowser: Native class hierarchy populated in 0.0067 seconds. Added 2735 classes and 661 folders.
[2020.11.19-14.03.59:779][  0]LogContentBrowser: Native class hierarchy updated for 'WidgetCarousel' in 0.0004 seconds. Added 0 classes and 0 folders.
[2020.11.19-14.03.59:781][  0]LogPakFile: Registered encryption key '00000000000000000000000000000000': 0 pak files mounted, 0 remain pending
[2020.11.19-14.03.59:782][  0]LogPakFile: Registered encryption key '00000000000000000000000000000000': 0 pak files mounted, 0 remain pending
[2020.11.19-14.03.59:782][  0]LogPakFile: Registered encryption key '00000000000000000000000000000000': 0 pak files mounted, 0 remain pending
[2020.11.19-14.03.59:783][  0]LogPakFile: Registered encryption key '00000000000000000000000000000000': 0 pak files mounted, 0 remain pending
[2020.11.19-14.03.59:784][  0]LogPakFile: Registered encryption key '00000000000000000000000000000000': 0 pak files mounted, 0 remain pending
[2020.11.19-14.03.59:785][  0]LogPakFile: Registered encryption key '00000000000000000000000000000000': 0 pak files mounted, 0 remain pending
[2020.11.19-14.03.59:785][  0]LogPakFile: Registered encryption key '00000000000000000000000000000000': 0 pak files mounted, 0 remain pending
[2020.11.19-14.03.59:786][  0]LogPakFile: Registered encryption key '00000000000000000000000000000000': 0 pak files mounted, 0 remain pending
[2020.11.19-14.03.59:787][  0]LogPakFile: Registered encryption key '00000000000000000000000000000000': 0 pak files mounted, 0 remain pending
[2020.11.19-14.03.59:787][  0]LogPakFile: Registered encryption key '00000000000000000000000000000000': 0 pak files mounted, 0 remain pending
[2020.11.19-14.03.59:788][  0]LogPakFile: Registered encryption key '00000000000000000000000000000000': 0 pak files mounted, 0 remain pending
[2020.11.19-14.03.59:788][  0]LogPakFile: Registered encryption key '00000000000000000000000000000000': 0 pak files mounted, 0 remain pending
[2020.11.19-14.03.59:789][  0]LogPakFile: Registered encryption key '00000000000000000000000000000000': 0 pak files mounted, 0 remain pending
[2020.11.19-14.03.59:790][  0]LogPakFile: Registered encryption key '00000000000000000000000000000000': 0 pak files mounted, 0 remain pending
[2020.11.19-14.03.59:790][  0]LogPakFile: Registered encryption key '00000000000000000000000000000000': 0 pak files mounted, 0 remain pending
[2020.11.19-14.03.59:791][  0]LogPakFile: Registered encryption key '00000000000000000000000000000000': 0 pak files mounted, 0 remain pending
[2020.11.19-14.03.59:792][  0]LogPakFile: Registered encryption key '00000000000000000000000000000000': 0 pak files mounted, 0 remain pending
[2020.11.19-14.03.59:792][  0]LogPakFile: Registered encryption key '00000000000000000000000000000000': 0 pak files mounted, 0 remain pending
[2020.11.19-14.03.59:793][  0]LogPakFile: Registered encryption key '00000000000000000000000000000000': 0 pak files mounted, 0 remain pending
[2020.11.19-14.03.59:794][  0]LogPakFile: Registered encryption key '00000000000000000000000000000000': 0 pak files mounted, 0 remain pending
[2020.11.19-14.03.59:795][  0]LogPakFile: Registered encryption key '00000000000000000000000000000000': 0 pak files mounted, 0 remain pending
[2020.11.19-14.03.59:795][  0]LogPakFile: Registered encryption key '00000000000000000000000000000000': 0 pak files mounted, 0 remain pending
[2020.11.19-14.03.59:796][  0]LogPakFile: Registered encryption key '00000000000000000000000000000000': 0 pak files mounted, 0 remain pending
[2020.11.19-14.03.59:797][  0]LogPakFile: Registered encryption key '00000000000000000000000000000000': 0 pak files mounted, 0 remain pending
[2020.11.19-14.03.59:797][  0]LogPakFile: Registered encryption key '00000000000000000000000000000000': 0 pak files mounted, 0 remain pending
[2020.11.19-14.03.59:798][  0]LogPakFile: Registered encryption key '00000000000000000000000000000000': 0 pak files mounted, 0 remain pending
[2020.11.19-14.03.59:833][  0]LogContentBrowser: Native class hierarchy updated for 'AddContentDialog' in 0.0003 seconds. Added 0 classes and 0 folders.
[2020.11.19-14.03.59:839][  0]LogContentBrowser: Native class hierarchy updated for 'SceneOutliner' in 0.0003 seconds. Added 1 classes and 2 folders.
[2020.11.19-14.03.59:850][  0]LogSlate: Took 0.000245 seconds to synchronously load lazily loaded font '../../../Engine/Content/Slate/Fonts/Roboto-Regular.ttf' (155K)
[2020.11.19-14.03.59:852][  0]LogSlate: Took 0.000219 seconds to synchronously load lazily loaded font '../../../Engine/Content/Slate/Fonts/Roboto-Bold.ttf' (160K)
[2020.11.19-14.03.59:855][  0]LogSlate: Took 0.000209 seconds to synchronously load lazily loaded font '../../../Engine/Content/Editor/Slate/Fonts/FontAwesome.ttf' (139K)
[2020.11.19-14.03.59:903][  0]LogRenderer: Reallocating scene render targets to support 1616x808 Format 10 NumSamples 1 (Frame:1).
[2020.11.19-14.04.00:096][  0]LogContentBrowser: Native class hierarchy updated for 'HierarchicalLODOutliner' in 0.0003 seconds. Added 0 classes and 0 folders.
[2020.11.19-14.04.00:096][  0]LogLoad: (Engine Initialization) Total time: 8.87 seconds
[2020.11.19-14.04.00:096][  0]LogLoad: (Engine Initialization) Total Blueprint compile time: 0.00 seconds
[2020.11.19-14.04.00:123][  0]LogAssetRegistry: Asset discovery search completed in 4.5855 seconds
[2020.11.19-14.04.00:125][  0]LogCollectionManager: Rebuilt the object cache for 0 collections in 0.000000 seconds (found 0 objects)
[2020.11.19-14.04.00:125][  0]LogCollectionManager: Fixed up redirectors for 0 collections in 0.000173 seconds (updated 0 objects)
[2020.11.19-14.04.00:126][  0]LogContentStreaming: Texture pool size now 1000 MB
[2020.11.19-14.04.02:300][257]LogEditorViewport: Clicking on Actor (LMB): ThirdPersonCharacter_C (ThirdPersonCharacter)
[2020.11.19-14.04.03:164][341]LogSlate: FSceneViewport::OnFocusLost() reason 5
[2020.11.19-14.04.03:166][341]LogSlate: Took 0.000244 seconds to synchronously load lazily loaded font '../../../Engine/Content/Slate/Fonts/Roboto-Light.ttf' (167K)
[2020.11.19-14.04.03:172][341]LogAssetEditorManager: Opening Asset editor for Blueprint /Game/ThirdPersonCPP/Blueprints/ThirdPersonCharacter.ThirdPersonCharacter
[2020.11.19-14.04.03:340][341]LogContentBrowser: Native class hierarchy updated for 'BlueprintGraph' in 0.0005 seconds. Added 121 classes and 0 folders.
[2020.11.19-14.04.03:923][341]LogSlate: Took 0.000269 seconds to synchronously load lazily loaded font '../../../Engine/Content/Slate/Fonts/Roboto-BoldCondensed.ttf' (158K)
[2020.11.19-14.04.04:995][434]LogRenderer: Reallocating scene render targets to support 1616x1260 Format 10 NumSamples 1 (Frame:1).
[2020.11.19-14.04.06:064][535]LogSlate: Took 0.000246 seconds to synchronously load lazily loaded font '../../../Engine/Content/Slate/Fonts/Roboto-Italic.ttf' (157K)
[2020.11.19-14.04.08:745][771]LogSlate: FSceneViewport::OnFocusLost() reason 0
[2020.11.19-14.04.08:872][782]LogAssetEditorManager: Opening Asset editor for AnimMontage /Game/Anim/Animations/MeleeFistAttackMontage.MeleeFistAttackMontage
[2020.11.19-14.04.08:877][782]LogBlueprintActionDatabase: Requesting refresh due to module change: AnimationEditor (loaded)
[2020.11.19-14.04.08:883][782]LogBlueprintActionDatabase: Requesting refresh due to module change: SkeletonEditor (loaded)
[2020.11.19-14.04.08:883][782]LogContentBrowser: Native class hierarchy updated for 'SkeletonEditor' in 0.0003 seconds. Added 1 classes and 2 folders.
[2020.11.19-14.04.09:023][782]LogActorComponent: RegisterComponentWithWorld: (/Engine/Transient.World_4:PersistentLevel.AnimationEditorPreviewActor_0.DebugSkelMeshComponent_0) Already registered. Aborting.
[2020.11.19-14.04.09:025][782]LogBlueprintActionDatabase: Requesting refresh due to module change: PinnedCommandList (loaded)
[2020.11.19-14.04.09:026][782]LogContentBrowser: Native class hierarchy updated for 'PinnedCommandList' in 0.0003 seconds. Added 1 classes and 0 folders.
[2020.11.19-14.04.09:037][782]LogSkeletalMesh: USkeletalMeshComponent::InitArticulated : Bodies already created (/Engine/Transient.World_4:PersistentLevel.AnimationEditorPreviewActor_0.DebugSkelMeshComponent_0) - call TermArticulated first.
[2020.11.19-14.04.09:478][782]LogContentBrowser: Verbose: The majority of assets in the view are of type: AnimSequence
[2020.11.19-14.04.40:943][587]LogSlate: FSceneViewport::OnFocusLost() reason 0
[2020.11.19-14.04.41:017][594]LogAssetEditorManager: Opening Asset editor for Skeleton /Game/Mannequin/Character/Mesh/UE4_Mannequin_Skeleton.UE4_Mannequin_Skeleton
[2020.11.19-14.04.41:021][594]LogActorComponent: RegisterComponentWithWorld: (/Engine/Transient.World_8:PersistentLevel.AnimationEditorPreviewActor_0.DebugSkelMeshComponent_0) Already registered. Aborting.
[2020.11.19-14.04.41:041][594]LogSkeletalMesh: USkeletalMeshComponent::InitArticulated : Bodies already created (/Engine/Transient.World_8:PersistentLevel.AnimationEditorPreviewActor_0.DebugSkelMeshComponent_0) - call TermArticulated first.
[2020.11.19-14.04.49:213][296]LogSlate: FSceneViewport::OnFocusLost() reason 0
[2020.11.19-14.04.53:936][678]LogSlate: FSceneViewport::OnFocusLost() reason 0
[2020.11.19-14.04.54:001][684]LogAssetEditorManager: Opening Asset editor for AnimBlueprint /Game/Mannequin/Animations/ThirdPerson_AnimBP.ThirdPerson_AnimBP
[2020.11.19-14.04.54:008][684]LogActorComponent: RegisterComponentWithWorld: (/Engine/Transient.World_10:PersistentLevel.AnimationEditorPreviewActor_0.DebugSkelMeshComponent_0) Already registered. Aborting.
[2020.11.19-14.04.54:233][684]LogSkeletalMesh: USkeletalMeshComponent::InitArticulated : Bodies already created (/Engine/Transient.World_10:PersistentLevel.AnimationEditorPreviewActor_0.DebugSkelMeshComponent_0) - call TermArticulated first.
[2020.11.19-14.05.14:920][400]LogTemp: Repeating last play command: New Editor Window (PIE)
[2020.11.19-14.05.14:929][400]LogBlueprintUserMessages: Early PlayInEditor Detection: Level '/Game/ThirdPersonCPP/Maps/ThirdPersonExampleMap.ThirdPersonExampleMap:PersistentLevel' has LevelScriptBlueprint '/Game/ThirdPersonCPP/Maps/ThirdPersonExampleMap.ThirdPersonExampleMap:PersistentLevel.ThirdPersonExampleMap' with GeneratedClass '/Game/ThirdPersonCPP/Maps/ThirdPersonExampleMap.ThirdPersonExampleMap_C' with ClassGeneratedBy '/Game/ThirdPersonCPP/Maps/ThirdPersonExampleMap.ThirdPersonExampleMap:PersistentLevel.ThirdPersonExampleMap'
[2020.11.19-14.05.14:930][400]LogPlayLevel: PlayLevel: No blueprints needed recompiling
[2020.11.19-14.05.14:930][400]PIE: New page: PIE session: ThirdPersonExampleMap (19 Nov 2020 14:05:14)
[2020.11.19-14.05.14:943][400]LogPlayLevel: Creating play world package: /Game/ThirdPersonCPP/Maps/UEDPIE_0_ThirdPersonExampleMap
[2020.11.19-14.05.14:954][400]LogPlayLevel: PIE: StaticDuplicateObject took: (0.010564s)
[2020.11.19-14.05.14:954][400]LogAIModule: Creating AISystem for world ThirdPersonExampleMap
[2020.11.19-14.05.14:955][400]LogPlayLevel: PIE: World Init took: (0.000589s)
[2020.11.19-14.05.14:955][400]LogPlayLevel: PIE: Created PIE world by copying editor world from /Game/ThirdPersonCPP/Maps/ThirdPersonExampleMap.ThirdPersonExampleMap to /Game/ThirdPersonCPP/Maps/UEDPIE_0_ThirdPersonExampleMap.ThirdPersonExampleMap (0.011666s)
[2020.11.19-14.05.15:007][400]LogUObjectHash: Compacting FUObjectHashTables data took   6.41ms
[2020.11.19-14.05.15:051][400]LogInit: XAudio2 using 'Headphones (HD 4.40BT Stereo)' : 2 channels at 44.1 kHz using 16 bits per sample (channel mask 0x3)
[2020.11.19-14.05.15:063][400]LogInit: FAudioDevice initialized.
[2020.11.19-14.05.15:067][400]LogSlate: Updating window title bar state: overlay mode, drag disabled, window buttons hidden, title bar hidden
[2020.11.19-14.05.15:117][400]LogLoad: Game class is 'MyProjectGameMode'
[2020.11.19-14.05.15:119][400]LogWorld: Bringing World /Game/ThirdPersonCPP/Maps/UEDPIE_0_ThirdPersonExampleMap.ThirdPersonExampleMap up for play (max tick rate 0) at 2020.11.19-14.05.15
[2020.11.19-14.05.15:119][400]LogWorld: Bringing up level for play took: 0.001248
[2020.11.19-14.05.15:134][400]LogBlueprintActionDatabase: Requesting refresh due to module change: Voice (loaded)
[2020.11.19-14.05.15:135][400]LogBlueprintActionDatabase: Requesting refresh due to module change: MovieSceneCapture (loaded)
[2020.11.19-14.05.15:136][400]LogContentBrowser: Native class hierarchy updated for 'MovieSceneCapture' in 0.0004 seconds. Added 20 classes and 0 folders.
[2020.11.19-14.05.15:139][400]PIE: Play in editor start time for /Game/ThirdPersonCPP/Maps/UEDPIE_0_ThirdPersonExampleMap 0.143
[2020.11.19-14.05.15:139][400]LogBlueprintUserMessages: Late PlayInEditor Detection: Level '/Game/ThirdPersonCPP/Maps/ThirdPersonExampleMap.ThirdPersonExampleMap:PersistentLevel' has LevelScriptBlueprint '/Game/ThirdPersonCPP/Maps/ThirdPersonExampleMap.ThirdPersonExampleMap:PersistentLevel.ThirdPersonExampleMap' with GeneratedClass '/Game/ThirdPersonCPP/Maps/ThirdPersonExampleMap.ThirdPersonExampleMap_C' with ClassGeneratedBy '/Game/ThirdPersonCPP/Maps/ThirdPersonExampleMap.ThirdPersonExampleMap:PersistentLevel.ThirdPersonExampleMap'
[2020.11.19-14.05.35:097][738]LogBlueprintUserMessages: Early EndPlayMap Detection: Level '/Game/ThirdPersonCPP/Maps/ThirdPersonExampleMap.ThirdPersonExampleMap:PersistentLevel' has LevelScriptBlueprint '/Game/ThirdPersonCPP/Maps/ThirdPersonExampleMap.ThirdPersonExampleMap:PersistentLevel.ThirdPersonExampleMap' with GeneratedClass '/Game/ThirdPersonCPP/Maps/ThirdPersonExampleMap.ThirdPersonExampleMap_C' with ClassGeneratedBy '/Game/ThirdPersonCPP/Maps/ThirdPersonExampleMap.ThirdPersonExampleMap:PersistentLevel.ThirdPersonExampleMap'
[2020.11.19-14.05.35:097][738]LogSlate: Updating window title bar state: overlay mode, drag disabled, window buttons hidden, title bar hidden
[2020.11.19-14.05.35:106][738]LogSlate: Window 'MyProject Game Preview Standalone (64-bit/PCD3D_SM5)' being destroyed
[2020.11.19-14.05.35:146][738]LogPlayLevel: Display: Shutting down PIE online subsystems
[2020.11.19-14.05.35:147][738]LogBlueprintUserMessages: Late EndPlayMap Detection: Level '/Game/ThirdPersonCPP/Maps/ThirdPersonExampleMap.ThirdPersonExampleMap:PersistentLevel' has LevelScriptBlueprint '/Game/ThirdPersonCPP/Maps/ThirdPersonExampleMap.ThirdPersonExampleMap:PersistentLevel.ThirdPersonExampleMap' with GeneratedClass '/Game/ThirdPersonCPP/Maps/ThirdPersonExampleMap.ThirdPersonExampleMap_C' with ClassGeneratedBy '/Game/ThirdPersonCPP/Maps/ThirdPersonExampleMap.ThirdPersonExampleMap:PersistentLevel.ThirdPersonExampleMap'
[2020.11.19-14.05.35:215][738]LogUObjectHash: Compacting FUObjectHashTables data took   4.76ms
[2020.11.19-14.05.35:262][739]LogPlayLevel: Display: Destroying online subsystem :Context_13
[2020.11.19-14.05.41:347][462]LogSlate: Window 'ThirdPersonCharacter' being destroyed
[2020.11.19-14.14.20:758][185]LogUObjectHash: Compacting FUObjectHashTables data took   3.91ms
[2020.11.19-14.14.20:758][185]LogFileHelpers: Editor autosave (incl. sublevels) for '/Game/ThirdPersonCPP/Maps/ThirdPersonExampleMap' took 0.068
[2020.11.19-14.14.20:760][185]OBJ SavePackage: Generating thumbnails for [0] asset(s) in package [/Game/Mannequin/Character/Mesh/UE4_Mannequin_Skeleton] ([1] browsable assets)...
[2020.11.19-14.14.20:760][185]OBJ SavePackage: Finished generating thumbnails for package [/Game/Mannequin/Character/Mesh/UE4_Mannequin_Skeleton]
[2020.11.19-14.14.20:769][185]LogSavePackage: Moving '../../../../../Users/1804824/Desktop/UnrealYouTubeRepo/UnrealAnimationPracticeVids/MyProject/Saved/UE4_Mannequin_Skeleton_Auto1C8598B5A4B1942EF9019789374E1F98B.tmp' to '../../../../../Users/1804824/Desktop/UnrealYouTubeRepo/UnrealAnimationPracticeVids/MyProject/Saved/Autosaves/Game/Mannequin/Character/Mesh/UE4_Mannequin_Skeleton_Auto1.uasset'
[2020.11.19-14.14.20:770][185]LogFileHelpers: Auto-saving content packages took 0.011
[2020.11.19-14.16.27:212][671]LogTemp: Repeating last play command: New Editor Window (PIE)
[2020.11.19-14.16.27:221][671]LogBlueprintUserMessages: Early PlayInEditor Detection: Level '/Game/ThirdPersonCPP/Maps/ThirdPersonExampleMap.ThirdPersonExampleMap:PersistentLevel' has LevelScriptBlueprint '/Game/ThirdPersonCPP/Maps/ThirdPersonExampleMap.ThirdPersonExampleMap:PersistentLevel.ThirdPersonExampleMap' with GeneratedClass '/Game/ThirdPersonCPP/Maps/ThirdPersonExampleMap.ThirdPersonExampleMap_C' with ClassGeneratedBy '/Game/ThirdPersonCPP/Maps/ThirdPersonExampleMap.ThirdPersonExampleMap:PersistentLevel.ThirdPersonExampleMap'
[2020.11.19-14.16.27:221][671]LogPlayLevel: PlayLevel: No blueprints needed recompiling
[2020.11.19-14.16.27:221][671]PIE: New page: PIE session: ThirdPersonExampleMap (19 Nov 2020 14:16:27)
[2020.11.19-14.16.27:221][671]LogPlayLevel: Creating play world package: /Game/ThirdPersonCPP/Maps/UEDPIE_0_ThirdPersonExampleMap
[2020.11.19-14.16.27:231][671]LogPlayLevel: PIE: StaticDuplicateObject took: (0.008601s)
[2020.11.19-14.16.27:231][671]LogAIModule: Creating AISystem for world ThirdPersonExampleMap
[2020.11.19-14.16.27:232][671]LogPlayLevel: PIE: World Init took: (0.000748s)
[2020.11.19-14.16.27:232][671]LogPlayLevel: PIE: Created PIE world by copying editor world from /Game/ThirdPersonCPP/Maps/ThirdPersonExampleMap.ThirdPersonExampleMap to /Game/ThirdPersonCPP/Maps/UEDPIE_0_ThirdPersonExampleMap.ThirdPersonExampleMap (0.009958s)
[2020.11.19-14.16.27:268][671]LogUObjectHash: Compacting FUObjectHashTables data took   2.38ms
[2020.11.19-14.16.27:312][671]LogInit: XAudio2 using 'Headphones (HD 4.40BT Stereo)' : 2 channels at 44.1 kHz using 16 bits per sample (channel mask 0x3)
[2020.11.19-14.16.27:321][671]LogInit: FAudioDevice initialized.
[2020.11.19-14.16.27:328][671]LogSlate: Updating window title bar state: overlay mode, drag disabled, window buttons hidden, title bar hidden
[2020.11.19-14.16.27:356][671]LogLoad: Game class is 'MyProjectGameMode'
[2020.11.19-14.16.27:358][671]LogWorld: Bringing World /Game/ThirdPersonCPP/Maps/UEDPIE_0_ThirdPersonExampleMap.ThirdPersonExampleMap up for play (max tick rate 0) at 2020.11.19-14.16.27
[2020.11.19-14.16.27:358][671]LogWorld: Bringing up level for play took: 0.001425
[2020.11.19-14.16.27:372][671]PIE: Play in editor start time for /Game/ThirdPersonCPP/Maps/UEDPIE_0_ThirdPersonExampleMap 0.371
[2020.11.19-14.16.27:373][671]LogBlueprintUserMessages: Late PlayInEditor Detection: Level '/Game/ThirdPersonCPP/Maps/ThirdPersonExampleMap.ThirdPersonExampleMap:PersistentLevel' has LevelScriptBlueprint '/Game/ThirdPersonCPP/Maps/ThirdPersonExampleMap.ThirdPersonExampleMap:PersistentLevel.ThirdPersonExampleMap' with GeneratedClass '/Game/ThirdPersonCPP/Maps/ThirdPersonExampleMap.ThirdPersonExampleMap_C' with ClassGeneratedBy '/Game/ThirdPersonCPP/Maps/ThirdPersonExampleMap.ThirdPersonExampleMap:PersistentLevel.ThirdPersonExampleMap'
[2020.11.19-14.16.57:641][301]LogBlueprintUserMessages: Early EndPlayMap Detection: Level '/Game/ThirdPersonCPP/Maps/ThirdPersonExampleMap.ThirdPersonExampleMap:PersistentLevel' has LevelScriptBlueprint '/Game/ThirdPersonCPP/Maps/ThirdPersonExampleMap.ThirdPersonExampleMap:PersistentLevel.ThirdPersonExampleMap' with GeneratedClass '/Game/ThirdPersonCPP/Maps/ThirdPersonExampleMap.ThirdPersonExampleMap_C' with ClassGeneratedBy '/Game/ThirdPersonCPP/Maps/ThirdPersonExampleMap.ThirdPersonExampleMap:PersistentLevel.ThirdPersonExampleMap'
[2020.11.19-14.16.57:641][301]LogSlate: Updating window title bar state: overlay mode, drag disabled, window buttons hidden, title bar hidden
[2020.11.19-14.16.57:650][301]LogSlate: Window 'MyProject Game Preview Standalone (64-bit/PCD3D_SM5)' being destroyed
[2020.11.19-14.16.57:687][301]LogPlayLevel: Display: Shutting down PIE online subsystems
[2020.11.19-14.16.57:688][301]LogBlueprintUserMessages: Late EndPlayMap Detection: Level '/Game/ThirdPersonCPP/Maps/ThirdPersonExampleMap.ThirdPersonExampleMap:PersistentLevel' has LevelScriptBlueprint '/Game/ThirdPersonCPP/Maps/ThirdPersonExampleMap.ThirdPersonExampleMap:PersistentLevel.ThirdPersonExampleMap' with GeneratedClass '/Game/ThirdPersonCPP/Maps/ThirdPersonExampleMap.ThirdPersonExampleMap_C' with ClassGeneratedBy '/Game/ThirdPersonCPP/Maps/ThirdPersonExampleMap.ThirdPersonExampleMap:PersistentLevel.ThirdPersonExampleMap'
[2020.11.19-14.16.57:718][301]LogUObjectHash: Compacting FUObjectHashTables data took   1.46ms
[2020.11.19-14.16.57:765][303]LogPlayLevel: Display: Destroying online subsystem :Context_14
