Log file open, 11/18/20 18:59:09
LogWindows: Failed to load 'aqProf.dll' (GetLastError=126)
LogWindows: File 'aqProf.dll' does not exist
LogWindows: Failed to load 'VtuneApi.dll' (GetLastError=126)
LogWindows: File 'VtuneApi.dll' does not exist
LogWindows: Failed to load 'VtuneApi32e.dll' (GetLastError=126)
LogWindows: File 'VtuneApi32e.dll' does not exist
LogConsoleResponse: Display: Failed to find resolution value strings in scalability ini. Falling back to default.
LogInit: Display: Running engine for game: MyProject
LogPakFile: Registered encryption key '00000000000000000000000000000000': 0 pak files mounted, 0 remain pending
LogPlatformFile: Not using cached read wrapper
LogTaskGraph: Started task graph with 5 named threads and 47 total threads with 3 sets of task threads.
LogStats: Stats thread started at 0.622970
LogD3D11RHI: Loaded GFSDK_Aftermath_Lib.x64.dll
LogICUInternationalization: ICU TimeZone Detection - Raw Offset: +0:00, Platform Override: ''
LogPluginManager: Mounting plugin Paper2D
LogPluginManager: Mounting plugin AISupport
LogPluginManager: Mounting plugin LightPropagationVolume
LogPluginManager: Mounting plugin ActorLayerUtilities
LogPluginManager: Mounting plugin AnimationSharing
LogPluginManager: Mounting plugin CLionSourceCodeAccess
LogPluginManager: Mounting plugin CodeLiteSourceCodeAccess
LogPluginManager: Mounting plugin GitSourceControl
LogPluginManager: Mounting plugin KDevelopSourceCodeAccess
LogPluginManager: Mounting plugin NullSourceCodeAccess
LogPluginManager: Mounting plugin PerforceSourceControl
LogPluginManager: Mounting plugin SubversionSourceControl
LogPluginManager: Mounting plugin UObjectPlugin
LogPluginManager: Mounting plugin VisualStudioCodeSourceCodeAccess
LogPluginManager: Mounting plugin VisualStudioSourceCodeAccess
LogPluginManager: Mounting plugin XCodeSourceCodeAccess
LogPluginManager: Mounting plugin AssetManagerEditor
LogPluginManager: Mounting plugin CryptoKeys
LogPluginManager: Mounting plugin DataValidation
LogPluginManager: Mounting plugin FacialAnimation
LogPluginManager: Mounting plugin GameplayTagsEditor
LogPluginManager: Mounting plugin MacGraphicsSwitching
LogPluginManager: Mounting plugin MaterialAnalyzer
LogPluginManager: Mounting plugin MobileLauncherProfileWizard
LogPluginManager: Mounting plugin PluginBrowser
LogPluginManager: Mounting plugin SpeedTreeImporter
LogPluginManager: Mounting plugin DatasmithContent
LogPluginManager: Mounting plugin VariantManagerContent
LogPluginManager: Mounting plugin AlembicImporter
LogPluginManager: Mounting plugin AppleImageUtils
LogPluginManager: Mounting plugin AppleVision
LogPluginManager: Mounting plugin BackChannel
LogPluginManager: Mounting plugin CharacterAI
LogPluginManager: Mounting plugin GeometryCache
LogPluginManager: Mounting plugin HTML5Networking
LogPluginManager: Mounting plugin ProxyLODPlugin
LogPluginManager: Mounting plugin SkeletalReduction
LogPluginManager: Mounting plugin MagicLeap
LogPluginManager: Mounting plugin MagicLeapMedia
LogPluginManager: Mounting plugin AndroidMedia
LogPluginManager: Mounting plugin AvfMedia
LogPluginManager: Mounting plugin ImgMedia
LogPluginManager: Mounting plugin LinearTimecode
LogPluginManager: Mounting plugin MediaCompositing
LogPluginManager: Mounting plugin MediaPlayerEditor
LogPluginManager: Mounting plugin WebMMedia
LogPluginManager: Mounting plugin WmfMedia
LogPluginManager: Mounting plugin TcpMessaging
LogPluginManager: Mounting plugin UdpMessaging
LogPluginManager: Mounting plugin ActorSequence
LogPluginManager: Mounting plugin LevelSequenceEditor
LogPluginManager: Mounting plugin MatineeToLevelSequence
LogPluginManager: Mounting plugin NetcodeUnitTest
LogPluginManager: Mounting plugin NUTUnrealEngine4
LogPluginManager: Mounting plugin OnlineSubsystemGooglePlay
LogPluginManager: Mounting plugin OnlineSubsystemIOS
LogPluginManager: Mounting plugin OnlineSubsystem
LogPluginManager: Mounting plugin OnlineSubsystemNull
LogPluginManager: Mounting plugin OnlineSubsystemUtils
LogPluginManager: Mounting plugin LauncherChunkInstaller
LogPluginManager: Mounting plugin AndroidDeviceProfileSelector
LogPluginManager: Mounting plugin AndroidMoviePlayer
LogPluginManager: Mounting plugin AndroidPermission
LogPluginManager: Mounting plugin AppleMoviePlayer
LogPluginManager: Mounting plugin ArchVisCharacter
LogPluginManager: Mounting plugin AudioCapture
LogPluginManager: Mounting plugin CableComponent
LogPluginManager: Mounting plugin CustomMeshComponent
LogPluginManager: Mounting plugin EditableMesh
LogPluginManager: Mounting plugin ExampleDeviceProfileSelector
LogPluginManager: Mounting plugin Firebase
LogPluginManager: Mounting plugin GoogleCloudMessaging
LogPluginManager: Mounting plugin IOSDeviceProfileSelector
LogPluginManager: Mounting plugin LinuxDeviceProfileSelector
LogPluginManager: Mounting plugin LocationServicesBPLibrary
LogPluginManager: Mounting plugin MobilePatchingUtils
LogPluginManager: Mounting plugin OculusVR
LogPluginManager: Mounting plugin PhysXVehicles
LogPluginManager: Mounting plugin ProceduralMeshComponent
LogPluginManager: Mounting plugin RuntimePhysXCooking
LogPluginManager: Mounting plugin SignificanceManager
LogPluginManager: Mounting plugin SteamVR
LogPluginManager: Mounting plugin WebMMoviePlayer
LogPluginManager: Mounting plugin WindowsMoviePlayer
LogInit: Using libcurl 7.55.1-DEV
LogInit:  - built for x86_64-pc-win32
LogInit:  - supports SSL with OpenSSL/1.1.1
LogInit:  - supports HTTP deflate (compression) using libz 1.2.8
LogInit:  - other features:
LogInit:      CURL_VERSION_SSL
LogInit:      CURL_VERSION_LIBZ
LogInit:      CURL_VERSION_IPV6
LogInit:      CURL_VERSION_ASYNCHDNS
LogInit:      CURL_VERSION_LARGEFILE
LogInit:      CURL_VERSION_IDN
LogInit:  CurlRequestOptions (configurable via config and command line):
LogInit:  - bVerifyPeer = true  - Libcurl will verify peer certificate
LogInit:  - bUseHttpProxy = false  - Libcurl will NOT use HTTP proxy
LogInit:  - bDontReuseConnections = false  - Libcurl will reuse connections
LogInit:  - MaxHostConnections = 16  - Libcurl will limit the number of connections to a host
LogInit:  - LocalHostAddr = Default
LogInit:  - BufferSize = 65536
LogInit: WinSock: version 1.1 (2.2), MaxSocks=32767, MaxUdp=65467
LogHMD: Failed initializing OVRPlugin 1.32.0
LogInit: Build: ++UE4+Release-4.22-CL-7053642
LogInit: Engine Version: 4.22.3-7053642+++UE4+Release-4.22
LogInit: Compatible Engine Version: 4.22.0-5660361+++UE4+Release-4.22
LogInit: Net CL: 5660361
LogInit: OS: Windows 10 (Release 1903) (), CPU: Intel(R) Core(TM) i9-9900K CPU @ 3.60GHz, GPU: NVIDIA GeForce RTX 2080
LogInit: Compiled (64-bit): Jun 18 2019 03:09:11
LogInit: Compiled with Visual C++: 19.16.27025.01
LogInit: Build Configuration: Development
LogInit: Branch Name: ++UE4+Release-4.22
LogInit: Command Line:  -skipcompile
LogInit: Base Directory: C:/UE_4.22/UE_4.22/Engine/Binaries/Win64/
LogInit: Installed Engine Build: 1
LogDevObjectVersion: Number of dev versions registered: 23
LogDevObjectVersion:   Dev-Blueprints (B0D832E4-1F89-4F0D-ACCF-7EB736FD4AA2): 10
LogDevObjectVersion:   Dev-Build (E1C64328-A22C-4D53-A36C-8E866417BD8C): 0
LogDevObjectVersion:   Dev-Core (375EC13C-06E4-48FB-B500-84F0262A717E): 3
LogDevObjectVersion:   Dev-Editor (E4B068ED-F494-42E9-A231-DA0B2E46BB41): 30
LogDevObjectVersion:   Dev-Framework (CFFC743F-43B0-4480-9391-14DF171D2073): 35
LogDevObjectVersion:   Dev-Mobile (B02B49B5-BB20-44E9-A304-32B752E40360): 2
LogDevObjectVersion:   Dev-Networking (A4E4105C-59A1-49B5-A7C5-40C4547EDFEE): 0
LogDevObjectVersion:   Dev-Online (39C831C9-5AE6-47DC-9A44-9C173E1C8E7C): 0
LogDevObjectVersion:   Dev-Physics (78F01B33-EBEA-4F98-B9B4-84EACCB95AA2): 0
LogDevObjectVersion:   Dev-Platform (6631380F-2D4D-43E0-8009-CF276956A95A): 0
LogDevObjectVersion:   Dev-Rendering (12F88B9F-8875-4AFC-A67C-D90C383ABD29): 28
LogDevObjectVersion:   Dev-Sequencer (7B5AE74C-D270-4C10-A958-57980B212A5A): 11
LogDevObjectVersion:   Dev-VR (D7296918-1DD6-4BDD-9DE2-64A83CC13884): 2
LogDevObjectVersion:   Dev-LoadTimes (C2A15278-BFE7-4AFE-6C17-90FF531DF755): 1
LogDevObjectVersion:   Private-Geometry (6EACA3D4-40EC-4CC1-B786-8BED09428FC5): 3
LogDevObjectVersion:   Dev-AnimPhys (29E575DD-E0A3-4627-9D10-D276232CDCEA): 17
LogDevObjectVersion:   Dev-Anim (AF43A65D-7FD3-4947-9873-3E8ED9C1BB05): 2
LogDevObjectVersion:   Dev-ReflectionCapture (6B266CEC-1EC7-4B8F-A30B-E4D90942FC07): 1
LogDevObjectVersion:   Dev-Automation (0DF73D61-A23F-47EA-B727-89E90C41499A): 1
LogDevObjectVersion:   FortniteMain (601D1886-AC64-4F84-AA16-D3DE0DEAC7D6): 25
LogDevObjectVersion:   Dev-Enterprise (9DFFBCD6-494F-0158-E221-12823C92A888): 6
LogDevObjectVersion:   Dev-Niagara (F2AED0AC-9AFE-416F-8664-AA7FFA26D6FC): 1
LogDevObjectVersion:   Dev-Destruction (174F1F0B-B4C6-45A5-B13F-2EE8D0FB917D): 2
LogInit: Presizing for max 16777216 objects, including 0 objects not considered by GC, pre-allocating 0 bytes for permanent pool.
LogInit: Object subsystem initialized
LogConfig: Setting CVar [[con.DebugEarlyDefault:1]]
LogConfig: Setting CVar [[r.setres:1280x720]]
[2020.11.18-18.59.10:322][  0]LogConfig: Setting CVar [[r.VSync:0]]
[2020.11.18-18.59.10:322][  0]LogConfig: Setting CVar [[r.RHICmdBypass:0]]
[2020.11.18-18.59.10:322][  0]LogConfig: Applying CVar settings from Section [/Script/Engine.RendererSettings] File [C:/Users/1804824/Desktop/UnrealYouTubeRepo/UnrealAnimationPracticeVids/MyProject/Saved/Config/Windows/Engine.ini]
[2020.11.18-18.59.10:322][  0]LogConfig: Setting CVar [[r.GPUCrashDebugging:0]]
[2020.11.18-18.59.10:323][  0]LogConfig: Applying CVar settings from Section [/Script/Engine.RendererOverrideSettings] File [C:/Users/1804824/Desktop/UnrealYouTubeRepo/UnrealAnimationPracticeVids/MyProject/Saved/Config/Windows/Engine.ini]
[2020.11.18-18.59.10:323][  0]LogConfig: Applying CVar settings from Section [/Script/Engine.StreamingSettings] File [C:/Users/1804824/Desktop/UnrealYouTubeRepo/UnrealAnimationPracticeVids/MyProject/Saved/Config/Windows/Engine.ini]
[2020.11.18-18.59.10:323][  0]LogConfig: Setting CVar [[s.MinBulkDataSizeForAsyncLoading:131072]]
[2020.11.18-18.59.10:323][  0]LogConfig: Setting CVar [[s.AsyncLoadingThreadEnabled:0]]
[2020.11.18-18.59.10:323][  0]LogConfig: Setting CVar [[s.EventDrivenLoaderEnabled:1]]
[2020.11.18-18.59.10:323][  0]LogConfig: Setting CVar [[s.WarnIfTimeLimitExceeded:0]]
[2020.11.18-18.59.10:323][  0]LogConfig: Setting CVar [[s.TimeLimitExceededMultiplier:1.5]]
[2020.11.18-18.59.10:323][  0]LogConfig: Setting CVar [[s.TimeLimitExceededMinTime:0.005]]
[2020.11.18-18.59.10:324][  0]LogConfig: Setting CVar [[s.UseBackgroundLevelStreaming:1]]
[2020.11.18-18.59.10:324][  0]LogConfig: Setting CVar [[s.PriorityAsyncLoadingExtraTime:15.0]]
[2020.11.18-18.59.10:324][  0]LogConfig: Setting CVar [[s.LevelStreamingActorsUpdateTimeLimit:5.0]]
[2020.11.18-18.59.10:324][  0]LogConfig: Setting CVar [[s.PriorityLevelStreamingActorsUpdateExtraTime:5.0]]
[2020.11.18-18.59.10:324][  0]LogConfig: Setting CVar [[s.LevelStreamingComponentsRegistrationGranularity:10]]
[2020.11.18-18.59.10:324][  0]LogConfig: Setting CVar [[s.UnregisterComponentsTimeLimit:1.0]]
[2020.11.18-18.59.10:324][  0]LogConfig: Setting CVar [[s.LevelStreamingComponentsUnregistrationGranularity:5]]
[2020.11.18-18.59.10:324][  0]LogConfig: Applying CVar settings from Section [/Script/Engine.GarbageCollectionSettings] File [C:/Users/1804824/Desktop/UnrealYouTubeRepo/UnrealAnimationPracticeVids/MyProject/Saved/Config/Windows/Engine.ini]
[2020.11.18-18.59.10:324][  0]LogConfig: Setting CVar [[gc.MaxObjectsNotConsideredByGC:1]]
[2020.11.18-18.59.10:324][  0]LogConfig: Setting CVar [[gc.SizeOfPermanentObjectPool:0]]
[2020.11.18-18.59.10:324][  0]LogConfig: Setting CVar [[gc.FlushStreamingOnGC:0]]
[2020.11.18-18.59.10:324][  0]LogConfig: Setting CVar [[gc.NumRetriesBeforeForcingGC:10]]
[2020.11.18-18.59.10:324][  0]LogConfig: Setting CVar [[gc.AllowParallelGC:1]]
[2020.11.18-18.59.10:324][  0]LogConfig: Setting CVar [[gc.TimeBetweenPurgingPendingKillObjects:61.1]]
[2020.11.18-18.59.10:324][  0]LogConfig: Setting CVar [[gc.MaxObjectsInEditor:16777216]]
[2020.11.18-18.59.10:324][  0]LogConfig: Setting CVar [[gc.IncrementalBeginDestroyEnabled:1]]
[2020.11.18-18.59.10:324][  0]LogConfig: Setting CVar [[gc.CreateGCClusters:1]]
[2020.11.18-18.59.10:324][  0]LogConfig: Setting CVar [[gc.MinGCClusterSize:5]]
[2020.11.18-18.59.10:324][  0]LogConfig: Setting CVar [[gc.ActorClusteringEnabled:0]]
[2020.11.18-18.59.10:324][  0]LogConfig: Setting CVar [[gc.BlueprintClusteringEnabled:0]]
[2020.11.18-18.59.10:325][  0]LogConfig: Setting CVar [[gc.UseDisregardForGCOnDedicatedServers:0]]
[2020.11.18-18.59.10:325][  0]LogConfig: Applying CVar settings from Section [/Script/Engine.NetworkSettings] File [C:/Users/1804824/Desktop/UnrealYouTubeRepo/UnrealAnimationPracticeVids/MyProject/Saved/Config/Windows/Engine.ini]
[2020.11.18-18.59.10:325][  0]LogConfig: Applying CVar settings from Section [/Script/UnrealEd.CookerSettings] File [C:/Users/1804824/Desktop/UnrealYouTubeRepo/UnrealAnimationPracticeVids/MyProject/Saved/Config/Windows/Engine.ini]
[2020.11.18-18.59.10:331][  0]LogConfig: Applying CVar settings from Section [ViewDistanceQuality@3] File [C:/Users/1804824/Desktop/UnrealYouTubeRepo/UnrealAnimationPracticeVids/MyProject/Saved/Config/Windows/Scalability.ini]
[2020.11.18-18.59.10:331][  0]LogConfig: Setting CVar [[r.SkeletalMeshLODBias:0]]
[2020.11.18-18.59.10:331][  0]LogConfig: Setting CVar [[r.ViewDistanceScale:1.0]]
[2020.11.18-18.59.10:331][  0]LogConfig: Applying CVar settings from Section [AntiAliasingQuality@3] File [C:/Users/1804824/Desktop/UnrealYouTubeRepo/UnrealAnimationPracticeVids/MyProject/Saved/Config/Windows/Scalability.ini]
[2020.11.18-18.59.10:331][  0]LogConfig: Setting CVar [[r.PostProcessAAQuality:4]]
[2020.11.18-18.59.10:331][  0]LogConfig: Applying CVar settings from Section [ShadowQuality@3] File [C:/Users/1804824/Desktop/UnrealYouTubeRepo/UnrealAnimationPracticeVids/MyProject/Saved/Config/Windows/Scalability.ini]
[2020.11.18-18.59.10:331][  0]LogConfig: Setting CVar [[r.LightFunctionQuality:1]]
[2020.11.18-18.59.10:331][  0]LogConfig: Setting CVar [[r.ShadowQuality:5]]
[2020.11.18-18.59.10:332][  0]LogConfig: Setting CVar [[r.Shadow.CSM.MaxCascades:10]]
[2020.11.18-18.59.10:332][  0]LogConfig: Setting CVar [[r.Shadow.MaxResolution:2048]]
[2020.11.18-18.59.10:332][  0]LogConfig: Setting CVar [[r.Shadow.MaxCSMResolution:2048]]
[2020.11.18-18.59.10:332][  0]LogConfig: Setting CVar [[r.Shadow.RadiusThreshold:0.01]]
[2020.11.18-18.59.10:332][  0]LogConfig: Setting CVar [[r.Shadow.DistanceScale:1.0]]
[2020.11.18-18.59.10:332][  0]LogConfig: Setting CVar [[r.Shadow.CSM.TransitionScale:1.0]]
[2020.11.18-18.59.10:332][  0]LogConfig: Setting CVar [[r.Shadow.PreShadowResolutionFactor:1.0]]
[2020.11.18-18.59.10:332][  0]LogConfig: Setting CVar [[r.DistanceFieldShadowing:1]]
[2020.11.18-18.59.10:332][  0]LogConfig: Setting CVar [[r.DistanceFieldAO:1]]
[2020.11.18-18.59.10:332][  0]LogConfig: Setting CVar [[r.AOQuality:2]]
[2020.11.18-18.59.10:332][  0]LogConfig: Setting CVar [[r.VolumetricFog:1]]
[2020.11.18-18.59.10:332][  0]LogConfig: Setting CVar [[r.VolumetricFog.GridPixelSize:8]]
[2020.11.18-18.59.10:332][  0]LogConfig: Setting CVar [[r.VolumetricFog.GridSizeZ:128]]
[2020.11.18-18.59.10:332][  0]LogConfig: Setting CVar [[r.VolumetricFog.HistoryMissSupersampleCount:4]]
[2020.11.18-18.59.10:332][  0]LogConfig: Setting CVar [[r.LightMaxDrawDistanceScale:1]]
[2020.11.18-18.59.10:332][  0]LogConfig: Setting CVar [[r.CapsuleShadows:1]]
[2020.11.18-18.59.10:332][  0]LogConfig: Applying CVar settings from Section [PostProcessQuality@3] File [C:/Users/1804824/Desktop/UnrealYouTubeRepo/UnrealAnimationPracticeVids/MyProject/Saved/Config/Windows/Scalability.ini]
[2020.11.18-18.59.10:333][  0]LogConfig: Setting CVar [[r.MotionBlurQuality:4]]
[2020.11.18-18.59.10:333][  0]LogConfig: Setting CVar [[r.AmbientOcclusionMipLevelFactor:0.4]]
[2020.11.18-18.59.10:333][  0]LogConfig: Setting CVar [[r.AmbientOcclusionMaxQuality:100]]
[2020.11.18-18.59.10:333][  0]LogConfig: Setting CVar [[r.AmbientOcclusionLevels:-1]]
[2020.11.18-18.59.10:333][  0]LogConfig: Setting CVar [[r.AmbientOcclusionRadiusScale:1.0]]
[2020.11.18-18.59.10:333][  0]LogConfig: Setting CVar [[r.DepthOfFieldQuality:2]]
[2020.11.18-18.59.10:333][  0]LogConfig: Setting CVar [[r.RenderTargetPoolMin:400]]
[2020.11.18-18.59.10:333][  0]LogConfig: Setting CVar [[r.LensFlareQuality:2]]
[2020.11.18-18.59.10:333][  0]LogConfig: Setting CVar [[r.SceneColorFringeQuality:1]]
[2020.11.18-18.59.10:333][  0]LogConfig: Setting CVar [[r.EyeAdaptationQuality:2]]
[2020.11.18-18.59.10:333][  0]LogConfig: Setting CVar [[r.BloomQuality:5]]
[2020.11.18-18.59.10:333][  0]LogConfig: Setting CVar [[r.FastBlurThreshold:100]]
[2020.11.18-18.59.10:333][  0]LogConfig: Setting CVar [[r.Upscale.Quality:3]]
[2020.11.18-18.59.10:333][  0]LogConfig: Setting CVar [[r.Tonemapper.GrainQuantization:1]]
[2020.11.18-18.59.10:333][  0]LogConfig: Setting CVar [[r.LightShaftQuality:1]]
[2020.11.18-18.59.10:333][  0]LogConfig: Setting CVar [[r.Filter.SizeScale:1]]
[2020.11.18-18.59.10:333][  0]LogConfig: Setting CVar [[r.Tonemapper.Quality:5]]
[2020.11.18-18.59.10:333][  0]LogConfig: Setting CVar [[r.DOF.Gather.AccumulatorQuality:1        ; higher gathering accumulator quality]]
[2020.11.18-18.59.10:334][  0]LogConfig: Setting CVar [[r.DOF.Gather.PostfilterMethod:1          ; Median3x3 postfilering method]]
[2020.11.18-18.59.10:334][  0]LogConfig: Setting CVar [[r.DOF.Gather.EnableBokehSettings:0       ; no bokeh simulation when gathering]]
[2020.11.18-18.59.10:334][  0]LogConfig: Setting CVar [[r.DOF.Gather.RingCount:4                 ; medium number of samples when gathering]]
[2020.11.18-18.59.10:334][  0]LogConfig: Setting CVar [[r.DOF.Scatter.ForegroundCompositing:1    ; additive foreground scattering]]
[2020.11.18-18.59.10:334][  0]LogConfig: Setting CVar [[r.DOF.Scatter.BackgroundCompositing:2    ; additive background scattering]]
[2020.11.18-18.59.10:334][  0]LogConfig: Setting CVar [[r.DOF.Scatter.EnableBokehSettings:1      ; bokeh simulation when scattering]]
[2020.11.18-18.59.10:334][  0]LogConfig: Setting CVar [[r.DOF.Scatter.MaxSpriteRatio:0.1         ; only a maximum of 10% of scattered bokeh]]
[2020.11.18-18.59.10:334][  0]LogConfig: Setting CVar [[r.DOF.Recombine.Quality:1                ; cheap slight out of focus]]
[2020.11.18-18.59.10:334][  0]LogConfig: Setting CVar [[r.DOF.Recombine.EnableBokehSettings:0    ; no bokeh simulation on slight out of focus]]
[2020.11.18-18.59.10:334][  0]LogConfig: Setting CVar [[r.DOF.TemporalAAQuality:1                ; more stable temporal accumulation]]
[2020.11.18-18.59.10:334][  0]LogConfig: Setting CVar [[r.DOF.Kernel.MaxForegroundRadius:0.025]]
[2020.11.18-18.59.10:334][  0]LogConfig: Setting CVar [[r.DOF.Kernel.MaxBackgroundRadius:0.025]]
[2020.11.18-18.59.10:334][  0]LogConfig: Applying CVar settings from Section [TextureQuality@3] File [C:/Users/1804824/Desktop/UnrealYouTubeRepo/UnrealAnimationPracticeVids/MyProject/Saved/Config/Windows/Scalability.ini]
[2020.11.18-18.59.10:334][  0]LogConfig: Setting CVar [[r.Streaming.MipBias:0]]
[2020.11.18-18.59.10:334][  0]LogConfig: Setting CVar [[r.Streaming.AmortizeCPUToGPUCopy:0]]
[2020.11.18-18.59.10:334][  0]LogConfig: Setting CVar [[r.Streaming.MaxNumTexturesToStreamPerFrame:0]]
[2020.11.18-18.59.10:334][  0]LogConfig: Setting CVar [[r.Streaming.Boost:1]]
[2020.11.18-18.59.10:334][  0]LogConfig: Setting CVar [[r.MaxAnisotropy:8]]
[2020.11.18-18.59.10:334][  0]LogConfig: Setting CVar [[r.Streaming.LimitPoolSizeToVRAM:0]]
[2020.11.18-18.59.10:334][  0]LogConfig: Setting CVar [[r.Streaming.PoolSize:1000]]
[2020.11.18-18.59.10:334][  0]LogConfig: Setting CVar [[r.Streaming.MaxEffectiveScreenSize:0]]
[2020.11.18-18.59.10:334][  0]LogConfig: Applying CVar settings from Section [EffectsQuality@3] File [C:/Users/1804824/Desktop/UnrealYouTubeRepo/UnrealAnimationPracticeVids/MyProject/Saved/Config/Windows/Scalability.ini]
[2020.11.18-18.59.10:334][  0]LogConfig: Setting CVar [[r.TranslucencyLightingVolumeDim:64]]
[2020.11.18-18.59.10:335][  0]LogConfig: Setting CVar [[r.RefractionQuality:2]]
[2020.11.18-18.59.10:335][  0]LogConfig: Setting CVar [[r.SSR.Quality:3]]
[2020.11.18-18.59.10:335][  0]LogConfig: Setting CVar [[r.SceneColorFormat:4]]
[2020.11.18-18.59.10:335][  0]LogConfig: Setting CVar [[r.DetailMode:2]]
[2020.11.18-18.59.10:335][  0]LogConfig: Setting CVar [[r.TranslucencyVolumeBlur:1]]
[2020.11.18-18.59.10:335][  0]LogConfig: Setting CVar [[r.MaterialQualityLevel:1 ; High quality]]
[2020.11.18-18.59.10:335][  0]LogConfig: Setting CVar [[r.SSS.Scale:1]]
[2020.11.18-18.59.10:335][  0]LogConfig: Setting CVar [[r.SSS.SampleSet:2]]
[2020.11.18-18.59.10:335][  0]LogConfig: Setting CVar [[r.SSS.Quality:1]]
[2020.11.18-18.59.10:335][  0]LogConfig: Setting CVar [[r.SSS.HalfRes:1]]
[2020.11.18-18.59.10:335][  0]LogConfig: Setting CVar [[r.EmitterSpawnRateScale:1.0]]
[2020.11.18-18.59.10:335][  0]LogConfig: Setting CVar [[r.ParticleLightQuality:2]]
[2020.11.18-18.59.10:335][  0]LogConfig: Applying CVar settings from Section [FoliageQuality@3] File [C:/Users/1804824/Desktop/UnrealYouTubeRepo/UnrealAnimationPracticeVids/MyProject/Saved/Config/Windows/Scalability.ini]
[2020.11.18-18.59.10:335][  0]LogConfig: Setting CVar [[foliage.DensityScale:1.0]]
[2020.11.18-18.59.10:335][  0]LogConfig: Setting CVar [[grass.DensityScale:1.0]]
[2020.11.18-18.59.10:335][  0]LogInit: Selected Device Profile: [Windows]
[2020.11.18-18.59.10:335][  0]LogInit: Applying CVar settings loaded from the selected device profile: [Windows]
[2020.11.18-18.59.10:343][  0]LogHAL: Display: Platform has ~ 32 GB [34169503744 / 34359738368 / 32], which maps to Largest [LargestMinGB=32, LargerMinGB=12, DefaultMinGB=8, SmallerMinGB=6, SmallestMinGB=0)
[2020.11.18-18.59.10:343][  0]LogConfig: Setting CVar [[r.Vulkan.UseRealUBs:0		; Required until we fix HLR fall-out]]
[2020.11.18-18.59.10:343][  0]LogInit: Going up to parent DeviceProfile []
[2020.11.18-18.59.10:343][  0]LogConfig: Applying CVar settings from Section [ViewDistanceQuality@3] File [C:/Users/1804824/Desktop/UnrealYouTubeRepo/UnrealAnimationPracticeVids/MyProject/Saved/Config/Windows/Scalability.ini]
[2020.11.18-18.59.10:344][  0]LogConfig: Setting CVar [[r.SkeletalMeshLODBias:0]]
[2020.11.18-18.59.10:344][  0]LogConfig: Setting CVar [[r.ViewDistanceScale:1.0]]
[2020.11.18-18.59.10:344][  0]LogConfig: Applying CVar settings from Section [AntiAliasingQuality@3] File [C:/Users/1804824/Desktop/UnrealYouTubeRepo/UnrealAnimationPracticeVids/MyProject/Saved/Config/Windows/Scalability.ini]
[2020.11.18-18.59.10:344][  0]LogConfig: Setting CVar [[r.PostProcessAAQuality:4]]
[2020.11.18-18.59.10:344][  0]LogConfig: Applying CVar settings from Section [ShadowQuality@3] File [C:/Users/1804824/Desktop/UnrealYouTubeRepo/UnrealAnimationPracticeVids/MyProject/Saved/Config/Windows/Scalability.ini]
[2020.11.18-18.59.10:344][  0]LogConfig: Setting CVar [[r.LightFunctionQuality:1]]
[2020.11.18-18.59.10:344][  0]LogConfig: Setting CVar [[r.ShadowQuality:5]]
[2020.11.18-18.59.10:344][  0]LogConfig: Setting CVar [[r.Shadow.CSM.MaxCascades:10]]
[2020.11.18-18.59.10:344][  0]LogConfig: Setting CVar [[r.Shadow.MaxResolution:2048]]
[2020.11.18-18.59.10:344][  0]LogConfig: Setting CVar [[r.Shadow.MaxCSMResolution:2048]]
[2020.11.18-18.59.10:344][  0]LogConfig: Setting CVar [[r.Shadow.RadiusThreshold:0.01]]
[2020.11.18-18.59.10:344][  0]LogConfig: Setting CVar [[r.Shadow.DistanceScale:1.0]]
[2020.11.18-18.59.10:344][  0]LogConfig: Setting CVar [[r.Shadow.CSM.TransitionScale:1.0]]
[2020.11.18-18.59.10:344][  0]LogConfig: Setting CVar [[r.Shadow.PreShadowResolutionFactor:1.0]]
[2020.11.18-18.59.10:344][  0]LogConfig: Setting CVar [[r.DistanceFieldShadowing:1]]
[2020.11.18-18.59.10:345][  0]LogConfig: Setting CVar [[r.DistanceFieldAO:1]]
[2020.11.18-18.59.10:345][  0]LogConfig: Setting CVar [[r.AOQuality:2]]
[2020.11.18-18.59.10:345][  0]LogConfig: Setting CVar [[r.VolumetricFog:1]]
[2020.11.18-18.59.10:345][  0]LogConfig: Setting CVar [[r.VolumetricFog.GridPixelSize:8]]
[2020.11.18-18.59.10:345][  0]LogConfig: Setting CVar [[r.VolumetricFog.GridSizeZ:128]]
[2020.11.18-18.59.10:345][  0]LogConfig: Setting CVar [[r.VolumetricFog.HistoryMissSupersampleCount:4]]
[2020.11.18-18.59.10:345][  0]LogConfig: Setting CVar [[r.LightMaxDrawDistanceScale:1]]
[2020.11.18-18.59.10:345][  0]LogConfig: Setting CVar [[r.CapsuleShadows:1]]
[2020.11.18-18.59.10:345][  0]LogConfig: Applying CVar settings from Section [PostProcessQuality@3] File [C:/Users/1804824/Desktop/UnrealYouTubeRepo/UnrealAnimationPracticeVids/MyProject/Saved/Config/Windows/Scalability.ini]
[2020.11.18-18.59.10:345][  0]LogConfig: Setting CVar [[r.MotionBlurQuality:4]]
[2020.11.18-18.59.10:345][  0]LogConfig: Setting CVar [[r.AmbientOcclusionMipLevelFactor:0.4]]
[2020.11.18-18.59.10:345][  0]LogConfig: Setting CVar [[r.AmbientOcclusionMaxQuality:100]]
[2020.11.18-18.59.10:345][  0]LogConfig: Setting CVar [[r.AmbientOcclusionLevels:-1]]
[2020.11.18-18.59.10:345][  0]LogConfig: Setting CVar [[r.AmbientOcclusionRadiusScale:1.0]]
[2020.11.18-18.59.10:345][  0]LogConfig: Setting CVar [[r.DepthOfFieldQuality:2]]
[2020.11.18-18.59.10:345][  0]LogConfig: Setting CVar [[r.RenderTargetPoolMin:400]]
[2020.11.18-18.59.10:345][  0]LogConfig: Setting CVar [[r.LensFlareQuality:2]]
[2020.11.18-18.59.10:345][  0]LogConfig: Setting CVar [[r.SceneColorFringeQuality:1]]
[2020.11.18-18.59.10:345][  0]LogConfig: Setting CVar [[r.EyeAdaptationQuality:2]]
[2020.11.18-18.59.10:345][  0]LogConfig: Setting CVar [[r.BloomQuality:5]]
[2020.11.18-18.59.10:345][  0]LogConfig: Setting CVar [[r.FastBlurThreshold:100]]
[2020.11.18-18.59.10:346][  0]LogConfig: Setting CVar [[r.Upscale.Quality:3]]
[2020.11.18-18.59.10:346][  0]LogConfig: Setting CVar [[r.Tonemapper.GrainQuantization:1]]
[2020.11.18-18.59.10:346][  0]LogConfig: Setting CVar [[r.LightShaftQuality:1]]
[2020.11.18-18.59.10:346][  0]LogConfig: Setting CVar [[r.Filter.SizeScale:1]]
[2020.11.18-18.59.10:346][  0]LogConfig: Setting CVar [[r.Tonemapper.Quality:5]]
[2020.11.18-18.59.10:346][  0]LogConfig: Setting CVar [[r.DOF.Gather.AccumulatorQuality:1        ; higher gathering accumulator quality]]
[2020.11.18-18.59.10:346][  0]LogConfig: Setting CVar [[r.DOF.Gather.PostfilterMethod:1          ; Median3x3 postfilering method]]
[2020.11.18-18.59.10:346][  0]LogConfig: Setting CVar [[r.DOF.Gather.EnableBokehSettings:0       ; no bokeh simulation when gathering]]
[2020.11.18-18.59.10:346][  0]LogConfig: Setting CVar [[r.DOF.Gather.RingCount:4                 ; medium number of samples when gathering]]
[2020.11.18-18.59.10:346][  0]LogConfig: Setting CVar [[r.DOF.Scatter.ForegroundCompositing:1    ; additive foreground scattering]]
[2020.11.18-18.59.10:346][  0]LogConfig: Setting CVar [[r.DOF.Scatter.BackgroundCompositing:2    ; additive background scattering]]
[2020.11.18-18.59.10:346][  0]LogConfig: Setting CVar [[r.DOF.Scatter.EnableBokehSettings:1      ; bokeh simulation when scattering]]
[2020.11.18-18.59.10:346][  0]LogConfig: Setting CVar [[r.DOF.Scatter.MaxSpriteRatio:0.1         ; only a maximum of 10% of scattered bokeh]]
[2020.11.18-18.59.10:346][  0]LogConfig: Setting CVar [[r.DOF.Recombine.Quality:1                ; cheap slight out of focus]]
[2020.11.18-18.59.10:346][  0]LogConfig: Setting CVar [[r.DOF.Recombine.EnableBokehSettings:0    ; no bokeh simulation on slight out of focus]]
[2020.11.18-18.59.10:346][  0]LogConfig: Setting CVar [[r.DOF.TemporalAAQuality:1                ; more stable temporal accumulation]]
[2020.11.18-18.59.10:346][  0]LogConfig: Setting CVar [[r.DOF.Kernel.MaxForegroundRadius:0.025]]
[2020.11.18-18.59.10:346][  0]LogConfig: Setting CVar [[r.DOF.Kernel.MaxBackgroundRadius:0.025]]
[2020.11.18-18.59.10:346][  0]LogConfig: Applying CVar settings from Section [TextureQuality@3] File [C:/Users/1804824/Desktop/UnrealYouTubeRepo/UnrealAnimationPracticeVids/MyProject/Saved/Config/Windows/Scalability.ini]
[2020.11.18-18.59.10:346][  0]LogConfig: Setting CVar [[r.Streaming.MipBias:0]]
[2020.11.18-18.59.10:346][  0]LogConfig: Setting CVar [[r.Streaming.AmortizeCPUToGPUCopy:0]]
[2020.11.18-18.59.10:346][  0]LogConfig: Setting CVar [[r.Streaming.MaxNumTexturesToStreamPerFrame:0]]
[2020.11.18-18.59.10:346][  0]LogConfig: Setting CVar [[r.Streaming.Boost:1]]
[2020.11.18-18.59.10:347][  0]LogConfig: Setting CVar [[r.MaxAnisotropy:8]]
[2020.11.18-18.59.10:347][  0]LogConfig: Setting CVar [[r.Streaming.LimitPoolSizeToVRAM:0]]
[2020.11.18-18.59.10:347][  0]LogConfig: Setting CVar [[r.Streaming.PoolSize:1000]]
[2020.11.18-18.59.10:347][  0]LogConfig: Setting CVar [[r.Streaming.MaxEffectiveScreenSize:0]]
[2020.11.18-18.59.10:347][  0]LogConfig: Applying CVar settings from Section [EffectsQuality@3] File [C:/Users/1804824/Desktop/UnrealYouTubeRepo/UnrealAnimationPracticeVids/MyProject/Saved/Config/Windows/Scalability.ini]
[2020.11.18-18.59.10:347][  0]LogConfig: Setting CVar [[r.TranslucencyLightingVolumeDim:64]]
[2020.11.18-18.59.10:347][  0]LogConfig: Setting CVar [[r.RefractionQuality:2]]
[2020.11.18-18.59.10:347][  0]LogConfig: Setting CVar [[r.SSR.Quality:3]]
[2020.11.18-18.59.10:347][  0]LogConfig: Setting CVar [[r.SceneColorFormat:4]]
[2020.11.18-18.59.10:347][  0]LogConfig: Setting CVar [[r.DetailMode:2]]
[2020.11.18-18.59.10:347][  0]LogConfig: Setting CVar [[r.TranslucencyVolumeBlur:1]]
[2020.11.18-18.59.10:347][  0]LogConfig: Setting CVar [[r.MaterialQualityLevel:1 ; High quality]]
[2020.11.18-18.59.10:347][  0]LogConfig: Setting CVar [[r.SSS.Scale:1]]
[2020.11.18-18.59.10:347][  0]LogConfig: Setting CVar [[r.SSS.SampleSet:2]]
[2020.11.18-18.59.10:347][  0]LogConfig: Setting CVar [[r.SSS.Quality:1]]
[2020.11.18-18.59.10:347][  0]LogConfig: Setting CVar [[r.SSS.HalfRes:1]]
[2020.11.18-18.59.10:347][  0]LogConfig: Setting CVar [[r.EmitterSpawnRateScale:1.0]]
[2020.11.18-18.59.10:347][  0]LogConfig: Setting CVar [[r.ParticleLightQuality:2]]
[2020.11.18-18.59.10:347][  0]LogConfig: Applying CVar settings from Section [FoliageQuality@3] File [C:/Users/1804824/Desktop/UnrealYouTubeRepo/UnrealAnimationPracticeVids/MyProject/Saved/Config/Windows/Scalability.ini]
[2020.11.18-18.59.10:347][  0]LogConfig: Setting CVar [[foliage.DensityScale:1.0]]
[2020.11.18-18.59.10:347][  0]LogConfig: Setting CVar [[grass.DensityScale:1.0]]
[2020.11.18-18.59.10:347][  0]LogConfig: Applying CVar settings from Section [Startup] File [../../../Engine/Config/ConsoleVariables.ini]
[2020.11.18-18.59.10:348][  0]LogConfig: Setting CVar [[net.UseAdaptiveNetUpdateFrequency:0]]
[2020.11.18-18.59.10:348][  0]LogConfig: Setting CVar [[p.chaos.AllowCreatePhysxBodies:1]]
[2020.11.18-18.59.10:348][  0]LogConfig: Applying CVar settings from Section [ConsoleVariables] File [C:/Users/1804824/Desktop/UnrealYouTubeRepo/UnrealAnimationPracticeVids/MyProject/Saved/Config/Windows/Engine.ini]
[2020.11.18-18.59.10:348][  0]LogInit: Computer: UL04PCJL11D-18
[2020.11.18-18.59.10:348][  0]LogInit: User: 1804824
[2020.11.18-18.59.10:348][  0]LogInit: CPU Page size=4096, Cores=8
[2020.11.18-18.59.10:348][  0]LogInit: High frequency timer resolution =10.000000 MHz
[2020.11.18-18.59.10:348][  0]LogMemory: Memory total: Physical=31.8GB (32GB approx)
[2020.11.18-18.59.10:349][  0]LogMemory: Platform Memory Stats for Windows
[2020.11.18-18.59.10:349][  0]LogMemory: Process Physical Memory: 103.40 MB used, 103.40 MB peak
[2020.11.18-18.59.10:349][  0]LogMemory: Process Virtual Memory: 95.20 MB used, 95.20 MB peak
[2020.11.18-18.59.10:349][  0]LogMemory: Physical Memory: 13166.75 MB used,  19419.82 MB free, 32586.58 MB total
[2020.11.18-18.59.10:349][  0]LogMemory: Virtual Memory: 4680.61 MB used,  134213048.00 MB free, 134217728.00 MB total
[2020.11.18-18.59.10:524][  0]LogInit: Using OS detected language (en-US).
[2020.11.18-18.59.10:524][  0]LogInit: Using OS detected locale (en-GB).
[2020.11.18-18.59.10:526][  0]LogTextLocalizationManager: No specific localization for 'en-US' exists, so the 'en' localization will be used.
[2020.11.18-18.59.10:661][  0]LogInit: Setting process to per monitor DPI aware
[2020.11.18-18.59.10:698][  0]LogSlate: New Slate User Created.  User Index 0, Is Virtual User: 0
[2020.11.18-18.59.10:698][  0]LogSlate: Slate User Registered.  User Index 0, Is Virtual User: 0
[2020.11.18-18.59.10:940][  0]LogHMD: Failed to initialize OpenVR with code 110
[2020.11.18-18.59.10:941][  0]LogD3D11RHI: D3D11 adapters:
[2020.11.18-18.59.11:020][  0]LogD3D11RHI:    0. 'NVIDIA GeForce RTX 2080' (Feature Level 11_0)
[2020.11.18-18.59.11:020][  0]LogD3D11RHI:       8010/0/16293 MB DedicatedVideo/DedicatedSystem/SharedSystem, Outputs:2, VendorId:0x10de
[2020.11.18-18.59.11:058][  0]LogD3D11RHI:    1. 'Intel(R) UHD Graphics 630' (Feature Level 11_0)
[2020.11.18-18.59.11:058][  0]LogD3D11RHI:       128/0/16293 MB DedicatedVideo/DedicatedSystem/SharedSystem, Outputs:0, VendorId:0x8086
[2020.11.18-18.59.11:063][  0]LogD3D11RHI:    2. 'Microsoft Basic Render Driver' (Feature Level 11_0)
[2020.11.18-18.59.11:063][  0]LogD3D11RHI:       0/0/16293 MB DedicatedVideo/DedicatedSystem/SharedSystem, Outputs:0, VendorId:0x1414
[2020.11.18-18.59.11:063][  0]LogD3D11RHI: Chosen D3D11 Adapter: 0
[2020.11.18-18.59.11:074][  0]LogD3D11RHI: Creating new Direct3DDevice
[2020.11.18-18.59.11:074][  0]LogD3D11RHI:     GPU DeviceId: 0x1e87 (for the marketing name, search the web for "GPU Device Id")
[2020.11.18-18.59.11:074][  0]LogWindows: EnumDisplayDevices:
[2020.11.18-18.59.11:074][  0]LogWindows:    0. 'NVIDIA GeForce RTX 2080' (P:1 D:1)
[2020.11.18-18.59.11:074][  0]LogWindows:    1. 'NVIDIA GeForce RTX 2080' (P:0 D:1)
[2020.11.18-18.59.11:075][  0]LogWindows:    2. 'NVIDIA GeForce RTX 2080' (P:0 D:0)
[2020.11.18-18.59.11:075][  0]LogWindows:    3. 'NVIDIA GeForce RTX 2080' (P:0 D:0)
[2020.11.18-18.59.11:075][  0]LogWindows:    4. 'Intel(R) UHD Graphics 630' (P:0 D:0)
[2020.11.18-18.59.11:076][  0]LogWindows:    5. 'Intel(R) UHD Graphics 630' (P:0 D:0)
[2020.11.18-18.59.11:076][  0]LogWindows:    6. 'Intel(R) UHD Graphics 630' (P:0 D:0)
[2020.11.18-18.59.11:076][  0]LogWindows: DebugString: PrimaryIsNotTheChoosenAdapter PrimaryIsNotTheChoosenAdapter PrimaryIsNotTheChoosenAdapter FoundDriverCount:4 
[2020.11.18-18.59.11:076][  0]LogD3D11RHI:     Adapter Name: NVIDIA GeForce RTX 2080
[2020.11.18-18.59.11:076][  0]LogD3D11RHI:   Driver Version: 436.15 (internal:26.21.14.3615, unified:436.15)
[2020.11.18-18.59.11:076][  0]LogD3D11RHI:      Driver Date: 8-24-2019
[2020.11.18-18.59.11:077][  0]LogRHI: Texture pool is 5607 MB (70% of 8010 MB)
[2020.11.18-18.59.11:118][  0]LogD3D11RHI: Async texture creation enabled
[2020.11.18-18.59.11:120][  0]LogRendererCore: FGlobalReadBuffer::InitRHI
[2020.11.18-18.59.11:121][  0]LogRendererCore: FGlobalReadBuffer::InitRHI
[2020.11.18-18.59.11:121][  0]LogRendererCore: FGlobalReadBuffer::InitRHI
[2020.11.18-18.59.11:128][  0]LogD3D11RHI: GPU Timing Frequency: 1000.000000 (Debug: 2 1)
[2020.11.18-18.59.11:438][  0]LogTemp: Display: Module 'AllDesktopTargetPlatform' loaded TargetPlatform 'AllDesktop'
[2020.11.18-18.59.11:451][  0]LogTemp: Display: Module 'MacClientTargetPlatform' loaded TargetPlatform 'MacClient'
[2020.11.18-18.59.11:465][  0]LogTemp: Display: Module 'MacNoEditorTargetPlatform' loaded TargetPlatform 'MacNoEditor'
[2020.11.18-18.59.11:478][  0]LogTemp: Display: Module 'MacServerTargetPlatform' loaded TargetPlatform 'MacServer'
[2020.11.18-18.59.11:490][  0]LogTemp: Display: Module 'MacTargetPlatform' loaded TargetPlatform 'Mac'
[2020.11.18-18.59.11:503][  0]LogTemp: Display: Module 'WindowsClientTargetPlatform' loaded TargetPlatform 'WindowsClient'
[2020.11.18-18.59.11:516][  0]LogTemp: Display: Module 'WindowsNoEditorTargetPlatform' loaded TargetPlatform 'WindowsNoEditor'
[2020.11.18-18.59.11:529][  0]LogTemp: Display: Module 'WindowsServerTargetPlatform' loaded TargetPlatform 'WindowsServer'
[2020.11.18-18.59.11:535][  0]LogTemp: Display: Module 'WindowsTargetPlatform' loaded TargetPlatform 'Windows'
[2020.11.18-18.59.11:608][  0]LogTemp: Display: Module 'AndroidTargetPlatform' loaded TargetPlatform 'Android'
[2020.11.18-18.59.11:608][  0]LogTemp: Display: Module 'AndroidTargetPlatform' loaded TargetPlatform 'Android_ASTC'
[2020.11.18-18.59.11:608][  0]LogTemp: Display: Module 'AndroidTargetPlatform' loaded TargetPlatform 'Android_ATC'
[2020.11.18-18.59.11:608][  0]LogTemp: Display: Module 'AndroidTargetPlatform' loaded TargetPlatform 'Android_DXT'
[2020.11.18-18.59.11:608][  0]LogTemp: Display: Module 'AndroidTargetPlatform' loaded TargetPlatform 'Android_ETC1'
[2020.11.18-18.59.11:608][  0]LogTemp: Display: Module 'AndroidTargetPlatform' loaded TargetPlatform 'Android_ETC1a'
[2020.11.18-18.59.11:608][  0]LogTemp: Display: Module 'AndroidTargetPlatform' loaded TargetPlatform 'Android_ETC2'
[2020.11.18-18.59.11:609][  0]LogTemp: Display: Module 'AndroidTargetPlatform' loaded TargetPlatform 'Android_PVRTC'
[2020.11.18-18.59.11:609][  0]LogTemp: Display: Module 'AndroidTargetPlatform' loaded TargetPlatform 'AndroidClient'
[2020.11.18-18.59.11:609][  0]LogTemp: Display: Module 'AndroidTargetPlatform' loaded TargetPlatform 'Android_ASTCClient'
[2020.11.18-18.59.11:609][  0]LogTemp: Display: Module 'AndroidTargetPlatform' loaded TargetPlatform 'Android_ATCClient'
[2020.11.18-18.59.11:609][  0]LogTemp: Display: Module 'AndroidTargetPlatform' loaded TargetPlatform 'Android_DXTClient'
[2020.11.18-18.59.11:609][  0]LogTemp: Display: Module 'AndroidTargetPlatform' loaded TargetPlatform 'Android_ETC1Client'
[2020.11.18-18.59.11:609][  0]LogTemp: Display: Module 'AndroidTargetPlatform' loaded TargetPlatform 'Android_ETC1aClient'
[2020.11.18-18.59.11:609][  0]LogTemp: Display: Module 'AndroidTargetPlatform' loaded TargetPlatform 'Android_ETC2Client'
[2020.11.18-18.59.11:609][  0]LogTemp: Display: Module 'AndroidTargetPlatform' loaded TargetPlatform 'Android_PVRTCClient'
[2020.11.18-18.59.11:609][  0]LogTemp: Display: Module 'AndroidTargetPlatform' loaded TargetPlatform 'Android_Multi'
[2020.11.18-18.59.11:609][  0]LogTemp: Display: Module 'AndroidTargetPlatform' loaded TargetPlatform 'Android_MultiClient'
[2020.11.18-18.59.11:612][  0]LogTemp: Display: Module 'HTML5TargetPlatform' loaded TargetPlatform 'HTML5'
[2020.11.18-18.59.11:664][  0]LogTemp: Display: Module 'IOSTargetPlatform' loaded TargetPlatform 'IOSClient'
[2020.11.18-18.59.11:664][  0]LogTemp: Display: Module 'IOSTargetPlatform' loaded TargetPlatform 'IOS'
[2020.11.18-18.59.11:685][  0]LogTemp: Display: Module 'TVOSTargetPlatform' loaded TargetPlatform 'TVOSClient'
[2020.11.18-18.59.11:685][  0]LogTemp: Display: Module 'TVOSTargetPlatform' loaded TargetPlatform 'TVOS'
[2020.11.18-18.59.11:696][  0]LogTemp: Display: Module 'LinuxClientTargetPlatform' loaded TargetPlatform 'LinuxClient'
[2020.11.18-18.59.11:710][  0]LogTemp: Display: Module 'LinuxNoEditorTargetPlatform' loaded TargetPlatform 'LinuxNoEditor'
[2020.11.18-18.59.11:722][  0]LogTemp: Display: Module 'LinuxServerTargetPlatform' loaded TargetPlatform 'LinuxServer'
[2020.11.18-18.59.11:735][  0]LogTemp: Display: Module 'LinuxTargetPlatform' loaded TargetPlatform 'Linux'
[2020.11.18-18.59.11:776][  0]LogTemp: Display: Module 'LuminTargetPlatform' loaded TargetPlatform 'Lumin'
[2020.11.18-18.59.11:776][  0]LogTemp: Display: Module 'LuminTargetPlatform' loaded TargetPlatform 'LuminClient'
[2020.11.18-18.59.11:776][  0]LogTargetPlatformManager: Display: Building Assets For Windows
[2020.11.18-18.59.11:790][  0]LogAudioDebug: Display: Lib vorbis DLL was dynamically loaded.
[2020.11.18-18.59.11:858][  0]LogShaderCompilers: Guid format shader working directory is -45 characters bigger than the processId version (../../../../../Users/1804824/Desktop/UnrealYouTubeRepo/UnrealAnimationPracticeVids/MyProject/Intermediate/Shaders/WorkingDirectory/22904/).
[2020.11.18-18.59.11:858][  0]LogShaderCompilers: Cleaned the shader compiler working directory 'C:/Users/1804824/AppData/Local/Temp/UnrealShaderWorkingDir/A7B9710D453D110A7CC87F8628EF31E3/'.
[2020.11.18-18.59.11:860][  0]LogXGEController: Cleaning working directory: C:/Users/1804824/AppData/Local/Temp/UnrealXGEWorkingDir/
[2020.11.18-18.59.11:860][  0]LogXGEController: Cannot use XGE Controller as Incredibuild is not installed on this machine.
[2020.11.18-18.59.11:861][  0]LogShaderCompilers: Cannot use XGE Shader Compiler as Incredibuild is not installed on this machine.
[2020.11.18-18.59.11:861][  0]LogShaderCompilers: Display: Using Local Shader Compiler.
[2020.11.18-18.59.12:343][  0]LogDerivedDataCache: Display: Max Cache Size: 512 MB
[2020.11.18-18.59.12:384][  0]LogDerivedDataCache: Loaded boot cache 0.04s 76MB C:/Users/1804824/AppData/Local/UnrealEngine/4.22/DerivedDataCache/Boot.ddc.
[2020.11.18-18.59.12:384][  0]LogDerivedDataCache: Display: Loaded Boot cache: C:/Users/1804824/AppData/Local/UnrealEngine/4.22/DerivedDataCache/Boot.ddc
[2020.11.18-18.59.12:385][  0]LogDerivedDataCache: FDerivedDataBackendGraph:  Pak pak cache file ../../../../../Users/1804824/Desktop/UnrealYouTubeRepo/UnrealAnimationPracticeVids/MyProject/DerivedDataCache/DDC.ddp not found, will not use a pak cache.
[2020.11.18-18.59.12:385][  0]LogDerivedDataCache: Unable to find inner node Pak for hierarchical cache Hierarchy.
[2020.11.18-18.59.12:385][  0]LogDerivedDataCache: FDerivedDataBackendGraph:  CompressedPak pak cache file ../../../../../Users/1804824/Desktop/UnrealYouTubeRepo/UnrealAnimationPracticeVids/MyProject/DerivedDataCache/Compressed.ddp not found, will not use a pak cache.
[2020.11.18-18.59.12:385][  0]LogDerivedDataCache: Unable to find inner node CompressedPak for hierarchical cache Hierarchy.
[2020.11.18-18.59.12:395][  0]LogDerivedDataCache: Display: Pak cache opened for reading ../../../Engine/DerivedDataCache/Compressed.ddp.
[2020.11.18-18.59.12:395][  0]LogDerivedDataCache: FDerivedDataBackendGraph:  EnterprisePak pak cache file ../../../Enterprise/DerivedDataCache/Compressed.ddp not found, will not use a pak cache.
[2020.11.18-18.59.12:395][  0]LogDerivedDataCache: Unable to find inner node EnterprisePak for hierarchical cache Hierarchy.
[2020.11.18-18.59.12:408][  0]LogDerivedDataCache: Using Local data cache path C:/Users/1804824/AppData/Local/UnrealEngine/Common/DerivedDataCache: Writable
[2020.11.18-18.59.12:408][  0]LogDerivedDataCache: Shared data cache path not found in *engine.ini, will not use an Shared cache.
[2020.11.18-18.59.12:408][  0]LogDerivedDataCache: Unable to find inner node Shared for hierarchical cache Hierarchy.
[2020.11.18-18.59.12:425][  0]LogMaterial: Verifying Global Shaders for PCD3D_SM5
[2020.11.18-18.59.12:426][  0]LogSlate: Using FreeType 2.6.0
[2020.11.18-18.59.12:427][  0]LogSlate: SlateFontServices - WITH_FREETYPE: 1, WITH_HARFBUZZ: 1
[2020.11.18-18.59.12:526][  0]LogAssetRegistry: FAssetRegistry took 0.0335 seconds to start up
[2020.11.18-18.59.12:779][  0]LogInit: Selected Device Profile: [Windows]
[2020.11.18-18.59.12:904][  0]LogMeshReduction: Using QuadricMeshReduction for automatic static mesh reduction
[2020.11.18-18.59.12:904][  0]LogMeshReduction: Using SimplygonMeshReduction for automatic skeletal mesh reduction
[2020.11.18-18.59.12:904][  0]LogMeshReduction: Using ProxyLODMeshReduction for automatic mesh merging
[2020.11.18-18.59.12:904][  0]LogMeshReduction: No distributed automatic mesh merging module available
[2020.11.18-18.59.12:904][  0]LogMeshMerging: No distributed automatic mesh merging module available
[2020.11.18-18.59.12:912][  0]LogNetVersion: MyProject 1.0.0, NetCL: 5660361, EngineNetVer: 10, GameNetVer: 0 (Checksum: 2788865488)
[2020.11.18-18.59.13:207][  0]LogPackageLocalizationCache: Processed 10 localized package path(s) for 1 prioritized culture(s) in 0.027615 seconds
[2020.11.18-18.59.13:211][  0]LogUObjectArray: 42205 objects as part of root set at end of initial load.
[2020.11.18-18.59.13:211][  0]LogUObjectAllocator: 7325032 out of 0 bytes used by permanent object pool.
[2020.11.18-18.59.13:212][  0]LogUObjectArray: CloseDisregardForGC: 0/0 objects in disregard for GC pool
[2020.11.18-18.59.14:242][  0]LogTcpMessaging: Initializing TcpMessaging bridge
[2020.11.18-18.59.14:258][  0]LogUdpMessaging: Initializing bridge on interface 0.0.0.0:0 to multicast group 230.0.0.1:6666.
[2020.11.18-18.59.14:512][  0]SourceControl: Source control is disabled
[2020.11.18-18.59.14:512][  0]SourceControl: Source control is disabled
[2020.11.18-18.59.14:515][  0]SourceControl: Source control is disabled
[2020.11.18-18.59.14:517][  0]SourceControl: Source control is disabled
[2020.11.18-18.59.14:643][  0]LogAndroidPermission: UAndroidPermissionCallbackProxy::GetInstance
[2020.11.18-18.59.14:851][  0]LogOcInput: OculusInput pre-init called
[2020.11.18-18.59.15:699][  0]LogEngine: Initializing Engine...
[2020.11.18-18.59.15:700][  0]LogHMD: Failed to initialize OpenVR with code 110
[2020.11.18-18.59.15:701][  0]LogStats: UGameplayTagsManager::InitializeManager -  0.000 s
[2020.11.18-18.59.15:863][  0]LogInit: Initializing FReadOnlyCVARCache
[2020.11.18-18.59.15:874][  0]LogAIModule: Creating AISystem for world Untitled
[2020.11.18-18.59.15:958][  0]LogInit: XAudio2 using 'Speakers/Headphones (Realtek(R) Audio)' : 2 channels at 48 kHz using 32 bits per sample (channel mask 0x3)
[2020.11.18-18.59.15:994][  0]LogInit: FAudioDevice initialized.
[2020.11.18-18.59.15:994][  0]LogNetVersion: Set ProjectVersion to 1.0.0.0. Version Checksum will be recalculated on next use.
[2020.11.18-18.59.16:036][  0]LogDerivedDataCache: Saved boot cache 0.04s 76MB C:/Users/1804824/AppData/Local/UnrealEngine/4.22/DerivedDataCache/Boot.ddc.
[2020.11.18-18.59.16:039][  0]LogInit: Texture streaming: Enabled
[2020.11.18-18.59.16:060][  0]LogEngineSessionManager: EngineSessionManager initialized
[2020.11.18-18.59.16:075][  0]LogInit: Transaction tracking system initialized
[2020.11.18-18.59.16:105][  0]BlueprintLog: New page: Editor Load
[2020.11.18-18.59.16:211][  0]LocalizationService: Localization service is disabled
[2020.11.18-18.59.16:473][  0]LogFileCache: Scanning file cache for directory 'C:/Users/1804824/Desktop/UnrealYouTubeRepo/UnrealAnimationPracticeVids/MyProject/Content/' took 0.02s
[2020.11.18-18.59.16:473][  0]LogCook: Display: Max memory allowance for cook 16384mb min free memory 0mb
[2020.11.18-18.59.16:473][  0]LogCook: Display: Mobile HDR setting 1
[2020.11.18-18.59.16:673][  0]SourceControl: Source control is disabled
[2020.11.18-18.59.16:674][  0]LightingResults: New page: Lighting Build
[2020.11.18-18.59.16:676][  0]MapCheck: New page: Map Check
[2020.11.18-18.59.16:676][  0]LightingResults: New page: Lighting Build
[2020.11.18-18.59.16:700][  0]LogUObjectHash: Compacting FUObjectHashTables data took   1.50ms
[2020.11.18-18.59.16:767][  0]LogAIModule: Creating AISystem for world ThirdPersonExampleMap
[2020.11.18-18.59.16:776][  0]LogEditorServer: Finished looking for orphan Actors (0.000 secs)
[2020.11.18-18.59.16:801][  0]LogUObjectHash: Compacting FUObjectHashTables data took   1.39ms
[2020.11.18-18.59.16:801][  0]Cmd: MAP CHECKDEP NOCLEARLOG
[2020.11.18-18.59.16:801][  0]MapCheck: Map check complete: 0 Error(s), 0 Warning(s), took 0.108ms to complete.
[2020.11.18-18.59.16:801][  0]LogFileHelpers: Loading map 'ThirdPersonExampleMap' took 0.128
[2020.11.18-18.59.16:907][  0]LogSlate: Updating window title bar state: overlay mode, drag disabled, window buttons hidden, title bar hidden
[2020.11.18-18.59.16:913][  0]LogSlate: Updating window title bar state: overlay mode, drag disabled, window buttons hidden, title bar hidden
[2020.11.18-18.59.16:919][  0]LogSlate: Updating window title bar state: overlay mode, drag disabled, window buttons hidden, title bar hidden
[2020.11.18-18.59.16:925][  0]LogSlate: Updating window title bar state: overlay mode, drag disabled, window buttons hidden, title bar hidden
[2020.11.18-18.59.16:931][  0]LogCollectionManager: Loaded 0 collections in 0.001232 seconds
[2020.11.18-18.59.16:974][  0]LogFileCache: Scanning file cache for directory 'C:/Users/1804824/Desktop/UnrealYouTubeRepo/UnrealAnimationPracticeVids/MyProject/Saved/Collections/' took 0.01s
[2020.11.18-18.59.16:974][  0]LogFileCache: Scanning file cache for directory 'C:/Users/1804824/Desktop/UnrealYouTubeRepo/UnrealAnimationPracticeVids/MyProject/Content/Developers/1804824/Collections/' took 0.01s
[2020.11.18-18.59.16:974][  0]LogFileCache: Scanning file cache for directory 'C:/Users/1804824/Desktop/UnrealYouTubeRepo/UnrealAnimationPracticeVids/MyProject/Content/Collections/' took 0.01s
[2020.11.18-18.59.16:974][  0]LogCollectionManager: Rebuilt the GUID cache for 0 collections in 0.000000 seconds
[2020.11.18-18.59.16:981][  0]LogContentBrowser: Native class hierarchy populated in 0.0067 seconds. Added 2735 classes and 661 folders.
[2020.11.18-18.59.16:986][  0]LogContentBrowser: Native class hierarchy updated for 'WidgetCarousel' in 0.0003 seconds. Added 0 classes and 0 folders.
[2020.11.18-18.59.16:988][  0]LogPakFile: Registered encryption key '00000000000000000000000000000000': 0 pak files mounted, 0 remain pending
[2020.11.18-18.59.16:989][  0]LogPakFile: Registered encryption key '00000000000000000000000000000000': 0 pak files mounted, 0 remain pending
[2020.11.18-18.59.16:990][  0]LogPakFile: Registered encryption key '00000000000000000000000000000000': 0 pak files mounted, 0 remain pending
[2020.11.18-18.59.16:990][  0]LogPakFile: Registered encryption key '00000000000000000000000000000000': 0 pak files mounted, 0 remain pending
[2020.11.18-18.59.16:991][  0]LogPakFile: Registered encryption key '00000000000000000000000000000000': 0 pak files mounted, 0 remain pending
[2020.11.18-18.59.16:992][  0]LogPakFile: Registered encryption key '00000000000000000000000000000000': 0 pak files mounted, 0 remain pending
[2020.11.18-18.59.16:993][  0]LogPakFile: Registered encryption key '00000000000000000000000000000000': 0 pak files mounted, 0 remain pending
[2020.11.18-18.59.16:993][  0]LogPakFile: Registered encryption key '00000000000000000000000000000000': 0 pak files mounted, 0 remain pending
[2020.11.18-18.59.16:994][  0]LogPakFile: Registered encryption key '00000000000000000000000000000000': 0 pak files mounted, 0 remain pending
[2020.11.18-18.59.16:995][  0]LogPakFile: Registered encryption key '00000000000000000000000000000000': 0 pak files mounted, 0 remain pending
[2020.11.18-18.59.16:995][  0]LogPakFile: Registered encryption key '00000000000000000000000000000000': 0 pak files mounted, 0 remain pending
[2020.11.18-18.59.16:996][  0]LogPakFile: Registered encryption key '00000000000000000000000000000000': 0 pak files mounted, 0 remain pending
[2020.11.18-18.59.16:997][  0]LogPakFile: Registered encryption key '00000000000000000000000000000000': 0 pak files mounted, 0 remain pending
[2020.11.18-18.59.16:998][  0]LogPakFile: Registered encryption key '00000000000000000000000000000000': 0 pak files mounted, 0 remain pending
[2020.11.18-18.59.16:998][  0]LogPakFile: Registered encryption key '00000000000000000000000000000000': 0 pak files mounted, 0 remain pending
[2020.11.18-18.59.16:999][  0]LogPakFile: Registered encryption key '00000000000000000000000000000000': 0 pak files mounted, 0 remain pending
[2020.11.18-18.59.17:000][  0]LogPakFile: Registered encryption key '00000000000000000000000000000000': 0 pak files mounted, 0 remain pending
[2020.11.18-18.59.17:000][  0]LogPakFile: Registered encryption key '00000000000000000000000000000000': 0 pak files mounted, 0 remain pending
[2020.11.18-18.59.17:001][  0]LogPakFile: Registered encryption key '00000000000000000000000000000000': 0 pak files mounted, 0 remain pending
[2020.11.18-18.59.17:002][  0]LogPakFile: Registered encryption key '00000000000000000000000000000000': 0 pak files mounted, 0 remain pending
[2020.11.18-18.59.17:003][  0]LogPakFile: Registered encryption key '00000000000000000000000000000000': 0 pak files mounted, 0 remain pending
[2020.11.18-18.59.17:003][  0]LogPakFile: Registered encryption key '00000000000000000000000000000000': 0 pak files mounted, 0 remain pending
[2020.11.18-18.59.17:004][  0]LogPakFile: Registered encryption key '00000000000000000000000000000000': 0 pak files mounted, 0 remain pending
[2020.11.18-18.59.17:005][  0]LogPakFile: Registered encryption key '00000000000000000000000000000000': 0 pak files mounted, 0 remain pending
[2020.11.18-18.59.17:005][  0]LogPakFile: Registered encryption key '00000000000000000000000000000000': 0 pak files mounted, 0 remain pending
[2020.11.18-18.59.17:006][  0]LogPakFile: Registered encryption key '00000000000000000000000000000000': 0 pak files mounted, 0 remain pending
[2020.11.18-18.59.17:039][  0]LogContentBrowser: Native class hierarchy updated for 'AddContentDialog' in 0.0003 seconds. Added 0 classes and 0 folders.
[2020.11.18-18.59.17:045][  0]LogContentBrowser: Native class hierarchy updated for 'SceneOutliner' in 0.0003 seconds. Added 1 classes and 2 folders.
[2020.11.18-18.59.17:057][  0]LogSlate: Took 0.000236 seconds to synchronously load lazily loaded font '../../../Engine/Content/Slate/Fonts/Roboto-Regular.ttf' (155K)
[2020.11.18-18.59.17:058][  0]LogSlate: Took 0.000222 seconds to synchronously load lazily loaded font '../../../Engine/Content/Slate/Fonts/Roboto-Bold.ttf' (160K)
[2020.11.18-18.59.17:062][  0]LogSlate: Took 0.000221 seconds to synchronously load lazily loaded font '../../../Engine/Content/Editor/Slate/Fonts/FontAwesome.ttf' (139K)
[2020.11.18-18.59.17:110][  0]LogRenderer: Reallocating scene render targets to support 1616x808 Format 10 NumSamples 1 (Frame:1).
[2020.11.18-18.59.17:410][  0]LogContentBrowser: Native class hierarchy updated for 'HierarchicalLODOutliner' in 0.0004 seconds. Added 0 classes and 0 folders.
[2020.11.18-18.59.17:410][  0]LogLoad: (Engine Initialization) Total time: 9.88 seconds
[2020.11.18-18.59.17:410][  0]LogLoad: (Engine Initialization) Total Blueprint compile time: 0.00 seconds
[2020.11.18-18.59.17:437][  0]LogAssetRegistry: Asset discovery search completed in 4.9344 seconds
[2020.11.18-18.59.17:439][  0]LogCollectionManager: Rebuilt the object cache for 0 collections in 0.000000 seconds (found 0 objects)
[2020.11.18-18.59.17:439][  0]LogCollectionManager: Fixed up redirectors for 0 collections in 0.000167 seconds (updated 0 objects)
[2020.11.18-18.59.17:440][  0]LogContentStreaming: Texture pool size now 1000 MB
[2020.11.18-19.19.42:116][725]LogSlate: FSceneViewport::OnFocusLost() reason 0
[2020.11.18-19.19.42:226][725]LogTemp: Repeating last play command: Selected Viewport
[2020.11.18-19.19.42:236][725]LogBlueprintUserMessages: Early PlayInEditor Detection: Level '/Game/ThirdPersonCPP/Maps/ThirdPersonExampleMap.ThirdPersonExampleMap:PersistentLevel' has LevelScriptBlueprint '/Game/ThirdPersonCPP/Maps/ThirdPersonExampleMap.ThirdPersonExampleMap:PersistentLevel.ThirdPersonExampleMap' with GeneratedClass '/Game/ThirdPersonCPP/Maps/ThirdPersonExampleMap.ThirdPersonExampleMap_C' with ClassGeneratedBy '/Game/ThirdPersonCPP/Maps/ThirdPersonExampleMap.ThirdPersonExampleMap:PersistentLevel.ThirdPersonExampleMap'
[2020.11.18-19.19.42:236][725]LogPlayLevel: PlayLevel: No blueprints needed recompiling
[2020.11.18-19.19.42:236][725]PIE: New page: PIE session: ThirdPersonExampleMap (18 Nov 2020 19:19:42)
[2020.11.18-19.19.42:249][725]LogPlayLevel: Creating play world package: /Game/ThirdPersonCPP/Maps/UEDPIE_0_ThirdPersonExampleMap
[2020.11.18-19.19.42:261][725]LogPlayLevel: PIE: StaticDuplicateObject took: (0.010947s)
[2020.11.18-19.19.42:261][725]LogAIModule: Creating AISystem for world ThirdPersonExampleMap
[2020.11.18-19.19.42:261][725]LogPlayLevel: PIE: World Init took: (0.000741s)
[2020.11.18-19.19.42:262][725]LogPlayLevel: PIE: Created PIE world by copying editor world from /Game/ThirdPersonCPP/Maps/ThirdPersonExampleMap.ThirdPersonExampleMap to /Game/ThirdPersonCPP/Maps/UEDPIE_0_ThirdPersonExampleMap.ThirdPersonExampleMap (0.012221s)
[2020.11.18-19.19.42:285][725]LogUObjectHash: Compacting FUObjectHashTables data took   0.96ms
[2020.11.18-19.19.42:323][725]LogInit: XAudio2 using 'Speakers/Headphones (Realtek(R) Audio)' : 2 channels at 48 kHz using 32 bits per sample (channel mask 0x3)
[2020.11.18-19.19.42:349][725]LogInit: FAudioDevice initialized.
[2020.11.18-19.19.42:395][725]LogLoad: Game class is 'MyProjectGameMode'
[2020.11.18-19.19.42:398][725]LogWorld: Bringing World /Game/ThirdPersonCPP/Maps/UEDPIE_0_ThirdPersonExampleMap.ThirdPersonExampleMap up for play (max tick rate 0) at 2020.11.18-19.19.42
[2020.11.18-19.19.42:398][725]LogWorld: Bringing up level for play took: 0.001545
[2020.11.18-19.19.42:415][725]LogContentBrowser: Native class hierarchy updated for 'MovieSceneCapture' in 0.0004 seconds. Added 20 classes and 0 folders.
[2020.11.18-19.19.42:415][725]PIE: Play in editor start time for /Game/ThirdPersonCPP/Maps/UEDPIE_0_ThirdPersonExampleMap 0.761
[2020.11.18-19.19.42:416][725]LogBlueprintUserMessages: Late PlayInEditor Detection: Level '/Game/ThirdPersonCPP/Maps/ThirdPersonExampleMap.ThirdPersonExampleMap:PersistentLevel' has LevelScriptBlueprint '/Game/ThirdPersonCPP/Maps/ThirdPersonExampleMap.ThirdPersonExampleMap:PersistentLevel.ThirdPersonExampleMap' with GeneratedClass '/Game/ThirdPersonCPP/Maps/ThirdPersonExampleMap.ThirdPersonExampleMap_C' with ClassGeneratedBy '/Game/ThirdPersonCPP/Maps/ThirdPersonExampleMap.ThirdPersonExampleMap:PersistentLevel.ThirdPersonExampleMap'
[2020.11.18-19.19.50:923][726]LogBlueprintUserMessages: Early EndPlayMap Detection: Level '/Game/ThirdPersonCPP/Maps/ThirdPersonExampleMap.ThirdPersonExampleMap:PersistentLevel' has LevelScriptBlueprint '/Game/ThirdPersonCPP/Maps/ThirdPersonExampleMap.ThirdPersonExampleMap:PersistentLevel.ThirdPersonExampleMap' with GeneratedClass '/Game/ThirdPersonCPP/Maps/ThirdPersonExampleMap.ThirdPersonExampleMap_C' with ClassGeneratedBy '/Game/ThirdPersonCPP/Maps/ThirdPersonExampleMap.ThirdPersonExampleMap:PersistentLevel.ThirdPersonExampleMap'
[2020.11.18-19.19.50:924][726]LogSlate: Updating window title bar state: overlay mode, drag disabled, window buttons hidden, title bar hidden
[2020.11.18-19.19.50:957][726]LogPlayLevel: Display: Shutting down PIE online subsystems
[2020.11.18-19.19.50:958][726]LogBlueprintUserMessages: Late EndPlayMap Detection: Level '/Game/ThirdPersonCPP/Maps/ThirdPersonExampleMap.ThirdPersonExampleMap:PersistentLevel' has LevelScriptBlueprint '/Game/ThirdPersonCPP/Maps/ThirdPersonExampleMap.ThirdPersonExampleMap:PersistentLevel.ThirdPersonExampleMap' with GeneratedClass '/Game/ThirdPersonCPP/Maps/ThirdPersonExampleMap.ThirdPersonExampleMap_C' with ClassGeneratedBy '/Game/ThirdPersonCPP/Maps/ThirdPersonExampleMap.ThirdPersonExampleMap:PersistentLevel.ThirdPersonExampleMap'
[2020.11.18-19.19.50:991][726]LogSlate: Updating window title bar state: overlay mode, drag disabled, window buttons hidden, title bar hidden
[2020.11.18-19.19.50:993][726]LogUObjectHash: Compacting FUObjectHashTables data took   1.07ms
[2020.11.18-19.19.51:036][728]LogPlayLevel: Display: Destroying online subsystem :Context_2
[2020.11.18-19.19.52:384][889]LogSlate: FSceneViewport::OnFocusLost() reason 0
[2020.11.18-19.19.52:536][907]LogSlate: Took 0.000240 seconds to synchronously load lazily loaded font '../../../Engine/Content/Slate/Fonts/Roboto-Light.ttf' (167K)
[2020.11.18-19.19.52:543][907]LogAssetEditorManager: Opening Asset editor for AnimMontage /Game/Anim/Animations/MeleeFistAttackMontage.MeleeFistAttackMontage
[2020.11.18-19.19.52:552][907]LogContentBrowser: Native class hierarchy updated for 'SkeletonEditor' in 0.0003 seconds. Added 1 classes and 2 folders.
[2020.11.18-19.19.52:696][907]LogActorComponent: RegisterComponentWithWorld: (/Engine/Transient.World_1:PersistentLevel.AnimationEditorPreviewActor_0.DebugSkelMeshComponent_0) Already registered. Aborting.
[2020.11.18-19.19.52:698][907]LogContentBrowser: Native class hierarchy updated for 'PinnedCommandList' in 0.0003 seconds. Added 1 classes and 0 folders.
[2020.11.18-19.19.52:716][907]LogSkeletalMesh: USkeletalMeshComponent::InitArticulated : Bodies already created (/Engine/Transient.World_1:PersistentLevel.AnimationEditorPreviewActor_0.DebugSkelMeshComponent_0) - call TermArticulated first.
[2020.11.18-19.19.52:950][907]LogContentBrowser: Verbose: The majority of assets in the view are of type: AnimSequence
[2020.11.18-19.20.12:065][142]LogSavePackage: Moving '../../../../../Users/1804824/Desktop/UnrealYouTubeRepo/UnrealAnimationPracticeVids/MyProject/Saved/MeleeFistAttackMontage3AAC6FCB4EE417AB6D37ACBDD29207B8.tmp' to '../../../../../Users/1804824/Desktop/UnrealYouTubeRepo/UnrealAnimationPracticeVids/MyProject/Content/Anim/Animations/MeleeFistAttackMontage.uasset'
[2020.11.18-19.20.26:616][839]LogSavePackage: Moving '../../../../../Users/1804824/Desktop/UnrealYouTubeRepo/UnrealAnimationPracticeVids/MyProject/Saved/MeleeFistAttackMontage963F73404AADA5FF861FD4A054714B08.tmp' to '../../../../../Users/1804824/Desktop/UnrealYouTubeRepo/UnrealAnimationPracticeVids/MyProject/Content/Anim/Animations/MeleeFistAttackMontage.uasset'
[2020.11.18-19.20.28:355][990]LogSlate: Window 'MeleeFistAttackMontage' being destroyed
[2020.11.18-19.20.30:047][176]Candidate modules for hot reload:
[2020.11.18-19.20.30:048][176]  MyProject
[2020.11.18-19.20.30:048][176]Launching UnrealBuildTool... [C:/UE_4.22/UE_4.22/Engine/Binaries/DotNET/UnrealBuildTool.exe  -ModuleWithSuffix=MyProject,5687 Win64 Development -TargetType=Editor -Project="C:/Users/1804824/Desktop/UnrealYouTubeRepo/UnrealAnimationPracticeVids/MyProject/MyProject.uproject" "C:/Users/1804824/Desktop/UnrealYouTubeRepo/UnrealAnimationPracticeVids/MyProject/MyProject.uproject"  -IgnoreJunk]
[2020.11.18-19.20.30:049][176]Warning: Starting HotReload took  0.0s.
[2020.11.18-19.20.39:466][306]MapCheck: New page: Map Check
[2020.11.18-19.20.39:477][306]Cmd: MAP REBUILD ALLVISIBLE
[2020.11.18-19.20.39:477][306]LogEditorServer: Rebuildmap Clear paths rebuilt
[2020.11.18-19.20.39:540][306]LogUObjectHash: Compacting FUObjectHashTables data took   1.28ms
[2020.11.18-19.20.39:566][306]LogMaterial: Display: Missing cached shader map for material DebugViewMode MaterialTexCoordScale, compiling. 
[2020.11.18-19.20.39:574][306]LogMaterial: Display: Missing cached shader map for material DebugViewMode MaterialTexCoordScale, compiling. 
[2020.11.18-19.20.39:580][306]LogMaterial: Display: Missing cached shader map for material DebugViewMode MaterialTexCoordScale, compiling. 
[2020.11.18-19.20.39:586][306]LogMaterial: Display: Missing cached shader map for material DebugViewMode MaterialTexCoordScale, compiling. 
[2020.11.18-19.20.39:591][306]LogMaterial: Display: Missing cached shader map for material DebugViewMode MaterialTexCoordScale, compiling. 
[2020.11.18-19.20.39:598][306]LogMaterial: Display: Missing cached shader map for material DebugViewMode MaterialTexCoordScale, compiling. 
[2020.11.18-19.20.39:607][306]LogMaterial: Display: Missing cached shader map for material DebugViewMode MaterialTexCoordScale, compiling. 
[2020.11.18-19.20.39:614][306]LogMaterial: Display: Missing cached shader map for material DebugViewMode MaterialTexCoordScale, compiling. 
[2020.11.18-19.20.40:412][306]TextureStreamingBuild: Display: Compiling optional shaders took 0.852 seconds.
[2020.11.18-19.20.40:448][306]LogLevel: Display: Export Material TexCoord Scales took 0.036 seconds.
[2020.11.18-19.20.40:473][306]TextureStreamingBuild: Display: Build Texture Streaming took 0.024 seconds.
[2020.11.18-19.20.40:501][306]LogUObjectHash: Compacting FUObjectHashTables data took   0.58ms
[2020.11.18-19.20.40:501][306]LightingResults: New page: Lighting Build - 18 Nov 2020 19:20:40
[2020.11.18-19.20.40:613][306]LogSwarmInterface: [OpenConnection] Registering TCP channel ...
[2020.11.18-19.20.40:708][306]LogSwarmInterface: [OpenConnection] Connecting to agent ...
[2020.11.18-19.20.40:723][306]LogSwarmInterface: [TryOpenConnection] Testing the Agent
[2020.11.18-19.20.41:276][306]LogSwarmInterface: [TryOpenConnection] Opening Connection to Agent
[2020.11.18-19.20.41:277][306]LogSwarmInterface: [TryOpenConnection] Local Process ID is 22904
[2020.11.18-19.20.48:240][306]LogStaticLightingSystem: Running Lightmass w/ ImmediateImport mode ENABLED
[2020.11.18-19.20.48:241][306]LogStaticLightingSystem: Running Lightmass w/ ImmediateProcess mode ENABLED
[2020.11.18-19.20.48:241][306]LogStaticLightingSystem: Running Lightmass w/ Sorting mode ENABLED
[2020.11.18-19.20.48:241][306]LogStaticLightingSystem: Running Lightmass w/ Mapping paddings ENABLED
[2020.11.18-19.20.48:241][306]LogStaticLightingSystem: Running Lightmass w/ Mapping debug paddings DISABLED
[2020.11.18-19.20.48:381][306]Cmd: MAP CHECK DONTDISPLAYDIALOG
[2020.11.18-19.20.48:381][306]MapCheck: New page: ThirdPersonExampleMap - 18 Nov 2020 19:20:48
[2020.11.18-19.20.48:382][306]MapCheck: Map check complete: 0 Error(s), 0 Warning(s), took 0.457ms to complete.
[2020.11.18-19.20.48:406][306]LogEditorBuildUtils: Build time 0:08
[2020.11.18-19.20.48:437][307]CompilerResultsLog: New page: Compilation - 18 Nov 2020 19:20:48
[2020.11.18-19.20.48:437][307]CompilerResultsLog: Using 'git status' to determine working set for adaptive non-unity build (C:\Users\1804824\Desktop\UnrealYouTubeRepo\UnrealAnimationPracticeVids).
[2020.11.18-19.20.48:437][307]CompilerResultsLog: Creating makefile for MyProjectEditor (ini files are newer than makefile)
[2020.11.18-19.20.48:437][307]CompilerResultsLog: Parsing headers for MyProjectEditor
[2020.11.18-19.20.48:437][307]CompilerResultsLog:   Running UnrealHeaderTool "C:\Users\1804824\Desktop\UnrealYouTubeRepo\UnrealAnimationPracticeVids\MyProject\MyProject.uproject" "C:\Users\1804824\Desktop\UnrealYouTubeRepo\UnrealAnimationPracticeVids\MyProject\Intermediate\Build\Win64\MyProjectEditor\Development\MyProjectEditor.uhtmanifest" -LogCmds="loginit warning, logexit warning, logdatabase error" -Unattended -WarningsAsErrors -installed
[2020.11.18-19.20.48:437][307]CompilerResultsLog: Reflection code generated for MyProjectEditor in 5.2423702 seconds
[2020.11.18-19.20.48:437][307]CompilerResultsLog: Failed to delete file 'C:\Users\1804824\Desktop\UnrealYouTubeRepo\UnrealAnimationPracticeVids\MyProject\Binaries\Win64\UE4Editor-MyProject.pdb'
[2020.11.18-19.20.48:438][307]CompilerResultsLog:     Exception: Access to the path 'C:\Users\1804824\Desktop\UnrealYouTubeRepo\UnrealAnimationPracticeVids\MyProject\Binaries\Win64\UE4Editor-MyProject.pdb' is denied.
[2020.11.18-19.20.48:438][307]CompilerResultsLog: Attempting to retry...
[2020.11.18-19.20.48:438][307]CompilerResultsLog: Failed to delete file 'C:\Users\1804824\Desktop\UnrealYouTubeRepo\UnrealAnimationPracticeVids\MyProject\Binaries\Win64\UE4Editor-MyProject.pdb'
[2020.11.18-19.20.48:438][307]CompilerResultsLog:     Exception: Access to the path 'C:\Users\1804824\Desktop\UnrealYouTubeRepo\UnrealAnimationPracticeVids\MyProject\Binaries\Win64\UE4Editor-MyProject.pdb' is denied.
[2020.11.18-19.20.48:438][307]CompilerResultsLog: Attempting to retry...
[2020.11.18-19.20.48:438][307]CompilerResultsLog: Failed to delete file 'C:\Users\1804824\Desktop\UnrealYouTubeRepo\UnrealAnimationPracticeVids\MyProject\Binaries\Win64\UE4Editor-MyProject.pdb'
[2020.11.18-19.20.48:438][307]CompilerResultsLog:     Exception: Access to the path 'C:\Users\1804824\Desktop\UnrealYouTubeRepo\UnrealAnimationPracticeVids\MyProject\Binaries\Win64\UE4Editor-MyProject.pdb' is denied.
[2020.11.18-19.20.48:438][307]CompilerResultsLog: ERROR: Exhausted all retries!
[2020.11.18-19.20.48:438][307]CompilerResultsLog: Using Visual Studio 2019 14.23.28105 toolchain (C:\Program Files (x86)\Microsoft Visual Studio\2019\Community\VC\Tools\MSVC\14.23.28105) and Windows 10.0.18362.0 SDK (C:\Program Files (x86)\Windows Kits\10).
[2020.11.18-19.20.48:438][307]CompilerResultsLog: Building 3 actions with 16 processes...
[2020.11.18-19.20.48:438][307]CompilerResultsLog:   [1/3] UE4Editor-MyProject-5687.lib
[2020.11.18-19.20.48:438][307]CompilerResultsLog:      Creating library C:\Users\1804824\Desktop\UnrealYouTubeRepo\UnrealAnimationPracticeVids\MyProject\Intermediate\Build\Win64\UE4Editor\Development\MyProject\UE4Editor-MyProject-5687.lib and object C:\Users\1804824\Desktop\UnrealYouTubeRepo\UnrealAnimationPracticeVids\MyProject\Intermediate\Build\Win64\UE4Editor\Development\MyProject\UE4Editor-MyProject-5687.exp
[2020.11.18-19.20.48:438][307]CompilerResultsLog:   [2/3] UE4Editor-MyProject-5687.dll
[2020.11.18-19.20.48:438][307]CompilerResultsLog:      Creating library C:\Users\1804824\Desktop\UnrealYouTubeRepo\UnrealAnimationPracticeVids\MyProject\Intermediate\Build\Win64\UE4Editor\Development\MyProject\UE4Editor-MyProject-5687.suppressed.lib and object C:\Users\1804824\Desktop\UnrealYouTubeRepo\UnrealAnimationPracticeVids\MyProject\Intermediate\Build\Win64\UE4Editor\Development\MyProject\UE4Editor-MyProject-5687.suppressed.exp
[2020.11.18-19.20.48:438][307]CompilerResultsLog:   [3/3] MyProjectEditor.target
[2020.11.18-19.20.48:439][307]CompilerResultsLog: Total time in Parallel executor: 0.69 seconds
[2020.11.18-19.20.48:439][307]CompilerResultsLog: Total execution time: 9.44 seconds
[2020.11.18-19.20.48:439][307]LogMainFrame: MainFrame: Module compiling took 18.394 seconds
[2020.11.18-19.20.48:463][307]LogUObjectHash: Compacting FUObjectHashTables data took   0.46ms
[2020.11.18-19.20.48:478][307]LogClass: EAttackType HotReload.
[2020.11.18-19.20.48:479][307]LogClass: ELogOutput HotReload.
[2020.11.18-19.20.48:479][307]LogClass: ELogLevel HotReload.
[2020.11.18-19.20.48:483][307]LogContentBrowser: Native class hierarchy updated for 'MyProject' in 0.0003 seconds. Added 3 classes and 2 folders.
[2020.11.18-19.20.48:485][307]Display: HotReload successful (0 functions remapped  0 scriptstructs remapped)
[2020.11.18-19.20.48:698][307]LogUObjectHash: Compacting FUObjectHashTables data took   0.92ms
[2020.11.18-19.20.48:707][307]LogContentBrowser: Native class hierarchy populated in 0.0064 seconds. Added 2737 classes and 665 folders.
[2020.11.18-19.20.48:708][307]Display: HotReload took 18.7s.
[2020.11.18-19.20.48:762][308]LogUObjectHash: Compacting FUObjectHashTables data took   0.54ms
[2020.11.18-19.20.51:841][549]Job is a success!
[2020.11.18-19.20.54:743][888]LogEditorViewport: Clicking on Actor (LMB): StaticMeshActor (Floor)
[2020.11.18-19.20.55:610][985]LogEditorViewport: Clicking on Actor (LMB): StaticMeshActor (Floor)
[2020.11.18-19.21.08:608][523]LogSlate: FSceneViewport::OnFocusLost() reason 0
[2020.11.18-19.21.09:838][665]LogVolumetricLightmapImport: Imported Volumetric Lightmap in 0.014s
[2020.11.18-19.21.09:839][665]LogVolumetricLightmapImport:      Indirection Texture 16x16x16 = 0.0Mb
[2020.11.18-19.21.09:839][665]LogVolumetricLightmapImport:      BrickData 240x5x5 = 0.2Mb (trimmed 0.0Mb due to 0.010000 MinBrickError)
[2020.11.18-19.21.09:839][665]LogVolumetricLightmapImport:      Bricks at Level
[2020.11.18-19.21.09:839][665]LogVolumetricLightmapImport:          0: 2.1% covering 100.0% of volume
[2020.11.18-19.21.09:839][665]LogVolumetricLightmapImport:          1: 8.3% covering 6.3% of volume
[2020.11.18-19.21.09:839][665]LogVolumetricLightmapImport:          2: 89.6% covering 1.0% of volume
[2020.11.18-19.21.10:074][665]LogTexture: Display: Building textures: SkyOcclusion1_1 (AutoDXT, 1024X512)
[2020.11.18-19.21.10:074][665]LogTexture: Display: Building textures: HQ_Lightmap1_1 (AutoDXT, 1024X1024)
[2020.11.18-19.21.10:074][665]LogTexture: Display: Building textures: LQ_Lightmap_1_1 (DXT1, 1024X1024)
[2020.11.18-19.21.10:074][665]LogTexture: Display: Building textures: SkyOcclusion1_2 (AutoDXT, 512X256)
[2020.11.18-19.21.10:074][665]LogTexture: Display: Building textures: HQ_Lightmap1_2 (AutoDXT, 512X512)
[2020.11.18-19.21.10:074][665]LogTexture: Display: Building textures: LQ_Lightmap_1_2 (DXT1, 512X512)
[2020.11.18-19.21.10:074][665]LogTexture: Display: Building textures: SkyOcclusion1_3 (AutoDXT, 64X32)
[2020.11.18-19.21.10:074][665]LogTexture: Display: Building textures: HQ_Lightmap1_3 (AutoDXT, 64X64)
[2020.11.18-19.21.10:074][665]LogTexture: Display: Building textures: LQ_Lightmap_1_3 (DXT1, 64X64)
[2020.11.18-19.21.10:229][665]LogTexture: Display: Building textures: ShadowMapTexture2D_3 (G8, 32X32)
[2020.11.18-19.21.10:229][665]LogTexture: Display: Building textures: ShadowMapTexture2D_2 (G8, 1024X1024)
[2020.11.18-19.21.10:247][665]Lightmass on UL04PCJL11D-18: 20.7 sec total, 104 ms importing, 8 ms setup, 1.24 sec photons, 19.3 sec processing, 0 ms extra exporting [11/11 mappings]. Threads: 4:49 min total, 3.11 sec processing.
[2020.11.18-19.21.10:248][665]LogStaticLightingSystem: ThirdPersonExampleMap_BuiltData storing lightmap data for 11 meshes in 3 LightmapResourceClusters (3.7 Meshes per cluster).
[2020.11.18-19.21.10:272][665]LogUObjectHash: Compacting FUObjectHashTables data took   1.15ms
[2020.11.18-19.21.10:278][665]LogStaticLightingSystem: Illumination: 11.8 sec (202 ms encoding lightmaps, 153 ms encoding shadowmaps)
[2020.11.18-19.21.10:278][665]LogStaticLightingSystem: Lightmap texture memory:  3.3 MB (3.3 MB streaming, 0.0 MB non-streaming), 6 textures
[2020.11.18-19.21.10:278][665]LogStaticLightingSystem: Shadowmap texture memory: 1.3 MB (1.3 MB streaming, 0.0 MB non-streaming), 2 textures
[2020.11.18-19.21.10:301][665]DumpUnbuiltLightIteractions
[2020.11.18-19.21.10:301][665]Lights with unbuilt interactions: 0
[2020.11.18-19.21.10:301][665]
[2020.11.18-19.21.10:301][665]Primitives with unbuilt interactions: 0
[2020.11.18-19.21.10:341][666]Cmd: MAP CHECK NOTIFYRESULTS
[2020.11.18-19.21.10:342][666]MapCheck: New page: ThirdPersonExampleMap - 18 Nov 2020 19:21:10
[2020.11.18-19.21.10:342][666]MapCheck: Map check complete: 0 Error(s), 0 Warning(s), took 0.444ms to complete.
[2020.11.18-19.21.11:160][764]LogTemp: Repeating last play command: Selected Viewport
[2020.11.18-19.21.11:170][764]LogBlueprintUserMessages: Early PlayInEditor Detection: Level '/Game/ThirdPersonCPP/Maps/ThirdPersonExampleMap.ThirdPersonExampleMap:PersistentLevel' has LevelScriptBlueprint '/Game/ThirdPersonCPP/Maps/ThirdPersonExampleMap.ThirdPersonExampleMap:PersistentLevel.ThirdPersonExampleMap' with GeneratedClass '/Game/ThirdPersonCPP/Maps/ThirdPersonExampleMap.ThirdPersonExampleMap_C' with ClassGeneratedBy '/Game/ThirdPersonCPP/Maps/ThirdPersonExampleMap.ThirdPersonExampleMap:PersistentLevel.ThirdPersonExampleMap'
[2020.11.18-19.21.11:170][764]LogPlayLevel: PlayLevel: No blueprints needed recompiling
[2020.11.18-19.21.11:170][764]PIE: New page: PIE session: ThirdPersonExampleMap (18 Nov 2020 19:21:11)
[2020.11.18-19.21.11:171][764]LogPlayLevel: Creating play world package: /Game/ThirdPersonCPP/Maps/UEDPIE_0_ThirdPersonExampleMap
[2020.11.18-19.21.11:180][764]LogPlayLevel: PIE: StaticDuplicateObject took: (0.008703s)
[2020.11.18-19.21.11:180][764]LogAIModule: Creating AISystem for world ThirdPersonExampleMap
[2020.11.18-19.21.11:180][764]LogPlayLevel: PIE: World Init took: (0.000701s)
[2020.11.18-19.21.11:181][764]LogPlayLevel: PIE: Created PIE world by copying editor world from /Game/ThirdPersonCPP/Maps/ThirdPersonExampleMap.ThirdPersonExampleMap to /Game/ThirdPersonCPP/Maps/UEDPIE_0_ThirdPersonExampleMap.ThirdPersonExampleMap (0.009901s)
[2020.11.18-19.21.11:204][764]LogUObjectHash: Compacting FUObjectHashTables data took   0.96ms
[2020.11.18-19.21.11:240][764]LogInit: XAudio2 using 'Speakers/Headphones (Realtek(R) Audio)' : 2 channels at 48 kHz using 32 bits per sample (channel mask 0x3)
[2020.11.18-19.21.11:266][764]LogInit: FAudioDevice initialized.
[2020.11.18-19.21.11:300][764]LogLoad: Game class is 'MyProjectGameMode'
[2020.11.18-19.21.11:302][764]LogWorld: Bringing World /Game/ThirdPersonCPP/Maps/UEDPIE_0_ThirdPersonExampleMap.ThirdPersonExampleMap up for play (max tick rate 0) at 2020.11.18-19.21.11
[2020.11.18-19.21.11:302][764]LogWorld: Bringing up level for play took: 0.001284
[2020.11.18-19.21.11:316][764]PIE: Play in editor start time for /Game/ThirdPersonCPP/Maps/UEDPIE_0_ThirdPersonExampleMap -0.339
[2020.11.18-19.21.11:316][764]LogBlueprintUserMessages: Late PlayInEditor Detection: Level '/Game/ThirdPersonCPP/Maps/ThirdPersonExampleMap.ThirdPersonExampleMap:PersistentLevel' has LevelScriptBlueprint '/Game/ThirdPersonCPP/Maps/ThirdPersonExampleMap.ThirdPersonExampleMap:PersistentLevel.ThirdPersonExampleMap' with GeneratedClass '/Game/ThirdPersonCPP/Maps/ThirdPersonExampleMap.ThirdPersonExampleMap_C' with ClassGeneratedBy '/Game/ThirdPersonCPP/Maps/ThirdPersonExampleMap.ThirdPersonExampleMap:PersistentLevel.ThirdPersonExampleMap'
[2020.11.18-19.21.35:004][605]LogBlueprintUserMessages: Early EndPlayMap Detection: Level '/Game/ThirdPersonCPP/Maps/ThirdPersonExampleMap.ThirdPersonExampleMap:PersistentLevel' has LevelScriptBlueprint '/Game/ThirdPersonCPP/Maps/ThirdPersonExampleMap.ThirdPersonExampleMap:PersistentLevel.ThirdPersonExampleMap' with GeneratedClass '/Game/ThirdPersonCPP/Maps/ThirdPersonExampleMap.ThirdPersonExampleMap_C' with ClassGeneratedBy '/Game/ThirdPersonCPP/Maps/ThirdPersonExampleMap.ThirdPersonExampleMap:PersistentLevel.ThirdPersonExampleMap'
[2020.11.18-19.21.35:005][605]LogSlate: Updating window title bar state: overlay mode, drag disabled, window buttons hidden, title bar hidden
[2020.11.18-19.21.35:037][605]LogPlayLevel: Display: Shutting down PIE online subsystems
[2020.11.18-19.21.35:038][605]LogBlueprintUserMessages: Late EndPlayMap Detection: Level '/Game/ThirdPersonCPP/Maps/ThirdPersonExampleMap.ThirdPersonExampleMap:PersistentLevel' has LevelScriptBlueprint '/Game/ThirdPersonCPP/Maps/ThirdPersonExampleMap.ThirdPersonExampleMap:PersistentLevel.ThirdPersonExampleMap' with GeneratedClass '/Game/ThirdPersonCPP/Maps/ThirdPersonExampleMap.ThirdPersonExampleMap_C' with ClassGeneratedBy '/Game/ThirdPersonCPP/Maps/ThirdPersonExampleMap.ThirdPersonExampleMap:PersistentLevel.ThirdPersonExampleMap'
[2020.11.18-19.21.35:082][605]LogSlate: Updating window title bar state: overlay mode, drag disabled, window buttons hidden, title bar hidden
[2020.11.18-19.21.35:084][605]LogUObjectHash: Compacting FUObjectHashTables data took   0.94ms
[2020.11.18-19.21.35:105][606]LogPlayLevel: Display: Destroying online subsystem :Context_10
[2020.11.18-19.21.37:003][830]LogEditorViewport: Clicking on Actor (LMB): ThirdPersonCharacter_C (ThirdPersonCharacter)
[2020.11.18-19.22.07:719][667]LogUObjectHash: Compacting FUObjectHashTables data took   0.81ms
[2020.11.18-19.22.07:827][667]LogSavePackage: Moving '../../../../../Users/1804824/Desktop/UnrealYouTubeRepo/UnrealAnimationPracticeVids/MyProject/Saved/ThirdPersonExampleMap_Auto1EA2EBE4E4F28680AEB9B7B9A629377A9.tmp' to '../../../../../Users/1804824/Desktop/UnrealYouTubeRepo/UnrealAnimationPracticeVids/MyProject/Saved/Autosaves/Game/ThirdPersonCPP/Maps/ThirdPersonExampleMap_Auto1.umap'
[2020.11.18-19.22.07:830][667]LogFileHelpers: Editor autosave (incl. sublevels) for '/Game/ThirdPersonCPP/Maps/ThirdPersonExampleMap' took 0.135
[2020.11.18-19.22.07:830][667]LogFileHelpers: Editor autosave (incl. sublevels) for all levels took 0.135
