Log file open, 11/28/20 01:15:30
LogWindows: Failed to load 'aqProf.dll' (GetLastError=126)
LogWindows: File 'aqProf.dll' does not exist
LogWindows: Failed to load 'VtuneApi.dll' (GetLastError=126)
LogWindows: File 'VtuneApi.dll' does not exist
LogWindows: Failed to load 'VtuneApi32e.dll' (GetLastError=126)
LogWindows: File 'VtuneApi32e.dll' does not exist
LogConsoleResponse: Display: Failed to find resolution value strings in scalability ini. Falling back to default.
LogInit: Display: Running engine for game: MyProject
LogPakFile: Registered encryption key '00000000000000000000000000000000': 0 pak files mounted, 0 remain pending
LogPlatformFile: Not using cached read wrapper
LogTaskGraph: Started task graph with 5 named threads and 35 total threads with 3 sets of task threads.
LogStats: Stats thread started at 0.705696
LogD3D11RHI: Loaded GFSDK_Aftermath_Lib.x64.dll
LogICUInternationalization: ICU TimeZone Detection - Raw Offset: +0:00, Platform Override: ''
LogPluginManager: Mounting plugin Paper2D
LogPluginManager: Mounting plugin AISupport
LogPluginManager: Mounting plugin LightPropagationVolume
LogPluginManager: Mounting plugin ActorLayerUtilities
LogPluginManager: Mounting plugin AnimationSharing
LogPluginManager: Mounting plugin CLionSourceCodeAccess
LogPluginManager: Mounting plugin CodeLiteSourceCodeAccess
LogPluginManager: Mounting plugin GitSourceControl
LogPluginManager: Mounting plugin KDevelopSourceCodeAccess
LogPluginManager: Mounting plugin NullSourceCodeAccess
LogPluginManager: Mounting plugin PerforceSourceControl
LogPluginManager: Mounting plugin SubversionSourceControl
LogPluginManager: Mounting plugin UObjectPlugin
LogPluginManager: Mounting plugin VisualStudioCodeSourceCodeAccess
LogPluginManager: Mounting plugin VisualStudioSourceCodeAccess
LogPluginManager: Mounting plugin XCodeSourceCodeAccess
LogPluginManager: Mounting plugin AssetManagerEditor
LogPluginManager: Mounting plugin CryptoKeys
LogPluginManager: Mounting plugin DataValidation
LogPluginManager: Mounting plugin FacialAnimation
LogPluginManager: Mounting plugin GameplayTagsEditor
LogPluginManager: Mounting plugin MacGraphicsSwitching
LogPluginManager: Mounting plugin MaterialAnalyzer
LogPluginManager: Mounting plugin MobileLauncherProfileWizard
LogPluginManager: Mounting plugin PluginBrowser
LogPluginManager: Mounting plugin SpeedTreeImporter
LogPluginManager: Mounting plugin DatasmithContent
LogPluginManager: Mounting plugin VariantManagerContent
LogPluginManager: Mounting plugin AlembicImporter
LogPluginManager: Mounting plugin AppleImageUtils
LogPluginManager: Mounting plugin AppleVision
LogPluginManager: Mounting plugin BackChannel
LogPluginManager: Mounting plugin CharacterAI
LogPluginManager: Mounting plugin GeometryCache
LogPluginManager: Mounting plugin HTML5Networking
LogPluginManager: Mounting plugin ProxyLODPlugin
LogPluginManager: Mounting plugin SkeletalReduction
LogPluginManager: Mounting plugin MagicLeap
LogPluginManager: Mounting plugin MagicLeapMedia
LogPluginManager: Mounting plugin AndroidMedia
LogPluginManager: Mounting plugin AvfMedia
LogPluginManager: Mounting plugin ImgMedia
LogPluginManager: Mounting plugin LinearTimecode
LogPluginManager: Mounting plugin MediaCompositing
LogPluginManager: Mounting plugin MediaPlayerEditor
LogPluginManager: Mounting plugin WebMMedia
LogPluginManager: Mounting plugin WmfMedia
LogPluginManager: Mounting plugin TcpMessaging
LogPluginManager: Mounting plugin UdpMessaging
LogPluginManager: Mounting plugin ActorSequence
LogPluginManager: Mounting plugin LevelSequenceEditor
LogPluginManager: Mounting plugin MatineeToLevelSequence
LogPluginManager: Mounting plugin NetcodeUnitTest
LogPluginManager: Mounting plugin NUTUnrealEngine4
LogPluginManager: Mounting plugin OnlineSubsystemGooglePlay
LogPluginManager: Mounting plugin OnlineSubsystemIOS
LogPluginManager: Mounting plugin OnlineSubsystem
LogPluginManager: Mounting plugin OnlineSubsystemNull
LogPluginManager: Mounting plugin OnlineSubsystemUtils
LogPluginManager: Mounting plugin LauncherChunkInstaller
LogPluginManager: Mounting plugin AndroidDeviceProfileSelector
LogPluginManager: Mounting plugin AndroidMoviePlayer
LogPluginManager: Mounting plugin AndroidPermission
LogPluginManager: Mounting plugin ApexDestruction
LogPluginManager: Mounting plugin AppleMoviePlayer
LogPluginManager: Mounting plugin ArchVisCharacter
LogPluginManager: Mounting plugin AudioCapture
LogPluginManager: Mounting plugin CableComponent
LogPluginManager: Mounting plugin CustomMeshComponent
LogPluginManager: Mounting plugin EditableMesh
LogPluginManager: Mounting plugin ExampleDeviceProfileSelector
LogPluginManager: Mounting plugin Firebase
LogPluginManager: Mounting plugin GoogleCloudMessaging
LogPluginManager: Mounting plugin IOSDeviceProfileSelector
LogPluginManager: Mounting plugin LinuxDeviceProfileSelector
LogPluginManager: Mounting plugin LocationServicesBPLibrary
LogPluginManager: Mounting plugin MobilePatchingUtils
LogPluginManager: Mounting plugin OculusVR
LogPluginManager: Mounting plugin PhysXVehicles
LogPluginManager: Mounting plugin ProceduralMeshComponent
LogPluginManager: Mounting plugin RuntimePhysXCooking
LogPluginManager: Mounting plugin SignificanceManager
LogPluginManager: Mounting plugin SteamVR
LogPluginManager: Mounting plugin WebMMoviePlayer
LogPluginManager: Mounting plugin WindowsMoviePlayer
LogInit: Using libcurl 7.55.1-DEV
LogInit:  - built for x86_64-pc-win32
LogInit:  - supports SSL with OpenSSL/1.1.1
LogInit:  - supports HTTP deflate (compression) using libz 1.2.8
LogInit:  - other features:
LogInit:      CURL_VERSION_SSL
LogInit:      CURL_VERSION_LIBZ
LogInit:      CURL_VERSION_IPV6
LogInit:      CURL_VERSION_ASYNCHDNS
LogInit:      CURL_VERSION_LARGEFILE
LogInit:      CURL_VERSION_IDN
LogInit:  CurlRequestOptions (configurable via config and command line):
LogInit:  - bVerifyPeer = true  - Libcurl will verify peer certificate
LogInit:  - bUseHttpProxy = false  - Libcurl will NOT use HTTP proxy
LogInit:  - bDontReuseConnections = false  - Libcurl will reuse connections
LogInit:  - MaxHostConnections = 16  - Libcurl will limit the number of connections to a host
LogInit:  - LocalHostAddr = Default
LogInit:  - BufferSize = 65536
LogInit: WinSock: version 1.1 (2.2), MaxSocks=32767, MaxUdp=65467
LogInit: Build: ++UE4+Release-4.22-CL-7053642
LogInit: Engine Version: 4.22.3-7053642+++UE4+Release-4.22
LogInit: Compatible Engine Version: 4.22.0-5660361+++UE4+Release-4.22
LogInit: Net CL: 5660361
LogInit: OS: Windows 10 (Release 2004) (), CPU: Intel(R) Core(TM) i7-8750H CPU @ 2.20GHz, GPU: Intel(R) UHD Graphics 630
LogInit: Compiled (64-bit): Jun 18 2019 03:09:11
LogInit: Compiled with Visual C++: 19.16.27025.01
LogInit: Build Configuration: Development
LogInit: Branch Name: ++UE4+Release-4.22
LogInit: Command Line:  -skipcompile
LogInit: Base Directory: C:/Program Files/Epic Games/UE_4.22/Engine/Binaries/Win64/
LogInit: Installed Engine Build: 1
LogDevObjectVersion: Number of dev versions registered: 23
LogDevObjectVersion:   Dev-Blueprints (B0D832E4-1F89-4F0D-ACCF-7EB736FD4AA2): 10
LogDevObjectVersion:   Dev-Build (E1C64328-A22C-4D53-A36C-8E866417BD8C): 0
LogDevObjectVersion:   Dev-Core (375EC13C-06E4-48FB-B500-84F0262A717E): 3
LogDevObjectVersion:   Dev-Editor (E4B068ED-F494-42E9-A231-DA0B2E46BB41): 30
LogDevObjectVersion:   Dev-Framework (CFFC743F-43B0-4480-9391-14DF171D2073): 35
LogDevObjectVersion:   Dev-Mobile (B02B49B5-BB20-44E9-A304-32B752E40360): 2
LogDevObjectVersion:   Dev-Networking (A4E4105C-59A1-49B5-A7C5-40C4547EDFEE): 0
LogDevObjectVersion:   Dev-Online (39C831C9-5AE6-47DC-9A44-9C173E1C8E7C): 0
LogDevObjectVersion:   Dev-Physics (78F01B33-EBEA-4F98-B9B4-84EACCB95AA2): 0
LogDevObjectVersion:   Dev-Platform (6631380F-2D4D-43E0-8009-CF276956A95A): 0
LogDevObjectVersion:   Dev-Rendering (12F88B9F-8875-4AFC-A67C-D90C383ABD29): 28
LogDevObjectVersion:   Dev-Sequencer (7B5AE74C-D270-4C10-A958-57980B212A5A): 11
LogDevObjectVersion:   Dev-VR (D7296918-1DD6-4BDD-9DE2-64A83CC13884): 2
LogDevObjectVersion:   Dev-LoadTimes (C2A15278-BFE7-4AFE-6C17-90FF531DF755): 1
LogDevObjectVersion:   Private-Geometry (6EACA3D4-40EC-4CC1-B786-8BED09428FC5): 3
LogDevObjectVersion:   Dev-AnimPhys (29E575DD-E0A3-4627-9D10-D276232CDCEA): 17
LogDevObjectVersion:   Dev-Anim (AF43A65D-7FD3-4947-9873-3E8ED9C1BB05): 2
LogDevObjectVersion:   Dev-ReflectionCapture (6B266CEC-1EC7-4B8F-A30B-E4D90942FC07): 1
LogDevObjectVersion:   Dev-Automation (0DF73D61-A23F-47EA-B727-89E90C41499A): 1
LogDevObjectVersion:   FortniteMain (601D1886-AC64-4F84-AA16-D3DE0DEAC7D6): 25
LogDevObjectVersion:   Dev-Enterprise (9DFFBCD6-494F-0158-E221-12823C92A888): 6
LogDevObjectVersion:   Dev-Niagara (F2AED0AC-9AFE-416F-8664-AA7FFA26D6FC): 1
LogDevObjectVersion:   Dev-Destruction (174F1F0B-B4C6-45A5-B13F-2EE8D0FB917D): 2
LogInit: Presizing for max 16777216 objects, including 0 objects not considered by GC, pre-allocating 0 bytes for permanent pool.
LogInit: Object subsystem initialized
LogConfig: Setting CVar [[con.DebugEarlyDefault:1]]
LogConfig: Setting CVar [[r.setres:1280x720]]
[2020.11.28-01.15.31:451][  0]LogConfig: Setting CVar [[r.VSync:0]]
[2020.11.28-01.15.31:451][  0]LogConfig: Setting CVar [[r.RHICmdBypass:0]]
[2020.11.28-01.15.31:451][  0]LogConfig: Applying CVar settings from Section [/Script/Engine.RendererSettings] File [C:/Users/Morgan/Desktop/UnrealAnimationPracticeVids/UnrealAnimationPracticeVids/MyProject/Saved/Config/Windows/Engine.ini]
[2020.11.28-01.15.31:451][  0]LogConfig: Setting CVar [[r.GPUCrashDebugging:0]]
[2020.11.28-01.15.31:451][  0]LogConfig: Applying CVar settings from Section [/Script/Engine.RendererOverrideSettings] File [C:/Users/Morgan/Desktop/UnrealAnimationPracticeVids/UnrealAnimationPracticeVids/MyProject/Saved/Config/Windows/Engine.ini]
[2020.11.28-01.15.31:451][  0]LogConfig: Applying CVar settings from Section [/Script/Engine.StreamingSettings] File [C:/Users/Morgan/Desktop/UnrealAnimationPracticeVids/UnrealAnimationPracticeVids/MyProject/Saved/Config/Windows/Engine.ini]
[2020.11.28-01.15.31:452][  0]LogConfig: Setting CVar [[s.MinBulkDataSizeForAsyncLoading:131072]]
[2020.11.28-01.15.31:452][  0]LogConfig: Setting CVar [[s.AsyncLoadingThreadEnabled:0]]
[2020.11.28-01.15.31:452][  0]LogConfig: Setting CVar [[s.EventDrivenLoaderEnabled:1]]
[2020.11.28-01.15.31:452][  0]LogConfig: Setting CVar [[s.WarnIfTimeLimitExceeded:0]]
[2020.11.28-01.15.31:452][  0]LogConfig: Setting CVar [[s.TimeLimitExceededMultiplier:1.5]]
[2020.11.28-01.15.31:452][  0]LogConfig: Setting CVar [[s.TimeLimitExceededMinTime:0.005]]
[2020.11.28-01.15.31:452][  0]LogConfig: Setting CVar [[s.UseBackgroundLevelStreaming:1]]
[2020.11.28-01.15.31:452][  0]LogConfig: Setting CVar [[s.PriorityAsyncLoadingExtraTime:15.0]]
[2020.11.28-01.15.31:453][  0]LogConfig: Setting CVar [[s.LevelStreamingActorsUpdateTimeLimit:5.0]]
[2020.11.28-01.15.31:453][  0]LogConfig: Setting CVar [[s.PriorityLevelStreamingActorsUpdateExtraTime:5.0]]
[2020.11.28-01.15.31:453][  0]LogConfig: Setting CVar [[s.LevelStreamingComponentsRegistrationGranularity:10]]
[2020.11.28-01.15.31:453][  0]LogConfig: Setting CVar [[s.UnregisterComponentsTimeLimit:1.0]]
[2020.11.28-01.15.31:453][  0]LogConfig: Setting CVar [[s.LevelStreamingComponentsUnregistrationGranularity:5]]
[2020.11.28-01.15.31:453][  0]LogConfig: Applying CVar settings from Section [/Script/Engine.GarbageCollectionSettings] File [C:/Users/Morgan/Desktop/UnrealAnimationPracticeVids/UnrealAnimationPracticeVids/MyProject/Saved/Config/Windows/Engine.ini]
[2020.11.28-01.15.31:453][  0]LogConfig: Setting CVar [[gc.MaxObjectsNotConsideredByGC:1]]
[2020.11.28-01.15.31:454][  0]LogConfig: Setting CVar [[gc.SizeOfPermanentObjectPool:0]]
[2020.11.28-01.15.31:454][  0]LogConfig: Setting CVar [[gc.FlushStreamingOnGC:0]]
[2020.11.28-01.15.31:454][  0]LogConfig: Setting CVar [[gc.NumRetriesBeforeForcingGC:10]]
[2020.11.28-01.15.31:454][  0]LogConfig: Setting CVar [[gc.AllowParallelGC:1]]
[2020.11.28-01.15.31:454][  0]LogConfig: Setting CVar [[gc.TimeBetweenPurgingPendingKillObjects:61.1]]
[2020.11.28-01.15.31:454][  0]LogConfig: Setting CVar [[gc.MaxObjectsInEditor:16777216]]
[2020.11.28-01.15.31:454][  0]LogConfig: Setting CVar [[gc.IncrementalBeginDestroyEnabled:1]]
[2020.11.28-01.15.31:454][  0]LogConfig: Setting CVar [[gc.CreateGCClusters:1]]
[2020.11.28-01.15.31:454][  0]LogConfig: Setting CVar [[gc.MinGCClusterSize:5]]
[2020.11.28-01.15.31:455][  0]LogConfig: Setting CVar [[gc.ActorClusteringEnabled:0]]
[2020.11.28-01.15.31:455][  0]LogConfig: Setting CVar [[gc.BlueprintClusteringEnabled:0]]
[2020.11.28-01.15.31:455][  0]LogConfig: Setting CVar [[gc.UseDisregardForGCOnDedicatedServers:0]]
[2020.11.28-01.15.31:455][  0]LogConfig: Applying CVar settings from Section [/Script/Engine.NetworkSettings] File [C:/Users/Morgan/Desktop/UnrealAnimationPracticeVids/UnrealAnimationPracticeVids/MyProject/Saved/Config/Windows/Engine.ini]
[2020.11.28-01.15.31:455][  0]LogConfig: Applying CVar settings from Section [/Script/UnrealEd.CookerSettings] File [C:/Users/Morgan/Desktop/UnrealAnimationPracticeVids/UnrealAnimationPracticeVids/MyProject/Saved/Config/Windows/Engine.ini]
[2020.11.28-01.15.31:470][  0]LogConfig: Applying CVar settings from Section [ViewDistanceQuality@3] File [C:/Users/Morgan/Desktop/UnrealAnimationPracticeVids/UnrealAnimationPracticeVids/MyProject/Saved/Config/Windows/Scalability.ini]
[2020.11.28-01.15.31:470][  0]LogConfig: Setting CVar [[r.SkeletalMeshLODBias:0]]
[2020.11.28-01.15.31:470][  0]LogConfig: Setting CVar [[r.ViewDistanceScale:1.0]]
[2020.11.28-01.15.31:471][  0]LogConfig: Applying CVar settings from Section [AntiAliasingQuality@3] File [C:/Users/Morgan/Desktop/UnrealAnimationPracticeVids/UnrealAnimationPracticeVids/MyProject/Saved/Config/Windows/Scalability.ini]
[2020.11.28-01.15.31:471][  0]LogConfig: Setting CVar [[r.PostProcessAAQuality:4]]
[2020.11.28-01.15.31:471][  0]LogConfig: Applying CVar settings from Section [ShadowQuality@3] File [C:/Users/Morgan/Desktop/UnrealAnimationPracticeVids/UnrealAnimationPracticeVids/MyProject/Saved/Config/Windows/Scalability.ini]
[2020.11.28-01.15.31:471][  0]LogConfig: Setting CVar [[r.LightFunctionQuality:1]]
[2020.11.28-01.15.31:471][  0]LogConfig: Setting CVar [[r.ShadowQuality:5]]
[2020.11.28-01.15.31:471][  0]LogConfig: Setting CVar [[r.Shadow.CSM.MaxCascades:10]]
[2020.11.28-01.15.31:471][  0]LogConfig: Setting CVar [[r.Shadow.MaxResolution:2048]]
[2020.11.28-01.15.31:471][  0]LogConfig: Setting CVar [[r.Shadow.MaxCSMResolution:2048]]
[2020.11.28-01.15.31:472][  0]LogConfig: Setting CVar [[r.Shadow.RadiusThreshold:0.01]]
[2020.11.28-01.15.31:472][  0]LogConfig: Setting CVar [[r.Shadow.DistanceScale:1.0]]
[2020.11.28-01.15.31:472][  0]LogConfig: Setting CVar [[r.Shadow.CSM.TransitionScale:1.0]]
[2020.11.28-01.15.31:472][  0]LogConfig: Setting CVar [[r.Shadow.PreShadowResolutionFactor:1.0]]
[2020.11.28-01.15.31:472][  0]LogConfig: Setting CVar [[r.DistanceFieldShadowing:1]]
[2020.11.28-01.15.31:472][  0]LogConfig: Setting CVar [[r.DistanceFieldAO:1]]
[2020.11.28-01.15.31:472][  0]LogConfig: Setting CVar [[r.AOQuality:2]]
[2020.11.28-01.15.31:472][  0]LogConfig: Setting CVar [[r.VolumetricFog:1]]
[2020.11.28-01.15.31:473][  0]LogConfig: Setting CVar [[r.VolumetricFog.GridPixelSize:8]]
[2020.11.28-01.15.31:473][  0]LogConfig: Setting CVar [[r.VolumetricFog.GridSizeZ:128]]
[2020.11.28-01.15.31:473][  0]LogConfig: Setting CVar [[r.VolumetricFog.HistoryMissSupersampleCount:4]]
[2020.11.28-01.15.31:473][  0]LogConfig: Setting CVar [[r.LightMaxDrawDistanceScale:1]]
[2020.11.28-01.15.31:473][  0]LogConfig: Setting CVar [[r.CapsuleShadows:1]]
[2020.11.28-01.15.31:473][  0]LogConfig: Applying CVar settings from Section [PostProcessQuality@3] File [C:/Users/Morgan/Desktop/UnrealAnimationPracticeVids/UnrealAnimationPracticeVids/MyProject/Saved/Config/Windows/Scalability.ini]
[2020.11.28-01.15.31:473][  0]LogConfig: Setting CVar [[r.MotionBlurQuality:4]]
[2020.11.28-01.15.31:474][  0]LogConfig: Setting CVar [[r.AmbientOcclusionMipLevelFactor:0.4]]
[2020.11.28-01.15.31:474][  0]LogConfig: Setting CVar [[r.AmbientOcclusionMaxQuality:100]]
[2020.11.28-01.15.31:474][  0]LogConfig: Setting CVar [[r.AmbientOcclusionLevels:-1]]
[2020.11.28-01.15.31:474][  0]LogConfig: Setting CVar [[r.AmbientOcclusionRadiusScale:1.0]]
[2020.11.28-01.15.31:474][  0]LogConfig: Setting CVar [[r.DepthOfFieldQuality:2]]
[2020.11.28-01.15.31:474][  0]LogConfig: Setting CVar [[r.RenderTargetPoolMin:400]]
[2020.11.28-01.15.31:474][  0]LogConfig: Setting CVar [[r.LensFlareQuality:2]]
[2020.11.28-01.15.31:474][  0]LogConfig: Setting CVar [[r.SceneColorFringeQuality:1]]
[2020.11.28-01.15.31:475][  0]LogConfig: Setting CVar [[r.EyeAdaptationQuality:2]]
[2020.11.28-01.15.31:475][  0]LogConfig: Setting CVar [[r.BloomQuality:5]]
[2020.11.28-01.15.31:475][  0]LogConfig: Setting CVar [[r.FastBlurThreshold:100]]
[2020.11.28-01.15.31:475][  0]LogConfig: Setting CVar [[r.Upscale.Quality:3]]
[2020.11.28-01.15.31:475][  0]LogConfig: Setting CVar [[r.Tonemapper.GrainQuantization:1]]
[2020.11.28-01.15.31:475][  0]LogConfig: Setting CVar [[r.LightShaftQuality:1]]
[2020.11.28-01.15.31:475][  0]LogConfig: Setting CVar [[r.Filter.SizeScale:1]]
[2020.11.28-01.15.31:475][  0]LogConfig: Setting CVar [[r.Tonemapper.Quality:5]]
[2020.11.28-01.15.31:476][  0]LogConfig: Setting CVar [[r.DOF.Gather.AccumulatorQuality:1        ; higher gathering accumulator quality]]
[2020.11.28-01.15.31:476][  0]LogConfig: Setting CVar [[r.DOF.Gather.PostfilterMethod:1          ; Median3x3 postfilering method]]
[2020.11.28-01.15.31:476][  0]LogConfig: Setting CVar [[r.DOF.Gather.EnableBokehSettings:0       ; no bokeh simulation when gathering]]
[2020.11.28-01.15.31:476][  0]LogConfig: Setting CVar [[r.DOF.Gather.RingCount:4                 ; medium number of samples when gathering]]
[2020.11.28-01.15.31:476][  0]LogConfig: Setting CVar [[r.DOF.Scatter.ForegroundCompositing:1    ; additive foreground scattering]]
[2020.11.28-01.15.31:476][  0]LogConfig: Setting CVar [[r.DOF.Scatter.BackgroundCompositing:2    ; additive background scattering]]
[2020.11.28-01.15.31:476][  0]LogConfig: Setting CVar [[r.DOF.Scatter.EnableBokehSettings:1      ; bokeh simulation when scattering]]
[2020.11.28-01.15.31:476][  0]LogConfig: Setting CVar [[r.DOF.Scatter.MaxSpriteRatio:0.1         ; only a maximum of 10% of scattered bokeh]]
[2020.11.28-01.15.31:476][  0]LogConfig: Setting CVar [[r.DOF.Recombine.Quality:1                ; cheap slight out of focus]]
[2020.11.28-01.15.31:476][  0]LogConfig: Setting CVar [[r.DOF.Recombine.EnableBokehSettings:0    ; no bokeh simulation on slight out of focus]]
[2020.11.28-01.15.31:477][  0]LogConfig: Setting CVar [[r.DOF.TemporalAAQuality:1                ; more stable temporal accumulation]]
[2020.11.28-01.15.31:477][  0]LogConfig: Setting CVar [[r.DOF.Kernel.MaxForegroundRadius:0.025]]
[2020.11.28-01.15.31:477][  0]LogConfig: Setting CVar [[r.DOF.Kernel.MaxBackgroundRadius:0.025]]
[2020.11.28-01.15.31:477][  0]LogConfig: Applying CVar settings from Section [TextureQuality@3] File [C:/Users/Morgan/Desktop/UnrealAnimationPracticeVids/UnrealAnimationPracticeVids/MyProject/Saved/Config/Windows/Scalability.ini]
[2020.11.28-01.15.31:477][  0]LogConfig: Setting CVar [[r.Streaming.MipBias:0]]
[2020.11.28-01.15.31:477][  0]LogConfig: Setting CVar [[r.Streaming.AmortizeCPUToGPUCopy:0]]
[2020.11.28-01.15.31:477][  0]LogConfig: Setting CVar [[r.Streaming.MaxNumTexturesToStreamPerFrame:0]]
[2020.11.28-01.15.31:477][  0]LogConfig: Setting CVar [[r.Streaming.Boost:1]]
[2020.11.28-01.15.31:477][  0]LogConfig: Setting CVar [[r.MaxAnisotropy:8]]
[2020.11.28-01.15.31:478][  0]LogConfig: Setting CVar [[r.Streaming.LimitPoolSizeToVRAM:0]]
[2020.11.28-01.15.31:478][  0]LogConfig: Setting CVar [[r.Streaming.PoolSize:1000]]
[2020.11.28-01.15.31:478][  0]LogConfig: Setting CVar [[r.Streaming.MaxEffectiveScreenSize:0]]
[2020.11.28-01.15.31:478][  0]LogConfig: Applying CVar settings from Section [EffectsQuality@3] File [C:/Users/Morgan/Desktop/UnrealAnimationPracticeVids/UnrealAnimationPracticeVids/MyProject/Saved/Config/Windows/Scalability.ini]
[2020.11.28-01.15.31:478][  0]LogConfig: Setting CVar [[r.TranslucencyLightingVolumeDim:64]]
[2020.11.28-01.15.31:478][  0]LogConfig: Setting CVar [[r.RefractionQuality:2]]
[2020.11.28-01.15.31:478][  0]LogConfig: Setting CVar [[r.SSR.Quality:3]]
[2020.11.28-01.15.31:478][  0]LogConfig: Setting CVar [[r.SceneColorFormat:4]]
[2020.11.28-01.15.31:478][  0]LogConfig: Setting CVar [[r.DetailMode:2]]
[2020.11.28-01.15.31:478][  0]LogConfig: Setting CVar [[r.TranslucencyVolumeBlur:1]]
[2020.11.28-01.15.31:478][  0]LogConfig: Setting CVar [[r.MaterialQualityLevel:1 ; High quality]]
[2020.11.28-01.15.31:479][  0]LogConfig: Setting CVar [[r.SSS.Scale:1]]
[2020.11.28-01.15.31:479][  0]LogConfig: Setting CVar [[r.SSS.SampleSet:2]]
[2020.11.28-01.15.31:479][  0]LogConfig: Setting CVar [[r.SSS.Quality:1]]
[2020.11.28-01.15.31:479][  0]LogConfig: Setting CVar [[r.SSS.HalfRes:1]]
[2020.11.28-01.15.31:479][  0]LogConfig: Setting CVar [[r.EmitterSpawnRateScale:1.0]]
[2020.11.28-01.15.31:479][  0]LogConfig: Setting CVar [[r.ParticleLightQuality:2]]
[2020.11.28-01.15.31:479][  0]LogConfig: Applying CVar settings from Section [FoliageQuality@3] File [C:/Users/Morgan/Desktop/UnrealAnimationPracticeVids/UnrealAnimationPracticeVids/MyProject/Saved/Config/Windows/Scalability.ini]
[2020.11.28-01.15.31:480][  0]LogConfig: Setting CVar [[foliage.DensityScale:1.0]]
[2020.11.28-01.15.31:480][  0]LogConfig: Setting CVar [[grass.DensityScale:1.0]]
[2020.11.28-01.15.31:480][  0]LogInit: Selected Device Profile: [Windows]
[2020.11.28-01.15.31:480][  0]LogInit: Applying CVar settings loaded from the selected device profile: [Windows]
[2020.11.28-01.15.31:502][  0]LogHAL: Display: Platform has ~ 16 GB [16903135232 / 17179869184 / 16], which maps to Larger [LargestMinGB=32, LargerMinGB=12, DefaultMinGB=8, SmallerMinGB=6, SmallestMinGB=0)
[2020.11.28-01.15.31:502][  0]LogConfig: Setting CVar [[r.Vulkan.UseRealUBs:0		; Required until we fix HLR fall-out]]
[2020.11.28-01.15.31:502][  0]LogInit: Going up to parent DeviceProfile []
[2020.11.28-01.15.31:502][  0]LogConfig: Applying CVar settings from Section [ViewDistanceQuality@3] File [C:/Users/Morgan/Desktop/UnrealAnimationPracticeVids/UnrealAnimationPracticeVids/MyProject/Saved/Config/Windows/Scalability.ini]
[2020.11.28-01.15.31:502][  0]LogConfig: Setting CVar [[r.SkeletalMeshLODBias:0]]
[2020.11.28-01.15.31:502][  0]LogConfig: Setting CVar [[r.ViewDistanceScale:1.0]]
[2020.11.28-01.15.31:503][  0]LogConfig: Applying CVar settings from Section [AntiAliasingQuality@3] File [C:/Users/Morgan/Desktop/UnrealAnimationPracticeVids/UnrealAnimationPracticeVids/MyProject/Saved/Config/Windows/Scalability.ini]
[2020.11.28-01.15.31:503][  0]LogConfig: Setting CVar [[r.PostProcessAAQuality:4]]
[2020.11.28-01.15.31:503][  0]LogConfig: Applying CVar settings from Section [ShadowQuality@3] File [C:/Users/Morgan/Desktop/UnrealAnimationPracticeVids/UnrealAnimationPracticeVids/MyProject/Saved/Config/Windows/Scalability.ini]
[2020.11.28-01.15.31:503][  0]LogConfig: Setting CVar [[r.LightFunctionQuality:1]]
[2020.11.28-01.15.31:503][  0]LogConfig: Setting CVar [[r.ShadowQuality:5]]
[2020.11.28-01.15.31:503][  0]LogConfig: Setting CVar [[r.Shadow.CSM.MaxCascades:10]]
[2020.11.28-01.15.31:503][  0]LogConfig: Setting CVar [[r.Shadow.MaxResolution:2048]]
[2020.11.28-01.15.31:503][  0]LogConfig: Setting CVar [[r.Shadow.MaxCSMResolution:2048]]
[2020.11.28-01.15.31:503][  0]LogConfig: Setting CVar [[r.Shadow.RadiusThreshold:0.01]]
[2020.11.28-01.15.31:504][  0]LogConfig: Setting CVar [[r.Shadow.DistanceScale:1.0]]
[2020.11.28-01.15.31:504][  0]LogConfig: Setting CVar [[r.Shadow.CSM.TransitionScale:1.0]]
[2020.11.28-01.15.31:504][  0]LogConfig: Setting CVar [[r.Shadow.PreShadowResolutionFactor:1.0]]
[2020.11.28-01.15.31:504][  0]LogConfig: Setting CVar [[r.DistanceFieldShadowing:1]]
[2020.11.28-01.15.31:504][  0]LogConfig: Setting CVar [[r.DistanceFieldAO:1]]
[2020.11.28-01.15.31:504][  0]LogConfig: Setting CVar [[r.AOQuality:2]]
[2020.11.28-01.15.31:504][  0]LogConfig: Setting CVar [[r.VolumetricFog:1]]
[2020.11.28-01.15.31:504][  0]LogConfig: Setting CVar [[r.VolumetricFog.GridPixelSize:8]]
[2020.11.28-01.15.31:504][  0]LogConfig: Setting CVar [[r.VolumetricFog.GridSizeZ:128]]
[2020.11.28-01.15.31:505][  0]LogConfig: Setting CVar [[r.VolumetricFog.HistoryMissSupersampleCount:4]]
[2020.11.28-01.15.31:505][  0]LogConfig: Setting CVar [[r.LightMaxDrawDistanceScale:1]]
[2020.11.28-01.15.31:505][  0]LogConfig: Setting CVar [[r.CapsuleShadows:1]]
[2020.11.28-01.15.31:505][  0]LogConfig: Applying CVar settings from Section [PostProcessQuality@3] File [C:/Users/Morgan/Desktop/UnrealAnimationPracticeVids/UnrealAnimationPracticeVids/MyProject/Saved/Config/Windows/Scalability.ini]
[2020.11.28-01.15.31:505][  0]LogConfig: Setting CVar [[r.MotionBlurQuality:4]]
[2020.11.28-01.15.31:505][  0]LogConfig: Setting CVar [[r.AmbientOcclusionMipLevelFactor:0.4]]
[2020.11.28-01.15.31:505][  0]LogConfig: Setting CVar [[r.AmbientOcclusionMaxQuality:100]]
[2020.11.28-01.15.31:506][  0]LogConfig: Setting CVar [[r.AmbientOcclusionLevels:-1]]
[2020.11.28-01.15.31:506][  0]LogConfig: Setting CVar [[r.AmbientOcclusionRadiusScale:1.0]]
[2020.11.28-01.15.31:506][  0]LogConfig: Setting CVar [[r.DepthOfFieldQuality:2]]
[2020.11.28-01.15.31:506][  0]LogConfig: Setting CVar [[r.RenderTargetPoolMin:400]]
[2020.11.28-01.15.31:506][  0]LogConfig: Setting CVar [[r.LensFlareQuality:2]]
[2020.11.28-01.15.31:506][  0]LogConfig: Setting CVar [[r.SceneColorFringeQuality:1]]
[2020.11.28-01.15.31:506][  0]LogConfig: Setting CVar [[r.EyeAdaptationQuality:2]]
[2020.11.28-01.15.31:506][  0]LogConfig: Setting CVar [[r.BloomQuality:5]]
[2020.11.28-01.15.31:507][  0]LogConfig: Setting CVar [[r.FastBlurThreshold:100]]
[2020.11.28-01.15.31:507][  0]LogConfig: Setting CVar [[r.Upscale.Quality:3]]
[2020.11.28-01.15.31:507][  0]LogConfig: Setting CVar [[r.Tonemapper.GrainQuantization:1]]
[2020.11.28-01.15.31:507][  0]LogConfig: Setting CVar [[r.LightShaftQuality:1]]
[2020.11.28-01.15.31:507][  0]LogConfig: Setting CVar [[r.Filter.SizeScale:1]]
[2020.11.28-01.15.31:507][  0]LogConfig: Setting CVar [[r.Tonemapper.Quality:5]]
[2020.11.28-01.15.31:507][  0]LogConfig: Setting CVar [[r.DOF.Gather.AccumulatorQuality:1        ; higher gathering accumulator quality]]
[2020.11.28-01.15.31:507][  0]LogConfig: Setting CVar [[r.DOF.Gather.PostfilterMethod:1          ; Median3x3 postfilering method]]
[2020.11.28-01.15.31:508][  0]LogConfig: Setting CVar [[r.DOF.Gather.EnableBokehSettings:0       ; no bokeh simulation when gathering]]
[2020.11.28-01.15.31:508][  0]LogConfig: Setting CVar [[r.DOF.Gather.RingCount:4                 ; medium number of samples when gathering]]
[2020.11.28-01.15.31:508][  0]LogConfig: Setting CVar [[r.DOF.Scatter.ForegroundCompositing:1    ; additive foreground scattering]]
[2020.11.28-01.15.31:508][  0]LogConfig: Setting CVar [[r.DOF.Scatter.BackgroundCompositing:2    ; additive background scattering]]
[2020.11.28-01.15.31:508][  0]LogConfig: Setting CVar [[r.DOF.Scatter.EnableBokehSettings:1      ; bokeh simulation when scattering]]
[2020.11.28-01.15.31:508][  0]LogConfig: Setting CVar [[r.DOF.Scatter.MaxSpriteRatio:0.1         ; only a maximum of 10% of scattered bokeh]]
[2020.11.28-01.15.31:508][  0]LogConfig: Setting CVar [[r.DOF.Recombine.Quality:1                ; cheap slight out of focus]]
[2020.11.28-01.15.31:508][  0]LogConfig: Setting CVar [[r.DOF.Recombine.EnableBokehSettings:0    ; no bokeh simulation on slight out of focus]]
[2020.11.28-01.15.31:509][  0]LogConfig: Setting CVar [[r.DOF.TemporalAAQuality:1                ; more stable temporal accumulation]]
[2020.11.28-01.15.31:509][  0]LogConfig: Setting CVar [[r.DOF.Kernel.MaxForegroundRadius:0.025]]
[2020.11.28-01.15.31:509][  0]LogConfig: Setting CVar [[r.DOF.Kernel.MaxBackgroundRadius:0.025]]
[2020.11.28-01.15.31:509][  0]LogConfig: Applying CVar settings from Section [TextureQuality@3] File [C:/Users/Morgan/Desktop/UnrealAnimationPracticeVids/UnrealAnimationPracticeVids/MyProject/Saved/Config/Windows/Scalability.ini]
[2020.11.28-01.15.31:509][  0]LogConfig: Setting CVar [[r.Streaming.MipBias:0]]
[2020.11.28-01.15.31:509][  0]LogConfig: Setting CVar [[r.Streaming.AmortizeCPUToGPUCopy:0]]
[2020.11.28-01.15.31:509][  0]LogConfig: Setting CVar [[r.Streaming.MaxNumTexturesToStreamPerFrame:0]]
[2020.11.28-01.15.31:509][  0]LogConfig: Setting CVar [[r.Streaming.Boost:1]]
[2020.11.28-01.15.31:510][  0]LogConfig: Setting CVar [[r.MaxAnisotropy:8]]
[2020.11.28-01.15.31:510][  0]LogConfig: Setting CVar [[r.Streaming.LimitPoolSizeToVRAM:0]]
[2020.11.28-01.15.31:510][  0]LogConfig: Setting CVar [[r.Streaming.PoolSize:1000]]
[2020.11.28-01.15.31:510][  0]LogConfig: Setting CVar [[r.Streaming.MaxEffectiveScreenSize:0]]
[2020.11.28-01.15.31:510][  0]LogConfig: Applying CVar settings from Section [EffectsQuality@3] File [C:/Users/Morgan/Desktop/UnrealAnimationPracticeVids/UnrealAnimationPracticeVids/MyProject/Saved/Config/Windows/Scalability.ini]
[2020.11.28-01.15.31:510][  0]LogConfig: Setting CVar [[r.TranslucencyLightingVolumeDim:64]]
[2020.11.28-01.15.31:510][  0]LogConfig: Setting CVar [[r.RefractionQuality:2]]
[2020.11.28-01.15.31:511][  0]LogConfig: Setting CVar [[r.SSR.Quality:3]]
[2020.11.28-01.15.31:511][  0]LogConfig: Setting CVar [[r.SceneColorFormat:4]]
[2020.11.28-01.15.31:511][  0]LogConfig: Setting CVar [[r.DetailMode:2]]
[2020.11.28-01.15.31:511][  0]LogConfig: Setting CVar [[r.TranslucencyVolumeBlur:1]]
[2020.11.28-01.15.31:511][  0]LogConfig: Setting CVar [[r.MaterialQualityLevel:1 ; High quality]]
[2020.11.28-01.15.31:511][  0]LogConfig: Setting CVar [[r.SSS.Scale:1]]
[2020.11.28-01.15.31:511][  0]LogConfig: Setting CVar [[r.SSS.SampleSet:2]]
[2020.11.28-01.15.31:511][  0]LogConfig: Setting CVar [[r.SSS.Quality:1]]
[2020.11.28-01.15.31:511][  0]LogConfig: Setting CVar [[r.SSS.HalfRes:1]]
[2020.11.28-01.15.31:512][  0]LogConfig: Setting CVar [[r.EmitterSpawnRateScale:1.0]]
[2020.11.28-01.15.31:512][  0]LogConfig: Setting CVar [[r.ParticleLightQuality:2]]
[2020.11.28-01.15.31:512][  0]LogConfig: Applying CVar settings from Section [FoliageQuality@3] File [C:/Users/Morgan/Desktop/UnrealAnimationPracticeVids/UnrealAnimationPracticeVids/MyProject/Saved/Config/Windows/Scalability.ini]
[2020.11.28-01.15.31:512][  0]LogConfig: Setting CVar [[foliage.DensityScale:1.0]]
[2020.11.28-01.15.31:512][  0]LogConfig: Setting CVar [[grass.DensityScale:1.0]]
[2020.11.28-01.15.31:512][  0]LogConfig: Applying CVar settings from Section [Startup] File [../../../Engine/Config/ConsoleVariables.ini]
[2020.11.28-01.15.31:513][  0]LogConfig: Setting CVar [[net.UseAdaptiveNetUpdateFrequency:0]]
[2020.11.28-01.15.31:513][  0]LogConfig: Setting CVar [[p.chaos.AllowCreatePhysxBodies:1]]
[2020.11.28-01.15.31:513][  0]LogConfig: Applying CVar settings from Section [ConsoleVariables] File [C:/Users/Morgan/Desktop/UnrealAnimationPracticeVids/UnrealAnimationPracticeVids/MyProject/Saved/Config/Windows/Engine.ini]
[2020.11.28-01.15.31:513][  0]LogInit: Computer: DESKTOP-MDFF10R
[2020.11.28-01.15.31:513][  0]LogInit: User: Morgan
[2020.11.28-01.15.31:513][  0]LogInit: CPU Page size=4096, Cores=6
[2020.11.28-01.15.31:514][  0]LogInit: High frequency timer resolution =10.000000 MHz
[2020.11.28-01.15.31:514][  0]LogMemory: Memory total: Physical=15.7GB (16GB approx)
[2020.11.28-01.15.31:514][  0]LogMemory: Platform Memory Stats for Windows
[2020.11.28-01.15.31:514][  0]LogMemory: Process Physical Memory: 104.53 MB used, 104.53 MB peak
[2020.11.28-01.15.31:514][  0]LogMemory: Process Virtual Memory: 89.87 MB used, 89.87 MB peak
[2020.11.28-01.15.31:515][  0]LogMemory: Physical Memory: 10594.65 MB used,  5525.43 MB free, 16120.09 MB total
[2020.11.28-01.15.31:515][  0]LogMemory: Virtual Memory: 4660.81 MB used,  134213064.00 MB free, 134217728.00 MB total
[2020.11.28-01.15.31:846][  0]LogInit: Using OS detected language (en-US).
[2020.11.28-01.15.31:846][  0]LogInit: Using OS detected locale (en-GB).
[2020.11.28-01.15.31:847][  0]LogTextLocalizationManager: No specific localization for 'en-US' exists, so the 'en' localization will be used.
[2020.11.28-01.15.32:127][  0]LogInit: Setting process to per monitor DPI aware
[2020.11.28-01.15.32:273][  0]LogSlate: New Slate User Created.  User Index 0, Is Virtual User: 0
[2020.11.28-01.15.32:274][  0]LogSlate: Slate User Registered.  User Index 0, Is Virtual User: 0
[2020.11.28-01.15.32:755][  0]LogHMD: Failed to initialize OpenVR with code 110
[2020.11.28-01.15.32:755][  0]LogD3D11RHI: D3D11 adapters:
[2020.11.28-01.15.32:971][  0]LogD3D11RHI:    0. 'NVIDIA GeForce GTX 1050 Ti with Max-Q Design' (Feature Level 11_0)
[2020.11.28-01.15.32:971][  0]LogD3D11RHI:       4021/0/8060 MB DedicatedVideo/DedicatedSystem/SharedSystem, Outputs:2, VendorId:0x10de
[2020.11.28-01.15.33:010][  0]LogD3D11RHI:    1. 'Intel(R) UHD Graphics 630' (Feature Level 11_0)
[2020.11.28-01.15.33:010][  0]LogD3D11RHI:       128/0/8060 MB DedicatedVideo/DedicatedSystem/SharedSystem, Outputs:0, VendorId:0x8086
[2020.11.28-01.15.33:018][  0]LogD3D11RHI:    2. 'Microsoft Basic Render Driver' (Feature Level 11_0)
[2020.11.28-01.15.33:018][  0]LogD3D11RHI:       0/0/8060 MB DedicatedVideo/DedicatedSystem/SharedSystem, Outputs:0, VendorId:0x1414
[2020.11.28-01.15.33:019][  0]LogD3D11RHI: Chosen D3D11 Adapter: 0
[2020.11.28-01.15.33:085][  0]LogD3D11RHI: Creating new Direct3DDevice
[2020.11.28-01.15.33:085][  0]LogD3D11RHI:     GPU DeviceId: 0x1c8c (for the marketing name, search the web for "GPU Device Id")
[2020.11.28-01.15.33:085][  0]LogWindows: EnumDisplayDevices:
[2020.11.28-01.15.33:085][  0]LogWindows:    0. 'Intel(R) UHD Graphics 630' (P:1 D:1)
[2020.11.28-01.15.33:085][  0]LogWindows:    1. 'Intel(R) UHD Graphics 630' (P:0 D:1)
[2020.11.28-01.15.33:086][  0]LogWindows:    2. 'Intel(R) UHD Graphics 630' (P:0 D:0)
[2020.11.28-01.15.33:087][  0]LogWindows: DebugString: PrimaryIsNotTheChoosenAdapter PrimaryIsNotTheChoosenAdapter PrimaryIsNotTheChoosenAdapter FoundDriverCount:0 
[2020.11.28-01.15.33:087][  0]LogD3D11RHI:     Adapter Name: NVIDIA GeForce GTX 1050 Ti with Max-Q Design
[2020.11.28-01.15.33:087][  0]LogD3D11RHI:   Driver Version: Unknown (internal:Unknown, unified:Unknown)
[2020.11.28-01.15.33:087][  0]LogD3D11RHI:      Driver Date: Unknown
[2020.11.28-01.15.33:087][  0]LogRHI: Texture pool is 2814 MB (70% of 4021 MB)
[2020.11.28-01.15.33:219][  0]LogD3D11RHI: Async texture creation enabled
[2020.11.28-01.15.33:226][  0]LogRendererCore: FGlobalReadBuffer::InitRHI
[2020.11.28-01.15.33:226][  0]LogRendererCore: FGlobalReadBuffer::InitRHI
[2020.11.28-01.15.33:226][  0]LogRendererCore: FGlobalReadBuffer::InitRHI
[2020.11.28-01.15.33:238][  0]LogD3D11RHI: GPU Timing Frequency: 1000.000000 (Debug: 2 1)
[2020.11.28-01.15.33:890][  0]LogTemp: Display: Module 'AllDesktopTargetPlatform' loaded TargetPlatform 'AllDesktop'
[2020.11.28-01.15.33:925][  0]LogTemp: Display: Module 'MacClientTargetPlatform' loaded TargetPlatform 'MacClient'
[2020.11.28-01.15.33:954][  0]LogTemp: Display: Module 'MacNoEditorTargetPlatform' loaded TargetPlatform 'MacNoEditor'
[2020.11.28-01.15.33:981][  0]LogTemp: Display: Module 'MacServerTargetPlatform' loaded TargetPlatform 'MacServer'
[2020.11.28-01.15.34:010][  0]LogTemp: Display: Module 'MacTargetPlatform' loaded TargetPlatform 'Mac'
[2020.11.28-01.15.34:036][  0]LogTemp: Display: Module 'WindowsClientTargetPlatform' loaded TargetPlatform 'WindowsClient'
[2020.11.28-01.15.34:063][  0]LogTemp: Display: Module 'WindowsNoEditorTargetPlatform' loaded TargetPlatform 'WindowsNoEditor'
[2020.11.28-01.15.34:091][  0]LogTemp: Display: Module 'WindowsServerTargetPlatform' loaded TargetPlatform 'WindowsServer'
[2020.11.28-01.15.34:106][  0]LogTemp: Display: Module 'WindowsTargetPlatform' loaded TargetPlatform 'Windows'
[2020.11.28-01.15.34:252][  0]LogTemp: Display: Module 'AndroidTargetPlatform' loaded TargetPlatform 'Android'
[2020.11.28-01.15.34:252][  0]LogTemp: Display: Module 'AndroidTargetPlatform' loaded TargetPlatform 'Android_ASTC'
[2020.11.28-01.15.34:252][  0]LogTemp: Display: Module 'AndroidTargetPlatform' loaded TargetPlatform 'Android_ATC'
[2020.11.28-01.15.34:253][  0]LogTemp: Display: Module 'AndroidTargetPlatform' loaded TargetPlatform 'Android_DXT'
[2020.11.28-01.15.34:253][  0]LogTemp: Display: Module 'AndroidTargetPlatform' loaded TargetPlatform 'Android_ETC1'
[2020.11.28-01.15.34:253][  0]LogTemp: Display: Module 'AndroidTargetPlatform' loaded TargetPlatform 'Android_ETC1a'
[2020.11.28-01.15.34:253][  0]LogTemp: Display: Module 'AndroidTargetPlatform' loaded TargetPlatform 'Android_ETC2'
[2020.11.28-01.15.34:253][  0]LogTemp: Display: Module 'AndroidTargetPlatform' loaded TargetPlatform 'Android_PVRTC'
[2020.11.28-01.15.34:253][  0]LogTemp: Display: Module 'AndroidTargetPlatform' loaded TargetPlatform 'AndroidClient'
[2020.11.28-01.15.34:253][  0]LogTemp: Display: Module 'AndroidTargetPlatform' loaded TargetPlatform 'Android_ASTCClient'
[2020.11.28-01.15.34:254][  0]LogTemp: Display: Module 'AndroidTargetPlatform' loaded TargetPlatform 'Android_ATCClient'
[2020.11.28-01.15.34:254][  0]LogTemp: Display: Module 'AndroidTargetPlatform' loaded TargetPlatform 'Android_DXTClient'
[2020.11.28-01.15.34:254][  0]LogTemp: Display: Module 'AndroidTargetPlatform' loaded TargetPlatform 'Android_ETC1Client'
[2020.11.28-01.15.34:254][  0]LogTemp: Display: Module 'AndroidTargetPlatform' loaded TargetPlatform 'Android_ETC1aClient'
[2020.11.28-01.15.34:254][  0]LogTemp: Display: Module 'AndroidTargetPlatform' loaded TargetPlatform 'Android_ETC2Client'
[2020.11.28-01.15.34:254][  0]LogTemp: Display: Module 'AndroidTargetPlatform' loaded TargetPlatform 'Android_PVRTCClient'
[2020.11.28-01.15.34:254][  0]LogTemp: Display: Module 'AndroidTargetPlatform' loaded TargetPlatform 'Android_Multi'
[2020.11.28-01.15.34:255][  0]LogTemp: Display: Module 'AndroidTargetPlatform' loaded TargetPlatform 'Android_MultiClient'
[2020.11.28-01.15.34:262][  0]LogTemp: Display: Module 'HTML5TargetPlatform' loaded TargetPlatform 'HTML5'
[2020.11.28-01.15.34:352][  0]LogTemp: Display: Module 'IOSTargetPlatform' loaded TargetPlatform 'IOSClient'
[2020.11.28-01.15.34:352][  0]LogTemp: Display: Module 'IOSTargetPlatform' loaded TargetPlatform 'IOS'
[2020.11.28-01.15.34:401][  0]LogTemp: Display: Module 'TVOSTargetPlatform' loaded TargetPlatform 'TVOSClient'
[2020.11.28-01.15.34:402][  0]LogTemp: Display: Module 'TVOSTargetPlatform' loaded TargetPlatform 'TVOS'
[2020.11.28-01.15.34:427][  0]LogTemp: Display: Module 'LinuxClientTargetPlatform' loaded TargetPlatform 'LinuxClient'
[2020.11.28-01.15.34:452][  0]LogTemp: Display: Module 'LinuxNoEditorTargetPlatform' loaded TargetPlatform 'LinuxNoEditor'
[2020.11.28-01.15.34:477][  0]LogTemp: Display: Module 'LinuxServerTargetPlatform' loaded TargetPlatform 'LinuxServer'
[2020.11.28-01.15.34:504][  0]LogTemp: Display: Module 'LinuxTargetPlatform' loaded TargetPlatform 'Linux'
[2020.11.28-01.15.34:596][  0]LogTemp: Display: Module 'LuminTargetPlatform' loaded TargetPlatform 'Lumin'
[2020.11.28-01.15.34:596][  0]LogTemp: Display: Module 'LuminTargetPlatform' loaded TargetPlatform 'LuminClient'
[2020.11.28-01.15.34:596][  0]LogTargetPlatformManager: Display: Building Assets For Windows
[2020.11.28-01.15.34:633][  0]LogAudioDebug: Display: Lib vorbis DLL was dynamically loaded.
[2020.11.28-01.15.34:844][  0]LogShaderCompilers: Guid format shader working directory is -58 characters bigger than the processId version (../../../../../../Users/Morgan/Desktop/UnrealAnimationPracticeVids/UnrealAnimationPracticeVids/MyProject/Intermediate/Shaders/WorkingDirectory/15284/).
[2020.11.28-01.15.34:845][  0]LogShaderCompilers: Cleaned the shader compiler working directory 'C:/Users/Morgan/AppData/Local/Temp/UnrealShaderWorkingDir/DABF98564B58EDABEAC266B868221E69/'.
[2020.11.28-01.15.34:850][  0]LogXGEController: Cleaning working directory: C:/Users/Morgan/AppData/Local/Temp/UnrealXGEWorkingDir/
[2020.11.28-01.15.34:851][  0]LogXGEController: Cannot use XGE Controller as Incredibuild is not installed on this machine.
[2020.11.28-01.15.34:851][  0]LogShaderCompilers: Cannot use XGE Shader Compiler as Incredibuild is not installed on this machine.
[2020.11.28-01.15.34:851][  0]LogShaderCompilers: Display: Using Local Shader Compiler.
[2020.11.28-01.15.35:765][  0]LogDerivedDataCache: Display: Max Cache Size: 512 MB
[2020.11.28-01.15.35:843][  0]LogDerivedDataCache: Loaded boot cache 0.08s 76MB C:/Users/Morgan/AppData/Local/UnrealEngine/4.22/DerivedDataCache/Boot.ddc.
[2020.11.28-01.15.35:844][  0]LogDerivedDataCache: Display: Loaded Boot cache: C:/Users/Morgan/AppData/Local/UnrealEngine/4.22/DerivedDataCache/Boot.ddc
[2020.11.28-01.15.35:844][  0]LogDerivedDataCache: FDerivedDataBackendGraph:  Pak pak cache file ../../../../../../Users/Morgan/Desktop/UnrealAnimationPracticeVids/UnrealAnimationPracticeVids/MyProject/DerivedDataCache/DDC.ddp not found, will not use a pak cache.
[2020.11.28-01.15.35:844][  0]LogDerivedDataCache: Unable to find inner node Pak for hierarchical cache Hierarchy.
[2020.11.28-01.15.35:845][  0]LogDerivedDataCache: FDerivedDataBackendGraph:  CompressedPak pak cache file ../../../../../../Users/Morgan/Desktop/UnrealAnimationPracticeVids/UnrealAnimationPracticeVids/MyProject/DerivedDataCache/Compressed.ddp not found, will not use a pak cache.
[2020.11.28-01.15.35:845][  0]LogDerivedDataCache: Unable to find inner node CompressedPak for hierarchical cache Hierarchy.
[2020.11.28-01.15.35:865][  0]LogDerivedDataCache: Display: Pak cache opened for reading ../../../Engine/DerivedDataCache/Compressed.ddp.
[2020.11.28-01.15.35:865][  0]LogDerivedDataCache: FDerivedDataBackendGraph:  EnterprisePak pak cache file ../../../Enterprise/DerivedDataCache/Compressed.ddp not found, will not use a pak cache.
[2020.11.28-01.15.35:865][  0]LogDerivedDataCache: Unable to find inner node EnterprisePak for hierarchical cache Hierarchy.
[2020.11.28-01.15.35:880][  0]LogDerivedDataCache: Using Local data cache path C:/Users/Morgan/AppData/Local/UnrealEngine/Common/DerivedDataCache: Writable
[2020.11.28-01.15.35:881][  0]LogDerivedDataCache: Shared data cache path not found in *engine.ini, will not use an Shared cache.
[2020.11.28-01.15.35:881][  0]LogDerivedDataCache: Unable to find inner node Shared for hierarchical cache Hierarchy.
[2020.11.28-01.15.35:918][  0]LogMaterial: Verifying Global Shaders for PCD3D_SM5
[2020.11.28-01.15.35:920][  0]LogSlate: Using FreeType 2.6.0
[2020.11.28-01.15.35:921][  0]LogSlate: SlateFontServices - WITH_FREETYPE: 1, WITH_HARFBUZZ: 1
[2020.11.28-01.15.36:056][  0]LogAssetRegistry: FAssetRegistry took 0.0472 seconds to start up
[2020.11.28-01.15.36:669][  0]LogInit: Selected Device Profile: [Windows]
[2020.11.28-01.15.36:934][  0]LogMeshReduction: Using QuadricMeshReduction for automatic static mesh reduction
[2020.11.28-01.15.36:935][  0]LogMeshReduction: Using SimplygonMeshReduction for automatic skeletal mesh reduction
[2020.11.28-01.15.36:935][  0]LogMeshReduction: Using ProxyLODMeshReduction for automatic mesh merging
[2020.11.28-01.15.36:935][  0]LogMeshReduction: No distributed automatic mesh merging module available
[2020.11.28-01.15.36:935][  0]LogMeshMerging: No distributed automatic mesh merging module available
[2020.11.28-01.15.36:951][  0]LogNetVersion: MyProject 1.0.0, NetCL: 5660361, EngineNetVer: 10, GameNetVer: 0 (Checksum: 2788865488)
[2020.11.28-01.15.37:639][  0]LogPackageLocalizationCache: Processed 10 localized package path(s) for 1 prioritized culture(s) in 0.077583 seconds
[2020.11.28-01.15.37:648][  0]LogUObjectArray: 42205 objects as part of root set at end of initial load.
[2020.11.28-01.15.37:648][  0]LogUObjectAllocator: 7325032 out of 0 bytes used by permanent object pool.
[2020.11.28-01.15.37:648][  0]LogUObjectArray: CloseDisregardForGC: 0/0 objects in disregard for GC pool
[2020.11.28-01.15.39:382][  0]LogTcpMessaging: Initializing TcpMessaging bridge
[2020.11.28-01.15.39:406][  0]LogUdpMessaging: Initializing bridge on interface 0.0.0.0:0 to multicast group 230.0.0.1:6666.
[2020.11.28-01.15.39:991][  0]SourceControl: Source control is disabled
[2020.11.28-01.15.39:992][  0]SourceControl: Source control is disabled
[2020.11.28-01.15.39:997][  0]SourceControl: Source control is disabled
[2020.11.28-01.15.40:001][  0]SourceControl: Source control is disabled
[2020.11.28-01.15.40:257][  0]LogAndroidPermission: UAndroidPermissionCallbackProxy::GetInstance
[2020.11.28-01.15.40:618][  0]LogOcInput: OculusInput pre-init called
[2020.11.28-01.15.41:766][  0]LogEngine: Initializing Engine...
[2020.11.28-01.15.41:768][  0]LogHMD: Failed to initialize OpenVR with code 110
[2020.11.28-01.15.41:769][  0]LogStats: UGameplayTagsManager::InitializeManager -  0.000 s
[2020.11.28-01.15.42:111][  0]LogInit: Initializing FReadOnlyCVARCache
[2020.11.28-01.15.42:134][  0]LogAIModule: Creating AISystem for world Untitled
[2020.11.28-01.15.42:195][  0]LogInit: XAudio2 using 'Headphones (HD 4.40BT Stereo)' : 2 channels at 44.1 kHz using 16 bits per sample (channel mask 0x3)
[2020.11.28-01.15.42:249][  0]LogInit: FAudioDevice initialized.
[2020.11.28-01.15.42:250][  0]LogNetVersion: Set ProjectVersion to 1.0.0.0. Version Checksum will be recalculated on next use.
[2020.11.28-01.15.42:346][  0]LogDerivedDataCache: Saved boot cache 0.10s 76MB C:/Users/Morgan/AppData/Local/UnrealEngine/4.22/DerivedDataCache/Boot.ddc.
[2020.11.28-01.15.42:349][  0]LogInit: Texture streaming: Enabled
[2020.11.28-01.15.42:391][  0]LogEngineSessionManager: EngineSessionManager initialized
[2020.11.28-01.15.42:427][  0]LogInit: Transaction tracking system initialized
[2020.11.28-01.15.42:494][  0]BlueprintLog: New page: Editor Load
[2020.11.28-01.15.42:723][  0]LocalizationService: Localization service is disabled
[2020.11.28-01.15.43:268][  0]LogFileCache: Scanning file cache for directory 'C:/Users/Morgan/Desktop/UnrealAnimationPracticeVids/UnrealAnimationPracticeVids/MyProject/Content/' took 0.02s
[2020.11.28-01.15.43:268][  0]LogCook: Display: Max memory allowance for cook 16384mb min free memory 0mb
[2020.11.28-01.15.43:269][  0]LogCook: Display: Mobile HDR setting 1
[2020.11.28-01.15.43:693][  0]SourceControl: Source control is disabled
[2020.11.28-01.15.43:696][  0]LightingResults: New page: Lighting Build
[2020.11.28-01.15.43:701][  0]MapCheck: New page: Map Check
[2020.11.28-01.15.43:701][  0]LightingResults: New page: Lighting Build
[2020.11.28-01.15.43:749][  0]LogUObjectHash: Compacting FUObjectHashTables data took   3.10ms
[2020.11.28-01.15.43:929][  0]LogAIModule: Creating AISystem for world ThirdPersonExampleMap
[2020.11.28-01.15.43:943][  0]LogEditorServer: Finished looking for orphan Actors (0.000 secs)
[2020.11.28-01.15.43:999][  0]LogUObjectHash: Compacting FUObjectHashTables data took   3.51ms
[2020.11.28-01.15.44:000][  0]Cmd: MAP CHECKDEP NOCLEARLOG
[2020.11.28-01.15.44:000][  0]MapCheck: Map check complete: 0 Error(s), 0 Warning(s), took 0.348ms to complete.
[2020.11.28-01.15.44:000][  0]LogFileHelpers: Loading map 'ThirdPersonExampleMap' took 0.306
[2020.11.28-01.15.44:291][  0]LogSlate: Updating window title bar state: overlay mode, drag disabled, window buttons hidden, title bar hidden
[2020.11.28-01.15.44:306][  0]LogSlate: Updating window title bar state: overlay mode, drag disabled, window buttons hidden, title bar hidden
[2020.11.28-01.15.44:318][  0]LogSlate: Updating window title bar state: overlay mode, drag disabled, window buttons hidden, title bar hidden
[2020.11.28-01.15.44:330][  0]LogSlate: Updating window title bar state: overlay mode, drag disabled, window buttons hidden, title bar hidden
[2020.11.28-01.15.44:345][  0]LogCollectionManager: Loaded 0 collections in 0.004051 seconds
[2020.11.28-01.15.44:367][  0]LogFileCache: Scanning file cache for directory 'C:/Users/Morgan/Desktop/UnrealAnimationPracticeVids/UnrealAnimationPracticeVids/MyProject/Saved/Collections/' took 0.01s
[2020.11.28-01.15.44:367][  0]LogFileCache: Scanning file cache for directory 'C:/Users/Morgan/Desktop/UnrealAnimationPracticeVids/UnrealAnimationPracticeVids/MyProject/Content/Developers/Morgan/Collections/' took 0.00s
[2020.11.28-01.15.44:367][  0]LogFileCache: Scanning file cache for directory 'C:/Users/Morgan/Desktop/UnrealAnimationPracticeVids/UnrealAnimationPracticeVids/MyProject/Content/Collections/' took 0.00s
[2020.11.28-01.15.44:367][  0]LogCollectionManager: Rebuilt the GUID cache for 0 collections in 0.000001 seconds
[2020.11.28-01.15.44:384][  0]LogContentBrowser: Native class hierarchy populated in 0.0161 seconds. Added 2748 classes and 667 folders.
[2020.11.28-01.15.44:398][  0]LogContentBrowser: Native class hierarchy updated for 'WidgetCarousel' in 0.0032 seconds. Added 0 classes and 0 folders.
[2020.11.28-01.15.44:401][  0]LogPakFile: Registered encryption key '00000000000000000000000000000000': 0 pak files mounted, 0 remain pending
[2020.11.28-01.15.44:402][  0]LogPakFile: Registered encryption key '00000000000000000000000000000000': 0 pak files mounted, 0 remain pending
[2020.11.28-01.15.44:404][  0]LogPakFile: Registered encryption key '00000000000000000000000000000000': 0 pak files mounted, 0 remain pending
[2020.11.28-01.15.44:406][  0]LogPakFile: Registered encryption key '00000000000000000000000000000000': 0 pak files mounted, 0 remain pending
[2020.11.28-01.15.44:407][  0]LogPakFile: Registered encryption key '00000000000000000000000000000000': 0 pak files mounted, 0 remain pending
[2020.11.28-01.15.44:408][  0]LogPakFile: Registered encryption key '00000000000000000000000000000000': 0 pak files mounted, 0 remain pending
[2020.11.28-01.15.44:409][  0]LogPakFile: Registered encryption key '00000000000000000000000000000000': 0 pak files mounted, 0 remain pending
[2020.11.28-01.15.44:410][  0]LogPakFile: Registered encryption key '00000000000000000000000000000000': 0 pak files mounted, 0 remain pending
[2020.11.28-01.15.44:411][  0]LogPakFile: Registered encryption key '00000000000000000000000000000000': 0 pak files mounted, 0 remain pending
[2020.11.28-01.15.44:412][  0]LogPakFile: Registered encryption key '00000000000000000000000000000000': 0 pak files mounted, 0 remain pending
[2020.11.28-01.15.44:413][  0]LogPakFile: Registered encryption key '00000000000000000000000000000000': 0 pak files mounted, 0 remain pending
[2020.11.28-01.15.44:414][  0]LogPakFile: Registered encryption key '00000000000000000000000000000000': 0 pak files mounted, 0 remain pending
[2020.11.28-01.15.44:415][  0]LogPakFile: Registered encryption key '00000000000000000000000000000000': 0 pak files mounted, 0 remain pending
[2020.11.28-01.15.44:416][  0]LogPakFile: Registered encryption key '00000000000000000000000000000000': 0 pak files mounted, 0 remain pending
[2020.11.28-01.15.44:417][  0]LogPakFile: Registered encryption key '00000000000000000000000000000000': 0 pak files mounted, 0 remain pending
[2020.11.28-01.15.44:419][  0]LogPakFile: Registered encryption key '00000000000000000000000000000000': 0 pak files mounted, 0 remain pending
[2020.11.28-01.15.44:420][  0]LogPakFile: Registered encryption key '00000000000000000000000000000000': 0 pak files mounted, 0 remain pending
[2020.11.28-01.15.44:421][  0]LogPakFile: Registered encryption key '00000000000000000000000000000000': 0 pak files mounted, 0 remain pending
[2020.11.28-01.15.44:422][  0]LogPakFile: Registered encryption key '00000000000000000000000000000000': 0 pak files mounted, 0 remain pending
[2020.11.28-01.15.44:423][  0]LogPakFile: Registered encryption key '00000000000000000000000000000000': 0 pak files mounted, 0 remain pending
[2020.11.28-01.15.44:424][  0]LogPakFile: Registered encryption key '00000000000000000000000000000000': 0 pak files mounted, 0 remain pending
[2020.11.28-01.15.44:425][  0]LogPakFile: Registered encryption key '00000000000000000000000000000000': 0 pak files mounted, 0 remain pending
[2020.11.28-01.15.44:426][  0]LogPakFile: Registered encryption key '00000000000000000000000000000000': 0 pak files mounted, 0 remain pending
[2020.11.28-01.15.44:427][  0]LogPakFile: Registered encryption key '00000000000000000000000000000000': 0 pak files mounted, 0 remain pending
[2020.11.28-01.15.44:427][  0]LogPakFile: Registered encryption key '00000000000000000000000000000000': 0 pak files mounted, 0 remain pending
[2020.11.28-01.15.44:428][  0]LogPakFile: Registered encryption key '00000000000000000000000000000000': 0 pak files mounted, 0 remain pending
[2020.11.28-01.15.44:487][  0]LogContentBrowser: Native class hierarchy updated for 'AddContentDialog' in 0.0006 seconds. Added 0 classes and 0 folders.
[2020.11.28-01.15.44:503][  0]LogContentBrowser: Native class hierarchy updated for 'SceneOutliner' in 0.0006 seconds. Added 1 classes and 2 folders.
[2020.11.28-01.15.44:537][  0]LogSlate: Took 0.000431 seconds to synchronously load lazily loaded font '../../../Engine/Content/Slate/Fonts/Roboto-Regular.ttf' (155K)
[2020.11.28-01.15.44:546][  0]LogSlate: Took 0.000422 seconds to synchronously load lazily loaded font '../../../Engine/Content/Slate/Fonts/Roboto-Bold.ttf' (160K)
[2020.11.28-01.15.44:550][  0]LogSlate: Took 0.000218 seconds to synchronously load lazily loaded font '../../../Engine/Content/Editor/Slate/Fonts/FontAwesome.ttf' (139K)
[2020.11.28-01.15.44:657][  0]LogRenderer: Reallocating scene render targets to support 1224x436 Format 10 NumSamples 1 (Frame:1).
[2020.11.28-01.15.44:896][  0]LogContentBrowser: Native class hierarchy updated for 'HierarchicalLODOutliner' in 0.0007 seconds. Added 0 classes and 0 folders.
[2020.11.28-01.15.44:896][  0]LogLoad: (Engine Initialization) Total time: 17.44 seconds
[2020.11.28-01.15.44:897][  0]LogLoad: (Engine Initialization) Total Blueprint compile time: 0.00 seconds
[2020.11.28-01.15.44:954][  0]LogAssetRegistry: Asset discovery search completed in 8.9242 seconds
[2020.11.28-01.15.44:958][  0]LogCollectionManager: Rebuilt the object cache for 0 collections in 0.000000 seconds (found 0 objects)
[2020.11.28-01.15.44:958][  0]LogCollectionManager: Fixed up redirectors for 0 collections in 0.000678 seconds (updated 0 objects)
[2020.11.28-01.15.44:960][  0]LogContentStreaming: Texture pool size now 1000 MB
[2020.11.28-01.15.45:005][  0]LogSlate: Took 0.000235 seconds to synchronously load lazily loaded font '../../../Engine/Content/Slate/Fonts/Roboto-Light.ttf' (167K)
[2020.11.28-01.15.48:098][116]LogRenderer: Reallocating scene render targets to support 1528x572 Format 10 NumSamples 1 (Frame:119).
[2020.11.28-01.15.50:232][231]LogSlate: FSceneViewport::OnFocusLost() reason 0
[2020.11.28-01.15.51:736][315]LogTemp: IOS device listing is disabled (to many failed attempts)!
[2020.11.28-01.15.52:845][372]LogTemp: Repeating last play command: New Editor Window (PIE)
[2020.11.28-01.15.52:866][372]LogBlueprintUserMessages: Early PlayInEditor Detection: Level '/Game/ThirdPersonCPP/Maps/ThirdPersonExampleMap.ThirdPersonExampleMap:PersistentLevel' has LevelScriptBlueprint '/Game/ThirdPersonCPP/Maps/ThirdPersonExampleMap.ThirdPersonExampleMap:PersistentLevel.ThirdPersonExampleMap' with GeneratedClass '/Game/ThirdPersonCPP/Maps/ThirdPersonExampleMap.ThirdPersonExampleMap_C' with ClassGeneratedBy '/Game/ThirdPersonCPP/Maps/ThirdPersonExampleMap.ThirdPersonExampleMap:PersistentLevel.ThirdPersonExampleMap'
[2020.11.28-01.15.52:867][372]LogPlayLevel: PlayLevel: No blueprints needed recompiling
[2020.11.28-01.15.52:870][372]PIE: New page: PIE session: ThirdPersonExampleMap (28 Nov 2020 01:15:52)
[2020.11.28-01.15.52:887][372]LogPlayLevel: Creating play world package: /Game/ThirdPersonCPP/Maps/UEDPIE_0_ThirdPersonExampleMap
[2020.11.28-01.15.52:910][372]LogPlayLevel: PIE: StaticDuplicateObject took: (0.022069s)
[2020.11.28-01.15.52:912][372]LogAIModule: Creating AISystem for world ThirdPersonExampleMap
[2020.11.28-01.15.52:912][372]LogPlayLevel: PIE: World Init took: (0.001989s)
[2020.11.28-01.15.52:913][372]LogPlayLevel: PIE: Created PIE world by copying editor world from /Game/ThirdPersonCPP/Maps/ThirdPersonExampleMap.ThirdPersonExampleMap to /Game/ThirdPersonCPP/Maps/UEDPIE_0_ThirdPersonExampleMap.ThirdPersonExampleMap (0.025367s)
[2020.11.28-01.15.52:962][372]LogUObjectHash: Compacting FUObjectHashTables data took   1.61ms
[2020.11.28-01.15.52:991][372]LogInit: XAudio2 using 'Headphones (HD 4.40BT Stereo)' : 2 channels at 44.1 kHz using 16 bits per sample (channel mask 0x3)
[2020.11.28-01.15.53:011][372]LogInit: FAudioDevice initialized.
[2020.11.28-01.15.53:052][372]LogSlate: Updating window title bar state: overlay mode, drag disabled, window buttons hidden, title bar hidden
[2020.11.28-01.15.53:119][372]LogLoad: Game class is 'BP_GameMode_C'
[2020.11.28-01.15.53:124][372]LogWorld: Bringing World /Game/ThirdPersonCPP/Maps/UEDPIE_0_ThirdPersonExampleMap.ThirdPersonExampleMap up for play (max tick rate 60) at 2020.11.28-01.15.53
[2020.11.28-01.15.53:126][372]LogWorld: Bringing up level for play took: 0.004123
[2020.11.28-01.15.53:154][372]LogContentBrowser: Native class hierarchy updated for 'MovieSceneCapture' in 0.0010 seconds. Added 20 classes and 0 folders.
[2020.11.28-01.15.53:159][372]PIE: Play in editor start time for /Game/ThirdPersonCPP/Maps/UEDPIE_0_ThirdPersonExampleMap -0.701
[2020.11.28-01.15.53:160][372]LogBlueprintUserMessages: Late PlayInEditor Detection: Level '/Game/ThirdPersonCPP/Maps/ThirdPersonExampleMap.ThirdPersonExampleMap:PersistentLevel' has LevelScriptBlueprint '/Game/ThirdPersonCPP/Maps/ThirdPersonExampleMap.ThirdPersonExampleMap:PersistentLevel.ThirdPersonExampleMap' with GeneratedClass '/Game/ThirdPersonCPP/Maps/ThirdPersonExampleMap.ThirdPersonExampleMap_C' with ClassGeneratedBy '/Game/ThirdPersonCPP/Maps/ThirdPersonExampleMap.ThirdPersonExampleMap:PersistentLevel.ThirdPersonExampleMap'
[2020.11.28-01.15.53:205][373]LogRenderer: Reallocating scene render targets to support 1528x688 Format 10 NumSamples 1 (Frame:1).
[2020.11.28-01.16.45:134][483]LogBlueprintUserMessages: Early EndPlayMap Detection: Level '/Game/ThirdPersonCPP/Maps/ThirdPersonExampleMap.ThirdPersonExampleMap:PersistentLevel' has LevelScriptBlueprint '/Game/ThirdPersonCPP/Maps/ThirdPersonExampleMap.ThirdPersonExampleMap:PersistentLevel.ThirdPersonExampleMap' with GeneratedClass '/Game/ThirdPersonCPP/Maps/ThirdPersonExampleMap.ThirdPersonExampleMap_C' with ClassGeneratedBy '/Game/ThirdPersonCPP/Maps/ThirdPersonExampleMap.ThirdPersonExampleMap:PersistentLevel.ThirdPersonExampleMap'
[2020.11.28-01.16.45:135][483]LogSlate: Updating window title bar state: overlay mode, drag disabled, window buttons hidden, title bar hidden
[2020.11.28-01.16.45:157][483]LogSlate: Window 'MyProject Game Preview Standalone (64-bit/PCD3D_SM5)' being destroyed
[2020.11.28-01.16.45:221][483]LogPlayLevel: Display: Shutting down PIE online subsystems
[2020.11.28-01.16.45:222][483]LogBlueprintUserMessages: Late EndPlayMap Detection: Level '/Game/ThirdPersonCPP/Maps/ThirdPersonExampleMap.ThirdPersonExampleMap:PersistentLevel' has LevelScriptBlueprint '/Game/ThirdPersonCPP/Maps/ThirdPersonExampleMap.ThirdPersonExampleMap:PersistentLevel.ThirdPersonExampleMap' with GeneratedClass '/Game/ThirdPersonCPP/Maps/ThirdPersonExampleMap.ThirdPersonExampleMap_C' with ClassGeneratedBy '/Game/ThirdPersonCPP/Maps/ThirdPersonExampleMap.ThirdPersonExampleMap:PersistentLevel.ThirdPersonExampleMap'
[2020.11.28-01.16.45:280][483]LogUObjectHash: Compacting FUObjectHashTables data took   2.10ms
[2020.11.28-01.16.45:313][484]LogPlayLevel: Display: Destroying online subsystem :Context_2
